[5.946s] Invoking command in '/home/schni2zle/colcon_ws/src/behaviours/smarc_bt': PYTHONPATH=/home/schni2zle/colcon_ws/src/build/smarc_bt/prefix_override:/usr/lib/python3/dist-packages/colcon_core/task/python/colcon_distutils_commands:/home/schni2zle/colcon_ws/src/install/smarc_bt/lib/python3.10/site-packages:${PYTHONPATH} /usr/bin/python3 -W ignore:setup.py install is deprecated setup.py egg_info --egg-base ../../build/smarc_bt build --build-base /home/schni2zle/colcon_ws/src/build/smarc_bt/build install --record /home/schni2zle/colcon_ws/src/build/smarc_bt/install.log --single-version-externally-managed install_data
[7.083s] running egg_info
[7.086s] writing ../../build/smarc_bt/smarc_bt.egg-info/PKG-INFO
[7.088s] writing dependency_links to ../../build/smarc_bt/smarc_bt.egg-info/dependency_links.txt
[7.088s] writing entry points to ../../build/smarc_bt/smarc_bt.egg-info/entry_points.txt
[7.088s] writing requirements to ../../build/smarc_bt/smarc_bt.egg-info/requires.txt
[7.088s] writing top-level names to ../../build/smarc_bt/smarc_bt.egg-info/top_level.txt
[7.095s] reading manifest file '../../build/smarc_bt/smarc_bt.egg-info/SOURCES.txt'
[7.096s] adding license file 'LICENSE'
[7.098s] writing manifest file '../../build/smarc_bt/smarc_bt.egg-info/SOURCES.txt'
[7.098s] running build
[7.099s] running build_py
[7.105s] running install
[7.106s] running install_lib
[7.115s] running install_data
[7.115s] running install_egg_info
[7.122s] removing '/home/schni2zle/colcon_ws/src/install/smarc_bt/lib/python3.10/site-packages/smarc_bt-0.0.0-py3.10.egg-info' (and everything under it)
[7.123s] Copying ../../build/smarc_bt/smarc_bt.egg-info to /home/schni2zle/colcon_ws/src/install/smarc_bt/lib/python3.10/site-packages/smarc_bt-0.0.0-py3.10.egg-info
[7.129s] running install_scripts
[7.203s] Installing send_test_mission script to /home/schni2zle/colcon_ws/src/install/smarc_bt/lib/smarc_bt
[7.203s] Installing smarc_bt script to /home/schni2zle/colcon_ws/src/install/smarc_bt/lib/smarc_bt
[7.204s] Installing test_bt_conditions script to /home/schni2zle/colcon_ws/src/install/smarc_bt/lib/smarc_bt
[7.204s] Installing test_dubins_planner_caller script to /home/schni2zle/colcon_ws/src/install/smarc_bt/lib/smarc_bt
[7.204s] Installing test_ros_vehicle script to /home/schni2zle/colcon_ws/src/install/smarc_bt/lib/smarc_bt
[7.205s] Installing test_sam_auv script to /home/schni2zle/colcon_ws/src/install/smarc_bt/lib/smarc_bt
[7.208s] writing list of installed files to '/home/schni2zle/colcon_ws/src/build/smarc_bt/install.log'
[8.140s] Invoked command in '/home/schni2zle/colcon_ws/src/behaviours/smarc_bt' returned '0': PYTHONPATH=/home/schni2zle/colcon_ws/src/build/smarc_bt/prefix_override:/usr/lib/python3/dist-packages/colcon_core/task/python/colcon_distutils_commands:/home/schni2zle/colcon_ws/src/install/smarc_bt/lib/python3.10/site-packages:${PYTHONPATH} /usr/bin/python3 -W ignore:setup.py install is deprecated setup.py egg_info --egg-base ../../build/smarc_bt build --build-base /home/schni2zle/colcon_ws/src/build/smarc_bt/build install --record /home/schni2zle/colcon_ws/src/build/smarc_bt/install.log --single-version-externally-managed install_data
