[0.115s] Invoking command in '/home/schni2zle/colcon_ws/src/build/smarc_msgs': CMAKE_PREFIX_PATH=${CMAKE_PREFIX_PATH}:/home/schni2zle/colcon_ws/src/install/workshopfun:/home/schni2zle/colcon_ws/src/install/utm_latlon_converter:/home/schni2zle/colcon_ws/src/install/test_package:/home/schni2zle/colcon_ws/src/install/state_estimation:/home/schni2zle/colcon_ws/src/install/smarc_nodered:/home/schni2zle/colcon_ws/src/install/smarc_bt:/home/schni2zle/colcon_ws/src/install/smarc_bringups:/home/schni2zle/colcon_ws/src/install/sam_dead_reckoning:/home/schni2zle/colcon_ws/src/install/ros_tcp_endpoint:/home/schni2zle/colcon_ws/src/install/ros2_python_examples:/home/schni2zle/colcon_ws/src/install/quadrotor_basic_controller:/home/schni2zle/colcon_ws/src/install/mqtt_bridge:/home/schni2zle/colcon_ws/src/install/dubins_planner:/home/schni2zle/colcon_ws/src/install/dive_control:/home/schni2zle/colcon_ws/src/install/basic_go_to_waypoint:/home/schni2zle/colcon_ws/src/install/basic_depth_pitch_control:/home/schni2zle/colcon_ws/install/workshopfun:/home/schni2zle/colcon_ws/install/utm_latlon_converter:/home/schni2zle/colcon_ws/install/smarc_nodered:/home/schni2zle/colcon_ws/install/smarc_bt:/home/schni2zle/colcon_ws/install/smarc_bringups:/home/schni2zle/colcon_ws/install/sam_dead_reckoning:/home/schni2zle/colcon_ws/install/ros_tcp_endpoint:/home/schni2zle/colcon_ws/install/ros2_python_examples:/home/schni2zle/colcon_ws/install/mqtt_bridge:/home/schni2zle/colcon_ws/install/dubins_planner:/home/schni2zle/colcon_ws/install/basic_go_to_waypoint:/opt/ros/humble /usr/bin/cmake --build /home/schni2zle/colcon_ws/src/build/smarc_msgs -- -j8 -l8
[2.723s] [  0%] Built target smarc_msgs__cpp
[2.723s] [ 12%] Built target smarc_msgs__rosidl_generator_c
[2.723s] [ 12%] Built target ament_cmake_python_copy_smarc_msgs
[2.723s] [ 24%] Built target smarc_msgs__rosidl_typesupport_c
[2.724s] [ 36%] Built target smarc_msgs__rosidl_typesupport_cpp
[2.724s] [ 48%] Built target smarc_msgs__rosidl_typesupport_fastrtps_cpp
[2.724s] [ 61%] Built target smarc_msgs__rosidl_typesupport_introspection_c
[2.724s] [ 73%] Built target smarc_msgs__rosidl_typesupport_fastrtps_c
[2.724s] [ 86%] Built target smarc_msgs__rosidl_typesupport_introspection_cpp
[2.724s] [ 86%] Built target smarc_msgs
[2.725s] [ 86%] Built target smarc_msgs__py
[2.725s] [ 98%] Built target smarc_msgs__rosidl_generator_py
[2.725s] [ 99%] Built target smarc_msgs__rosidl_typesupport_fastrtps_c__pyext
[2.725s] [100%] Built target smarc_msgs__rosidl_typesupport_c__pyext
[2.725s] [100%] Built target smarc_msgs__rosidl_typesupport_introspection_c__pyext
[2.725s] running egg_info
[2.726s] writing smarc_msgs.egg-info/PKG-INFO
[2.726s] writing dependency_links to smarc_msgs.egg-info/dependency_links.txt
[2.726s] writing top-level names to smarc_msgs.egg-info/top_level.txt
[2.726s] reading manifest file 'smarc_msgs.egg-info/SOURCES.txt'
[2.726s] writing manifest file 'smarc_msgs.egg-info/SOURCES.txt'
[2.726s] [100%] Built target ament_cmake_python_build_smarc_msgs_egg
[2.729s] Invoked command in '/home/schni2zle/colcon_ws/src/build/smarc_msgs' returned '0': CMAKE_PREFIX_PATH=${CMAKE_PREFIX_PATH}:/home/schni2zle/colcon_ws/src/install/workshopfun:/home/schni2zle/colcon_ws/src/install/utm_latlon_converter:/home/schni2zle/colcon_ws/src/install/test_package:/home/schni2zle/colcon_ws/src/install/state_estimation:/home/schni2zle/colcon_ws/src/install/smarc_nodered:/home/schni2zle/colcon_ws/src/install/smarc_bt:/home/schni2zle/colcon_ws/src/install/smarc_bringups:/home/schni2zle/colcon_ws/src/install/sam_dead_reckoning:/home/schni2zle/colcon_ws/src/install/ros_tcp_endpoint:/home/schni2zle/colcon_ws/src/install/ros2_python_examples:/home/schni2zle/colcon_ws/src/install/quadrotor_basic_controller:/home/schni2zle/colcon_ws/src/install/mqtt_bridge:/home/schni2zle/colcon_ws/src/install/dubins_planner:/home/schni2zle/colcon_ws/src/install/dive_control:/home/schni2zle/colcon_ws/src/install/basic_go_to_waypoint:/home/schni2zle/colcon_ws/src/install/basic_depth_pitch_control:/home/schni2zle/colcon_ws/install/workshopfun:/home/schni2zle/colcon_ws/install/utm_latlon_converter:/home/schni2zle/colcon_ws/install/smarc_nodered:/home/schni2zle/colcon_ws/install/smarc_bt:/home/schni2zle/colcon_ws/install/smarc_bringups:/home/schni2zle/colcon_ws/install/sam_dead_reckoning:/home/schni2zle/colcon_ws/install/ros_tcp_endpoint:/home/schni2zle/colcon_ws/install/ros2_python_examples:/home/schni2zle/colcon_ws/install/mqtt_bridge:/home/schni2zle/colcon_ws/install/dubins_planner:/home/schni2zle/colcon_ws/install/basic_go_to_waypoint:/opt/ros/humble /usr/bin/cmake --build /home/schni2zle/colcon_ws/src/build/smarc_msgs -- -j8 -l8
[5.421s] Invoking command in '/home/schni2zle/colcon_ws/src/build/smarc_msgs': CMAKE_PREFIX_PATH=${CMAKE_PREFIX_PATH}:/home/schni2zle/colcon_ws/src/install/workshopfun:/home/schni2zle/colcon_ws/src/install/utm_latlon_converter:/home/schni2zle/colcon_ws/src/install/test_package:/home/schni2zle/colcon_ws/src/install/state_estimation:/home/schni2zle/colcon_ws/src/install/smarc_nodered:/home/schni2zle/colcon_ws/src/install/smarc_bt:/home/schni2zle/colcon_ws/src/install/smarc_bringups:/home/schni2zle/colcon_ws/src/install/sam_dead_reckoning:/home/schni2zle/colcon_ws/src/install/ros_tcp_endpoint:/home/schni2zle/colcon_ws/src/install/ros2_python_examples:/home/schni2zle/colcon_ws/src/install/quadrotor_basic_controller:/home/schni2zle/colcon_ws/src/install/mqtt_bridge:/home/schni2zle/colcon_ws/src/install/dubins_planner:/home/schni2zle/colcon_ws/src/install/dive_control:/home/schni2zle/colcon_ws/src/install/basic_go_to_waypoint:/home/schni2zle/colcon_ws/src/install/basic_depth_pitch_control:/home/schni2zle/colcon_ws/install/workshopfun:/home/schni2zle/colcon_ws/install/utm_latlon_converter:/home/schni2zle/colcon_ws/install/smarc_nodered:/home/schni2zle/colcon_ws/install/smarc_bt:/home/schni2zle/colcon_ws/install/smarc_bringups:/home/schni2zle/colcon_ws/install/sam_dead_reckoning:/home/schni2zle/colcon_ws/install/ros_tcp_endpoint:/home/schni2zle/colcon_ws/install/ros2_python_examples:/home/schni2zle/colcon_ws/install/mqtt_bridge:/home/schni2zle/colcon_ws/install/dubins_planner:/home/schni2zle/colcon_ws/install/basic_go_to_waypoint:/opt/ros/humble /usr/bin/cmake --install /home/schni2zle/colcon_ws/src/build/smarc_msgs
[5.528s] -- Install configuration: ""
[5.528s] -- Up-to-date: /home/schni2zle/colcon_ws/src/install/smarc_msgs/share/ament_index/resource_index/rosidl_interfaces/smarc_msgs
[5.528s] -- Up-to-date: /home/schni2zle/colcon_ws/src/install/smarc_msgs/include/smarc_msgs/smarc_msgs
[5.529s] -- Up-to-date: /home/schni2zle/colcon_ws/src/install/smarc_msgs/include/smarc_msgs/smarc_msgs/msg
[5.529s] -- Up-to-date: /home/schni2zle/colcon_ws/src/install/smarc_msgs/include/smarc_msgs/smarc_msgs/msg/string_array.h
[5.529s] -- Up-to-date: /home/schni2zle/colcon_ws/src/install/smarc_msgs/include/smarc_msgs/smarc_msgs/msg/rosidl_generator_c__visibility_control.h
[5.529s] -- Up-to-date: /home/schni2zle/colcon_ws/src/install/smarc_msgs/include/smarc_msgs/smarc_msgs/msg/ctd.h
[5.530s] -- Up-to-date: /home/schni2zle/colcon_ws/src/install/smarc_msgs/include/smarc_msgs/smarc_msgs/msg/comms_message.h
[5.530s] -- Up-to-date: /home/schni2zle/colcon_ws/src/install/smarc_msgs/include/smarc_msgs/smarc_msgs/msg/sidescan.h
[5.530s] -- Up-to-date: /home/schni2zle/colcon_ws/src/install/smarc_msgs/include/smarc_msgs/smarc_msgs/msg/execution_status.h
[5.530s] -- Up-to-date: /home/schni2zle/colcon_ws/src/install/smarc_msgs/include/smarc_msgs/smarc_msgs/msg/dvl_beam.h
[5.534s] -- Up-to-date: /home/schni2zle/colcon_ws/src/install/smarc_msgs/include/smarc_msgs/smarc_msgs/msg/thruster_rpm.h
[5.534s] -- Up-to-date: /home/schni2zle/colcon_ws/src/install/smarc_msgs/include/smarc_msgs/smarc_msgs/msg/sm_task.h
[5.534s] -- Up-to-date: /home/schni2zle/colcon_ws/src/install/smarc_msgs/include/smarc_msgs/smarc_msgs/msg/controller_status.h
[5.535s] -- Up-to-date: /home/schni2zle/colcon_ws/src/install/smarc_msgs/include/smarc_msgs/smarc_msgs/msg/leak.h
[5.535s] -- Up-to-date: /home/schni2zle/colcon_ws/src/install/smarc_msgs/include/smarc_msgs/smarc_msgs/msg/dual_thruster_feedback.h
[5.535s] -- Up-to-date: /home/schni2zle/colcon_ws/src/install/smarc_msgs/include/smarc_msgs/smarc_msgs/msg/detail
[5.535s] -- Up-to-date: /home/schni2zle/colcon_ws/src/install/smarc_msgs/include/smarc_msgs/smarc_msgs/msg/detail/string_pair__functions.c
[5.535s] -- Up-to-date: /home/schni2zle/colcon_ws/src/install/smarc_msgs/include/smarc_msgs/smarc_msgs/msg/detail/float_stamped__functions.c
[5.536s] -- Up-to-date: /home/schni2zle/colcon_ws/src/install/smarc_msgs/include/smarc_msgs/smarc_msgs/msg/detail/dual_thruster_feedback__type_support.h
[5.536s] -- Up-to-date: /home/schni2zle/colcon_ws/src/install/smarc_msgs/include/smarc_msgs/smarc_msgs/msg/detail/string_array__functions.h
[5.536s] -- Up-to-date: /home/schni2zle/colcon_ws/src/install/smarc_msgs/include/smarc_msgs/smarc_msgs/msg/detail/thruster_dc__functions.c
[5.536s] -- Up-to-date: /home/schni2zle/colcon_ws/src/install/smarc_msgs/include/smarc_msgs/smarc_msgs/msg/detail/comms_message__functions.h
[5.536s] -- Up-to-date: /home/schni2zle/colcon_ws/src/install/smarc_msgs/include/smarc_msgs/smarc_msgs/msg/detail/execution_status__functions.h
[5.537s] -- Up-to-date: /home/schni2zle/colcon_ws/src/install/smarc_msgs/include/smarc_msgs/smarc_msgs/msg/detail/controller_status__functions.h
[5.537s] -- Up-to-date: /home/schni2zle/colcon_ws/src/install/smarc_msgs/include/smarc_msgs/smarc_msgs/msg/detail/leak__functions.h
[5.542s] -- Up-to-date: /home/schni2zle/colcon_ws/src/install/smarc_msgs/include/smarc_msgs/smarc_msgs/msg/detail/thruster_feedback__functions.c
[5.542s] -- Up-to-date: /home/schni2zle/colcon_ws/src/install/smarc_msgs/include/smarc_msgs/smarc_msgs/msg/detail/leak__functions.c
[5.543s] -- Up-to-date: /home/schni2zle/colcon_ws/src/install/smarc_msgs/include/smarc_msgs/smarc_msgs/msg/detail/topics__struct.h
[5.543s] -- Up-to-date: /home/schni2zle/colcon_ws/src/install/smarc_msgs/include/smarc_msgs/smarc_msgs/msg/detail/execution_status__functions.c
[5.543s] -- Up-to-date: /home/schni2zle/colcon_ws/src/install/smarc_msgs/include/smarc_msgs/smarc_msgs/msg/detail/sensor_status__functions.c
[5.543s] -- Up-to-date: /home/schni2zle/colcon_ws/src/install/smarc_msgs/include/smarc_msgs/smarc_msgs/msg/detail/dvl_beam__type_support.h
[5.544s] -- Up-to-date: /home/schni2zle/colcon_ws/src/install/smarc_msgs/include/smarc_msgs/smarc_msgs/msg/detail/dvl_beam__functions.h
[5.544s] -- Up-to-date: /home/schni2zle/colcon_ws/src/install/smarc_msgs/include/smarc_msgs/smarc_msgs/msg/detail/dual_thruster_feedback__struct.h
[5.592s] -- Up-to-date: /home/schni2zle/colcon_ws/src/install/smarc_msgs/include/smarc_msgs/smarc_msgs/msg/detail/leak__type_support.h
[5.592s] -- Up-to-date: /home/schni2zle/colcon_ws/src/install/smarc_msgs/include/smarc_msgs/smarc_msgs/msg/detail/ctd__type_support.h
[5.592s] -- Up-to-date: /home/schni2zle/colcon_ws/src/install/smarc_msgs/include/smarc_msgs/smarc_msgs/msg/detail/lat_lon_stamped__type_support.h
[5.593s] -- Up-to-date: /home/schni2zle/colcon_ws/src/install/smarc_msgs/include/smarc_msgs/smarc_msgs/msg/detail/dvl__struct.h
[5.593s] -- Up-to-date: /home/schni2zle/colcon_ws/src/install/smarc_msgs/include/smarc_msgs/smarc_msgs/msg/detail/dvl__type_support.h
[5.597s] -- Up-to-date: /home/schni2zle/colcon_ws/src/install/smarc_msgs/include/smarc_msgs/smarc_msgs/msg/detail/dual_thruster_rpm__functions.h
[5.597s] -- Up-to-date: /home/schni2zle/colcon_ws/src/install/smarc_msgs/include/smarc_msgs/smarc_msgs/msg/detail/float_stamped__struct.h
[5.597s] -- Up-to-date: /home/schni2zle/colcon_ws/src/install/smarc_msgs/include/smarc_msgs/smarc_msgs/msg/detail/sensor_status__type_support.h
[5.597s] -- Up-to-date: /home/schni2zle/colcon_ws/src/install/smarc_msgs/include/smarc_msgs/smarc_msgs/msg/detail/string_array__functions.c
[5.598s] -- Up-to-date: /home/schni2zle/colcon_ws/src/install/smarc_msgs/include/smarc_msgs/smarc_msgs/msg/detail/topics__type_support.h
[5.598s] -- Up-to-date: /home/schni2zle/colcon_ws/src/install/smarc_msgs/include/smarc_msgs/smarc_msgs/msg/detail/controller_status__type_support.h
[5.598s] -- Up-to-date: /home/schni2zle/colcon_ws/src/install/smarc_msgs/include/smarc_msgs/smarc_msgs/msg/detail/thruster_dc__type_support.h
[5.598s] -- Up-to-date: /home/schni2zle/colcon_ws/src/install/smarc_msgs/include/smarc_msgs/smarc_msgs/msg/detail/thruster_feedback__functions.h
[5.599s] -- Up-to-date: /home/schni2zle/colcon_ws/src/install/smarc_msgs/include/smarc_msgs/smarc_msgs/msg/detail/lat_lon_odometry__struct.h
[5.599s] -- Up-to-date: /home/schni2zle/colcon_ws/src/install/smarc_msgs/include/smarc_msgs/smarc_msgs/msg/detail/execution_status__type_support.h
[5.599s] -- Up-to-date: /home/schni2zle/colcon_ws/src/install/smarc_msgs/include/smarc_msgs/smarc_msgs/msg/detail/lat_lon_odometry__type_support.h
[5.599s] -- Up-to-date: /home/schni2zle/colcon_ws/src/install/smarc_msgs/include/smarc_msgs/smarc_msgs/msg/detail/string_stamped__functions.h
[5.600s] -- Up-to-date: /home/schni2zle/colcon_ws/src/install/smarc_msgs/include/smarc_msgs/smarc_msgs/msg/detail/execution_status__struct.h
[5.600s] -- Up-to-date: /home/schni2zle/colcon_ws/src/install/smarc_msgs/include/smarc_msgs/smarc_msgs/msg/detail/topics__functions.h
[5.600s] -- Up-to-date: /home/schni2zle/colcon_ws/src/install/smarc_msgs/include/smarc_msgs/smarc_msgs/msg/detail/float_stamped__type_support.h
[5.600s] -- Up-to-date: /home/schni2zle/colcon_ws/src/install/smarc_msgs/include/smarc_msgs/smarc_msgs/msg/detail/sm_task__struct.h
[5.600s] -- Up-to-date: /home/schni2zle/colcon_ws/src/install/smarc_msgs/include/smarc_msgs/smarc_msgs/msg/detail/lat_lon_stamped__functions.h
[5.601s] -- Up-to-date: /home/schni2zle/colcon_ws/src/install/smarc_msgs/include/smarc_msgs/smarc_msgs/msg/detail/float_stamped__functions.h
[5.601s] -- Up-to-date: /home/schni2zle/colcon_ws/src/install/smarc_msgs/include/smarc_msgs/smarc_msgs/msg/detail/sensor_status__functions.h
[5.601s] -- Up-to-date: /home/schni2zle/colcon_ws/src/install/smarc_msgs/include/smarc_msgs/smarc_msgs/msg/detail/dual_thruster_feedback__functions.h
[5.601s] -- Up-to-date: /home/schni2zle/colcon_ws/src/install/smarc_msgs/include/smarc_msgs/smarc_msgs/msg/detail/topics__functions.c
[5.606s] -- Up-to-date: /home/schni2zle/colcon_ws/src/install/smarc_msgs/include/smarc_msgs/smarc_msgs/msg/detail/sidescan__type_support.h
[5.606s] -- Up-to-date: /home/schni2zle/colcon_ws/src/install/smarc_msgs/include/smarc_msgs/smarc_msgs/msg/detail/string_pair__type_support.h
[5.606s] -- Up-to-date: /home/schni2zle/colcon_ws/src/install/smarc_msgs/include/smarc_msgs/smarc_msgs/msg/detail/thruster_dc__functions.h
[5.606s] -- Up-to-date: /home/schni2zle/colcon_ws/src/install/smarc_msgs/include/smarc_msgs/smarc_msgs/msg/detail/lat_lon_odometry__functions.c
[5.607s] -- Up-to-date: /home/schni2zle/colcon_ws/src/install/smarc_msgs/include/smarc_msgs/smarc_msgs/msg/detail/thruster_feedback__struct.h
[5.607s] -- Up-to-date: /home/schni2zle/colcon_ws/src/install/smarc_msgs/include/smarc_msgs/smarc_msgs/msg/detail/ctd__functions.c
[5.608s] -- Up-to-date: /home/schni2zle/colcon_ws/src/install/smarc_msgs/include/smarc_msgs/smarc_msgs/msg/detail/sm_task__functions.c
[5.608s] -- Up-to-date: /home/schni2zle/colcon_ws/src/install/smarc_msgs/include/smarc_msgs/smarc_msgs/msg/detail/controller_status__functions.c
[5.608s] -- Up-to-date: /home/schni2zle/colcon_ws/src/install/smarc_msgs/include/smarc_msgs/smarc_msgs/msg/detail/thruster_rpm__functions.h
[5.608s] -- Up-to-date: /home/schni2zle/colcon_ws/src/install/smarc_msgs/include/smarc_msgs/smarc_msgs/msg/detail/string_pair__functions.h
[5.612s] -- Up-to-date: /home/schni2zle/colcon_ws/src/install/smarc_msgs/include/smarc_msgs/smarc_msgs/msg/detail/sm_task__functions.h
[5.612s] -- Up-to-date: /home/schni2zle/colcon_ws/src/install/smarc_msgs/include/smarc_msgs/smarc_msgs/msg/detail/comms_message__type_support.h
[5.612s] -- Up-to-date: /home/schni2zle/colcon_ws/src/install/smarc_msgs/include/smarc_msgs/smarc_msgs/msg/detail/sidescan__functions.h
[5.612s] -- Up-to-date: /home/schni2zle/colcon_ws/src/install/smarc_msgs/include/smarc_msgs/smarc_msgs/msg/detail/comms_message__functions.c
[5.613s] -- Up-to-date: /home/schni2zle/colcon_ws/src/install/smarc_msgs/include/smarc_msgs/smarc_msgs/msg/detail/string_stamped__struct.h
[5.613s] -- Up-to-date: /home/schni2zle/colcon_ws/src/install/smarc_msgs/include/smarc_msgs/smarc_msgs/msg/detail/dvl_beam__functions.c
[5.613s] -- Up-to-date: /home/schni2zle/colcon_ws/src/install/smarc_msgs/include/smarc_msgs/smarc_msgs/msg/detail/dvl_beam__struct.h
[5.613s] -- Up-to-date: /home/schni2zle/colcon_ws/src/install/smarc_msgs/include/smarc_msgs/smarc_msgs/msg/detail/lat_lon_stamped__functions.c
[5.613s] -- Up-to-date: /home/schni2zle/colcon_ws/src/install/smarc_msgs/include/smarc_msgs/smarc_msgs/msg/detail/string_array__struct.h
[5.614s] -- Up-to-date: /home/schni2zle/colcon_ws/src/install/smarc_msgs/include/smarc_msgs/smarc_msgs/msg/detail/lat_lon_odometry__functions.h
[5.614s] -- Up-to-date: /home/schni2zle/colcon_ws/src/install/smarc_msgs/include/smarc_msgs/smarc_msgs/msg/detail/string_pair__struct.h
[5.614s] -- Up-to-date: /home/schni2zle/colcon_ws/src/install/smarc_msgs/include/smarc_msgs/smarc_msgs/msg/detail/sensor_status__struct.h
[5.614s] -- Up-to-date: /home/schni2zle/colcon_ws/src/install/smarc_msgs/include/smarc_msgs/smarc_msgs/msg/detail/dvl__functions.c
[5.614s] -- Up-to-date: /home/schni2zle/colcon_ws/src/install/smarc_msgs/include/smarc_msgs/smarc_msgs/msg/detail/ctd__struct.h
[5.615s] -- Up-to-date: /home/schni2zle/colcon_ws/src/install/smarc_msgs/include/smarc_msgs/smarc_msgs/msg/detail/string_stamped__functions.c
[5.615s] -- Up-to-date: /home/schni2zle/colcon_ws/src/install/smarc_msgs/include/smarc_msgs/smarc_msgs/msg/detail/thruster_rpm__type_support.h
[5.615s] -- Up-to-date: /home/schni2zle/colcon_ws/src/install/smarc_msgs/include/smarc_msgs/smarc_msgs/msg/detail/dual_thruster_feedback__functions.c
[5.615s] -- Up-to-date: /home/schni2zle/colcon_ws/src/install/smarc_msgs/include/smarc_msgs/smarc_msgs/msg/detail/lat_lon_stamped__struct.h
[5.616s] -- Up-to-date: /home/schni2zle/colcon_ws/src/install/smarc_msgs/include/smarc_msgs/smarc_msgs/msg/detail/thruster_rpm__functions.c
[5.616s] -- Up-to-date: /home/schni2zle/colcon_ws/src/install/smarc_msgs/include/smarc_msgs/smarc_msgs/msg/detail/dual_thruster_rpm__functions.c
[5.616s] -- Up-to-date: /home/schni2zle/colcon_ws/src/install/smarc_msgs/include/smarc_msgs/smarc_msgs/msg/detail/dvl__functions.h
[5.616s] -- Up-to-date: /home/schni2zle/colcon_ws/src/install/smarc_msgs/include/smarc_msgs/smarc_msgs/msg/detail/thruster_dc__struct.h
[5.616s] -- Up-to-date: /home/schni2zle/colcon_ws/src/install/smarc_msgs/include/smarc_msgs/smarc_msgs/msg/detail/string_stamped__type_support.h
[5.617s] -- Up-to-date: /home/schni2zle/colcon_ws/src/install/smarc_msgs/include/smarc_msgs/smarc_msgs/msg/detail/thruster_feedback__type_support.h
[5.617s] -- Up-to-date: /home/schni2zle/colcon_ws/src/install/smarc_msgs/include/smarc_msgs/smarc_msgs/msg/detail/comms_message__struct.h
[5.617s] -- Up-to-date: /home/schni2zle/colcon_ws/src/install/smarc_msgs/include/smarc_msgs/smarc_msgs/msg/detail/ctd__functions.h
[5.658s] -- Up-to-date: /home/schni2zle/colcon_ws/src/install/smarc_msgs/include/smarc_msgs/smarc_msgs/msg/detail/thruster_rpm__struct.h
[5.658s] -- Up-to-date: /home/schni2zle/colcon_ws/src/install/smarc_msgs/include/smarc_msgs/smarc_msgs/msg/detail/string_array__type_support.h
[5.658s] -- Up-to-date: /home/schni2zle/colcon_ws/src/install/smarc_msgs/include/smarc_msgs/smarc_msgs/msg/detail/sm_task__type_support.h
[5.658s] -- Up-to-date: /home/schni2zle/colcon_ws/src/install/smarc_msgs/include/smarc_msgs/smarc_msgs/msg/detail/sidescan__struct.h
[5.659s] -- Up-to-date: /home/schni2zle/colcon_ws/src/install/smarc_msgs/include/smarc_msgs/smarc_msgs/msg/detail/sidescan__functions.c
[5.664s] -- Up-to-date: /home/schni2zle/colcon_ws/src/install/smarc_msgs/include/smarc_msgs/smarc_msgs/msg/detail/leak__struct.h
[5.664s] -- Up-to-date: /home/schni2zle/colcon_ws/src/install/smarc_msgs/include/smarc_msgs/smarc_msgs/msg/detail/dual_thruster_rpm__struct.h
[5.668s] -- Up-to-date: /home/schni2zle/colcon_ws/src/install/smarc_msgs/include/smarc_msgs/smarc_msgs/msg/detail/dual_thruster_rpm__type_support.h
[5.668s] -- Up-to-date: /home/schni2zle/colcon_ws/src/install/smarc_msgs/include/smarc_msgs/smarc_msgs/msg/detail/controller_status__struct.h
[5.668s] -- Up-to-date: /home/schni2zle/colcon_ws/src/install/smarc_msgs/include/smarc_msgs/smarc_msgs/msg/dual_thruster_rpm.h
[5.668s] -- Up-to-date: /home/schni2zle/colcon_ws/src/install/smarc_msgs/include/smarc_msgs/smarc_msgs/msg/lat_lon_odometry.h
[5.669s] -- Up-to-date: /home/schni2zle/colcon_ws/src/install/smarc_msgs/include/smarc_msgs/smarc_msgs/msg/thruster_feedback.h
[5.669s] -- Up-to-date: /home/schni2zle/colcon_ws/src/install/smarc_msgs/include/smarc_msgs/smarc_msgs/msg/dvl.h
[5.669s] -- Up-to-date: /home/schni2zle/colcon_ws/src/install/smarc_msgs/include/smarc_msgs/smarc_msgs/msg/float_stamped.h
[5.669s] -- Up-to-date: /home/schni2zle/colcon_ws/src/install/smarc_msgs/include/smarc_msgs/smarc_msgs/msg/lat_lon_stamped.h
[5.673s] -- Up-to-date: /home/schni2zle/colcon_ws/src/install/smarc_msgs/include/smarc_msgs/smarc_msgs/msg/sensor_status.h
[5.673s] -- Up-to-date: /home/schni2zle/colcon_ws/src/install/smarc_msgs/include/smarc_msgs/smarc_msgs/msg/thruster_dc.h
[5.673s] -- Up-to-date: /home/schni2zle/colcon_ws/src/install/smarc_msgs/include/smarc_msgs/smarc_msgs/msg/string_stamped.h
[5.673s] -- Up-to-date: /home/schni2zle/colcon_ws/src/install/smarc_msgs/include/smarc_msgs/smarc_msgs/msg/string_pair.h
[5.674s] -- Up-to-date: /home/schni2zle/colcon_ws/src/install/smarc_msgs/include/smarc_msgs/smarc_msgs/msg/topics.h
[5.674s] -- Up-to-date: /home/schni2zle/colcon_ws/src/install/smarc_msgs/include/smarc_msgs/smarc_msgs/srv
[5.674s] -- Up-to-date: /home/schni2zle/colcon_ws/src/install/smarc_msgs/include/smarc_msgs/smarc_msgs/srv/nedenu_rotation.h
[5.680s] -- Up-to-date: /home/schni2zle/colcon_ws/src/install/smarc_msgs/include/smarc_msgs/smarc_msgs/srv/lat_lon_to_utm_odometry.h
[5.680s] -- Up-to-date: /home/schni2zle/colcon_ws/src/install/smarc_msgs/include/smarc_msgs/smarc_msgs/srv/cell_occupied.h
[5.680s] -- Up-to-date: /home/schni2zle/colcon_ws/src/install/smarc_msgs/include/smarc_msgs/smarc_msgs/srv/add_tasks.h
[5.680s] -- Up-to-date: /home/schni2zle/colcon_ws/src/install/smarc_msgs/include/smarc_msgs/smarc_msgs/srv/detail
[5.681s] -- Up-to-date: /home/schni2zle/colcon_ws/src/install/smarc_msgs/include/smarc_msgs/smarc_msgs/srv/detail/nedenu_rotation__type_support.h
[5.681s] -- Up-to-date: /home/schni2zle/colcon_ws/src/install/smarc_msgs/include/smarc_msgs/smarc_msgs/srv/detail/nedenu_rotation__struct.h
[5.681s] -- Up-to-date: /home/schni2zle/colcon_ws/src/install/smarc_msgs/include/smarc_msgs/smarc_msgs/srv/detail/lat_lon_to_utm_odometry__functions.h
[5.681s] -- Up-to-date: /home/schni2zle/colcon_ws/src/install/smarc_msgs/include/smarc_msgs/smarc_msgs/srv/detail/lat_lon_to_utm_odometry__type_support.h
[5.681s] -- Up-to-date: /home/schni2zle/colcon_ws/src/install/smarc_msgs/include/smarc_msgs/smarc_msgs/srv/detail/cell_occupied__functions.h
[5.682s] -- Up-to-date: /home/schni2zle/colcon_ws/src/install/smarc_msgs/include/smarc_msgs/smarc_msgs/srv/detail/nedenu_rotation__functions.c
[5.682s] -- Up-to-date: /home/schni2zle/colcon_ws/src/install/smarc_msgs/include/smarc_msgs/smarc_msgs/srv/detail/add_tasks__functions.c
[5.682s] -- Up-to-date: /home/schni2zle/colcon_ws/src/install/smarc_msgs/include/smarc_msgs/smarc_msgs/srv/detail/add_task__functions.h
[5.682s] -- Up-to-date: /home/schni2zle/colcon_ws/src/install/smarc_msgs/include/smarc_msgs/smarc_msgs/srv/detail/add_task__struct.h
[5.682s] -- Up-to-date: /home/schni2zle/colcon_ws/src/install/smarc_msgs/include/smarc_msgs/smarc_msgs/srv/detail/lat_lon_to_utm_odometry__struct.h
[5.683s] -- Up-to-date: /home/schni2zle/colcon_ws/src/install/smarc_msgs/include/smarc_msgs/smarc_msgs/srv/detail/lat_lon_to_utm_odometry__functions.c
[5.683s] -- Up-to-date: /home/schni2zle/colcon_ws/src/install/smarc_msgs/include/smarc_msgs/smarc_msgs/srv/detail/add_tasks__type_support.h
[5.683s] -- Up-to-date: /home/schni2zle/colcon_ws/src/install/smarc_msgs/include/smarc_msgs/smarc_msgs/srv/detail/add_tasks__struct.h
[5.692s] -- Up-to-date: /home/schni2zle/colcon_ws/src/install/smarc_msgs/include/smarc_msgs/smarc_msgs/srv/detail/nedenu_rotation__functions.h
[5.692s] -- Up-to-date: /home/schni2zle/colcon_ws/src/install/smarc_msgs/include/smarc_msgs/smarc_msgs/srv/detail/add_tasks__functions.h
[5.692s] -- Up-to-date: /home/schni2zle/colcon_ws/src/install/smarc_msgs/include/smarc_msgs/smarc_msgs/srv/detail/add_task__functions.c
[5.692s] -- Up-to-date: /home/schni2zle/colcon_ws/src/install/smarc_msgs/include/smarc_msgs/smarc_msgs/srv/detail/cell_occupied__struct.h
[5.693s] -- Up-to-date: /home/schni2zle/colcon_ws/src/install/smarc_msgs/include/smarc_msgs/smarc_msgs/srv/detail/cell_occupied__functions.c
[5.693s] -- Up-to-date: /home/schni2zle/colcon_ws/src/install/smarc_msgs/include/smarc_msgs/smarc_msgs/srv/detail/add_task__type_support.h
[5.693s] -- Up-to-date: /home/schni2zle/colcon_ws/src/install/smarc_msgs/include/smarc_msgs/smarc_msgs/srv/detail/cell_occupied__type_support.h
[5.693s] -- Up-to-date: /home/schni2zle/colcon_ws/src/install/smarc_msgs/include/smarc_msgs/smarc_msgs/srv/add_task.h
[5.693s] -- Up-to-date: /home/schni2zle/colcon_ws/src/install/smarc_msgs/share/smarc_msgs/environment/library_path.sh
[5.694s] -- Up-to-date: /home/schni2zle/colcon_ws/src/install/smarc_msgs/share/smarc_msgs/environment/library_path.dsv
[5.694s] -- Up-to-date: /home/schni2zle/colcon_ws/src/install/smarc_msgs/lib/libsmarc_msgs__rosidl_generator_c.so
[5.694s] -- Up-to-date: /home/schni2zle/colcon_ws/src/install/smarc_msgs/include/smarc_msgs/smarc_msgs
[5.694s] -- Up-to-date: /home/schni2zle/colcon_ws/src/install/smarc_msgs/include/smarc_msgs/smarc_msgs/msg
[5.694s] -- Up-to-date: /home/schni2zle/colcon_ws/src/install/smarc_msgs/include/smarc_msgs/smarc_msgs/msg/rosidl_typesupport_fastrtps_c__visibility_control.h
[5.703s] -- Up-to-date: /home/schni2zle/colcon_ws/src/install/smarc_msgs/include/smarc_msgs/smarc_msgs/msg/detail
[5.703s] -- Up-to-date: /home/schni2zle/colcon_ws/src/install/smarc_msgs/include/smarc_msgs/smarc_msgs/msg/detail/lat_lon_odometry__rosidl_typesupport_fastrtps_c.h
[5.703s] -- Up-to-date: /home/schni2zle/colcon_ws/src/install/smarc_msgs/include/smarc_msgs/smarc_msgs/msg/detail/float_stamped__rosidl_typesupport_fastrtps_c.h
[5.703s] -- Up-to-date: /home/schni2zle/colcon_ws/src/install/smarc_msgs/include/smarc_msgs/smarc_msgs/msg/detail/dvl_beam__rosidl_typesupport_fastrtps_c.h
[5.705s] -- Up-to-date: /home/schni2zle/colcon_ws/src/install/smarc_msgs/include/smarc_msgs/smarc_msgs/msg/detail/dual_thruster_feedback__rosidl_typesupport_fastrtps_c.h
[5.705s] -- Up-to-date: /home/schni2zle/colcon_ws/src/install/smarc_msgs/include/smarc_msgs/smarc_msgs/msg/detail/ctd__rosidl_typesupport_fastrtps_c.h
[5.705s] -- Up-to-date: /home/schni2zle/colcon_ws/src/install/smarc_msgs/include/smarc_msgs/smarc_msgs/msg/detail/topics__rosidl_typesupport_fastrtps_c.h
[5.705s] -- Up-to-date: /home/schni2zle/colcon_ws/src/install/smarc_msgs/include/smarc_msgs/smarc_msgs/msg/detail/comms_message__rosidl_typesupport_fastrtps_c.h
[5.706s] -- Up-to-date: /home/schni2zle/colcon_ws/src/install/smarc_msgs/include/smarc_msgs/smarc_msgs/msg/detail/thruster_feedback__rosidl_typesupport_fastrtps_c.h
[5.711s] -- Up-to-date: /home/schni2zle/colcon_ws/src/install/smarc_msgs/include/smarc_msgs/smarc_msgs/msg/detail/string_stamped__rosidl_typesupport_fastrtps_c.h
[5.711s] -- Up-to-date: /home/schni2zle/colcon_ws/src/install/smarc_msgs/include/smarc_msgs/smarc_msgs/msg/detail/string_pair__rosidl_typesupport_fastrtps_c.h
[5.764s] -- Up-to-date: /home/schni2zle/colcon_ws/src/install/smarc_msgs/include/smarc_msgs/smarc_msgs/msg/detail/lat_lon_stamped__rosidl_typesupport_fastrtps_c.h
[5.766s] -- Up-to-date: /home/schni2zle/colcon_ws/src/install/smarc_msgs/include/smarc_msgs/smarc_msgs/msg/detail/thruster_rpm__rosidl_typesupport_fastrtps_c.h
[5.766s] -- Up-to-date: /home/schni2zle/colcon_ws/src/install/smarc_msgs/include/smarc_msgs/smarc_msgs/msg/detail/controller_status__rosidl_typesupport_fastrtps_c.h
[5.767s] -- Up-to-date: /home/schni2zle/colcon_ws/src/install/smarc_msgs/include/smarc_msgs/smarc_msgs/msg/detail/dual_thruster_rpm__rosidl_typesupport_fastrtps_c.h
[5.767s] -- Up-to-date: /home/schni2zle/colcon_ws/src/install/smarc_msgs/include/smarc_msgs/smarc_msgs/msg/detail/dvl__rosidl_typesupport_fastrtps_c.h
[5.769s] -- Up-to-date: /home/schni2zle/colcon_ws/src/install/smarc_msgs/include/smarc_msgs/smarc_msgs/msg/detail/leak__rosidl_typesupport_fastrtps_c.h
[5.770s] -- Up-to-date: /home/schni2zle/colcon_ws/src/install/smarc_msgs/include/smarc_msgs/smarc_msgs/msg/detail/string_array__rosidl_typesupport_fastrtps_c.h
[5.770s] -- Up-to-date: /home/schni2zle/colcon_ws/src/install/smarc_msgs/include/smarc_msgs/smarc_msgs/msg/detail/sensor_status__rosidl_typesupport_fastrtps_c.h
[5.771s] -- Up-to-date: /home/schni2zle/colcon_ws/src/install/smarc_msgs/include/smarc_msgs/smarc_msgs/msg/detail/thruster_dc__rosidl_typesupport_fastrtps_c.h
[5.771s] -- Up-to-date: /home/schni2zle/colcon_ws/src/install/smarc_msgs/include/smarc_msgs/smarc_msgs/msg/detail/sm_task__rosidl_typesupport_fastrtps_c.h
[5.771s] -- Up-to-date: /home/schni2zle/colcon_ws/src/install/smarc_msgs/include/smarc_msgs/smarc_msgs/msg/detail/execution_status__rosidl_typesupport_fastrtps_c.h
[5.771s] -- Up-to-date: /home/schni2zle/colcon_ws/src/install/smarc_msgs/include/smarc_msgs/smarc_msgs/msg/detail/sidescan__rosidl_typesupport_fastrtps_c.h
[5.771s] -- Up-to-date: /home/schni2zle/colcon_ws/src/install/smarc_msgs/include/smarc_msgs/smarc_msgs/srv
[5.772s] -- Up-to-date: /home/schni2zle/colcon_ws/src/install/smarc_msgs/include/smarc_msgs/smarc_msgs/srv/detail
[5.772s] -- Up-to-date: /home/schni2zle/colcon_ws/src/install/smarc_msgs/include/smarc_msgs/smarc_msgs/srv/detail/lat_lon_to_utm_odometry__rosidl_typesupport_fastrtps_c.h
[5.772s] -- Up-to-date: /home/schni2zle/colcon_ws/src/install/smarc_msgs/include/smarc_msgs/smarc_msgs/srv/detail/add_tasks__rosidl_typesupport_fastrtps_c.h
[5.772s] -- Up-to-date: /home/schni2zle/colcon_ws/src/install/smarc_msgs/include/smarc_msgs/smarc_msgs/srv/detail/nedenu_rotation__rosidl_typesupport_fastrtps_c.h
[5.774s] -- Up-to-date: /home/schni2zle/colcon_ws/src/install/smarc_msgs/include/smarc_msgs/smarc_msgs/srv/detail/cell_occupied__rosidl_typesupport_fastrtps_c.h
[5.774s] -- Up-to-date: /home/schni2zle/colcon_ws/src/install/smarc_msgs/include/smarc_msgs/smarc_msgs/srv/detail/add_task__rosidl_typesupport_fastrtps_c.h
[5.774s] -- Up-to-date: /home/schni2zle/colcon_ws/src/install/smarc_msgs/lib/libsmarc_msgs__rosidl_typesupport_fastrtps_c.so
[5.775s] -- Up-to-date: /home/schni2zle/colcon_ws/src/install/smarc_msgs/include/smarc_msgs/smarc_msgs
[5.775s] -- Up-to-date: /home/schni2zle/colcon_ws/src/install/smarc_msgs/include/smarc_msgs/smarc_msgs/msg
[5.775s] -- Up-to-date: /home/schni2zle/colcon_ws/src/install/smarc_msgs/include/smarc_msgs/smarc_msgs/msg/rosidl_typesupport_introspection_c__visibility_control.h
[5.775s] -- Up-to-date: /home/schni2zle/colcon_ws/src/install/smarc_msgs/include/smarc_msgs/smarc_msgs/msg/detail
[5.780s] -- Up-to-date: /home/schni2zle/colcon_ws/src/install/smarc_msgs/include/smarc_msgs/smarc_msgs/msg/detail/string_pair__rosidl_typesupport_introspection_c.h
[5.780s] -- Up-to-date: /home/schni2zle/colcon_ws/src/install/smarc_msgs/include/smarc_msgs/smarc_msgs/msg/detail/dvl_beam__rosidl_typesupport_introspection_c.h
[5.780s] -- Up-to-date: /home/schni2zle/colcon_ws/src/install/smarc_msgs/include/smarc_msgs/smarc_msgs/msg/detail/sidescan__rosidl_typesupport_introspection_c.h
[5.781s] -- Up-to-date: /home/schni2zle/colcon_ws/src/install/smarc_msgs/include/smarc_msgs/smarc_msgs/msg/detail/topics__type_support.c
[5.781s] -- Up-to-date: /home/schni2zle/colcon_ws/src/install/smarc_msgs/include/smarc_msgs/smarc_msgs/msg/detail/controller_status__type_support.c
[5.781s] -- Up-to-date: /home/schni2zle/colcon_ws/src/install/smarc_msgs/include/smarc_msgs/smarc_msgs/msg/detail/string_stamped__type_support.c
[5.781s] -- Up-to-date: /home/schni2zle/colcon_ws/src/install/smarc_msgs/include/smarc_msgs/smarc_msgs/msg/detail/ctd__rosidl_typesupport_introspection_c.h
[5.781s] -- Up-to-date: /home/schni2zle/colcon_ws/src/install/smarc_msgs/include/smarc_msgs/smarc_msgs/msg/detail/dual_thruster_feedback__type_support.c
[5.782s] -- Up-to-date: /home/schni2zle/colcon_ws/src/install/smarc_msgs/include/smarc_msgs/smarc_msgs/msg/detail/sm_task__type_support.c
[5.782s] -- Up-to-date: /home/schni2zle/colcon_ws/src/install/smarc_msgs/include/smarc_msgs/smarc_msgs/msg/detail/execution_status__rosidl_typesupport_introspection_c.h
[5.782s] -- Up-to-date: /home/schni2zle/colcon_ws/src/install/smarc_msgs/include/smarc_msgs/smarc_msgs/msg/detail/leak__rosidl_typesupport_introspection_c.h
[5.782s] -- Up-to-date: /home/schni2zle/colcon_ws/src/install/smarc_msgs/include/smarc_msgs/smarc_msgs/msg/detail/dvl__rosidl_typesupport_introspection_c.h
[5.787s] -- Up-to-date: /home/schni2zle/colcon_ws/src/install/smarc_msgs/include/smarc_msgs/smarc_msgs/msg/detail/float_stamped__type_support.c
[5.787s] -- Up-to-date: /home/schni2zle/colcon_ws/src/install/smarc_msgs/include/smarc_msgs/smarc_msgs/msg/detail/thruster_rpm__rosidl_typesupport_introspection_c.h
[5.787s] -- Up-to-date: /home/schni2zle/colcon_ws/src/install/smarc_msgs/include/smarc_msgs/smarc_msgs/msg/detail/sensor_status__type_support.c
[5.788s] -- Up-to-date: /home/schni2zle/colcon_ws/src/install/smarc_msgs/include/smarc_msgs/smarc_msgs/msg/detail/dvl_beam__type_support.c
[5.788s] -- Up-to-date: /home/schni2zle/colcon_ws/src/install/smarc_msgs/include/smarc_msgs/smarc_msgs/msg/detail/lat_lon_stamped__type_support.c
[5.788s] -- Up-to-date: /home/schni2zle/colcon_ws/src/install/smarc_msgs/include/smarc_msgs/smarc_msgs/msg/detail/ctd__type_support.c
[5.788s] -- Up-to-date: /home/schni2zle/colcon_ws/src/install/smarc_msgs/include/smarc_msgs/smarc_msgs/msg/detail/execution_status__type_support.c
[5.788s] -- Up-to-date: /home/schni2zle/colcon_ws/src/install/smarc_msgs/include/smarc_msgs/smarc_msgs/msg/detail/thruster_dc__rosidl_typesupport_introspection_c.h
[5.789s] -- Up-to-date: /home/schni2zle/colcon_ws/src/install/smarc_msgs/include/smarc_msgs/smarc_msgs/msg/detail/dvl__type_support.c
[5.789s] -- Up-to-date: /home/schni2zle/colcon_ws/src/install/smarc_msgs/include/smarc_msgs/smarc_msgs/msg/detail/string_array__rosidl_typesupport_introspection_c.h
[5.792s] -- Up-to-date: /home/schni2zle/colcon_ws/src/install/smarc_msgs/include/smarc_msgs/smarc_msgs/msg/detail/dual_thruster_rpm__type_support.c
[5.793s] -- Up-to-date: /home/schni2zle/colcon_ws/src/install/smarc_msgs/include/smarc_msgs/smarc_msgs/msg/detail/leak__type_support.c
[5.793s] -- Up-to-date: /home/schni2zle/colcon_ws/src/install/smarc_msgs/include/smarc_msgs/smarc_msgs/msg/detail/float_stamped__rosidl_typesupport_introspection_c.h
[5.793s] -- Up-to-date: /home/schni2zle/colcon_ws/src/install/smarc_msgs/include/smarc_msgs/smarc_msgs/msg/detail/sensor_status__rosidl_typesupport_introspection_c.h
[5.793s] -- Up-to-date: /home/schni2zle/colcon_ws/src/install/smarc_msgs/include/smarc_msgs/smarc_msgs/msg/detail/comms_message__type_support.c
[5.794s] -- Up-to-date: /home/schni2zle/colcon_ws/src/install/smarc_msgs/include/smarc_msgs/smarc_msgs/msg/detail/controller_status__rosidl_typesupport_introspection_c.h
[5.794s] -- Up-to-date: /home/schni2zle/colcon_ws/src/install/smarc_msgs/include/smarc_msgs/smarc_msgs/msg/detail/comms_message__rosidl_typesupport_introspection_c.h
[5.794s] -- Up-to-date: /home/schni2zle/colcon_ws/src/install/smarc_msgs/include/smarc_msgs/smarc_msgs/msg/detail/dual_thruster_rpm__rosidl_typesupport_introspection_c.h
[5.794s] -- Up-to-date: /home/schni2zle/colcon_ws/src/install/smarc_msgs/include/smarc_msgs/smarc_msgs/msg/detail/string_stamped__rosidl_typesupport_introspection_c.h
[5.794s] -- Up-to-date: /home/schni2zle/colcon_ws/src/install/smarc_msgs/include/smarc_msgs/smarc_msgs/msg/detail/dual_thruster_feedback__rosidl_typesupport_introspection_c.h
[5.795s] -- Up-to-date: /home/schni2zle/colcon_ws/src/install/smarc_msgs/include/smarc_msgs/smarc_msgs/msg/detail/thruster_rpm__type_support.c
[5.816s] -- Up-to-date: /home/schni2zle/colcon_ws/src/install/smarc_msgs/include/smarc_msgs/smarc_msgs/msg/detail/lat_lon_odometry__rosidl_typesupport_introspection_c.h
[5.816s] -- Up-to-date: /home/schni2zle/colcon_ws/src/install/smarc_msgs/include/smarc_msgs/smarc_msgs/msg/detail/sidescan__type_support.c
[5.821s] -- Up-to-date: /home/schni2zle/colcon_ws/src/install/smarc_msgs/include/smarc_msgs/smarc_msgs/msg/detail/topics__rosidl_typesupport_introspection_c.h
[5.821s] -- Up-to-date: /home/schni2zle/colcon_ws/src/install/smarc_msgs/include/smarc_msgs/smarc_msgs/msg/detail/string_array__type_support.c
[5.821s] -- Up-to-date: /home/schni2zle/colcon_ws/src/install/smarc_msgs/include/smarc_msgs/smarc_msgs/msg/detail/string_pair__type_support.c
[5.821s] -- Up-to-date: /home/schni2zle/colcon_ws/src/install/smarc_msgs/include/smarc_msgs/smarc_msgs/msg/detail/lat_lon_odometry__type_support.c
[5.822s] -- Up-to-date: /home/schni2zle/colcon_ws/src/install/smarc_msgs/include/smarc_msgs/smarc_msgs/msg/detail/thruster_dc__type_support.c
[5.822s] -- Up-to-date: /home/schni2zle/colcon_ws/src/install/smarc_msgs/include/smarc_msgs/smarc_msgs/msg/detail/sm_task__rosidl_typesupport_introspection_c.h
[5.822s] -- Up-to-date: /home/schni2zle/colcon_ws/src/install/smarc_msgs/include/smarc_msgs/smarc_msgs/msg/detail/thruster_feedback__type_support.c
[5.822s] -- Up-to-date: /home/schni2zle/colcon_ws/src/install/smarc_msgs/include/smarc_msgs/smarc_msgs/msg/detail/thruster_feedback__rosidl_typesupport_introspection_c.h
[5.822s] -- Up-to-date: /home/schni2zle/colcon_ws/src/install/smarc_msgs/include/smarc_msgs/smarc_msgs/msg/detail/lat_lon_stamped__rosidl_typesupport_introspection_c.h
[5.824s] -- Up-to-date: /home/schni2zle/colcon_ws/src/install/smarc_msgs/include/smarc_msgs/smarc_msgs/srv
[5.825s] -- Up-to-date: /home/schni2zle/colcon_ws/src/install/smarc_msgs/include/smarc_msgs/smarc_msgs/srv/detail
[5.825s] -- Up-to-date: /home/schni2zle/colcon_ws/src/install/smarc_msgs/include/smarc_msgs/smarc_msgs/srv/detail/cell_occupied__rosidl_typesupport_introspection_c.h
[5.825s] -- Up-to-date: /home/schni2zle/colcon_ws/src/install/smarc_msgs/include/smarc_msgs/smarc_msgs/srv/detail/add_task__type_support.c
[5.825s] -- Up-to-date: /home/schni2zle/colcon_ws/src/install/smarc_msgs/include/smarc_msgs/smarc_msgs/srv/detail/add_tasks__rosidl_typesupport_introspection_c.h
[5.827s] -- Up-to-date: /home/schni2zle/colcon_ws/src/install/smarc_msgs/include/smarc_msgs/smarc_msgs/srv/detail/add_tasks__type_support.c
[5.828s] -- Up-to-date: /home/schni2zle/colcon_ws/src/install/smarc_msgs/include/smarc_msgs/smarc_msgs/srv/detail/lat_lon_to_utm_odometry__rosidl_typesupport_introspection_c.h
[5.828s] -- Up-to-date: /home/schni2zle/colcon_ws/src/install/smarc_msgs/include/smarc_msgs/smarc_msgs/srv/detail/lat_lon_to_utm_odometry__type_support.c
[5.828s] -- Up-to-date: /home/schni2zle/colcon_ws/src/install/smarc_msgs/include/smarc_msgs/smarc_msgs/srv/detail/nedenu_rotation__rosidl_typesupport_introspection_c.h
[5.828s] -- Up-to-date: /home/schni2zle/colcon_ws/src/install/smarc_msgs/include/smarc_msgs/smarc_msgs/srv/detail/add_task__rosidl_typesupport_introspection_c.h
[5.828s] -- Up-to-date: /home/schni2zle/colcon_ws/src/install/smarc_msgs/include/smarc_msgs/smarc_msgs/srv/detail/nedenu_rotation__type_support.c
[5.829s] -- Up-to-date: /home/schni2zle/colcon_ws/src/install/smarc_msgs/include/smarc_msgs/smarc_msgs/srv/detail/cell_occupied__type_support.c
[5.829s] -- Up-to-date: /home/schni2zle/colcon_ws/src/install/smarc_msgs/lib/libsmarc_msgs__rosidl_typesupport_introspection_c.so
[5.829s] -- Up-to-date: /home/schni2zle/colcon_ws/src/install/smarc_msgs/lib/libsmarc_msgs__rosidl_typesupport_c.so
[5.829s] -- Up-to-date: /home/schni2zle/colcon_ws/src/install/smarc_msgs/include/smarc_msgs/smarc_msgs
[5.829s] -- Up-to-date: /home/schni2zle/colcon_ws/src/install/smarc_msgs/include/smarc_msgs/smarc_msgs/msg
[5.830s] -- Up-to-date: /home/schni2zle/colcon_ws/src/install/smarc_msgs/include/smarc_msgs/smarc_msgs/msg/leak.hpp
[5.830s] -- Up-to-date: /home/schni2zle/colcon_ws/src/install/smarc_msgs/include/smarc_msgs/smarc_msgs/msg/thruster_dc.hpp
[5.830s] -- Up-to-date: /home/schni2zle/colcon_ws/src/install/smarc_msgs/include/smarc_msgs/smarc_msgs/msg/sensor_status.hpp
[5.830s] -- Up-to-date: /home/schni2zle/colcon_ws/src/install/smarc_msgs/include/smarc_msgs/smarc_msgs/msg/ctd.hpp
[5.830s] -- Up-to-date: /home/schni2zle/colcon_ws/src/install/smarc_msgs/include/smarc_msgs/smarc_msgs/msg/dual_thruster_rpm.hpp
[5.834s] -- Up-to-date: /home/schni2zle/colcon_ws/src/install/smarc_msgs/include/smarc_msgs/smarc_msgs/msg/string_stamped.hpp
[5.835s] -- Up-to-date: /home/schni2zle/colcon_ws/src/install/smarc_msgs/include/smarc_msgs/smarc_msgs/msg/string_array.hpp
[5.835s] -- Up-to-date: /home/schni2zle/colcon_ws/src/install/smarc_msgs/include/smarc_msgs/smarc_msgs/msg/dual_thruster_feedback.hpp
[5.835s] -- Up-to-date: /home/schni2zle/colcon_ws/src/install/smarc_msgs/include/smarc_msgs/smarc_msgs/msg/comms_message.hpp
[5.844s] -- Up-to-date: /home/schni2zle/colcon_ws/src/install/smarc_msgs/include/smarc_msgs/smarc_msgs/msg/dvl_beam.hpp
[5.845s] -- Up-to-date: /home/schni2zle/colcon_ws/src/install/smarc_msgs/include/smarc_msgs/smarc_msgs/msg/controller_status.hpp
[5.845s] -- Up-to-date: /home/schni2zle/colcon_ws/src/install/smarc_msgs/include/smarc_msgs/smarc_msgs/msg/lat_lon_odometry.hpp
[5.848s] -- Up-to-date: /home/schni2zle/colcon_ws/src/install/smarc_msgs/include/smarc_msgs/smarc_msgs/msg/thruster_rpm.hpp
[5.848s] -- Up-to-date: /home/schni2zle/colcon_ws/src/install/smarc_msgs/include/smarc_msgs/smarc_msgs/msg/detail
[5.848s] -- Up-to-date: /home/schni2zle/colcon_ws/src/install/smarc_msgs/include/smarc_msgs/smarc_msgs/msg/detail/execution_status__traits.hpp
[5.848s] -- Up-to-date: /home/schni2zle/colcon_ws/src/install/smarc_msgs/include/smarc_msgs/smarc_msgs/msg/detail/controller_status__traits.hpp
[5.849s] -- Up-to-date: /home/schni2zle/colcon_ws/src/install/smarc_msgs/include/smarc_msgs/smarc_msgs/msg/detail/controller_status__builder.hpp
[5.849s] -- Up-to-date: /home/schni2zle/colcon_ws/src/install/smarc_msgs/include/smarc_msgs/smarc_msgs/msg/detail/string_array__traits.hpp
[5.849s] -- Up-to-date: /home/schni2zle/colcon_ws/src/install/smarc_msgs/include/smarc_msgs/smarc_msgs/msg/detail/float_stamped__struct.hpp
[5.849s] -- Up-to-date: /home/schni2zle/colcon_ws/src/install/smarc_msgs/include/smarc_msgs/smarc_msgs/msg/detail/topics__struct.hpp
[5.849s] -- Up-to-date: /home/schni2zle/colcon_ws/src/install/smarc_msgs/include/smarc_msgs/smarc_msgs/msg/detail/comms_message__traits.hpp
[5.850s] -- Up-to-date: /home/schni2zle/colcon_ws/src/install/smarc_msgs/include/smarc_msgs/smarc_msgs/msg/detail/sm_task__struct.hpp
[5.850s] -- Up-to-date: /home/schni2zle/colcon_ws/src/install/smarc_msgs/include/smarc_msgs/smarc_msgs/msg/detail/sm_task__traits.hpp
[5.850s] -- Up-to-date: /home/schni2zle/colcon_ws/src/install/smarc_msgs/include/smarc_msgs/smarc_msgs/msg/detail/thruster_feedback__traits.hpp
[5.850s] -- Up-to-date: /home/schni2zle/colcon_ws/src/install/smarc_msgs/include/smarc_msgs/smarc_msgs/msg/detail/sidescan__builder.hpp
[5.850s] -- Up-to-date: /home/schni2zle/colcon_ws/src/install/smarc_msgs/include/smarc_msgs/smarc_msgs/msg/detail/dual_thruster_rpm__builder.hpp
[5.851s] -- Up-to-date: /home/schni2zle/colcon_ws/src/install/smarc_msgs/include/smarc_msgs/smarc_msgs/msg/detail/string_pair__builder.hpp
[5.851s] -- Up-to-date: /home/schni2zle/colcon_ws/src/install/smarc_msgs/include/smarc_msgs/smarc_msgs/msg/detail/comms_message__builder.hpp
[5.851s] -- Up-to-date: /home/schni2zle/colcon_ws/src/install/smarc_msgs/include/smarc_msgs/smarc_msgs/msg/detail/string_array__builder.hpp
[5.851s] -- Up-to-date: /home/schni2zle/colcon_ws/src/install/smarc_msgs/include/smarc_msgs/smarc_msgs/msg/detail/dvl__builder.hpp
[5.857s] -- Up-to-date: /home/schni2zle/colcon_ws/src/install/smarc_msgs/include/smarc_msgs/smarc_msgs/msg/detail/sm_task__builder.hpp
[5.858s] -- Up-to-date: /home/schni2zle/colcon_ws/src/install/smarc_msgs/include/smarc_msgs/smarc_msgs/msg/detail/topics__traits.hpp
[5.858s] -- Up-to-date: /home/schni2zle/colcon_ws/src/install/smarc_msgs/include/smarc_msgs/smarc_msgs/msg/detail/ctd__struct.hpp
[5.858s] -- Up-to-date: /home/schni2zle/colcon_ws/src/install/smarc_msgs/include/smarc_msgs/smarc_msgs/msg/detail/float_stamped__traits.hpp
[5.858s] -- Up-to-date: /home/schni2zle/colcon_ws/src/install/smarc_msgs/include/smarc_msgs/smarc_msgs/msg/detail/dvl_beam__struct.hpp
[5.858s] -- Up-to-date: /home/schni2zle/colcon_ws/src/install/smarc_msgs/include/smarc_msgs/smarc_msgs/msg/detail/string_array__struct.hpp
[5.871s] -- Up-to-date: /home/schni2zle/colcon_ws/src/install/smarc_msgs/include/smarc_msgs/smarc_msgs/msg/detail/sensor_status__struct.hpp
[5.871s] -- Up-to-date: /home/schni2zle/colcon_ws/src/install/smarc_msgs/include/smarc_msgs/smarc_msgs/msg/detail/dvl_beam__builder.hpp
[5.871s] -- Up-to-date: /home/schni2zle/colcon_ws/src/install/smarc_msgs/include/smarc_msgs/smarc_msgs/msg/detail/sensor_status__builder.hpp
[5.872s] -- Up-to-date: /home/schni2zle/colcon_ws/src/install/smarc_msgs/include/smarc_msgs/smarc_msgs/msg/detail/lat_lon_odometry__traits.hpp
[5.872s] -- Up-to-date: /home/schni2zle/colcon_ws/src/install/smarc_msgs/include/smarc_msgs/smarc_msgs/msg/detail/dual_thruster_feedback__builder.hpp
[5.875s] -- Up-to-date: /home/schni2zle/colcon_ws/src/install/smarc_msgs/include/smarc_msgs/smarc_msgs/msg/detail/lat_lon_odometry__builder.hpp
[5.876s] -- Up-to-date: /home/schni2zle/colcon_ws/src/install/smarc_msgs/include/smarc_msgs/smarc_msgs/msg/detail/topics__builder.hpp
[5.876s] -- Up-to-date: /home/schni2zle/colcon_ws/src/install/smarc_msgs/include/smarc_msgs/smarc_msgs/msg/detail/dvl__traits.hpp
[5.876s] -- Up-to-date: /home/schni2zle/colcon_ws/src/install/smarc_msgs/include/smarc_msgs/smarc_msgs/msg/detail/thruster_dc__traits.hpp
[5.876s] -- Up-to-date: /home/schni2zle/colcon_ws/src/install/smarc_msgs/include/smarc_msgs/smarc_msgs/msg/detail/ctd__builder.hpp
[5.876s] -- Up-to-date: /home/schni2zle/colcon_ws/src/install/smarc_msgs/include/smarc_msgs/smarc_msgs/msg/detail/thruster_dc__builder.hpp
[5.877s] -- Up-to-date: /home/schni2zle/colcon_ws/src/install/smarc_msgs/include/smarc_msgs/smarc_msgs/msg/detail/thruster_rpm__struct.hpp
[5.877s] -- Up-to-date: /home/schni2zle/colcon_ws/src/install/smarc_msgs/include/smarc_msgs/smarc_msgs/msg/detail/lat_lon_stamped__traits.hpp
[5.877s] -- Up-to-date: /home/schni2zle/colcon_ws/src/install/smarc_msgs/include/smarc_msgs/smarc_msgs/msg/detail/string_pair__traits.hpp
[5.877s] -- Up-to-date: /home/schni2zle/colcon_ws/src/install/smarc_msgs/include/smarc_msgs/smarc_msgs/msg/detail/lat_lon_stamped__struct.hpp
[5.877s] -- Up-to-date: /home/schni2zle/colcon_ws/src/install/smarc_msgs/include/smarc_msgs/smarc_msgs/msg/detail/comms_message__struct.hpp
[5.878s] -- Up-to-date: /home/schni2zle/colcon_ws/src/install/smarc_msgs/include/smarc_msgs/smarc_msgs/msg/detail/leak__struct.hpp
[5.878s] -- Up-to-date: /home/schni2zle/colcon_ws/src/install/smarc_msgs/include/smarc_msgs/smarc_msgs/msg/detail/string_pair__struct.hpp
[5.878s] -- Up-to-date: /home/schni2zle/colcon_ws/src/install/smarc_msgs/include/smarc_msgs/smarc_msgs/msg/detail/thruster_dc__struct.hpp
[5.878s] -- Up-to-date: /home/schni2zle/colcon_ws/src/install/smarc_msgs/include/smarc_msgs/smarc_msgs/msg/detail/execution_status__builder.hpp
[5.882s] -- Up-to-date: /home/schni2zle/colcon_ws/src/install/smarc_msgs/include/smarc_msgs/smarc_msgs/msg/detail/lat_lon_stamped__builder.hpp
[5.883s] -- Up-to-date: /home/schni2zle/colcon_ws/src/install/smarc_msgs/include/smarc_msgs/smarc_msgs/msg/detail/sidescan__struct.hpp
[5.883s] -- Up-to-date: /home/schni2zle/colcon_ws/src/install/smarc_msgs/include/smarc_msgs/smarc_msgs/msg/detail/lat_lon_odometry__struct.hpp
[5.884s] -- Up-to-date: /home/schni2zle/colcon_ws/src/install/smarc_msgs/include/smarc_msgs/smarc_msgs/msg/detail/dvl_beam__traits.hpp
[5.884s] -- Up-to-date: /home/schni2zle/colcon_ws/src/install/smarc_msgs/include/smarc_msgs/smarc_msgs/msg/detail/dual_thruster_rpm__traits.hpp
[5.884s] -- Up-to-date: /home/schni2zle/colcon_ws/src/install/smarc_msgs/include/smarc_msgs/smarc_msgs/msg/detail/sensor_status__traits.hpp
[5.884s] -- Up-to-date: /home/schni2zle/colcon_ws/src/install/smarc_msgs/include/smarc_msgs/smarc_msgs/msg/detail/thruster_feedback__struct.hpp
[5.885s] -- Up-to-date: /home/schni2zle/colcon_ws/src/install/smarc_msgs/include/smarc_msgs/smarc_msgs/msg/detail/ctd__traits.hpp
[5.885s] -- Up-to-date: /home/schni2zle/colcon_ws/src/install/smarc_msgs/include/smarc_msgs/smarc_msgs/msg/detail/thruster_feedback__builder.hpp
[5.885s] -- Up-to-date: /home/schni2zle/colcon_ws/src/install/smarc_msgs/include/smarc_msgs/smarc_msgs/msg/detail/thruster_rpm__traits.hpp
[5.885s] -- Up-to-date: /home/schni2zle/colcon_ws/src/install/smarc_msgs/include/smarc_msgs/smarc_msgs/msg/detail/string_stamped__struct.hpp
[5.885s] -- Up-to-date: /home/schni2zle/colcon_ws/src/install/smarc_msgs/include/smarc_msgs/smarc_msgs/msg/detail/dual_thruster_feedback__traits.hpp
[5.886s] -- Up-to-date: /home/schni2zle/colcon_ws/src/install/smarc_msgs/include/smarc_msgs/smarc_msgs/msg/detail/leak__builder.hpp
[5.886s] -- Up-to-date: /home/schni2zle/colcon_ws/src/install/smarc_msgs/include/smarc_msgs/smarc_msgs/msg/detail/leak__traits.hpp
[5.887s] -- Up-to-date: /home/schni2zle/colcon_ws/src/install/smarc_msgs/include/smarc_msgs/smarc_msgs/msg/detail/sidescan__traits.hpp
[5.891s] -- Up-to-date: /home/schni2zle/colcon_ws/src/install/smarc_msgs/include/smarc_msgs/smarc_msgs/msg/detail/controller_status__struct.hpp
[5.891s] -- Up-to-date: /home/schni2zle/colcon_ws/src/install/smarc_msgs/include/smarc_msgs/smarc_msgs/msg/detail/execution_status__struct.hpp
[5.891s] -- Up-to-date: /home/schni2zle/colcon_ws/src/install/smarc_msgs/include/smarc_msgs/smarc_msgs/msg/detail/string_stamped__builder.hpp
[5.891s] -- Up-to-date: /home/schni2zle/colcon_ws/src/install/smarc_msgs/include/smarc_msgs/smarc_msgs/msg/detail/dvl__struct.hpp
[5.891s] -- Up-to-date: /home/schni2zle/colcon_ws/src/install/smarc_msgs/include/smarc_msgs/smarc_msgs/msg/detail/thruster_rpm__builder.hpp
[5.892s] -- Up-to-date: /home/schni2zle/colcon_ws/src/install/smarc_msgs/include/smarc_msgs/smarc_msgs/msg/detail/float_stamped__builder.hpp
[5.892s] -- Up-to-date: /home/schni2zle/colcon_ws/src/install/smarc_msgs/include/smarc_msgs/smarc_msgs/msg/detail/dual_thruster_rpm__struct.hpp
[5.892s] -- Up-to-date: /home/schni2zle/colcon_ws/src/install/smarc_msgs/include/smarc_msgs/smarc_msgs/msg/detail/string_stamped__traits.hpp
[5.892s] -- Up-to-date: /home/schni2zle/colcon_ws/src/install/smarc_msgs/include/smarc_msgs/smarc_msgs/msg/detail/dual_thruster_feedback__struct.hpp
[5.892s] -- Up-to-date: /home/schni2zle/colcon_ws/src/install/smarc_msgs/include/smarc_msgs/smarc_msgs/msg/lat_lon_stamped.hpp
[5.893s] -- Up-to-date: /home/schni2zle/colcon_ws/src/install/smarc_msgs/include/smarc_msgs/smarc_msgs/msg/thruster_feedback.hpp
[5.893s] -- Up-to-date: /home/schni2zle/colcon_ws/src/install/smarc_msgs/include/smarc_msgs/smarc_msgs/msg/float_stamped.hpp
[5.893s] -- Up-to-date: /home/schni2zle/colcon_ws/src/install/smarc_msgs/include/smarc_msgs/smarc_msgs/msg/dvl.hpp
[5.894s] -- Up-to-date: /home/schni2zle/colcon_ws/src/install/smarc_msgs/include/smarc_msgs/smarc_msgs/msg/sidescan.hpp
[5.895s] -- Up-to-date: /home/schni2zle/colcon_ws/src/install/smarc_msgs/include/smarc_msgs/smarc_msgs/msg/topics.hpp
[5.896s] -- Up-to-date: /home/schni2zle/colcon_ws/src/install/smarc_msgs/include/smarc_msgs/smarc_msgs/msg/execution_status.hpp
[5.896s] -- Up-to-date: /home/schni2zle/colcon_ws/src/install/smarc_msgs/include/smarc_msgs/smarc_msgs/msg/string_pair.hpp
[5.896s] -- Up-to-date: /home/schni2zle/colcon_ws/src/install/smarc_msgs/include/smarc_msgs/smarc_msgs/msg/sm_task.hpp
[5.896s] -- Up-to-date: /home/schni2zle/colcon_ws/src/install/smarc_msgs/include/smarc_msgs/smarc_msgs/srv
[5.896s] -- Up-to-date: /home/schni2zle/colcon_ws/src/install/smarc_msgs/include/smarc_msgs/smarc_msgs/srv/add_tasks.hpp
[5.897s] -- Up-to-date: /home/schni2zle/colcon_ws/src/install/smarc_msgs/include/smarc_msgs/smarc_msgs/srv/nedenu_rotation.hpp
[5.897s] -- Up-to-date: /home/schni2zle/colcon_ws/src/install/smarc_msgs/include/smarc_msgs/smarc_msgs/srv/detail
[5.897s] -- Up-to-date: /home/schni2zle/colcon_ws/src/install/smarc_msgs/include/smarc_msgs/smarc_msgs/srv/detail/cell_occupied__builder.hpp
[5.897s] -- Up-to-date: /home/schni2zle/colcon_ws/src/install/smarc_msgs/include/smarc_msgs/smarc_msgs/srv/detail/nedenu_rotation__struct.hpp
[5.897s] -- Up-to-date: /home/schni2zle/colcon_ws/src/install/smarc_msgs/include/smarc_msgs/smarc_msgs/srv/detail/cell_occupied__traits.hpp
[5.901s] -- Up-to-date: /home/schni2zle/colcon_ws/src/install/smarc_msgs/include/smarc_msgs/smarc_msgs/srv/detail/add_task__builder.hpp
[5.901s] -- Up-to-date: /home/schni2zle/colcon_ws/src/install/smarc_msgs/include/smarc_msgs/smarc_msgs/srv/detail/nedenu_rotation__traits.hpp
[5.901s] -- Up-to-date: /home/schni2zle/colcon_ws/src/install/smarc_msgs/include/smarc_msgs/smarc_msgs/srv/detail/lat_lon_to_utm_odometry__traits.hpp
[5.902s] -- Up-to-date: /home/schni2zle/colcon_ws/src/install/smarc_msgs/include/smarc_msgs/smarc_msgs/srv/detail/cell_occupied__struct.hpp
[5.906s] -- Up-to-date: /home/schni2zle/colcon_ws/src/install/smarc_msgs/include/smarc_msgs/smarc_msgs/srv/detail/add_task__struct.hpp
[5.906s] -- Up-to-date: /home/schni2zle/colcon_ws/src/install/smarc_msgs/include/smarc_msgs/smarc_msgs/srv/detail/lat_lon_to_utm_odometry__struct.hpp
[5.907s] -- Up-to-date: /home/schni2zle/colcon_ws/src/install/smarc_msgs/include/smarc_msgs/smarc_msgs/srv/detail/add_tasks__struct.hpp
[5.907s] -- Up-to-date: /home/schni2zle/colcon_ws/src/install/smarc_msgs/include/smarc_msgs/smarc_msgs/srv/detail/lat_lon_to_utm_odometry__builder.hpp
[5.907s] -- Up-to-date: /home/schni2zle/colcon_ws/src/install/smarc_msgs/include/smarc_msgs/smarc_msgs/srv/detail/add_tasks__builder.hpp
[5.908s] -- Up-to-date: /home/schni2zle/colcon_ws/src/install/smarc_msgs/include/smarc_msgs/smarc_msgs/srv/detail/add_tasks__traits.hpp
[5.908s] -- Up-to-date: /home/schni2zle/colcon_ws/src/install/smarc_msgs/include/smarc_msgs/smarc_msgs/srv/detail/add_task__traits.hpp
[5.908s] -- Up-to-date: /home/schni2zle/colcon_ws/src/install/smarc_msgs/include/smarc_msgs/smarc_msgs/srv/detail/nedenu_rotation__builder.hpp
[5.908s] -- Up-to-date: /home/schni2zle/colcon_ws/src/install/smarc_msgs/include/smarc_msgs/smarc_msgs/srv/add_task.hpp
[5.908s] -- Up-to-date: /home/schni2zle/colcon_ws/src/install/smarc_msgs/include/smarc_msgs/smarc_msgs/srv/lat_lon_to_utm_odometry.hpp
[5.909s] -- Up-to-date: /home/schni2zle/colcon_ws/src/install/smarc_msgs/include/smarc_msgs/smarc_msgs/srv/cell_occupied.hpp
[5.909s] -- Up-to-date: /home/schni2zle/colcon_ws/src/install/smarc_msgs/include/smarc_msgs/smarc_msgs
[5.912s] -- Up-to-date: /home/schni2zle/colcon_ws/src/install/smarc_msgs/include/smarc_msgs/smarc_msgs/msg
[5.913s] -- Up-to-date: /home/schni2zle/colcon_ws/src/install/smarc_msgs/include/smarc_msgs/smarc_msgs/msg/rosidl_typesupport_fastrtps_cpp__visibility_control.h
[5.913s] -- Up-to-date: /home/schni2zle/colcon_ws/src/install/smarc_msgs/include/smarc_msgs/smarc_msgs/msg/detail
[5.913s] -- Up-to-date: /home/schni2zle/colcon_ws/src/install/smarc_msgs/include/smarc_msgs/smarc_msgs/msg/detail/float_stamped__rosidl_typesupport_fastrtps_cpp.hpp
[5.913s] -- Up-to-date: /home/schni2zle/colcon_ws/src/install/smarc_msgs/include/smarc_msgs/smarc_msgs/msg/detail/string_array__rosidl_typesupport_fastrtps_cpp.hpp
[5.914s] -- Up-to-date: /home/schni2zle/colcon_ws/src/install/smarc_msgs/include/smarc_msgs/smarc_msgs/msg/detail/sm_task__rosidl_typesupport_fastrtps_cpp.hpp
[5.914s] -- Up-to-date: /home/schni2zle/colcon_ws/src/install/smarc_msgs/include/smarc_msgs/smarc_msgs/msg/detail/lat_lon_stamped__rosidl_typesupport_fastrtps_cpp.hpp
[5.914s] -- Up-to-date: /home/schni2zle/colcon_ws/src/install/smarc_msgs/include/smarc_msgs/smarc_msgs/msg/detail/dual_thruster_rpm__rosidl_typesupport_fastrtps_cpp.hpp
[5.914s] -- Up-to-date: /home/schni2zle/colcon_ws/src/install/smarc_msgs/include/smarc_msgs/smarc_msgs/msg/detail/string_pair__rosidl_typesupport_fastrtps_cpp.hpp
[5.914s] -- Up-to-date: /home/schni2zle/colcon_ws/src/install/smarc_msgs/include/smarc_msgs/smarc_msgs/msg/detail/thruster_dc__rosidl_typesupport_fastrtps_cpp.hpp
[5.915s] -- Up-to-date: /home/schni2zle/colcon_ws/src/install/smarc_msgs/include/smarc_msgs/smarc_msgs/msg/detail/thruster_feedback__rosidl_typesupport_fastrtps_cpp.hpp
[5.915s] -- Up-to-date: /home/schni2zle/colcon_ws/src/install/smarc_msgs/include/smarc_msgs/smarc_msgs/msg/detail/topics__rosidl_typesupport_fastrtps_cpp.hpp
[5.915s] -- Up-to-date: /home/schni2zle/colcon_ws/src/install/smarc_msgs/include/smarc_msgs/smarc_msgs/msg/detail/dvl_beam__rosidl_typesupport_fastrtps_cpp.hpp
[5.915s] -- Up-to-date: /home/schni2zle/colcon_ws/src/install/smarc_msgs/include/smarc_msgs/smarc_msgs/msg/detail/dvl__rosidl_typesupport_fastrtps_cpp.hpp
[5.916s] -- Up-to-date: /home/schni2zle/colcon_ws/src/install/smarc_msgs/include/smarc_msgs/smarc_msgs/msg/detail/sidescan__rosidl_typesupport_fastrtps_cpp.hpp
[5.917s] -- Up-to-date: /home/schni2zle/colcon_ws/src/install/smarc_msgs/include/smarc_msgs/smarc_msgs/msg/detail/execution_status__rosidl_typesupport_fastrtps_cpp.hpp
[5.918s] -- Up-to-date: /home/schni2zle/colcon_ws/src/install/smarc_msgs/include/smarc_msgs/smarc_msgs/msg/detail/ctd__rosidl_typesupport_fastrtps_cpp.hpp
[5.935s] -- Up-to-date: /home/schni2zle/colcon_ws/src/install/smarc_msgs/include/smarc_msgs/smarc_msgs/msg/detail/comms_message__rosidl_typesupport_fastrtps_cpp.hpp
[5.935s] -- Up-to-date: /home/schni2zle/colcon_ws/src/install/smarc_msgs/include/smarc_msgs/smarc_msgs/msg/detail/sensor_status__rosidl_typesupport_fastrtps_cpp.hpp
[5.935s] -- Up-to-date: /home/schni2zle/colcon_ws/src/install/smarc_msgs/include/smarc_msgs/smarc_msgs/msg/detail/string_stamped__rosidl_typesupport_fastrtps_cpp.hpp
[5.935s] -- Up-to-date: /home/schni2zle/colcon_ws/src/install/smarc_msgs/include/smarc_msgs/smarc_msgs/msg/detail/dds_fastrtps
[5.936s] -- Up-to-date: /home/schni2zle/colcon_ws/src/install/smarc_msgs/include/smarc_msgs/smarc_msgs/msg/detail/controller_status__rosidl_typesupport_fastrtps_cpp.hpp
[5.938s] -- Up-to-date: /home/schni2zle/colcon_ws/src/install/smarc_msgs/include/smarc_msgs/smarc_msgs/msg/detail/thruster_rpm__rosidl_typesupport_fastrtps_cpp.hpp
[5.938s] -- Up-to-date: /home/schni2zle/colcon_ws/src/install/smarc_msgs/include/smarc_msgs/smarc_msgs/msg/detail/lat_lon_odometry__rosidl_typesupport_fastrtps_cpp.hpp
[5.941s] -- Up-to-date: /home/schni2zle/colcon_ws/src/install/smarc_msgs/include/smarc_msgs/smarc_msgs/msg/detail/dual_thruster_feedback__rosidl_typesupport_fastrtps_cpp.hpp
[5.941s] -- Up-to-date: /home/schni2zle/colcon_ws/src/install/smarc_msgs/include/smarc_msgs/smarc_msgs/msg/detail/leak__rosidl_typesupport_fastrtps_cpp.hpp
[5.942s] -- Up-to-date: /home/schni2zle/colcon_ws/src/install/smarc_msgs/include/smarc_msgs/smarc_msgs/srv
[5.942s] -- Up-to-date: /home/schni2zle/colcon_ws/src/install/smarc_msgs/include/smarc_msgs/smarc_msgs/srv/detail
[5.942s] -- Up-to-date: /home/schni2zle/colcon_ws/src/install/smarc_msgs/include/smarc_msgs/smarc_msgs/srv/detail/add_tasks__rosidl_typesupport_fastrtps_cpp.hpp
[5.942s] -- Up-to-date: /home/schni2zle/colcon_ws/src/install/smarc_msgs/include/smarc_msgs/smarc_msgs/srv/detail/add_task__rosidl_typesupport_fastrtps_cpp.hpp
[5.948s] -- Up-to-date: /home/schni2zle/colcon_ws/src/install/smarc_msgs/include/smarc_msgs/smarc_msgs/srv/detail/cell_occupied__rosidl_typesupport_fastrtps_cpp.hpp
[5.951s] -- Up-to-date: /home/schni2zle/colcon_ws/src/install/smarc_msgs/include/smarc_msgs/smarc_msgs/srv/detail/dds_fastrtps
[5.952s] -- Up-to-date: /home/schni2zle/colcon_ws/src/install/smarc_msgs/include/smarc_msgs/smarc_msgs/srv/detail/nedenu_rotation__rosidl_typesupport_fastrtps_cpp.hpp
[5.952s] -- Up-to-date: /home/schni2zle/colcon_ws/src/install/smarc_msgs/include/smarc_msgs/smarc_msgs/srv/detail/lat_lon_to_utm_odometry__rosidl_typesupport_fastrtps_cpp.hpp
[5.952s] -- Up-to-date: /home/schni2zle/colcon_ws/src/install/smarc_msgs/lib/libsmarc_msgs__rosidl_typesupport_fastrtps_cpp.so
[5.952s] -- Up-to-date: /home/schni2zle/colcon_ws/src/install/smarc_msgs/include/smarc_msgs/smarc_msgs
[5.952s] -- Up-to-date: /home/schni2zle/colcon_ws/src/install/smarc_msgs/include/smarc_msgs/smarc_msgs/msg
[5.952s] -- Up-to-date: /home/schni2zle/colcon_ws/src/install/smarc_msgs/include/smarc_msgs/smarc_msgs/msg/detail
[5.953s] -- Up-to-date: /home/schni2zle/colcon_ws/src/install/smarc_msgs/include/smarc_msgs/smarc_msgs/msg/detail/dvl__type_support.cpp
[5.953s] -- Up-to-date: /home/schni2zle/colcon_ws/src/install/smarc_msgs/include/smarc_msgs/smarc_msgs/msg/detail/dual_thruster_feedback__rosidl_typesupport_introspection_cpp.hpp
[5.953s] -- Up-to-date: /home/schni2zle/colcon_ws/src/install/smarc_msgs/include/smarc_msgs/smarc_msgs/msg/detail/sensor_status__type_support.cpp
[5.953s] -- Up-to-date: /home/schni2zle/colcon_ws/src/install/smarc_msgs/include/smarc_msgs/smarc_msgs/msg/detail/string_pair__rosidl_typesupport_introspection_cpp.hpp
[5.953s] -- Up-to-date: /home/schni2zle/colcon_ws/src/install/smarc_msgs/include/smarc_msgs/smarc_msgs/msg/detail/lat_lon_stamped__rosidl_typesupport_introspection_cpp.hpp
[5.983s] -- Up-to-date: /home/schni2zle/colcon_ws/src/install/smarc_msgs/include/smarc_msgs/smarc_msgs/msg/detail/dvl__rosidl_typesupport_introspection_cpp.hpp
[5.983s] -- Up-to-date: /home/schni2zle/colcon_ws/src/install/smarc_msgs/include/smarc_msgs/smarc_msgs/msg/detail/sidescan__rosidl_typesupport_introspection_cpp.hpp
[5.983s] -- Up-to-date: /home/schni2zle/colcon_ws/src/install/smarc_msgs/include/smarc_msgs/smarc_msgs/msg/detail/topics__type_support.cpp
[5.983s] -- Up-to-date: /home/schni2zle/colcon_ws/src/install/smarc_msgs/include/smarc_msgs/smarc_msgs/msg/detail/sm_task__rosidl_typesupport_introspection_cpp.hpp
[5.984s] -- Up-to-date: /home/schni2zle/colcon_ws/src/install/smarc_msgs/include/smarc_msgs/smarc_msgs/msg/detail/string_stamped__rosidl_typesupport_introspection_cpp.hpp
[5.984s] -- Up-to-date: /home/schni2zle/colcon_ws/src/install/smarc_msgs/include/smarc_msgs/smarc_msgs/msg/detail/sm_task__type_support.cpp
[5.984s] -- Up-to-date: /home/schni2zle/colcon_ws/src/install/smarc_msgs/include/smarc_msgs/smarc_msgs/msg/detail/dvl_beam__rosidl_typesupport_introspection_cpp.hpp
[5.984s] -- Up-to-date: /home/schni2zle/colcon_ws/src/install/smarc_msgs/include/smarc_msgs/smarc_msgs/msg/detail/dual_thruster_rpm__rosidl_typesupport_introspection_cpp.hpp
[5.985s] -- Up-to-date: /home/schni2zle/colcon_ws/src/install/smarc_msgs/include/smarc_msgs/smarc_msgs/msg/detail/dual_thruster_rpm__type_support.cpp
[5.985s] -- Up-to-date: /home/schni2zle/colcon_ws/src/install/smarc_msgs/include/smarc_msgs/smarc_msgs/msg/detail/string_array__rosidl_typesupport_introspection_cpp.hpp
[5.985s] -- Up-to-date: /home/schni2zle/colcon_ws/src/install/smarc_msgs/include/smarc_msgs/smarc_msgs/msg/detail/controller_status__type_support.cpp
[5.985s] -- Up-to-date: /home/schni2zle/colcon_ws/src/install/smarc_msgs/include/smarc_msgs/smarc_msgs/msg/detail/thruster_feedback__rosidl_typesupport_introspection_cpp.hpp
[5.985s] -- Up-to-date: /home/schni2zle/colcon_ws/src/install/smarc_msgs/include/smarc_msgs/smarc_msgs/msg/detail/dual_thruster_feedback__type_support.cpp
[5.986s] -- Up-to-date: /home/schni2zle/colcon_ws/src/install/smarc_msgs/include/smarc_msgs/smarc_msgs/msg/detail/controller_status__rosidl_typesupport_introspection_cpp.hpp
[5.986s] -- Up-to-date: /home/schni2zle/colcon_ws/src/install/smarc_msgs/include/smarc_msgs/smarc_msgs/msg/detail/string_stamped__type_support.cpp
[5.986s] -- Up-to-date: /home/schni2zle/colcon_ws/src/install/smarc_msgs/include/smarc_msgs/smarc_msgs/msg/detail/lat_lon_stamped__type_support.cpp
[5.986s] -- Up-to-date: /home/schni2zle/colcon_ws/src/install/smarc_msgs/include/smarc_msgs/smarc_msgs/msg/detail/string_array__type_support.cpp
[5.986s] -- Up-to-date: /home/schni2zle/colcon_ws/src/install/smarc_msgs/include/smarc_msgs/smarc_msgs/msg/detail/dvl_beam__type_support.cpp
[5.989s] -- Up-to-date: /home/schni2zle/colcon_ws/src/install/smarc_msgs/include/smarc_msgs/smarc_msgs/msg/detail/float_stamped__rosidl_typesupport_introspection_cpp.hpp
[5.989s] -- Up-to-date: /home/schni2zle/colcon_ws/src/install/smarc_msgs/include/smarc_msgs/smarc_msgs/msg/detail/execution_status__rosidl_typesupport_introspection_cpp.hpp
[5.994s] -- Up-to-date: /home/schni2zle/colcon_ws/src/install/smarc_msgs/include/smarc_msgs/smarc_msgs/msg/detail/sidescan__type_support.cpp
[5.994s] -- Up-to-date: /home/schni2zle/colcon_ws/src/install/smarc_msgs/include/smarc_msgs/smarc_msgs/msg/detail/ctd__rosidl_typesupport_introspection_cpp.hpp
[5.994s] -- Up-to-date: /home/schni2zle/colcon_ws/src/install/smarc_msgs/include/smarc_msgs/smarc_msgs/msg/detail/leak__rosidl_typesupport_introspection_cpp.hpp
[5.994s] -- Up-to-date: /home/schni2zle/colcon_ws/src/install/smarc_msgs/include/smarc_msgs/smarc_msgs/msg/detail/thruster_dc__type_support.cpp
[5.995s] -- Up-to-date: /home/schni2zle/colcon_ws/src/install/smarc_msgs/include/smarc_msgs/smarc_msgs/msg/detail/thruster_rpm__type_support.cpp
[5.995s] -- Up-to-date: /home/schni2zle/colcon_ws/src/install/smarc_msgs/include/smarc_msgs/smarc_msgs/msg/detail/lat_lon_odometry__rosidl_typesupport_introspection_cpp.hpp
[5.995s] -- Up-to-date: /home/schni2zle/colcon_ws/src/install/smarc_msgs/include/smarc_msgs/smarc_msgs/msg/detail/topics__rosidl_typesupport_introspection_cpp.hpp
[5.995s] -- Up-to-date: /home/schni2zle/colcon_ws/src/install/smarc_msgs/include/smarc_msgs/smarc_msgs/msg/detail/thruster_dc__rosidl_typesupport_introspection_cpp.hpp
[5.995s] -- Up-to-date: /home/schni2zle/colcon_ws/src/install/smarc_msgs/include/smarc_msgs/smarc_msgs/msg/detail/thruster_feedback__type_support.cpp
[5.996s] -- Up-to-date: /home/schni2zle/colcon_ws/src/install/smarc_msgs/include/smarc_msgs/smarc_msgs/msg/detail/execution_status__type_support.cpp
[5.996s] -- Up-to-date: /home/schni2zle/colcon_ws/src/install/smarc_msgs/include/smarc_msgs/smarc_msgs/msg/detail/float_stamped__type_support.cpp
[5.996s] -- Up-to-date: /home/schni2zle/colcon_ws/src/install/smarc_msgs/include/smarc_msgs/smarc_msgs/msg/detail/lat_lon_odometry__type_support.cpp
[5.996s] -- Up-to-date: /home/schni2zle/colcon_ws/src/install/smarc_msgs/include/smarc_msgs/smarc_msgs/msg/detail/string_pair__type_support.cpp
[6.006s] -- Up-to-date: /home/schni2zle/colcon_ws/src/install/smarc_msgs/include/smarc_msgs/smarc_msgs/msg/detail/comms_message__rosidl_typesupport_introspection_cpp.hpp
[6.007s] -- Up-to-date: /home/schni2zle/colcon_ws/src/install/smarc_msgs/include/smarc_msgs/smarc_msgs/msg/detail/ctd__type_support.cpp
[6.007s] -- Up-to-date: /home/schni2zle/colcon_ws/src/install/smarc_msgs/include/smarc_msgs/smarc_msgs/msg/detail/leak__type_support.cpp
[6.007s] -- Up-to-date: /home/schni2zle/colcon_ws/src/install/smarc_msgs/include/smarc_msgs/smarc_msgs/msg/detail/sensor_status__rosidl_typesupport_introspection_cpp.hpp
[6.007s] -- Up-to-date: /home/schni2zle/colcon_ws/src/install/smarc_msgs/include/smarc_msgs/smarc_msgs/msg/detail/thruster_rpm__rosidl_typesupport_introspection_cpp.hpp
[6.007s] -- Up-to-date: /home/schni2zle/colcon_ws/src/install/smarc_msgs/include/smarc_msgs/smarc_msgs/msg/detail/comms_message__type_support.cpp
[6.008s] -- Up-to-date: /home/schni2zle/colcon_ws/src/install/smarc_msgs/include/smarc_msgs/smarc_msgs/srv
[6.008s] -- Up-to-date: /home/schni2zle/colcon_ws/src/install/smarc_msgs/include/smarc_msgs/smarc_msgs/srv/detail
[6.008s] -- Up-to-date: /home/schni2zle/colcon_ws/src/install/smarc_msgs/include/smarc_msgs/smarc_msgs/srv/detail/nedenu_rotation__rosidl_typesupport_introspection_cpp.hpp
[6.008s] -- Up-to-date: /home/schni2zle/colcon_ws/src/install/smarc_msgs/include/smarc_msgs/smarc_msgs/srv/detail/cell_occupied__type_support.cpp
[6.008s] -- Up-to-date: /home/schni2zle/colcon_ws/src/install/smarc_msgs/include/smarc_msgs/smarc_msgs/srv/detail/add_tasks__rosidl_typesupport_introspection_cpp.hpp
[6.009s] -- Up-to-date: /home/schni2zle/colcon_ws/src/install/smarc_msgs/include/smarc_msgs/smarc_msgs/srv/detail/lat_lon_to_utm_odometry__type_support.cpp
[6.009s] -- Up-to-date: /home/schni2zle/colcon_ws/src/install/smarc_msgs/include/smarc_msgs/smarc_msgs/srv/detail/add_task__rosidl_typesupport_introspection_cpp.hpp
[6.009s] -- Up-to-date: /home/schni2zle/colcon_ws/src/install/smarc_msgs/include/smarc_msgs/smarc_msgs/srv/detail/cell_occupied__rosidl_typesupport_introspection_cpp.hpp
[6.012s] -- Up-to-date: /home/schni2zle/colcon_ws/src/install/smarc_msgs/include/smarc_msgs/smarc_msgs/srv/detail/nedenu_rotation__type_support.cpp
[6.013s] -- Up-to-date: /home/schni2zle/colcon_ws/src/install/smarc_msgs/include/smarc_msgs/smarc_msgs/srv/detail/add_task__type_support.cpp
[6.013s] -- Up-to-date: /home/schni2zle/colcon_ws/src/install/smarc_msgs/include/smarc_msgs/smarc_msgs/srv/detail/add_tasks__type_support.cpp
[6.013s] -- Up-to-date: /home/schni2zle/colcon_ws/src/install/smarc_msgs/include/smarc_msgs/smarc_msgs/srv/detail/lat_lon_to_utm_odometry__rosidl_typesupport_introspection_cpp.hpp
[6.013s] -- Up-to-date: /home/schni2zle/colcon_ws/src/install/smarc_msgs/lib/libsmarc_msgs__rosidl_typesupport_introspection_cpp.so
[6.014s] -- Up-to-date: /home/schni2zle/colcon_ws/src/install/smarc_msgs/lib/libsmarc_msgs__rosidl_typesupport_cpp.so
[6.014s] -- Up-to-date: /home/schni2zle/colcon_ws/src/install/smarc_msgs/share/smarc_msgs/environment/pythonpath.sh
[6.014s] -- Up-to-date: /home/schni2zle/colcon_ws/src/install/smarc_msgs/share/smarc_msgs/environment/pythonpath.dsv
[6.014s] -- Up-to-date: /home/schni2zle/colcon_ws/src/install/smarc_msgs/local/lib/python3.10/dist-packages/smarc_msgs-0.1.0-py3.10.egg-info
[6.015s] -- Installing: /home/schni2zle/colcon_ws/src/install/smarc_msgs/local/lib/python3.10/dist-packages/smarc_msgs-0.1.0-py3.10.egg-info/PKG-INFO
[6.015s] -- Installing: /home/schni2zle/colcon_ws/src/install/smarc_msgs/local/lib/python3.10/dist-packages/smarc_msgs-0.1.0-py3.10.egg-info/SOURCES.txt
[6.015s] -- Installing: /home/schni2zle/colcon_ws/src/install/smarc_msgs/local/lib/python3.10/dist-packages/smarc_msgs-0.1.0-py3.10.egg-info/top_level.txt
[6.015s] -- Installing: /home/schni2zle/colcon_ws/src/install/smarc_msgs/local/lib/python3.10/dist-packages/smarc_msgs-0.1.0-py3.10.egg-info/dependency_links.txt
[6.015s] -- Up-to-date: /home/schni2zle/colcon_ws/src/install/smarc_msgs/local/lib/python3.10/dist-packages/smarc_msgs
[6.015s] -- Up-to-date: /home/schni2zle/colcon_ws/src/install/smarc_msgs/local/lib/python3.10/dist-packages/smarc_msgs/msg
[6.016s] -- Up-to-date: /home/schni2zle/colcon_ws/src/install/smarc_msgs/local/lib/python3.10/dist-packages/smarc_msgs/msg/_leak.py
[6.016s] -- Up-to-date: /home/schni2zle/colcon_ws/src/install/smarc_msgs/local/lib/python3.10/dist-packages/smarc_msgs/msg/_sensor_status_s.c
[6.016s] -- Up-to-date: /home/schni2zle/colcon_ws/src/install/smarc_msgs/local/lib/python3.10/dist-packages/smarc_msgs/msg/_string_pair.py
[6.016s] -- Up-to-date: /home/schni2zle/colcon_ws/src/install/smarc_msgs/local/lib/python3.10/dist-packages/smarc_msgs/msg/_lat_lon_odometry_s.c
[6.016s] -- Up-to-date: /home/schni2zle/colcon_ws/src/install/smarc_msgs/local/lib/python3.10/dist-packages/smarc_msgs/msg/_dual_thruster_feedback_s.c
[6.017s] -- Up-to-date: /home/schni2zle/colcon_ws/src/install/smarc_msgs/local/lib/python3.10/dist-packages/smarc_msgs/msg/_comms_message.py
[6.017s] -- Up-to-date: /home/schni2zle/colcon_ws/src/install/smarc_msgs/local/lib/python3.10/dist-packages/smarc_msgs/msg/_controller_status_s.c
[6.017s] -- Up-to-date: /home/schni2zle/colcon_ws/src/install/smarc_msgs/local/lib/python3.10/dist-packages/smarc_msgs/msg/_lat_lon_stamped_s.c
[6.017s] -- Up-to-date: /home/schni2zle/colcon_ws/src/install/smarc_msgs/local/lib/python3.10/dist-packages/smarc_msgs/msg/_thruster_feedback.py
[6.025s] -- Up-to-date: /home/schni2zle/colcon_ws/src/install/smarc_msgs/local/lib/python3.10/dist-packages/smarc_msgs/msg/_dvl_beam_s.c
[6.026s] -- Up-to-date: /home/schni2zle/colcon_ws/src/install/smarc_msgs/local/lib/python3.10/dist-packages/smarc_msgs/msg/_string_array.py
[6.026s] -- Up-to-date: /home/schni2zle/colcon_ws/src/install/smarc_msgs/local/lib/python3.10/dist-packages/smarc_msgs/msg/_lat_lon_stamped.py
[6.026s] -- Up-to-date: /home/schni2zle/colcon_ws/src/install/smarc_msgs/local/lib/python3.10/dist-packages/smarc_msgs/msg/_thruster_feedback_s.c
[6.026s] -- Up-to-date: /home/schni2zle/colcon_ws/src/install/smarc_msgs/local/lib/python3.10/dist-packages/smarc_msgs/msg/_dvl_s.c
[6.027s] -- Up-to-date: /home/schni2zle/colcon_ws/src/install/smarc_msgs/local/lib/python3.10/dist-packages/smarc_msgs/msg/_float_stamped_s.c
[6.027s] -- Up-to-date: /home/schni2zle/colcon_ws/src/install/smarc_msgs/local/lib/python3.10/dist-packages/smarc_msgs/msg/_dual_thruster_feedback.py
[6.027s] -- Up-to-date: /home/schni2zle/colcon_ws/src/install/smarc_msgs/local/lib/python3.10/dist-packages/smarc_msgs/msg/_comms_message_s.c
[6.027s] -- Up-to-date: /home/schni2zle/colcon_ws/src/install/smarc_msgs/local/lib/python3.10/dist-packages/smarc_msgs/msg/_topics_s.c
[6.027s] -- Up-to-date: /home/schni2zle/colcon_ws/src/install/smarc_msgs/local/lib/python3.10/dist-packages/smarc_msgs/msg/_float_stamped.py
[6.028s] -- Up-to-date: /home/schni2zle/colcon_ws/src/install/smarc_msgs/local/lib/python3.10/dist-packages/smarc_msgs/msg/_execution_status_s.c
[6.028s] -- Up-to-date: /home/schni2zle/colcon_ws/src/install/smarc_msgs/local/lib/python3.10/dist-packages/smarc_msgs/msg/_execution_status.py
[6.028s] -- Up-to-date: /home/schni2zle/colcon_ws/src/install/smarc_msgs/local/lib/python3.10/dist-packages/smarc_msgs/msg/_sm_task.py
[6.028s] -- Up-to-date: /home/schni2zle/colcon_ws/src/install/smarc_msgs/local/lib/python3.10/dist-packages/smarc_msgs/msg/_ctd.py
[6.028s] -- Up-to-date: /home/schni2zle/colcon_ws/src/install/smarc_msgs/local/lib/python3.10/dist-packages/smarc_msgs/msg/_sm_task_s.c
[6.036s] -- Up-to-date: /home/schni2zle/colcon_ws/src/install/smarc_msgs/local/lib/python3.10/dist-packages/smarc_msgs/msg/_thruster_dc_s.c
[6.036s] -- Up-to-date: /home/schni2zle/colcon_ws/src/install/smarc_msgs/local/lib/python3.10/dist-packages/smarc_msgs/msg/_sidescan.py
[6.036s] -- Up-to-date: /home/schni2zle/colcon_ws/src/install/smarc_msgs/local/lib/python3.10/dist-packages/smarc_msgs/msg/_leak_s.c
[6.037s] -- Up-to-date: /home/schni2zle/colcon_ws/src/install/smarc_msgs/local/lib/python3.10/dist-packages/smarc_msgs/msg/_controller_status.py
[6.037s] -- Up-to-date: /home/schni2zle/colcon_ws/src/install/smarc_msgs/local/lib/python3.10/dist-packages/smarc_msgs/msg/_string_stamped.py
[6.038s] -- Up-to-date: /home/schni2zle/colcon_ws/src/install/smarc_msgs/local/lib/python3.10/dist-packages/smarc_msgs/msg/_dual_thruster_rpm.py
[6.038s] -- Up-to-date: /home/schni2zle/colcon_ws/src/install/smarc_msgs/local/lib/python3.10/dist-packages/smarc_msgs/msg/_topics.py
[6.039s] -- Up-to-date: /home/schni2zle/colcon_ws/src/install/smarc_msgs/local/lib/python3.10/dist-packages/smarc_msgs/msg/__init__.py
[6.039s] -- Up-to-date: /home/schni2zle/colcon_ws/src/install/smarc_msgs/local/lib/python3.10/dist-packages/smarc_msgs/msg/_dvl.py
[6.045s] -- Up-to-date: /home/schni2zle/colcon_ws/src/install/smarc_msgs/local/lib/python3.10/dist-packages/smarc_msgs/msg/_sensor_status.py
[6.048s] -- Up-to-date: /home/schni2zle/colcon_ws/src/install/smarc_msgs/local/lib/python3.10/dist-packages/smarc_msgs/msg/_string_array_s.c
[6.048s] -- Up-to-date: /home/schni2zle/colcon_ws/src/install/smarc_msgs/local/lib/python3.10/dist-packages/smarc_msgs/msg/_ctd_s.c
[6.048s] -- Up-to-date: /home/schni2zle/colcon_ws/src/install/smarc_msgs/local/lib/python3.10/dist-packages/smarc_msgs/msg/_thruster_rpm.py
[6.049s] -- Up-to-date: /home/schni2zle/colcon_ws/src/install/smarc_msgs/local/lib/python3.10/dist-packages/smarc_msgs/msg/_lat_lon_odometry.py
[6.049s] -- Up-to-date: /home/schni2zle/colcon_ws/src/install/smarc_msgs/local/lib/python3.10/dist-packages/smarc_msgs/msg/_dvl_beam.py
[6.049s] -- Up-to-date: /home/schni2zle/colcon_ws/src/install/smarc_msgs/local/lib/python3.10/dist-packages/smarc_msgs/msg/_string_stamped_s.c
[6.049s] -- Up-to-date: /home/schni2zle/colcon_ws/src/install/smarc_msgs/local/lib/python3.10/dist-packages/smarc_msgs/msg/_sidescan_s.c
[6.050s] -- Up-to-date: /home/schni2zle/colcon_ws/src/install/smarc_msgs/local/lib/python3.10/dist-packages/smarc_msgs/msg/_thruster_dc.py
[6.050s] -- Up-to-date: /home/schni2zle/colcon_ws/src/install/smarc_msgs/local/lib/python3.10/dist-packages/smarc_msgs/msg/_dual_thruster_rpm_s.c
[6.050s] -- Up-to-date: /home/schni2zle/colcon_ws/src/install/smarc_msgs/local/lib/python3.10/dist-packages/smarc_msgs/msg/_string_pair_s.c
[6.050s] -- Up-to-date: /home/schni2zle/colcon_ws/src/install/smarc_msgs/local/lib/python3.10/dist-packages/smarc_msgs/msg/_thruster_rpm_s.c
[6.051s] -- Up-to-date: /home/schni2zle/colcon_ws/src/install/smarc_msgs/local/lib/python3.10/dist-packages/smarc_msgs/_smarc_msgs_s.ep.rosidl_typesupport_c.c
[6.051s] -- Up-to-date: /home/schni2zle/colcon_ws/src/install/smarc_msgs/local/lib/python3.10/dist-packages/smarc_msgs/srv
[6.051s] -- Up-to-date: /home/schni2zle/colcon_ws/src/install/smarc_msgs/local/lib/python3.10/dist-packages/smarc_msgs/srv/_add_tasks.py
[6.051s] -- Up-to-date: /home/schni2zle/colcon_ws/src/install/smarc_msgs/local/lib/python3.10/dist-packages/smarc_msgs/srv/_lat_lon_to_utm_odometry.py
[6.057s] -- Up-to-date: /home/schni2zle/colcon_ws/src/install/smarc_msgs/local/lib/python3.10/dist-packages/smarc_msgs/srv/_add_task.py
[6.057s] -- Up-to-date: /home/schni2zle/colcon_ws/src/install/smarc_msgs/local/lib/python3.10/dist-packages/smarc_msgs/srv/_cell_occupied_s.c
[6.057s] -- Up-to-date: /home/schni2zle/colcon_ws/src/install/smarc_msgs/local/lib/python3.10/dist-packages/smarc_msgs/srv/_nedenu_rotation_s.c
[6.057s] -- Up-to-date: /home/schni2zle/colcon_ws/src/install/smarc_msgs/local/lib/python3.10/dist-packages/smarc_msgs/srv/_lat_lon_to_utm_odometry_s.c
[6.057s] -- Up-to-date: /home/schni2zle/colcon_ws/src/install/smarc_msgs/local/lib/python3.10/dist-packages/smarc_msgs/srv/_add_tasks_s.c
[6.058s] -- Up-to-date: /home/schni2zle/colcon_ws/src/install/smarc_msgs/local/lib/python3.10/dist-packages/smarc_msgs/srv/__init__.py
[6.058s] -- Up-to-date: /home/schni2zle/colcon_ws/src/install/smarc_msgs/local/lib/python3.10/dist-packages/smarc_msgs/srv/_nedenu_rotation.py
[6.058s] -- Up-to-date: /home/schni2zle/colcon_ws/src/install/smarc_msgs/local/lib/python3.10/dist-packages/smarc_msgs/srv/_add_task_s.c
[6.059s] -- Up-to-date: /home/schni2zle/colcon_ws/src/install/smarc_msgs/local/lib/python3.10/dist-packages/smarc_msgs/srv/_cell_occupied.py
[6.060s] -- Up-to-date: /home/schni2zle/colcon_ws/src/install/smarc_msgs/local/lib/python3.10/dist-packages/smarc_msgs/smarc_msgs_s__rosidl_typesupport_c.cpython-310-x86_64-linux-gnu.so
[6.060s] -- Up-to-date: /home/schni2zle/colcon_ws/src/install/smarc_msgs/local/lib/python3.10/dist-packages/smarc_msgs/smarc_msgs_s__rosidl_typesupport_introspection_c.cpython-310-x86_64-linux-gnu.so
[6.060s] -- Up-to-date: /home/schni2zle/colcon_ws/src/install/smarc_msgs/local/lib/python3.10/dist-packages/smarc_msgs/__init__.py
[6.060s] -- Up-to-date: /home/schni2zle/colcon_ws/src/install/smarc_msgs/local/lib/python3.10/dist-packages/smarc_msgs/smarc_msgs_s__rosidl_typesupport_fastrtps_c.cpython-310-x86_64-linux-gnu.so
[6.063s] -- Up-to-date: /home/schni2zle/colcon_ws/src/install/smarc_msgs/local/lib/python3.10/dist-packages/smarc_msgs/libsmarc_msgs__rosidl_generator_py.so
[6.064s] -- Up-to-date: /home/schni2zle/colcon_ws/src/install/smarc_msgs/local/lib/python3.10/dist-packages/smarc_msgs/_smarc_msgs_s.ep.rosidl_typesupport_fastrtps_c.c
[6.064s] -- Up-to-date: /home/schni2zle/colcon_ws/src/install/smarc_msgs/local/lib/python3.10/dist-packages/smarc_msgs/_smarc_msgs_s.ep.rosidl_typesupport_introspection_c.c
[6.107s] Listing '/home/schni2zle/colcon_ws/src/install/smarc_msgs/local/lib/python3.10/dist-packages/smarc_msgs'...
[6.108s] Listing '/home/schni2zle/colcon_ws/src/install/smarc_msgs/local/lib/python3.10/dist-packages/smarc_msgs/msg'...
[6.108s] Listing '/home/schni2zle/colcon_ws/src/install/smarc_msgs/local/lib/python3.10/dist-packages/smarc_msgs/srv'...
[6.108s] -- Up-to-date: /home/schni2zle/colcon_ws/src/install/smarc_msgs/local/lib/python3.10/dist-packages/smarc_msgs/smarc_msgs_s__rosidl_typesupport_fastrtps_c.cpython-310-x86_64-linux-gnu.so
[6.108s] -- Up-to-date: /home/schni2zle/colcon_ws/src/install/smarc_msgs/local/lib/python3.10/dist-packages/smarc_msgs/smarc_msgs_s__rosidl_typesupport_introspection_c.cpython-310-x86_64-linux-gnu.so
[6.113s] -- Up-to-date: /home/schni2zle/colcon_ws/src/install/smarc_msgs/local/lib/python3.10/dist-packages/smarc_msgs/smarc_msgs_s__rosidl_typesupport_c.cpython-310-x86_64-linux-gnu.so
[6.113s] -- Up-to-date: /home/schni2zle/colcon_ws/src/install/smarc_msgs/lib/libsmarc_msgs__rosidl_generator_py.so
[6.113s] -- Up-to-date: /home/schni2zle/colcon_ws/src/install/smarc_msgs/share/smarc_msgs/srv/CellOccupied.idl
[6.114s] -- Up-to-date: /home/schni2zle/colcon_ws/src/install/smarc_msgs/share/smarc_msgs/srv/AddTask.idl
[6.114s] -- Up-to-date: /home/schni2zle/colcon_ws/src/install/smarc_msgs/share/smarc_msgs/srv/AddTasks.idl
[6.114s] -- Up-to-date: /home/schni2zle/colcon_ws/src/install/smarc_msgs/share/smarc_msgs/srv/NEDENURotation.idl
[6.114s] -- Up-to-date: /home/schni2zle/colcon_ws/src/install/smarc_msgs/share/smarc_msgs/srv/LatLonToUTMOdometry.idl
[6.114s] -- Up-to-date: /home/schni2zle/colcon_ws/src/install/smarc_msgs/share/smarc_msgs/msg/CommsMessage.idl
[6.115s] -- Up-to-date: /home/schni2zle/colcon_ws/src/install/smarc_msgs/share/smarc_msgs/msg/ControllerStatus.idl
[6.115s] -- Up-to-date: /home/schni2zle/colcon_ws/src/install/smarc_msgs/share/smarc_msgs/msg/CTD.idl
[6.115s] -- Up-to-date: /home/schni2zle/colcon_ws/src/install/smarc_msgs/share/smarc_msgs/msg/DualThrusterFeedback.idl
[6.115s] -- Up-to-date: /home/schni2zle/colcon_ws/src/install/smarc_msgs/share/smarc_msgs/msg/DualThrusterRPM.idl
[6.115s] -- Up-to-date: /home/schni2zle/colcon_ws/src/install/smarc_msgs/share/smarc_msgs/msg/DVLBeam.idl
[6.116s] -- Up-to-date: /home/schni2zle/colcon_ws/src/install/smarc_msgs/share/smarc_msgs/msg/DVL.idl
[6.116s] -- Up-to-date: /home/schni2zle/colcon_ws/src/install/smarc_msgs/share/smarc_msgs/msg/ExecutionStatus.idl
[6.116s] -- Up-to-date: /home/schni2zle/colcon_ws/src/install/smarc_msgs/share/smarc_msgs/msg/FloatStamped.idl
[6.116s] -- Up-to-date: /home/schni2zle/colcon_ws/src/install/smarc_msgs/share/smarc_msgs/msg/LatLonOdometry.idl
[6.119s] -- Up-to-date: /home/schni2zle/colcon_ws/src/install/smarc_msgs/share/smarc_msgs/msg/LatLonStamped.idl
[6.120s] -- Up-to-date: /home/schni2zle/colcon_ws/src/install/smarc_msgs/share/smarc_msgs/msg/Leak.idl
[6.120s] -- Up-to-date: /home/schni2zle/colcon_ws/src/install/smarc_msgs/share/smarc_msgs/msg/SensorStatus.idl
[6.120s] -- Up-to-date: /home/schni2zle/colcon_ws/src/install/smarc_msgs/share/smarc_msgs/msg/Sidescan.idl
[6.120s] -- Up-to-date: /home/schni2zle/colcon_ws/src/install/smarc_msgs/share/smarc_msgs/msg/SMTask.idl
[6.121s] -- Up-to-date: /home/schni2zle/colcon_ws/src/install/smarc_msgs/share/smarc_msgs/msg/StringArray.idl
[6.121s] -- Up-to-date: /home/schni2zle/colcon_ws/src/install/smarc_msgs/share/smarc_msgs/msg/StringPair.idl
[6.121s] -- Up-to-date: /home/schni2zle/colcon_ws/src/install/smarc_msgs/share/smarc_msgs/msg/ThrusterDC.idl
[6.121s] -- Up-to-date: /home/schni2zle/colcon_ws/src/install/smarc_msgs/share/smarc_msgs/msg/ThrusterFeedback.idl
[6.121s] -- Up-to-date: /home/schni2zle/colcon_ws/src/install/smarc_msgs/share/smarc_msgs/msg/ThrusterRPM.idl
[6.122s] -- Up-to-date: /home/schni2zle/colcon_ws/src/install/smarc_msgs/share/smarc_msgs/msg/Topics.idl
[6.127s] -- Up-to-date: /home/schni2zle/colcon_ws/src/install/smarc_msgs/share/smarc_msgs/msg/StringStamped.idl
[6.127s] -- Up-to-date: /home/schni2zle/colcon_ws/src/install/smarc_msgs/share/smarc_msgs/srv/CellOccupied.srv
[6.127s] -- Up-to-date: /home/schni2zle/colcon_ws/src/install/smarc_msgs/share/smarc_msgs/srv/CellOccupied_Request.msg
[6.128s] -- Up-to-date: /home/schni2zle/colcon_ws/src/install/smarc_msgs/share/smarc_msgs/srv/CellOccupied_Response.msg
[6.128s] -- Up-to-date: /home/schni2zle/colcon_ws/src/install/smarc_msgs/share/smarc_msgs/srv/AddTask.srv
[6.128s] -- Up-to-date: /home/schni2zle/colcon_ws/src/install/smarc_msgs/share/smarc_msgs/srv/AddTask_Request.msg
[6.128s] -- Up-to-date: /home/schni2zle/colcon_ws/src/install/smarc_msgs/share/smarc_msgs/srv/AddTask_Response.msg
[6.129s] -- Up-to-date: /home/schni2zle/colcon_ws/src/install/smarc_msgs/share/smarc_msgs/srv/AddTasks.srv
[6.133s] -- Up-to-date: /home/schni2zle/colcon_ws/src/install/smarc_msgs/share/smarc_msgs/srv/AddTasks_Request.msg
[6.133s] -- Up-to-date: /home/schni2zle/colcon_ws/src/install/smarc_msgs/share/smarc_msgs/srv/AddTasks_Response.msg
[6.133s] -- Up-to-date: /home/schni2zle/colcon_ws/src/install/smarc_msgs/share/smarc_msgs/srv/NEDENURotation.srv
[6.133s] -- Up-to-date: /home/schni2zle/colcon_ws/src/install/smarc_msgs/share/smarc_msgs/srv/NEDENURotation_Request.msg
[6.134s] -- Up-to-date: /home/schni2zle/colcon_ws/src/install/smarc_msgs/share/smarc_msgs/srv/NEDENURotation_Response.msg
[6.134s] -- Up-to-date: /home/schni2zle/colcon_ws/src/install/smarc_msgs/share/smarc_msgs/srv/LatLonToUTMOdometry.srv
[6.134s] -- Up-to-date: /home/schni2zle/colcon_ws/src/install/smarc_msgs/share/smarc_msgs/srv/LatLonToUTMOdometry_Request.msg
[6.134s] -- Up-to-date: /home/schni2zle/colcon_ws/src/install/smarc_msgs/share/smarc_msgs/srv/LatLonToUTMOdometry_Response.msg
[6.134s] -- Up-to-date: /home/schni2zle/colcon_ws/src/install/smarc_msgs/share/smarc_msgs/msg/CommsMessage.msg
[6.135s] -- Up-to-date: /home/schni2zle/colcon_ws/src/install/smarc_msgs/share/smarc_msgs/msg/ControllerStatus.msg
[6.135s] -- Up-to-date: /home/schni2zle/colcon_ws/src/install/smarc_msgs/share/smarc_msgs/msg/CTD.msg
[6.135s] -- Up-to-date: /home/schni2zle/colcon_ws/src/install/smarc_msgs/share/smarc_msgs/msg/DualThrusterFeedback.msg
[6.136s] -- Up-to-date: /home/schni2zle/colcon_ws/src/install/smarc_msgs/share/smarc_msgs/msg/DualThrusterRPM.msg
[6.136s] -- Up-to-date: /home/schni2zle/colcon_ws/src/install/smarc_msgs/share/smarc_msgs/msg/DVLBeam.msg
[6.136s] -- Up-to-date: /home/schni2zle/colcon_ws/src/install/smarc_msgs/share/smarc_msgs/msg/DVL.msg
[6.139s] -- Up-to-date: /home/schni2zle/colcon_ws/src/install/smarc_msgs/share/smarc_msgs/msg/ExecutionStatus.msg
[6.139s] -- Up-to-date: /home/schni2zle/colcon_ws/src/install/smarc_msgs/share/smarc_msgs/msg/FloatStamped.msg
[6.139s] -- Up-to-date: /home/schni2zle/colcon_ws/src/install/smarc_msgs/share/smarc_msgs/msg/LatLonOdometry.msg
[6.140s] -- Up-to-date: /home/schni2zle/colcon_ws/src/install/smarc_msgs/share/smarc_msgs/msg/LatLonStamped.msg
[6.140s] -- Up-to-date: /home/schni2zle/colcon_ws/src/install/smarc_msgs/share/smarc_msgs/msg/Leak.msg
[6.140s] -- Up-to-date: /home/schni2zle/colcon_ws/src/install/smarc_msgs/share/smarc_msgs/msg/SensorStatus.msg
[6.140s] -- Up-to-date: /home/schni2zle/colcon_ws/src/install/smarc_msgs/share/smarc_msgs/msg/Sidescan.msg
[6.142s] -- Up-to-date: /home/schni2zle/colcon_ws/src/install/smarc_msgs/share/smarc_msgs/msg/SMTask.msg
[6.142s] -- Up-to-date: /home/schni2zle/colcon_ws/src/install/smarc_msgs/share/smarc_msgs/msg/StringArray.msg
[6.142s] -- Up-to-date: /home/schni2zle/colcon_ws/src/install/smarc_msgs/share/smarc_msgs/msg/StringPair.msg
[6.143s] -- Up-to-date: /home/schni2zle/colcon_ws/src/install/smarc_msgs/share/smarc_msgs/msg/ThrusterDC.msg
[6.143s] -- Up-to-date: /home/schni2zle/colcon_ws/src/install/smarc_msgs/share/smarc_msgs/msg/ThrusterFeedback.msg
[6.143s] -- Up-to-date: /home/schni2zle/colcon_ws/src/install/smarc_msgs/share/smarc_msgs/msg/ThrusterRPM.msg
[6.143s] -- Up-to-date: /home/schni2zle/colcon_ws/src/install/smarc_msgs/share/smarc_msgs/msg/Topics.msg
[6.144s] -- Up-to-date: /home/schni2zle/colcon_ws/src/install/smarc_msgs/share/smarc_msgs/msg/StringStamped.msg
[6.144s] -- Up-to-date: /home/schni2zle/colcon_ws/src/install/smarc_msgs/share/ament_index/resource_index/package_run_dependencies/smarc_msgs
[6.148s] -- Up-to-date: /home/schni2zle/colcon_ws/src/install/smarc_msgs/share/ament_index/resource_index/parent_prefix_path/smarc_msgs
[6.148s] -- Up-to-date: /home/schni2zle/colcon_ws/src/install/smarc_msgs/share/smarc_msgs/environment/ament_prefix_path.sh
[6.148s] -- Up-to-date: /home/schni2zle/colcon_ws/src/install/smarc_msgs/share/smarc_msgs/environment/ament_prefix_path.dsv
[6.149s] -- Up-to-date: /home/schni2zle/colcon_ws/src/install/smarc_msgs/share/smarc_msgs/environment/path.sh
[6.149s] -- Up-to-date: /home/schni2zle/colcon_ws/src/install/smarc_msgs/share/smarc_msgs/environment/path.dsv
[6.149s] -- Up-to-date: /home/schni2zle/colcon_ws/src/install/smarc_msgs/share/smarc_msgs/local_setup.bash
[6.150s] -- Up-to-date: /home/schni2zle/colcon_ws/src/install/smarc_msgs/share/smarc_msgs/local_setup.sh
[6.150s] -- Up-to-date: /home/schni2zle/colcon_ws/src/install/smarc_msgs/share/smarc_msgs/local_setup.zsh
[6.150s] -- Up-to-date: /home/schni2zle/colcon_ws/src/install/smarc_msgs/share/smarc_msgs/local_setup.dsv
[6.151s] -- Installing: /home/schni2zle/colcon_ws/src/install/smarc_msgs/share/smarc_msgs/package.dsv
[6.151s] -- Up-to-date: /home/schni2zle/colcon_ws/src/install/smarc_msgs/share/ament_index/resource_index/packages/smarc_msgs
[6.151s] -- Up-to-date: /home/schni2zle/colcon_ws/src/install/smarc_msgs/share/smarc_msgs/cmake/export_smarc_msgs__rosidl_generator_cExport.cmake
[6.151s] -- Up-to-date: /home/schni2zle/colcon_ws/src/install/smarc_msgs/share/smarc_msgs/cmake/export_smarc_msgs__rosidl_generator_cExport-noconfig.cmake
[6.151s] -- Up-to-date: /home/schni2zle/colcon_ws/src/install/smarc_msgs/share/smarc_msgs/cmake/export_smarc_msgs__rosidl_typesupport_fastrtps_cExport.cmake
[6.152s] -- Up-to-date: /home/schni2zle/colcon_ws/src/install/smarc_msgs/share/smarc_msgs/cmake/export_smarc_msgs__rosidl_typesupport_fastrtps_cExport-noconfig.cmake
[6.152s] -- Up-to-date: /home/schni2zle/colcon_ws/src/install/smarc_msgs/share/smarc_msgs/cmake/smarc_msgs__rosidl_typesupport_introspection_cExport.cmake
[6.152s] -- Up-to-date: /home/schni2zle/colcon_ws/src/install/smarc_msgs/share/smarc_msgs/cmake/smarc_msgs__rosidl_typesupport_introspection_cExport-noconfig.cmake
[6.155s] -- Up-to-date: /home/schni2zle/colcon_ws/src/install/smarc_msgs/share/smarc_msgs/cmake/smarc_msgs__rosidl_typesupport_cExport.cmake
[6.156s] -- Up-to-date: /home/schni2zle/colcon_ws/src/install/smarc_msgs/share/smarc_msgs/cmake/smarc_msgs__rosidl_typesupport_cExport-noconfig.cmake
[6.156s] -- Up-to-date: /home/schni2zle/colcon_ws/src/install/smarc_msgs/share/smarc_msgs/cmake/export_smarc_msgs__rosidl_generator_cppExport.cmake
[6.156s] -- Up-to-date: /home/schni2zle/colcon_ws/src/install/smarc_msgs/share/smarc_msgs/cmake/export_smarc_msgs__rosidl_typesupport_fastrtps_cppExport.cmake
[6.156s] -- Up-to-date: /home/schni2zle/colcon_ws/src/install/smarc_msgs/share/smarc_msgs/cmake/export_smarc_msgs__rosidl_typesupport_fastrtps_cppExport-noconfig.cmake
[6.160s] -- Up-to-date: /home/schni2zle/colcon_ws/src/install/smarc_msgs/share/smarc_msgs/cmake/smarc_msgs__rosidl_typesupport_introspection_cppExport.cmake
[6.160s] -- Up-to-date: /home/schni2zle/colcon_ws/src/install/smarc_msgs/share/smarc_msgs/cmake/smarc_msgs__rosidl_typesupport_introspection_cppExport-noconfig.cmake
[6.160s] -- Up-to-date: /home/schni2zle/colcon_ws/src/install/smarc_msgs/share/smarc_msgs/cmake/smarc_msgs__rosidl_typesupport_cppExport.cmake
[6.161s] -- Up-to-date: /home/schni2zle/colcon_ws/src/install/smarc_msgs/share/smarc_msgs/cmake/smarc_msgs__rosidl_typesupport_cppExport-noconfig.cmake
[6.161s] -- Up-to-date: /home/schni2zle/colcon_ws/src/install/smarc_msgs/share/smarc_msgs/cmake/export_smarc_msgs__rosidl_generator_pyExport.cmake
[6.161s] -- Up-to-date: /home/schni2zle/colcon_ws/src/install/smarc_msgs/share/smarc_msgs/cmake/export_smarc_msgs__rosidl_generator_pyExport-noconfig.cmake
[6.161s] -- Up-to-date: /home/schni2zle/colcon_ws/src/install/smarc_msgs/share/smarc_msgs/cmake/rosidl_cmake-extras.cmake
[6.161s] -- Up-to-date: /home/schni2zle/colcon_ws/src/install/smarc_msgs/share/smarc_msgs/cmake/ament_cmake_export_dependencies-extras.cmake
[6.161s] -- Up-to-date: /home/schni2zle/colcon_ws/src/install/smarc_msgs/share/smarc_msgs/cmake/ament_cmake_export_include_directories-extras.cmake
[6.162s] -- Up-to-date: /home/schni2zle/colcon_ws/src/install/smarc_msgs/share/smarc_msgs/cmake/ament_cmake_export_libraries-extras.cmake
[6.162s] -- Up-to-date: /home/schni2zle/colcon_ws/src/install/smarc_msgs/share/smarc_msgs/cmake/ament_cmake_export_targets-extras.cmake
[6.162s] -- Up-to-date: /home/schni2zle/colcon_ws/src/install/smarc_msgs/share/smarc_msgs/cmake/rosidl_cmake_export_typesupport_targets-extras.cmake
[6.162s] -- Up-to-date: /home/schni2zle/colcon_ws/src/install/smarc_msgs/share/smarc_msgs/cmake/rosidl_cmake_export_typesupport_libraries-extras.cmake
[6.162s] -- Up-to-date: /home/schni2zle/colcon_ws/src/install/smarc_msgs/share/smarc_msgs/cmake/smarc_msgsConfig.cmake
[6.163s] -- Up-to-date: /home/schni2zle/colcon_ws/src/install/smarc_msgs/share/smarc_msgs/cmake/smarc_msgsConfig-version.cmake
[6.163s] -- Up-to-date: /home/schni2zle/colcon_ws/src/install/smarc_msgs/share/smarc_msgs/package.xml
[6.165s] Invoked command in '/home/schni2zle/colcon_ws/src/build/smarc_msgs' returned '0': CMAKE_PREFIX_PATH=${CMAKE_PREFIX_PATH}:/home/schni2zle/colcon_ws/src/install/workshopfun:/home/schni2zle/colcon_ws/src/install/utm_latlon_converter:/home/schni2zle/colcon_ws/src/install/test_package:/home/schni2zle/colcon_ws/src/install/state_estimation:/home/schni2zle/colcon_ws/src/install/smarc_nodered:/home/schni2zle/colcon_ws/src/install/smarc_bt:/home/schni2zle/colcon_ws/src/install/smarc_bringups:/home/schni2zle/colcon_ws/src/install/sam_dead_reckoning:/home/schni2zle/colcon_ws/src/install/ros_tcp_endpoint:/home/schni2zle/colcon_ws/src/install/ros2_python_examples:/home/schni2zle/colcon_ws/src/install/quadrotor_basic_controller:/home/schni2zle/colcon_ws/src/install/mqtt_bridge:/home/schni2zle/colcon_ws/src/install/dubins_planner:/home/schni2zle/colcon_ws/src/install/dive_control:/home/schni2zle/colcon_ws/src/install/basic_go_to_waypoint:/home/schni2zle/colcon_ws/src/install/basic_depth_pitch_control:/home/schni2zle/colcon_ws/install/workshopfun:/home/schni2zle/colcon_ws/install/utm_latlon_converter:/home/schni2zle/colcon_ws/install/smarc_nodered:/home/schni2zle/colcon_ws/install/smarc_bt:/home/schni2zle/colcon_ws/install/smarc_bringups:/home/schni2zle/colcon_ws/install/sam_dead_reckoning:/home/schni2zle/colcon_ws/install/ros_tcp_endpoint:/home/schni2zle/colcon_ws/install/ros2_python_examples:/home/schni2zle/colcon_ws/install/mqtt_bridge:/home/schni2zle/colcon_ws/install/dubins_planner:/home/schni2zle/colcon_ws/install/basic_go_to_waypoint:/opt/ros/humble /usr/bin/cmake --install /home/schni2zle/colcon_ws/src/build/smarc_msgs
