[2.549s] Invoking command in '/home/schni2zle/colcon_ws/src/utilities/utm_latlon_converter': PYTHONPATH=/home/schni2zle/colcon_ws/src/build/utm_latlon_converter/prefix_override:/usr/lib/python3/dist-packages/colcon_core/task/python/colcon_distutils_commands:/home/schni2zle/colcon_ws/src/install/utm_latlon_converter/lib/python3.10/site-packages:${PYTHONPATH} /usr/bin/python3 -W ignore:setup.py install is deprecated setup.py egg_info --egg-base ../../build/utm_latlon_converter build --build-base /home/schni2zle/colcon_ws/src/build/utm_latlon_converter/build install --record /home/schni2zle/colcon_ws/src/build/utm_latlon_converter/install.log --single-version-externally-managed install_data
[3.689s] running egg_info
[3.691s] writing ../../build/utm_latlon_converter/utm_latlon_converter.egg-info/PKG-INFO
[3.692s] writing dependency_links to ../../build/utm_latlon_converter/utm_latlon_converter.egg-info/dependency_links.txt
[3.692s] writing entry points to ../../build/utm_latlon_converter/utm_latlon_converter.egg-info/entry_points.txt
[3.692s] writing requirements to ../../build/utm_latlon_converter/utm_latlon_converter.egg-info/requires.txt
[3.693s] writing top-level names to ../../build/utm_latlon_converter/utm_latlon_converter.egg-info/top_level.txt
[3.698s] reading manifest file '../../build/utm_latlon_converter/utm_latlon_converter.egg-info/SOURCES.txt'
[3.699s] adding license file 'LICENSE'
[3.701s] writing manifest file '../../build/utm_latlon_converter/utm_latlon_converter.egg-info/SOURCES.txt'
[3.703s] running build
[3.703s] running build_py
[3.703s] running install
[3.704s] running install_lib
[3.707s] running install_data
[3.707s] running install_egg_info
[3.712s] removing '/home/schni2zle/colcon_ws/src/install/utm_latlon_converter/lib/python3.10/site-packages/utm_latlon_converter-0.0.0-py3.10.egg-info' (and everything under it)
[3.713s] Copying ../../build/utm_latlon_converter/utm_latlon_converter.egg-info to /home/schni2zle/colcon_ws/src/install/utm_latlon_converter/lib/python3.10/site-packages/utm_latlon_converter-0.0.0-py3.10.egg-info
[3.715s] running install_scripts
[3.776s] Installing converter script to /home/schni2zle/colcon_ws/src/install/utm_latlon_converter/lib/utm_latlon_converter
[3.777s] Installing test_converter script to /home/schni2zle/colcon_ws/src/install/utm_latlon_converter/lib/utm_latlon_converter
[3.778s] writing list of installed files to '/home/schni2zle/colcon_ws/src/build/utm_latlon_converter/install.log'
[3.848s] Invoked command in '/home/schni2zle/colcon_ws/src/utilities/utm_latlon_converter' returned '0': PYTHONPATH=/home/schni2zle/colcon_ws/src/build/utm_latlon_converter/prefix_override:/usr/lib/python3/dist-packages/colcon_core/task/python/colcon_distutils_commands:/home/schni2zle/colcon_ws/src/install/utm_latlon_converter/lib/python3.10/site-packages:${PYTHONPATH} /usr/bin/python3 -W ignore:setup.py install is deprecated setup.py egg_info --egg-base ../../build/utm_latlon_converter build --build-base /home/schni2zle/colcon_ws/src/build/utm_latlon_converter/build install --record /home/schni2zle/colcon_ws/src/build/utm_latlon_converter/install.log --single-version-externally-managed install_data
