[3.525s] Invoking command in '/home/schni2zle/colcon_ws/src/state_estimation': PYTHONPATH=/home/schni2zle/colcon_ws/src/build/state_estimation/prefix_override:/usr/lib/python3/dist-packages/colcon_core/task/python/colcon_distutils_commands:/home/schni2zle/colcon_ws/src/install/state_estimation/lib/python3.10/site-packages:${PYTHONPATH} /usr/bin/python3 -W ignore:setup.py install is deprecated setup.py egg_info --egg-base ../build/state_estimation build --build-base /home/schni2zle/colcon_ws/src/build/state_estimation/build install --record /home/schni2zle/colcon_ws/src/build/state_estimation/install.log --single-version-externally-managed install_data
[4.421s] running egg_info
[4.424s] writing ../build/state_estimation/state_estimation.egg-info/PKG-INFO
[4.425s] writing dependency_links to ../build/state_estimation/state_estimation.egg-info/dependency_links.txt
[4.425s] writing entry points to ../build/state_estimation/state_estimation.egg-info/entry_points.txt
[4.425s] writing requirements to ../build/state_estimation/state_estimation.egg-info/requires.txt
[4.425s] writing top-level names to ../build/state_estimation/state_estimation.egg-info/top_level.txt
[4.430s] reading manifest file '../build/state_estimation/state_estimation.egg-info/SOURCES.txt'
[4.431s] adding license file 'LICENSE'
[4.433s] writing manifest file '../build/state_estimation/state_estimation.egg-info/SOURCES.txt'
[4.433s] running build
[4.434s] running build_py
[4.434s] running install
[4.435s] running install_lib
[4.439s] running install_data
[4.440s] copying launch/detector_only.launch.xml -> /home/schni2zle/colcon_ws/src/install/state_estimation/share/state_estimation/launch
[4.440s] copying launch/estimator_detector.launch.xml -> /home/schni2zle/colcon_ws/src/install/state_estimation/share/state_estimation/launch
[4.440s] running install_egg_info
[4.446s] removing '/home/schni2zle/colcon_ws/src/install/state_estimation/lib/python3.10/site-packages/state_estimation-0.0.0-py3.10.egg-info' (and everything under it)
[4.447s] Copying ../build/state_estimation/state_estimation.egg-info to /home/schni2zle/colcon_ws/src/install/state_estimation/lib/python3.10/site-packages/state_estimation-0.0.0-py3.10.egg-info
[4.449s] running install_scripts
[4.529s] Installing detector script to /home/schni2zle/colcon_ws/src/install/state_estimation/lib/state_estimation
[4.532s] Installing estimator script to /home/schni2zle/colcon_ws/src/install/state_estimation/lib/state_estimation
[4.532s] writing list of installed files to '/home/schni2zle/colcon_ws/src/build/state_estimation/install.log'
[4.615s] Invoked command in '/home/schni2zle/colcon_ws/src/state_estimation' returned '0': PYTHONPATH=/home/schni2zle/colcon_ws/src/build/state_estimation/prefix_override:/usr/lib/python3/dist-packages/colcon_core/task/python/colcon_distutils_commands:/home/schni2zle/colcon_ws/src/install/state_estimation/lib/python3.10/site-packages:${PYTHONPATH} /usr/bin/python3 -W ignore:setup.py install is deprecated setup.py egg_info --egg-base ../build/state_estimation build --build-base /home/schni2zle/colcon_ws/src/build/state_estimation/build install --record /home/schni2zle/colcon_ws/src/build/state_estimation/install.log --single-version-externally-managed install_data
