[5.382s] Invoking command in '/home/schni2zle/colcon_ws/src/utilities/dubins_planner': PYTHONPATH=/home/schni2zle/colcon_ws/src/build/dubins_planner/prefix_override:/usr/lib/python3/dist-packages/colcon_core/task/python/colcon_distutils_commands:/home/schni2zle/colcon_ws/src/install/dubins_planner/lib/python3.10/site-packages:${PYTHONPATH} /usr/bin/python3 -W ignore:setup.py install is deprecated setup.py egg_info --egg-base ../../build/dubins_planner build --build-base /home/schni2zle/colcon_ws/src/build/dubins_planner/build install --record /home/schni2zle/colcon_ws/src/build/dubins_planner/install.log --single-version-externally-managed install_data
[6.853s] running egg_info
[6.855s] writing ../../build/dubins_planner/dubins_planner.egg-info/PKG-INFO
[6.856s] writing dependency_links to ../../build/dubins_planner/dubins_planner.egg-info/dependency_links.txt
[6.857s] writing entry points to ../../build/dubins_planner/dubins_planner.egg-info/entry_points.txt
[6.857s] writing requirements to ../../build/dubins_planner/dubins_planner.egg-info/requires.txt
[6.858s] writing top-level names to ../../build/dubins_planner/dubins_planner.egg-info/top_level.txt
[6.863s] reading manifest file '../../build/dubins_planner/dubins_planner.egg-info/SOURCES.txt'
[6.866s] adding license file 'LICENSE'
[6.866s] writing manifest file '../../build/dubins_planner/dubins_planner.egg-info/SOURCES.txt'
[6.866s] running build
[6.867s] running build_py
[6.868s] running install
[6.871s] running install_lib
[6.875s] running install_data
[6.875s] running install_egg_info
[6.886s] removing '/home/schni2zle/colcon_ws/src/install/dubins_planner/lib/python3.10/site-packages/dubins_planner-0.0.0-py3.10.egg-info' (and everything under it)
[6.887s] Copying ../../build/dubins_planner/dubins_planner.egg-info to /home/schni2zle/colcon_ws/src/install/dubins_planner/lib/python3.10/site-packages/dubins_planner-0.0.0-py3.10.egg-info
[6.887s] running install_scripts
[6.953s] Installing dubins_planner_service script to /home/schni2zle/colcon_ws/src/install/dubins_planner/lib/dubins_planner
[6.954s] Installing test_dubins_planner_service script to /home/schni2zle/colcon_ws/src/install/dubins_planner/lib/dubins_planner
[6.965s] writing list of installed files to '/home/schni2zle/colcon_ws/src/build/dubins_planner/install.log'
[8.049s] Invoked command in '/home/schni2zle/colcon_ws/src/utilities/dubins_planner' returned '0': PYTHONPATH=/home/schni2zle/colcon_ws/src/build/dubins_planner/prefix_override:/usr/lib/python3/dist-packages/colcon_core/task/python/colcon_distutils_commands:/home/schni2zle/colcon_ws/src/install/dubins_planner/lib/python3.10/site-packages:${PYTHONPATH} /usr/bin/python3 -W ignore:setup.py install is deprecated setup.py egg_info --egg-base ../../build/dubins_planner build --build-base /home/schni2zle/colcon_ws/src/build/dubins_planner/build install --record /home/schni2zle/colcon_ws/src/build/dubins_planner/install.log --single-version-externally-managed install_data
