[0.155s] Invoking command in '/home/schni2zle/colcon_ws/src/build/dead_reckoning_msgs': CMAKE_PREFIX_PATH=${CMAKE_PREFIX_PATH}:/home/schni2zle/colcon_ws/src/install/workshopfun:/home/schni2zle/colcon_ws/src/install/utm_latlon_converter:/home/schni2zle/colcon_ws/src/install/test_package:/home/schni2zle/colcon_ws/src/install/state_estimation:/home/schni2zle/colcon_ws/src/install/smarc_nodered:/home/schni2zle/colcon_ws/src/install/smarc_bt:/home/schni2zle/colcon_ws/src/install/smarc_bringups:/home/schni2zle/colcon_ws/src/install/sam_dead_reckoning:/home/schni2zle/colcon_ws/src/install/ros_tcp_endpoint:/home/schni2zle/colcon_ws/src/install/ros2_python_examples:/home/schni2zle/colcon_ws/src/install/quadrotor_basic_controller:/home/schni2zle/colcon_ws/src/install/mqtt_bridge:/home/schni2zle/colcon_ws/src/install/dubins_planner:/home/schni2zle/colcon_ws/src/install/dive_control:/home/schni2zle/colcon_ws/src/install/basic_go_to_waypoint:/home/schni2zle/colcon_ws/src/install/basic_depth_pitch_control:/home/schni2zle/colcon_ws/install/workshopfun:/home/schni2zle/colcon_ws/install/utm_latlon_converter:/home/schni2zle/colcon_ws/install/smarc_nodered:/home/schni2zle/colcon_ws/install/smarc_bt:/home/schni2zle/colcon_ws/install/smarc_bringups:/home/schni2zle/colcon_ws/install/sam_dead_reckoning:/home/schni2zle/colcon_ws/install/ros_tcp_endpoint:/home/schni2zle/colcon_ws/install/ros2_python_examples:/home/schni2zle/colcon_ws/install/mqtt_bridge:/home/schni2zle/colcon_ws/install/dubins_planner:/home/schni2zle/colcon_ws/install/basic_go_to_waypoint:/opt/ros/humble /usr/bin/cmake --build /home/schni2zle/colcon_ws/src/build/dead_reckoning_msgs -- -j8 -l8
[4.390s] [  3%] Built target dead_reckoning_msgs__cpp
[4.392s] [ 12%] Built target dead_reckoning_msgs__rosidl_generator_c
[4.393s] [ 12%] Built target ament_cmake_python_copy_dead_reckoning_msgs
[4.393s] [ 22%] Built target dead_reckoning_msgs__rosidl_typesupport_introspection_c
[4.393s] [ 32%] Built target dead_reckoning_msgs__rosidl_typesupport_cpp
[4.393s] [ 45%] Built target dead_reckoning_msgs__rosidl_typesupport_fastrtps_cpp
[4.394s] [ 51%] Built target dead_reckoning_msgs__rosidl_typesupport_introspection_cpp
[4.394s] [ 61%] Built target dead_reckoning_msgs__rosidl_typesupport_c
[4.395s] [ 70%] Built target dead_reckoning_msgs__rosidl_typesupport_fastrtps_c
[4.396s] [ 70%] Built target dead_reckoning_msgs
[4.396s] [ 74%] Built target dead_reckoning_msgs__py
[4.396s] [ 80%] Built target dead_reckoning_msgs__rosidl_generator_py
[4.396s] [ 87%] Built target dead_reckoning_msgs__rosidl_typesupport_introspection_c__pyext
[4.396s] [ 93%] Built target dead_reckoning_msgs__rosidl_typesupport_c__pyext
[4.397s] [100%] Built target dead_reckoning_msgs__rosidl_typesupport_fastrtps_c__pyext
[4.397s] running egg_info
[4.397s] writing dead_reckoning_msgs.egg-info/PKG-INFO
[4.397s] writing dependency_links to dead_reckoning_msgs.egg-info/dependency_links.txt
[4.397s] writing top-level names to dead_reckoning_msgs.egg-info/top_level.txt
[4.398s] reading manifest file 'dead_reckoning_msgs.egg-info/SOURCES.txt'
[4.398s] writing manifest file 'dead_reckoning_msgs.egg-info/SOURCES.txt'
[4.398s] [100%] Built target ament_cmake_python_build_dead_reckoning_msgs_egg
[4.404s] Invoked command in '/home/schni2zle/colcon_ws/src/build/dead_reckoning_msgs' returned '0': CMAKE_PREFIX_PATH=${CMAKE_PREFIX_PATH}:/home/schni2zle/colcon_ws/src/install/workshopfun:/home/schni2zle/colcon_ws/src/install/utm_latlon_converter:/home/schni2zle/colcon_ws/src/install/test_package:/home/schni2zle/colcon_ws/src/install/state_estimation:/home/schni2zle/colcon_ws/src/install/smarc_nodered:/home/schni2zle/colcon_ws/src/install/smarc_bt:/home/schni2zle/colcon_ws/src/install/smarc_bringups:/home/schni2zle/colcon_ws/src/install/sam_dead_reckoning:/home/schni2zle/colcon_ws/src/install/ros_tcp_endpoint:/home/schni2zle/colcon_ws/src/install/ros2_python_examples:/home/schni2zle/colcon_ws/src/install/quadrotor_basic_controller:/home/schni2zle/colcon_ws/src/install/mqtt_bridge:/home/schni2zle/colcon_ws/src/install/dubins_planner:/home/schni2zle/colcon_ws/src/install/dive_control:/home/schni2zle/colcon_ws/src/install/basic_go_to_waypoint:/home/schni2zle/colcon_ws/src/install/basic_depth_pitch_control:/home/schni2zle/colcon_ws/install/workshopfun:/home/schni2zle/colcon_ws/install/utm_latlon_converter:/home/schni2zle/colcon_ws/install/smarc_nodered:/home/schni2zle/colcon_ws/install/smarc_bt:/home/schni2zle/colcon_ws/install/smarc_bringups:/home/schni2zle/colcon_ws/install/sam_dead_reckoning:/home/schni2zle/colcon_ws/install/ros_tcp_endpoint:/home/schni2zle/colcon_ws/install/ros2_python_examples:/home/schni2zle/colcon_ws/install/mqtt_bridge:/home/schni2zle/colcon_ws/install/dubins_planner:/home/schni2zle/colcon_ws/install/basic_go_to_waypoint:/opt/ros/humble /usr/bin/cmake --build /home/schni2zle/colcon_ws/src/build/dead_reckoning_msgs -- -j8 -l8
[5.412s] Invoking command in '/home/schni2zle/colcon_ws/src/build/dead_reckoning_msgs': CMAKE_PREFIX_PATH=${CMAKE_PREFIX_PATH}:/home/schni2zle/colcon_ws/src/install/workshopfun:/home/schni2zle/colcon_ws/src/install/utm_latlon_converter:/home/schni2zle/colcon_ws/src/install/test_package:/home/schni2zle/colcon_ws/src/install/state_estimation:/home/schni2zle/colcon_ws/src/install/smarc_nodered:/home/schni2zle/colcon_ws/src/install/smarc_bt:/home/schni2zle/colcon_ws/src/install/smarc_bringups:/home/schni2zle/colcon_ws/src/install/sam_dead_reckoning:/home/schni2zle/colcon_ws/src/install/ros_tcp_endpoint:/home/schni2zle/colcon_ws/src/install/ros2_python_examples:/home/schni2zle/colcon_ws/src/install/quadrotor_basic_controller:/home/schni2zle/colcon_ws/src/install/mqtt_bridge:/home/schni2zle/colcon_ws/src/install/dubins_planner:/home/schni2zle/colcon_ws/src/install/dive_control:/home/schni2zle/colcon_ws/src/install/basic_go_to_waypoint:/home/schni2zle/colcon_ws/src/install/basic_depth_pitch_control:/home/schni2zle/colcon_ws/install/workshopfun:/home/schni2zle/colcon_ws/install/utm_latlon_converter:/home/schni2zle/colcon_ws/install/smarc_nodered:/home/schni2zle/colcon_ws/install/smarc_bt:/home/schni2zle/colcon_ws/install/smarc_bringups:/home/schni2zle/colcon_ws/install/sam_dead_reckoning:/home/schni2zle/colcon_ws/install/ros_tcp_endpoint:/home/schni2zle/colcon_ws/install/ros2_python_examples:/home/schni2zle/colcon_ws/install/mqtt_bridge:/home/schni2zle/colcon_ws/install/dubins_planner:/home/schni2zle/colcon_ws/install/basic_go_to_waypoint:/opt/ros/humble /usr/bin/cmake --install /home/schni2zle/colcon_ws/src/build/dead_reckoning_msgs
[5.442s] -- Install configuration: ""
[5.442s] -- Up-to-date: /home/schni2zle/colcon_ws/src/install/dead_reckoning_msgs/share/ament_index/resource_index/rosidl_interfaces/dead_reckoning_msgs
[5.443s] -- Up-to-date: /home/schni2zle/colcon_ws/src/install/dead_reckoning_msgs/include/dead_reckoning_msgs/dead_reckoning_msgs
[5.446s] -- Up-to-date: /home/schni2zle/colcon_ws/src/install/dead_reckoning_msgs/include/dead_reckoning_msgs/dead_reckoning_msgs/msg
[5.448s] -- Up-to-date: /home/schni2zle/colcon_ws/src/install/dead_reckoning_msgs/include/dead_reckoning_msgs/dead_reckoning_msgs/msg/rosidl_generator_c__visibility_control.h
[5.448s] -- Up-to-date: /home/schni2zle/colcon_ws/src/install/dead_reckoning_msgs/include/dead_reckoning_msgs/dead_reckoning_msgs/msg/detail
[5.448s] -- Up-to-date: /home/schni2zle/colcon_ws/src/install/dead_reckoning_msgs/include/dead_reckoning_msgs/dead_reckoning_msgs/msg/detail/topics__struct.h
[5.448s] -- Up-to-date: /home/schni2zle/colcon_ws/src/install/dead_reckoning_msgs/include/dead_reckoning_msgs/dead_reckoning_msgs/msg/detail/topics__type_support.h
[5.449s] -- Up-to-date: /home/schni2zle/colcon_ws/src/install/dead_reckoning_msgs/include/dead_reckoning_msgs/dead_reckoning_msgs/msg/detail/topics__functions.h
[5.449s] -- Up-to-date: /home/schni2zle/colcon_ws/src/install/dead_reckoning_msgs/include/dead_reckoning_msgs/dead_reckoning_msgs/msg/detail/topics__functions.c
[5.449s] -- Up-to-date: /home/schni2zle/colcon_ws/src/install/dead_reckoning_msgs/include/dead_reckoning_msgs/dead_reckoning_msgs/msg/topics.h
[5.449s] -- Up-to-date: /home/schni2zle/colcon_ws/src/install/dead_reckoning_msgs/share/dead_reckoning_msgs/environment/library_path.sh
[5.449s] -- Up-to-date: /home/schni2zle/colcon_ws/src/install/dead_reckoning_msgs/share/dead_reckoning_msgs/environment/library_path.dsv
[5.450s] -- Up-to-date: /home/schni2zle/colcon_ws/src/install/dead_reckoning_msgs/lib/libdead_reckoning_msgs__rosidl_generator_c.so
[5.450s] -- Up-to-date: /home/schni2zle/colcon_ws/src/install/dead_reckoning_msgs/include/dead_reckoning_msgs/dead_reckoning_msgs
[5.450s] -- Up-to-date: /home/schni2zle/colcon_ws/src/install/dead_reckoning_msgs/include/dead_reckoning_msgs/dead_reckoning_msgs/msg
[5.450s] -- Up-to-date: /home/schni2zle/colcon_ws/src/install/dead_reckoning_msgs/include/dead_reckoning_msgs/dead_reckoning_msgs/msg/rosidl_typesupport_fastrtps_c__visibility_control.h
[5.450s] -- Up-to-date: /home/schni2zle/colcon_ws/src/install/dead_reckoning_msgs/include/dead_reckoning_msgs/dead_reckoning_msgs/msg/detail
[5.451s] -- Up-to-date: /home/schni2zle/colcon_ws/src/install/dead_reckoning_msgs/include/dead_reckoning_msgs/dead_reckoning_msgs/msg/detail/topics__rosidl_typesupport_fastrtps_c.h
[5.451s] -- Up-to-date: /home/schni2zle/colcon_ws/src/install/dead_reckoning_msgs/lib/libdead_reckoning_msgs__rosidl_typesupport_fastrtps_c.so
[5.451s] -- Up-to-date: /home/schni2zle/colcon_ws/src/install/dead_reckoning_msgs/include/dead_reckoning_msgs/dead_reckoning_msgs
[5.457s] -- Up-to-date: /home/schni2zle/colcon_ws/src/install/dead_reckoning_msgs/include/dead_reckoning_msgs/dead_reckoning_msgs/msg
[5.457s] -- Up-to-date: /home/schni2zle/colcon_ws/src/install/dead_reckoning_msgs/include/dead_reckoning_msgs/dead_reckoning_msgs/msg/rosidl_typesupport_introspection_c__visibility_control.h
[5.461s] -- Up-to-date: /home/schni2zle/colcon_ws/src/install/dead_reckoning_msgs/include/dead_reckoning_msgs/dead_reckoning_msgs/msg/detail
[5.462s] -- Up-to-date: /home/schni2zle/colcon_ws/src/install/dead_reckoning_msgs/include/dead_reckoning_msgs/dead_reckoning_msgs/msg/detail/topics__type_support.c
[5.462s] -- Up-to-date: /home/schni2zle/colcon_ws/src/install/dead_reckoning_msgs/include/dead_reckoning_msgs/dead_reckoning_msgs/msg/detail/topics__rosidl_typesupport_introspection_c.h
[5.462s] -- Up-to-date: /home/schni2zle/colcon_ws/src/install/dead_reckoning_msgs/lib/libdead_reckoning_msgs__rosidl_typesupport_introspection_c.so
[5.462s] -- Up-to-date: /home/schni2zle/colcon_ws/src/install/dead_reckoning_msgs/lib/libdead_reckoning_msgs__rosidl_typesupport_c.so
[5.462s] -- Up-to-date: /home/schni2zle/colcon_ws/src/install/dead_reckoning_msgs/include/dead_reckoning_msgs/dead_reckoning_msgs
[5.463s] -- Up-to-date: /home/schni2zle/colcon_ws/src/install/dead_reckoning_msgs/include/dead_reckoning_msgs/dead_reckoning_msgs/msg
[5.463s] -- Up-to-date: /home/schni2zle/colcon_ws/src/install/dead_reckoning_msgs/include/dead_reckoning_msgs/dead_reckoning_msgs/msg/detail
[5.463s] -- Up-to-date: /home/schni2zle/colcon_ws/src/install/dead_reckoning_msgs/include/dead_reckoning_msgs/dead_reckoning_msgs/msg/detail/topics__struct.hpp
[5.463s] -- Up-to-date: /home/schni2zle/colcon_ws/src/install/dead_reckoning_msgs/include/dead_reckoning_msgs/dead_reckoning_msgs/msg/detail/topics__traits.hpp
[5.463s] -- Up-to-date: /home/schni2zle/colcon_ws/src/install/dead_reckoning_msgs/include/dead_reckoning_msgs/dead_reckoning_msgs/msg/detail/topics__builder.hpp
[5.464s] -- Up-to-date: /home/schni2zle/colcon_ws/src/install/dead_reckoning_msgs/include/dead_reckoning_msgs/dead_reckoning_msgs/msg/topics.hpp
[5.464s] -- Up-to-date: /home/schni2zle/colcon_ws/src/install/dead_reckoning_msgs/include/dead_reckoning_msgs/dead_reckoning_msgs
[5.464s] -- Up-to-date: /home/schni2zle/colcon_ws/src/install/dead_reckoning_msgs/include/dead_reckoning_msgs/dead_reckoning_msgs/msg
[5.464s] -- Up-to-date: /home/schni2zle/colcon_ws/src/install/dead_reckoning_msgs/include/dead_reckoning_msgs/dead_reckoning_msgs/msg/rosidl_typesupport_fastrtps_cpp__visibility_control.h
[5.465s] -- Up-to-date: /home/schni2zle/colcon_ws/src/install/dead_reckoning_msgs/include/dead_reckoning_msgs/dead_reckoning_msgs/msg/detail
[5.465s] -- Up-to-date: /home/schni2zle/colcon_ws/src/install/dead_reckoning_msgs/include/dead_reckoning_msgs/dead_reckoning_msgs/msg/detail/topics__rosidl_typesupport_fastrtps_cpp.hpp
[5.465s] -- Up-to-date: /home/schni2zle/colcon_ws/src/install/dead_reckoning_msgs/include/dead_reckoning_msgs/dead_reckoning_msgs/msg/detail/dds_fastrtps
[5.466s] -- Up-to-date: /home/schni2zle/colcon_ws/src/install/dead_reckoning_msgs/lib/libdead_reckoning_msgs__rosidl_typesupport_fastrtps_cpp.so
[5.466s] -- Up-to-date: /home/schni2zle/colcon_ws/src/install/dead_reckoning_msgs/include/dead_reckoning_msgs/dead_reckoning_msgs
[5.466s] -- Up-to-date: /home/schni2zle/colcon_ws/src/install/dead_reckoning_msgs/include/dead_reckoning_msgs/dead_reckoning_msgs/msg
[5.466s] -- Up-to-date: /home/schni2zle/colcon_ws/src/install/dead_reckoning_msgs/include/dead_reckoning_msgs/dead_reckoning_msgs/msg/detail
[5.466s] -- Up-to-date: /home/schni2zle/colcon_ws/src/install/dead_reckoning_msgs/include/dead_reckoning_msgs/dead_reckoning_msgs/msg/detail/topics__type_support.cpp
[5.467s] -- Up-to-date: /home/schni2zle/colcon_ws/src/install/dead_reckoning_msgs/include/dead_reckoning_msgs/dead_reckoning_msgs/msg/detail/topics__rosidl_typesupport_introspection_cpp.hpp
[5.467s] -- Up-to-date: /home/schni2zle/colcon_ws/src/install/dead_reckoning_msgs/lib/libdead_reckoning_msgs__rosidl_typesupport_introspection_cpp.so
[5.467s] -- Up-to-date: /home/schni2zle/colcon_ws/src/install/dead_reckoning_msgs/lib/libdead_reckoning_msgs__rosidl_typesupport_cpp.so
[5.467s] -- Up-to-date: /home/schni2zle/colcon_ws/src/install/dead_reckoning_msgs/share/dead_reckoning_msgs/environment/pythonpath.sh
[5.467s] -- Up-to-date: /home/schni2zle/colcon_ws/src/install/dead_reckoning_msgs/share/dead_reckoning_msgs/environment/pythonpath.dsv
[5.468s] -- Up-to-date: /home/schni2zle/colcon_ws/src/install/dead_reckoning_msgs/local/lib/python3.10/dist-packages/dead_reckoning_msgs-0.0.0-py3.10.egg-info
[5.468s] -- Installing: /home/schni2zle/colcon_ws/src/install/dead_reckoning_msgs/local/lib/python3.10/dist-packages/dead_reckoning_msgs-0.0.0-py3.10.egg-info/PKG-INFO
[5.468s] -- Installing: /home/schni2zle/colcon_ws/src/install/dead_reckoning_msgs/local/lib/python3.10/dist-packages/dead_reckoning_msgs-0.0.0-py3.10.egg-info/SOURCES.txt
[5.468s] -- Installing: /home/schni2zle/colcon_ws/src/install/dead_reckoning_msgs/local/lib/python3.10/dist-packages/dead_reckoning_msgs-0.0.0-py3.10.egg-info/top_level.txt
[5.474s] -- Installing: /home/schni2zle/colcon_ws/src/install/dead_reckoning_msgs/local/lib/python3.10/dist-packages/dead_reckoning_msgs-0.0.0-py3.10.egg-info/dependency_links.txt
[5.475s] -- Up-to-date: /home/schni2zle/colcon_ws/src/install/dead_reckoning_msgs/local/lib/python3.10/dist-packages/dead_reckoning_msgs
[5.475s] -- Up-to-date: /home/schni2zle/colcon_ws/src/install/dead_reckoning_msgs/local/lib/python3.10/dist-packages/dead_reckoning_msgs/msg
[5.475s] -- Up-to-date: /home/schni2zle/colcon_ws/src/install/dead_reckoning_msgs/local/lib/python3.10/dist-packages/dead_reckoning_msgs/msg/_topics_s.c
[5.475s] -- Up-to-date: /home/schni2zle/colcon_ws/src/install/dead_reckoning_msgs/local/lib/python3.10/dist-packages/dead_reckoning_msgs/msg/_topics.py
[5.476s] -- Up-to-date: /home/schni2zle/colcon_ws/src/install/dead_reckoning_msgs/local/lib/python3.10/dist-packages/dead_reckoning_msgs/msg/__init__.py
[5.476s] -- Up-to-date: /home/schni2zle/colcon_ws/src/install/dead_reckoning_msgs/local/lib/python3.10/dist-packages/dead_reckoning_msgs/_dead_reckoning_msgs_s.ep.rosidl_typesupport_c.c
[5.476s] -- Up-to-date: /home/schni2zle/colcon_ws/src/install/dead_reckoning_msgs/local/lib/python3.10/dist-packages/dead_reckoning_msgs/libdead_reckoning_msgs__rosidl_generator_py.so
[5.476s] -- Up-to-date: /home/schni2zle/colcon_ws/src/install/dead_reckoning_msgs/local/lib/python3.10/dist-packages/dead_reckoning_msgs/dead_reckoning_msgs_s__rosidl_typesupport_c.cpython-310-x86_64-linux-gnu.so
[5.476s] -- Up-to-date: /home/schni2zle/colcon_ws/src/install/dead_reckoning_msgs/local/lib/python3.10/dist-packages/dead_reckoning_msgs/dead_reckoning_msgs_s__rosidl_typesupport_introspection_c.cpython-310-x86_64-linux-gnu.so
[5.477s] -- Up-to-date: /home/schni2zle/colcon_ws/src/install/dead_reckoning_msgs/local/lib/python3.10/dist-packages/dead_reckoning_msgs/dead_reckoning_msgs_s__rosidl_typesupport_fastrtps_c.cpython-310-x86_64-linux-gnu.so
[5.477s] -- Up-to-date: /home/schni2zle/colcon_ws/src/install/dead_reckoning_msgs/local/lib/python3.10/dist-packages/dead_reckoning_msgs/_dead_reckoning_msgs_s.ep.rosidl_typesupport_fastrtps_c.c
[5.477s] -- Up-to-date: /home/schni2zle/colcon_ws/src/install/dead_reckoning_msgs/local/lib/python3.10/dist-packages/dead_reckoning_msgs/__init__.py
[5.479s] -- Up-to-date: /home/schni2zle/colcon_ws/src/install/dead_reckoning_msgs/local/lib/python3.10/dist-packages/dead_reckoning_msgs/_dead_reckoning_msgs_s.ep.rosidl_typesupport_introspection_c.c
[5.642s] Listing '/home/schni2zle/colcon_ws/src/install/dead_reckoning_msgs/local/lib/python3.10/dist-packages/dead_reckoning_msgs'...
[5.642s] Listing '/home/schni2zle/colcon_ws/src/install/dead_reckoning_msgs/local/lib/python3.10/dist-packages/dead_reckoning_msgs/msg'...
[5.665s] -- Up-to-date: /home/schni2zle/colcon_ws/src/install/dead_reckoning_msgs/local/lib/python3.10/dist-packages/dead_reckoning_msgs/dead_reckoning_msgs_s__rosidl_typesupport_fastrtps_c.cpython-310-x86_64-linux-gnu.so
[5.666s] -- Up-to-date: /home/schni2zle/colcon_ws/src/install/dead_reckoning_msgs/local/lib/python3.10/dist-packages/dead_reckoning_msgs/dead_reckoning_msgs_s__rosidl_typesupport_introspection_c.cpython-310-x86_64-linux-gnu.so
[5.668s] -- Up-to-date: /home/schni2zle/colcon_ws/src/install/dead_reckoning_msgs/local/lib/python3.10/dist-packages/dead_reckoning_msgs/dead_reckoning_msgs_s__rosidl_typesupport_c.cpython-310-x86_64-linux-gnu.so
[5.676s] -- Up-to-date: /home/schni2zle/colcon_ws/src/install/dead_reckoning_msgs/lib/libdead_reckoning_msgs__rosidl_generator_py.so
[5.676s] -- Up-to-date: /home/schni2zle/colcon_ws/src/install/dead_reckoning_msgs/share/dead_reckoning_msgs/msg/Topics.idl
[5.677s] -- Up-to-date: /home/schni2zle/colcon_ws/src/install/dead_reckoning_msgs/share/dead_reckoning_msgs/msg/Topics.msg
[5.677s] -- Up-to-date: /home/schni2zle/colcon_ws/src/install/dead_reckoning_msgs/share/ament_index/resource_index/package_run_dependencies/dead_reckoning_msgs
[5.677s] -- Up-to-date: /home/schni2zle/colcon_ws/src/install/dead_reckoning_msgs/share/ament_index/resource_index/parent_prefix_path/dead_reckoning_msgs
[5.677s] -- Up-to-date: /home/schni2zle/colcon_ws/src/install/dead_reckoning_msgs/share/dead_reckoning_msgs/environment/ament_prefix_path.sh
[5.677s] -- Up-to-date: /home/schni2zle/colcon_ws/src/install/dead_reckoning_msgs/share/dead_reckoning_msgs/environment/ament_prefix_path.dsv
[5.678s] -- Up-to-date: /home/schni2zle/colcon_ws/src/install/dead_reckoning_msgs/share/dead_reckoning_msgs/environment/path.sh
[5.678s] -- Up-to-date: /home/schni2zle/colcon_ws/src/install/dead_reckoning_msgs/share/dead_reckoning_msgs/environment/path.dsv
[5.678s] -- Up-to-date: /home/schni2zle/colcon_ws/src/install/dead_reckoning_msgs/share/dead_reckoning_msgs/local_setup.bash
[5.678s] -- Up-to-date: /home/schni2zle/colcon_ws/src/install/dead_reckoning_msgs/share/dead_reckoning_msgs/local_setup.sh
[5.678s] -- Up-to-date: /home/schni2zle/colcon_ws/src/install/dead_reckoning_msgs/share/dead_reckoning_msgs/local_setup.zsh
[5.679s] -- Up-to-date: /home/schni2zle/colcon_ws/src/install/dead_reckoning_msgs/share/dead_reckoning_msgs/local_setup.dsv
[5.679s] -- Installing: /home/schni2zle/colcon_ws/src/install/dead_reckoning_msgs/share/dead_reckoning_msgs/package.dsv
[5.679s] -- Up-to-date: /home/schni2zle/colcon_ws/src/install/dead_reckoning_msgs/share/ament_index/resource_index/packages/dead_reckoning_msgs
[5.682s] -- Up-to-date: /home/schni2zle/colcon_ws/src/install/dead_reckoning_msgs/share/dead_reckoning_msgs/cmake/export_dead_reckoning_msgs__rosidl_generator_cExport.cmake
[5.683s] -- Up-to-date: /home/schni2zle/colcon_ws/src/install/dead_reckoning_msgs/share/dead_reckoning_msgs/cmake/export_dead_reckoning_msgs__rosidl_generator_cExport-noconfig.cmake
[5.683s] -- Up-to-date: /home/schni2zle/colcon_ws/src/install/dead_reckoning_msgs/share/dead_reckoning_msgs/cmake/export_dead_reckoning_msgs__rosidl_typesupport_fastrtps_cExport.cmake
[5.683s] -- Up-to-date: /home/schni2zle/colcon_ws/src/install/dead_reckoning_msgs/share/dead_reckoning_msgs/cmake/export_dead_reckoning_msgs__rosidl_typesupport_fastrtps_cExport-noconfig.cmake
[5.683s] -- Up-to-date: /home/schni2zle/colcon_ws/src/install/dead_reckoning_msgs/share/dead_reckoning_msgs/cmake/dead_reckoning_msgs__rosidl_typesupport_introspection_cExport.cmake
[5.684s] -- Up-to-date: /home/schni2zle/colcon_ws/src/install/dead_reckoning_msgs/share/dead_reckoning_msgs/cmake/dead_reckoning_msgs__rosidl_typesupport_introspection_cExport-noconfig.cmake
[5.688s] -- Up-to-date: /home/schni2zle/colcon_ws/src/install/dead_reckoning_msgs/share/dead_reckoning_msgs/cmake/dead_reckoning_msgs__rosidl_typesupport_cExport.cmake
[5.689s] -- Up-to-date: /home/schni2zle/colcon_ws/src/install/dead_reckoning_msgs/share/dead_reckoning_msgs/cmake/dead_reckoning_msgs__rosidl_typesupport_cExport-noconfig.cmake
[5.689s] -- Up-to-date: /home/schni2zle/colcon_ws/src/install/dead_reckoning_msgs/share/dead_reckoning_msgs/cmake/export_dead_reckoning_msgs__rosidl_generator_cppExport.cmake
[5.689s] -- Up-to-date: /home/schni2zle/colcon_ws/src/install/dead_reckoning_msgs/share/dead_reckoning_msgs/cmake/export_dead_reckoning_msgs__rosidl_typesupport_fastrtps_cppExport.cmake
[5.689s] -- Up-to-date: /home/schni2zle/colcon_ws/src/install/dead_reckoning_msgs/share/dead_reckoning_msgs/cmake/export_dead_reckoning_msgs__rosidl_typesupport_fastrtps_cppExport-noconfig.cmake
[5.689s] -- Up-to-date: /home/schni2zle/colcon_ws/src/install/dead_reckoning_msgs/share/dead_reckoning_msgs/cmake/dead_reckoning_msgs__rosidl_typesupport_introspection_cppExport.cmake
[5.690s] -- Up-to-date: /home/schni2zle/colcon_ws/src/install/dead_reckoning_msgs/share/dead_reckoning_msgs/cmake/dead_reckoning_msgs__rosidl_typesupport_introspection_cppExport-noconfig.cmake
[5.690s] -- Up-to-date: /home/schni2zle/colcon_ws/src/install/dead_reckoning_msgs/share/dead_reckoning_msgs/cmake/dead_reckoning_msgs__rosidl_typesupport_cppExport.cmake
[5.690s] -- Up-to-date: /home/schni2zle/colcon_ws/src/install/dead_reckoning_msgs/share/dead_reckoning_msgs/cmake/dead_reckoning_msgs__rosidl_typesupport_cppExport-noconfig.cmake
[5.690s] -- Up-to-date: /home/schni2zle/colcon_ws/src/install/dead_reckoning_msgs/share/dead_reckoning_msgs/cmake/export_dead_reckoning_msgs__rosidl_generator_pyExport.cmake
[5.690s] -- Up-to-date: /home/schni2zle/colcon_ws/src/install/dead_reckoning_msgs/share/dead_reckoning_msgs/cmake/export_dead_reckoning_msgs__rosidl_generator_pyExport-noconfig.cmake
[5.691s] -- Up-to-date: /home/schni2zle/colcon_ws/src/install/dead_reckoning_msgs/share/dead_reckoning_msgs/cmake/rosidl_cmake-extras.cmake
[5.691s] -- Up-to-date: /home/schni2zle/colcon_ws/src/install/dead_reckoning_msgs/share/dead_reckoning_msgs/cmake/ament_cmake_export_dependencies-extras.cmake
[5.692s] -- Up-to-date: /home/schni2zle/colcon_ws/src/install/dead_reckoning_msgs/share/dead_reckoning_msgs/cmake/ament_cmake_export_include_directories-extras.cmake
[5.692s] -- Up-to-date: /home/schni2zle/colcon_ws/src/install/dead_reckoning_msgs/share/dead_reckoning_msgs/cmake/ament_cmake_export_libraries-extras.cmake
[5.692s] -- Up-to-date: /home/schni2zle/colcon_ws/src/install/dead_reckoning_msgs/share/dead_reckoning_msgs/cmake/ament_cmake_export_targets-extras.cmake
[5.693s] -- Up-to-date: /home/schni2zle/colcon_ws/src/install/dead_reckoning_msgs/share/dead_reckoning_msgs/cmake/rosidl_cmake_export_typesupport_targets-extras.cmake
[5.693s] -- Up-to-date: /home/schni2zle/colcon_ws/src/install/dead_reckoning_msgs/share/dead_reckoning_msgs/cmake/rosidl_cmake_export_typesupport_libraries-extras.cmake
[5.694s] -- Up-to-date: /home/schni2zle/colcon_ws/src/install/dead_reckoning_msgs/share/dead_reckoning_msgs/cmake/dead_reckoning_msgsConfig.cmake
[5.694s] -- Up-to-date: /home/schni2zle/colcon_ws/src/install/dead_reckoning_msgs/share/dead_reckoning_msgs/cmake/dead_reckoning_msgsConfig-version.cmake
[5.695s] -- Up-to-date: /home/schni2zle/colcon_ws/src/install/dead_reckoning_msgs/share/dead_reckoning_msgs/package.xml
[5.717s] Invoked command in '/home/schni2zle/colcon_ws/src/build/dead_reckoning_msgs' returned '0': CMAKE_PREFIX_PATH=${CMAKE_PREFIX_PATH}:/home/schni2zle/colcon_ws/src/install/workshopfun:/home/schni2zle/colcon_ws/src/install/utm_latlon_converter:/home/schni2zle/colcon_ws/src/install/test_package:/home/schni2zle/colcon_ws/src/install/state_estimation:/home/schni2zle/colcon_ws/src/install/smarc_nodered:/home/schni2zle/colcon_ws/src/install/smarc_bt:/home/schni2zle/colcon_ws/src/install/smarc_bringups:/home/schni2zle/colcon_ws/src/install/sam_dead_reckoning:/home/schni2zle/colcon_ws/src/install/ros_tcp_endpoint:/home/schni2zle/colcon_ws/src/install/ros2_python_examples:/home/schni2zle/colcon_ws/src/install/quadrotor_basic_controller:/home/schni2zle/colcon_ws/src/install/mqtt_bridge:/home/schni2zle/colcon_ws/src/install/dubins_planner:/home/schni2zle/colcon_ws/src/install/dive_control:/home/schni2zle/colcon_ws/src/install/basic_go_to_waypoint:/home/schni2zle/colcon_ws/src/install/basic_depth_pitch_control:/home/schni2zle/colcon_ws/install/workshopfun:/home/schni2zle/colcon_ws/install/utm_latlon_converter:/home/schni2zle/colcon_ws/install/smarc_nodered:/home/schni2zle/colcon_ws/install/smarc_bt:/home/schni2zle/colcon_ws/install/smarc_bringups:/home/schni2zle/colcon_ws/install/sam_dead_reckoning:/home/schni2zle/colcon_ws/install/ros_tcp_endpoint:/home/schni2zle/colcon_ws/install/ros2_python_examples:/home/schni2zle/colcon_ws/install/mqtt_bridge:/home/schni2zle/colcon_ws/install/dubins_planner:/home/schni2zle/colcon_ws/install/basic_go_to_waypoint:/opt/ros/humble /usr/bin/cmake --install /home/schni2zle/colcon_ws/src/build/dead_reckoning_msgs
