-- Install configuration: ""
-- Up-to-date: /home/schni2zle/colcon_ws/src/install/sam_description/share/sam_description/launch/
-- Up-to-date: /home/schni2zle/colcon_ws/src/install/sam_description/share/sam_description/launch//sam_description.launch
-- Up-to-date: /home/schni2zle/colcon_ws/src/install/sam_description/share/sam_description/mesh/
-- Up-to-date: /home/schni2zle/colcon_ws/src/install/sam_description/share/sam_description/mesh//SAM_FRONTPROP.dae
-- Up-to-date: /home/schni2zle/colcon_ws/src/install/sam_description/share/sam_description/mesh//SAM_NOZZLE.dae
-- Up-to-date: /home/schni2zle/colcon_ws/src/install/sam_description/share/sam_description/mesh//SAM_HULL.dae
-- Up-to-date: /home/schni2zle/colcon_ws/src/install/sam_description/share/sam_description/mesh//SAM_BACKPROP.dae
-- Up-to-date: /home/schni2zle/colcon_ws/src/install/sam_description/share/sam_description/robots/
-- Up-to-date: /home/schni2zle/colcon_ws/src/install/sam_description/share/sam_description/robots//sam_auv_default.urdf.xacro
-- Up-to-date: /home/schni2zle/colcon_ws/src/install/sam_description/share/sam_description/urdf/
-- Up-to-date: /home/schni2zle/colcon_ws/src/install/sam_description/share/sam_description/urdf//sam_auv.urdf.xacro
-- Up-to-date: /home/schni2zle/colcon_ws/src/install/sam_description/share/sam_description/urdf//sam_auv.urdf
-- Up-to-date: /home/schni2zle/colcon_ws/src/install/sam_description/share/ament_index/resource_index/package_run_dependencies/sam_description
-- Up-to-date: /home/schni2zle/colcon_ws/src/install/sam_description/share/ament_index/resource_index/parent_prefix_path/sam_description
-- Up-to-date: /home/schni2zle/colcon_ws/src/install/sam_description/share/sam_description/environment/ament_prefix_path.sh
-- Up-to-date: /home/schni2zle/colcon_ws/src/install/sam_description/share/sam_description/environment/ament_prefix_path.dsv
-- Up-to-date: /home/schni2zle/colcon_ws/src/install/sam_description/share/sam_description/environment/path.sh
-- Up-to-date: /home/schni2zle/colcon_ws/src/install/sam_description/share/sam_description/environment/path.dsv
-- Up-to-date: /home/schni2zle/colcon_ws/src/install/sam_description/share/sam_description/local_setup.bash
-- Up-to-date: /home/schni2zle/colcon_ws/src/install/sam_description/share/sam_description/local_setup.sh
-- Up-to-date: /home/schni2zle/colcon_ws/src/install/sam_description/share/sam_description/local_setup.zsh
-- Up-to-date: /home/schni2zle/colcon_ws/src/install/sam_description/share/sam_description/local_setup.dsv
-- Installing: /home/schni2zle/colcon_ws/src/install/sam_description/share/sam_description/package.dsv
-- Up-to-date: /home/schni2zle/colcon_ws/src/install/sam_description/share/ament_index/resource_index/packages/sam_description
-- Up-to-date: /home/schni2zle/colcon_ws/src/install/sam_description/share/sam_description/cmake/sam_descriptionConfig.cmake
-- Up-to-date: /home/schni2zle/colcon_ws/src/install/sam_description/share/sam_description/cmake/sam_descriptionConfig-version.cmake
-- Up-to-date: /home/schni2zle/colcon_ws/src/install/sam_description/share/sam_description/package.xml
