[0.154s] Invoking command in '/home/schni2zle/colcon_ws/src/build/dead_reckoning_msgs': CMAKE_PREFIX_PATH=${CMAKE_PREFIX_PATH}:/home/schni2zle/colcon_ws/src/install/workshopfun:/home/schni2zle/colcon_ws/src/install/utm_latlon_converter:/home/schni2zle/colcon_ws/src/install/test_package:/home/schni2zle/colcon_ws/src/install/state_estimation:/home/schni2zle/colcon_ws/src/install/smarc_nodered:/home/schni2zle/colcon_ws/src/install/smarc_bt:/home/schni2zle/colcon_ws/src/install/smarc_bringups:/home/schni2zle/colcon_ws/src/install/sam_dead_reckoning:/home/schni2zle/colcon_ws/src/install/ros_tcp_endpoint:/home/schni2zle/colcon_ws/src/install/ros2_python_examples:/home/schni2zle/colcon_ws/src/install/quadrotor_basic_controller:/home/schni2zle/colcon_ws/src/install/mqtt_bridge:/home/schni2zle/colcon_ws/src/install/dubins_planner:/home/schni2zle/colcon_ws/src/install/dive_control:/home/schni2zle/colcon_ws/src/install/basic_go_to_waypoint:/home/schni2zle/colcon_ws/src/install/basic_depth_pitch_control:/home/schni2zle/colcon_ws/install/workshopfun:/home/schni2zle/colcon_ws/install/utm_latlon_converter:/home/schni2zle/colcon_ws/install/smarc_nodered:/home/schni2zle/colcon_ws/install/smarc_bt:/home/schni2zle/colcon_ws/install/smarc_bringups:/home/schni2zle/colcon_ws/install/sam_dead_reckoning:/home/schni2zle/colcon_ws/install/ros_tcp_endpoint:/home/schni2zle/colcon_ws/install/ros2_python_examples:/home/schni2zle/colcon_ws/install/mqtt_bridge:/home/schni2zle/colcon_ws/install/dubins_planner:/home/schni2zle/colcon_ws/install/basic_go_to_waypoint:/opt/ros/humble /usr/bin/cmake --build /home/schni2zle/colcon_ws/src/build/dead_reckoning_msgs -- -j8 -l8
[3.856s] [  9%] Built target dead_reckoning_msgs__rosidl_generator_c
[3.856s] [ 12%] Built target dead_reckoning_msgs__cpp
[3.857s] [ 12%] Built target ament_cmake_python_copy_dead_reckoning_msgs
[3.858s] [ 22%] Built target dead_reckoning_msgs__rosidl_typesupport_fastrtps_c
[3.858s] [ 32%] Built target dead_reckoning_msgs__rosidl_typesupport_fastrtps_cpp
[3.858s] [ 45%] Built target dead_reckoning_msgs__rosidl_typesupport_introspection_c
[3.858s] [ 58%] Built target dead_reckoning_msgs__rosidl_typesupport_cpp
[3.859s] [ 61%] Built target dead_reckoning_msgs__rosidl_typesupport_c
[3.859s] [ 70%] Built target dead_reckoning_msgs__rosidl_typesupport_introspection_cpp
[3.859s] [ 70%] Built target dead_reckoning_msgs
[3.859s] [ 74%] Built target dead_reckoning_msgs__py
[3.859s] [ 80%] Built target dead_reckoning_msgs__rosidl_generator_py
[3.859s] [ 87%] Built target dead_reckoning_msgs__rosidl_typesupport_fastrtps_c__pyext
[3.860s] [ 93%] Built target dead_reckoning_msgs__rosidl_typesupport_c__pyext
[3.860s] [100%] Built target dead_reckoning_msgs__rosidl_typesupport_introspection_c__pyext
[3.860s] running egg_info
[3.860s] writing dead_reckoning_msgs.egg-info/PKG-INFO
[3.860s] writing dependency_links to dead_reckoning_msgs.egg-info/dependency_links.txt
[3.861s] writing top-level names to dead_reckoning_msgs.egg-info/top_level.txt
[3.861s] reading manifest file 'dead_reckoning_msgs.egg-info/SOURCES.txt'
[3.861s] writing manifest file 'dead_reckoning_msgs.egg-info/SOURCES.txt'
[3.861s] [100%] Built target ament_cmake_python_build_dead_reckoning_msgs_egg
[3.867s] Invoked command in '/home/schni2zle/colcon_ws/src/build/dead_reckoning_msgs' returned '0': CMAKE_PREFIX_PATH=${CMAKE_PREFIX_PATH}:/home/schni2zle/colcon_ws/src/install/workshopfun:/home/schni2zle/colcon_ws/src/install/utm_latlon_converter:/home/schni2zle/colcon_ws/src/install/test_package:/home/schni2zle/colcon_ws/src/install/state_estimation:/home/schni2zle/colcon_ws/src/install/smarc_nodered:/home/schni2zle/colcon_ws/src/install/smarc_bt:/home/schni2zle/colcon_ws/src/install/smarc_bringups:/home/schni2zle/colcon_ws/src/install/sam_dead_reckoning:/home/schni2zle/colcon_ws/src/install/ros_tcp_endpoint:/home/schni2zle/colcon_ws/src/install/ros2_python_examples:/home/schni2zle/colcon_ws/src/install/quadrotor_basic_controller:/home/schni2zle/colcon_ws/src/install/mqtt_bridge:/home/schni2zle/colcon_ws/src/install/dubins_planner:/home/schni2zle/colcon_ws/src/install/dive_control:/home/schni2zle/colcon_ws/src/install/basic_go_to_waypoint:/home/schni2zle/colcon_ws/src/install/basic_depth_pitch_control:/home/schni2zle/colcon_ws/install/workshopfun:/home/schni2zle/colcon_ws/install/utm_latlon_converter:/home/schni2zle/colcon_ws/install/smarc_nodered:/home/schni2zle/colcon_ws/install/smarc_bt:/home/schni2zle/colcon_ws/install/smarc_bringups:/home/schni2zle/colcon_ws/install/sam_dead_reckoning:/home/schni2zle/colcon_ws/install/ros_tcp_endpoint:/home/schni2zle/colcon_ws/install/ros2_python_examples:/home/schni2zle/colcon_ws/install/mqtt_bridge:/home/schni2zle/colcon_ws/install/dubins_planner:/home/schni2zle/colcon_ws/install/basic_go_to_waypoint:/opt/ros/humble /usr/bin/cmake --build /home/schni2zle/colcon_ws/src/build/dead_reckoning_msgs -- -j8 -l8
[4.839s] Invoking command in '/home/schni2zle/colcon_ws/src/build/dead_reckoning_msgs': CMAKE_PREFIX_PATH=${CMAKE_PREFIX_PATH}:/home/schni2zle/colcon_ws/src/install/workshopfun:/home/schni2zle/colcon_ws/src/install/utm_latlon_converter:/home/schni2zle/colcon_ws/src/install/test_package:/home/schni2zle/colcon_ws/src/install/state_estimation:/home/schni2zle/colcon_ws/src/install/smarc_nodered:/home/schni2zle/colcon_ws/src/install/smarc_bt:/home/schni2zle/colcon_ws/src/install/smarc_bringups:/home/schni2zle/colcon_ws/src/install/sam_dead_reckoning:/home/schni2zle/colcon_ws/src/install/ros_tcp_endpoint:/home/schni2zle/colcon_ws/src/install/ros2_python_examples:/home/schni2zle/colcon_ws/src/install/quadrotor_basic_controller:/home/schni2zle/colcon_ws/src/install/mqtt_bridge:/home/schni2zle/colcon_ws/src/install/dubins_planner:/home/schni2zle/colcon_ws/src/install/dive_control:/home/schni2zle/colcon_ws/src/install/basic_go_to_waypoint:/home/schni2zle/colcon_ws/src/install/basic_depth_pitch_control:/home/schni2zle/colcon_ws/install/workshopfun:/home/schni2zle/colcon_ws/install/utm_latlon_converter:/home/schni2zle/colcon_ws/install/smarc_nodered:/home/schni2zle/colcon_ws/install/smarc_bt:/home/schni2zle/colcon_ws/install/smarc_bringups:/home/schni2zle/colcon_ws/install/sam_dead_reckoning:/home/schni2zle/colcon_ws/install/ros_tcp_endpoint:/home/schni2zle/colcon_ws/install/ros2_python_examples:/home/schni2zle/colcon_ws/install/mqtt_bridge:/home/schni2zle/colcon_ws/install/dubins_planner:/home/schni2zle/colcon_ws/install/basic_go_to_waypoint:/opt/ros/humble /usr/bin/cmake --install /home/schni2zle/colcon_ws/src/build/dead_reckoning_msgs
[4.875s] -- Install configuration: ""
[4.876s] -- Up-to-date: /home/schni2zle/colcon_ws/src/install/dead_reckoning_msgs/share/ament_index/resource_index/rosidl_interfaces/dead_reckoning_msgs
[4.877s] -- Up-to-date: /home/schni2zle/colcon_ws/src/install/dead_reckoning_msgs/include/dead_reckoning_msgs/dead_reckoning_msgs
[4.877s] -- Up-to-date: /home/schni2zle/colcon_ws/src/install/dead_reckoning_msgs/include/dead_reckoning_msgs/dead_reckoning_msgs/msg
[4.880s] -- Up-to-date: /home/schni2zle/colcon_ws/src/install/dead_reckoning_msgs/include/dead_reckoning_msgs/dead_reckoning_msgs/msg/rosidl_generator_c__visibility_control.h
[4.880s] -- Up-to-date: /home/schni2zle/colcon_ws/src/install/dead_reckoning_msgs/include/dead_reckoning_msgs/dead_reckoning_msgs/msg/detail
[4.880s] -- Up-to-date: /home/schni2zle/colcon_ws/src/install/dead_reckoning_msgs/include/dead_reckoning_msgs/dead_reckoning_msgs/msg/detail/topics__struct.h
[4.881s] -- Up-to-date: /home/schni2zle/colcon_ws/src/install/dead_reckoning_msgs/include/dead_reckoning_msgs/dead_reckoning_msgs/msg/detail/topics__type_support.h
[4.881s] -- Up-to-date: /home/schni2zle/colcon_ws/src/install/dead_reckoning_msgs/include/dead_reckoning_msgs/dead_reckoning_msgs/msg/detail/topics__functions.h
[4.881s] -- Up-to-date: /home/schni2zle/colcon_ws/src/install/dead_reckoning_msgs/include/dead_reckoning_msgs/dead_reckoning_msgs/msg/detail/topics__functions.c
[4.881s] -- Up-to-date: /home/schni2zle/colcon_ws/src/install/dead_reckoning_msgs/include/dead_reckoning_msgs/dead_reckoning_msgs/msg/topics.h
[4.881s] -- Up-to-date: /home/schni2zle/colcon_ws/src/install/dead_reckoning_msgs/share/dead_reckoning_msgs/environment/library_path.sh
[4.883s] -- Up-to-date: /home/schni2zle/colcon_ws/src/install/dead_reckoning_msgs/share/dead_reckoning_msgs/environment/library_path.dsv
[4.885s] -- Up-to-date: /home/schni2zle/colcon_ws/src/install/dead_reckoning_msgs/lib/libdead_reckoning_msgs__rosidl_generator_c.so
[4.885s] -- Up-to-date: /home/schni2zle/colcon_ws/src/install/dead_reckoning_msgs/include/dead_reckoning_msgs/dead_reckoning_msgs
[4.885s] -- Up-to-date: /home/schni2zle/colcon_ws/src/install/dead_reckoning_msgs/include/dead_reckoning_msgs/dead_reckoning_msgs/msg
[4.886s] -- Up-to-date: /home/schni2zle/colcon_ws/src/install/dead_reckoning_msgs/include/dead_reckoning_msgs/dead_reckoning_msgs/msg/rosidl_typesupport_fastrtps_c__visibility_control.h
[4.887s] -- Up-to-date: /home/schni2zle/colcon_ws/src/install/dead_reckoning_msgs/include/dead_reckoning_msgs/dead_reckoning_msgs/msg/detail
[4.888s] -- Up-to-date: /home/schni2zle/colcon_ws/src/install/dead_reckoning_msgs/include/dead_reckoning_msgs/dead_reckoning_msgs/msg/detail/topics__rosidl_typesupport_fastrtps_c.h
[4.889s] -- Up-to-date: /home/schni2zle/colcon_ws/src/install/dead_reckoning_msgs/lib/libdead_reckoning_msgs__rosidl_typesupport_fastrtps_c.so
[4.889s] -- Up-to-date: /home/schni2zle/colcon_ws/src/install/dead_reckoning_msgs/include/dead_reckoning_msgs/dead_reckoning_msgs
[4.892s] -- Up-to-date: /home/schni2zle/colcon_ws/src/install/dead_reckoning_msgs/include/dead_reckoning_msgs/dead_reckoning_msgs/msg
[4.893s] -- Up-to-date: /home/schni2zle/colcon_ws/src/install/dead_reckoning_msgs/include/dead_reckoning_msgs/dead_reckoning_msgs/msg/rosidl_typesupport_introspection_c__visibility_control.h
[4.893s] -- Up-to-date: /home/schni2zle/colcon_ws/src/install/dead_reckoning_msgs/include/dead_reckoning_msgs/dead_reckoning_msgs/msg/detail
[4.894s] -- Up-to-date: /home/schni2zle/colcon_ws/src/install/dead_reckoning_msgs/include/dead_reckoning_msgs/dead_reckoning_msgs/msg/detail/topics__type_support.c
[4.894s] -- Up-to-date: /home/schni2zle/colcon_ws/src/install/dead_reckoning_msgs/include/dead_reckoning_msgs/dead_reckoning_msgs/msg/detail/topics__rosidl_typesupport_introspection_c.h
[4.894s] -- Up-to-date: /home/schni2zle/colcon_ws/src/install/dead_reckoning_msgs/lib/libdead_reckoning_msgs__rosidl_typesupport_introspection_c.so
[4.894s] -- Up-to-date: /home/schni2zle/colcon_ws/src/install/dead_reckoning_msgs/lib/libdead_reckoning_msgs__rosidl_typesupport_c.so
[4.894s] -- Up-to-date: /home/schni2zle/colcon_ws/src/install/dead_reckoning_msgs/include/dead_reckoning_msgs/dead_reckoning_msgs
[4.895s] -- Up-to-date: /home/schni2zle/colcon_ws/src/install/dead_reckoning_msgs/include/dead_reckoning_msgs/dead_reckoning_msgs/msg
[4.895s] -- Up-to-date: /home/schni2zle/colcon_ws/src/install/dead_reckoning_msgs/include/dead_reckoning_msgs/dead_reckoning_msgs/msg/detail
[4.895s] -- Up-to-date: /home/schni2zle/colcon_ws/src/install/dead_reckoning_msgs/include/dead_reckoning_msgs/dead_reckoning_msgs/msg/detail/topics__struct.hpp
[4.895s] -- Up-to-date: /home/schni2zle/colcon_ws/src/install/dead_reckoning_msgs/include/dead_reckoning_msgs/dead_reckoning_msgs/msg/detail/topics__traits.hpp
[4.895s] -- Up-to-date: /home/schni2zle/colcon_ws/src/install/dead_reckoning_msgs/include/dead_reckoning_msgs/dead_reckoning_msgs/msg/detail/topics__builder.hpp
[4.896s] -- Up-to-date: /home/schni2zle/colcon_ws/src/install/dead_reckoning_msgs/include/dead_reckoning_msgs/dead_reckoning_msgs/msg/topics.hpp
[4.896s] -- Up-to-date: /home/schni2zle/colcon_ws/src/install/dead_reckoning_msgs/include/dead_reckoning_msgs/dead_reckoning_msgs
[4.896s] -- Up-to-date: /home/schni2zle/colcon_ws/src/install/dead_reckoning_msgs/include/dead_reckoning_msgs/dead_reckoning_msgs/msg
[4.898s] -- Up-to-date: /home/schni2zle/colcon_ws/src/install/dead_reckoning_msgs/include/dead_reckoning_msgs/dead_reckoning_msgs/msg/rosidl_typesupport_fastrtps_cpp__visibility_control.h
[4.899s] -- Up-to-date: /home/schni2zle/colcon_ws/src/install/dead_reckoning_msgs/include/dead_reckoning_msgs/dead_reckoning_msgs/msg/detail
[4.899s] -- Up-to-date: /home/schni2zle/colcon_ws/src/install/dead_reckoning_msgs/include/dead_reckoning_msgs/dead_reckoning_msgs/msg/detail/topics__rosidl_typesupport_fastrtps_cpp.hpp
[4.899s] -- Up-to-date: /home/schni2zle/colcon_ws/src/install/dead_reckoning_msgs/include/dead_reckoning_msgs/dead_reckoning_msgs/msg/detail/dds_fastrtps
[4.903s] -- Up-to-date: /home/schni2zle/colcon_ws/src/install/dead_reckoning_msgs/lib/libdead_reckoning_msgs__rosidl_typesupport_fastrtps_cpp.so
[4.904s] -- Up-to-date: /home/schni2zle/colcon_ws/src/install/dead_reckoning_msgs/include/dead_reckoning_msgs/dead_reckoning_msgs
[4.904s] -- Up-to-date: /home/schni2zle/colcon_ws/src/install/dead_reckoning_msgs/include/dead_reckoning_msgs/dead_reckoning_msgs/msg
[4.904s] -- Up-to-date: /home/schni2zle/colcon_ws/src/install/dead_reckoning_msgs/include/dead_reckoning_msgs/dead_reckoning_msgs/msg/detail
[4.905s] -- Up-to-date: /home/schni2zle/colcon_ws/src/install/dead_reckoning_msgs/include/dead_reckoning_msgs/dead_reckoning_msgs/msg/detail/topics__type_support.cpp
[4.905s] -- Up-to-date: /home/schni2zle/colcon_ws/src/install/dead_reckoning_msgs/include/dead_reckoning_msgs/dead_reckoning_msgs/msg/detail/topics__rosidl_typesupport_introspection_cpp.hpp
[4.905s] -- Up-to-date: /home/schni2zle/colcon_ws/src/install/dead_reckoning_msgs/lib/libdead_reckoning_msgs__rosidl_typesupport_introspection_cpp.so
[4.905s] -- Up-to-date: /home/schni2zle/colcon_ws/src/install/dead_reckoning_msgs/lib/libdead_reckoning_msgs__rosidl_typesupport_cpp.so
[4.905s] -- Up-to-date: /home/schni2zle/colcon_ws/src/install/dead_reckoning_msgs/share/dead_reckoning_msgs/environment/pythonpath.sh
[4.906s] -- Up-to-date: /home/schni2zle/colcon_ws/src/install/dead_reckoning_msgs/share/dead_reckoning_msgs/environment/pythonpath.dsv
[4.906s] -- Up-to-date: /home/schni2zle/colcon_ws/src/install/dead_reckoning_msgs/local/lib/python3.10/dist-packages/dead_reckoning_msgs-0.0.0-py3.10.egg-info
[4.906s] -- Installing: /home/schni2zle/colcon_ws/src/install/dead_reckoning_msgs/local/lib/python3.10/dist-packages/dead_reckoning_msgs-0.0.0-py3.10.egg-info/PKG-INFO
[4.906s] -- Installing: /home/schni2zle/colcon_ws/src/install/dead_reckoning_msgs/local/lib/python3.10/dist-packages/dead_reckoning_msgs-0.0.0-py3.10.egg-info/SOURCES.txt
[4.906s] -- Installing: /home/schni2zle/colcon_ws/src/install/dead_reckoning_msgs/local/lib/python3.10/dist-packages/dead_reckoning_msgs-0.0.0-py3.10.egg-info/top_level.txt
[4.907s] -- Installing: /home/schni2zle/colcon_ws/src/install/dead_reckoning_msgs/local/lib/python3.10/dist-packages/dead_reckoning_msgs-0.0.0-py3.10.egg-info/dependency_links.txt
[4.907s] -- Up-to-date: /home/schni2zle/colcon_ws/src/install/dead_reckoning_msgs/local/lib/python3.10/dist-packages/dead_reckoning_msgs
[4.910s] -- Up-to-date: /home/schni2zle/colcon_ws/src/install/dead_reckoning_msgs/local/lib/python3.10/dist-packages/dead_reckoning_msgs/msg
[4.911s] -- Up-to-date: /home/schni2zle/colcon_ws/src/install/dead_reckoning_msgs/local/lib/python3.10/dist-packages/dead_reckoning_msgs/msg/_topics_s.c
[4.911s] -- Up-to-date: /home/schni2zle/colcon_ws/src/install/dead_reckoning_msgs/local/lib/python3.10/dist-packages/dead_reckoning_msgs/msg/_topics.py
[4.911s] -- Up-to-date: /home/schni2zle/colcon_ws/src/install/dead_reckoning_msgs/local/lib/python3.10/dist-packages/dead_reckoning_msgs/msg/__init__.py
[4.911s] -- Up-to-date: /home/schni2zle/colcon_ws/src/install/dead_reckoning_msgs/local/lib/python3.10/dist-packages/dead_reckoning_msgs/_dead_reckoning_msgs_s.ep.rosidl_typesupport_c.c
[4.912s] -- Up-to-date: /home/schni2zle/colcon_ws/src/install/dead_reckoning_msgs/local/lib/python3.10/dist-packages/dead_reckoning_msgs/libdead_reckoning_msgs__rosidl_generator_py.so
[4.912s] -- Up-to-date: /home/schni2zle/colcon_ws/src/install/dead_reckoning_msgs/local/lib/python3.10/dist-packages/dead_reckoning_msgs/dead_reckoning_msgs_s__rosidl_typesupport_c.cpython-310-x86_64-linux-gnu.so
[4.912s] -- Up-to-date: /home/schni2zle/colcon_ws/src/install/dead_reckoning_msgs/local/lib/python3.10/dist-packages/dead_reckoning_msgs/dead_reckoning_msgs_s__rosidl_typesupport_introspection_c.cpython-310-x86_64-linux-gnu.so
[4.912s] -- Up-to-date: /home/schni2zle/colcon_ws/src/install/dead_reckoning_msgs/local/lib/python3.10/dist-packages/dead_reckoning_msgs/dead_reckoning_msgs_s__rosidl_typesupport_fastrtps_c.cpython-310-x86_64-linux-gnu.so
[4.913s] -- Up-to-date: /home/schni2zle/colcon_ws/src/install/dead_reckoning_msgs/local/lib/python3.10/dist-packages/dead_reckoning_msgs/_dead_reckoning_msgs_s.ep.rosidl_typesupport_fastrtps_c.c
[4.913s] -- Up-to-date: /home/schni2zle/colcon_ws/src/install/dead_reckoning_msgs/local/lib/python3.10/dist-packages/dead_reckoning_msgs/__init__.py
[4.913s] -- Up-to-date: /home/schni2zle/colcon_ws/src/install/dead_reckoning_msgs/local/lib/python3.10/dist-packages/dead_reckoning_msgs/_dead_reckoning_msgs_s.ep.rosidl_typesupport_introspection_c.c
[5.084s] Listing '/home/schni2zle/colcon_ws/src/install/dead_reckoning_msgs/local/lib/python3.10/dist-packages/dead_reckoning_msgs'...
[5.084s] Listing '/home/schni2zle/colcon_ws/src/install/dead_reckoning_msgs/local/lib/python3.10/dist-packages/dead_reckoning_msgs/msg'...
[5.099s] -- Up-to-date: /home/schni2zle/colcon_ws/src/install/dead_reckoning_msgs/local/lib/python3.10/dist-packages/dead_reckoning_msgs/dead_reckoning_msgs_s__rosidl_typesupport_fastrtps_c.cpython-310-x86_64-linux-gnu.so
[5.100s] -- Up-to-date: /home/schni2zle/colcon_ws/src/install/dead_reckoning_msgs/local/lib/python3.10/dist-packages/dead_reckoning_msgs/dead_reckoning_msgs_s__rosidl_typesupport_introspection_c.cpython-310-x86_64-linux-gnu.so
[5.101s] -- Up-to-date: /home/schni2zle/colcon_ws/src/install/dead_reckoning_msgs/local/lib/python3.10/dist-packages/dead_reckoning_msgs/dead_reckoning_msgs_s__rosidl_typesupport_c.cpython-310-x86_64-linux-gnu.so
[5.102s] -- Up-to-date: /home/schni2zle/colcon_ws/src/install/dead_reckoning_msgs/lib/libdead_reckoning_msgs__rosidl_generator_py.so
[5.106s] -- Up-to-date: /home/schni2zle/colcon_ws/src/install/dead_reckoning_msgs/share/dead_reckoning_msgs/msg/Topics.idl
[5.106s] -- Up-to-date: /home/schni2zle/colcon_ws/src/install/dead_reckoning_msgs/share/dead_reckoning_msgs/msg/Topics.msg
[5.106s] -- Up-to-date: /home/schni2zle/colcon_ws/src/install/dead_reckoning_msgs/share/ament_index/resource_index/package_run_dependencies/dead_reckoning_msgs
[5.107s] -- Up-to-date: /home/schni2zle/colcon_ws/src/install/dead_reckoning_msgs/share/ament_index/resource_index/parent_prefix_path/dead_reckoning_msgs
[5.107s] -- Up-to-date: /home/schni2zle/colcon_ws/src/install/dead_reckoning_msgs/share/dead_reckoning_msgs/environment/ament_prefix_path.sh
[5.107s] -- Up-to-date: /home/schni2zle/colcon_ws/src/install/dead_reckoning_msgs/share/dead_reckoning_msgs/environment/ament_prefix_path.dsv
[5.107s] -- Up-to-date: /home/schni2zle/colcon_ws/src/install/dead_reckoning_msgs/share/dead_reckoning_msgs/environment/path.sh
[5.108s] -- Up-to-date: /home/schni2zle/colcon_ws/src/install/dead_reckoning_msgs/share/dead_reckoning_msgs/environment/path.dsv
[5.108s] -- Up-to-date: /home/schni2zle/colcon_ws/src/install/dead_reckoning_msgs/share/dead_reckoning_msgs/local_setup.bash
[5.108s] -- Up-to-date: /home/schni2zle/colcon_ws/src/install/dead_reckoning_msgs/share/dead_reckoning_msgs/local_setup.sh
[5.119s] -- Up-to-date: /home/schni2zle/colcon_ws/src/install/dead_reckoning_msgs/share/dead_reckoning_msgs/local_setup.zsh
[5.120s] -- Up-to-date: /home/schni2zle/colcon_ws/src/install/dead_reckoning_msgs/share/dead_reckoning_msgs/local_setup.dsv
[5.120s] -- Installing: /home/schni2zle/colcon_ws/src/install/dead_reckoning_msgs/share/dead_reckoning_msgs/package.dsv
[5.120s] -- Up-to-date: /home/schni2zle/colcon_ws/src/install/dead_reckoning_msgs/share/ament_index/resource_index/packages/dead_reckoning_msgs
[5.120s] -- Up-to-date: /home/schni2zle/colcon_ws/src/install/dead_reckoning_msgs/share/dead_reckoning_msgs/cmake/export_dead_reckoning_msgs__rosidl_generator_cExport.cmake
[5.120s] -- Up-to-date: /home/schni2zle/colcon_ws/src/install/dead_reckoning_msgs/share/dead_reckoning_msgs/cmake/export_dead_reckoning_msgs__rosidl_generator_cExport-noconfig.cmake
[5.121s] -- Up-to-date: /home/schni2zle/colcon_ws/src/install/dead_reckoning_msgs/share/dead_reckoning_msgs/cmake/export_dead_reckoning_msgs__rosidl_typesupport_fastrtps_cExport.cmake
[5.121s] -- Up-to-date: /home/schni2zle/colcon_ws/src/install/dead_reckoning_msgs/share/dead_reckoning_msgs/cmake/export_dead_reckoning_msgs__rosidl_typesupport_fastrtps_cExport-noconfig.cmake
[5.126s] -- Up-to-date: /home/schni2zle/colcon_ws/src/install/dead_reckoning_msgs/share/dead_reckoning_msgs/cmake/dead_reckoning_msgs__rosidl_typesupport_introspection_cExport.cmake
[5.126s] -- Up-to-date: /home/schni2zle/colcon_ws/src/install/dead_reckoning_msgs/share/dead_reckoning_msgs/cmake/dead_reckoning_msgs__rosidl_typesupport_introspection_cExport-noconfig.cmake
[5.126s] -- Up-to-date: /home/schni2zle/colcon_ws/src/install/dead_reckoning_msgs/share/dead_reckoning_msgs/cmake/dead_reckoning_msgs__rosidl_typesupport_cExport.cmake
[5.126s] -- Up-to-date: /home/schni2zle/colcon_ws/src/install/dead_reckoning_msgs/share/dead_reckoning_msgs/cmake/dead_reckoning_msgs__rosidl_typesupport_cExport-noconfig.cmake
[5.127s] -- Up-to-date: /home/schni2zle/colcon_ws/src/install/dead_reckoning_msgs/share/dead_reckoning_msgs/cmake/export_dead_reckoning_msgs__rosidl_generator_cppExport.cmake
[5.127s] -- Up-to-date: /home/schni2zle/colcon_ws/src/install/dead_reckoning_msgs/share/dead_reckoning_msgs/cmake/export_dead_reckoning_msgs__rosidl_typesupport_fastrtps_cppExport.cmake
[5.127s] -- Up-to-date: /home/schni2zle/colcon_ws/src/install/dead_reckoning_msgs/share/dead_reckoning_msgs/cmake/export_dead_reckoning_msgs__rosidl_typesupport_fastrtps_cppExport-noconfig.cmake
[5.127s] -- Up-to-date: /home/schni2zle/colcon_ws/src/install/dead_reckoning_msgs/share/dead_reckoning_msgs/cmake/dead_reckoning_msgs__rosidl_typesupport_introspection_cppExport.cmake
[5.127s] -- Up-to-date: /home/schni2zle/colcon_ws/src/install/dead_reckoning_msgs/share/dead_reckoning_msgs/cmake/dead_reckoning_msgs__rosidl_typesupport_introspection_cppExport-noconfig.cmake
[5.127s] -- Up-to-date: /home/schni2zle/colcon_ws/src/install/dead_reckoning_msgs/share/dead_reckoning_msgs/cmake/dead_reckoning_msgs__rosidl_typesupport_cppExport.cmake
[5.128s] -- Up-to-date: /home/schni2zle/colcon_ws/src/install/dead_reckoning_msgs/share/dead_reckoning_msgs/cmake/dead_reckoning_msgs__rosidl_typesupport_cppExport-noconfig.cmake
[5.128s] -- Up-to-date: /home/schni2zle/colcon_ws/src/install/dead_reckoning_msgs/share/dead_reckoning_msgs/cmake/export_dead_reckoning_msgs__rosidl_generator_pyExport.cmake
[5.128s] -- Up-to-date: /home/schni2zle/colcon_ws/src/install/dead_reckoning_msgs/share/dead_reckoning_msgs/cmake/export_dead_reckoning_msgs__rosidl_generator_pyExport-noconfig.cmake
[5.128s] -- Up-to-date: /home/schni2zle/colcon_ws/src/install/dead_reckoning_msgs/share/dead_reckoning_msgs/cmake/rosidl_cmake-extras.cmake
[5.128s] -- Up-to-date: /home/schni2zle/colcon_ws/src/install/dead_reckoning_msgs/share/dead_reckoning_msgs/cmake/ament_cmake_export_dependencies-extras.cmake
[5.128s] -- Up-to-date: /home/schni2zle/colcon_ws/src/install/dead_reckoning_msgs/share/dead_reckoning_msgs/cmake/ament_cmake_export_include_directories-extras.cmake
[5.129s] -- Up-to-date: /home/schni2zle/colcon_ws/src/install/dead_reckoning_msgs/share/dead_reckoning_msgs/cmake/ament_cmake_export_libraries-extras.cmake
[5.131s] -- Up-to-date: /home/schni2zle/colcon_ws/src/install/dead_reckoning_msgs/share/dead_reckoning_msgs/cmake/ament_cmake_export_targets-extras.cmake
[5.131s] -- Up-to-date: /home/schni2zle/colcon_ws/src/install/dead_reckoning_msgs/share/dead_reckoning_msgs/cmake/rosidl_cmake_export_typesupport_targets-extras.cmake
[5.131s] -- Up-to-date: /home/schni2zle/colcon_ws/src/install/dead_reckoning_msgs/share/dead_reckoning_msgs/cmake/rosidl_cmake_export_typesupport_libraries-extras.cmake
[5.132s] -- Up-to-date: /home/schni2zle/colcon_ws/src/install/dead_reckoning_msgs/share/dead_reckoning_msgs/cmake/dead_reckoning_msgsConfig.cmake
[5.132s] -- Up-to-date: /home/schni2zle/colcon_ws/src/install/dead_reckoning_msgs/share/dead_reckoning_msgs/cmake/dead_reckoning_msgsConfig-version.cmake
[5.132s] -- Up-to-date: /home/schni2zle/colcon_ws/src/install/dead_reckoning_msgs/share/dead_reckoning_msgs/package.xml
[5.133s] Invoked command in '/home/schni2zle/colcon_ws/src/build/dead_reckoning_msgs' returned '0': CMAKE_PREFIX_PATH=${CMAKE_PREFIX_PATH}:/home/schni2zle/colcon_ws/src/install/workshopfun:/home/schni2zle/colcon_ws/src/install/utm_latlon_converter:/home/schni2zle/colcon_ws/src/install/test_package:/home/schni2zle/colcon_ws/src/install/state_estimation:/home/schni2zle/colcon_ws/src/install/smarc_nodered:/home/schni2zle/colcon_ws/src/install/smarc_bt:/home/schni2zle/colcon_ws/src/install/smarc_bringups:/home/schni2zle/colcon_ws/src/install/sam_dead_reckoning:/home/schni2zle/colcon_ws/src/install/ros_tcp_endpoint:/home/schni2zle/colcon_ws/src/install/ros2_python_examples:/home/schni2zle/colcon_ws/src/install/quadrotor_basic_controller:/home/schni2zle/colcon_ws/src/install/mqtt_bridge:/home/schni2zle/colcon_ws/src/install/dubins_planner:/home/schni2zle/colcon_ws/src/install/dive_control:/home/schni2zle/colcon_ws/src/install/basic_go_to_waypoint:/home/schni2zle/colcon_ws/src/install/basic_depth_pitch_control:/home/schni2zle/colcon_ws/install/workshopfun:/home/schni2zle/colcon_ws/install/utm_latlon_converter:/home/schni2zle/colcon_ws/install/smarc_nodered:/home/schni2zle/colcon_ws/install/smarc_bt:/home/schni2zle/colcon_ws/install/smarc_bringups:/home/schni2zle/colcon_ws/install/sam_dead_reckoning:/home/schni2zle/colcon_ws/install/ros_tcp_endpoint:/home/schni2zle/colcon_ws/install/ros2_python_examples:/home/schni2zle/colcon_ws/install/mqtt_bridge:/home/schni2zle/colcon_ws/install/dubins_planner:/home/schni2zle/colcon_ws/install/basic_go_to_waypoint:/opt/ros/humble /usr/bin/cmake --install /home/schni2zle/colcon_ws/src/build/dead_reckoning_msgs
