[4.381s] Invoking command in '/home/schni2zle/colcon_ws/src/external_packages/ROS-TCP-Endpoint': PYTHONPATH=/home/schni2zle/colcon_ws/src/build/ros_tcp_endpoint/prefix_override:/usr/lib/python3/dist-packages/colcon_core/task/python/colcon_distutils_commands:/home/schni2zle/colcon_ws/src/install/ros_tcp_endpoint/lib/python3.10/site-packages:${PYTHONPATH} /usr/bin/python3 -W ignore:setup.py install is deprecated setup.py egg_info --egg-base ../../build/ros_tcp_endpoint build --build-base /home/schni2zle/colcon_ws/src/build/ros_tcp_endpoint/build install --record /home/schni2zle/colcon_ws/src/build/ros_tcp_endpoint/install.log --single-version-externally-managed install_data
[6.008s] running egg_info
[6.014s] writing ../../build/ros_tcp_endpoint/ros_tcp_endpoint.egg-info/PKG-INFO
[6.014s] writing dependency_links to ../../build/ros_tcp_endpoint/ros_tcp_endpoint.egg-info/dependency_links.txt
[6.015s] writing entry points to ../../build/ros_tcp_endpoint/ros_tcp_endpoint.egg-info/entry_points.txt
[6.015s] writing requirements to ../../build/ros_tcp_endpoint/ros_tcp_endpoint.egg-info/requires.txt
[6.020s] writing top-level names to ../../build/ros_tcp_endpoint/ros_tcp_endpoint.egg-info/top_level.txt
[6.026s] reading manifest file '../../build/ros_tcp_endpoint/ros_tcp_endpoint.egg-info/SOURCES.txt'
[6.028s] adding license file 'LICENSE'
[6.030s] writing manifest file '../../build/ros_tcp_endpoint/ros_tcp_endpoint.egg-info/SOURCES.txt'
[6.030s] running build
[6.033s] running build_py
[6.035s] running install
[6.037s] running install_lib
[6.043s] running install_data
[6.044s] running install_egg_info
[6.049s] removing '/home/schni2zle/colcon_ws/src/install/ros_tcp_endpoint/lib/python3.10/site-packages/ros_tcp_endpoint-0.0.1-py3.10.egg-info' (and everything under it)
[6.051s] Copying ../../build/ros_tcp_endpoint/ros_tcp_endpoint.egg-info to /home/schni2zle/colcon_ws/src/install/ros_tcp_endpoint/lib/python3.10/site-packages/ros_tcp_endpoint-0.0.1-py3.10.egg-info
[6.055s] running install_scripts
[6.133s] Installing default_server_endpoint script to /home/schni2zle/colcon_ws/src/install/ros_tcp_endpoint/lib/ros_tcp_endpoint
[6.133s] writing list of installed files to '/home/schni2zle/colcon_ws/src/build/ros_tcp_endpoint/install.log'
[6.274s] Invoked command in '/home/schni2zle/colcon_ws/src/external_packages/ROS-TCP-Endpoint' returned '0': PYTHONPATH=/home/schni2zle/colcon_ws/src/build/ros_tcp_endpoint/prefix_override:/usr/lib/python3/dist-packages/colcon_core/task/python/colcon_distutils_commands:/home/schni2zle/colcon_ws/src/install/ros_tcp_endpoint/lib/python3.10/site-packages:${PYTHONPATH} /usr/bin/python3 -W ignore:setup.py install is deprecated setup.py egg_info --egg-base ../../build/ros_tcp_endpoint build --build-base /home/schni2zle/colcon_ws/src/build/ros_tcp_endpoint/build install --record /home/schni2zle/colcon_ws/src/build/ros_tcp_endpoint/install.log --single-version-externally-managed install_data
