/home/schni2zle/colcon_ws/src/install/state_estimation/lib/python3.10/site-packages/state_estimation/model_ekf.py
/home/schni2zle/colcon_ws/src/install/state_estimation/lib/python3.10/site-packages/state_estimation/model_kf.py
/home/schni2zle/colcon_ws/src/install/state_estimation/lib/python3.10/site-packages/state_estimation/estimator.py
/home/schni2zle/colcon_ws/src/install/state_estimation/lib/python3.10/site-packages/state_estimation/KNN.py
/home/schni2zle/colcon_ws/src/install/state_estimation/lib/python3.10/site-packages/state_estimation/__init__.py
/home/schni2zle/colcon_ws/src/install/state_estimation/lib/python3.10/site-packages/state_estimation/__pycache__/model_ekf.cpython-310.pyc
/home/schni2zle/colcon_ws/src/install/state_estimation/lib/python3.10/site-packages/state_estimation/__pycache__/model_kf.cpython-310.pyc
/home/schni2zle/colcon_ws/src/install/state_estimation/lib/python3.10/site-packages/state_estimation/__pycache__/estimator.cpython-310.pyc
/home/schni2zle/colcon_ws/src/install/state_estimation/lib/python3.10/site-packages/state_estimation/__pycache__/KNN.cpython-310.pyc
/home/schni2zle/colcon_ws/src/install/state_estimation/lib/python3.10/site-packages/state_estimation/__pycache__/__init__.cpython-310.pyc
/home/schni2zle/colcon_ws/src/install/state_estimation/share/ament_index/resource_index/packages/state_estimation
/home/schni2zle/colcon_ws/src/install/state_estimation/share/state_estimation/package.xml
/home/schni2zle/colcon_ws/src/install/state_estimation/share/state_estimation/launch/estimator_detector.launch
/home/schni2zle/colcon_ws/src/install/state_estimation/share/state_estimation/launch/detector_only.launch
/home/schni2zle/colcon_ws/src/install/state_estimation/lib/python3.10/site-packages/state_estimation-0.0.0-py3.10.egg-info/entry_points.txt
/home/schni2zle/colcon_ws/src/install/state_estimation/lib/python3.10/site-packages/state_estimation-0.0.0-py3.10.egg-info/requires.txt
/home/schni2zle/colcon_ws/src/install/state_estimation/lib/python3.10/site-packages/state_estimation-0.0.0-py3.10.egg-info/PKG-INFO
/home/schni2zle/colcon_ws/src/install/state_estimation/lib/python3.10/site-packages/state_estimation-0.0.0-py3.10.egg-info/SOURCES.txt
/home/schni2zle/colcon_ws/src/install/state_estimation/lib/python3.10/site-packages/state_estimation-0.0.0-py3.10.egg-info/zip-safe
/home/schni2zle/colcon_ws/src/install/state_estimation/lib/python3.10/site-packages/state_estimation-0.0.0-py3.10.egg-info/top_level.txt
/home/schni2zle/colcon_ws/src/install/state_estimation/lib/python3.10/site-packages/state_estimation-0.0.0-py3.10.egg-info/dependency_links.txt
/home/schni2zle/colcon_ws/src/install/state_estimation/lib/state_estimation/detector
/home/schni2zle/colcon_ws/src/install/state_estimation/lib/state_estimation/estimator
