[2.140s] Invoking command in '/home/schni2zle/colcon_ws/src/build/smarc_control_msgs': CMAKE_PREFIX_PATH=${CMAKE_PREFIX_PATH}:/home/schni2zle/colcon_ws/src/install/workshopfun:/home/schni2zle/colcon_ws/src/install/utm_latlon_converter:/home/schni2zle/colcon_ws/src/install/test_package:/home/schni2zle/colcon_ws/src/install/state_estimation:/home/schni2zle/colcon_ws/src/install/smarc_nodered:/home/schni2zle/colcon_ws/src/install/smarc_bt:/home/schni2zle/colcon_ws/src/install/smarc_bringups:/home/schni2zle/colcon_ws/src/install/sam_dead_reckoning:/home/schni2zle/colcon_ws/src/install/ros_tcp_endpoint:/home/schni2zle/colcon_ws/src/install/ros2_python_examples:/home/schni2zle/colcon_ws/src/install/quadrotor_basic_controller:/home/schni2zle/colcon_ws/src/install/mqtt_bridge:/home/schni2zle/colcon_ws/src/install/dubins_planner:/home/schni2zle/colcon_ws/src/install/dive_control:/home/schni2zle/colcon_ws/src/install/basic_go_to_waypoint:/home/schni2zle/colcon_ws/src/install/basic_depth_pitch_control:/home/schni2zle/colcon_ws/install/workshopfun:/home/schni2zle/colcon_ws/install/utm_latlon_converter:/home/schni2zle/colcon_ws/install/smarc_nodered:/home/schni2zle/colcon_ws/install/smarc_bt:/home/schni2zle/colcon_ws/install/smarc_bringups:/home/schni2zle/colcon_ws/install/sam_dead_reckoning:/home/schni2zle/colcon_ws/install/ros_tcp_endpoint:/home/schni2zle/colcon_ws/install/ros2_python_examples:/home/schni2zle/colcon_ws/install/mqtt_bridge:/home/schni2zle/colcon_ws/install/dubins_planner:/home/schni2zle/colcon_ws/install/basic_go_to_waypoint:/opt/ros/humble /usr/bin/cmake --build /home/schni2zle/colcon_ws/src/build/smarc_control_msgs -- -j8 -l8
[2.462s] [  1%] Built target smarc_control_msgs__cpp
[2.467s] [ 12%] Built target smarc_control_msgs__rosidl_generator_c
[2.565s] [ 12%] Built target ament_cmake_python_copy_smarc_control_msgs
[2.651s] [ 23%] Built target smarc_control_msgs__rosidl_typesupport_c
[2.695s] [ 35%] Built target smarc_control_msgs__rosidl_typesupport_introspection_c
[2.708s] [ 47%] Built target smarc_control_msgs__rosidl_typesupport_introspection_cpp
[2.715s] [ 57%] Built target smarc_control_msgs__rosidl_typesupport_fastrtps_c
[2.720s] [ 69%] Built target smarc_control_msgs__rosidl_typesupport_fastrtps_cpp
[2.757s] [ 80%] Built target smarc_control_msgs__rosidl_typesupport_cpp
[2.912s] [ 80%] Built target smarc_control_msgs
[3.004s] [ 81%] Built target smarc_control_msgs__py
[3.126s] [ 91%] Built target smarc_control_msgs__rosidl_generator_py
[3.249s] [ 94%] Built target smarc_control_msgs__rosidl_typesupport_fastrtps_c__pyext
[3.266s] [ 97%] Built target smarc_control_msgs__rosidl_typesupport_introspection_c__pyext
[3.278s] [100%] Built target smarc_control_msgs__rosidl_typesupport_c__pyext
[4.009s] running egg_info
[4.012s] writing smarc_control_msgs.egg-info/PKG-INFO
[4.016s] writing dependency_links to smarc_control_msgs.egg-info/dependency_links.txt
[4.016s] writing top-level names to smarc_control_msgs.egg-info/top_level.txt
[4.018s] reading manifest file 'smarc_control_msgs.egg-info/SOURCES.txt'
[4.020s] writing manifest file 'smarc_control_msgs.egg-info/SOURCES.txt'
[4.131s] [100%] Built target ament_cmake_python_build_smarc_control_msgs_egg
[5.107s] Invoked command in '/home/schni2zle/colcon_ws/src/build/smarc_control_msgs' returned '0': CMAKE_PREFIX_PATH=${CMAKE_PREFIX_PATH}:/home/schni2zle/colcon_ws/src/install/workshopfun:/home/schni2zle/colcon_ws/src/install/utm_latlon_converter:/home/schni2zle/colcon_ws/src/install/test_package:/home/schni2zle/colcon_ws/src/install/state_estimation:/home/schni2zle/colcon_ws/src/install/smarc_nodered:/home/schni2zle/colcon_ws/src/install/smarc_bt:/home/schni2zle/colcon_ws/src/install/smarc_bringups:/home/schni2zle/colcon_ws/src/install/sam_dead_reckoning:/home/schni2zle/colcon_ws/src/install/ros_tcp_endpoint:/home/schni2zle/colcon_ws/src/install/ros2_python_examples:/home/schni2zle/colcon_ws/src/install/quadrotor_basic_controller:/home/schni2zle/colcon_ws/src/install/mqtt_bridge:/home/schni2zle/colcon_ws/src/install/dubins_planner:/home/schni2zle/colcon_ws/src/install/dive_control:/home/schni2zle/colcon_ws/src/install/basic_go_to_waypoint:/home/schni2zle/colcon_ws/src/install/basic_depth_pitch_control:/home/schni2zle/colcon_ws/install/workshopfun:/home/schni2zle/colcon_ws/install/utm_latlon_converter:/home/schni2zle/colcon_ws/install/smarc_nodered:/home/schni2zle/colcon_ws/install/smarc_bt:/home/schni2zle/colcon_ws/install/smarc_bringups:/home/schni2zle/colcon_ws/install/sam_dead_reckoning:/home/schni2zle/colcon_ws/install/ros_tcp_endpoint:/home/schni2zle/colcon_ws/install/ros2_python_examples:/home/schni2zle/colcon_ws/install/mqtt_bridge:/home/schni2zle/colcon_ws/install/dubins_planner:/home/schni2zle/colcon_ws/install/basic_go_to_waypoint:/opt/ros/humble /usr/bin/cmake --build /home/schni2zle/colcon_ws/src/build/smarc_control_msgs -- -j8 -l8
[6.064s] Invoking command in '/home/schni2zle/colcon_ws/src/build/smarc_control_msgs': CMAKE_PREFIX_PATH=${CMAKE_PREFIX_PATH}:/home/schni2zle/colcon_ws/src/install/workshopfun:/home/schni2zle/colcon_ws/src/install/utm_latlon_converter:/home/schni2zle/colcon_ws/src/install/test_package:/home/schni2zle/colcon_ws/src/install/state_estimation:/home/schni2zle/colcon_ws/src/install/smarc_nodered:/home/schni2zle/colcon_ws/src/install/smarc_bt:/home/schni2zle/colcon_ws/src/install/smarc_bringups:/home/schni2zle/colcon_ws/src/install/sam_dead_reckoning:/home/schni2zle/colcon_ws/src/install/ros_tcp_endpoint:/home/schni2zle/colcon_ws/src/install/ros2_python_examples:/home/schni2zle/colcon_ws/src/install/quadrotor_basic_controller:/home/schni2zle/colcon_ws/src/install/mqtt_bridge:/home/schni2zle/colcon_ws/src/install/dubins_planner:/home/schni2zle/colcon_ws/src/install/dive_control:/home/schni2zle/colcon_ws/src/install/basic_go_to_waypoint:/home/schni2zle/colcon_ws/src/install/basic_depth_pitch_control:/home/schni2zle/colcon_ws/install/workshopfun:/home/schni2zle/colcon_ws/install/utm_latlon_converter:/home/schni2zle/colcon_ws/install/smarc_nodered:/home/schni2zle/colcon_ws/install/smarc_bt:/home/schni2zle/colcon_ws/install/smarc_bringups:/home/schni2zle/colcon_ws/install/sam_dead_reckoning:/home/schni2zle/colcon_ws/install/ros_tcp_endpoint:/home/schni2zle/colcon_ws/install/ros2_python_examples:/home/schni2zle/colcon_ws/install/mqtt_bridge:/home/schni2zle/colcon_ws/install/dubins_planner:/home/schni2zle/colcon_ws/install/basic_go_to_waypoint:/opt/ros/humble /usr/bin/cmake --install /home/schni2zle/colcon_ws/src/build/smarc_control_msgs
[6.099s] -- Install configuration: ""
[6.099s] -- Up-to-date: /home/schni2zle/colcon_ws/src/install/smarc_control_msgs/share/ament_index/resource_index/rosidl_interfaces/smarc_control_msgs
[6.099s] -- Up-to-date: /home/schni2zle/colcon_ws/src/install/smarc_control_msgs/include/smarc_control_msgs/smarc_control_msgs
[6.100s] -- Up-to-date: /home/schni2zle/colcon_ws/src/install/smarc_control_msgs/include/smarc_control_msgs/smarc_control_msgs/msg
[6.100s] -- Up-to-date: /home/schni2zle/colcon_ws/src/install/smarc_control_msgs/include/smarc_control_msgs/smarc_control_msgs/msg/rosidl_generator_c__visibility_control.h
[6.103s] -- Up-to-date: /home/schni2zle/colcon_ws/src/install/smarc_control_msgs/include/smarc_control_msgs/smarc_control_msgs/msg/state.h
[6.107s] -- Up-to-date: /home/schni2zle/colcon_ws/src/install/smarc_control_msgs/include/smarc_control_msgs/smarc_control_msgs/msg/control_reference.h
[6.108s] -- Up-to-date: /home/schni2zle/colcon_ws/src/install/smarc_control_msgs/include/smarc_control_msgs/smarc_control_msgs/msg/detail
[6.108s] -- Up-to-date: /home/schni2zle/colcon_ws/src/install/smarc_control_msgs/include/smarc_control_msgs/smarc_control_msgs/msg/detail/control_reference__functions.h
[6.108s] -- Up-to-date: /home/schni2zle/colcon_ws/src/install/smarc_control_msgs/include/smarc_control_msgs/smarc_control_msgs/msg/detail/state__type_support.h
[6.108s] -- Up-to-date: /home/schni2zle/colcon_ws/src/install/smarc_control_msgs/include/smarc_control_msgs/smarc_control_msgs/msg/detail/control_reference__functions.c
[6.120s] -- Up-to-date: /home/schni2zle/colcon_ws/src/install/smarc_control_msgs/include/smarc_control_msgs/smarc_control_msgs/msg/detail/topics__struct.h
[6.121s] -- Up-to-date: /home/schni2zle/colcon_ws/src/install/smarc_control_msgs/include/smarc_control_msgs/smarc_control_msgs/msg/detail/control_input__struct.h
[6.121s] -- Up-to-date: /home/schni2zle/colcon_ws/src/install/smarc_control_msgs/include/smarc_control_msgs/smarc_control_msgs/msg/detail/control_state__struct.h
[6.121s] -- Up-to-date: /home/schni2zle/colcon_ws/src/install/smarc_control_msgs/include/smarc_control_msgs/smarc_control_msgs/msg/detail/control_input__functions.c
[6.121s] -- Up-to-date: /home/schni2zle/colcon_ws/src/install/smarc_control_msgs/include/smarc_control_msgs/smarc_control_msgs/msg/detail/topics__type_support.h
[6.121s] -- Up-to-date: /home/schni2zle/colcon_ws/src/install/smarc_control_msgs/include/smarc_control_msgs/smarc_control_msgs/msg/detail/control_error__functions.h
[6.122s] -- Up-to-date: /home/schni2zle/colcon_ws/src/install/smarc_control_msgs/include/smarc_control_msgs/smarc_control_msgs/msg/detail/control_state__functions.h
[6.122s] -- Up-to-date: /home/schni2zle/colcon_ws/src/install/smarc_control_msgs/include/smarc_control_msgs/smarc_control_msgs/msg/detail/topics__functions.h
[6.122s] -- Up-to-date: /home/schni2zle/colcon_ws/src/install/smarc_control_msgs/include/smarc_control_msgs/smarc_control_msgs/msg/detail/control_error__struct.h
[6.122s] -- Up-to-date: /home/schni2zle/colcon_ws/src/install/smarc_control_msgs/include/smarc_control_msgs/smarc_control_msgs/msg/detail/topics__functions.c
[6.122s] -- Up-to-date: /home/schni2zle/colcon_ws/src/install/smarc_control_msgs/include/smarc_control_msgs/smarc_control_msgs/msg/detail/state__functions.h
[6.123s] -- Up-to-date: /home/schni2zle/colcon_ws/src/install/smarc_control_msgs/include/smarc_control_msgs/smarc_control_msgs/msg/detail/control_reference__struct.h
[6.123s] -- Up-to-date: /home/schni2zle/colcon_ws/src/install/smarc_control_msgs/include/smarc_control_msgs/smarc_control_msgs/msg/detail/state__struct.h
[6.123s] -- Up-to-date: /home/schni2zle/colcon_ws/src/install/smarc_control_msgs/include/smarc_control_msgs/smarc_control_msgs/msg/detail/control_reference__type_support.h
[6.123s] -- Up-to-date: /home/schni2zle/colcon_ws/src/install/smarc_control_msgs/include/smarc_control_msgs/smarc_control_msgs/msg/detail/control_state__type_support.h
[6.123s] -- Up-to-date: /home/schni2zle/colcon_ws/src/install/smarc_control_msgs/include/smarc_control_msgs/smarc_control_msgs/msg/detail/state__functions.c
[6.123s] -- Up-to-date: /home/schni2zle/colcon_ws/src/install/smarc_control_msgs/include/smarc_control_msgs/smarc_control_msgs/msg/detail/control_state__functions.c
[6.128s] -- Up-to-date: /home/schni2zle/colcon_ws/src/install/smarc_control_msgs/include/smarc_control_msgs/smarc_control_msgs/msg/detail/control_input__functions.h
[6.128s] -- Up-to-date: /home/schni2zle/colcon_ws/src/install/smarc_control_msgs/include/smarc_control_msgs/smarc_control_msgs/msg/detail/control_input__type_support.h
[6.128s] -- Up-to-date: /home/schni2zle/colcon_ws/src/install/smarc_control_msgs/include/smarc_control_msgs/smarc_control_msgs/msg/detail/control_error__functions.c
[6.129s] -- Up-to-date: /home/schni2zle/colcon_ws/src/install/smarc_control_msgs/include/smarc_control_msgs/smarc_control_msgs/msg/detail/control_error__type_support.h
[6.129s] -- Up-to-date: /home/schni2zle/colcon_ws/src/install/smarc_control_msgs/include/smarc_control_msgs/smarc_control_msgs/msg/control_state.h
[6.129s] -- Up-to-date: /home/schni2zle/colcon_ws/src/install/smarc_control_msgs/include/smarc_control_msgs/smarc_control_msgs/msg/control_error.h
[6.129s] -- Up-to-date: /home/schni2zle/colcon_ws/src/install/smarc_control_msgs/include/smarc_control_msgs/smarc_control_msgs/msg/control_input.h
[6.129s] -- Up-to-date: /home/schni2zle/colcon_ws/src/install/smarc_control_msgs/include/smarc_control_msgs/smarc_control_msgs/msg/topics.h
[6.130s] -- Up-to-date: /home/schni2zle/colcon_ws/src/install/smarc_control_msgs/share/smarc_control_msgs/environment/library_path.sh
[6.130s] -- Up-to-date: /home/schni2zle/colcon_ws/src/install/smarc_control_msgs/share/smarc_control_msgs/environment/library_path.dsv
[6.130s] -- Up-to-date: /home/schni2zle/colcon_ws/src/install/smarc_control_msgs/lib/libsmarc_control_msgs__rosidl_generator_c.so
[6.130s] -- Up-to-date: /home/schni2zle/colcon_ws/src/install/smarc_control_msgs/include/smarc_control_msgs/smarc_control_msgs
[6.130s] -- Up-to-date: /home/schni2zle/colcon_ws/src/install/smarc_control_msgs/include/smarc_control_msgs/smarc_control_msgs/msg
[6.130s] -- Up-to-date: /home/schni2zle/colcon_ws/src/install/smarc_control_msgs/include/smarc_control_msgs/smarc_control_msgs/msg/rosidl_typesupport_fastrtps_c__visibility_control.h
[6.135s] -- Up-to-date: /home/schni2zle/colcon_ws/src/install/smarc_control_msgs/include/smarc_control_msgs/smarc_control_msgs/msg/detail
[6.135s] -- Up-to-date: /home/schni2zle/colcon_ws/src/install/smarc_control_msgs/include/smarc_control_msgs/smarc_control_msgs/msg/detail/control_input__rosidl_typesupport_fastrtps_c.h
[6.135s] -- Up-to-date: /home/schni2zle/colcon_ws/src/install/smarc_control_msgs/include/smarc_control_msgs/smarc_control_msgs/msg/detail/topics__rosidl_typesupport_fastrtps_c.h
[6.135s] -- Up-to-date: /home/schni2zle/colcon_ws/src/install/smarc_control_msgs/include/smarc_control_msgs/smarc_control_msgs/msg/detail/state__rosidl_typesupport_fastrtps_c.h
[6.136s] -- Up-to-date: /home/schni2zle/colcon_ws/src/install/smarc_control_msgs/include/smarc_control_msgs/smarc_control_msgs/msg/detail/control_error__rosidl_typesupport_fastrtps_c.h
[6.136s] -- Up-to-date: /home/schni2zle/colcon_ws/src/install/smarc_control_msgs/include/smarc_control_msgs/smarc_control_msgs/msg/detail/control_state__rosidl_typesupport_fastrtps_c.h
[6.136s] -- Up-to-date: /home/schni2zle/colcon_ws/src/install/smarc_control_msgs/include/smarc_control_msgs/smarc_control_msgs/msg/detail/control_reference__rosidl_typesupport_fastrtps_c.h
[6.136s] -- Up-to-date: /home/schni2zle/colcon_ws/src/install/smarc_control_msgs/lib/libsmarc_control_msgs__rosidl_typesupport_fastrtps_c.so
[6.136s] -- Up-to-date: /home/schni2zle/colcon_ws/src/install/smarc_control_msgs/include/smarc_control_msgs/smarc_control_msgs
[6.137s] -- Up-to-date: /home/schni2zle/colcon_ws/src/install/smarc_control_msgs/include/smarc_control_msgs/smarc_control_msgs/msg
[6.137s] -- Up-to-date: /home/schni2zle/colcon_ws/src/install/smarc_control_msgs/include/smarc_control_msgs/smarc_control_msgs/msg/rosidl_typesupport_introspection_c__visibility_control.h
[6.137s] -- Up-to-date: /home/schni2zle/colcon_ws/src/install/smarc_control_msgs/include/smarc_control_msgs/smarc_control_msgs/msg/detail
[6.137s] -- Up-to-date: /home/schni2zle/colcon_ws/src/install/smarc_control_msgs/include/smarc_control_msgs/smarc_control_msgs/msg/detail/topics__type_support.c
[6.137s] -- Up-to-date: /home/schni2zle/colcon_ws/src/install/smarc_control_msgs/include/smarc_control_msgs/smarc_control_msgs/msg/detail/control_reference__type_support.c
[6.138s] -- Up-to-date: /home/schni2zle/colcon_ws/src/install/smarc_control_msgs/include/smarc_control_msgs/smarc_control_msgs/msg/detail/control_input__rosidl_typesupport_introspection_c.h
[6.138s] -- Up-to-date: /home/schni2zle/colcon_ws/src/install/smarc_control_msgs/include/smarc_control_msgs/smarc_control_msgs/msg/detail/control_state__rosidl_typesupport_introspection_c.h
[6.138s] -- Up-to-date: /home/schni2zle/colcon_ws/src/install/smarc_control_msgs/include/smarc_control_msgs/smarc_control_msgs/msg/detail/control_error__rosidl_typesupport_introspection_c.h
[6.138s] -- Up-to-date: /home/schni2zle/colcon_ws/src/install/smarc_control_msgs/include/smarc_control_msgs/smarc_control_msgs/msg/detail/state__type_support.c
[6.138s] -- Up-to-date: /home/schni2zle/colcon_ws/src/install/smarc_control_msgs/include/smarc_control_msgs/smarc_control_msgs/msg/detail/control_input__type_support.c
[6.148s] -- Up-to-date: /home/schni2zle/colcon_ws/src/install/smarc_control_msgs/include/smarc_control_msgs/smarc_control_msgs/msg/detail/state__rosidl_typesupport_introspection_c.h
[6.148s] -- Up-to-date: /home/schni2zle/colcon_ws/src/install/smarc_control_msgs/include/smarc_control_msgs/smarc_control_msgs/msg/detail/control_state__type_support.c
[6.148s] -- Up-to-date: /home/schni2zle/colcon_ws/src/install/smarc_control_msgs/include/smarc_control_msgs/smarc_control_msgs/msg/detail/control_error__type_support.c
[6.148s] -- Up-to-date: /home/schni2zle/colcon_ws/src/install/smarc_control_msgs/include/smarc_control_msgs/smarc_control_msgs/msg/detail/topics__rosidl_typesupport_introspection_c.h
[6.149s] -- Up-to-date: /home/schni2zle/colcon_ws/src/install/smarc_control_msgs/include/smarc_control_msgs/smarc_control_msgs/msg/detail/control_reference__rosidl_typesupport_introspection_c.h
[6.149s] -- Up-to-date: /home/schni2zle/colcon_ws/src/install/smarc_control_msgs/lib/libsmarc_control_msgs__rosidl_typesupport_introspection_c.so
[6.149s] -- Up-to-date: /home/schni2zle/colcon_ws/src/install/smarc_control_msgs/lib/libsmarc_control_msgs__rosidl_typesupport_c.so
[6.149s] -- Up-to-date: /home/schni2zle/colcon_ws/src/install/smarc_control_msgs/include/smarc_control_msgs/smarc_control_msgs
[6.149s] -- Up-to-date: /home/schni2zle/colcon_ws/src/install/smarc_control_msgs/include/smarc_control_msgs/smarc_control_msgs/msg
[6.150s] -- Up-to-date: /home/schni2zle/colcon_ws/src/install/smarc_control_msgs/include/smarc_control_msgs/smarc_control_msgs/msg/state.hpp
[6.150s] -- Up-to-date: /home/schni2zle/colcon_ws/src/install/smarc_control_msgs/include/smarc_control_msgs/smarc_control_msgs/msg/control_reference.hpp
[6.150s] -- Up-to-date: /home/schni2zle/colcon_ws/src/install/smarc_control_msgs/include/smarc_control_msgs/smarc_control_msgs/msg/control_error.hpp
[6.150s] -- Up-to-date: /home/schni2zle/colcon_ws/src/install/smarc_control_msgs/include/smarc_control_msgs/smarc_control_msgs/msg/control_input.hpp
[6.150s] -- Up-to-date: /home/schni2zle/colcon_ws/src/install/smarc_control_msgs/include/smarc_control_msgs/smarc_control_msgs/msg/detail
[6.151s] -- Up-to-date: /home/schni2zle/colcon_ws/src/install/smarc_control_msgs/include/smarc_control_msgs/smarc_control_msgs/msg/detail/control_error__traits.hpp
[6.151s] -- Up-to-date: /home/schni2zle/colcon_ws/src/install/smarc_control_msgs/include/smarc_control_msgs/smarc_control_msgs/msg/detail/control_input__struct.hpp
[6.151s] -- Up-to-date: /home/schni2zle/colcon_ws/src/install/smarc_control_msgs/include/smarc_control_msgs/smarc_control_msgs/msg/detail/control_input__builder.hpp
[6.151s] -- Up-to-date: /home/schni2zle/colcon_ws/src/install/smarc_control_msgs/include/smarc_control_msgs/smarc_control_msgs/msg/detail/topics__struct.hpp
[6.151s] -- Up-to-date: /home/schni2zle/colcon_ws/src/install/smarc_control_msgs/include/smarc_control_msgs/smarc_control_msgs/msg/detail/state__builder.hpp
[6.152s] -- Up-to-date: /home/schni2zle/colcon_ws/src/install/smarc_control_msgs/include/smarc_control_msgs/smarc_control_msgs/msg/detail/topics__traits.hpp
[6.156s] -- Up-to-date: /home/schni2zle/colcon_ws/src/install/smarc_control_msgs/include/smarc_control_msgs/smarc_control_msgs/msg/detail/control_reference__traits.hpp
[6.156s] -- Up-to-date: /home/schni2zle/colcon_ws/src/install/smarc_control_msgs/include/smarc_control_msgs/smarc_control_msgs/msg/detail/control_error__struct.hpp
[6.156s] -- Up-to-date: /home/schni2zle/colcon_ws/src/install/smarc_control_msgs/include/smarc_control_msgs/smarc_control_msgs/msg/detail/topics__builder.hpp
[6.157s] -- Up-to-date: /home/schni2zle/colcon_ws/src/install/smarc_control_msgs/include/smarc_control_msgs/smarc_control_msgs/msg/detail/control_state__builder.hpp
[6.157s] -- Up-to-date: /home/schni2zle/colcon_ws/src/install/smarc_control_msgs/include/smarc_control_msgs/smarc_control_msgs/msg/detail/control_reference__struct.hpp
[6.157s] -- Up-to-date: /home/schni2zle/colcon_ws/src/install/smarc_control_msgs/include/smarc_control_msgs/smarc_control_msgs/msg/detail/control_state__struct.hpp
[6.157s] -- Up-to-date: /home/schni2zle/colcon_ws/src/install/smarc_control_msgs/include/smarc_control_msgs/smarc_control_msgs/msg/detail/state__struct.hpp
[6.157s] -- Up-to-date: /home/schni2zle/colcon_ws/src/install/smarc_control_msgs/include/smarc_control_msgs/smarc_control_msgs/msg/detail/state__traits.hpp
[6.158s] -- Up-to-date: /home/schni2zle/colcon_ws/src/install/smarc_control_msgs/include/smarc_control_msgs/smarc_control_msgs/msg/detail/control_state__traits.hpp
[6.158s] -- Up-to-date: /home/schni2zle/colcon_ws/src/install/smarc_control_msgs/include/smarc_control_msgs/smarc_control_msgs/msg/detail/control_error__builder.hpp
[6.158s] -- Up-to-date: /home/schni2zle/colcon_ws/src/install/smarc_control_msgs/include/smarc_control_msgs/smarc_control_msgs/msg/detail/control_reference__builder.hpp
[6.158s] -- Up-to-date: /home/schni2zle/colcon_ws/src/install/smarc_control_msgs/include/smarc_control_msgs/smarc_control_msgs/msg/detail/control_input__traits.hpp
[6.159s] -- Up-to-date: /home/schni2zle/colcon_ws/src/install/smarc_control_msgs/include/smarc_control_msgs/smarc_control_msgs/msg/control_state.hpp
[6.159s] -- Up-to-date: /home/schni2zle/colcon_ws/src/install/smarc_control_msgs/include/smarc_control_msgs/smarc_control_msgs/msg/topics.hpp
[6.159s] -- Up-to-date: /home/schni2zle/colcon_ws/src/install/smarc_control_msgs/include/smarc_control_msgs/smarc_control_msgs
[6.159s] -- Up-to-date: /home/schni2zle/colcon_ws/src/install/smarc_control_msgs/include/smarc_control_msgs/smarc_control_msgs/msg
[6.164s] -- Up-to-date: /home/schni2zle/colcon_ws/src/install/smarc_control_msgs/include/smarc_control_msgs/smarc_control_msgs/msg/rosidl_typesupport_fastrtps_cpp__visibility_control.h
[6.164s] -- Up-to-date: /home/schni2zle/colcon_ws/src/install/smarc_control_msgs/include/smarc_control_msgs/smarc_control_msgs/msg/detail
[6.164s] -- Up-to-date: /home/schni2zle/colcon_ws/src/install/smarc_control_msgs/include/smarc_control_msgs/smarc_control_msgs/msg/detail/control_error__rosidl_typesupport_fastrtps_cpp.hpp
[6.164s] -- Up-to-date: /home/schni2zle/colcon_ws/src/install/smarc_control_msgs/include/smarc_control_msgs/smarc_control_msgs/msg/detail/topics__rosidl_typesupport_fastrtps_cpp.hpp
[6.165s] -- Up-to-date: /home/schni2zle/colcon_ws/src/install/smarc_control_msgs/include/smarc_control_msgs/smarc_control_msgs/msg/detail/control_input__rosidl_typesupport_fastrtps_cpp.hpp
[6.165s] -- Up-to-date: /home/schni2zle/colcon_ws/src/install/smarc_control_msgs/include/smarc_control_msgs/smarc_control_msgs/msg/detail/state__rosidl_typesupport_fastrtps_cpp.hpp
[6.165s] -- Up-to-date: /home/schni2zle/colcon_ws/src/install/smarc_control_msgs/include/smarc_control_msgs/smarc_control_msgs/msg/detail/dds_fastrtps
[6.165s] -- Up-to-date: /home/schni2zle/colcon_ws/src/install/smarc_control_msgs/include/smarc_control_msgs/smarc_control_msgs/msg/detail/control_state__rosidl_typesupport_fastrtps_cpp.hpp
[6.165s] -- Up-to-date: /home/schni2zle/colcon_ws/src/install/smarc_control_msgs/include/smarc_control_msgs/smarc_control_msgs/msg/detail/control_reference__rosidl_typesupport_fastrtps_cpp.hpp
[6.166s] -- Up-to-date: /home/schni2zle/colcon_ws/src/install/smarc_control_msgs/lib/libsmarc_control_msgs__rosidl_typesupport_fastrtps_cpp.so
[6.166s] -- Up-to-date: /home/schni2zle/colcon_ws/src/install/smarc_control_msgs/include/smarc_control_msgs/smarc_control_msgs
[6.166s] -- Up-to-date: /home/schni2zle/colcon_ws/src/install/smarc_control_msgs/include/smarc_control_msgs/smarc_control_msgs/msg
[6.166s] -- Up-to-date: /home/schni2zle/colcon_ws/src/install/smarc_control_msgs/include/smarc_control_msgs/smarc_control_msgs/msg/detail
[6.166s] -- Up-to-date: /home/schni2zle/colcon_ws/src/install/smarc_control_msgs/include/smarc_control_msgs/smarc_control_msgs/msg/detail/control_state__type_support.cpp
[6.167s] -- Up-to-date: /home/schni2zle/colcon_ws/src/install/smarc_control_msgs/include/smarc_control_msgs/smarc_control_msgs/msg/detail/topics__type_support.cpp
[6.167s] -- Up-to-date: /home/schni2zle/colcon_ws/src/install/smarc_control_msgs/include/smarc_control_msgs/smarc_control_msgs/msg/detail/control_error__type_support.cpp
[6.167s] -- Up-to-date: /home/schni2zle/colcon_ws/src/install/smarc_control_msgs/include/smarc_control_msgs/smarc_control_msgs/msg/detail/control_state__rosidl_typesupport_introspection_cpp.hpp
[6.167s] -- Up-to-date: /home/schni2zle/colcon_ws/src/install/smarc_control_msgs/include/smarc_control_msgs/smarc_control_msgs/msg/detail/state__type_support.cpp
[6.167s] -- Up-to-date: /home/schni2zle/colcon_ws/src/install/smarc_control_msgs/include/smarc_control_msgs/smarc_control_msgs/msg/detail/control_reference__rosidl_typesupport_introspection_cpp.hpp
[6.168s] -- Up-to-date: /home/schni2zle/colcon_ws/src/install/smarc_control_msgs/include/smarc_control_msgs/smarc_control_msgs/msg/detail/control_reference__type_support.cpp
[6.172s] -- Up-to-date: /home/schni2zle/colcon_ws/src/install/smarc_control_msgs/include/smarc_control_msgs/smarc_control_msgs/msg/detail/topics__rosidl_typesupport_introspection_cpp.hpp
[6.172s] -- Up-to-date: /home/schni2zle/colcon_ws/src/install/smarc_control_msgs/include/smarc_control_msgs/smarc_control_msgs/msg/detail/control_error__rosidl_typesupport_introspection_cpp.hpp
[6.172s] -- Up-to-date: /home/schni2zle/colcon_ws/src/install/smarc_control_msgs/include/smarc_control_msgs/smarc_control_msgs/msg/detail/control_input__rosidl_typesupport_introspection_cpp.hpp
[6.173s] -- Up-to-date: /home/schni2zle/colcon_ws/src/install/smarc_control_msgs/include/smarc_control_msgs/smarc_control_msgs/msg/detail/state__rosidl_typesupport_introspection_cpp.hpp
[6.173s] -- Up-to-date: /home/schni2zle/colcon_ws/src/install/smarc_control_msgs/include/smarc_control_msgs/smarc_control_msgs/msg/detail/control_input__type_support.cpp
[6.173s] -- Up-to-date: /home/schni2zle/colcon_ws/src/install/smarc_control_msgs/lib/libsmarc_control_msgs__rosidl_typesupport_introspection_cpp.so
[6.173s] -- Up-to-date: /home/schni2zle/colcon_ws/src/install/smarc_control_msgs/lib/libsmarc_control_msgs__rosidl_typesupport_cpp.so
[6.173s] -- Up-to-date: /home/schni2zle/colcon_ws/src/install/smarc_control_msgs/share/smarc_control_msgs/environment/pythonpath.sh
[6.173s] -- Up-to-date: /home/schni2zle/colcon_ws/src/install/smarc_control_msgs/share/smarc_control_msgs/environment/pythonpath.dsv
[6.174s] -- Up-to-date: /home/schni2zle/colcon_ws/src/install/smarc_control_msgs/local/lib/python3.10/dist-packages/smarc_control_msgs-0.0.0-py3.10.egg-info
[6.174s] -- Installing: /home/schni2zle/colcon_ws/src/install/smarc_control_msgs/local/lib/python3.10/dist-packages/smarc_control_msgs-0.0.0-py3.10.egg-info/PKG-INFO
[6.174s] -- Installing: /home/schni2zle/colcon_ws/src/install/smarc_control_msgs/local/lib/python3.10/dist-packages/smarc_control_msgs-0.0.0-py3.10.egg-info/SOURCES.txt
[6.174s] -- Installing: /home/schni2zle/colcon_ws/src/install/smarc_control_msgs/local/lib/python3.10/dist-packages/smarc_control_msgs-0.0.0-py3.10.egg-info/top_level.txt
[6.174s] -- Installing: /home/schni2zle/colcon_ws/src/install/smarc_control_msgs/local/lib/python3.10/dist-packages/smarc_control_msgs-0.0.0-py3.10.egg-info/dependency_links.txt
[6.175s] -- Up-to-date: /home/schni2zle/colcon_ws/src/install/smarc_control_msgs/local/lib/python3.10/dist-packages/smarc_control_msgs
[6.175s] -- Up-to-date: /home/schni2zle/colcon_ws/src/install/smarc_control_msgs/local/lib/python3.10/dist-packages/smarc_control_msgs/_smarc_control_msgs_s.ep.rosidl_typesupport_fastrtps_c.c
[6.175s] -- Up-to-date: /home/schni2zle/colcon_ws/src/install/smarc_control_msgs/local/lib/python3.10/dist-packages/smarc_control_msgs/msg
[6.175s] -- Up-to-date: /home/schni2zle/colcon_ws/src/install/smarc_control_msgs/local/lib/python3.10/dist-packages/smarc_control_msgs/msg/_control_reference.py
[6.175s] -- Up-to-date: /home/schni2zle/colcon_ws/src/install/smarc_control_msgs/local/lib/python3.10/dist-packages/smarc_control_msgs/msg/_control_error.py
[6.182s] -- Up-to-date: /home/schni2zle/colcon_ws/src/install/smarc_control_msgs/local/lib/python3.10/dist-packages/smarc_control_msgs/msg/_control_input.py
[6.182s] -- Up-to-date: /home/schni2zle/colcon_ws/src/install/smarc_control_msgs/local/lib/python3.10/dist-packages/smarc_control_msgs/msg/_topics_s.c
[6.182s] -- Up-to-date: /home/schni2zle/colcon_ws/src/install/smarc_control_msgs/local/lib/python3.10/dist-packages/smarc_control_msgs/msg/_control_reference_s.c
[6.183s] -- Up-to-date: /home/schni2zle/colcon_ws/src/install/smarc_control_msgs/local/lib/python3.10/dist-packages/smarc_control_msgs/msg/_control_error_s.c
[6.183s] -- Up-to-date: /home/schni2zle/colcon_ws/src/install/smarc_control_msgs/local/lib/python3.10/dist-packages/smarc_control_msgs/msg/_topics.py
[6.183s] -- Up-to-date: /home/schni2zle/colcon_ws/src/install/smarc_control_msgs/local/lib/python3.10/dist-packages/smarc_control_msgs/msg/_control_state.py
[6.183s] -- Up-to-date: /home/schni2zle/colcon_ws/src/install/smarc_control_msgs/local/lib/python3.10/dist-packages/smarc_control_msgs/msg/__init__.py
[6.183s] -- Up-to-date: /home/schni2zle/colcon_ws/src/install/smarc_control_msgs/local/lib/python3.10/dist-packages/smarc_control_msgs/msg/_state.py
[6.184s] -- Up-to-date: /home/schni2zle/colcon_ws/src/install/smarc_control_msgs/local/lib/python3.10/dist-packages/smarc_control_msgs/msg/_control_input_s.c
[6.184s] -- Up-to-date: /home/schni2zle/colcon_ws/src/install/smarc_control_msgs/local/lib/python3.10/dist-packages/smarc_control_msgs/msg/_state_s.c
[6.184s] -- Up-to-date: /home/schni2zle/colcon_ws/src/install/smarc_control_msgs/local/lib/python3.10/dist-packages/smarc_control_msgs/msg/_control_state_s.c
[6.184s] -- Up-to-date: /home/schni2zle/colcon_ws/src/install/smarc_control_msgs/local/lib/python3.10/dist-packages/smarc_control_msgs/libsmarc_control_msgs__rosidl_generator_py.so
[6.184s] -- Up-to-date: /home/schni2zle/colcon_ws/src/install/smarc_control_msgs/local/lib/python3.10/dist-packages/smarc_control_msgs/smarc_control_msgs_s__rosidl_typesupport_fastrtps_c.cpython-310-x86_64-linux-gnu.so
[6.185s] -- Up-to-date: /home/schni2zle/colcon_ws/src/install/smarc_control_msgs/local/lib/python3.10/dist-packages/smarc_control_msgs/_smarc_control_msgs_s.ep.rosidl_typesupport_introspection_c.c
[6.185s] -- Up-to-date: /home/schni2zle/colcon_ws/src/install/smarc_control_msgs/local/lib/python3.10/dist-packages/smarc_control_msgs/__init__.py
[6.185s] -- Up-to-date: /home/schni2zle/colcon_ws/src/install/smarc_control_msgs/local/lib/python3.10/dist-packages/smarc_control_msgs/_smarc_control_msgs_s.ep.rosidl_typesupport_c.c
[6.185s] -- Up-to-date: /home/schni2zle/colcon_ws/src/install/smarc_control_msgs/local/lib/python3.10/dist-packages/smarc_control_msgs/smarc_control_msgs_s__rosidl_typesupport_c.cpython-310-x86_64-linux-gnu.so
[6.185s] -- Up-to-date: /home/schni2zle/colcon_ws/src/install/smarc_control_msgs/local/lib/python3.10/dist-packages/smarc_control_msgs/smarc_control_msgs_s__rosidl_typesupport_introspection_c.cpython-310-x86_64-linux-gnu.so
[6.342s] Listing '/home/schni2zle/colcon_ws/src/install/smarc_control_msgs/local/lib/python3.10/dist-packages/smarc_control_msgs'...
[6.342s] Listing '/home/schni2zle/colcon_ws/src/install/smarc_control_msgs/local/lib/python3.10/dist-packages/smarc_control_msgs/msg'...
[6.368s] -- Up-to-date: /home/schni2zle/colcon_ws/src/install/smarc_control_msgs/local/lib/python3.10/dist-packages/smarc_control_msgs/smarc_control_msgs_s__rosidl_typesupport_fastrtps_c.cpython-310-x86_64-linux-gnu.so
[6.369s] -- Up-to-date: /home/schni2zle/colcon_ws/src/install/smarc_control_msgs/local/lib/python3.10/dist-packages/smarc_control_msgs/smarc_control_msgs_s__rosidl_typesupport_introspection_c.cpython-310-x86_64-linux-gnu.so
[6.369s] -- Up-to-date: /home/schni2zle/colcon_ws/src/install/smarc_control_msgs/local/lib/python3.10/dist-packages/smarc_control_msgs/smarc_control_msgs_s__rosidl_typesupport_c.cpython-310-x86_64-linux-gnu.so
[6.369s] -- Up-to-date: /home/schni2zle/colcon_ws/src/install/smarc_control_msgs/lib/libsmarc_control_msgs__rosidl_generator_py.so
[6.369s] -- Up-to-date: /home/schni2zle/colcon_ws/src/install/smarc_control_msgs/share/smarc_control_msgs/msg/Topics.idl
[6.369s] -- Up-to-date: /home/schni2zle/colcon_ws/src/install/smarc_control_msgs/share/smarc_control_msgs/msg/ControlError.idl
[6.370s] -- Up-to-date: /home/schni2zle/colcon_ws/src/install/smarc_control_msgs/share/smarc_control_msgs/msg/ControlInput.idl
[6.370s] -- Up-to-date: /home/schni2zle/colcon_ws/src/install/smarc_control_msgs/share/smarc_control_msgs/msg/ControlReference.idl
[6.370s] -- Up-to-date: /home/schni2zle/colcon_ws/src/install/smarc_control_msgs/share/smarc_control_msgs/msg/ControlState.idl
[6.370s] -- Up-to-date: /home/schni2zle/colcon_ws/src/install/smarc_control_msgs/share/smarc_control_msgs/msg/State.idl
[6.371s] -- Up-to-date: /home/schni2zle/colcon_ws/src/install/smarc_control_msgs/share/smarc_control_msgs/msg/Topics.msg
[6.371s] -- Up-to-date: /home/schni2zle/colcon_ws/src/install/smarc_control_msgs/share/smarc_control_msgs/msg/ControlError.msg
[6.371s] -- Up-to-date: /home/schni2zle/colcon_ws/src/install/smarc_control_msgs/share/smarc_control_msgs/msg/ControlInput.msg
[6.371s] -- Up-to-date: /home/schni2zle/colcon_ws/src/install/smarc_control_msgs/share/smarc_control_msgs/msg/ControlReference.msg
[6.371s] -- Up-to-date: /home/schni2zle/colcon_ws/src/install/smarc_control_msgs/share/smarc_control_msgs/msg/ControlState.msg
[6.373s] -- Up-to-date: /home/schni2zle/colcon_ws/src/install/smarc_control_msgs/share/smarc_control_msgs/msg/State.msg
[6.373s] -- Up-to-date: /home/schni2zle/colcon_ws/src/install/smarc_control_msgs/share/ament_index/resource_index/package_run_dependencies/smarc_control_msgs
[6.373s] -- Up-to-date: /home/schni2zle/colcon_ws/src/install/smarc_control_msgs/share/ament_index/resource_index/parent_prefix_path/smarc_control_msgs
[6.373s] -- Up-to-date: /home/schni2zle/colcon_ws/src/install/smarc_control_msgs/share/smarc_control_msgs/environment/ament_prefix_path.sh
[6.374s] -- Up-to-date: /home/schni2zle/colcon_ws/src/install/smarc_control_msgs/share/smarc_control_msgs/environment/ament_prefix_path.dsv
[6.374s] -- Up-to-date: /home/schni2zle/colcon_ws/src/install/smarc_control_msgs/share/smarc_control_msgs/environment/path.sh
[6.374s] -- Up-to-date: /home/schni2zle/colcon_ws/src/install/smarc_control_msgs/share/smarc_control_msgs/environment/path.dsv
[6.375s] -- Up-to-date: /home/schni2zle/colcon_ws/src/install/smarc_control_msgs/share/smarc_control_msgs/local_setup.bash
[6.375s] -- Up-to-date: /home/schni2zle/colcon_ws/src/install/smarc_control_msgs/share/smarc_control_msgs/local_setup.sh
[6.375s] -- Up-to-date: /home/schni2zle/colcon_ws/src/install/smarc_control_msgs/share/smarc_control_msgs/local_setup.zsh
[6.375s] -- Up-to-date: /home/schni2zle/colcon_ws/src/install/smarc_control_msgs/share/smarc_control_msgs/local_setup.dsv
[6.375s] -- Installing: /home/schni2zle/colcon_ws/src/install/smarc_control_msgs/share/smarc_control_msgs/package.dsv
[6.376s] -- Up-to-date: /home/schni2zle/colcon_ws/src/install/smarc_control_msgs/share/ament_index/resource_index/packages/smarc_control_msgs
[6.376s] -- Up-to-date: /home/schni2zle/colcon_ws/src/install/smarc_control_msgs/share/smarc_control_msgs/cmake/export_smarc_control_msgs__rosidl_generator_cExport.cmake
[6.378s] -- Up-to-date: /home/schni2zle/colcon_ws/src/install/smarc_control_msgs/share/smarc_control_msgs/cmake/export_smarc_control_msgs__rosidl_generator_cExport-noconfig.cmake
[6.378s] -- Up-to-date: /home/schni2zle/colcon_ws/src/install/smarc_control_msgs/share/smarc_control_msgs/cmake/export_smarc_control_msgs__rosidl_typesupport_fastrtps_cExport.cmake
[6.378s] -- Up-to-date: /home/schni2zle/colcon_ws/src/install/smarc_control_msgs/share/smarc_control_msgs/cmake/export_smarc_control_msgs__rosidl_typesupport_fastrtps_cExport-noconfig.cmake
[6.379s] -- Up-to-date: /home/schni2zle/colcon_ws/src/install/smarc_control_msgs/share/smarc_control_msgs/cmake/smarc_control_msgs__rosidl_typesupport_introspection_cExport.cmake
[6.379s] -- Up-to-date: /home/schni2zle/colcon_ws/src/install/smarc_control_msgs/share/smarc_control_msgs/cmake/smarc_control_msgs__rosidl_typesupport_introspection_cExport-noconfig.cmake
[6.379s] -- Up-to-date: /home/schni2zle/colcon_ws/src/install/smarc_control_msgs/share/smarc_control_msgs/cmake/smarc_control_msgs__rosidl_typesupport_cExport.cmake
[6.379s] -- Up-to-date: /home/schni2zle/colcon_ws/src/install/smarc_control_msgs/share/smarc_control_msgs/cmake/smarc_control_msgs__rosidl_typesupport_cExport-noconfig.cmake
[6.384s] -- Up-to-date: /home/schni2zle/colcon_ws/src/install/smarc_control_msgs/share/smarc_control_msgs/cmake/export_smarc_control_msgs__rosidl_generator_cppExport.cmake
[6.385s] -- Up-to-date: /home/schni2zle/colcon_ws/src/install/smarc_control_msgs/share/smarc_control_msgs/cmake/export_smarc_control_msgs__rosidl_typesupport_fastrtps_cppExport.cmake
[6.385s] -- Up-to-date: /home/schni2zle/colcon_ws/src/install/smarc_control_msgs/share/smarc_control_msgs/cmake/export_smarc_control_msgs__rosidl_typesupport_fastrtps_cppExport-noconfig.cmake
[6.385s] -- Up-to-date: /home/schni2zle/colcon_ws/src/install/smarc_control_msgs/share/smarc_control_msgs/cmake/smarc_control_msgs__rosidl_typesupport_introspection_cppExport.cmake
[6.386s] -- Up-to-date: /home/schni2zle/colcon_ws/src/install/smarc_control_msgs/share/smarc_control_msgs/cmake/smarc_control_msgs__rosidl_typesupport_introspection_cppExport-noconfig.cmake
[6.386s] -- Up-to-date: /home/schni2zle/colcon_ws/src/install/smarc_control_msgs/share/smarc_control_msgs/cmake/smarc_control_msgs__rosidl_typesupport_cppExport.cmake
[6.386s] -- Up-to-date: /home/schni2zle/colcon_ws/src/install/smarc_control_msgs/share/smarc_control_msgs/cmake/smarc_control_msgs__rosidl_typesupport_cppExport-noconfig.cmake
[6.386s] -- Up-to-date: /home/schni2zle/colcon_ws/src/install/smarc_control_msgs/share/smarc_control_msgs/cmake/export_smarc_control_msgs__rosidl_generator_pyExport.cmake
[6.386s] -- Up-to-date: /home/schni2zle/colcon_ws/src/install/smarc_control_msgs/share/smarc_control_msgs/cmake/export_smarc_control_msgs__rosidl_generator_pyExport-noconfig.cmake
[6.387s] -- Up-to-date: /home/schni2zle/colcon_ws/src/install/smarc_control_msgs/share/smarc_control_msgs/cmake/rosidl_cmake-extras.cmake
[6.387s] -- Up-to-date: /home/schni2zle/colcon_ws/src/install/smarc_control_msgs/share/smarc_control_msgs/cmake/ament_cmake_export_dependencies-extras.cmake
[6.387s] -- Up-to-date: /home/schni2zle/colcon_ws/src/install/smarc_control_msgs/share/smarc_control_msgs/cmake/ament_cmake_export_include_directories-extras.cmake
[6.387s] -- Up-to-date: /home/schni2zle/colcon_ws/src/install/smarc_control_msgs/share/smarc_control_msgs/cmake/ament_cmake_export_libraries-extras.cmake
[6.389s] -- Up-to-date: /home/schni2zle/colcon_ws/src/install/smarc_control_msgs/share/smarc_control_msgs/cmake/ament_cmake_export_targets-extras.cmake
[6.389s] -- Up-to-date: /home/schni2zle/colcon_ws/src/install/smarc_control_msgs/share/smarc_control_msgs/cmake/rosidl_cmake_export_typesupport_targets-extras.cmake
[6.389s] -- Up-to-date: /home/schni2zle/colcon_ws/src/install/smarc_control_msgs/share/smarc_control_msgs/cmake/rosidl_cmake_export_typesupport_libraries-extras.cmake
[6.390s] -- Up-to-date: /home/schni2zle/colcon_ws/src/install/smarc_control_msgs/share/smarc_control_msgs/cmake/smarc_control_msgsConfig.cmake
[6.390s] -- Up-to-date: /home/schni2zle/colcon_ws/src/install/smarc_control_msgs/share/smarc_control_msgs/cmake/smarc_control_msgsConfig-version.cmake
[6.390s] -- Up-to-date: /home/schni2zle/colcon_ws/src/install/smarc_control_msgs/share/smarc_control_msgs/package.xml
[7.423s] Invoked command in '/home/schni2zle/colcon_ws/src/build/smarc_control_msgs' returned '0': CMAKE_PREFIX_PATH=${CMAKE_PREFIX_PATH}:/home/schni2zle/colcon_ws/src/install/workshopfun:/home/schni2zle/colcon_ws/src/install/utm_latlon_converter:/home/schni2zle/colcon_ws/src/install/test_package:/home/schni2zle/colcon_ws/src/install/state_estimation:/home/schni2zle/colcon_ws/src/install/smarc_nodered:/home/schni2zle/colcon_ws/src/install/smarc_bt:/home/schni2zle/colcon_ws/src/install/smarc_bringups:/home/schni2zle/colcon_ws/src/install/sam_dead_reckoning:/home/schni2zle/colcon_ws/src/install/ros_tcp_endpoint:/home/schni2zle/colcon_ws/src/install/ros2_python_examples:/home/schni2zle/colcon_ws/src/install/quadrotor_basic_controller:/home/schni2zle/colcon_ws/src/install/mqtt_bridge:/home/schni2zle/colcon_ws/src/install/dubins_planner:/home/schni2zle/colcon_ws/src/install/dive_control:/home/schni2zle/colcon_ws/src/install/basic_go_to_waypoint:/home/schni2zle/colcon_ws/src/install/basic_depth_pitch_control:/home/schni2zle/colcon_ws/install/workshopfun:/home/schni2zle/colcon_ws/install/utm_latlon_converter:/home/schni2zle/colcon_ws/install/smarc_nodered:/home/schni2zle/colcon_ws/install/smarc_bt:/home/schni2zle/colcon_ws/install/smarc_bringups:/home/schni2zle/colcon_ws/install/sam_dead_reckoning:/home/schni2zle/colcon_ws/install/ros_tcp_endpoint:/home/schni2zle/colcon_ws/install/ros2_python_examples:/home/schni2zle/colcon_ws/install/mqtt_bridge:/home/schni2zle/colcon_ws/install/dubins_planner:/home/schni2zle/colcon_ws/install/basic_go_to_waypoint:/opt/ros/humble /usr/bin/cmake --install /home/schni2zle/colcon_ws/src/build/smarc_control_msgs
