[2.238s] Invoking command in '/home/schni2zle/colcon_ws/src/build/smarc_control_msgs': CMAKE_PREFIX_PATH=${CMAKE_PREFIX_PATH}:/home/schni2zle/colcon_ws/src/install/workshopfun:/home/schni2zle/colcon_ws/src/install/utm_latlon_converter:/home/schni2zle/colcon_ws/src/install/test_package:/home/schni2zle/colcon_ws/src/install/state_estimation:/home/schni2zle/colcon_ws/src/install/smarc_nodered:/home/schni2zle/colcon_ws/src/install/smarc_bt:/home/schni2zle/colcon_ws/src/install/smarc_bringups:/home/schni2zle/colcon_ws/src/install/sam_dead_reckoning:/home/schni2zle/colcon_ws/src/install/ros_tcp_endpoint:/home/schni2zle/colcon_ws/src/install/ros2_python_examples:/home/schni2zle/colcon_ws/src/install/quadrotor_basic_controller:/home/schni2zle/colcon_ws/src/install/mqtt_bridge:/home/schni2zle/colcon_ws/src/install/dubins_planner:/home/schni2zle/colcon_ws/src/install/dive_control:/home/schni2zle/colcon_ws/src/install/basic_go_to_waypoint:/home/schni2zle/colcon_ws/src/install/basic_depth_pitch_control:/home/schni2zle/colcon_ws/install/workshopfun:/home/schni2zle/colcon_ws/install/utm_latlon_converter:/home/schni2zle/colcon_ws/install/smarc_nodered:/home/schni2zle/colcon_ws/install/smarc_bt:/home/schni2zle/colcon_ws/install/smarc_bringups:/home/schni2zle/colcon_ws/install/sam_dead_reckoning:/home/schni2zle/colcon_ws/install/ros_tcp_endpoint:/home/schni2zle/colcon_ws/install/ros2_python_examples:/home/schni2zle/colcon_ws/install/mqtt_bridge:/home/schni2zle/colcon_ws/install/dubins_planner:/home/schni2zle/colcon_ws/install/basic_go_to_waypoint:/opt/ros/humble /usr/bin/cmake --build /home/schni2zle/colcon_ws/src/build/smarc_control_msgs -- -j8 -l8
[2.473s] [  1%] Built target smarc_control_msgs__cpp
[2.523s] [ 12%] Built target smarc_control_msgs__rosidl_generator_c
[2.599s] [ 12%] Built target ament_cmake_python_copy_smarc_control_msgs
[2.670s] [ 23%] Built target smarc_control_msgs__rosidl_typesupport_cpp
[2.684s] [ 35%] Built target smarc_control_msgs__rosidl_typesupport_c
[2.708s] [ 46%] Built target smarc_control_msgs__rosidl_typesupport_introspection_cpp
[2.733s] [ 57%] Built target smarc_control_msgs__rosidl_typesupport_fastrtps_cpp
[2.747s] [ 69%] Built target smarc_control_msgs__rosidl_typesupport_introspection_c
[2.747s] [ 80%] Built target smarc_control_msgs__rosidl_typesupport_fastrtps_c
[2.902s] [ 80%] Built target smarc_control_msgs
[3.095s] [ 81%] Built target smarc_control_msgs__py
[3.289s] [ 91%] Built target smarc_control_msgs__rosidl_generator_py
[3.463s] [ 94%] Built target smarc_control_msgs__rosidl_typesupport_introspection_c__pyext
[3.481s] [ 97%] Built target smarc_control_msgs__rosidl_typesupport_c__pyext
[3.482s] [100%] Built target smarc_control_msgs__rosidl_typesupport_fastrtps_c__pyext
[4.613s] running egg_info
[4.616s] writing smarc_control_msgs.egg-info/PKG-INFO
[4.617s] writing dependency_links to smarc_control_msgs.egg-info/dependency_links.txt
[4.617s] writing top-level names to smarc_control_msgs.egg-info/top_level.txt
[4.628s] reading manifest file 'smarc_control_msgs.egg-info/SOURCES.txt'
[4.632s] writing manifest file 'smarc_control_msgs.egg-info/SOURCES.txt'
[4.754s] [100%] Built target ament_cmake_python_build_smarc_control_msgs_egg
[5.324s] Invoked command in '/home/schni2zle/colcon_ws/src/build/smarc_control_msgs' returned '0': CMAKE_PREFIX_PATH=${CMAKE_PREFIX_PATH}:/home/schni2zle/colcon_ws/src/install/workshopfun:/home/schni2zle/colcon_ws/src/install/utm_latlon_converter:/home/schni2zle/colcon_ws/src/install/test_package:/home/schni2zle/colcon_ws/src/install/state_estimation:/home/schni2zle/colcon_ws/src/install/smarc_nodered:/home/schni2zle/colcon_ws/src/install/smarc_bt:/home/schni2zle/colcon_ws/src/install/smarc_bringups:/home/schni2zle/colcon_ws/src/install/sam_dead_reckoning:/home/schni2zle/colcon_ws/src/install/ros_tcp_endpoint:/home/schni2zle/colcon_ws/src/install/ros2_python_examples:/home/schni2zle/colcon_ws/src/install/quadrotor_basic_controller:/home/schni2zle/colcon_ws/src/install/mqtt_bridge:/home/schni2zle/colcon_ws/src/install/dubins_planner:/home/schni2zle/colcon_ws/src/install/dive_control:/home/schni2zle/colcon_ws/src/install/basic_go_to_waypoint:/home/schni2zle/colcon_ws/src/install/basic_depth_pitch_control:/home/schni2zle/colcon_ws/install/workshopfun:/home/schni2zle/colcon_ws/install/utm_latlon_converter:/home/schni2zle/colcon_ws/install/smarc_nodered:/home/schni2zle/colcon_ws/install/smarc_bt:/home/schni2zle/colcon_ws/install/smarc_bringups:/home/schni2zle/colcon_ws/install/sam_dead_reckoning:/home/schni2zle/colcon_ws/install/ros_tcp_endpoint:/home/schni2zle/colcon_ws/install/ros2_python_examples:/home/schni2zle/colcon_ws/install/mqtt_bridge:/home/schni2zle/colcon_ws/install/dubins_planner:/home/schni2zle/colcon_ws/install/basic_go_to_waypoint:/opt/ros/humble /usr/bin/cmake --build /home/schni2zle/colcon_ws/src/build/smarc_control_msgs -- -j8 -l8
[8.609s] Invoking command in '/home/schni2zle/colcon_ws/src/build/smarc_control_msgs': CMAKE_PREFIX_PATH=${CMAKE_PREFIX_PATH}:/home/schni2zle/colcon_ws/src/install/workshopfun:/home/schni2zle/colcon_ws/src/install/utm_latlon_converter:/home/schni2zle/colcon_ws/src/install/test_package:/home/schni2zle/colcon_ws/src/install/state_estimation:/home/schni2zle/colcon_ws/src/install/smarc_nodered:/home/schni2zle/colcon_ws/src/install/smarc_bt:/home/schni2zle/colcon_ws/src/install/smarc_bringups:/home/schni2zle/colcon_ws/src/install/sam_dead_reckoning:/home/schni2zle/colcon_ws/src/install/ros_tcp_endpoint:/home/schni2zle/colcon_ws/src/install/ros2_python_examples:/home/schni2zle/colcon_ws/src/install/quadrotor_basic_controller:/home/schni2zle/colcon_ws/src/install/mqtt_bridge:/home/schni2zle/colcon_ws/src/install/dubins_planner:/home/schni2zle/colcon_ws/src/install/dive_control:/home/schni2zle/colcon_ws/src/install/basic_go_to_waypoint:/home/schni2zle/colcon_ws/src/install/basic_depth_pitch_control:/home/schni2zle/colcon_ws/install/workshopfun:/home/schni2zle/colcon_ws/install/utm_latlon_converter:/home/schni2zle/colcon_ws/install/smarc_nodered:/home/schni2zle/colcon_ws/install/smarc_bt:/home/schni2zle/colcon_ws/install/smarc_bringups:/home/schni2zle/colcon_ws/install/sam_dead_reckoning:/home/schni2zle/colcon_ws/install/ros_tcp_endpoint:/home/schni2zle/colcon_ws/install/ros2_python_examples:/home/schni2zle/colcon_ws/install/mqtt_bridge:/home/schni2zle/colcon_ws/install/dubins_planner:/home/schni2zle/colcon_ws/install/basic_go_to_waypoint:/opt/ros/humble /usr/bin/cmake --install /home/schni2zle/colcon_ws/src/build/smarc_control_msgs
[8.699s] -- Install configuration: ""
[8.699s] -- Up-to-date: /home/schni2zle/colcon_ws/src/install/smarc_control_msgs/share/ament_index/resource_index/rosidl_interfaces/smarc_control_msgs
[8.699s] -- Up-to-date: /home/schni2zle/colcon_ws/src/install/smarc_control_msgs/include/smarc_control_msgs/smarc_control_msgs
[8.699s] -- Up-to-date: /home/schni2zle/colcon_ws/src/install/smarc_control_msgs/include/smarc_control_msgs/smarc_control_msgs/msg
[8.701s] -- Up-to-date: /home/schni2zle/colcon_ws/src/install/smarc_control_msgs/include/smarc_control_msgs/smarc_control_msgs/msg/rosidl_generator_c__visibility_control.h
[8.702s] -- Up-to-date: /home/schni2zle/colcon_ws/src/install/smarc_control_msgs/include/smarc_control_msgs/smarc_control_msgs/msg/state.h
[8.702s] -- Up-to-date: /home/schni2zle/colcon_ws/src/install/smarc_control_msgs/include/smarc_control_msgs/smarc_control_msgs/msg/control_reference.h
[8.703s] -- Up-to-date: /home/schni2zle/colcon_ws/src/install/smarc_control_msgs/include/smarc_control_msgs/smarc_control_msgs/msg/detail
[8.703s] -- Up-to-date: /home/schni2zle/colcon_ws/src/install/smarc_control_msgs/include/smarc_control_msgs/smarc_control_msgs/msg/detail/control_reference__functions.h
[8.705s] -- Up-to-date: /home/schni2zle/colcon_ws/src/install/smarc_control_msgs/include/smarc_control_msgs/smarc_control_msgs/msg/detail/state__type_support.h
[8.706s] -- Up-to-date: /home/schni2zle/colcon_ws/src/install/smarc_control_msgs/include/smarc_control_msgs/smarc_control_msgs/msg/detail/control_reference__functions.c
[8.707s] -- Up-to-date: /home/schni2zle/colcon_ws/src/install/smarc_control_msgs/include/smarc_control_msgs/smarc_control_msgs/msg/detail/topics__struct.h
[8.708s] -- Up-to-date: /home/schni2zle/colcon_ws/src/install/smarc_control_msgs/include/smarc_control_msgs/smarc_control_msgs/msg/detail/control_input__struct.h
[8.708s] -- Up-to-date: /home/schni2zle/colcon_ws/src/install/smarc_control_msgs/include/smarc_control_msgs/smarc_control_msgs/msg/detail/control_state__struct.h
[8.709s] -- Up-to-date: /home/schni2zle/colcon_ws/src/install/smarc_control_msgs/include/smarc_control_msgs/smarc_control_msgs/msg/detail/control_input__functions.c
[8.709s] -- Up-to-date: /home/schni2zle/colcon_ws/src/install/smarc_control_msgs/include/smarc_control_msgs/smarc_control_msgs/msg/detail/topics__type_support.h
[8.710s] -- Up-to-date: /home/schni2zle/colcon_ws/src/install/smarc_control_msgs/include/smarc_control_msgs/smarc_control_msgs/msg/detail/control_error__functions.h
[8.710s] -- Up-to-date: /home/schni2zle/colcon_ws/src/install/smarc_control_msgs/include/smarc_control_msgs/smarc_control_msgs/msg/detail/control_state__functions.h
[8.711s] -- Up-to-date: /home/schni2zle/colcon_ws/src/install/smarc_control_msgs/include/smarc_control_msgs/smarc_control_msgs/msg/detail/topics__functions.h
[8.711s] -- Up-to-date: /home/schni2zle/colcon_ws/src/install/smarc_control_msgs/include/smarc_control_msgs/smarc_control_msgs/msg/detail/control_error__struct.h
[8.711s] -- Up-to-date: /home/schni2zle/colcon_ws/src/install/smarc_control_msgs/include/smarc_control_msgs/smarc_control_msgs/msg/detail/topics__functions.c
[8.712s] -- Up-to-date: /home/schni2zle/colcon_ws/src/install/smarc_control_msgs/include/smarc_control_msgs/smarc_control_msgs/msg/detail/state__functions.h
[8.716s] -- Up-to-date: /home/schni2zle/colcon_ws/src/install/smarc_control_msgs/include/smarc_control_msgs/smarc_control_msgs/msg/detail/control_reference__struct.h
[8.716s] -- Up-to-date: /home/schni2zle/colcon_ws/src/install/smarc_control_msgs/include/smarc_control_msgs/smarc_control_msgs/msg/detail/state__struct.h
[8.717s] -- Up-to-date: /home/schni2zle/colcon_ws/src/install/smarc_control_msgs/include/smarc_control_msgs/smarc_control_msgs/msg/detail/control_reference__type_support.h
[8.717s] -- Up-to-date: /home/schni2zle/colcon_ws/src/install/smarc_control_msgs/include/smarc_control_msgs/smarc_control_msgs/msg/detail/control_state__type_support.h
[8.717s] -- Up-to-date: /home/schni2zle/colcon_ws/src/install/smarc_control_msgs/include/smarc_control_msgs/smarc_control_msgs/msg/detail/state__functions.c
[8.717s] -- Up-to-date: /home/schni2zle/colcon_ws/src/install/smarc_control_msgs/include/smarc_control_msgs/smarc_control_msgs/msg/detail/control_state__functions.c
[8.763s] -- Up-to-date: /home/schni2zle/colcon_ws/src/install/smarc_control_msgs/include/smarc_control_msgs/smarc_control_msgs/msg/detail/control_input__functions.h
[8.763s] -- Up-to-date: /home/schni2zle/colcon_ws/src/install/smarc_control_msgs/include/smarc_control_msgs/smarc_control_msgs/msg/detail/control_input__type_support.h
[8.763s] -- Up-to-date: /home/schni2zle/colcon_ws/src/install/smarc_control_msgs/include/smarc_control_msgs/smarc_control_msgs/msg/detail/control_error__functions.c
[8.763s] -- Up-to-date: /home/schni2zle/colcon_ws/src/install/smarc_control_msgs/include/smarc_control_msgs/smarc_control_msgs/msg/detail/control_error__type_support.h
[8.763s] -- Up-to-date: /home/schni2zle/colcon_ws/src/install/smarc_control_msgs/include/smarc_control_msgs/smarc_control_msgs/msg/control_state.h
[8.764s] -- Up-to-date: /home/schni2zle/colcon_ws/src/install/smarc_control_msgs/include/smarc_control_msgs/smarc_control_msgs/msg/control_error.h
[8.764s] -- Up-to-date: /home/schni2zle/colcon_ws/src/install/smarc_control_msgs/include/smarc_control_msgs/smarc_control_msgs/msg/control_input.h
[8.764s] -- Up-to-date: /home/schni2zle/colcon_ws/src/install/smarc_control_msgs/include/smarc_control_msgs/smarc_control_msgs/msg/topics.h
[8.764s] -- Up-to-date: /home/schni2zle/colcon_ws/src/install/smarc_control_msgs/share/smarc_control_msgs/environment/library_path.sh
[8.765s] -- Up-to-date: /home/schni2zle/colcon_ws/src/install/smarc_control_msgs/share/smarc_control_msgs/environment/library_path.dsv
[8.765s] -- Up-to-date: /home/schni2zle/colcon_ws/src/install/smarc_control_msgs/lib/libsmarc_control_msgs__rosidl_generator_c.so
[8.769s] -- Up-to-date: /home/schni2zle/colcon_ws/src/install/smarc_control_msgs/include/smarc_control_msgs/smarc_control_msgs
[8.769s] -- Up-to-date: /home/schni2zle/colcon_ws/src/install/smarc_control_msgs/include/smarc_control_msgs/smarc_control_msgs/msg
[8.770s] -- Up-to-date: /home/schni2zle/colcon_ws/src/install/smarc_control_msgs/include/smarc_control_msgs/smarc_control_msgs/msg/rosidl_typesupport_fastrtps_c__visibility_control.h
[8.770s] -- Up-to-date: /home/schni2zle/colcon_ws/src/install/smarc_control_msgs/include/smarc_control_msgs/smarc_control_msgs/msg/detail
[8.770s] -- Up-to-date: /home/schni2zle/colcon_ws/src/install/smarc_control_msgs/include/smarc_control_msgs/smarc_control_msgs/msg/detail/control_input__rosidl_typesupport_fastrtps_c.h
[8.770s] -- Up-to-date: /home/schni2zle/colcon_ws/src/install/smarc_control_msgs/include/smarc_control_msgs/smarc_control_msgs/msg/detail/topics__rosidl_typesupport_fastrtps_c.h
[8.771s] -- Up-to-date: /home/schni2zle/colcon_ws/src/install/smarc_control_msgs/include/smarc_control_msgs/smarc_control_msgs/msg/detail/state__rosidl_typesupport_fastrtps_c.h
[8.771s] -- Up-to-date: /home/schni2zle/colcon_ws/src/install/smarc_control_msgs/include/smarc_control_msgs/smarc_control_msgs/msg/detail/control_error__rosidl_typesupport_fastrtps_c.h
[8.771s] -- Up-to-date: /home/schni2zle/colcon_ws/src/install/smarc_control_msgs/include/smarc_control_msgs/smarc_control_msgs/msg/detail/control_state__rosidl_typesupport_fastrtps_c.h
[8.771s] -- Up-to-date: /home/schni2zle/colcon_ws/src/install/smarc_control_msgs/include/smarc_control_msgs/smarc_control_msgs/msg/detail/control_reference__rosidl_typesupport_fastrtps_c.h
[8.771s] -- Up-to-date: /home/schni2zle/colcon_ws/src/install/smarc_control_msgs/lib/libsmarc_control_msgs__rosidl_typesupport_fastrtps_c.so
[8.772s] -- Up-to-date: /home/schni2zle/colcon_ws/src/install/smarc_control_msgs/include/smarc_control_msgs/smarc_control_msgs
[8.779s] -- Up-to-date: /home/schni2zle/colcon_ws/src/install/smarc_control_msgs/include/smarc_control_msgs/smarc_control_msgs/msg
[8.780s] -- Up-to-date: /home/schni2zle/colcon_ws/src/install/smarc_control_msgs/include/smarc_control_msgs/smarc_control_msgs/msg/rosidl_typesupport_introspection_c__visibility_control.h
[8.780s] -- Up-to-date: /home/schni2zle/colcon_ws/src/install/smarc_control_msgs/include/smarc_control_msgs/smarc_control_msgs/msg/detail
[8.780s] -- Up-to-date: /home/schni2zle/colcon_ws/src/install/smarc_control_msgs/include/smarc_control_msgs/smarc_control_msgs/msg/detail/topics__type_support.c
[8.780s] -- Up-to-date: /home/schni2zle/colcon_ws/src/install/smarc_control_msgs/include/smarc_control_msgs/smarc_control_msgs/msg/detail/control_reference__type_support.c
[8.781s] -- Up-to-date: /home/schni2zle/colcon_ws/src/install/smarc_control_msgs/include/smarc_control_msgs/smarc_control_msgs/msg/detail/control_input__rosidl_typesupport_introspection_c.h
[8.782s] -- Up-to-date: /home/schni2zle/colcon_ws/src/install/smarc_control_msgs/include/smarc_control_msgs/smarc_control_msgs/msg/detail/control_state__rosidl_typesupport_introspection_c.h
[8.782s] -- Up-to-date: /home/schni2zle/colcon_ws/src/install/smarc_control_msgs/include/smarc_control_msgs/smarc_control_msgs/msg/detail/control_error__rosidl_typesupport_introspection_c.h
[8.782s] -- Up-to-date: /home/schni2zle/colcon_ws/src/install/smarc_control_msgs/include/smarc_control_msgs/smarc_control_msgs/msg/detail/state__type_support.c
[8.782s] -- Up-to-date: /home/schni2zle/colcon_ws/src/install/smarc_control_msgs/include/smarc_control_msgs/smarc_control_msgs/msg/detail/control_input__type_support.c
[8.783s] -- Up-to-date: /home/schni2zle/colcon_ws/src/install/smarc_control_msgs/include/smarc_control_msgs/smarc_control_msgs/msg/detail/state__rosidl_typesupport_introspection_c.h
[8.783s] -- Up-to-date: /home/schni2zle/colcon_ws/src/install/smarc_control_msgs/include/smarc_control_msgs/smarc_control_msgs/msg/detail/control_state__type_support.c
[8.783s] -- Up-to-date: /home/schni2zle/colcon_ws/src/install/smarc_control_msgs/include/smarc_control_msgs/smarc_control_msgs/msg/detail/control_error__type_support.c
[8.783s] -- Up-to-date: /home/schni2zle/colcon_ws/src/install/smarc_control_msgs/include/smarc_control_msgs/smarc_control_msgs/msg/detail/topics__rosidl_typesupport_introspection_c.h
[8.783s] -- Up-to-date: /home/schni2zle/colcon_ws/src/install/smarc_control_msgs/include/smarc_control_msgs/smarc_control_msgs/msg/detail/control_reference__rosidl_typesupport_introspection_c.h
[8.783s] -- Up-to-date: /home/schni2zle/colcon_ws/src/install/smarc_control_msgs/lib/libsmarc_control_msgs__rosidl_typesupport_introspection_c.so
[8.784s] -- Up-to-date: /home/schni2zle/colcon_ws/src/install/smarc_control_msgs/lib/libsmarc_control_msgs__rosidl_typesupport_c.so
[8.784s] -- Up-to-date: /home/schni2zle/colcon_ws/src/install/smarc_control_msgs/include/smarc_control_msgs/smarc_control_msgs
[8.784s] -- Up-to-date: /home/schni2zle/colcon_ws/src/install/smarc_control_msgs/include/smarc_control_msgs/smarc_control_msgs/msg
[8.784s] -- Up-to-date: /home/schni2zle/colcon_ws/src/install/smarc_control_msgs/include/smarc_control_msgs/smarc_control_msgs/msg/state.hpp
[8.784s] -- Up-to-date: /home/schni2zle/colcon_ws/src/install/smarc_control_msgs/include/smarc_control_msgs/smarc_control_msgs/msg/control_reference.hpp
[8.784s] -- Up-to-date: /home/schni2zle/colcon_ws/src/install/smarc_control_msgs/include/smarc_control_msgs/smarc_control_msgs/msg/control_error.hpp
[8.785s] -- Up-to-date: /home/schni2zle/colcon_ws/src/install/smarc_control_msgs/include/smarc_control_msgs/smarc_control_msgs/msg/control_input.hpp
[8.785s] -- Up-to-date: /home/schni2zle/colcon_ws/src/install/smarc_control_msgs/include/smarc_control_msgs/smarc_control_msgs/msg/detail
[8.785s] -- Up-to-date: /home/schni2zle/colcon_ws/src/install/smarc_control_msgs/include/smarc_control_msgs/smarc_control_msgs/msg/detail/control_error__traits.hpp
[8.785s] -- Up-to-date: /home/schni2zle/colcon_ws/src/install/smarc_control_msgs/include/smarc_control_msgs/smarc_control_msgs/msg/detail/control_input__struct.hpp
[8.785s] -- Up-to-date: /home/schni2zle/colcon_ws/src/install/smarc_control_msgs/include/smarc_control_msgs/smarc_control_msgs/msg/detail/control_input__builder.hpp
[8.786s] -- Up-to-date: /home/schni2zle/colcon_ws/src/install/smarc_control_msgs/include/smarc_control_msgs/smarc_control_msgs/msg/detail/topics__struct.hpp
[8.786s] -- Up-to-date: /home/schni2zle/colcon_ws/src/install/smarc_control_msgs/include/smarc_control_msgs/smarc_control_msgs/msg/detail/state__builder.hpp
[8.799s] -- Up-to-date: /home/schni2zle/colcon_ws/src/install/smarc_control_msgs/include/smarc_control_msgs/smarc_control_msgs/msg/detail/topics__traits.hpp
[8.799s] -- Up-to-date: /home/schni2zle/colcon_ws/src/install/smarc_control_msgs/include/smarc_control_msgs/smarc_control_msgs/msg/detail/control_reference__traits.hpp
[8.845s] -- Up-to-date: /home/schni2zle/colcon_ws/src/install/smarc_control_msgs/include/smarc_control_msgs/smarc_control_msgs/msg/detail/control_error__struct.hpp
[8.849s] -- Up-to-date: /home/schni2zle/colcon_ws/src/install/smarc_control_msgs/include/smarc_control_msgs/smarc_control_msgs/msg/detail/topics__builder.hpp
[8.849s] -- Up-to-date: /home/schni2zle/colcon_ws/src/install/smarc_control_msgs/include/smarc_control_msgs/smarc_control_msgs/msg/detail/control_state__builder.hpp
[8.849s] -- Up-to-date: /home/schni2zle/colcon_ws/src/install/smarc_control_msgs/include/smarc_control_msgs/smarc_control_msgs/msg/detail/control_reference__struct.hpp
[8.849s] -- Up-to-date: /home/schni2zle/colcon_ws/src/install/smarc_control_msgs/include/smarc_control_msgs/smarc_control_msgs/msg/detail/control_state__struct.hpp
[8.850s] -- Up-to-date: /home/schni2zle/colcon_ws/src/install/smarc_control_msgs/include/smarc_control_msgs/smarc_control_msgs/msg/detail/state__struct.hpp
[8.850s] -- Up-to-date: /home/schni2zle/colcon_ws/src/install/smarc_control_msgs/include/smarc_control_msgs/smarc_control_msgs/msg/detail/state__traits.hpp
[8.850s] -- Up-to-date: /home/schni2zle/colcon_ws/src/install/smarc_control_msgs/include/smarc_control_msgs/smarc_control_msgs/msg/detail/control_state__traits.hpp
[8.850s] -- Up-to-date: /home/schni2zle/colcon_ws/src/install/smarc_control_msgs/include/smarc_control_msgs/smarc_control_msgs/msg/detail/control_error__builder.hpp
[8.850s] -- Up-to-date: /home/schni2zle/colcon_ws/src/install/smarc_control_msgs/include/smarc_control_msgs/smarc_control_msgs/msg/detail/control_reference__builder.hpp
[8.850s] -- Up-to-date: /home/schni2zle/colcon_ws/src/install/smarc_control_msgs/include/smarc_control_msgs/smarc_control_msgs/msg/detail/control_input__traits.hpp
[8.851s] -- Up-to-date: /home/schni2zle/colcon_ws/src/install/smarc_control_msgs/include/smarc_control_msgs/smarc_control_msgs/msg/control_state.hpp
[8.851s] -- Up-to-date: /home/schni2zle/colcon_ws/src/install/smarc_control_msgs/include/smarc_control_msgs/smarc_control_msgs/msg/topics.hpp
[8.851s] -- Up-to-date: /home/schni2zle/colcon_ws/src/install/smarc_control_msgs/include/smarc_control_msgs/smarc_control_msgs
[8.851s] -- Up-to-date: /home/schni2zle/colcon_ws/src/install/smarc_control_msgs/include/smarc_control_msgs/smarc_control_msgs/msg
[8.851s] -- Up-to-date: /home/schni2zle/colcon_ws/src/install/smarc_control_msgs/include/smarc_control_msgs/smarc_control_msgs/msg/rosidl_typesupport_fastrtps_cpp__visibility_control.h
[8.852s] -- Up-to-date: /home/schni2zle/colcon_ws/src/install/smarc_control_msgs/include/smarc_control_msgs/smarc_control_msgs/msg/detail
[8.852s] -- Up-to-date: /home/schni2zle/colcon_ws/src/install/smarc_control_msgs/include/smarc_control_msgs/smarc_control_msgs/msg/detail/control_error__rosidl_typesupport_fastrtps_cpp.hpp
[8.862s] -- Up-to-date: /home/schni2zle/colcon_ws/src/install/smarc_control_msgs/include/smarc_control_msgs/smarc_control_msgs/msg/detail/topics__rosidl_typesupport_fastrtps_cpp.hpp
[8.863s] -- Up-to-date: /home/schni2zle/colcon_ws/src/install/smarc_control_msgs/include/smarc_control_msgs/smarc_control_msgs/msg/detail/control_input__rosidl_typesupport_fastrtps_cpp.hpp
[8.863s] -- Up-to-date: /home/schni2zle/colcon_ws/src/install/smarc_control_msgs/include/smarc_control_msgs/smarc_control_msgs/msg/detail/state__rosidl_typesupport_fastrtps_cpp.hpp
[8.863s] -- Up-to-date: /home/schni2zle/colcon_ws/src/install/smarc_control_msgs/include/smarc_control_msgs/smarc_control_msgs/msg/detail/dds_fastrtps
[8.863s] -- Up-to-date: /home/schni2zle/colcon_ws/src/install/smarc_control_msgs/include/smarc_control_msgs/smarc_control_msgs/msg/detail/control_state__rosidl_typesupport_fastrtps_cpp.hpp
[8.864s] -- Up-to-date: /home/schni2zle/colcon_ws/src/install/smarc_control_msgs/include/smarc_control_msgs/smarc_control_msgs/msg/detail/control_reference__rosidl_typesupport_fastrtps_cpp.hpp
[8.864s] -- Up-to-date: /home/schni2zle/colcon_ws/src/install/smarc_control_msgs/lib/libsmarc_control_msgs__rosidl_typesupport_fastrtps_cpp.so
[8.864s] -- Up-to-date: /home/schni2zle/colcon_ws/src/install/smarc_control_msgs/include/smarc_control_msgs/smarc_control_msgs
[8.864s] -- Up-to-date: /home/schni2zle/colcon_ws/src/install/smarc_control_msgs/include/smarc_control_msgs/smarc_control_msgs/msg
[8.864s] -- Up-to-date: /home/schni2zle/colcon_ws/src/install/smarc_control_msgs/include/smarc_control_msgs/smarc_control_msgs/msg/detail
[8.865s] -- Up-to-date: /home/schni2zle/colcon_ws/src/install/smarc_control_msgs/include/smarc_control_msgs/smarc_control_msgs/msg/detail/control_state__type_support.cpp
[8.865s] -- Up-to-date: /home/schni2zle/colcon_ws/src/install/smarc_control_msgs/include/smarc_control_msgs/smarc_control_msgs/msg/detail/topics__type_support.cpp
[8.871s] -- Up-to-date: /home/schni2zle/colcon_ws/src/install/smarc_control_msgs/include/smarc_control_msgs/smarc_control_msgs/msg/detail/control_error__type_support.cpp
[8.871s] -- Up-to-date: /home/schni2zle/colcon_ws/src/install/smarc_control_msgs/include/smarc_control_msgs/smarc_control_msgs/msg/detail/control_state__rosidl_typesupport_introspection_cpp.hpp
[8.872s] -- Up-to-date: /home/schni2zle/colcon_ws/src/install/smarc_control_msgs/include/smarc_control_msgs/smarc_control_msgs/msg/detail/state__type_support.cpp
[8.872s] -- Up-to-date: /home/schni2zle/colcon_ws/src/install/smarc_control_msgs/include/smarc_control_msgs/smarc_control_msgs/msg/detail/control_reference__rosidl_typesupport_introspection_cpp.hpp
[8.872s] -- Up-to-date: /home/schni2zle/colcon_ws/src/install/smarc_control_msgs/include/smarc_control_msgs/smarc_control_msgs/msg/detail/control_reference__type_support.cpp
[8.872s] -- Up-to-date: /home/schni2zle/colcon_ws/src/install/smarc_control_msgs/include/smarc_control_msgs/smarc_control_msgs/msg/detail/topics__rosidl_typesupport_introspection_cpp.hpp
[8.872s] -- Up-to-date: /home/schni2zle/colcon_ws/src/install/smarc_control_msgs/include/smarc_control_msgs/smarc_control_msgs/msg/detail/control_error__rosidl_typesupport_introspection_cpp.hpp
[8.873s] -- Up-to-date: /home/schni2zle/colcon_ws/src/install/smarc_control_msgs/include/smarc_control_msgs/smarc_control_msgs/msg/detail/control_input__rosidl_typesupport_introspection_cpp.hpp
[8.873s] -- Up-to-date: /home/schni2zle/colcon_ws/src/install/smarc_control_msgs/include/smarc_control_msgs/smarc_control_msgs/msg/detail/state__rosidl_typesupport_introspection_cpp.hpp
[8.873s] -- Up-to-date: /home/schni2zle/colcon_ws/src/install/smarc_control_msgs/include/smarc_control_msgs/smarc_control_msgs/msg/detail/control_input__type_support.cpp
[8.873s] -- Up-to-date: /home/schni2zle/colcon_ws/src/install/smarc_control_msgs/lib/libsmarc_control_msgs__rosidl_typesupport_introspection_cpp.so
[8.873s] -- Up-to-date: /home/schni2zle/colcon_ws/src/install/smarc_control_msgs/lib/libsmarc_control_msgs__rosidl_typesupport_cpp.so
[8.874s] -- Up-to-date: /home/schni2zle/colcon_ws/src/install/smarc_control_msgs/share/smarc_control_msgs/environment/pythonpath.sh
[8.874s] -- Up-to-date: /home/schni2zle/colcon_ws/src/install/smarc_control_msgs/share/smarc_control_msgs/environment/pythonpath.dsv
[8.878s] -- Up-to-date: /home/schni2zle/colcon_ws/src/install/smarc_control_msgs/local/lib/python3.10/dist-packages/smarc_control_msgs-0.0.0-py3.10.egg-info
[8.878s] -- Installing: /home/schni2zle/colcon_ws/src/install/smarc_control_msgs/local/lib/python3.10/dist-packages/smarc_control_msgs-0.0.0-py3.10.egg-info/PKG-INFO
[8.879s] -- Installing: /home/schni2zle/colcon_ws/src/install/smarc_control_msgs/local/lib/python3.10/dist-packages/smarc_control_msgs-0.0.0-py3.10.egg-info/SOURCES.txt
[8.879s] -- Installing: /home/schni2zle/colcon_ws/src/install/smarc_control_msgs/local/lib/python3.10/dist-packages/smarc_control_msgs-0.0.0-py3.10.egg-info/top_level.txt
[8.879s] -- Installing: /home/schni2zle/colcon_ws/src/install/smarc_control_msgs/local/lib/python3.10/dist-packages/smarc_control_msgs-0.0.0-py3.10.egg-info/dependency_links.txt
[8.879s] -- Up-to-date: /home/schni2zle/colcon_ws/src/install/smarc_control_msgs/local/lib/python3.10/dist-packages/smarc_control_msgs
[8.879s] -- Up-to-date: /home/schni2zle/colcon_ws/src/install/smarc_control_msgs/local/lib/python3.10/dist-packages/smarc_control_msgs/_smarc_control_msgs_s.ep.rosidl_typesupport_fastrtps_c.c
[8.880s] -- Up-to-date: /home/schni2zle/colcon_ws/src/install/smarc_control_msgs/local/lib/python3.10/dist-packages/smarc_control_msgs/msg
[8.880s] -- Up-to-date: /home/schni2zle/colcon_ws/src/install/smarc_control_msgs/local/lib/python3.10/dist-packages/smarc_control_msgs/msg/_control_reference.py
[8.880s] -- Up-to-date: /home/schni2zle/colcon_ws/src/install/smarc_control_msgs/local/lib/python3.10/dist-packages/smarc_control_msgs/msg/_control_error.py
[8.880s] -- Up-to-date: /home/schni2zle/colcon_ws/src/install/smarc_control_msgs/local/lib/python3.10/dist-packages/smarc_control_msgs/msg/_control_input.py
[8.880s] -- Up-to-date: /home/schni2zle/colcon_ws/src/install/smarc_control_msgs/local/lib/python3.10/dist-packages/smarc_control_msgs/msg/_topics_s.c
[8.881s] -- Up-to-date: /home/schni2zle/colcon_ws/src/install/smarc_control_msgs/local/lib/python3.10/dist-packages/smarc_control_msgs/msg/_control_reference_s.c
[8.881s] -- Up-to-date: /home/schni2zle/colcon_ws/src/install/smarc_control_msgs/local/lib/python3.10/dist-packages/smarc_control_msgs/msg/_control_error_s.c
[8.881s] -- Up-to-date: /home/schni2zle/colcon_ws/src/install/smarc_control_msgs/local/lib/python3.10/dist-packages/smarc_control_msgs/msg/_topics.py
[8.881s] -- Up-to-date: /home/schni2zle/colcon_ws/src/install/smarc_control_msgs/local/lib/python3.10/dist-packages/smarc_control_msgs/msg/_control_state.py
[8.881s] -- Up-to-date: /home/schni2zle/colcon_ws/src/install/smarc_control_msgs/local/lib/python3.10/dist-packages/smarc_control_msgs/msg/__init__.py
[8.882s] -- Up-to-date: /home/schni2zle/colcon_ws/src/install/smarc_control_msgs/local/lib/python3.10/dist-packages/smarc_control_msgs/msg/_state.py
[8.882s] -- Up-to-date: /home/schni2zle/colcon_ws/src/install/smarc_control_msgs/local/lib/python3.10/dist-packages/smarc_control_msgs/msg/_control_input_s.c
[8.886s] -- Up-to-date: /home/schni2zle/colcon_ws/src/install/smarc_control_msgs/local/lib/python3.10/dist-packages/smarc_control_msgs/msg/_state_s.c
[8.886s] -- Up-to-date: /home/schni2zle/colcon_ws/src/install/smarc_control_msgs/local/lib/python3.10/dist-packages/smarc_control_msgs/msg/_control_state_s.c
[8.887s] -- Up-to-date: /home/schni2zle/colcon_ws/src/install/smarc_control_msgs/local/lib/python3.10/dist-packages/smarc_control_msgs/libsmarc_control_msgs__rosidl_generator_py.so
[8.887s] -- Up-to-date: /home/schni2zle/colcon_ws/src/install/smarc_control_msgs/local/lib/python3.10/dist-packages/smarc_control_msgs/smarc_control_msgs_s__rosidl_typesupport_fastrtps_c.cpython-310-x86_64-linux-gnu.so
[8.887s] -- Up-to-date: /home/schni2zle/colcon_ws/src/install/smarc_control_msgs/local/lib/python3.10/dist-packages/smarc_control_msgs/_smarc_control_msgs_s.ep.rosidl_typesupport_introspection_c.c
[8.887s] -- Up-to-date: /home/schni2zle/colcon_ws/src/install/smarc_control_msgs/local/lib/python3.10/dist-packages/smarc_control_msgs/__init__.py
[8.888s] -- Up-to-date: /home/schni2zle/colcon_ws/src/install/smarc_control_msgs/local/lib/python3.10/dist-packages/smarc_control_msgs/_smarc_control_msgs_s.ep.rosidl_typesupport_c.c
[8.888s] -- Up-to-date: /home/schni2zle/colcon_ws/src/install/smarc_control_msgs/local/lib/python3.10/dist-packages/smarc_control_msgs/smarc_control_msgs_s__rosidl_typesupport_c.cpython-310-x86_64-linux-gnu.so
[8.888s] -- Up-to-date: /home/schni2zle/colcon_ws/src/install/smarc_control_msgs/local/lib/python3.10/dist-packages/smarc_control_msgs/smarc_control_msgs_s__rosidl_typesupport_introspection_c.cpython-310-x86_64-linux-gnu.so
[8.929s] Listing '/home/schni2zle/colcon_ws/src/install/smarc_control_msgs/local/lib/python3.10/dist-packages/smarc_control_msgs'...
[8.930s] Listing '/home/schni2zle/colcon_ws/src/install/smarc_control_msgs/local/lib/python3.10/dist-packages/smarc_control_msgs/msg'...
[8.951s] -- Up-to-date: /home/schni2zle/colcon_ws/src/install/smarc_control_msgs/local/lib/python3.10/dist-packages/smarc_control_msgs/smarc_control_msgs_s__rosidl_typesupport_fastrtps_c.cpython-310-x86_64-linux-gnu.so
[8.954s] -- Up-to-date: /home/schni2zle/colcon_ws/src/install/smarc_control_msgs/local/lib/python3.10/dist-packages/smarc_control_msgs/smarc_control_msgs_s__rosidl_typesupport_introspection_c.cpython-310-x86_64-linux-gnu.so
[8.956s] -- Up-to-date: /home/schni2zle/colcon_ws/src/install/smarc_control_msgs/local/lib/python3.10/dist-packages/smarc_control_msgs/smarc_control_msgs_s__rosidl_typesupport_c.cpython-310-x86_64-linux-gnu.so
[8.958s] -- Up-to-date: /home/schni2zle/colcon_ws/src/install/smarc_control_msgs/lib/libsmarc_control_msgs__rosidl_generator_py.so
[8.962s] -- Up-to-date: /home/schni2zle/colcon_ws/src/install/smarc_control_msgs/share/smarc_control_msgs/msg/Topics.idl
[8.975s] -- Up-to-date: /home/schni2zle/colcon_ws/src/install/smarc_control_msgs/share/smarc_control_msgs/msg/ControlError.idl
[8.976s] -- Up-to-date: /home/schni2zle/colcon_ws/src/install/smarc_control_msgs/share/smarc_control_msgs/msg/ControlInput.idl
[8.976s] -- Up-to-date: /home/schni2zle/colcon_ws/src/install/smarc_control_msgs/share/smarc_control_msgs/msg/ControlReference.idl
[8.976s] -- Up-to-date: /home/schni2zle/colcon_ws/src/install/smarc_control_msgs/share/smarc_control_msgs/msg/ControlState.idl
[8.977s] -- Up-to-date: /home/schni2zle/colcon_ws/src/install/smarc_control_msgs/share/smarc_control_msgs/msg/State.idl
[8.979s] -- Up-to-date: /home/schni2zle/colcon_ws/src/install/smarc_control_msgs/share/smarc_control_msgs/msg/Topics.msg
[8.979s] -- Up-to-date: /home/schni2zle/colcon_ws/src/install/smarc_control_msgs/share/smarc_control_msgs/msg/ControlError.msg
[8.983s] -- Up-to-date: /home/schni2zle/colcon_ws/src/install/smarc_control_msgs/share/smarc_control_msgs/msg/ControlInput.msg
[8.984s] -- Up-to-date: /home/schni2zle/colcon_ws/src/install/smarc_control_msgs/share/smarc_control_msgs/msg/ControlReference.msg
[8.984s] -- Up-to-date: /home/schni2zle/colcon_ws/src/install/smarc_control_msgs/share/smarc_control_msgs/msg/ControlState.msg
[8.984s] -- Up-to-date: /home/schni2zle/colcon_ws/src/install/smarc_control_msgs/share/smarc_control_msgs/msg/State.msg
[8.990s] -- Up-to-date: /home/schni2zle/colcon_ws/src/install/smarc_control_msgs/share/ament_index/resource_index/package_run_dependencies/smarc_control_msgs
[8.990s] -- Up-to-date: /home/schni2zle/colcon_ws/src/install/smarc_control_msgs/share/ament_index/resource_index/parent_prefix_path/smarc_control_msgs
[8.990s] -- Up-to-date: /home/schni2zle/colcon_ws/src/install/smarc_control_msgs/share/smarc_control_msgs/environment/ament_prefix_path.sh
[8.991s] -- Up-to-date: /home/schni2zle/colcon_ws/src/install/smarc_control_msgs/share/smarc_control_msgs/environment/ament_prefix_path.dsv
[8.991s] -- Up-to-date: /home/schni2zle/colcon_ws/src/install/smarc_control_msgs/share/smarc_control_msgs/environment/path.sh
[8.991s] -- Up-to-date: /home/schni2zle/colcon_ws/src/install/smarc_control_msgs/share/smarc_control_msgs/environment/path.dsv
[8.991s] -- Up-to-date: /home/schni2zle/colcon_ws/src/install/smarc_control_msgs/share/smarc_control_msgs/local_setup.bash
[8.991s] -- Up-to-date: /home/schni2zle/colcon_ws/src/install/smarc_control_msgs/share/smarc_control_msgs/local_setup.sh
[8.991s] -- Up-to-date: /home/schni2zle/colcon_ws/src/install/smarc_control_msgs/share/smarc_control_msgs/local_setup.zsh
[8.991s] -- Up-to-date: /home/schni2zle/colcon_ws/src/install/smarc_control_msgs/share/smarc_control_msgs/local_setup.dsv
[8.992s] -- Installing: /home/schni2zle/colcon_ws/src/install/smarc_control_msgs/share/smarc_control_msgs/package.dsv
[8.994s] -- Up-to-date: /home/schni2zle/colcon_ws/src/install/smarc_control_msgs/share/ament_index/resource_index/packages/smarc_control_msgs
[8.994s] -- Up-to-date: /home/schni2zle/colcon_ws/src/install/smarc_control_msgs/share/smarc_control_msgs/cmake/export_smarc_control_msgs__rosidl_generator_cExport.cmake
[8.994s] -- Up-to-date: /home/schni2zle/colcon_ws/src/install/smarc_control_msgs/share/smarc_control_msgs/cmake/export_smarc_control_msgs__rosidl_generator_cExport-noconfig.cmake
[8.994s] -- Up-to-date: /home/schni2zle/colcon_ws/src/install/smarc_control_msgs/share/smarc_control_msgs/cmake/export_smarc_control_msgs__rosidl_typesupport_fastrtps_cExport.cmake
[8.994s] -- Up-to-date: /home/schni2zle/colcon_ws/src/install/smarc_control_msgs/share/smarc_control_msgs/cmake/export_smarc_control_msgs__rosidl_typesupport_fastrtps_cExport-noconfig.cmake
[8.995s] -- Up-to-date: /home/schni2zle/colcon_ws/src/install/smarc_control_msgs/share/smarc_control_msgs/cmake/smarc_control_msgs__rosidl_typesupport_introspection_cExport.cmake
[8.995s] -- Up-to-date: /home/schni2zle/colcon_ws/src/install/smarc_control_msgs/share/smarc_control_msgs/cmake/smarc_control_msgs__rosidl_typesupport_introspection_cExport-noconfig.cmake
[8.996s] -- Up-to-date: /home/schni2zle/colcon_ws/src/install/smarc_control_msgs/share/smarc_control_msgs/cmake/smarc_control_msgs__rosidl_typesupport_cExport.cmake
[8.998s] -- Up-to-date: /home/schni2zle/colcon_ws/src/install/smarc_control_msgs/share/smarc_control_msgs/cmake/smarc_control_msgs__rosidl_typesupport_cExport-noconfig.cmake
[8.999s] -- Up-to-date: /home/schni2zle/colcon_ws/src/install/smarc_control_msgs/share/smarc_control_msgs/cmake/export_smarc_control_msgs__rosidl_generator_cppExport.cmake
[9.000s] -- Up-to-date: /home/schni2zle/colcon_ws/src/install/smarc_control_msgs/share/smarc_control_msgs/cmake/export_smarc_control_msgs__rosidl_typesupport_fastrtps_cppExport.cmake
[9.000s] -- Up-to-date: /home/schni2zle/colcon_ws/src/install/smarc_control_msgs/share/smarc_control_msgs/cmake/export_smarc_control_msgs__rosidl_typesupport_fastrtps_cppExport-noconfig.cmake
[9.001s] -- Up-to-date: /home/schni2zle/colcon_ws/src/install/smarc_control_msgs/share/smarc_control_msgs/cmake/smarc_control_msgs__rosidl_typesupport_introspection_cppExport.cmake
[9.004s] -- Up-to-date: /home/schni2zle/colcon_ws/src/install/smarc_control_msgs/share/smarc_control_msgs/cmake/smarc_control_msgs__rosidl_typesupport_introspection_cppExport-noconfig.cmake
[9.004s] -- Up-to-date: /home/schni2zle/colcon_ws/src/install/smarc_control_msgs/share/smarc_control_msgs/cmake/smarc_control_msgs__rosidl_typesupport_cppExport.cmake
[9.004s] -- Up-to-date: /home/schni2zle/colcon_ws/src/install/smarc_control_msgs/share/smarc_control_msgs/cmake/smarc_control_msgs__rosidl_typesupport_cppExport-noconfig.cmake
[9.005s] -- Up-to-date: /home/schni2zle/colcon_ws/src/install/smarc_control_msgs/share/smarc_control_msgs/cmake/export_smarc_control_msgs__rosidl_generator_pyExport.cmake
[9.005s] -- Up-to-date: /home/schni2zle/colcon_ws/src/install/smarc_control_msgs/share/smarc_control_msgs/cmake/export_smarc_control_msgs__rosidl_generator_pyExport-noconfig.cmake
[9.005s] -- Up-to-date: /home/schni2zle/colcon_ws/src/install/smarc_control_msgs/share/smarc_control_msgs/cmake/rosidl_cmake-extras.cmake
[9.005s] -- Up-to-date: /home/schni2zle/colcon_ws/src/install/smarc_control_msgs/share/smarc_control_msgs/cmake/ament_cmake_export_dependencies-extras.cmake
[9.005s] -- Up-to-date: /home/schni2zle/colcon_ws/src/install/smarc_control_msgs/share/smarc_control_msgs/cmake/ament_cmake_export_include_directories-extras.cmake
[9.006s] -- Up-to-date: /home/schni2zle/colcon_ws/src/install/smarc_control_msgs/share/smarc_control_msgs/cmake/ament_cmake_export_libraries-extras.cmake
[9.006s] -- Up-to-date: /home/schni2zle/colcon_ws/src/install/smarc_control_msgs/share/smarc_control_msgs/cmake/ament_cmake_export_targets-extras.cmake
[9.007s] -- Up-to-date: /home/schni2zle/colcon_ws/src/install/smarc_control_msgs/share/smarc_control_msgs/cmake/rosidl_cmake_export_typesupport_targets-extras.cmake
[9.007s] -- Up-to-date: /home/schni2zle/colcon_ws/src/install/smarc_control_msgs/share/smarc_control_msgs/cmake/rosidl_cmake_export_typesupport_libraries-extras.cmake
[9.007s] -- Up-to-date: /home/schni2zle/colcon_ws/src/install/smarc_control_msgs/share/smarc_control_msgs/cmake/smarc_control_msgsConfig.cmake
[9.007s] -- Up-to-date: /home/schni2zle/colcon_ws/src/install/smarc_control_msgs/share/smarc_control_msgs/cmake/smarc_control_msgsConfig-version.cmake
[9.008s] -- Up-to-date: /home/schni2zle/colcon_ws/src/install/smarc_control_msgs/share/smarc_control_msgs/package.xml
[10.158s] Invoked command in '/home/schni2zle/colcon_ws/src/build/smarc_control_msgs' returned '0': CMAKE_PREFIX_PATH=${CMAKE_PREFIX_PATH}:/home/schni2zle/colcon_ws/src/install/workshopfun:/home/schni2zle/colcon_ws/src/install/utm_latlon_converter:/home/schni2zle/colcon_ws/src/install/test_package:/home/schni2zle/colcon_ws/src/install/state_estimation:/home/schni2zle/colcon_ws/src/install/smarc_nodered:/home/schni2zle/colcon_ws/src/install/smarc_bt:/home/schni2zle/colcon_ws/src/install/smarc_bringups:/home/schni2zle/colcon_ws/src/install/sam_dead_reckoning:/home/schni2zle/colcon_ws/src/install/ros_tcp_endpoint:/home/schni2zle/colcon_ws/src/install/ros2_python_examples:/home/schni2zle/colcon_ws/src/install/quadrotor_basic_controller:/home/schni2zle/colcon_ws/src/install/mqtt_bridge:/home/schni2zle/colcon_ws/src/install/dubins_planner:/home/schni2zle/colcon_ws/src/install/dive_control:/home/schni2zle/colcon_ws/src/install/basic_go_to_waypoint:/home/schni2zle/colcon_ws/src/install/basic_depth_pitch_control:/home/schni2zle/colcon_ws/install/workshopfun:/home/schni2zle/colcon_ws/install/utm_latlon_converter:/home/schni2zle/colcon_ws/install/smarc_nodered:/home/schni2zle/colcon_ws/install/smarc_bt:/home/schni2zle/colcon_ws/install/smarc_bringups:/home/schni2zle/colcon_ws/install/sam_dead_reckoning:/home/schni2zle/colcon_ws/install/ros_tcp_endpoint:/home/schni2zle/colcon_ws/install/ros2_python_examples:/home/schni2zle/colcon_ws/install/mqtt_bridge:/home/schni2zle/colcon_ws/install/dubins_planner:/home/schni2zle/colcon_ws/install/basic_go_to_waypoint:/opt/ros/humble /usr/bin/cmake --install /home/schni2zle/colcon_ws/src/build/smarc_control_msgs
