[4.205s] Invoking command in '/home/schni2zle/colcon_ws/src/navigation/dead_reckoning/sam_dead_reckoning': PYTHONPATH=/home/schni2zle/colcon_ws/src/build/sam_dead_reckoning/prefix_override:/usr/lib/python3/dist-packages/colcon_core/task/python/colcon_distutils_commands:/home/schni2zle/colcon_ws/src/install/sam_dead_reckoning/lib/python3.10/site-packages:${PYTHONPATH} /usr/bin/python3 -W ignore:setup.py install is deprecated setup.py egg_info --egg-base ../../../build/sam_dead_reckoning build --build-base /home/schni2zle/colcon_ws/src/build/sam_dead_reckoning/build install --record /home/schni2zle/colcon_ws/src/build/sam_dead_reckoning/install.log --single-version-externally-managed install_data
[5.805s] running egg_info
[5.807s] writing ../../../build/sam_dead_reckoning/sam_dead_reckoning.egg-info/PKG-INFO
[5.808s] writing dependency_links to ../../../build/sam_dead_reckoning/sam_dead_reckoning.egg-info/dependency_links.txt
[5.808s] writing entry points to ../../../build/sam_dead_reckoning/sam_dead_reckoning.egg-info/entry_points.txt
[5.809s] writing requirements to ../../../build/sam_dead_reckoning/sam_dead_reckoning.egg-info/requires.txt
[5.809s] writing top-level names to ../../../build/sam_dead_reckoning/sam_dead_reckoning.egg-info/top_level.txt
[5.818s] reading manifest file '../../../build/sam_dead_reckoning/sam_dead_reckoning.egg-info/SOURCES.txt'
[5.819s] writing manifest file '../../../build/sam_dead_reckoning/sam_dead_reckoning.egg-info/SOURCES.txt'
[5.819s] running build
[5.819s] running build_py
[5.823s] running install
[5.825s] running install_lib
[5.834s] running install_data
[5.834s] running install_egg_info
[5.838s] removing '/home/schni2zle/colcon_ws/src/install/sam_dead_reckoning/lib/python3.10/site-packages/sam_dead_reckoning-0.0.0-py3.10.egg-info' (and everything under it)
[5.839s] Copying ../../../build/sam_dead_reckoning/sam_dead_reckoning.egg-info to /home/schni2zle/colcon_ws/src/install/sam_dead_reckoning/lib/python3.10/site-packages/sam_dead_reckoning-0.0.0-py3.10.egg-info
[5.843s] running install_scripts
[5.929s] Installing compass_heading_node script to /home/schni2zle/colcon_ws/src/install/sam_dead_reckoning/lib/sam_dead_reckoning
[5.932s] Installing depth_node script to /home/schni2zle/colcon_ws/src/install/sam_dead_reckoning/lib/sam_dead_reckoning
[5.932s] Installing dr_lat_lon_node script to /home/schni2zle/colcon_ws/src/install/sam_dead_reckoning/lib/sam_dead_reckoning
[5.935s] Installing dr_node script to /home/schni2zle/colcon_ws/src/install/sam_dead_reckoning/lib/sam_dead_reckoning
[5.936s] Installing gps_node script to /home/schni2zle/colcon_ws/src/install/sam_dead_reckoning/lib/sam_dead_reckoning
[5.936s] Installing rpy_node script to /home/schni2zle/colcon_ws/src/install/sam_dead_reckoning/lib/sam_dead_reckoning
[5.937s] writing list of installed files to '/home/schni2zle/colcon_ws/src/build/sam_dead_reckoning/install.log'
[6.203s] Invoked command in '/home/schni2zle/colcon_ws/src/navigation/dead_reckoning/sam_dead_reckoning' returned '0': PYTHONPATH=/home/schni2zle/colcon_ws/src/build/sam_dead_reckoning/prefix_override:/usr/lib/python3/dist-packages/colcon_core/task/python/colcon_distutils_commands:/home/schni2zle/colcon_ws/src/install/sam_dead_reckoning/lib/python3.10/site-packages:${PYTHONPATH} /usr/bin/python3 -W ignore:setup.py install is deprecated setup.py egg_info --egg-base ../../../build/sam_dead_reckoning build --build-base /home/schni2zle/colcon_ws/src/build/sam_dead_reckoning/build install --record /home/schni2zle/colcon_ws/src/build/sam_dead_reckoning/install.log --single-version-externally-managed install_data
