[0.137s] DEBUG:colcon:Command line arguments: ['/usr/bin/colcon', 'build']
[0.137s] DEBUG:colcon:Parsed command line arguments: Namespace(log_base=None, log_level=None, verb_name='build', build_base='build', install_base='install', merge_install=False, symlink_install=False, test_result_base=None, continue_on_error=False, executor='parallel', parallel_workers=8, event_handlers=None, ignore_user_meta=False, metas=['./colcon.meta'], base_paths=['.'], packages_ignore=None, packages_ignore_regex=None, paths=None, packages_up_to=None, packages_up_to_regex=None, packages_above=None, packages_above_and_dependencies=None, packages_above_depth=None, packages_select_by_dep=None, packages_skip_by_dep=None, packages_skip_up_to=None, packages_select_build_failed=False, packages_skip_build_finished=False, packages_select_test_failures=False, packages_skip_test_passed=False, packages_select=None, packages_skip=None, packages_select_regex=None, packages_skip_regex=None, packages_start=None, packages_end=None, allow_overriding=[], cmake_args=None, cmake_target=None, cmake_target_skip_unavailable=False, cmake_clean_cache=False, cmake_clean_first=False, cmake_force_configure=False, ament_cmake_args=None, catkin_cmake_args=None, catkin_skip_building_tests=False, verb_parser=<colcon_defaults.argument_parser.defaults.DefaultArgumentsDecorator object at 0x7f6b2f723df0>, verb_extension=<colcon_core.verb.build.BuildVerb object at 0x7f6b2f86ca30>, main=<bound method BuildVerb.main of <colcon_core.verb.build.BuildVerb object at 0x7f6b2f86ca30>>)
[0.293s] Level 1:colcon.colcon_core.package_discovery:discover_packages(colcon_meta) check parameters
[0.294s] Level 1:colcon.colcon_core.package_discovery:discover_packages(recursive) check parameters
[0.294s] Level 1:colcon.colcon_core.package_discovery:discover_packages(ignore) check parameters
[0.294s] Level 1:colcon.colcon_core.package_discovery:discover_packages(path) check parameters
[0.294s] Level 1:colcon.colcon_core.package_discovery:discover_packages(colcon_meta) discover
[0.294s] Level 1:colcon.colcon_core.package_discovery:discover_packages(recursive) discover
[0.294s] INFO:colcon.colcon_core.package_discovery:Crawling recursively for packages in '/home/jonat/ros2_ws/src/smarc2/simulation'
[0.294s] Level 1:colcon.colcon_core.package_identification:_identify(.) by extensions ['ignore', 'ignore_ament_install']
[0.294s] Level 1:colcon.colcon_core.package_identification:_identify(.) by extension 'ignore'
[0.294s] Level 1:colcon.colcon_core.package_identification:_identify(.) ignored
[0.294s] Level 1:colcon.colcon_core.package_discovery:discover_packages(recursive) using defaults
[0.294s] Level 1:colcon.colcon_core.package_discovery:discover_packages(ignore) discover
[0.294s] Level 1:colcon.colcon_core.package_discovery:discover_packages(ignore) using defaults
[0.294s] Level 1:colcon.colcon_core.package_discovery:discover_packages(path) discover
[0.294s] Level 1:colcon.colcon_core.package_discovery:discover_packages(path) using defaults
[0.312s] Level 1:colcon.colcon_core.package_discovery:discover_packages(prefix_path) check parameters
[0.312s] Level 1:colcon.colcon_core.package_discovery:discover_packages(prefix_path) discover
[0.315s] DEBUG:colcon.colcon_installed_package_information.package_discovery:Found 24 installed packages in /home/jonat/ros2_ws/install
[0.316s] DEBUG:colcon.colcon_installed_package_information.package_discovery:Found 301 installed packages in /opt/ros/humble
[0.318s] Level 1:colcon.colcon_core.package_discovery:discover_packages(prefix_path) using defaults
[0.360s] INFO:colcon.colcon_core.executor:Executing jobs using 'parallel' executor
[0.361s] DEBUG:colcon.colcon_parallel_executor.executor.parallel:run_until_complete
[0.361s] DEBUG:colcon.colcon_parallel_executor.executor.parallel:closing loop
[0.361s] DEBUG:colcon.colcon_parallel_executor.executor.parallel:loop closed
[0.362s] DEBUG:colcon.colcon_parallel_executor.executor.parallel:run_until_complete finished with '0'
[0.362s] DEBUG:colcon.colcon_core.event_reactor:joining thread
[0.367s] INFO:colcon.colcon_core.plugin_system:Skipping extension 'colcon_notification.desktop_notification.terminal_notifier': Not used on non-Darwin systems
[0.367s] INFO:colcon.colcon_core.plugin_system:Skipping extension 'colcon_notification.desktop_notification.win32': Not used on non-Windows systems
[0.367s] INFO:colcon.colcon_notification.desktop_notification:Sending desktop notification using 'notify2'
[0.379s] DEBUG:colcon.colcon_core.event_reactor:joined thread
[0.382s] INFO:colcon.colcon_core.plugin_system:Skipping extension 'colcon_core.shell.bat': Not used on non-Windows systems
[0.383s] INFO:colcon.colcon_core.shell:Creating prefix script '/home/jonat/ros2_ws/src/smarc2/simulation/install/local_setup.ps1'
[0.384s] INFO:colcon.colcon_core.shell:Creating prefix util module '/home/jonat/ros2_ws/src/smarc2/simulation/install/_local_setup_util_ps1.py'
[0.386s] INFO:colcon.colcon_core.shell:Creating prefix chain script '/home/jonat/ros2_ws/src/smarc2/simulation/install/setup.ps1'
[0.388s] INFO:colcon.colcon_core.shell:Creating prefix script '/home/jonat/ros2_ws/src/smarc2/simulation/install/local_setup.sh'
[0.394s] INFO:colcon.colcon_core.shell:Creating prefix util module '/home/jonat/ros2_ws/src/smarc2/simulation/install/_local_setup_util_sh.py'
[0.395s] INFO:colcon.colcon_core.shell:Creating prefix chain script '/home/jonat/ros2_ws/src/smarc2/simulation/install/setup.sh'
[0.397s] INFO:colcon.colcon_core.shell:Creating prefix script '/home/jonat/ros2_ws/src/smarc2/simulation/install/local_setup.bash'
[0.398s] INFO:colcon.colcon_core.shell:Creating prefix chain script '/home/jonat/ros2_ws/src/smarc2/simulation/install/setup.bash'
[0.400s] INFO:colcon.colcon_core.shell:Creating prefix script '/home/jonat/ros2_ws/src/smarc2/simulation/install/local_setup.zsh'
[0.400s] INFO:colcon.colcon_core.shell:Creating prefix chain script '/home/jonat/ros2_ws/src/smarc2/simulation/install/setup.zsh'
