[0.041s] Invoking command in '/home/schni2zle/colcon_ws/src/build/tf_convenience_topics': AMENT_PREFIX_PATH=/home/schni2zle/colcon_ws/src/install/smarc_msgs:/home/schni2zle/colcon_ws/src/install/sam_msgs:/home/schni2zle/colcon_ws/src/install/dead_reckoning_msgs:${AMENT_PREFIX_PATH} CMAKE_PREFIX_PATH=/home/schni2zle/colcon_ws/src/install/smarc_msgs:/home/schni2zle/colcon_ws/src/install/sam_msgs:/home/schni2zle/colcon_ws/src/install/dead_reckoning_msgs:/home/schni2zle/colcon_ws/install/tf_convenience_topics:/home/schni2zle/colcon_ws/install/smarc_msgs:/home/schni2zle/colcon_ws/install/smarc_mission_msgs:/home/schni2zle/colcon_ws/install/sam_basic_controllers:/home/schni2zle/colcon_ws/install/sam_msgs:/home/schni2zle/colcon_ws/install/sam_graph_slam_2_msgs:/home/schni2zle/colcon_ws/install/sam_description:/home/schni2zle/colcon_ws/install/dead_reckoning_msgs:/home/schni2zle/colcon_ws/src/install/state_estimation:/home/schni2zle/colcon_ws/src/install/quadrotor_basic_controller:/home/schni2zle/colcon_ws/install/workshopfun:/home/schni2zle/colcon_ws/install/utm_latlon_converter:/home/schni2zle/colcon_ws/install/smarc_nodered:/home/schni2zle/colcon_ws/install/smarc_bt:/home/schni2zle/colcon_ws/install/smarc_bringups:/home/schni2zle/colcon_ws/install/sam_dead_reckoning:/home/schni2zle/colcon_ws/install/ros_tcp_endpoint:/home/schni2zle/colcon_ws/install/ros2_python_examples:/home/schni2zle/colcon_ws/install/mqtt_bridge:/home/schni2zle/colcon_ws/install/dubins_planner:/home/schni2zle/colcon_ws/install/basic_go_to_waypoint:/opt/ros/humble LD_LIBRARY_PATH=/home/schni2zle/colcon_ws/src/install/smarc_msgs/lib:/home/schni2zle/colcon_ws/src/install/sam_msgs/lib:/home/schni2zle/colcon_ws/src/install/dead_reckoning_msgs/lib:${LD_LIBRARY_PATH} PYTHONPATH=/home/schni2zle/colcon_ws/src/install/smarc_msgs/local/lib/python3.10/dist-packages:/home/schni2zle/colcon_ws/src/install/sam_msgs/local/lib/python3.10/dist-packages:/home/schni2zle/colcon_ws/src/install/dead_reckoning_msgs/local/lib/python3.10/dist-packages:${PYTHONPATH} /usr/bin/cmake /home/schni2zle/colcon_ws/src/navigation/dead_reckoning/tf_convenience_topics -DCMAKE_INSTALL_PREFIX=/home/schni2zle/colcon_ws/src/install/tf_convenience_topics
[0.201s] -- The C compiler identification is GNU 11.4.0
[0.345s] -- The CXX compiler identification is GNU 11.4.0
[0.365s] -- Detecting C compiler ABI info
[0.543s] -- Detecting C compiler ABI info - done
[0.571s] -- Check for working C compiler: /usr/bin/cc - skipped
[0.572s] -- Detecting C compile features
[0.573s] -- Detecting C compile features - done
[0.582s] -- Detecting CXX compiler ABI info
[0.793s] -- Detecting CXX compiler ABI info - done
[0.813s] -- Check for working CXX compiler: /usr/bin/c++ - skipped
[0.814s] -- Detecting CXX compile features
[0.815s] -- Detecting CXX compile features - done
[0.831s] -- Found ament_cmake: 1.3.10 (/opt/ros/humble/share/ament_cmake/cmake)
[1.313s] -- Found Python3: /usr/bin/python3 (found version "3.10.12") found components: Interpreter 
[1.782s] -- Found rclcpp: 16.0.10 (/opt/ros/humble/share/rclcpp/cmake)
[2.041s] -- Found rosidl_generator_c: 3.1.5 (/opt/ros/humble/share/rosidl_generator_c/cmake)
[2.075s] -- Found rosidl_adapter: 3.1.5 (/opt/ros/humble/share/rosidl_adapter/cmake)
[2.123s] -- Found rosidl_generator_cpp: 3.1.5 (/opt/ros/humble/share/rosidl_generator_cpp/cmake)
[2.186s] -- Using all available rosidl_typesupport_c: rosidl_typesupport_fastrtps_c;rosidl_typesupport_introspection_c
[2.272s] -- Using all available rosidl_typesupport_cpp: rosidl_typesupport_fastrtps_cpp;rosidl_typesupport_introspection_cpp
[2.556s] -- Found rmw_implementation_cmake: 6.1.2 (/opt/ros/humble/share/rmw_implementation_cmake/cmake)
[2.576s] -- Found rmw_fastrtps_cpp: 6.2.7 (/opt/ros/humble/share/rmw_fastrtps_cpp/cmake)
[2.954s] -- Found OpenSSL: /usr/lib/x86_64-linux-gnu/libcrypto.so (found version "3.0.2")  
[3.060s] -- Found FastRTPS: /opt/ros/humble/include  
[3.232s] -- Using RMW implementation 'rmw_fastrtps_cpp' as default
[3.289s] -- Looking for pthread.h
[3.540s] -- Looking for pthread.h - found
[3.540s] -- Performing Test CMAKE_HAVE_LIBC_PTHREAD
[3.818s] -- Performing Test CMAKE_HAVE_LIBC_PTHREAD - Success
[3.821s] -- Found Threads: TRUE  
[3.996s] -- Found smarc_msgs: 0.1.0 (/home/schni2zle/colcon_ws/src/install/smarc_msgs/share/smarc_msgs/cmake)
[4.311s] -- Found tf2: 0.25.8 (/opt/ros/humble/share/tf2/cmake)
[4.349s] -- Found dead_reckoning_msgs: 0.0.0 (/home/schni2zle/colcon_ws/src/install/dead_reckoning_msgs/share/dead_reckoning_msgs/cmake)
[4.391s] -- Found tf2_geometry_msgs: 0.25.8 (/opt/ros/humble/share/tf2_geometry_msgs/cmake)
[4.495s] -- Found eigen3_cmake_module: 0.1.1 (/opt/ros/humble/share/eigen3_cmake_module/cmake)
[4.500s] -- Found Eigen3: TRUE (found version "3.4.0") 
[4.501s] -- Ensuring Eigen3 include directory is part of orocos-kdl CMake target
[4.783s] -- Found sam_msgs: 0.1.0 (/home/schni2zle/colcon_ws/src/install/sam_msgs/share/sam_msgs/cmake)
[4.842s] -- Found ament_lint_auto: 0.12.11 (/opt/ros/humble/share/ament_lint_auto/cmake)
[5.097s] -- Added test 'cppcheck' to perform static code analysis on C / C++ code
[5.097s] -- Configured cppcheck include dirs: 
[5.097s] -- Configured cppcheck exclude dirs and/or files: 
[5.100s] -- Added test 'lint_cmake' to check CMake code style
[5.104s] -- Added test 'uncrustify' to check C / C++ code style
[5.104s] -- Configured uncrustify additional arguments: 
[5.107s] -- Added test 'xmllint' to check XML markup files
[5.112s] -- Configuring done
[5.155s] -- Generating done
[5.162s] -- Build files have been written to: /home/schni2zle/colcon_ws/src/build/tf_convenience_topics
[5.197s] Invoked command in '/home/schni2zle/colcon_ws/src/build/tf_convenience_topics' returned '0': AMENT_PREFIX_PATH=/home/schni2zle/colcon_ws/src/install/smarc_msgs:/home/schni2zle/colcon_ws/src/install/sam_msgs:/home/schni2zle/colcon_ws/src/install/dead_reckoning_msgs:${AMENT_PREFIX_PATH} CMAKE_PREFIX_PATH=/home/schni2zle/colcon_ws/src/install/smarc_msgs:/home/schni2zle/colcon_ws/src/install/sam_msgs:/home/schni2zle/colcon_ws/src/install/dead_reckoning_msgs:/home/schni2zle/colcon_ws/install/tf_convenience_topics:/home/schni2zle/colcon_ws/install/smarc_msgs:/home/schni2zle/colcon_ws/install/smarc_mission_msgs:/home/schni2zle/colcon_ws/install/sam_basic_controllers:/home/schni2zle/colcon_ws/install/sam_msgs:/home/schni2zle/colcon_ws/install/sam_graph_slam_2_msgs:/home/schni2zle/colcon_ws/install/sam_description:/home/schni2zle/colcon_ws/install/dead_reckoning_msgs:/home/schni2zle/colcon_ws/src/install/state_estimation:/home/schni2zle/colcon_ws/src/install/quadrotor_basic_controller:/home/schni2zle/colcon_ws/install/workshopfun:/home/schni2zle/colcon_ws/install/utm_latlon_converter:/home/schni2zle/colcon_ws/install/smarc_nodered:/home/schni2zle/colcon_ws/install/smarc_bt:/home/schni2zle/colcon_ws/install/smarc_bringups:/home/schni2zle/colcon_ws/install/sam_dead_reckoning:/home/schni2zle/colcon_ws/install/ros_tcp_endpoint:/home/schni2zle/colcon_ws/install/ros2_python_examples:/home/schni2zle/colcon_ws/install/mqtt_bridge:/home/schni2zle/colcon_ws/install/dubins_planner:/home/schni2zle/colcon_ws/install/basic_go_to_waypoint:/opt/ros/humble LD_LIBRARY_PATH=/home/schni2zle/colcon_ws/src/install/smarc_msgs/lib:/home/schni2zle/colcon_ws/src/install/sam_msgs/lib:/home/schni2zle/colcon_ws/src/install/dead_reckoning_msgs/lib:${LD_LIBRARY_PATH} PYTHONPATH=/home/schni2zle/colcon_ws/src/install/smarc_msgs/local/lib/python3.10/dist-packages:/home/schni2zle/colcon_ws/src/install/sam_msgs/local/lib/python3.10/dist-packages:/home/schni2zle/colcon_ws/src/install/dead_reckoning_msgs/local/lib/python3.10/dist-packages:${PYTHONPATH} /usr/bin/cmake /home/schni2zle/colcon_ws/src/navigation/dead_reckoning/tf_convenience_topics -DCMAKE_INSTALL_PREFIX=/home/schni2zle/colcon_ws/src/install/tf_convenience_topics
[5.202s] Invoking command in '/home/schni2zle/colcon_ws/src/build/tf_convenience_topics': AMENT_PREFIX_PATH=/home/schni2zle/colcon_ws/src/install/smarc_msgs:/home/schni2zle/colcon_ws/src/install/sam_msgs:/home/schni2zle/colcon_ws/src/install/dead_reckoning_msgs:${AMENT_PREFIX_PATH} CMAKE_PREFIX_PATH=/home/schni2zle/colcon_ws/src/install/smarc_msgs:/home/schni2zle/colcon_ws/src/install/sam_msgs:/home/schni2zle/colcon_ws/src/install/dead_reckoning_msgs:/home/schni2zle/colcon_ws/install/tf_convenience_topics:/home/schni2zle/colcon_ws/install/smarc_msgs:/home/schni2zle/colcon_ws/install/smarc_mission_msgs:/home/schni2zle/colcon_ws/install/sam_basic_controllers:/home/schni2zle/colcon_ws/install/sam_msgs:/home/schni2zle/colcon_ws/install/sam_graph_slam_2_msgs:/home/schni2zle/colcon_ws/install/sam_description:/home/schni2zle/colcon_ws/install/dead_reckoning_msgs:/home/schni2zle/colcon_ws/src/install/state_estimation:/home/schni2zle/colcon_ws/src/install/quadrotor_basic_controller:/home/schni2zle/colcon_ws/install/workshopfun:/home/schni2zle/colcon_ws/install/utm_latlon_converter:/home/schni2zle/colcon_ws/install/smarc_nodered:/home/schni2zle/colcon_ws/install/smarc_bt:/home/schni2zle/colcon_ws/install/smarc_bringups:/home/schni2zle/colcon_ws/install/sam_dead_reckoning:/home/schni2zle/colcon_ws/install/ros_tcp_endpoint:/home/schni2zle/colcon_ws/install/ros2_python_examples:/home/schni2zle/colcon_ws/install/mqtt_bridge:/home/schni2zle/colcon_ws/install/dubins_planner:/home/schni2zle/colcon_ws/install/basic_go_to_waypoint:/opt/ros/humble LD_LIBRARY_PATH=/home/schni2zle/colcon_ws/src/install/smarc_msgs/lib:/home/schni2zle/colcon_ws/src/install/sam_msgs/lib:/home/schni2zle/colcon_ws/src/install/dead_reckoning_msgs/lib:${LD_LIBRARY_PATH} PYTHONPATH=/home/schni2zle/colcon_ws/src/install/smarc_msgs/local/lib/python3.10/dist-packages:/home/schni2zle/colcon_ws/src/install/sam_msgs/local/lib/python3.10/dist-packages:/home/schni2zle/colcon_ws/src/install/dead_reckoning_msgs/local/lib/python3.10/dist-packages:${PYTHONPATH} /usr/bin/cmake --build /home/schni2zle/colcon_ws/src/build/tf_convenience_topics -- -j8 -l8
[5.354s] [ 50%] [32mBuilding CXX object CMakeFiles/odom_listener.dir/src/odom_listener.cpp.o[0m
[30.431s] [100%] [32m[1mLinking CXX executable odom_listener[0m
[32.160s] [100%] Built target odom_listener
[32.194s] Invoked command in '/home/schni2zle/colcon_ws/src/build/tf_convenience_topics' returned '0': AMENT_PREFIX_PATH=/home/schni2zle/colcon_ws/src/install/smarc_msgs:/home/schni2zle/colcon_ws/src/install/sam_msgs:/home/schni2zle/colcon_ws/src/install/dead_reckoning_msgs:${AMENT_PREFIX_PATH} CMAKE_PREFIX_PATH=/home/schni2zle/colcon_ws/src/install/smarc_msgs:/home/schni2zle/colcon_ws/src/install/sam_msgs:/home/schni2zle/colcon_ws/src/install/dead_reckoning_msgs:/home/schni2zle/colcon_ws/install/tf_convenience_topics:/home/schni2zle/colcon_ws/install/smarc_msgs:/home/schni2zle/colcon_ws/install/smarc_mission_msgs:/home/schni2zle/colcon_ws/install/sam_basic_controllers:/home/schni2zle/colcon_ws/install/sam_msgs:/home/schni2zle/colcon_ws/install/sam_graph_slam_2_msgs:/home/schni2zle/colcon_ws/install/sam_description:/home/schni2zle/colcon_ws/install/dead_reckoning_msgs:/home/schni2zle/colcon_ws/src/install/state_estimation:/home/schni2zle/colcon_ws/src/install/quadrotor_basic_controller:/home/schni2zle/colcon_ws/install/workshopfun:/home/schni2zle/colcon_ws/install/utm_latlon_converter:/home/schni2zle/colcon_ws/install/smarc_nodered:/home/schni2zle/colcon_ws/install/smarc_bt:/home/schni2zle/colcon_ws/install/smarc_bringups:/home/schni2zle/colcon_ws/install/sam_dead_reckoning:/home/schni2zle/colcon_ws/install/ros_tcp_endpoint:/home/schni2zle/colcon_ws/install/ros2_python_examples:/home/schni2zle/colcon_ws/install/mqtt_bridge:/home/schni2zle/colcon_ws/install/dubins_planner:/home/schni2zle/colcon_ws/install/basic_go_to_waypoint:/opt/ros/humble LD_LIBRARY_PATH=/home/schni2zle/colcon_ws/src/install/smarc_msgs/lib:/home/schni2zle/colcon_ws/src/install/sam_msgs/lib:/home/schni2zle/colcon_ws/src/install/dead_reckoning_msgs/lib:${LD_LIBRARY_PATH} PYTHONPATH=/home/schni2zle/colcon_ws/src/install/smarc_msgs/local/lib/python3.10/dist-packages:/home/schni2zle/colcon_ws/src/install/sam_msgs/local/lib/python3.10/dist-packages:/home/schni2zle/colcon_ws/src/install/dead_reckoning_msgs/local/lib/python3.10/dist-packages:${PYTHONPATH} /usr/bin/cmake --build /home/schni2zle/colcon_ws/src/build/tf_convenience_topics -- -j8 -l8
[32.276s] Invoking command in '/home/schni2zle/colcon_ws/src/build/tf_convenience_topics': AMENT_PREFIX_PATH=/home/schni2zle/colcon_ws/src/install/smarc_msgs:/home/schni2zle/colcon_ws/src/install/sam_msgs:/home/schni2zle/colcon_ws/src/install/dead_reckoning_msgs:${AMENT_PREFIX_PATH} CMAKE_PREFIX_PATH=/home/schni2zle/colcon_ws/src/install/smarc_msgs:/home/schni2zle/colcon_ws/src/install/sam_msgs:/home/schni2zle/colcon_ws/src/install/dead_reckoning_msgs:/home/schni2zle/colcon_ws/install/tf_convenience_topics:/home/schni2zle/colcon_ws/install/smarc_msgs:/home/schni2zle/colcon_ws/install/smarc_mission_msgs:/home/schni2zle/colcon_ws/install/sam_basic_controllers:/home/schni2zle/colcon_ws/install/sam_msgs:/home/schni2zle/colcon_ws/install/sam_graph_slam_2_msgs:/home/schni2zle/colcon_ws/install/sam_description:/home/schni2zle/colcon_ws/install/dead_reckoning_msgs:/home/schni2zle/colcon_ws/src/install/state_estimation:/home/schni2zle/colcon_ws/src/install/quadrotor_basic_controller:/home/schni2zle/colcon_ws/install/workshopfun:/home/schni2zle/colcon_ws/install/utm_latlon_converter:/home/schni2zle/colcon_ws/install/smarc_nodered:/home/schni2zle/colcon_ws/install/smarc_bt:/home/schni2zle/colcon_ws/install/smarc_bringups:/home/schni2zle/colcon_ws/install/sam_dead_reckoning:/home/schni2zle/colcon_ws/install/ros_tcp_endpoint:/home/schni2zle/colcon_ws/install/ros2_python_examples:/home/schni2zle/colcon_ws/install/mqtt_bridge:/home/schni2zle/colcon_ws/install/dubins_planner:/home/schni2zle/colcon_ws/install/basic_go_to_waypoint:/opt/ros/humble LD_LIBRARY_PATH=/home/schni2zle/colcon_ws/src/install/smarc_msgs/lib:/home/schni2zle/colcon_ws/src/install/sam_msgs/lib:/home/schni2zle/colcon_ws/src/install/dead_reckoning_msgs/lib:${LD_LIBRARY_PATH} PYTHONPATH=/home/schni2zle/colcon_ws/src/install/smarc_msgs/local/lib/python3.10/dist-packages:/home/schni2zle/colcon_ws/src/install/sam_msgs/local/lib/python3.10/dist-packages:/home/schni2zle/colcon_ws/src/install/dead_reckoning_msgs/local/lib/python3.10/dist-packages:${PYTHONPATH} /usr/bin/cmake --install /home/schni2zle/colcon_ws/src/build/tf_convenience_topics
[32.296s] -- Install configuration: ""
[32.297s] -- Installing: /home/schni2zle/colcon_ws/src/install/tf_convenience_topics/lib/tf_convenience_topics/odom_listener
[32.311s] -- Set runtime path of "/home/schni2zle/colcon_ws/src/install/tf_convenience_topics/lib/tf_convenience_topics/odom_listener" to ""
[32.311s] -- Installing: /home/schni2zle/colcon_ws/src/install/tf_convenience_topics/share/ament_index/resource_index/package_run_dependencies/tf_convenience_topics
[32.312s] -- Installing: /home/schni2zle/colcon_ws/src/install/tf_convenience_topics/share/ament_index/resource_index/parent_prefix_path/tf_convenience_topics
[32.312s] -- Installing: /home/schni2zle/colcon_ws/src/install/tf_convenience_topics/share/tf_convenience_topics/environment/ament_prefix_path.sh
[32.313s] -- Installing: /home/schni2zle/colcon_ws/src/install/tf_convenience_topics/share/tf_convenience_topics/environment/ament_prefix_path.dsv
[32.313s] -- Installing: /home/schni2zle/colcon_ws/src/install/tf_convenience_topics/share/tf_convenience_topics/environment/path.sh
[32.313s] -- Installing: /home/schni2zle/colcon_ws/src/install/tf_convenience_topics/share/tf_convenience_topics/environment/path.dsv
[32.314s] -- Installing: /home/schni2zle/colcon_ws/src/install/tf_convenience_topics/share/tf_convenience_topics/local_setup.bash
[32.315s] -- Installing: /home/schni2zle/colcon_ws/src/install/tf_convenience_topics/share/tf_convenience_topics/local_setup.sh
[32.315s] -- Installing: /home/schni2zle/colcon_ws/src/install/tf_convenience_topics/share/tf_convenience_topics/local_setup.zsh
[32.315s] -- Installing: /home/schni2zle/colcon_ws/src/install/tf_convenience_topics/share/tf_convenience_topics/local_setup.dsv
[32.315s] -- Installing: /home/schni2zle/colcon_ws/src/install/tf_convenience_topics/share/tf_convenience_topics/package.dsv
[32.316s] -- Installing: /home/schni2zle/colcon_ws/src/install/tf_convenience_topics/share/ament_index/resource_index/packages/tf_convenience_topics
[32.316s] -- Installing: /home/schni2zle/colcon_ws/src/install/tf_convenience_topics/share/tf_convenience_topics/cmake/tf_convenience_topicsConfig.cmake
[32.317s] -- Installing: /home/schni2zle/colcon_ws/src/install/tf_convenience_topics/share/tf_convenience_topics/cmake/tf_convenience_topicsConfig-version.cmake
[32.317s] -- Installing: /home/schni2zle/colcon_ws/src/install/tf_convenience_topics/share/tf_convenience_topics/package.xml
[32.323s] Invoked command in '/home/schni2zle/colcon_ws/src/build/tf_convenience_topics' returned '0': AMENT_PREFIX_PATH=/home/schni2zle/colcon_ws/src/install/smarc_msgs:/home/schni2zle/colcon_ws/src/install/sam_msgs:/home/schni2zle/colcon_ws/src/install/dead_reckoning_msgs:${AMENT_PREFIX_PATH} CMAKE_PREFIX_PATH=/home/schni2zle/colcon_ws/src/install/smarc_msgs:/home/schni2zle/colcon_ws/src/install/sam_msgs:/home/schni2zle/colcon_ws/src/install/dead_reckoning_msgs:/home/schni2zle/colcon_ws/install/tf_convenience_topics:/home/schni2zle/colcon_ws/install/smarc_msgs:/home/schni2zle/colcon_ws/install/smarc_mission_msgs:/home/schni2zle/colcon_ws/install/sam_basic_controllers:/home/schni2zle/colcon_ws/install/sam_msgs:/home/schni2zle/colcon_ws/install/sam_graph_slam_2_msgs:/home/schni2zle/colcon_ws/install/sam_description:/home/schni2zle/colcon_ws/install/dead_reckoning_msgs:/home/schni2zle/colcon_ws/src/install/state_estimation:/home/schni2zle/colcon_ws/src/install/quadrotor_basic_controller:/home/schni2zle/colcon_ws/install/workshopfun:/home/schni2zle/colcon_ws/install/utm_latlon_converter:/home/schni2zle/colcon_ws/install/smarc_nodered:/home/schni2zle/colcon_ws/install/smarc_bt:/home/schni2zle/colcon_ws/install/smarc_bringups:/home/schni2zle/colcon_ws/install/sam_dead_reckoning:/home/schni2zle/colcon_ws/install/ros_tcp_endpoint:/home/schni2zle/colcon_ws/install/ros2_python_examples:/home/schni2zle/colcon_ws/install/mqtt_bridge:/home/schni2zle/colcon_ws/install/dubins_planner:/home/schni2zle/colcon_ws/install/basic_go_to_waypoint:/opt/ros/humble LD_LIBRARY_PATH=/home/schni2zle/colcon_ws/src/install/smarc_msgs/lib:/home/schni2zle/colcon_ws/src/install/sam_msgs/lib:/home/schni2zle/colcon_ws/src/install/dead_reckoning_msgs/lib:${LD_LIBRARY_PATH} PYTHONPATH=/home/schni2zle/colcon_ws/src/install/smarc_msgs/local/lib/python3.10/dist-packages:/home/schni2zle/colcon_ws/src/install/sam_msgs/local/lib/python3.10/dist-packages:/home/schni2zle/colcon_ws/src/install/dead_reckoning_msgs/local/lib/python3.10/dist-packages:${PYTHONPATH} /usr/bin/cmake --install /home/schni2zle/colcon_ws/src/build/tf_convenience_topics
