[0.181s] DEBUG:colcon:Command line arguments: ['/usr/bin/colcon', 'build', '--packages-select', 'quadrotor_basic_controller']
[0.181s] DEBUG:colcon:Parsed command line arguments: Namespace(log_base=None, log_level=None, verb_name='build', build_base='build', install_base='install', merge_install=False, symlink_install=False, test_result_base=None, continue_on_error=False, executor='parallel', parallel_workers=8, event_handlers=None, ignore_user_meta=False, metas=['./colcon.meta'], base_paths=['.'], packages_ignore=None, packages_ignore_regex=None, paths=None, packages_up_to=None, packages_up_to_regex=None, packages_above=None, packages_above_and_dependencies=None, packages_above_depth=None, packages_select_by_dep=None, packages_skip_by_dep=None, packages_skip_up_to=None, packages_select_build_failed=False, packages_skip_build_finished=False, packages_select_test_failures=False, packages_skip_test_passed=False, packages_select=['quadrotor_basic_controller'], packages_skip=None, packages_select_regex=None, packages_skip_regex=None, packages_start=None, packages_end=None, allow_overriding=[], cmake_args=None, cmake_target=None, cmake_target_skip_unavailable=False, cmake_clean_cache=False, cmake_clean_first=False, cmake_force_configure=False, ament_cmake_args=None, catkin_cmake_args=None, catkin_skip_building_tests=False, verb_parser=<colcon_defaults.argument_parser.defaults.DefaultArgumentsDecorator object at 0x780a0df50040>, verb_extension=<colcon_core.verb.build.BuildVerb object at 0x780a0df13940>, main=<bound method BuildVerb.main of <colcon_core.verb.build.BuildVerb object at 0x780a0df13940>>)
[0.461s] Level 1:colcon.colcon_core.package_discovery:discover_packages(colcon_meta) check parameters
[0.461s] Level 1:colcon.colcon_core.package_discovery:discover_packages(recursive) check parameters
[0.461s] Level 1:colcon.colcon_core.package_discovery:discover_packages(ignore) check parameters
[0.462s] Level 1:colcon.colcon_core.package_discovery:discover_packages(path) check parameters
[0.462s] Level 1:colcon.colcon_core.package_discovery:discover_packages(colcon_meta) discover
[0.462s] Level 1:colcon.colcon_core.package_discovery:discover_packages(recursive) discover
[0.462s] INFO:colcon.colcon_core.package_discovery:Crawling recursively for packages in '/home/jonat/ros2_ws/src/smarc2'
[0.462s] Level 1:colcon.colcon_core.package_identification:_identify(.) by extensions ['ignore', 'ignore_ament_install']
[0.462s] Level 1:colcon.colcon_core.package_identification:_identify(.) by extension 'ignore'
[0.462s] Level 1:colcon.colcon_core.package_identification:_identify(.) by extension 'ignore_ament_install'
[0.462s] Level 1:colcon.colcon_core.package_identification:_identify(.) by extensions ['colcon_pkg']
[0.462s] Level 1:colcon.colcon_core.package_identification:_identify(.) by extension 'colcon_pkg'
[0.462s] Level 1:colcon.colcon_core.package_identification:_identify(.) by extensions ['colcon_meta']
[0.462s] Level 1:colcon.colcon_core.package_identification:_identify(.) by extension 'colcon_meta'
[0.462s] Level 1:colcon.colcon_core.package_identification:_identify(.) by extensions ['ros']
[0.462s] Level 1:colcon.colcon_core.package_identification:_identify(.) by extension 'ros'
[0.482s] Level 1:colcon.colcon_core.package_identification:_identify(.) by extensions ['cmake', 'python']
[0.482s] Level 1:colcon.colcon_core.package_identification:_identify(.) by extension 'cmake'
[0.482s] Level 1:colcon.colcon_core.package_identification:_identify(.) by extension 'python'
[0.482s] Level 1:colcon.colcon_core.package_identification:_identify(.) by extensions ['python_setup_py']
[0.482s] Level 1:colcon.colcon_core.package_identification:_identify(.) by extension 'python_setup_py'
[0.483s] Level 1:colcon.colcon_core.package_identification:_identify(behaviours) by extensions ['ignore', 'ignore_ament_install']
[0.483s] Level 1:colcon.colcon_core.package_identification:_identify(behaviours) by extension 'ignore'
[0.483s] Level 1:colcon.colcon_core.package_identification:_identify(behaviours) by extension 'ignore_ament_install'
[0.483s] Level 1:colcon.colcon_core.package_identification:_identify(behaviours) by extensions ['colcon_pkg']
[0.483s] Level 1:colcon.colcon_core.package_identification:_identify(behaviours) by extension 'colcon_pkg'
[0.483s] Level 1:colcon.colcon_core.package_identification:_identify(behaviours) by extensions ['colcon_meta']
[0.483s] Level 1:colcon.colcon_core.package_identification:_identify(behaviours) by extension 'colcon_meta'
[0.483s] Level 1:colcon.colcon_core.package_identification:_identify(behaviours) by extensions ['ros']
[0.484s] Level 1:colcon.colcon_core.package_identification:_identify(behaviours) by extension 'ros'
[0.484s] Level 1:colcon.colcon_core.package_identification:_identify(behaviours) by extensions ['cmake', 'python']
[0.484s] Level 1:colcon.colcon_core.package_identification:_identify(behaviours) by extension 'cmake'
[0.484s] Level 1:colcon.colcon_core.package_identification:_identify(behaviours) by extension 'python'
[0.484s] Level 1:colcon.colcon_core.package_identification:_identify(behaviours) by extensions ['python_setup_py']
[0.484s] Level 1:colcon.colcon_core.package_identification:_identify(behaviours) by extension 'python_setup_py'
[0.484s] Level 1:colcon.colcon_core.package_identification:_identify(behaviours/basic_go_to_waypoint) by extensions ['ignore', 'ignore_ament_install']
[0.485s] Level 1:colcon.colcon_core.package_identification:_identify(behaviours/basic_go_to_waypoint) by extension 'ignore'
[0.485s] Level 1:colcon.colcon_core.package_identification:_identify(behaviours/basic_go_to_waypoint) by extension 'ignore_ament_install'
[0.485s] Level 1:colcon.colcon_core.package_identification:_identify(behaviours/basic_go_to_waypoint) by extensions ['colcon_pkg']
[0.485s] Level 1:colcon.colcon_core.package_identification:_identify(behaviours/basic_go_to_waypoint) by extension 'colcon_pkg'
[0.485s] Level 1:colcon.colcon_core.package_identification:_identify(behaviours/basic_go_to_waypoint) by extensions ['colcon_meta']
[0.485s] Level 1:colcon.colcon_core.package_identification:_identify(behaviours/basic_go_to_waypoint) by extension 'colcon_meta'
[0.485s] Level 1:colcon.colcon_core.package_identification:_identify(behaviours/basic_go_to_waypoint) by extensions ['ros']
[0.485s] Level 1:colcon.colcon_core.package_identification:_identify(behaviours/basic_go_to_waypoint) by extension 'ros'
[0.489s] DEBUG:colcon.colcon_core.package_identification:Package 'behaviours/basic_go_to_waypoint' with type 'ros.ament_python' and name 'basic_go_to_waypoint'
[0.490s] Level 1:colcon.colcon_core.package_identification:_identify(behaviours/smarc_bt) by extensions ['ignore', 'ignore_ament_install']
[0.490s] Level 1:colcon.colcon_core.package_identification:_identify(behaviours/smarc_bt) by extension 'ignore'
[0.490s] Level 1:colcon.colcon_core.package_identification:_identify(behaviours/smarc_bt) by extension 'ignore_ament_install'
[0.490s] Level 1:colcon.colcon_core.package_identification:_identify(behaviours/smarc_bt) by extensions ['colcon_pkg']
[0.491s] Level 1:colcon.colcon_core.package_identification:_identify(behaviours/smarc_bt) by extension 'colcon_pkg'
[0.491s] Level 1:colcon.colcon_core.package_identification:_identify(behaviours/smarc_bt) by extensions ['colcon_meta']
[0.491s] Level 1:colcon.colcon_core.package_identification:_identify(behaviours/smarc_bt) by extension 'colcon_meta'
[0.491s] Level 1:colcon.colcon_core.package_identification:_identify(behaviours/smarc_bt) by extensions ['ros']
[0.491s] Level 1:colcon.colcon_core.package_identification:_identify(behaviours/smarc_bt) by extension 'ros'
[0.492s] DEBUG:colcon.colcon_core.package_identification:Package 'behaviours/smarc_bt' with type 'ros.ament_python' and name 'smarc_bt'
[0.492s] Level 1:colcon.colcon_core.package_identification:_identify(build) by extensions ['ignore', 'ignore_ament_install']
[0.492s] Level 1:colcon.colcon_core.package_identification:_identify(build) by extension 'ignore'
[0.492s] Level 1:colcon.colcon_core.package_identification:_identify(build) ignored
[0.493s] Level 1:colcon.colcon_core.package_identification:_identify(docker) by extensions ['ignore', 'ignore_ament_install']
[0.494s] Level 1:colcon.colcon_core.package_identification:_identify(docker) by extension 'ignore'
[0.494s] Level 1:colcon.colcon_core.package_identification:_identify(docker) by extension 'ignore_ament_install'
[0.494s] Level 1:colcon.colcon_core.package_identification:_identify(docker) by extensions ['colcon_pkg']
[0.494s] Level 1:colcon.colcon_core.package_identification:_identify(docker) by extension 'colcon_pkg'
[0.494s] Level 1:colcon.colcon_core.package_identification:_identify(docker) by extensions ['colcon_meta']
[0.495s] Level 1:colcon.colcon_core.package_identification:_identify(docker) by extension 'colcon_meta'
[0.495s] Level 1:colcon.colcon_core.package_identification:_identify(docker) by extensions ['ros']
[0.495s] Level 1:colcon.colcon_core.package_identification:_identify(docker) by extension 'ros'
[0.496s] Level 1:colcon.colcon_core.package_identification:_identify(docker) by extensions ['cmake', 'python']
[0.496s] Level 1:colcon.colcon_core.package_identification:_identify(docker) by extension 'cmake'
[0.496s] Level 1:colcon.colcon_core.package_identification:_identify(docker) by extension 'python'
[0.496s] Level 1:colcon.colcon_core.package_identification:_identify(docker) by extensions ['python_setup_py']
[0.496s] Level 1:colcon.colcon_core.package_identification:_identify(docker) by extension 'python_setup_py'
[0.496s] Level 1:colcon.colcon_core.package_identification:_identify(documentation) by extensions ['ignore', 'ignore_ament_install']
[0.497s] Level 1:colcon.colcon_core.package_identification:_identify(documentation) by extension 'ignore'
[0.497s] Level 1:colcon.colcon_core.package_identification:_identify(documentation) by extension 'ignore_ament_install'
[0.497s] Level 1:colcon.colcon_core.package_identification:_identify(documentation) by extensions ['colcon_pkg']
[0.497s] Level 1:colcon.colcon_core.package_identification:_identify(documentation) by extension 'colcon_pkg'
[0.497s] Level 1:colcon.colcon_core.package_identification:_identify(documentation) by extensions ['colcon_meta']
[0.497s] Level 1:colcon.colcon_core.package_identification:_identify(documentation) by extension 'colcon_meta'
[0.497s] Level 1:colcon.colcon_core.package_identification:_identify(documentation) by extensions ['ros']
[0.497s] Level 1:colcon.colcon_core.package_identification:_identify(documentation) by extension 'ros'
[0.497s] Level 1:colcon.colcon_core.package_identification:_identify(documentation) by extensions ['cmake', 'python']
[0.497s] Level 1:colcon.colcon_core.package_identification:_identify(documentation) by extension 'cmake'
[0.497s] Level 1:colcon.colcon_core.package_identification:_identify(documentation) by extension 'python'
[0.497s] Level 1:colcon.colcon_core.package_identification:_identify(documentation) by extensions ['python_setup_py']
[0.497s] Level 1:colcon.colcon_core.package_identification:_identify(documentation) by extension 'python_setup_py'
[0.498s] Level 1:colcon.colcon_core.package_identification:_identify(documentation/media) by extensions ['ignore', 'ignore_ament_install']
[0.498s] Level 1:colcon.colcon_core.package_identification:_identify(documentation/media) by extension 'ignore'
[0.498s] Level 1:colcon.colcon_core.package_identification:_identify(documentation/media) by extension 'ignore_ament_install'
[0.498s] Level 1:colcon.colcon_core.package_identification:_identify(documentation/media) by extensions ['colcon_pkg']
[0.498s] Level 1:colcon.colcon_core.package_identification:_identify(documentation/media) by extension 'colcon_pkg'
[0.499s] Level 1:colcon.colcon_core.package_identification:_identify(documentation/media) by extensions ['colcon_meta']
[0.499s] Level 1:colcon.colcon_core.package_identification:_identify(documentation/media) by extension 'colcon_meta'
[0.499s] Level 1:colcon.colcon_core.package_identification:_identify(documentation/media) by extensions ['ros']
[0.499s] Level 1:colcon.colcon_core.package_identification:_identify(documentation/media) by extension 'ros'
[0.499s] Level 1:colcon.colcon_core.package_identification:_identify(documentation/media) by extensions ['cmake', 'python']
[0.499s] Level 1:colcon.colcon_core.package_identification:_identify(documentation/media) by extension 'cmake'
[0.499s] Level 1:colcon.colcon_core.package_identification:_identify(documentation/media) by extension 'python'
[0.499s] Level 1:colcon.colcon_core.package_identification:_identify(documentation/media) by extensions ['python_setup_py']
[0.499s] Level 1:colcon.colcon_core.package_identification:_identify(documentation/media) by extension 'python_setup_py'
[0.499s] Level 1:colcon.colcon_core.package_identification:_identify(drivers) by extensions ['ignore', 'ignore_ament_install']
[0.499s] Level 1:colcon.colcon_core.package_identification:_identify(drivers) by extension 'ignore'
[0.499s] Level 1:colcon.colcon_core.package_identification:_identify(drivers) by extension 'ignore_ament_install'
[0.499s] Level 1:colcon.colcon_core.package_identification:_identify(drivers) by extensions ['colcon_pkg']
[0.499s] Level 1:colcon.colcon_core.package_identification:_identify(drivers) by extension 'colcon_pkg'
[0.500s] Level 1:colcon.colcon_core.package_identification:_identify(drivers) by extensions ['colcon_meta']
[0.500s] Level 1:colcon.colcon_core.package_identification:_identify(drivers) by extension 'colcon_meta'
[0.500s] Level 1:colcon.colcon_core.package_identification:_identify(drivers) by extensions ['ros']
[0.500s] Level 1:colcon.colcon_core.package_identification:_identify(drivers) by extension 'ros'
[0.500s] Level 1:colcon.colcon_core.package_identification:_identify(drivers) by extensions ['cmake', 'python']
[0.500s] Level 1:colcon.colcon_core.package_identification:_identify(drivers) by extension 'cmake'
[0.501s] Level 1:colcon.colcon_core.package_identification:_identify(drivers) by extension 'python'
[0.501s] Level 1:colcon.colcon_core.package_identification:_identify(drivers) by extensions ['python_setup_py']
[0.501s] Level 1:colcon.colcon_core.package_identification:_identify(drivers) by extension 'python_setup_py'
[0.502s] Level 1:colcon.colcon_core.package_identification:_identify(examples) by extensions ['ignore', 'ignore_ament_install']
[0.502s] Level 1:colcon.colcon_core.package_identification:_identify(examples) by extension 'ignore'
[0.502s] Level 1:colcon.colcon_core.package_identification:_identify(examples) by extension 'ignore_ament_install'
[0.502s] Level 1:colcon.colcon_core.package_identification:_identify(examples) by extensions ['colcon_pkg']
[0.502s] Level 1:colcon.colcon_core.package_identification:_identify(examples) by extension 'colcon_pkg'
[0.502s] Level 1:colcon.colcon_core.package_identification:_identify(examples) by extensions ['colcon_meta']
[0.502s] Level 1:colcon.colcon_core.package_identification:_identify(examples) by extension 'colcon_meta'
[0.502s] Level 1:colcon.colcon_core.package_identification:_identify(examples) by extensions ['ros']
[0.503s] Level 1:colcon.colcon_core.package_identification:_identify(examples) by extension 'ros'
[0.503s] Level 1:colcon.colcon_core.package_identification:_identify(examples) by extensions ['cmake', 'python']
[0.503s] Level 1:colcon.colcon_core.package_identification:_identify(examples) by extension 'cmake'
[0.503s] Level 1:colcon.colcon_core.package_identification:_identify(examples) by extension 'python'
[0.503s] Level 1:colcon.colcon_core.package_identification:_identify(examples) by extensions ['python_setup_py']
[0.503s] Level 1:colcon.colcon_core.package_identification:_identify(examples) by extension 'python_setup_py'
[0.503s] Level 1:colcon.colcon_core.package_identification:_identify(examples/ros2_python_examples) by extensions ['ignore', 'ignore_ament_install']
[0.503s] Level 1:colcon.colcon_core.package_identification:_identify(examples/ros2_python_examples) by extension 'ignore'
[0.503s] Level 1:colcon.colcon_core.package_identification:_identify(examples/ros2_python_examples) by extension 'ignore_ament_install'
[0.503s] Level 1:colcon.colcon_core.package_identification:_identify(examples/ros2_python_examples) by extensions ['colcon_pkg']
[0.503s] Level 1:colcon.colcon_core.package_identification:_identify(examples/ros2_python_examples) by extension 'colcon_pkg'
[0.503s] Level 1:colcon.colcon_core.package_identification:_identify(examples/ros2_python_examples) by extensions ['colcon_meta']
[0.503s] Level 1:colcon.colcon_core.package_identification:_identify(examples/ros2_python_examples) by extension 'colcon_meta'
[0.503s] Level 1:colcon.colcon_core.package_identification:_identify(examples/ros2_python_examples) by extensions ['ros']
[0.503s] Level 1:colcon.colcon_core.package_identification:_identify(examples/ros2_python_examples) by extension 'ros'
[0.504s] DEBUG:colcon.colcon_core.package_identification:Package 'examples/ros2_python_examples' with type 'ros.ament_python' and name 'ros2_python_examples'
[0.504s] Level 1:colcon.colcon_core.package_identification:_identify(examples/sam_basic_controllers) by extensions ['ignore', 'ignore_ament_install']
[0.504s] Level 1:colcon.colcon_core.package_identification:_identify(examples/sam_basic_controllers) by extension 'ignore'
[0.505s] Level 1:colcon.colcon_core.package_identification:_identify(examples/sam_basic_controllers) by extension 'ignore_ament_install'
[0.505s] Level 1:colcon.colcon_core.package_identification:_identify(examples/sam_basic_controllers) by extensions ['colcon_pkg']
[0.505s] Level 1:colcon.colcon_core.package_identification:_identify(examples/sam_basic_controllers) by extension 'colcon_pkg'
[0.505s] Level 1:colcon.colcon_core.package_identification:_identify(examples/sam_basic_controllers) by extensions ['colcon_meta']
[0.505s] Level 1:colcon.colcon_core.package_identification:_identify(examples/sam_basic_controllers) by extension 'colcon_meta'
[0.505s] Level 1:colcon.colcon_core.package_identification:_identify(examples/sam_basic_controllers) by extensions ['ros']
[0.505s] Level 1:colcon.colcon_core.package_identification:_identify(examples/sam_basic_controllers) by extension 'ros'
[0.506s] DEBUG:colcon.colcon_core.package_identification:Package 'examples/sam_basic_controllers' with type 'ros.ament_cmake' and name 'sam_basic_controllers'
[0.506s] Level 1:colcon.colcon_core.package_identification:_identify(examples/test_package) by extensions ['ignore', 'ignore_ament_install']
[0.506s] Level 1:colcon.colcon_core.package_identification:_identify(examples/test_package) by extension 'ignore'
[0.506s] Level 1:colcon.colcon_core.package_identification:_identify(examples/test_package) by extension 'ignore_ament_install'
[0.506s] Level 1:colcon.colcon_core.package_identification:_identify(examples/test_package) by extensions ['colcon_pkg']
[0.506s] Level 1:colcon.colcon_core.package_identification:_identify(examples/test_package) by extension 'colcon_pkg'
[0.506s] Level 1:colcon.colcon_core.package_identification:_identify(examples/test_package) by extensions ['colcon_meta']
[0.507s] Level 1:colcon.colcon_core.package_identification:_identify(examples/test_package) by extension 'colcon_meta'
[0.507s] Level 1:colcon.colcon_core.package_identification:_identify(examples/test_package) by extensions ['ros']
[0.507s] Level 1:colcon.colcon_core.package_identification:_identify(examples/test_package) by extension 'ros'
[0.508s] DEBUG:colcon.colcon_core.package_identification:Package 'examples/test_package' with type 'ros.ament_python' and name 'test_package'
[0.508s] Level 1:colcon.colcon_core.package_identification:_identify(examples/workshopfun) by extensions ['ignore', 'ignore_ament_install']
[0.509s] Level 1:colcon.colcon_core.package_identification:_identify(examples/workshopfun) by extension 'ignore'
[0.509s] Level 1:colcon.colcon_core.package_identification:_identify(examples/workshopfun) by extension 'ignore_ament_install'
[0.509s] Level 1:colcon.colcon_core.package_identification:_identify(examples/workshopfun) by extensions ['colcon_pkg']
[0.509s] Level 1:colcon.colcon_core.package_identification:_identify(examples/workshopfun) by extension 'colcon_pkg'
[0.509s] Level 1:colcon.colcon_core.package_identification:_identify(examples/workshopfun) by extensions ['colcon_meta']
[0.509s] Level 1:colcon.colcon_core.package_identification:_identify(examples/workshopfun) by extension 'colcon_meta'
[0.509s] Level 1:colcon.colcon_core.package_identification:_identify(examples/workshopfun) by extensions ['ros']
[0.509s] Level 1:colcon.colcon_core.package_identification:_identify(examples/workshopfun) by extension 'ros'
[0.510s] DEBUG:colcon.colcon_core.package_identification:Package 'examples/workshopfun' with type 'ros.ament_python' and name 'workshopfun'
[0.510s] Level 1:colcon.colcon_core.package_identification:_identify(external_equipment) by extensions ['ignore', 'ignore_ament_install']
[0.510s] Level 1:colcon.colcon_core.package_identification:_identify(external_equipment) by extension 'ignore'
[0.511s] Level 1:colcon.colcon_core.package_identification:_identify(external_equipment) by extension 'ignore_ament_install'
[0.511s] Level 1:colcon.colcon_core.package_identification:_identify(external_equipment) by extensions ['colcon_pkg']
[0.511s] Level 1:colcon.colcon_core.package_identification:_identify(external_equipment) by extension 'colcon_pkg'
[0.511s] Level 1:colcon.colcon_core.package_identification:_identify(external_equipment) by extensions ['colcon_meta']
[0.511s] Level 1:colcon.colcon_core.package_identification:_identify(external_equipment) by extension 'colcon_meta'
[0.511s] Level 1:colcon.colcon_core.package_identification:_identify(external_equipment) by extensions ['ros']
[0.511s] Level 1:colcon.colcon_core.package_identification:_identify(external_equipment) by extension 'ros'
[0.512s] Level 1:colcon.colcon_core.package_identification:_identify(external_equipment) by extensions ['cmake', 'python']
[0.512s] Level 1:colcon.colcon_core.package_identification:_identify(external_equipment) by extension 'cmake'
[0.513s] Level 1:colcon.colcon_core.package_identification:_identify(external_equipment) by extension 'python'
[0.513s] Level 1:colcon.colcon_core.package_identification:_identify(external_equipment) by extensions ['python_setup_py']
[0.513s] Level 1:colcon.colcon_core.package_identification:_identify(external_equipment) by extension 'python_setup_py'
[0.513s] Level 1:colcon.colcon_core.package_identification:_identify(external_packages) by extensions ['ignore', 'ignore_ament_install']
[0.514s] Level 1:colcon.colcon_core.package_identification:_identify(external_packages) by extension 'ignore'
[0.514s] Level 1:colcon.colcon_core.package_identification:_identify(external_packages) by extension 'ignore_ament_install'
[0.514s] Level 1:colcon.colcon_core.package_identification:_identify(external_packages) by extensions ['colcon_pkg']
[0.514s] Level 1:colcon.colcon_core.package_identification:_identify(external_packages) by extension 'colcon_pkg'
[0.514s] Level 1:colcon.colcon_core.package_identification:_identify(external_packages) by extensions ['colcon_meta']
[0.514s] Level 1:colcon.colcon_core.package_identification:_identify(external_packages) by extension 'colcon_meta'
[0.514s] Level 1:colcon.colcon_core.package_identification:_identify(external_packages) by extensions ['ros']
[0.514s] Level 1:colcon.colcon_core.package_identification:_identify(external_packages) by extension 'ros'
[0.515s] Level 1:colcon.colcon_core.package_identification:_identify(external_packages) by extensions ['cmake', 'python']
[0.515s] Level 1:colcon.colcon_core.package_identification:_identify(external_packages) by extension 'cmake'
[0.515s] Level 1:colcon.colcon_core.package_identification:_identify(external_packages) by extension 'python'
[0.515s] Level 1:colcon.colcon_core.package_identification:_identify(external_packages) by extensions ['python_setup_py']
[0.515s] Level 1:colcon.colcon_core.package_identification:_identify(external_packages) by extension 'python_setup_py'
[0.515s] Level 1:colcon.colcon_core.package_identification:_identify(external_packages/ROS-TCP-Endpoint) by extensions ['ignore', 'ignore_ament_install']
[0.516s] Level 1:colcon.colcon_core.package_identification:_identify(external_packages/ROS-TCP-Endpoint) by extension 'ignore'
[0.516s] Level 1:colcon.colcon_core.package_identification:_identify(external_packages/ROS-TCP-Endpoint) by extension 'ignore_ament_install'
[0.516s] Level 1:colcon.colcon_core.package_identification:_identify(external_packages/ROS-TCP-Endpoint) by extensions ['colcon_pkg']
[0.516s] Level 1:colcon.colcon_core.package_identification:_identify(external_packages/ROS-TCP-Endpoint) by extension 'colcon_pkg'
[0.516s] Level 1:colcon.colcon_core.package_identification:_identify(external_packages/ROS-TCP-Endpoint) by extensions ['colcon_meta']
[0.516s] Level 1:colcon.colcon_core.package_identification:_identify(external_packages/ROS-TCP-Endpoint) by extension 'colcon_meta'
[0.516s] Level 1:colcon.colcon_core.package_identification:_identify(external_packages/ROS-TCP-Endpoint) by extensions ['ros']
[0.516s] Level 1:colcon.colcon_core.package_identification:_identify(external_packages/ROS-TCP-Endpoint) by extension 'ros'
[0.518s] DEBUG:colcon.colcon_core.package_identification:Package 'external_packages/ROS-TCP-Endpoint' with type 'ros.ament_python' and name 'ros_tcp_endpoint'
[0.518s] Level 1:colcon.colcon_core.package_identification:_identify(external_packages/mqtt_bridge) by extensions ['ignore', 'ignore_ament_install']
[0.519s] Level 1:colcon.colcon_core.package_identification:_identify(external_packages/mqtt_bridge) by extension 'ignore'
[0.519s] Level 1:colcon.colcon_core.package_identification:_identify(external_packages/mqtt_bridge) by extension 'ignore_ament_install'
[0.520s] Level 1:colcon.colcon_core.package_identification:_identify(external_packages/mqtt_bridge) by extensions ['colcon_pkg']
[0.520s] Level 1:colcon.colcon_core.package_identification:_identify(external_packages/mqtt_bridge) by extension 'colcon_pkg'
[0.521s] Level 1:colcon.colcon_core.package_identification:_identify(external_packages/mqtt_bridge) by extensions ['colcon_meta']
[0.521s] Level 1:colcon.colcon_core.package_identification:_identify(external_packages/mqtt_bridge) by extension 'colcon_meta'
[0.521s] Level 1:colcon.colcon_core.package_identification:_identify(external_packages/mqtt_bridge) by extensions ['ros']
[0.521s] Level 1:colcon.colcon_core.package_identification:_identify(external_packages/mqtt_bridge) by extension 'ros'
[0.522s] DEBUG:colcon.colcon_core.package_identification:Package 'external_packages/mqtt_bridge' with type 'ros.ament_python' and name 'mqtt_bridge'
[0.523s] Level 1:colcon.colcon_core.package_identification:_identify(gui) by extensions ['ignore', 'ignore_ament_install']
[0.523s] Level 1:colcon.colcon_core.package_identification:_identify(gui) by extension 'ignore'
[0.523s] Level 1:colcon.colcon_core.package_identification:_identify(gui) by extension 'ignore_ament_install'
[0.523s] Level 1:colcon.colcon_core.package_identification:_identify(gui) by extensions ['colcon_pkg']
[0.523s] Level 1:colcon.colcon_core.package_identification:_identify(gui) by extension 'colcon_pkg'
[0.523s] Level 1:colcon.colcon_core.package_identification:_identify(gui) by extensions ['colcon_meta']
[0.523s] Level 1:colcon.colcon_core.package_identification:_identify(gui) by extension 'colcon_meta'
[0.523s] Level 1:colcon.colcon_core.package_identification:_identify(gui) by extensions ['ros']
[0.523s] Level 1:colcon.colcon_core.package_identification:_identify(gui) by extension 'ros'
[0.523s] Level 1:colcon.colcon_core.package_identification:_identify(gui) by extensions ['cmake', 'python']
[0.523s] Level 1:colcon.colcon_core.package_identification:_identify(gui) by extension 'cmake'
[0.524s] Level 1:colcon.colcon_core.package_identification:_identify(gui) by extension 'python'
[0.524s] Level 1:colcon.colcon_core.package_identification:_identify(gui) by extensions ['python_setup_py']
[0.524s] Level 1:colcon.colcon_core.package_identification:_identify(gui) by extension 'python_setup_py'
[0.524s] Level 1:colcon.colcon_core.package_identification:_identify(gui/smarc_nodered) by extensions ['ignore', 'ignore_ament_install']
[0.524s] Level 1:colcon.colcon_core.package_identification:_identify(gui/smarc_nodered) by extension 'ignore'
[0.524s] Level 1:colcon.colcon_core.package_identification:_identify(gui/smarc_nodered) by extension 'ignore_ament_install'
[0.525s] Level 1:colcon.colcon_core.package_identification:_identify(gui/smarc_nodered) by extensions ['colcon_pkg']
[0.525s] Level 1:colcon.colcon_core.package_identification:_identify(gui/smarc_nodered) by extension 'colcon_pkg'
[0.525s] Level 1:colcon.colcon_core.package_identification:_identify(gui/smarc_nodered) by extensions ['colcon_meta']
[0.525s] Level 1:colcon.colcon_core.package_identification:_identify(gui/smarc_nodered) by extension 'colcon_meta'
[0.526s] Level 1:colcon.colcon_core.package_identification:_identify(gui/smarc_nodered) by extensions ['ros']
[0.526s] Level 1:colcon.colcon_core.package_identification:_identify(gui/smarc_nodered) by extension 'ros'
[0.527s] DEBUG:colcon.colcon_core.package_identification:Package 'gui/smarc_nodered' with type 'ros.ament_python' and name 'smarc_nodered'
[0.527s] Level 1:colcon.colcon_core.package_identification:_identify(install) by extensions ['ignore', 'ignore_ament_install']
[0.527s] Level 1:colcon.colcon_core.package_identification:_identify(install) by extension 'ignore'
[0.527s] Level 1:colcon.colcon_core.package_identification:_identify(install) ignored
[0.528s] Level 1:colcon.colcon_core.package_identification:_identify(log) by extensions ['ignore', 'ignore_ament_install']
[0.528s] Level 1:colcon.colcon_core.package_identification:_identify(log) by extension 'ignore'
[0.528s] Level 1:colcon.colcon_core.package_identification:_identify(log) ignored
[0.528s] Level 1:colcon.colcon_core.package_identification:_identify(messages) by extensions ['ignore', 'ignore_ament_install']
[0.528s] Level 1:colcon.colcon_core.package_identification:_identify(messages) by extension 'ignore'
[0.528s] Level 1:colcon.colcon_core.package_identification:_identify(messages) by extension 'ignore_ament_install'
[0.528s] Level 1:colcon.colcon_core.package_identification:_identify(messages) by extensions ['colcon_pkg']
[0.528s] Level 1:colcon.colcon_core.package_identification:_identify(messages) by extension 'colcon_pkg'
[0.528s] Level 1:colcon.colcon_core.package_identification:_identify(messages) by extensions ['colcon_meta']
[0.528s] Level 1:colcon.colcon_core.package_identification:_identify(messages) by extension 'colcon_meta'
[0.528s] Level 1:colcon.colcon_core.package_identification:_identify(messages) by extensions ['ros']
[0.528s] Level 1:colcon.colcon_core.package_identification:_identify(messages) by extension 'ros'
[0.528s] Level 1:colcon.colcon_core.package_identification:_identify(messages) by extensions ['cmake', 'python']
[0.528s] Level 1:colcon.colcon_core.package_identification:_identify(messages) by extension 'cmake'
[0.528s] Level 1:colcon.colcon_core.package_identification:_identify(messages) by extension 'python'
[0.529s] Level 1:colcon.colcon_core.package_identification:_identify(messages) by extensions ['python_setup_py']
[0.529s] Level 1:colcon.colcon_core.package_identification:_identify(messages) by extension 'python_setup_py'
[0.529s] Level 1:colcon.colcon_core.package_identification:_identify(messages/dead_reckoning_msgs) by extensions ['ignore', 'ignore_ament_install']
[0.529s] Level 1:colcon.colcon_core.package_identification:_identify(messages/dead_reckoning_msgs) by extension 'ignore'
[0.529s] Level 1:colcon.colcon_core.package_identification:_identify(messages/dead_reckoning_msgs) by extension 'ignore_ament_install'
[0.529s] Level 1:colcon.colcon_core.package_identification:_identify(messages/dead_reckoning_msgs) by extensions ['colcon_pkg']
[0.529s] Level 1:colcon.colcon_core.package_identification:_identify(messages/dead_reckoning_msgs) by extension 'colcon_pkg'
[0.529s] Level 1:colcon.colcon_core.package_identification:_identify(messages/dead_reckoning_msgs) by extensions ['colcon_meta']
[0.529s] Level 1:colcon.colcon_core.package_identification:_identify(messages/dead_reckoning_msgs) by extension 'colcon_meta'
[0.529s] Level 1:colcon.colcon_core.package_identification:_identify(messages/dead_reckoning_msgs) by extensions ['ros']
[0.529s] Level 1:colcon.colcon_core.package_identification:_identify(messages/dead_reckoning_msgs) by extension 'ros'
[0.530s] DEBUG:colcon.colcon_core.package_identification:Package 'messages/dead_reckoning_msgs' with type 'ros.ament_cmake' and name 'dead_reckoning_msgs'
[0.530s] Level 1:colcon.colcon_core.package_identification:_identify(messages/sam_graph_slam_2_msgs) by extensions ['ignore', 'ignore_ament_install']
[0.530s] Level 1:colcon.colcon_core.package_identification:_identify(messages/sam_graph_slam_2_msgs) by extension 'ignore'
[0.530s] Level 1:colcon.colcon_core.package_identification:_identify(messages/sam_graph_slam_2_msgs) by extension 'ignore_ament_install'
[0.530s] Level 1:colcon.colcon_core.package_identification:_identify(messages/sam_graph_slam_2_msgs) by extensions ['colcon_pkg']
[0.530s] Level 1:colcon.colcon_core.package_identification:_identify(messages/sam_graph_slam_2_msgs) by extension 'colcon_pkg'
[0.530s] Level 1:colcon.colcon_core.package_identification:_identify(messages/sam_graph_slam_2_msgs) by extensions ['colcon_meta']
[0.530s] Level 1:colcon.colcon_core.package_identification:_identify(messages/sam_graph_slam_2_msgs) by extension 'colcon_meta'
[0.530s] Level 1:colcon.colcon_core.package_identification:_identify(messages/sam_graph_slam_2_msgs) by extensions ['ros']
[0.531s] Level 1:colcon.colcon_core.package_identification:_identify(messages/sam_graph_slam_2_msgs) by extension 'ros'
[0.531s] DEBUG:colcon.colcon_core.package_identification:Package 'messages/sam_graph_slam_2_msgs' with type 'ros.ament_cmake' and name 'sam_graph_slam_2_msgs'
[0.531s] Level 1:colcon.colcon_core.package_identification:_identify(messages/sam_msgs) by extensions ['ignore', 'ignore_ament_install']
[0.531s] Level 1:colcon.colcon_core.package_identification:_identify(messages/sam_msgs) by extension 'ignore'
[0.531s] Level 1:colcon.colcon_core.package_identification:_identify(messages/sam_msgs) by extension 'ignore_ament_install'
[0.531s] Level 1:colcon.colcon_core.package_identification:_identify(messages/sam_msgs) by extensions ['colcon_pkg']
[0.531s] Level 1:colcon.colcon_core.package_identification:_identify(messages/sam_msgs) by extension 'colcon_pkg'
[0.532s] Level 1:colcon.colcon_core.package_identification:_identify(messages/sam_msgs) by extensions ['colcon_meta']
[0.532s] Level 1:colcon.colcon_core.package_identification:_identify(messages/sam_msgs) by extension 'colcon_meta'
[0.532s] Level 1:colcon.colcon_core.package_identification:_identify(messages/sam_msgs) by extensions ['ros']
[0.532s] Level 1:colcon.colcon_core.package_identification:_identify(messages/sam_msgs) by extension 'ros'
[0.532s] DEBUG:colcon.colcon_core.package_identification:Package 'messages/sam_msgs' with type 'ros.ament_cmake' and name 'sam_msgs'
[0.532s] Level 1:colcon.colcon_core.package_identification:_identify(messages/smarc_mission_msgs) by extensions ['ignore', 'ignore_ament_install']
[0.533s] Level 1:colcon.colcon_core.package_identification:_identify(messages/smarc_mission_msgs) by extension 'ignore'
[0.533s] Level 1:colcon.colcon_core.package_identification:_identify(messages/smarc_mission_msgs) by extension 'ignore_ament_install'
[0.533s] Level 1:colcon.colcon_core.package_identification:_identify(messages/smarc_mission_msgs) by extensions ['colcon_pkg']
[0.533s] Level 1:colcon.colcon_core.package_identification:_identify(messages/smarc_mission_msgs) by extension 'colcon_pkg'
[0.533s] Level 1:colcon.colcon_core.package_identification:_identify(messages/smarc_mission_msgs) by extensions ['colcon_meta']
[0.533s] Level 1:colcon.colcon_core.package_identification:_identify(messages/smarc_mission_msgs) by extension 'colcon_meta'
[0.533s] Level 1:colcon.colcon_core.package_identification:_identify(messages/smarc_mission_msgs) by extensions ['ros']
[0.533s] Level 1:colcon.colcon_core.package_identification:_identify(messages/smarc_mission_msgs) by extension 'ros'
[0.534s] DEBUG:colcon.colcon_core.package_identification:Package 'messages/smarc_mission_msgs' with type 'ros.ament_cmake' and name 'smarc_mission_msgs'
[0.534s] Level 1:colcon.colcon_core.package_identification:_identify(messages/smarc_msgs) by extensions ['ignore', 'ignore_ament_install']
[0.534s] Level 1:colcon.colcon_core.package_identification:_identify(messages/smarc_msgs) by extension 'ignore'
[0.534s] Level 1:colcon.colcon_core.package_identification:_identify(messages/smarc_msgs) by extension 'ignore_ament_install'
[0.534s] Level 1:colcon.colcon_core.package_identification:_identify(messages/smarc_msgs) by extensions ['colcon_pkg']
[0.534s] Level 1:colcon.colcon_core.package_identification:_identify(messages/smarc_msgs) by extension 'colcon_pkg'
[0.534s] Level 1:colcon.colcon_core.package_identification:_identify(messages/smarc_msgs) by extensions ['colcon_meta']
[0.534s] Level 1:colcon.colcon_core.package_identification:_identify(messages/smarc_msgs) by extension 'colcon_meta'
[0.534s] Level 1:colcon.colcon_core.package_identification:_identify(messages/smarc_msgs) by extensions ['ros']
[0.534s] Level 1:colcon.colcon_core.package_identification:_identify(messages/smarc_msgs) by extension 'ros'
[0.535s] DEBUG:colcon.colcon_core.package_identification:Package 'messages/smarc_msgs' with type 'ros.ament_cmake' and name 'smarc_msgs'
[0.535s] Level 1:colcon.colcon_core.package_identification:_identify(navigation) by extensions ['ignore', 'ignore_ament_install']
[0.535s] Level 1:colcon.colcon_core.package_identification:_identify(navigation) by extension 'ignore'
[0.535s] Level 1:colcon.colcon_core.package_identification:_identify(navigation) by extension 'ignore_ament_install'
[0.535s] Level 1:colcon.colcon_core.package_identification:_identify(navigation) by extensions ['colcon_pkg']
[0.535s] Level 1:colcon.colcon_core.package_identification:_identify(navigation) by extension 'colcon_pkg'
[0.536s] Level 1:colcon.colcon_core.package_identification:_identify(navigation) by extensions ['colcon_meta']
[0.536s] Level 1:colcon.colcon_core.package_identification:_identify(navigation) by extension 'colcon_meta'
[0.536s] Level 1:colcon.colcon_core.package_identification:_identify(navigation) by extensions ['ros']
[0.536s] Level 1:colcon.colcon_core.package_identification:_identify(navigation) by extension 'ros'
[0.536s] Level 1:colcon.colcon_core.package_identification:_identify(navigation) by extensions ['cmake', 'python']
[0.536s] Level 1:colcon.colcon_core.package_identification:_identify(navigation) by extension 'cmake'
[0.536s] Level 1:colcon.colcon_core.package_identification:_identify(navigation) by extension 'python'
[0.536s] Level 1:colcon.colcon_core.package_identification:_identify(navigation) by extensions ['python_setup_py']
[0.536s] Level 1:colcon.colcon_core.package_identification:_identify(navigation) by extension 'python_setup_py'
[0.536s] Level 1:colcon.colcon_core.package_identification:_identify(navigation/dead_reckoning) by extensions ['ignore', 'ignore_ament_install']
[0.536s] Level 1:colcon.colcon_core.package_identification:_identify(navigation/dead_reckoning) by extension 'ignore'
[0.536s] Level 1:colcon.colcon_core.package_identification:_identify(navigation/dead_reckoning) by extension 'ignore_ament_install'
[0.536s] Level 1:colcon.colcon_core.package_identification:_identify(navigation/dead_reckoning) by extensions ['colcon_pkg']
[0.536s] Level 1:colcon.colcon_core.package_identification:_identify(navigation/dead_reckoning) by extension 'colcon_pkg'
[0.536s] Level 1:colcon.colcon_core.package_identification:_identify(navigation/dead_reckoning) by extensions ['colcon_meta']
[0.536s] Level 1:colcon.colcon_core.package_identification:_identify(navigation/dead_reckoning) by extension 'colcon_meta'
[0.536s] Level 1:colcon.colcon_core.package_identification:_identify(navigation/dead_reckoning) by extensions ['ros']
[0.536s] Level 1:colcon.colcon_core.package_identification:_identify(navigation/dead_reckoning) by extension 'ros'
[0.537s] Level 1:colcon.colcon_core.package_identification:_identify(navigation/dead_reckoning) by extensions ['cmake', 'python']
[0.537s] Level 1:colcon.colcon_core.package_identification:_identify(navigation/dead_reckoning) by extension 'cmake'
[0.537s] Level 1:colcon.colcon_core.package_identification:_identify(navigation/dead_reckoning) by extension 'python'
[0.537s] Level 1:colcon.colcon_core.package_identification:_identify(navigation/dead_reckoning) by extensions ['python_setup_py']
[0.537s] Level 1:colcon.colcon_core.package_identification:_identify(navigation/dead_reckoning) by extension 'python_setup_py'
[0.537s] Level 1:colcon.colcon_core.package_identification:_identify(navigation/dead_reckoning/sam_dead_reckoning) by extensions ['ignore', 'ignore_ament_install']
[0.537s] Level 1:colcon.colcon_core.package_identification:_identify(navigation/dead_reckoning/sam_dead_reckoning) by extension 'ignore'
[0.537s] Level 1:colcon.colcon_core.package_identification:_identify(navigation/dead_reckoning/sam_dead_reckoning) by extension 'ignore_ament_install'
[0.537s] Level 1:colcon.colcon_core.package_identification:_identify(navigation/dead_reckoning/sam_dead_reckoning) by extensions ['colcon_pkg']
[0.537s] Level 1:colcon.colcon_core.package_identification:_identify(navigation/dead_reckoning/sam_dead_reckoning) by extension 'colcon_pkg'
[0.537s] Level 1:colcon.colcon_core.package_identification:_identify(navigation/dead_reckoning/sam_dead_reckoning) by extensions ['colcon_meta']
[0.537s] Level 1:colcon.colcon_core.package_identification:_identify(navigation/dead_reckoning/sam_dead_reckoning) by extension 'colcon_meta'
[0.537s] Level 1:colcon.colcon_core.package_identification:_identify(navigation/dead_reckoning/sam_dead_reckoning) by extensions ['ros']
[0.537s] Level 1:colcon.colcon_core.package_identification:_identify(navigation/dead_reckoning/sam_dead_reckoning) by extension 'ros'
[0.538s] DEBUG:colcon.colcon_core.package_identification:Package 'navigation/dead_reckoning/sam_dead_reckoning' with type 'ros.ament_python' and name 'sam_dead_reckoning'
[0.538s] Level 1:colcon.colcon_core.package_identification:_identify(navigation/dead_reckoning/tf_convenience_topics) by extensions ['ignore', 'ignore_ament_install']
[0.538s] Level 1:colcon.colcon_core.package_identification:_identify(navigation/dead_reckoning/tf_convenience_topics) by extension 'ignore'
[0.538s] Level 1:colcon.colcon_core.package_identification:_identify(navigation/dead_reckoning/tf_convenience_topics) by extension 'ignore_ament_install'
[0.538s] Level 1:colcon.colcon_core.package_identification:_identify(navigation/dead_reckoning/tf_convenience_topics) by extensions ['colcon_pkg']
[0.538s] Level 1:colcon.colcon_core.package_identification:_identify(navigation/dead_reckoning/tf_convenience_topics) by extension 'colcon_pkg'
[0.538s] Level 1:colcon.colcon_core.package_identification:_identify(navigation/dead_reckoning/tf_convenience_topics) by extensions ['colcon_meta']
[0.538s] Level 1:colcon.colcon_core.package_identification:_identify(navigation/dead_reckoning/tf_convenience_topics) by extension 'colcon_meta'
[0.538s] Level 1:colcon.colcon_core.package_identification:_identify(navigation/dead_reckoning/tf_convenience_topics) by extensions ['ros']
[0.538s] Level 1:colcon.colcon_core.package_identification:_identify(navigation/dead_reckoning/tf_convenience_topics) by extension 'ros'
[0.539s] DEBUG:colcon.colcon_core.package_identification:Package 'navigation/dead_reckoning/tf_convenience_topics' with type 'ros.ament_cmake' and name 'tf_convenience_topics'
[0.539s] Level 1:colcon.colcon_core.package_identification:_identify(navigation/localization) by extensions ['ignore', 'ignore_ament_install']
[0.540s] Level 1:colcon.colcon_core.package_identification:_identify(navigation/localization) by extension 'ignore'
[0.540s] Level 1:colcon.colcon_core.package_identification:_identify(navigation/localization) by extension 'ignore_ament_install'
[0.540s] Level 1:colcon.colcon_core.package_identification:_identify(navigation/localization) by extensions ['colcon_pkg']
[0.540s] Level 1:colcon.colcon_core.package_identification:_identify(navigation/localization) by extension 'colcon_pkg'
[0.540s] Level 1:colcon.colcon_core.package_identification:_identify(navigation/localization) by extensions ['colcon_meta']
[0.540s] Level 1:colcon.colcon_core.package_identification:_identify(navigation/localization) by extension 'colcon_meta'
[0.540s] Level 1:colcon.colcon_core.package_identification:_identify(navigation/localization) by extensions ['ros']
[0.540s] Level 1:colcon.colcon_core.package_identification:_identify(navigation/localization) by extension 'ros'
[0.540s] Level 1:colcon.colcon_core.package_identification:_identify(navigation/localization) by extensions ['cmake', 'python']
[0.540s] Level 1:colcon.colcon_core.package_identification:_identify(navigation/localization) by extension 'cmake'
[0.540s] Level 1:colcon.colcon_core.package_identification:_identify(navigation/localization) by extension 'python'
[0.540s] Level 1:colcon.colcon_core.package_identification:_identify(navigation/localization) by extensions ['python_setup_py']
[0.540s] Level 1:colcon.colcon_core.package_identification:_identify(navigation/localization) by extension 'python_setup_py'
[0.540s] Level 1:colcon.colcon_core.package_identification:_identify(quadrotor) by extensions ['ignore', 'ignore_ament_install']
[0.540s] Level 1:colcon.colcon_core.package_identification:_identify(quadrotor) by extension 'ignore'
[0.540s] Level 1:colcon.colcon_core.package_identification:_identify(quadrotor) by extension 'ignore_ament_install'
[0.541s] Level 1:colcon.colcon_core.package_identification:_identify(quadrotor) by extensions ['colcon_pkg']
[0.541s] Level 1:colcon.colcon_core.package_identification:_identify(quadrotor) by extension 'colcon_pkg'
[0.541s] Level 1:colcon.colcon_core.package_identification:_identify(quadrotor) by extensions ['colcon_meta']
[0.541s] Level 1:colcon.colcon_core.package_identification:_identify(quadrotor) by extension 'colcon_meta'
[0.541s] Level 1:colcon.colcon_core.package_identification:_identify(quadrotor) by extensions ['ros']
[0.541s] Level 1:colcon.colcon_core.package_identification:_identify(quadrotor) by extension 'ros'
[0.541s] Level 1:colcon.colcon_core.package_identification:_identify(quadrotor) by extensions ['cmake', 'python']
[0.541s] Level 1:colcon.colcon_core.package_identification:_identify(quadrotor) by extension 'cmake'
[0.541s] Level 1:colcon.colcon_core.package_identification:_identify(quadrotor) by extension 'python'
[0.541s] Level 1:colcon.colcon_core.package_identification:_identify(quadrotor) by extensions ['python_setup_py']
[0.541s] Level 1:colcon.colcon_core.package_identification:_identify(quadrotor) by extension 'python_setup_py'
[0.541s] Level 1:colcon.colcon_core.package_identification:_identify(quadrotor/quadrotor_basic_controller) by extensions ['ignore', 'ignore_ament_install']
[0.541s] Level 1:colcon.colcon_core.package_identification:_identify(quadrotor/quadrotor_basic_controller) by extension 'ignore'
[0.541s] Level 1:colcon.colcon_core.package_identification:_identify(quadrotor/quadrotor_basic_controller) by extension 'ignore_ament_install'
[0.541s] Level 1:colcon.colcon_core.package_identification:_identify(quadrotor/quadrotor_basic_controller) by extensions ['colcon_pkg']
[0.541s] Level 1:colcon.colcon_core.package_identification:_identify(quadrotor/quadrotor_basic_controller) by extension 'colcon_pkg'
[0.541s] Level 1:colcon.colcon_core.package_identification:_identify(quadrotor/quadrotor_basic_controller) by extensions ['colcon_meta']
[0.542s] Level 1:colcon.colcon_core.package_identification:_identify(quadrotor/quadrotor_basic_controller) by extension 'colcon_meta'
[0.542s] Level 1:colcon.colcon_core.package_identification:_identify(quadrotor/quadrotor_basic_controller) by extensions ['ros']
[0.542s] Level 1:colcon.colcon_core.package_identification:_identify(quadrotor/quadrotor_basic_controller) by extension 'ros'
[0.542s] DEBUG:colcon.colcon_core.package_identification:Package 'quadrotor/quadrotor_basic_controller' with type 'ros.ament_python' and name 'quadrotor_basic_controller'
[0.542s] Level 1:colcon.colcon_core.package_identification:_identify(scripts) by extensions ['ignore', 'ignore_ament_install']
[0.542s] Level 1:colcon.colcon_core.package_identification:_identify(scripts) by extension 'ignore'
[0.543s] Level 1:colcon.colcon_core.package_identification:_identify(scripts) by extension 'ignore_ament_install'
[0.543s] Level 1:colcon.colcon_core.package_identification:_identify(scripts) by extensions ['colcon_pkg']
[0.543s] Level 1:colcon.colcon_core.package_identification:_identify(scripts) by extension 'colcon_pkg'
[0.543s] Level 1:colcon.colcon_core.package_identification:_identify(scripts) by extensions ['colcon_meta']
[0.543s] Level 1:colcon.colcon_core.package_identification:_identify(scripts) by extension 'colcon_meta'
[0.543s] Level 1:colcon.colcon_core.package_identification:_identify(scripts) by extensions ['ros']
[0.543s] Level 1:colcon.colcon_core.package_identification:_identify(scripts) by extension 'ros'
[0.543s] Level 1:colcon.colcon_core.package_identification:_identify(scripts) by extensions ['cmake', 'python']
[0.543s] Level 1:colcon.colcon_core.package_identification:_identify(scripts) by extension 'cmake'
[0.543s] Level 1:colcon.colcon_core.package_identification:_identify(scripts) by extension 'python'
[0.543s] Level 1:colcon.colcon_core.package_identification:_identify(scripts) by extensions ['python_setup_py']
[0.543s] Level 1:colcon.colcon_core.package_identification:_identify(scripts) by extension 'python_setup_py'
[0.543s] Level 1:colcon.colcon_core.package_identification:_identify(scripts/smarc_bringups) by extensions ['ignore', 'ignore_ament_install']
[0.543s] Level 1:colcon.colcon_core.package_identification:_identify(scripts/smarc_bringups) by extension 'ignore'
[0.544s] Level 1:colcon.colcon_core.package_identification:_identify(scripts/smarc_bringups) by extension 'ignore_ament_install'
[0.544s] Level 1:colcon.colcon_core.package_identification:_identify(scripts/smarc_bringups) by extensions ['colcon_pkg']
[0.544s] Level 1:colcon.colcon_core.package_identification:_identify(scripts/smarc_bringups) by extension 'colcon_pkg'
[0.544s] Level 1:colcon.colcon_core.package_identification:_identify(scripts/smarc_bringups) by extensions ['colcon_meta']
[0.544s] Level 1:colcon.colcon_core.package_identification:_identify(scripts/smarc_bringups) by extension 'colcon_meta'
[0.544s] Level 1:colcon.colcon_core.package_identification:_identify(scripts/smarc_bringups) by extensions ['ros']
[0.544s] Level 1:colcon.colcon_core.package_identification:_identify(scripts/smarc_bringups) by extension 'ros'
[0.545s] DEBUG:colcon.colcon_core.package_identification:Package 'scripts/smarc_bringups' with type 'ros.ament_python' and name 'smarc_bringups'
[0.546s] Level 1:colcon.colcon_core.package_identification:_identify(simulation) by extensions ['ignore', 'ignore_ament_install']
[0.546s] Level 1:colcon.colcon_core.package_identification:_identify(simulation) by extension 'ignore'
[0.546s] Level 1:colcon.colcon_core.package_identification:_identify(simulation) ignored
[0.546s] Level 1:colcon.colcon_core.package_identification:_identify(utilities) by extensions ['ignore', 'ignore_ament_install']
[0.546s] Level 1:colcon.colcon_core.package_identification:_identify(utilities) by extension 'ignore'
[0.546s] Level 1:colcon.colcon_core.package_identification:_identify(utilities) by extension 'ignore_ament_install'
[0.546s] Level 1:colcon.colcon_core.package_identification:_identify(utilities) by extensions ['colcon_pkg']
[0.546s] Level 1:colcon.colcon_core.package_identification:_identify(utilities) by extension 'colcon_pkg'
[0.546s] Level 1:colcon.colcon_core.package_identification:_identify(utilities) by extensions ['colcon_meta']
[0.546s] Level 1:colcon.colcon_core.package_identification:_identify(utilities) by extension 'colcon_meta'
[0.547s] Level 1:colcon.colcon_core.package_identification:_identify(utilities) by extensions ['ros']
[0.547s] Level 1:colcon.colcon_core.package_identification:_identify(utilities) by extension 'ros'
[0.547s] Level 1:colcon.colcon_core.package_identification:_identify(utilities) by extensions ['cmake', 'python']
[0.547s] Level 1:colcon.colcon_core.package_identification:_identify(utilities) by extension 'cmake'
[0.547s] Level 1:colcon.colcon_core.package_identification:_identify(utilities) by extension 'python'
[0.547s] Level 1:colcon.colcon_core.package_identification:_identify(utilities) by extensions ['python_setup_py']
[0.547s] Level 1:colcon.colcon_core.package_identification:_identify(utilities) by extension 'python_setup_py'
[0.547s] Level 1:colcon.colcon_core.package_identification:_identify(utilities/dubins_planner) by extensions ['ignore', 'ignore_ament_install']
[0.547s] Level 1:colcon.colcon_core.package_identification:_identify(utilities/dubins_planner) by extension 'ignore'
[0.548s] Level 1:colcon.colcon_core.package_identification:_identify(utilities/dubins_planner) by extension 'ignore_ament_install'
[0.548s] Level 1:colcon.colcon_core.package_identification:_identify(utilities/dubins_planner) by extensions ['colcon_pkg']
[0.549s] Level 1:colcon.colcon_core.package_identification:_identify(utilities/dubins_planner) by extension 'colcon_pkg'
[0.549s] Level 1:colcon.colcon_core.package_identification:_identify(utilities/dubins_planner) by extensions ['colcon_meta']
[0.549s] Level 1:colcon.colcon_core.package_identification:_identify(utilities/dubins_planner) by extension 'colcon_meta'
[0.550s] Level 1:colcon.colcon_core.package_identification:_identify(utilities/dubins_planner) by extensions ['ros']
[0.550s] Level 1:colcon.colcon_core.package_identification:_identify(utilities/dubins_planner) by extension 'ros'
[0.551s] DEBUG:colcon.colcon_core.package_identification:Package 'utilities/dubins_planner' with type 'ros.ament_python' and name 'dubins_planner'
[0.551s] Level 1:colcon.colcon_core.package_identification:_identify(utilities/utm_latlon_converter) by extensions ['ignore', 'ignore_ament_install']
[0.551s] Level 1:colcon.colcon_core.package_identification:_identify(utilities/utm_latlon_converter) by extension 'ignore'
[0.552s] Level 1:colcon.colcon_core.package_identification:_identify(utilities/utm_latlon_converter) by extension 'ignore_ament_install'
[0.552s] Level 1:colcon.colcon_core.package_identification:_identify(utilities/utm_latlon_converter) by extensions ['colcon_pkg']
[0.552s] Level 1:colcon.colcon_core.package_identification:_identify(utilities/utm_latlon_converter) by extension 'colcon_pkg'
[0.552s] Level 1:colcon.colcon_core.package_identification:_identify(utilities/utm_latlon_converter) by extensions ['colcon_meta']
[0.552s] Level 1:colcon.colcon_core.package_identification:_identify(utilities/utm_latlon_converter) by extension 'colcon_meta'
[0.552s] Level 1:colcon.colcon_core.package_identification:_identify(utilities/utm_latlon_converter) by extensions ['ros']
[0.552s] Level 1:colcon.colcon_core.package_identification:_identify(utilities/utm_latlon_converter) by extension 'ros'
[0.554s] DEBUG:colcon.colcon_core.package_identification:Package 'utilities/utm_latlon_converter' with type 'ros.ament_python' and name 'utm_latlon_converter'
[0.554s] Level 1:colcon.colcon_core.package_identification:_identify(vehicles) by extensions ['ignore', 'ignore_ament_install']
[0.554s] Level 1:colcon.colcon_core.package_identification:_identify(vehicles) by extension 'ignore'
[0.554s] Level 1:colcon.colcon_core.package_identification:_identify(vehicles) by extension 'ignore_ament_install'
[0.555s] Level 1:colcon.colcon_core.package_identification:_identify(vehicles) by extensions ['colcon_pkg']
[0.555s] Level 1:colcon.colcon_core.package_identification:_identify(vehicles) by extension 'colcon_pkg'
[0.555s] Level 1:colcon.colcon_core.package_identification:_identify(vehicles) by extensions ['colcon_meta']
[0.555s] Level 1:colcon.colcon_core.package_identification:_identify(vehicles) by extension 'colcon_meta'
[0.555s] Level 1:colcon.colcon_core.package_identification:_identify(vehicles) by extensions ['ros']
[0.555s] Level 1:colcon.colcon_core.package_identification:_identify(vehicles) by extension 'ros'
[0.555s] Level 1:colcon.colcon_core.package_identification:_identify(vehicles) by extensions ['cmake', 'python']
[0.555s] Level 1:colcon.colcon_core.package_identification:_identify(vehicles) by extension 'cmake'
[0.555s] Level 1:colcon.colcon_core.package_identification:_identify(vehicles) by extension 'python'
[0.555s] Level 1:colcon.colcon_core.package_identification:_identify(vehicles) by extensions ['python_setup_py']
[0.556s] Level 1:colcon.colcon_core.package_identification:_identify(vehicles) by extension 'python_setup_py'
[0.557s] Level 1:colcon.colcon_core.package_identification:_identify(vehicles/bringups) by extensions ['ignore', 'ignore_ament_install']
[0.557s] Level 1:colcon.colcon_core.package_identification:_identify(vehicles/bringups) by extension 'ignore'
[0.558s] Level 1:colcon.colcon_core.package_identification:_identify(vehicles/bringups) by extension 'ignore_ament_install'
[0.558s] Level 1:colcon.colcon_core.package_identification:_identify(vehicles/bringups) by extensions ['colcon_pkg']
[0.558s] Level 1:colcon.colcon_core.package_identification:_identify(vehicles/bringups) by extension 'colcon_pkg'
[0.558s] Level 1:colcon.colcon_core.package_identification:_identify(vehicles/bringups) by extensions ['colcon_meta']
[0.558s] Level 1:colcon.colcon_core.package_identification:_identify(vehicles/bringups) by extension 'colcon_meta'
[0.558s] Level 1:colcon.colcon_core.package_identification:_identify(vehicles/bringups) by extensions ['ros']
[0.558s] Level 1:colcon.colcon_core.package_identification:_identify(vehicles/bringups) by extension 'ros'
[0.558s] Level 1:colcon.colcon_core.package_identification:_identify(vehicles/bringups) by extensions ['cmake', 'python']
[0.559s] Level 1:colcon.colcon_core.package_identification:_identify(vehicles/bringups) by extension 'cmake'
[0.559s] Level 1:colcon.colcon_core.package_identification:_identify(vehicles/bringups) by extension 'python'
[0.559s] Level 1:colcon.colcon_core.package_identification:_identify(vehicles/bringups) by extensions ['python_setup_py']
[0.559s] Level 1:colcon.colcon_core.package_identification:_identify(vehicles/bringups) by extension 'python_setup_py'
[0.559s] Level 1:colcon.colcon_core.package_identification:_identify(vehicles/descriptions) by extensions ['ignore', 'ignore_ament_install']
[0.560s] Level 1:colcon.colcon_core.package_identification:_identify(vehicles/descriptions) by extension 'ignore'
[0.560s] Level 1:colcon.colcon_core.package_identification:_identify(vehicles/descriptions) by extension 'ignore_ament_install'
[0.560s] Level 1:colcon.colcon_core.package_identification:_identify(vehicles/descriptions) by extensions ['colcon_pkg']
[0.560s] Level 1:colcon.colcon_core.package_identification:_identify(vehicles/descriptions) by extension 'colcon_pkg'
[0.560s] Level 1:colcon.colcon_core.package_identification:_identify(vehicles/descriptions) by extensions ['colcon_meta']
[0.560s] Level 1:colcon.colcon_core.package_identification:_identify(vehicles/descriptions) by extension 'colcon_meta'
[0.560s] Level 1:colcon.colcon_core.package_identification:_identify(vehicles/descriptions) by extensions ['ros']
[0.560s] Level 1:colcon.colcon_core.package_identification:_identify(vehicles/descriptions) by extension 'ros'
[0.560s] Level 1:colcon.colcon_core.package_identification:_identify(vehicles/descriptions) by extensions ['cmake', 'python']
[0.561s] Level 1:colcon.colcon_core.package_identification:_identify(vehicles/descriptions) by extension 'cmake'
[0.561s] Level 1:colcon.colcon_core.package_identification:_identify(vehicles/descriptions) by extension 'python'
[0.561s] Level 1:colcon.colcon_core.package_identification:_identify(vehicles/descriptions) by extensions ['python_setup_py']
[0.561s] Level 1:colcon.colcon_core.package_identification:_identify(vehicles/descriptions) by extension 'python_setup_py'
[0.561s] Level 1:colcon.colcon_core.package_identification:_identify(vehicles/descriptions/cm_station_description) by extensions ['ignore', 'ignore_ament_install']
[0.561s] Level 1:colcon.colcon_core.package_identification:_identify(vehicles/descriptions/cm_station_description) by extension 'ignore'
[0.561s] Level 1:colcon.colcon_core.package_identification:_identify(vehicles/descriptions/cm_station_description) ignored
[0.562s] Level 1:colcon.colcon_core.package_identification:_identify(vehicles/descriptions/floatsam_description) by extensions ['ignore', 'ignore_ament_install']
[0.562s] Level 1:colcon.colcon_core.package_identification:_identify(vehicles/descriptions/floatsam_description) by extension 'ignore'
[0.562s] Level 1:colcon.colcon_core.package_identification:_identify(vehicles/descriptions/floatsam_description) ignored
[0.563s] Level 1:colcon.colcon_core.package_identification:_identify(vehicles/descriptions/sam_description) by extensions ['ignore', 'ignore_ament_install']
[0.563s] Level 1:colcon.colcon_core.package_identification:_identify(vehicles/descriptions/sam_description) by extension 'ignore'
[0.563s] Level 1:colcon.colcon_core.package_identification:_identify(vehicles/descriptions/sam_description) by extension 'ignore_ament_install'
[0.563s] Level 1:colcon.colcon_core.package_identification:_identify(vehicles/descriptions/sam_description) by extensions ['colcon_pkg']
[0.563s] Level 1:colcon.colcon_core.package_identification:_identify(vehicles/descriptions/sam_description) by extension 'colcon_pkg'
[0.563s] Level 1:colcon.colcon_core.package_identification:_identify(vehicles/descriptions/sam_description) by extensions ['colcon_meta']
[0.563s] Level 1:colcon.colcon_core.package_identification:_identify(vehicles/descriptions/sam_description) by extension 'colcon_meta'
[0.564s] Level 1:colcon.colcon_core.package_identification:_identify(vehicles/descriptions/sam_description) by extensions ['ros']
[0.564s] Level 1:colcon.colcon_core.package_identification:_identify(vehicles/descriptions/sam_description) by extension 'ros'
[0.564s] DEBUG:colcon.colcon_core.package_identification:Package 'vehicles/descriptions/sam_description' with type 'ros.ament_cmake' and name 'sam_description'
[0.564s] Level 1:colcon.colcon_core.package_identification:_identify(vehicles/hardware) by extensions ['ignore', 'ignore_ament_install']
[0.565s] Level 1:colcon.colcon_core.package_identification:_identify(vehicles/hardware) by extension 'ignore'
[0.565s] Level 1:colcon.colcon_core.package_identification:_identify(vehicles/hardware) by extension 'ignore_ament_install'
[0.565s] Level 1:colcon.colcon_core.package_identification:_identify(vehicles/hardware) by extensions ['colcon_pkg']
[0.565s] Level 1:colcon.colcon_core.package_identification:_identify(vehicles/hardware) by extension 'colcon_pkg'
[0.565s] Level 1:colcon.colcon_core.package_identification:_identify(vehicles/hardware) by extensions ['colcon_meta']
[0.565s] Level 1:colcon.colcon_core.package_identification:_identify(vehicles/hardware) by extension 'colcon_meta'
[0.565s] Level 1:colcon.colcon_core.package_identification:_identify(vehicles/hardware) by extensions ['ros']
[0.565s] Level 1:colcon.colcon_core.package_identification:_identify(vehicles/hardware) by extension 'ros'
[0.565s] Level 1:colcon.colcon_core.package_identification:_identify(vehicles/hardware) by extensions ['cmake', 'python']
[0.565s] Level 1:colcon.colcon_core.package_identification:_identify(vehicles/hardware) by extension 'cmake'
[0.565s] Level 1:colcon.colcon_core.package_identification:_identify(vehicles/hardware) by extension 'python'
[0.565s] Level 1:colcon.colcon_core.package_identification:_identify(vehicles/hardware) by extensions ['python_setup_py']
[0.565s] Level 1:colcon.colcon_core.package_identification:_identify(vehicles/hardware) by extension 'python_setup_py'
[0.565s] Level 1:colcon.colcon_core.package_identification:_identify(vehicles/hardware/sam) by extensions ['ignore', 'ignore_ament_install']
[0.566s] Level 1:colcon.colcon_core.package_identification:_identify(vehicles/hardware/sam) by extension 'ignore'
[0.566s] Level 1:colcon.colcon_core.package_identification:_identify(vehicles/hardware/sam) by extension 'ignore_ament_install'
[0.566s] Level 1:colcon.colcon_core.package_identification:_identify(vehicles/hardware/sam) by extensions ['colcon_pkg']
[0.566s] Level 1:colcon.colcon_core.package_identification:_identify(vehicles/hardware/sam) by extension 'colcon_pkg'
[0.566s] Level 1:colcon.colcon_core.package_identification:_identify(vehicles/hardware/sam) by extensions ['colcon_meta']
[0.566s] Level 1:colcon.colcon_core.package_identification:_identify(vehicles/hardware/sam) by extension 'colcon_meta'
[0.566s] Level 1:colcon.colcon_core.package_identification:_identify(vehicles/hardware/sam) by extensions ['ros']
[0.566s] Level 1:colcon.colcon_core.package_identification:_identify(vehicles/hardware/sam) by extension 'ros'
[0.566s] Level 1:colcon.colcon_core.package_identification:_identify(vehicles/hardware/sam) by extensions ['cmake', 'python']
[0.566s] Level 1:colcon.colcon_core.package_identification:_identify(vehicles/hardware/sam) by extension 'cmake'
[0.566s] Level 1:colcon.colcon_core.package_identification:_identify(vehicles/hardware/sam) by extension 'python'
[0.566s] Level 1:colcon.colcon_core.package_identification:_identify(vehicles/hardware/sam) by extensions ['python_setup_py']
[0.566s] Level 1:colcon.colcon_core.package_identification:_identify(vehicles/hardware/sam) by extension 'python_setup_py'
[0.567s] Level 1:colcon.colcon_core.package_discovery:discover_packages(recursive) using defaults
[0.567s] Level 1:colcon.colcon_core.package_discovery:discover_packages(ignore) discover
[0.567s] Level 1:colcon.colcon_core.package_discovery:discover_packages(ignore) using defaults
[0.567s] Level 1:colcon.colcon_core.package_discovery:discover_packages(path) discover
[0.567s] Level 1:colcon.colcon_core.package_discovery:discover_packages(path) using defaults
[0.622s] INFO:colcon.colcon_core.package_selection:Skipping not selected package 'basic_go_to_waypoint' in 'behaviours/basic_go_to_waypoint'
[0.622s] INFO:colcon.colcon_core.package_selection:Skipping not selected package 'dead_reckoning_msgs' in 'messages/dead_reckoning_msgs'
[0.622s] INFO:colcon.colcon_core.package_selection:Skipping not selected package 'dubins_planner' in 'utilities/dubins_planner'
[0.622s] INFO:colcon.colcon_core.package_selection:Skipping not selected package 'mqtt_bridge' in 'external_packages/mqtt_bridge'
[0.622s] INFO:colcon.colcon_core.package_selection:Skipping not selected package 'ros2_python_examples' in 'examples/ros2_python_examples'
[0.622s] INFO:colcon.colcon_core.package_selection:Skipping not selected package 'ros_tcp_endpoint' in 'external_packages/ROS-TCP-Endpoint'
[0.622s] INFO:colcon.colcon_core.package_selection:Skipping not selected package 'sam_dead_reckoning' in 'navigation/dead_reckoning/sam_dead_reckoning'
[0.623s] INFO:colcon.colcon_core.package_selection:Skipping not selected package 'sam_description' in 'vehicles/descriptions/sam_description'
[0.623s] INFO:colcon.colcon_core.package_selection:Skipping not selected package 'sam_graph_slam_2_msgs' in 'messages/sam_graph_slam_2_msgs'
[0.623s] INFO:colcon.colcon_core.package_selection:Skipping not selected package 'sam_msgs' in 'messages/sam_msgs'
[0.623s] INFO:colcon.colcon_core.package_selection:Skipping not selected package 'smarc_bringups' in 'scripts/smarc_bringups'
[0.623s] INFO:colcon.colcon_core.package_selection:Skipping not selected package 'smarc_bt' in 'behaviours/smarc_bt'
[0.623s] INFO:colcon.colcon_core.package_selection:Skipping not selected package 'smarc_mission_msgs' in 'messages/smarc_mission_msgs'
[0.623s] INFO:colcon.colcon_core.package_selection:Skipping not selected package 'smarc_msgs' in 'messages/smarc_msgs'
[0.623s] INFO:colcon.colcon_core.package_selection:Skipping not selected package 'test_package' in 'examples/test_package'
[0.623s] INFO:colcon.colcon_core.package_selection:Skipping not selected package 'utm_latlon_converter' in 'utilities/utm_latlon_converter'
[0.623s] INFO:colcon.colcon_core.package_selection:Skipping not selected package 'workshopfun' in 'examples/workshopfun'
[0.623s] INFO:colcon.colcon_core.package_selection:Skipping not selected package 'sam_basic_controllers' in 'examples/sam_basic_controllers'
[0.623s] INFO:colcon.colcon_core.package_selection:Skipping not selected package 'smarc_nodered' in 'gui/smarc_nodered'
[0.623s] INFO:colcon.colcon_core.package_selection:Skipping not selected package 'tf_convenience_topics' in 'navigation/dead_reckoning/tf_convenience_topics'
[0.623s] Level 1:colcon.colcon_core.package_discovery:discover_packages(prefix_path) check parameters
[0.624s] Level 1:colcon.colcon_core.package_discovery:discover_packages(prefix_path) discover
[0.627s] DEBUG:colcon.colcon_installed_package_information.package_discovery:Found 24 installed packages in /home/jonat/ros2_ws/install
[0.629s] DEBUG:colcon.colcon_installed_package_information.package_discovery:Found 301 installed packages in /opt/ros/humble
[0.631s] Level 1:colcon.colcon_core.package_discovery:discover_packages(prefix_path) using defaults
[0.702s] Level 5:colcon.colcon_core.verb:set package 'quadrotor_basic_controller' build argument 'cmake_args' from command line to 'None'
[0.702s] Level 5:colcon.colcon_core.verb:set package 'quadrotor_basic_controller' build argument 'cmake_target' from command line to 'None'
[0.702s] Level 5:colcon.colcon_core.verb:set package 'quadrotor_basic_controller' build argument 'cmake_target_skip_unavailable' from command line to 'False'
[0.702s] Level 5:colcon.colcon_core.verb:set package 'quadrotor_basic_controller' build argument 'cmake_clean_cache' from command line to 'False'
[0.702s] Level 5:colcon.colcon_core.verb:set package 'quadrotor_basic_controller' build argument 'cmake_clean_first' from command line to 'False'
[0.702s] Level 5:colcon.colcon_core.verb:set package 'quadrotor_basic_controller' build argument 'cmake_force_configure' from command line to 'False'
[0.702s] Level 5:colcon.colcon_core.verb:set package 'quadrotor_basic_controller' build argument 'ament_cmake_args' from command line to 'None'
[0.702s] Level 5:colcon.colcon_core.verb:set package 'quadrotor_basic_controller' build argument 'catkin_cmake_args' from command line to 'None'
[0.702s] Level 5:colcon.colcon_core.verb:set package 'quadrotor_basic_controller' build argument 'catkin_skip_building_tests' from command line to 'False'
[0.702s] DEBUG:colcon.colcon_core.verb:Building package 'quadrotor_basic_controller' with the following arguments: {'ament_cmake_args': None, 'build_base': '/home/jonat/ros2_ws/src/smarc2/build/quadrotor_basic_controller', 'catkin_cmake_args': None, 'catkin_skip_building_tests': False, 'cmake_args': None, 'cmake_clean_cache': False, 'cmake_clean_first': False, 'cmake_force_configure': False, 'cmake_target': None, 'cmake_target_skip_unavailable': False, 'install_base': '/home/jonat/ros2_ws/src/smarc2/install/quadrotor_basic_controller', 'merge_install': False, 'path': '/home/jonat/ros2_ws/src/smarc2/quadrotor/quadrotor_basic_controller', 'symlink_install': False, 'test_result_base': None}
[0.702s] INFO:colcon.colcon_core.executor:Executing jobs using 'parallel' executor
[0.703s] DEBUG:colcon.colcon_parallel_executor.executor.parallel:run_until_complete
[0.703s] INFO:colcon.colcon_ros.task.ament_python.build:Building ROS package in '/home/jonat/ros2_ws/src/smarc2/quadrotor/quadrotor_basic_controller' with build type 'ament_python'
[0.703s] Level 1:colcon.colcon_core.shell:create_environment_hook('quadrotor_basic_controller', 'ament_prefix_path')
[0.706s] INFO:colcon.colcon_core.plugin_system:Skipping extension 'colcon_core.shell.bat': Not used on non-Windows systems
[0.706s] INFO:colcon.colcon_core.shell:Creating environment hook '/home/jonat/ros2_ws/src/smarc2/install/quadrotor_basic_controller/share/quadrotor_basic_controller/hook/ament_prefix_path.ps1'
[0.707s] INFO:colcon.colcon_core.shell:Creating environment descriptor '/home/jonat/ros2_ws/src/smarc2/install/quadrotor_basic_controller/share/quadrotor_basic_controller/hook/ament_prefix_path.dsv'
[0.707s] INFO:colcon.colcon_core.shell:Creating environment hook '/home/jonat/ros2_ws/src/smarc2/install/quadrotor_basic_controller/share/quadrotor_basic_controller/hook/ament_prefix_path.sh'
[0.708s] INFO:colcon.colcon_core.shell:Skip shell extension 'powershell' for command environment: Not usable outside of PowerShell
[0.708s] DEBUG:colcon.colcon_core.shell:Skip shell extension 'dsv' for command environment
[1.221s] INFO:colcon.colcon_core.task.python.build:Building Python package in '/home/jonat/ros2_ws/src/smarc2/quadrotor/quadrotor_basic_controller'
[1.221s] INFO:colcon.colcon_core.shell:Skip shell extension 'powershell' for command environment: Not usable outside of PowerShell
[1.222s] DEBUG:colcon.colcon_core.shell:Skip shell extension 'dsv' for command environment
[1.829s] DEBUG:colcon.colcon_core.event_handler.log_command:Invoking command in '/home/jonat/ros2_ws/src/smarc2/quadrotor/quadrotor_basic_controller': PYTHONPATH=/home/jonat/ros2_ws/src/smarc2/build/quadrotor_basic_controller/prefix_override:/usr/lib/python3/dist-packages/colcon_core/task/python/colcon_distutils_commands:/home/jonat/ros2_ws/src/smarc2/install/quadrotor_basic_controller/lib/python3.10/site-packages:${PYTHONPATH} /usr/bin/python3 -W ignore:setup.py install is deprecated setup.py egg_info --egg-base ../../build/quadrotor_basic_controller build --build-base /home/jonat/ros2_ws/src/smarc2/build/quadrotor_basic_controller/build install --record /home/jonat/ros2_ws/src/smarc2/build/quadrotor_basic_controller/install.log --single-version-externally-managed install_data
[2.356s] DEBUG:colcon.colcon_core.event_handler.log_command:Invoked command in '/home/jonat/ros2_ws/src/smarc2/quadrotor/quadrotor_basic_controller' returned '0': PYTHONPATH=/home/jonat/ros2_ws/src/smarc2/build/quadrotor_basic_controller/prefix_override:/usr/lib/python3/dist-packages/colcon_core/task/python/colcon_distutils_commands:/home/jonat/ros2_ws/src/smarc2/install/quadrotor_basic_controller/lib/python3.10/site-packages:${PYTHONPATH} /usr/bin/python3 -W ignore:setup.py install is deprecated setup.py egg_info --egg-base ../../build/quadrotor_basic_controller build --build-base /home/jonat/ros2_ws/src/smarc2/build/quadrotor_basic_controller/build install --record /home/jonat/ros2_ws/src/smarc2/build/quadrotor_basic_controller/install.log --single-version-externally-managed install_data
[2.359s] Level 1:colcon.colcon_core.environment:checking '/home/jonat/ros2_ws/src/smarc2/install/quadrotor_basic_controller' for CMake module files
[2.359s] Level 1:colcon.colcon_core.environment:checking '/home/jonat/ros2_ws/src/smarc2/install/quadrotor_basic_controller' for CMake config files
[2.360s] Level 1:colcon.colcon_core.environment:checking '/home/jonat/ros2_ws/src/smarc2/install/quadrotor_basic_controller/lib'
[2.360s] Level 1:colcon.colcon_core.environment:checking '/home/jonat/ros2_ws/src/smarc2/install/quadrotor_basic_controller/bin'
[2.360s] Level 1:colcon.colcon_core.environment:checking '/home/jonat/ros2_ws/src/smarc2/install/quadrotor_basic_controller/lib/pkgconfig/quadrotor_basic_controller.pc'
[2.360s] Level 1:colcon.colcon_core.environment:checking '/home/jonat/ros2_ws/src/smarc2/install/quadrotor_basic_controller/lib/python3.10/site-packages'
[2.360s] Level 1:colcon.colcon_core.shell:create_environment_hook('quadrotor_basic_controller', 'pythonpath')
[2.360s] INFO:colcon.colcon_core.shell:Creating environment hook '/home/jonat/ros2_ws/src/smarc2/install/quadrotor_basic_controller/share/quadrotor_basic_controller/hook/pythonpath.ps1'
[2.361s] INFO:colcon.colcon_core.shell:Creating environment descriptor '/home/jonat/ros2_ws/src/smarc2/install/quadrotor_basic_controller/share/quadrotor_basic_controller/hook/pythonpath.dsv'
[2.361s] INFO:colcon.colcon_core.shell:Creating environment hook '/home/jonat/ros2_ws/src/smarc2/install/quadrotor_basic_controller/share/quadrotor_basic_controller/hook/pythonpath.sh'
[2.361s] Level 1:colcon.colcon_core.environment:checking '/home/jonat/ros2_ws/src/smarc2/install/quadrotor_basic_controller/bin'
[2.361s] Level 1:colcon.colcon_core.environment:create_environment_scripts_only(quadrotor_basic_controller)
[2.362s] INFO:colcon.colcon_core.shell:Creating package script '/home/jonat/ros2_ws/src/smarc2/install/quadrotor_basic_controller/share/quadrotor_basic_controller/package.ps1'
[2.363s] INFO:colcon.colcon_core.shell:Creating package descriptor '/home/jonat/ros2_ws/src/smarc2/install/quadrotor_basic_controller/share/quadrotor_basic_controller/package.dsv'
[2.363s] INFO:colcon.colcon_core.shell:Creating package script '/home/jonat/ros2_ws/src/smarc2/install/quadrotor_basic_controller/share/quadrotor_basic_controller/package.sh'
[2.364s] INFO:colcon.colcon_core.shell:Creating package script '/home/jonat/ros2_ws/src/smarc2/install/quadrotor_basic_controller/share/quadrotor_basic_controller/package.bash'
[2.364s] INFO:colcon.colcon_core.shell:Creating package script '/home/jonat/ros2_ws/src/smarc2/install/quadrotor_basic_controller/share/quadrotor_basic_controller/package.zsh'
[2.365s] Level 1:colcon.colcon_core.environment:create_file_with_runtime_dependencies(/home/jonat/ros2_ws/src/smarc2/install/quadrotor_basic_controller/share/colcon-core/packages/quadrotor_basic_controller)
[2.365s] DEBUG:colcon.colcon_parallel_executor.executor.parallel:closing loop
[2.366s] DEBUG:colcon.colcon_parallel_executor.executor.parallel:loop closed
[2.366s] DEBUG:colcon.colcon_parallel_executor.executor.parallel:run_until_complete finished with '0'
[2.366s] DEBUG:colcon.colcon_core.event_reactor:joining thread
[2.376s] INFO:colcon.colcon_core.plugin_system:Skipping extension 'colcon_notification.desktop_notification.terminal_notifier': Not used on non-Darwin systems
[2.376s] INFO:colcon.colcon_core.plugin_system:Skipping extension 'colcon_notification.desktop_notification.win32': Not used on non-Windows systems
[2.376s] INFO:colcon.colcon_notification.desktop_notification:Sending desktop notification using 'notify2'
[2.404s] DEBUG:colcon.colcon_core.event_reactor:joined thread
[2.405s] INFO:colcon.colcon_core.shell:Creating prefix script '/home/jonat/ros2_ws/src/smarc2/install/local_setup.ps1'
[2.408s] INFO:colcon.colcon_core.shell:Creating prefix util module '/home/jonat/ros2_ws/src/smarc2/install/_local_setup_util_ps1.py'
[2.410s] INFO:colcon.colcon_core.shell:Creating prefix chain script '/home/jonat/ros2_ws/src/smarc2/install/setup.ps1'
[2.415s] INFO:colcon.colcon_core.shell:Creating prefix script '/home/jonat/ros2_ws/src/smarc2/install/local_setup.sh'
[2.416s] INFO:colcon.colcon_core.shell:Creating prefix util module '/home/jonat/ros2_ws/src/smarc2/install/_local_setup_util_sh.py'
[2.416s] INFO:colcon.colcon_core.shell:Creating prefix chain script '/home/jonat/ros2_ws/src/smarc2/install/setup.sh'
[2.419s] INFO:colcon.colcon_core.shell:Creating prefix script '/home/jonat/ros2_ws/src/smarc2/install/local_setup.bash'
[2.421s] INFO:colcon.colcon_core.shell:Creating prefix chain script '/home/jonat/ros2_ws/src/smarc2/install/setup.bash'
[2.424s] INFO:colcon.colcon_core.shell:Creating prefix script '/home/jonat/ros2_ws/src/smarc2/install/local_setup.zsh'
[2.425s] INFO:colcon.colcon_core.shell:Creating prefix chain script '/home/jonat/ros2_ws/src/smarc2/install/setup.zsh'
