running egg_info
creating ../build/state_estimation/state_estimation.egg-info
writing ../build/state_estimation/state_estimation.egg-info/PKG-INFO
writing dependency_links to ../build/state_estimation/state_estimation.egg-info/dependency_links.txt
writing entry points to ../build/state_estimation/state_estimation.egg-info/entry_points.txt
writing requirements to ../build/state_estimation/state_estimation.egg-info/requires.txt
writing top-level names to ../build/state_estimation/state_estimation.egg-info/top_level.txt
writing manifest file '../build/state_estimation/state_estimation.egg-info/SOURCES.txt'
reading manifest file '../build/state_estimation/state_estimation.egg-info/SOURCES.txt'
adding license file 'LICENSE'
writing manifest file '../build/state_estimation/state_estimation.egg-info/SOURCES.txt'
running build
running build_py
creating /home/schni2zle/colcon_ws/src/build/state_estimation/build
creating /home/schni2zle/colcon_ws/src/build/state_estimation/build/lib
copying estimator.py -> /home/schni2zle/colcon_ws/src/build/state_estimation/build/lib
copying KNN.py -> /home/schni2zle/colcon_ws/src/build/state_estimation/build/lib
copying model_kf.py -> /home/schni2zle/colcon_ws/src/build/state_estimation/build/lib
copying model_ekf.py -> /home/schni2zle/colcon_ws/src/build/state_estimation/build/lib
creating /home/schni2zle/colcon_ws/src/build/state_estimation/build/lib/state_estimation
copying state_estimation/__init__.py -> /home/schni2zle/colcon_ws/src/build/state_estimation/build/lib/state_estimation
running install
running install_lib
creating /home/schni2zle/colcon_ws/src/install/state_estimation/lib/python3.10/site-packages/state_estimation
copying /home/schni2zle/colcon_ws/src/build/state_estimation/build/lib/state_estimation/__init__.py -> /home/schni2zle/colcon_ws/src/install/state_estimation/lib/python3.10/site-packages/state_estimation
copying /home/schni2zle/colcon_ws/src/build/state_estimation/build/lib/model_ekf.py -> /home/schni2zle/colcon_ws/src/install/state_estimation/lib/python3.10/site-packages
copying /home/schni2zle/colcon_ws/src/build/state_estimation/build/lib/model_kf.py -> /home/schni2zle/colcon_ws/src/install/state_estimation/lib/python3.10/site-packages
copying /home/schni2zle/colcon_ws/src/build/state_estimation/build/lib/estimator.py -> /home/schni2zle/colcon_ws/src/install/state_estimation/lib/python3.10/site-packages
copying /home/schni2zle/colcon_ws/src/build/state_estimation/build/lib/KNN.py -> /home/schni2zle/colcon_ws/src/install/state_estimation/lib/python3.10/site-packages
byte-compiling /home/schni2zle/colcon_ws/src/install/state_estimation/lib/python3.10/site-packages/state_estimation/__init__.py to __init__.cpython-310.pyc
byte-compiling /home/schni2zle/colcon_ws/src/install/state_estimation/lib/python3.10/site-packages/model_ekf.py to model_ekf.cpython-310.pyc
byte-compiling /home/schni2zle/colcon_ws/src/install/state_estimation/lib/python3.10/site-packages/model_kf.py to model_kf.cpython-310.pyc
byte-compiling /home/schni2zle/colcon_ws/src/install/state_estimation/lib/python3.10/site-packages/estimator.py to estimator.cpython-310.pyc
byte-compiling /home/schni2zle/colcon_ws/src/install/state_estimation/lib/python3.10/site-packages/KNN.py to KNN.cpython-310.pyc
running install_data
creating /home/schni2zle/colcon_ws/src/install/state_estimation/share/ament_index
creating /home/schni2zle/colcon_ws/src/install/state_estimation/share/ament_index/resource_index
creating /home/schni2zle/colcon_ws/src/install/state_estimation/share/ament_index/resource_index/packages
copying resource/state_estimation -> /home/schni2zle/colcon_ws/src/install/state_estimation/share/ament_index/resource_index/packages
copying package.xml -> /home/schni2zle/colcon_ws/src/install/state_estimation/share/state_estimation
creating /home/schni2zle/colcon_ws/src/install/state_estimation/share/state_estimation/launch
copying launch/estimator_detector.launch.py -> /home/schni2zle/colcon_ws/src/install/state_estimation/share/state_estimation/launch
copying launch/detector_only.launch.py -> /home/schni2zle/colcon_ws/src/install/state_estimation/share/state_estimation/launch
running install_egg_info
Copying ../build/state_estimation/state_estimation.egg-info to /home/schni2zle/colcon_ws/src/install/state_estimation/lib/python3.10/site-packages/state_estimation-0.0.0-py3.10.egg-info
running install_scripts
Installing detector script to /home/schni2zle/colcon_ws/src/install/state_estimation/lib/state_estimation
Installing estimator script to /home/schni2zle/colcon_ws/src/install/state_estimation/lib/state_estimation
writing list of installed files to '/home/schni2zle/colcon_ws/src/build/state_estimation/install.log'
