running egg_info
writing ../../build/basic_go_to_waypoint/basic_go_to_waypoint.egg-info/PKG-INFO
writing dependency_links to ../../build/basic_go_to_waypoint/basic_go_to_waypoint.egg-info/dependency_links.txt
writing entry points to ../../build/basic_go_to_waypoint/basic_go_to_waypoint.egg-info/entry_points.txt
writing requirements to ../../build/basic_go_to_waypoint/basic_go_to_waypoint.egg-info/requires.txt
writing top-level names to ../../build/basic_go_to_waypoint/basic_go_to_waypoint.egg-info/top_level.txt
reading manifest file '../../build/basic_go_to_waypoint/basic_go_to_waypoint.egg-info/SOURCES.txt'
adding license file 'LICENSE'
writing manifest file '../../build/basic_go_to_waypoint/basic_go_to_waypoint.egg-info/SOURCES.txt'
running build
running build_py
running install
running install_lib
running install_data
running install_egg_info
removing '/home/schni2zle/colcon_ws/src/install/basic_go_to_waypoint/lib/python3.10/site-packages/basic_go_to_waypoint-0.0.0-py3.10.egg-info' (and everything under it)
Copying ../../build/basic_go_to_waypoint/basic_go_to_waypoint.egg-info to /home/schni2zle/colcon_ws/src/install/basic_go_to_waypoint/lib/python3.10/site-packages/basic_go_to_waypoint-0.0.0-py3.10.egg-info
running install_scripts
Installing action_client_node script to /home/schni2zle/colcon_ws/src/install/basic_go_to_waypoint/lib/basic_go_to_waypoint
Installing action_server_node script to /home/schni2zle/colcon_ws/src/install/basic_go_to_waypoint/lib/basic_go_to_waypoint
Installing view_test script to /home/schni2zle/colcon_ws/src/install/basic_go_to_waypoint/lib/basic_go_to_waypoint
Installing waypoint_following script to /home/schni2zle/colcon_ws/src/install/basic_go_to_waypoint/lib/basic_go_to_waypoint
writing list of installed files to '/home/schni2zle/colcon_ws/src/build/basic_go_to_waypoint/install.log'
