running egg_info
writing ../../../build/sam_dead_reckoning/sam_dead_reckoning.egg-info/PKG-INFO
writing dependency_links to ../../../build/sam_dead_reckoning/sam_dead_reckoning.egg-info/dependency_links.txt
writing entry points to ../../../build/sam_dead_reckoning/sam_dead_reckoning.egg-info/entry_points.txt
writing requirements to ../../../build/sam_dead_reckoning/sam_dead_reckoning.egg-info/requires.txt
writing top-level names to ../../../build/sam_dead_reckoning/sam_dead_reckoning.egg-info/top_level.txt
reading manifest file '../../../build/sam_dead_reckoning/sam_dead_reckoning.egg-info/SOURCES.txt'
writing manifest file '../../../build/sam_dead_reckoning/sam_dead_reckoning.egg-info/SOURCES.txt'
running build
running build_py
running install
running install_lib
running install_data
running install_egg_info
removing '/home/schni2zle/colcon_ws/src/install/sam_dead_reckoning/lib/python3.10/site-packages/sam_dead_reckoning-0.0.0-py3.10.egg-info' (and everything under it)
Copying ../../../build/sam_dead_reckoning/sam_dead_reckoning.egg-info to /home/schni2zle/colcon_ws/src/install/sam_dead_reckoning/lib/python3.10/site-packages/sam_dead_reckoning-0.0.0-py3.10.egg-info
running install_scripts
Installing compass_heading_node script to /home/schni2zle/colcon_ws/src/install/sam_dead_reckoning/lib/sam_dead_reckoning
Installing depth_node script to /home/schni2zle/colcon_ws/src/install/sam_dead_reckoning/lib/sam_dead_reckoning
Installing dr_lat_lon_node script to /home/schni2zle/colcon_ws/src/install/sam_dead_reckoning/lib/sam_dead_reckoning
Installing dr_node script to /home/schni2zle/colcon_ws/src/install/sam_dead_reckoning/lib/sam_dead_reckoning
Installing gps_node script to /home/schni2zle/colcon_ws/src/install/sam_dead_reckoning/lib/sam_dead_reckoning
Installing rpy_node script to /home/schni2zle/colcon_ws/src/install/sam_dead_reckoning/lib/sam_dead_reckoning
writing list of installed files to '/home/schni2zle/colcon_ws/src/build/sam_dead_reckoning/install.log'
