[3.810s] Invoking command in '/home/schni2zle/colcon_ws/src/navigation/dead_reckoning/sam_dead_reckoning': PYTHONPATH=/home/schni2zle/colcon_ws/src/build/sam_dead_reckoning/prefix_override:/usr/lib/python3/dist-packages/colcon_core/task/python/colcon_distutils_commands:/home/schni2zle/colcon_ws/src/install/sam_dead_reckoning/lib/python3.10/site-packages:${PYTHONPATH} /usr/bin/python3 -W ignore:setup.py install is deprecated setup.py egg_info --egg-base ../../../build/sam_dead_reckoning build --build-base /home/schni2zle/colcon_ws/src/build/sam_dead_reckoning/build install --record /home/schni2zle/colcon_ws/src/build/sam_dead_reckoning/install.log --single-version-externally-managed install_data
[6.055s] running egg_info
[6.059s] writing ../../../build/sam_dead_reckoning/sam_dead_reckoning.egg-info/PKG-INFO
[6.059s] writing dependency_links to ../../../build/sam_dead_reckoning/sam_dead_reckoning.egg-info/dependency_links.txt
[6.060s] writing entry points to ../../../build/sam_dead_reckoning/sam_dead_reckoning.egg-info/entry_points.txt
[6.060s] writing requirements to ../../../build/sam_dead_reckoning/sam_dead_reckoning.egg-info/requires.txt
[6.061s] writing top-level names to ../../../build/sam_dead_reckoning/sam_dead_reckoning.egg-info/top_level.txt
[6.079s] reading manifest file '../../../build/sam_dead_reckoning/sam_dead_reckoning.egg-info/SOURCES.txt'
[6.084s] writing manifest file '../../../build/sam_dead_reckoning/sam_dead_reckoning.egg-info/SOURCES.txt'
[6.084s] running build
[6.084s] running build_py
[6.088s] running install
[6.089s] running install_lib
[6.095s] running install_data
[6.097s] running install_egg_info
[6.102s] removing '/home/schni2zle/colcon_ws/src/install/sam_dead_reckoning/lib/python3.10/site-packages/sam_dead_reckoning-0.0.0-py3.10.egg-info' (and everything under it)
[6.104s] Copying ../../../build/sam_dead_reckoning/sam_dead_reckoning.egg-info to /home/schni2zle/colcon_ws/src/install/sam_dead_reckoning/lib/python3.10/site-packages/sam_dead_reckoning-0.0.0-py3.10.egg-info
[6.107s] running install_scripts
[6.193s] Installing compass_heading_node script to /home/schni2zle/colcon_ws/src/install/sam_dead_reckoning/lib/sam_dead_reckoning
[6.195s] Installing depth_node script to /home/schni2zle/colcon_ws/src/install/sam_dead_reckoning/lib/sam_dead_reckoning
[6.196s] Installing dr_lat_lon_node script to /home/schni2zle/colcon_ws/src/install/sam_dead_reckoning/lib/sam_dead_reckoning
[6.197s] Installing dr_node script to /home/schni2zle/colcon_ws/src/install/sam_dead_reckoning/lib/sam_dead_reckoning
[6.197s] Installing gps_node script to /home/schni2zle/colcon_ws/src/install/sam_dead_reckoning/lib/sam_dead_reckoning
[6.199s] Installing rpy_node script to /home/schni2zle/colcon_ws/src/install/sam_dead_reckoning/lib/sam_dead_reckoning
[6.199s] writing list of installed files to '/home/schni2zle/colcon_ws/src/build/sam_dead_reckoning/install.log'
[6.907s] Invoked command in '/home/schni2zle/colcon_ws/src/navigation/dead_reckoning/sam_dead_reckoning' returned '0': PYTHONPATH=/home/schni2zle/colcon_ws/src/build/sam_dead_reckoning/prefix_override:/usr/lib/python3/dist-packages/colcon_core/task/python/colcon_distutils_commands:/home/schni2zle/colcon_ws/src/install/sam_dead_reckoning/lib/python3.10/site-packages:${PYTHONPATH} /usr/bin/python3 -W ignore:setup.py install is deprecated setup.py egg_info --egg-base ../../../build/sam_dead_reckoning build --build-base /home/schni2zle/colcon_ws/src/build/sam_dead_reckoning/build install --record /home/schni2zle/colcon_ws/src/build/sam_dead_reckoning/install.log --single-version-externally-managed install_data
