[0.668s] Invoking command in '/home/schni2zle/colcon_ws/src/build/smarc_control_msgs': CMAKE_PREFIX_PATH=${CMAKE_PREFIX_PATH}:/home/schni2zle/colcon_ws/src/install/workshopfun:/home/schni2zle/colcon_ws/src/install/utm_latlon_converter:/home/schni2zle/colcon_ws/src/install/test_package:/home/schni2zle/colcon_ws/src/install/state_estimation:/home/schni2zle/colcon_ws/src/install/smarc_nodered:/home/schni2zle/colcon_ws/src/install/smarc_bt:/home/schni2zle/colcon_ws/src/install/smarc_bringups:/home/schni2zle/colcon_ws/src/install/sam_dead_reckoning:/home/schni2zle/colcon_ws/src/install/ros_tcp_endpoint:/home/schni2zle/colcon_ws/src/install/ros2_python_examples:/home/schni2zle/colcon_ws/src/install/quadrotor_basic_controller:/home/schni2zle/colcon_ws/src/install/mqtt_bridge:/home/schni2zle/colcon_ws/src/install/dubins_planner:/home/schni2zle/colcon_ws/src/install/dive_control:/home/schni2zle/colcon_ws/src/install/basic_go_to_waypoint:/home/schni2zle/colcon_ws/src/install/basic_depth_pitch_control:/home/schni2zle/colcon_ws/install/workshopfun:/home/schni2zle/colcon_ws/install/utm_latlon_converter:/home/schni2zle/colcon_ws/install/smarc_nodered:/home/schni2zle/colcon_ws/install/smarc_bt:/home/schni2zle/colcon_ws/install/smarc_bringups:/home/schni2zle/colcon_ws/install/sam_dead_reckoning:/home/schni2zle/colcon_ws/install/ros_tcp_endpoint:/home/schni2zle/colcon_ws/install/ros2_python_examples:/home/schni2zle/colcon_ws/install/mqtt_bridge:/home/schni2zle/colcon_ws/install/dubins_planner:/home/schni2zle/colcon_ws/install/basic_go_to_waypoint:/opt/ros/humble /usr/bin/cmake --build /home/schni2zle/colcon_ws/src/build/smarc_control_msgs -- -j8 -l8
[0.890s] [  1%] Built target smarc_control_msgs__cpp
[0.907s] [ 12%] Built target smarc_control_msgs__rosidl_generator_c
[0.907s] [ 12%] Built target ament_cmake_python_copy_smarc_control_msgs
[1.155s] [ 23%] Built target smarc_control_msgs__rosidl_typesupport_introspection_cpp
[1.173s] [ 35%] Built target smarc_control_msgs__rosidl_typesupport_fastrtps_cpp
[1.175s] [ 46%] Built target smarc_control_msgs__rosidl_typesupport_fastrtps_c
[1.219s] [ 57%] Built target smarc_control_msgs__rosidl_typesupport_cpp
[1.257s] [ 69%] Built target smarc_control_msgs__rosidl_typesupport_c
[1.284s] [ 80%] Built target smarc_control_msgs__rosidl_typesupport_introspection_c
[1.602s] [ 80%] Built target smarc_control_msgs
[1.770s] [ 81%] Built target smarc_control_msgs__py
[1.964s] [ 91%] Built target smarc_control_msgs__rosidl_generator_py
[2.107s] [ 94%] Built target smarc_control_msgs__rosidl_typesupport_fastrtps_c__pyext
[2.143s] [ 97%] Built target smarc_control_msgs__rosidl_typesupport_introspection_c__pyext
[2.160s] [100%] Built target smarc_control_msgs__rosidl_typesupport_c__pyext
[3.379s] running egg_info
[3.381s] writing smarc_control_msgs.egg-info/PKG-INFO
[3.382s] writing dependency_links to smarc_control_msgs.egg-info/dependency_links.txt
[3.383s] writing top-level names to smarc_control_msgs.egg-info/top_level.txt
[3.390s] reading manifest file 'smarc_control_msgs.egg-info/SOURCES.txt'
[3.392s] writing manifest file 'smarc_control_msgs.egg-info/SOURCES.txt'
[3.476s] [100%] Built target ament_cmake_python_build_smarc_control_msgs_egg
[4.128s] Invoked command in '/home/schni2zle/colcon_ws/src/build/smarc_control_msgs' returned '0': CMAKE_PREFIX_PATH=${CMAKE_PREFIX_PATH}:/home/schni2zle/colcon_ws/src/install/workshopfun:/home/schni2zle/colcon_ws/src/install/utm_latlon_converter:/home/schni2zle/colcon_ws/src/install/test_package:/home/schni2zle/colcon_ws/src/install/state_estimation:/home/schni2zle/colcon_ws/src/install/smarc_nodered:/home/schni2zle/colcon_ws/src/install/smarc_bt:/home/schni2zle/colcon_ws/src/install/smarc_bringups:/home/schni2zle/colcon_ws/src/install/sam_dead_reckoning:/home/schni2zle/colcon_ws/src/install/ros_tcp_endpoint:/home/schni2zle/colcon_ws/src/install/ros2_python_examples:/home/schni2zle/colcon_ws/src/install/quadrotor_basic_controller:/home/schni2zle/colcon_ws/src/install/mqtt_bridge:/home/schni2zle/colcon_ws/src/install/dubins_planner:/home/schni2zle/colcon_ws/src/install/dive_control:/home/schni2zle/colcon_ws/src/install/basic_go_to_waypoint:/home/schni2zle/colcon_ws/src/install/basic_depth_pitch_control:/home/schni2zle/colcon_ws/install/workshopfun:/home/schni2zle/colcon_ws/install/utm_latlon_converter:/home/schni2zle/colcon_ws/install/smarc_nodered:/home/schni2zle/colcon_ws/install/smarc_bt:/home/schni2zle/colcon_ws/install/smarc_bringups:/home/schni2zle/colcon_ws/install/sam_dead_reckoning:/home/schni2zle/colcon_ws/install/ros_tcp_endpoint:/home/schni2zle/colcon_ws/install/ros2_python_examples:/home/schni2zle/colcon_ws/install/mqtt_bridge:/home/schni2zle/colcon_ws/install/dubins_planner:/home/schni2zle/colcon_ws/install/basic_go_to_waypoint:/opt/ros/humble /usr/bin/cmake --build /home/schni2zle/colcon_ws/src/build/smarc_control_msgs -- -j8 -l8
[6.955s] Invoking command in '/home/schni2zle/colcon_ws/src/build/smarc_control_msgs': CMAKE_PREFIX_PATH=${CMAKE_PREFIX_PATH}:/home/schni2zle/colcon_ws/src/install/workshopfun:/home/schni2zle/colcon_ws/src/install/utm_latlon_converter:/home/schni2zle/colcon_ws/src/install/test_package:/home/schni2zle/colcon_ws/src/install/state_estimation:/home/schni2zle/colcon_ws/src/install/smarc_nodered:/home/schni2zle/colcon_ws/src/install/smarc_bt:/home/schni2zle/colcon_ws/src/install/smarc_bringups:/home/schni2zle/colcon_ws/src/install/sam_dead_reckoning:/home/schni2zle/colcon_ws/src/install/ros_tcp_endpoint:/home/schni2zle/colcon_ws/src/install/ros2_python_examples:/home/schni2zle/colcon_ws/src/install/quadrotor_basic_controller:/home/schni2zle/colcon_ws/src/install/mqtt_bridge:/home/schni2zle/colcon_ws/src/install/dubins_planner:/home/schni2zle/colcon_ws/src/install/dive_control:/home/schni2zle/colcon_ws/src/install/basic_go_to_waypoint:/home/schni2zle/colcon_ws/src/install/basic_depth_pitch_control:/home/schni2zle/colcon_ws/install/workshopfun:/home/schni2zle/colcon_ws/install/utm_latlon_converter:/home/schni2zle/colcon_ws/install/smarc_nodered:/home/schni2zle/colcon_ws/install/smarc_bt:/home/schni2zle/colcon_ws/install/smarc_bringups:/home/schni2zle/colcon_ws/install/sam_dead_reckoning:/home/schni2zle/colcon_ws/install/ros_tcp_endpoint:/home/schni2zle/colcon_ws/install/ros2_python_examples:/home/schni2zle/colcon_ws/install/mqtt_bridge:/home/schni2zle/colcon_ws/install/dubins_planner:/home/schni2zle/colcon_ws/install/basic_go_to_waypoint:/opt/ros/humble /usr/bin/cmake --install /home/schni2zle/colcon_ws/src/build/smarc_control_msgs
[7.039s] -- Install configuration: ""
[7.042s] -- Up-to-date: /home/schni2zle/colcon_ws/src/install/smarc_control_msgs/share/ament_index/resource_index/rosidl_interfaces/smarc_control_msgs
[7.045s] -- Up-to-date: /home/schni2zle/colcon_ws/src/install/smarc_control_msgs/include/smarc_control_msgs/smarc_control_msgs
[7.047s] -- Up-to-date: /home/schni2zle/colcon_ws/src/install/smarc_control_msgs/include/smarc_control_msgs/smarc_control_msgs/msg
[7.047s] -- Up-to-date: /home/schni2zle/colcon_ws/src/install/smarc_control_msgs/include/smarc_control_msgs/smarc_control_msgs/msg/rosidl_generator_c__visibility_control.h
[7.048s] -- Up-to-date: /home/schni2zle/colcon_ws/src/install/smarc_control_msgs/include/smarc_control_msgs/smarc_control_msgs/msg/state.h
[7.048s] -- Up-to-date: /home/schni2zle/colcon_ws/src/install/smarc_control_msgs/include/smarc_control_msgs/smarc_control_msgs/msg/control_reference.h
[7.048s] -- Up-to-date: /home/schni2zle/colcon_ws/src/install/smarc_control_msgs/include/smarc_control_msgs/smarc_control_msgs/msg/detail
[7.052s] -- Up-to-date: /home/schni2zle/colcon_ws/src/install/smarc_control_msgs/include/smarc_control_msgs/smarc_control_msgs/msg/detail/control_reference__functions.h
[7.052s] -- Up-to-date: /home/schni2zle/colcon_ws/src/install/smarc_control_msgs/include/smarc_control_msgs/smarc_control_msgs/msg/detail/state__type_support.h
[7.053s] -- Up-to-date: /home/schni2zle/colcon_ws/src/install/smarc_control_msgs/include/smarc_control_msgs/smarc_control_msgs/msg/detail/control_reference__functions.c
[7.053s] -- Up-to-date: /home/schni2zle/colcon_ws/src/install/smarc_control_msgs/include/smarc_control_msgs/smarc_control_msgs/msg/detail/topics__struct.h
[7.053s] -- Up-to-date: /home/schni2zle/colcon_ws/src/install/smarc_control_msgs/include/smarc_control_msgs/smarc_control_msgs/msg/detail/control_input__struct.h
[7.053s] -- Up-to-date: /home/schni2zle/colcon_ws/src/install/smarc_control_msgs/include/smarc_control_msgs/smarc_control_msgs/msg/detail/control_state__struct.h
[7.053s] -- Up-to-date: /home/schni2zle/colcon_ws/src/install/smarc_control_msgs/include/smarc_control_msgs/smarc_control_msgs/msg/detail/control_input__functions.c
[7.054s] -- Up-to-date: /home/schni2zle/colcon_ws/src/install/smarc_control_msgs/include/smarc_control_msgs/smarc_control_msgs/msg/detail/topics__type_support.h
[7.054s] -- Up-to-date: /home/schni2zle/colcon_ws/src/install/smarc_control_msgs/include/smarc_control_msgs/smarc_control_msgs/msg/detail/control_error__functions.h
[7.059s] -- Up-to-date: /home/schni2zle/colcon_ws/src/install/smarc_control_msgs/include/smarc_control_msgs/smarc_control_msgs/msg/detail/control_state__functions.h
[7.061s] -- Up-to-date: /home/schni2zle/colcon_ws/src/install/smarc_control_msgs/include/smarc_control_msgs/smarc_control_msgs/msg/detail/topics__functions.h
[7.061s] -- Up-to-date: /home/schni2zle/colcon_ws/src/install/smarc_control_msgs/include/smarc_control_msgs/smarc_control_msgs/msg/detail/control_error__struct.h
[7.061s] -- Up-to-date: /home/schni2zle/colcon_ws/src/install/smarc_control_msgs/include/smarc_control_msgs/smarc_control_msgs/msg/detail/topics__functions.c
[7.061s] -- Up-to-date: /home/schni2zle/colcon_ws/src/install/smarc_control_msgs/include/smarc_control_msgs/smarc_control_msgs/msg/detail/state__functions.h
[7.061s] -- Up-to-date: /home/schni2zle/colcon_ws/src/install/smarc_control_msgs/include/smarc_control_msgs/smarc_control_msgs/msg/detail/control_reference__struct.h
[7.062s] -- Up-to-date: /home/schni2zle/colcon_ws/src/install/smarc_control_msgs/include/smarc_control_msgs/smarc_control_msgs/msg/detail/state__struct.h
[7.069s] -- Up-to-date: /home/schni2zle/colcon_ws/src/install/smarc_control_msgs/include/smarc_control_msgs/smarc_control_msgs/msg/detail/control_reference__type_support.h
[7.070s] -- Up-to-date: /home/schni2zle/colcon_ws/src/install/smarc_control_msgs/include/smarc_control_msgs/smarc_control_msgs/msg/detail/control_state__type_support.h
[7.070s] -- Up-to-date: /home/schni2zle/colcon_ws/src/install/smarc_control_msgs/include/smarc_control_msgs/smarc_control_msgs/msg/detail/state__functions.c
[7.070s] -- Up-to-date: /home/schni2zle/colcon_ws/src/install/smarc_control_msgs/include/smarc_control_msgs/smarc_control_msgs/msg/detail/control_state__functions.c
[7.070s] -- Up-to-date: /home/schni2zle/colcon_ws/src/install/smarc_control_msgs/include/smarc_control_msgs/smarc_control_msgs/msg/detail/control_input__functions.h
[7.070s] -- Up-to-date: /home/schni2zle/colcon_ws/src/install/smarc_control_msgs/include/smarc_control_msgs/smarc_control_msgs/msg/detail/control_input__type_support.h
[7.071s] -- Up-to-date: /home/schni2zle/colcon_ws/src/install/smarc_control_msgs/include/smarc_control_msgs/smarc_control_msgs/msg/detail/control_error__functions.c
[7.071s] -- Up-to-date: /home/schni2zle/colcon_ws/src/install/smarc_control_msgs/include/smarc_control_msgs/smarc_control_msgs/msg/detail/control_error__type_support.h
[7.071s] -- Up-to-date: /home/schni2zle/colcon_ws/src/install/smarc_control_msgs/include/smarc_control_msgs/smarc_control_msgs/msg/control_state.h
[7.071s] -- Up-to-date: /home/schni2zle/colcon_ws/src/install/smarc_control_msgs/include/smarc_control_msgs/smarc_control_msgs/msg/control_error.h
[7.071s] -- Up-to-date: /home/schni2zle/colcon_ws/src/install/smarc_control_msgs/include/smarc_control_msgs/smarc_control_msgs/msg/control_input.h
[7.072s] -- Up-to-date: /home/schni2zle/colcon_ws/src/install/smarc_control_msgs/include/smarc_control_msgs/smarc_control_msgs/msg/topics.h
[7.072s] -- Up-to-date: /home/schni2zle/colcon_ws/src/install/smarc_control_msgs/share/smarc_control_msgs/environment/library_path.sh
[7.072s] -- Up-to-date: /home/schni2zle/colcon_ws/src/install/smarc_control_msgs/share/smarc_control_msgs/environment/library_path.dsv
[7.073s] -- Up-to-date: /home/schni2zle/colcon_ws/src/install/smarc_control_msgs/lib/libsmarc_control_msgs__rosidl_generator_c.so
[7.073s] -- Up-to-date: /home/schni2zle/colcon_ws/src/install/smarc_control_msgs/include/smarc_control_msgs/smarc_control_msgs
[7.074s] -- Up-to-date: /home/schni2zle/colcon_ws/src/install/smarc_control_msgs/include/smarc_control_msgs/smarc_control_msgs/msg
[7.074s] -- Up-to-date: /home/schni2zle/colcon_ws/src/install/smarc_control_msgs/include/smarc_control_msgs/smarc_control_msgs/msg/rosidl_typesupport_fastrtps_c__visibility_control.h
[7.075s] -- Up-to-date: /home/schni2zle/colcon_ws/src/install/smarc_control_msgs/include/smarc_control_msgs/smarc_control_msgs/msg/detail
[7.075s] -- Up-to-date: /home/schni2zle/colcon_ws/src/install/smarc_control_msgs/include/smarc_control_msgs/smarc_control_msgs/msg/detail/control_input__rosidl_typesupport_fastrtps_c.h
[7.075s] -- Up-to-date: /home/schni2zle/colcon_ws/src/install/smarc_control_msgs/include/smarc_control_msgs/smarc_control_msgs/msg/detail/topics__rosidl_typesupport_fastrtps_c.h
[7.076s] -- Up-to-date: /home/schni2zle/colcon_ws/src/install/smarc_control_msgs/include/smarc_control_msgs/smarc_control_msgs/msg/detail/state__rosidl_typesupport_fastrtps_c.h
[7.076s] -- Up-to-date: /home/schni2zle/colcon_ws/src/install/smarc_control_msgs/include/smarc_control_msgs/smarc_control_msgs/msg/detail/control_error__rosidl_typesupport_fastrtps_c.h
[7.077s] -- Up-to-date: /home/schni2zle/colcon_ws/src/install/smarc_control_msgs/include/smarc_control_msgs/smarc_control_msgs/msg/detail/control_state__rosidl_typesupport_fastrtps_c.h
[7.077s] -- Up-to-date: /home/schni2zle/colcon_ws/src/install/smarc_control_msgs/include/smarc_control_msgs/smarc_control_msgs/msg/detail/control_reference__rosidl_typesupport_fastrtps_c.h
[7.077s] -- Up-to-date: /home/schni2zle/colcon_ws/src/install/smarc_control_msgs/lib/libsmarc_control_msgs__rosidl_typesupport_fastrtps_c.so
[7.077s] -- Up-to-date: /home/schni2zle/colcon_ws/src/install/smarc_control_msgs/include/smarc_control_msgs/smarc_control_msgs
[7.077s] -- Up-to-date: /home/schni2zle/colcon_ws/src/install/smarc_control_msgs/include/smarc_control_msgs/smarc_control_msgs/msg
[7.078s] -- Up-to-date: /home/schni2zle/colcon_ws/src/install/smarc_control_msgs/include/smarc_control_msgs/smarc_control_msgs/msg/rosidl_typesupport_introspection_c__visibility_control.h
[7.078s] -- Up-to-date: /home/schni2zle/colcon_ws/src/install/smarc_control_msgs/include/smarc_control_msgs/smarc_control_msgs/msg/detail
[7.081s] -- Up-to-date: /home/schni2zle/colcon_ws/src/install/smarc_control_msgs/include/smarc_control_msgs/smarc_control_msgs/msg/detail/topics__type_support.c
[7.108s] -- Up-to-date: /home/schni2zle/colcon_ws/src/install/smarc_control_msgs/include/smarc_control_msgs/smarc_control_msgs/msg/detail/control_reference__type_support.c
[7.108s] -- Up-to-date: /home/schni2zle/colcon_ws/src/install/smarc_control_msgs/include/smarc_control_msgs/smarc_control_msgs/msg/detail/control_input__rosidl_typesupport_introspection_c.h
[7.112s] -- Up-to-date: /home/schni2zle/colcon_ws/src/install/smarc_control_msgs/include/smarc_control_msgs/smarc_control_msgs/msg/detail/control_state__rosidl_typesupport_introspection_c.h
[7.113s] -- Up-to-date: /home/schni2zle/colcon_ws/src/install/smarc_control_msgs/include/smarc_control_msgs/smarc_control_msgs/msg/detail/control_error__rosidl_typesupport_introspection_c.h
[7.113s] -- Up-to-date: /home/schni2zle/colcon_ws/src/install/smarc_control_msgs/include/smarc_control_msgs/smarc_control_msgs/msg/detail/state__type_support.c
[7.113s] -- Up-to-date: /home/schni2zle/colcon_ws/src/install/smarc_control_msgs/include/smarc_control_msgs/smarc_control_msgs/msg/detail/control_input__type_support.c
[7.113s] -- Up-to-date: /home/schni2zle/colcon_ws/src/install/smarc_control_msgs/include/smarc_control_msgs/smarc_control_msgs/msg/detail/state__rosidl_typesupport_introspection_c.h
[7.113s] -- Up-to-date: /home/schni2zle/colcon_ws/src/install/smarc_control_msgs/include/smarc_control_msgs/smarc_control_msgs/msg/detail/control_state__type_support.c
[7.114s] -- Up-to-date: /home/schni2zle/colcon_ws/src/install/smarc_control_msgs/include/smarc_control_msgs/smarc_control_msgs/msg/detail/control_error__type_support.c
[7.114s] -- Up-to-date: /home/schni2zle/colcon_ws/src/install/smarc_control_msgs/include/smarc_control_msgs/smarc_control_msgs/msg/detail/topics__rosidl_typesupport_introspection_c.h
[7.114s] -- Up-to-date: /home/schni2zle/colcon_ws/src/install/smarc_control_msgs/include/smarc_control_msgs/smarc_control_msgs/msg/detail/control_reference__rosidl_typesupport_introspection_c.h
[7.114s] -- Up-to-date: /home/schni2zle/colcon_ws/src/install/smarc_control_msgs/lib/libsmarc_control_msgs__rosidl_typesupport_introspection_c.so
[7.114s] -- Up-to-date: /home/schni2zle/colcon_ws/src/install/smarc_control_msgs/lib/libsmarc_control_msgs__rosidl_typesupport_c.so
[7.115s] -- Up-to-date: /home/schni2zle/colcon_ws/src/install/smarc_control_msgs/include/smarc_control_msgs/smarc_control_msgs
[7.115s] -- Up-to-date: /home/schni2zle/colcon_ws/src/install/smarc_control_msgs/include/smarc_control_msgs/smarc_control_msgs/msg
[7.115s] -- Up-to-date: /home/schni2zle/colcon_ws/src/install/smarc_control_msgs/include/smarc_control_msgs/smarc_control_msgs/msg/state.hpp
[7.115s] -- Up-to-date: /home/schni2zle/colcon_ws/src/install/smarc_control_msgs/include/smarc_control_msgs/smarc_control_msgs/msg/control_reference.hpp
[7.115s] -- Up-to-date: /home/schni2zle/colcon_ws/src/install/smarc_control_msgs/include/smarc_control_msgs/smarc_control_msgs/msg/control_error.hpp
[7.116s] -- Up-to-date: /home/schni2zle/colcon_ws/src/install/smarc_control_msgs/include/smarc_control_msgs/smarc_control_msgs/msg/control_input.hpp
[7.116s] -- Up-to-date: /home/schni2zle/colcon_ws/src/install/smarc_control_msgs/include/smarc_control_msgs/smarc_control_msgs/msg/detail
[7.120s] -- Up-to-date: /home/schni2zle/colcon_ws/src/install/smarc_control_msgs/include/smarc_control_msgs/smarc_control_msgs/msg/detail/control_error__traits.hpp
[7.120s] -- Up-to-date: /home/schni2zle/colcon_ws/src/install/smarc_control_msgs/include/smarc_control_msgs/smarc_control_msgs/msg/detail/control_input__struct.hpp
[7.121s] -- Up-to-date: /home/schni2zle/colcon_ws/src/install/smarc_control_msgs/include/smarc_control_msgs/smarc_control_msgs/msg/detail/control_input__builder.hpp
[7.121s] -- Up-to-date: /home/schni2zle/colcon_ws/src/install/smarc_control_msgs/include/smarc_control_msgs/smarc_control_msgs/msg/detail/topics__struct.hpp
[7.121s] -- Up-to-date: /home/schni2zle/colcon_ws/src/install/smarc_control_msgs/include/smarc_control_msgs/smarc_control_msgs/msg/detail/state__builder.hpp
[7.125s] -- Up-to-date: /home/schni2zle/colcon_ws/src/install/smarc_control_msgs/include/smarc_control_msgs/smarc_control_msgs/msg/detail/topics__traits.hpp
[7.125s] -- Up-to-date: /home/schni2zle/colcon_ws/src/install/smarc_control_msgs/include/smarc_control_msgs/smarc_control_msgs/msg/detail/control_reference__traits.hpp
[7.134s] -- Up-to-date: /home/schni2zle/colcon_ws/src/install/smarc_control_msgs/include/smarc_control_msgs/smarc_control_msgs/msg/detail/control_error__struct.hpp
[7.135s] -- Up-to-date: /home/schni2zle/colcon_ws/src/install/smarc_control_msgs/include/smarc_control_msgs/smarc_control_msgs/msg/detail/topics__builder.hpp
[7.135s] -- Up-to-date: /home/schni2zle/colcon_ws/src/install/smarc_control_msgs/include/smarc_control_msgs/smarc_control_msgs/msg/detail/control_state__builder.hpp
[7.135s] -- Up-to-date: /home/schni2zle/colcon_ws/src/install/smarc_control_msgs/include/smarc_control_msgs/smarc_control_msgs/msg/detail/control_reference__struct.hpp
[7.135s] -- Up-to-date: /home/schni2zle/colcon_ws/src/install/smarc_control_msgs/include/smarc_control_msgs/smarc_control_msgs/msg/detail/control_state__struct.hpp
[7.137s] -- Up-to-date: /home/schni2zle/colcon_ws/src/install/smarc_control_msgs/include/smarc_control_msgs/smarc_control_msgs/msg/detail/state__struct.hpp
[7.138s] -- Up-to-date: /home/schni2zle/colcon_ws/src/install/smarc_control_msgs/include/smarc_control_msgs/smarc_control_msgs/msg/detail/state__traits.hpp
[7.138s] -- Up-to-date: /home/schni2zle/colcon_ws/src/install/smarc_control_msgs/include/smarc_control_msgs/smarc_control_msgs/msg/detail/control_state__traits.hpp
[7.138s] -- Up-to-date: /home/schni2zle/colcon_ws/src/install/smarc_control_msgs/include/smarc_control_msgs/smarc_control_msgs/msg/detail/control_error__builder.hpp
[7.138s] -- Up-to-date: /home/schni2zle/colcon_ws/src/install/smarc_control_msgs/include/smarc_control_msgs/smarc_control_msgs/msg/detail/control_reference__builder.hpp
[7.138s] -- Up-to-date: /home/schni2zle/colcon_ws/src/install/smarc_control_msgs/include/smarc_control_msgs/smarc_control_msgs/msg/detail/control_input__traits.hpp
[7.139s] -- Up-to-date: /home/schni2zle/colcon_ws/src/install/smarc_control_msgs/include/smarc_control_msgs/smarc_control_msgs/msg/control_state.hpp
[7.139s] -- Up-to-date: /home/schni2zle/colcon_ws/src/install/smarc_control_msgs/include/smarc_control_msgs/smarc_control_msgs/msg/topics.hpp
[7.141s] -- Up-to-date: /home/schni2zle/colcon_ws/src/install/smarc_control_msgs/include/smarc_control_msgs/smarc_control_msgs
[7.141s] -- Up-to-date: /home/schni2zle/colcon_ws/src/install/smarc_control_msgs/include/smarc_control_msgs/smarc_control_msgs/msg
[7.142s] -- Up-to-date: /home/schni2zle/colcon_ws/src/install/smarc_control_msgs/include/smarc_control_msgs/smarc_control_msgs/msg/rosidl_typesupport_fastrtps_cpp__visibility_control.h
[7.142s] -- Up-to-date: /home/schni2zle/colcon_ws/src/install/smarc_control_msgs/include/smarc_control_msgs/smarc_control_msgs/msg/detail
[7.143s] -- Up-to-date: /home/schni2zle/colcon_ws/src/install/smarc_control_msgs/include/smarc_control_msgs/smarc_control_msgs/msg/detail/control_error__rosidl_typesupport_fastrtps_cpp.hpp
[7.143s] -- Up-to-date: /home/schni2zle/colcon_ws/src/install/smarc_control_msgs/include/smarc_control_msgs/smarc_control_msgs/msg/detail/topics__rosidl_typesupport_fastrtps_cpp.hpp
[7.143s] -- Up-to-date: /home/schni2zle/colcon_ws/src/install/smarc_control_msgs/include/smarc_control_msgs/smarc_control_msgs/msg/detail/control_input__rosidl_typesupport_fastrtps_cpp.hpp
[7.143s] -- Up-to-date: /home/schni2zle/colcon_ws/src/install/smarc_control_msgs/include/smarc_control_msgs/smarc_control_msgs/msg/detail/state__rosidl_typesupport_fastrtps_cpp.hpp
[7.143s] -- Up-to-date: /home/schni2zle/colcon_ws/src/install/smarc_control_msgs/include/smarc_control_msgs/smarc_control_msgs/msg/detail/dds_fastrtps
[7.144s] -- Up-to-date: /home/schni2zle/colcon_ws/src/install/smarc_control_msgs/include/smarc_control_msgs/smarc_control_msgs/msg/detail/control_state__rosidl_typesupport_fastrtps_cpp.hpp
[7.144s] -- Up-to-date: /home/schni2zle/colcon_ws/src/install/smarc_control_msgs/include/smarc_control_msgs/smarc_control_msgs/msg/detail/control_reference__rosidl_typesupport_fastrtps_cpp.hpp
[7.144s] -- Up-to-date: /home/schni2zle/colcon_ws/src/install/smarc_control_msgs/lib/libsmarc_control_msgs__rosidl_typesupport_fastrtps_cpp.so
[7.144s] -- Up-to-date: /home/schni2zle/colcon_ws/src/install/smarc_control_msgs/include/smarc_control_msgs/smarc_control_msgs
[7.149s] -- Up-to-date: /home/schni2zle/colcon_ws/src/install/smarc_control_msgs/include/smarc_control_msgs/smarc_control_msgs/msg
[7.173s] -- Up-to-date: /home/schni2zle/colcon_ws/src/install/smarc_control_msgs/include/smarc_control_msgs/smarc_control_msgs/msg/detail
[7.173s] -- Up-to-date: /home/schni2zle/colcon_ws/src/install/smarc_control_msgs/include/smarc_control_msgs/smarc_control_msgs/msg/detail/control_state__type_support.cpp
[7.173s] -- Up-to-date: /home/schni2zle/colcon_ws/src/install/smarc_control_msgs/include/smarc_control_msgs/smarc_control_msgs/msg/detail/topics__type_support.cpp
[7.174s] -- Up-to-date: /home/schni2zle/colcon_ws/src/install/smarc_control_msgs/include/smarc_control_msgs/smarc_control_msgs/msg/detail/control_error__type_support.cpp
[7.174s] -- Up-to-date: /home/schni2zle/colcon_ws/src/install/smarc_control_msgs/include/smarc_control_msgs/smarc_control_msgs/msg/detail/control_state__rosidl_typesupport_introspection_cpp.hpp
[7.174s] -- Up-to-date: /home/schni2zle/colcon_ws/src/install/smarc_control_msgs/include/smarc_control_msgs/smarc_control_msgs/msg/detail/state__type_support.cpp
[7.174s] -- Up-to-date: /home/schni2zle/colcon_ws/src/install/smarc_control_msgs/include/smarc_control_msgs/smarc_control_msgs/msg/detail/control_reference__rosidl_typesupport_introspection_cpp.hpp
[7.184s] -- Up-to-date: /home/schni2zle/colcon_ws/src/install/smarc_control_msgs/include/smarc_control_msgs/smarc_control_msgs/msg/detail/control_reference__type_support.cpp
[7.184s] -- Up-to-date: /home/schni2zle/colcon_ws/src/install/smarc_control_msgs/include/smarc_control_msgs/smarc_control_msgs/msg/detail/topics__rosidl_typesupport_introspection_cpp.hpp
[7.184s] -- Up-to-date: /home/schni2zle/colcon_ws/src/install/smarc_control_msgs/include/smarc_control_msgs/smarc_control_msgs/msg/detail/control_error__rosidl_typesupport_introspection_cpp.hpp
[7.185s] -- Up-to-date: /home/schni2zle/colcon_ws/src/install/smarc_control_msgs/include/smarc_control_msgs/smarc_control_msgs/msg/detail/control_input__rosidl_typesupport_introspection_cpp.hpp
[7.185s] -- Up-to-date: /home/schni2zle/colcon_ws/src/install/smarc_control_msgs/include/smarc_control_msgs/smarc_control_msgs/msg/detail/state__rosidl_typesupport_introspection_cpp.hpp
[7.185s] -- Up-to-date: /home/schni2zle/colcon_ws/src/install/smarc_control_msgs/include/smarc_control_msgs/smarc_control_msgs/msg/detail/control_input__type_support.cpp
[7.185s] -- Up-to-date: /home/schni2zle/colcon_ws/src/install/smarc_control_msgs/lib/libsmarc_control_msgs__rosidl_typesupport_introspection_cpp.so
[7.185s] -- Up-to-date: /home/schni2zle/colcon_ws/src/install/smarc_control_msgs/lib/libsmarc_control_msgs__rosidl_typesupport_cpp.so
[7.186s] -- Up-to-date: /home/schni2zle/colcon_ws/src/install/smarc_control_msgs/share/smarc_control_msgs/environment/pythonpath.sh
[7.186s] -- Up-to-date: /home/schni2zle/colcon_ws/src/install/smarc_control_msgs/share/smarc_control_msgs/environment/pythonpath.dsv
[7.186s] -- Up-to-date: /home/schni2zle/colcon_ws/src/install/smarc_control_msgs/local/lib/python3.10/dist-packages/smarc_control_msgs-0.0.0-py3.10.egg-info
[7.186s] -- Installing: /home/schni2zle/colcon_ws/src/install/smarc_control_msgs/local/lib/python3.10/dist-packages/smarc_control_msgs-0.0.0-py3.10.egg-info/PKG-INFO
[7.186s] -- Installing: /home/schni2zle/colcon_ws/src/install/smarc_control_msgs/local/lib/python3.10/dist-packages/smarc_control_msgs-0.0.0-py3.10.egg-info/SOURCES.txt
[7.187s] -- Installing: /home/schni2zle/colcon_ws/src/install/smarc_control_msgs/local/lib/python3.10/dist-packages/smarc_control_msgs-0.0.0-py3.10.egg-info/top_level.txt
[7.196s] -- Installing: /home/schni2zle/colcon_ws/src/install/smarc_control_msgs/local/lib/python3.10/dist-packages/smarc_control_msgs-0.0.0-py3.10.egg-info/dependency_links.txt
[7.196s] -- Up-to-date: /home/schni2zle/colcon_ws/src/install/smarc_control_msgs/local/lib/python3.10/dist-packages/smarc_control_msgs
[7.196s] -- Up-to-date: /home/schni2zle/colcon_ws/src/install/smarc_control_msgs/local/lib/python3.10/dist-packages/smarc_control_msgs/_smarc_control_msgs_s.ep.rosidl_typesupport_fastrtps_c.c
[7.196s] -- Up-to-date: /home/schni2zle/colcon_ws/src/install/smarc_control_msgs/local/lib/python3.10/dist-packages/smarc_control_msgs/msg
[7.196s] -- Up-to-date: /home/schni2zle/colcon_ws/src/install/smarc_control_msgs/local/lib/python3.10/dist-packages/smarc_control_msgs/msg/_control_reference.py
[7.197s] -- Up-to-date: /home/schni2zle/colcon_ws/src/install/smarc_control_msgs/local/lib/python3.10/dist-packages/smarc_control_msgs/msg/_control_error.py
[7.210s] -- Up-to-date: /home/schni2zle/colcon_ws/src/install/smarc_control_msgs/local/lib/python3.10/dist-packages/smarc_control_msgs/msg/_control_input.py
[7.210s] -- Up-to-date: /home/schni2zle/colcon_ws/src/install/smarc_control_msgs/local/lib/python3.10/dist-packages/smarc_control_msgs/msg/_topics_s.c
[7.210s] -- Up-to-date: /home/schni2zle/colcon_ws/src/install/smarc_control_msgs/local/lib/python3.10/dist-packages/smarc_control_msgs/msg/_control_reference_s.c
[7.210s] -- Up-to-date: /home/schni2zle/colcon_ws/src/install/smarc_control_msgs/local/lib/python3.10/dist-packages/smarc_control_msgs/msg/_control_error_s.c
[7.211s] -- Up-to-date: /home/schni2zle/colcon_ws/src/install/smarc_control_msgs/local/lib/python3.10/dist-packages/smarc_control_msgs/msg/_topics.py
[7.211s] -- Up-to-date: /home/schni2zle/colcon_ws/src/install/smarc_control_msgs/local/lib/python3.10/dist-packages/smarc_control_msgs/msg/_control_state.py
[7.215s] -- Up-to-date: /home/schni2zle/colcon_ws/src/install/smarc_control_msgs/local/lib/python3.10/dist-packages/smarc_control_msgs/msg/__init__.py
[7.215s] -- Up-to-date: /home/schni2zle/colcon_ws/src/install/smarc_control_msgs/local/lib/python3.10/dist-packages/smarc_control_msgs/msg/_state.py
[7.216s] -- Up-to-date: /home/schni2zle/colcon_ws/src/install/smarc_control_msgs/local/lib/python3.10/dist-packages/smarc_control_msgs/msg/_control_input_s.c
[7.216s] -- Up-to-date: /home/schni2zle/colcon_ws/src/install/smarc_control_msgs/local/lib/python3.10/dist-packages/smarc_control_msgs/msg/_state_s.c
[7.216s] -- Up-to-date: /home/schni2zle/colcon_ws/src/install/smarc_control_msgs/local/lib/python3.10/dist-packages/smarc_control_msgs/msg/_control_state_s.c
[7.216s] -- Up-to-date: /home/schni2zle/colcon_ws/src/install/smarc_control_msgs/local/lib/python3.10/dist-packages/smarc_control_msgs/libsmarc_control_msgs__rosidl_generator_py.so
[7.218s] -- Up-to-date: /home/schni2zle/colcon_ws/src/install/smarc_control_msgs/local/lib/python3.10/dist-packages/smarc_control_msgs/smarc_control_msgs_s__rosidl_typesupport_fastrtps_c.cpython-310-x86_64-linux-gnu.so
[7.218s] -- Up-to-date: /home/schni2zle/colcon_ws/src/install/smarc_control_msgs/local/lib/python3.10/dist-packages/smarc_control_msgs/_smarc_control_msgs_s.ep.rosidl_typesupport_introspection_c.c
[7.218s] -- Up-to-date: /home/schni2zle/colcon_ws/src/install/smarc_control_msgs/local/lib/python3.10/dist-packages/smarc_control_msgs/__init__.py
[7.218s] -- Up-to-date: /home/schni2zle/colcon_ws/src/install/smarc_control_msgs/local/lib/python3.10/dist-packages/smarc_control_msgs/_smarc_control_msgs_s.ep.rosidl_typesupport_c.c
[7.219s] -- Up-to-date: /home/schni2zle/colcon_ws/src/install/smarc_control_msgs/local/lib/python3.10/dist-packages/smarc_control_msgs/smarc_control_msgs_s__rosidl_typesupport_c.cpython-310-x86_64-linux-gnu.so
[7.219s] -- Up-to-date: /home/schni2zle/colcon_ws/src/install/smarc_control_msgs/local/lib/python3.10/dist-packages/smarc_control_msgs/smarc_control_msgs_s__rosidl_typesupport_introspection_c.cpython-310-x86_64-linux-gnu.so
[7.259s] Listing '/home/schni2zle/colcon_ws/src/install/smarc_control_msgs/local/lib/python3.10/dist-packages/smarc_control_msgs'...
[7.260s] Listing '/home/schni2zle/colcon_ws/src/install/smarc_control_msgs/local/lib/python3.10/dist-packages/smarc_control_msgs/msg'...
[7.275s] -- Up-to-date: /home/schni2zle/colcon_ws/src/install/smarc_control_msgs/local/lib/python3.10/dist-packages/smarc_control_msgs/smarc_control_msgs_s__rosidl_typesupport_fastrtps_c.cpython-310-x86_64-linux-gnu.so
[7.276s] -- Up-to-date: /home/schni2zle/colcon_ws/src/install/smarc_control_msgs/local/lib/python3.10/dist-packages/smarc_control_msgs/smarc_control_msgs_s__rosidl_typesupport_introspection_c.cpython-310-x86_64-linux-gnu.so
[7.277s] -- Up-to-date: /home/schni2zle/colcon_ws/src/install/smarc_control_msgs/local/lib/python3.10/dist-packages/smarc_control_msgs/smarc_control_msgs_s__rosidl_typesupport_c.cpython-310-x86_64-linux-gnu.so
[7.278s] -- Up-to-date: /home/schni2zle/colcon_ws/src/install/smarc_control_msgs/lib/libsmarc_control_msgs__rosidl_generator_py.so
[7.279s] -- Up-to-date: /home/schni2zle/colcon_ws/src/install/smarc_control_msgs/share/smarc_control_msgs/msg/Topics.idl
[7.280s] -- Up-to-date: /home/schni2zle/colcon_ws/src/install/smarc_control_msgs/share/smarc_control_msgs/msg/ControlError.idl
[7.280s] -- Up-to-date: /home/schni2zle/colcon_ws/src/install/smarc_control_msgs/share/smarc_control_msgs/msg/ControlInput.idl
[7.280s] -- Up-to-date: /home/schni2zle/colcon_ws/src/install/smarc_control_msgs/share/smarc_control_msgs/msg/ControlReference.idl
[7.282s] -- Up-to-date: /home/schni2zle/colcon_ws/src/install/smarc_control_msgs/share/smarc_control_msgs/msg/ControlState.idl
[7.283s] -- Up-to-date: /home/schni2zle/colcon_ws/src/install/smarc_control_msgs/share/smarc_control_msgs/msg/State.idl
[7.283s] -- Up-to-date: /home/schni2zle/colcon_ws/src/install/smarc_control_msgs/share/smarc_control_msgs/msg/Topics.msg
[7.283s] -- Up-to-date: /home/schni2zle/colcon_ws/src/install/smarc_control_msgs/share/smarc_control_msgs/msg/ControlError.msg
[7.283s] -- Up-to-date: /home/schni2zle/colcon_ws/src/install/smarc_control_msgs/share/smarc_control_msgs/msg/ControlInput.msg
[7.283s] -- Up-to-date: /home/schni2zle/colcon_ws/src/install/smarc_control_msgs/share/smarc_control_msgs/msg/ControlReference.msg
[7.284s] -- Up-to-date: /home/schni2zle/colcon_ws/src/install/smarc_control_msgs/share/smarc_control_msgs/msg/ControlState.msg
[7.284s] -- Up-to-date: /home/schni2zle/colcon_ws/src/install/smarc_control_msgs/share/smarc_control_msgs/msg/State.msg
[7.284s] -- Up-to-date: /home/schni2zle/colcon_ws/src/install/smarc_control_msgs/share/ament_index/resource_index/package_run_dependencies/smarc_control_msgs
[7.286s] -- Up-to-date: /home/schni2zle/colcon_ws/src/install/smarc_control_msgs/share/ament_index/resource_index/parent_prefix_path/smarc_control_msgs
[7.286s] -- Up-to-date: /home/schni2zle/colcon_ws/src/install/smarc_control_msgs/share/smarc_control_msgs/environment/ament_prefix_path.sh
[7.286s] -- Up-to-date: /home/schni2zle/colcon_ws/src/install/smarc_control_msgs/share/smarc_control_msgs/environment/ament_prefix_path.dsv
[7.287s] -- Up-to-date: /home/schni2zle/colcon_ws/src/install/smarc_control_msgs/share/smarc_control_msgs/environment/path.sh
[7.287s] -- Up-to-date: /home/schni2zle/colcon_ws/src/install/smarc_control_msgs/share/smarc_control_msgs/environment/path.dsv
[7.288s] -- Up-to-date: /home/schni2zle/colcon_ws/src/install/smarc_control_msgs/share/smarc_control_msgs/local_setup.bash
[7.288s] -- Up-to-date: /home/schni2zle/colcon_ws/src/install/smarc_control_msgs/share/smarc_control_msgs/local_setup.sh
[7.289s] -- Up-to-date: /home/schni2zle/colcon_ws/src/install/smarc_control_msgs/share/smarc_control_msgs/local_setup.zsh
[7.292s] -- Up-to-date: /home/schni2zle/colcon_ws/src/install/smarc_control_msgs/share/smarc_control_msgs/local_setup.dsv
[7.292s] -- Installing: /home/schni2zle/colcon_ws/src/install/smarc_control_msgs/share/smarc_control_msgs/package.dsv
[7.293s] -- Up-to-date: /home/schni2zle/colcon_ws/src/install/smarc_control_msgs/share/ament_index/resource_index/packages/smarc_control_msgs
[7.294s] -- Up-to-date: /home/schni2zle/colcon_ws/src/install/smarc_control_msgs/share/smarc_control_msgs/cmake/export_smarc_control_msgs__rosidl_generator_cExport.cmake
[7.295s] -- Up-to-date: /home/schni2zle/colcon_ws/src/install/smarc_control_msgs/share/smarc_control_msgs/cmake/export_smarc_control_msgs__rosidl_generator_cExport-noconfig.cmake
[7.296s] -- Up-to-date: /home/schni2zle/colcon_ws/src/install/smarc_control_msgs/share/smarc_control_msgs/cmake/export_smarc_control_msgs__rosidl_typesupport_fastrtps_cExport.cmake
[7.298s] -- Up-to-date: /home/schni2zle/colcon_ws/src/install/smarc_control_msgs/share/smarc_control_msgs/cmake/export_smarc_control_msgs__rosidl_typesupport_fastrtps_cExport-noconfig.cmake
[7.298s] -- Up-to-date: /home/schni2zle/colcon_ws/src/install/smarc_control_msgs/share/smarc_control_msgs/cmake/smarc_control_msgs__rosidl_typesupport_introspection_cExport.cmake
[7.298s] -- Up-to-date: /home/schni2zle/colcon_ws/src/install/smarc_control_msgs/share/smarc_control_msgs/cmake/smarc_control_msgs__rosidl_typesupport_introspection_cExport-noconfig.cmake
[7.299s] -- Up-to-date: /home/schni2zle/colcon_ws/src/install/smarc_control_msgs/share/smarc_control_msgs/cmake/smarc_control_msgs__rosidl_typesupport_cExport.cmake
[7.300s] -- Up-to-date: /home/schni2zle/colcon_ws/src/install/smarc_control_msgs/share/smarc_control_msgs/cmake/smarc_control_msgs__rosidl_typesupport_cExport-noconfig.cmake
[7.300s] -- Up-to-date: /home/schni2zle/colcon_ws/src/install/smarc_control_msgs/share/smarc_control_msgs/cmake/export_smarc_control_msgs__rosidl_generator_cppExport.cmake
[7.301s] -- Up-to-date: /home/schni2zle/colcon_ws/src/install/smarc_control_msgs/share/smarc_control_msgs/cmake/export_smarc_control_msgs__rosidl_typesupport_fastrtps_cppExport.cmake
[7.302s] -- Up-to-date: /home/schni2zle/colcon_ws/src/install/smarc_control_msgs/share/smarc_control_msgs/cmake/export_smarc_control_msgs__rosidl_typesupport_fastrtps_cppExport-noconfig.cmake
[7.302s] -- Up-to-date: /home/schni2zle/colcon_ws/src/install/smarc_control_msgs/share/smarc_control_msgs/cmake/smarc_control_msgs__rosidl_typesupport_introspection_cppExport.cmake
[7.303s] -- Up-to-date: /home/schni2zle/colcon_ws/src/install/smarc_control_msgs/share/smarc_control_msgs/cmake/smarc_control_msgs__rosidl_typesupport_introspection_cppExport-noconfig.cmake
[7.304s] -- Up-to-date: /home/schni2zle/colcon_ws/src/install/smarc_control_msgs/share/smarc_control_msgs/cmake/smarc_control_msgs__rosidl_typesupport_cppExport.cmake
[7.305s] -- Up-to-date: /home/schni2zle/colcon_ws/src/install/smarc_control_msgs/share/smarc_control_msgs/cmake/smarc_control_msgs__rosidl_typesupport_cppExport-noconfig.cmake
[7.306s] -- Up-to-date: /home/schni2zle/colcon_ws/src/install/smarc_control_msgs/share/smarc_control_msgs/cmake/export_smarc_control_msgs__rosidl_generator_pyExport.cmake
[7.306s] -- Up-to-date: /home/schni2zle/colcon_ws/src/install/smarc_control_msgs/share/smarc_control_msgs/cmake/export_smarc_control_msgs__rosidl_generator_pyExport-noconfig.cmake
[7.307s] -- Up-to-date: /home/schni2zle/colcon_ws/src/install/smarc_control_msgs/share/smarc_control_msgs/cmake/rosidl_cmake-extras.cmake
[7.308s] -- Up-to-date: /home/schni2zle/colcon_ws/src/install/smarc_control_msgs/share/smarc_control_msgs/cmake/ament_cmake_export_dependencies-extras.cmake
[7.309s] -- Up-to-date: /home/schni2zle/colcon_ws/src/install/smarc_control_msgs/share/smarc_control_msgs/cmake/ament_cmake_export_include_directories-extras.cmake
[7.309s] -- Up-to-date: /home/schni2zle/colcon_ws/src/install/smarc_control_msgs/share/smarc_control_msgs/cmake/ament_cmake_export_libraries-extras.cmake
[7.310s] -- Up-to-date: /home/schni2zle/colcon_ws/src/install/smarc_control_msgs/share/smarc_control_msgs/cmake/ament_cmake_export_targets-extras.cmake
[7.311s] -- Up-to-date: /home/schni2zle/colcon_ws/src/install/smarc_control_msgs/share/smarc_control_msgs/cmake/rosidl_cmake_export_typesupport_targets-extras.cmake
[7.313s] -- Up-to-date: /home/schni2zle/colcon_ws/src/install/smarc_control_msgs/share/smarc_control_msgs/cmake/rosidl_cmake_export_typesupport_libraries-extras.cmake
[7.313s] -- Up-to-date: /home/schni2zle/colcon_ws/src/install/smarc_control_msgs/share/smarc_control_msgs/cmake/smarc_control_msgsConfig.cmake
[7.314s] -- Up-to-date: /home/schni2zle/colcon_ws/src/install/smarc_control_msgs/share/smarc_control_msgs/cmake/smarc_control_msgsConfig-version.cmake
[7.314s] -- Up-to-date: /home/schni2zle/colcon_ws/src/install/smarc_control_msgs/share/smarc_control_msgs/package.xml
[8.167s] Invoked command in '/home/schni2zle/colcon_ws/src/build/smarc_control_msgs' returned '0': CMAKE_PREFIX_PATH=${CMAKE_PREFIX_PATH}:/home/schni2zle/colcon_ws/src/install/workshopfun:/home/schni2zle/colcon_ws/src/install/utm_latlon_converter:/home/schni2zle/colcon_ws/src/install/test_package:/home/schni2zle/colcon_ws/src/install/state_estimation:/home/schni2zle/colcon_ws/src/install/smarc_nodered:/home/schni2zle/colcon_ws/src/install/smarc_bt:/home/schni2zle/colcon_ws/src/install/smarc_bringups:/home/schni2zle/colcon_ws/src/install/sam_dead_reckoning:/home/schni2zle/colcon_ws/src/install/ros_tcp_endpoint:/home/schni2zle/colcon_ws/src/install/ros2_python_examples:/home/schni2zle/colcon_ws/src/install/quadrotor_basic_controller:/home/schni2zle/colcon_ws/src/install/mqtt_bridge:/home/schni2zle/colcon_ws/src/install/dubins_planner:/home/schni2zle/colcon_ws/src/install/dive_control:/home/schni2zle/colcon_ws/src/install/basic_go_to_waypoint:/home/schni2zle/colcon_ws/src/install/basic_depth_pitch_control:/home/schni2zle/colcon_ws/install/workshopfun:/home/schni2zle/colcon_ws/install/utm_latlon_converter:/home/schni2zle/colcon_ws/install/smarc_nodered:/home/schni2zle/colcon_ws/install/smarc_bt:/home/schni2zle/colcon_ws/install/smarc_bringups:/home/schni2zle/colcon_ws/install/sam_dead_reckoning:/home/schni2zle/colcon_ws/install/ros_tcp_endpoint:/home/schni2zle/colcon_ws/install/ros2_python_examples:/home/schni2zle/colcon_ws/install/mqtt_bridge:/home/schni2zle/colcon_ws/install/dubins_planner:/home/schni2zle/colcon_ws/install/basic_go_to_waypoint:/opt/ros/humble /usr/bin/cmake --install /home/schni2zle/colcon_ws/src/build/smarc_control_msgs
