[3.097s] Invoking command in '/home/schni2zle/colcon_ws/src/examples/ros2_python_examples': PYTHONPATH=/home/schni2zle/colcon_ws/src/build/ros2_python_examples/prefix_override:/usr/lib/python3/dist-packages/colcon_core/task/python/colcon_distutils_commands:/home/schni2zle/colcon_ws/src/install/ros2_python_examples/lib/python3.10/site-packages:${PYTHONPATH} /usr/bin/python3 -W ignore:setup.py install is deprecated setup.py egg_info --egg-base ../../build/ros2_python_examples build --build-base /home/schni2zle/colcon_ws/src/build/ros2_python_examples/build install --record /home/schni2zle/colcon_ws/src/build/ros2_python_examples/install.log --single-version-externally-managed install_data
[4.130s] running egg_info
[4.132s] writing ../../build/ros2_python_examples/ros2_python_examples.egg-info/PKG-INFO
[4.133s] writing dependency_links to ../../build/ros2_python_examples/ros2_python_examples.egg-info/dependency_links.txt
[4.133s] writing entry points to ../../build/ros2_python_examples/ros2_python_examples.egg-info/entry_points.txt
[4.134s] writing requirements to ../../build/ros2_python_examples/ros2_python_examples.egg-info/requires.txt
[4.134s] writing top-level names to ../../build/ros2_python_examples/ros2_python_examples.egg-info/top_level.txt
[4.139s] reading manifest file '../../build/ros2_python_examples/ros2_python_examples.egg-info/SOURCES.txt'
[4.140s] adding license file 'LICENSE'
[4.143s] writing manifest file '../../build/ros2_python_examples/ros2_python_examples.egg-info/SOURCES.txt'
[4.143s] running build
[4.143s] running build_py
[4.144s] running install
[4.145s] running install_lib
[4.151s] running install_data
[4.151s] running install_egg_info
[4.157s] removing '/home/schni2zle/colcon_ws/src/install/ros2_python_examples/lib/python3.10/site-packages/ros2_python_examples-0.0.0-py3.10.egg-info' (and everything under it)
[4.161s] Copying ../../build/ros2_python_examples/ros2_python_examples.egg-info to /home/schni2zle/colcon_ws/src/install/ros2_python_examples/lib/python3.10/site-packages/ros2_python_examples-0.0.0-py3.10.egg-info
[4.161s] running install_scripts
[4.221s] Installing example_node script to /home/schni2zle/colcon_ws/src/install/ros2_python_examples/lib/ros2_python_examples
[4.223s] writing list of installed files to '/home/schni2zle/colcon_ws/src/build/ros2_python_examples/install.log'
[5.290s] Invoked command in '/home/schni2zle/colcon_ws/src/examples/ros2_python_examples' returned '0': PYTHONPATH=/home/schni2zle/colcon_ws/src/build/ros2_python_examples/prefix_override:/usr/lib/python3/dist-packages/colcon_core/task/python/colcon_distutils_commands:/home/schni2zle/colcon_ws/src/install/ros2_python_examples/lib/python3.10/site-packages:${PYTHONPATH} /usr/bin/python3 -W ignore:setup.py install is deprecated setup.py egg_info --egg-base ../../build/ros2_python_examples build --build-base /home/schni2zle/colcon_ws/src/build/ros2_python_examples/build install --record /home/schni2zle/colcon_ws/src/build/ros2_python_examples/install.log --single-version-externally-managed install_data
