[  0%] Built target smarc_msgs__cpp
[ 12%] Built target smarc_msgs__rosidl_generator_c
[ 12%] Built target ament_cmake_python_copy_smarc_msgs
[ 24%] Built target smarc_msgs__rosidl_typesupport_cpp
[ 49%] Built target smarc_msgs__rosidl_typesupport_fastrtps_cpp
[ 49%] Built target smarc_msgs__rosidl_typesupport_introspection_cpp
[ 62%] Built target smarc_msgs__rosidl_typesupport_introspection_c
[ 74%] Built target smarc_msgs__rosidl_typesupport_c
[ 86%] Built target smarc_msgs__rosidl_typesupport_fastrtps_c
[ 86%] Built target smarc_msgs
[ 86%] Built target smarc_msgs__py
[ 98%] Built target smarc_msgs__rosidl_generator_py
[ 98%] Built target smarc_msgs__rosidl_typesupport_introspection_c__pyext
[ 99%] Built target smarc_msgs__rosidl_typesupport_c__pyext
[100%] Built target smarc_msgs__rosidl_typesupport_fastrtps_c__pyext
running egg_info
writing smarc_msgs.egg-info/PKG-INFO
writing dependency_links to smarc_msgs.egg-info/dependency_links.txt
writing top-level names to smarc_msgs.egg-info/top_level.txt
reading manifest file 'smarc_msgs.egg-info/SOURCES.txt'
writing manifest file 'smarc_msgs.egg-info/SOURCES.txt'
[100%] Built target ament_cmake_python_build_smarc_msgs_egg
-- Install configuration: ""
-- Up-to-date: /home/schni2zle/colcon_ws/src/install/smarc_msgs/share/ament_index/resource_index/rosidl_interfaces/smarc_msgs
-- Up-to-date: /home/schni2zle/colcon_ws/src/install/smarc_msgs/include/smarc_msgs/smarc_msgs
-- Up-to-date: /home/schni2zle/colcon_ws/src/install/smarc_msgs/include/smarc_msgs/smarc_msgs/msg
-- Up-to-date: /home/schni2zle/colcon_ws/src/install/smarc_msgs/include/smarc_msgs/smarc_msgs/msg/string_array.h
-- Up-to-date: /home/schni2zle/colcon_ws/src/install/smarc_msgs/include/smarc_msgs/smarc_msgs/msg/rosidl_generator_c__visibility_control.h
-- Up-to-date: /home/schni2zle/colcon_ws/src/install/smarc_msgs/include/smarc_msgs/smarc_msgs/msg/ctd.h
-- Up-to-date: /home/schni2zle/colcon_ws/src/install/smarc_msgs/include/smarc_msgs/smarc_msgs/msg/comms_message.h
-- Up-to-date: /home/schni2zle/colcon_ws/src/install/smarc_msgs/include/smarc_msgs/smarc_msgs/msg/sidescan.h
-- Up-to-date: /home/schni2zle/colcon_ws/src/install/smarc_msgs/include/smarc_msgs/smarc_msgs/msg/execution_status.h
-- Up-to-date: /home/schni2zle/colcon_ws/src/install/smarc_msgs/include/smarc_msgs/smarc_msgs/msg/dvl_beam.h
-- Up-to-date: /home/schni2zle/colcon_ws/src/install/smarc_msgs/include/smarc_msgs/smarc_msgs/msg/thruster_rpm.h
-- Up-to-date: /home/schni2zle/colcon_ws/src/install/smarc_msgs/include/smarc_msgs/smarc_msgs/msg/sm_task.h
-- Up-to-date: /home/schni2zle/colcon_ws/src/install/smarc_msgs/include/smarc_msgs/smarc_msgs/msg/controller_status.h
-- Up-to-date: /home/schni2zle/colcon_ws/src/install/smarc_msgs/include/smarc_msgs/smarc_msgs/msg/leak.h
-- Up-to-date: /home/schni2zle/colcon_ws/src/install/smarc_msgs/include/smarc_msgs/smarc_msgs/msg/dual_thruster_feedback.h
-- Up-to-date: /home/schni2zle/colcon_ws/src/install/smarc_msgs/include/smarc_msgs/smarc_msgs/msg/detail
-- Up-to-date: /home/schni2zle/colcon_ws/src/install/smarc_msgs/include/smarc_msgs/smarc_msgs/msg/detail/string_pair__functions.c
-- Up-to-date: /home/schni2zle/colcon_ws/src/install/smarc_msgs/include/smarc_msgs/smarc_msgs/msg/detail/float_stamped__functions.c
-- Up-to-date: /home/schni2zle/colcon_ws/src/install/smarc_msgs/include/smarc_msgs/smarc_msgs/msg/detail/dual_thruster_feedback__type_support.h
-- Up-to-date: /home/schni2zle/colcon_ws/src/install/smarc_msgs/include/smarc_msgs/smarc_msgs/msg/detail/string_array__functions.h
-- Up-to-date: /home/schni2zle/colcon_ws/src/install/smarc_msgs/include/smarc_msgs/smarc_msgs/msg/detail/thruster_dc__functions.c
-- Up-to-date: /home/schni2zle/colcon_ws/src/install/smarc_msgs/include/smarc_msgs/smarc_msgs/msg/detail/comms_message__functions.h
-- Up-to-date: /home/schni2zle/colcon_ws/src/install/smarc_msgs/include/smarc_msgs/smarc_msgs/msg/detail/execution_status__functions.h
-- Up-to-date: /home/schni2zle/colcon_ws/src/install/smarc_msgs/include/smarc_msgs/smarc_msgs/msg/detail/controller_status__functions.h
-- Up-to-date: /home/schni2zle/colcon_ws/src/install/smarc_msgs/include/smarc_msgs/smarc_msgs/msg/detail/leak__functions.h
-- Up-to-date: /home/schni2zle/colcon_ws/src/install/smarc_msgs/include/smarc_msgs/smarc_msgs/msg/detail/thruster_feedback__functions.c
-- Up-to-date: /home/schni2zle/colcon_ws/src/install/smarc_msgs/include/smarc_msgs/smarc_msgs/msg/detail/leak__functions.c
-- Up-to-date: /home/schni2zle/colcon_ws/src/install/smarc_msgs/include/smarc_msgs/smarc_msgs/msg/detail/topics__struct.h
-- Up-to-date: /home/schni2zle/colcon_ws/src/install/smarc_msgs/include/smarc_msgs/smarc_msgs/msg/detail/execution_status__functions.c
-- Up-to-date: /home/schni2zle/colcon_ws/src/install/smarc_msgs/include/smarc_msgs/smarc_msgs/msg/detail/sensor_status__functions.c
-- Up-to-date: /home/schni2zle/colcon_ws/src/install/smarc_msgs/include/smarc_msgs/smarc_msgs/msg/detail/dvl_beam__type_support.h
-- Up-to-date: /home/schni2zle/colcon_ws/src/install/smarc_msgs/include/smarc_msgs/smarc_msgs/msg/detail/dvl_beam__functions.h
-- Up-to-date: /home/schni2zle/colcon_ws/src/install/smarc_msgs/include/smarc_msgs/smarc_msgs/msg/detail/dual_thruster_feedback__struct.h
-- Up-to-date: /home/schni2zle/colcon_ws/src/install/smarc_msgs/include/smarc_msgs/smarc_msgs/msg/detail/leak__type_support.h
-- Up-to-date: /home/schni2zle/colcon_ws/src/install/smarc_msgs/include/smarc_msgs/smarc_msgs/msg/detail/ctd__type_support.h
-- Up-to-date: /home/schni2zle/colcon_ws/src/install/smarc_msgs/include/smarc_msgs/smarc_msgs/msg/detail/lat_lon_stamped__type_support.h
-- Up-to-date: /home/schni2zle/colcon_ws/src/install/smarc_msgs/include/smarc_msgs/smarc_msgs/msg/detail/dvl__struct.h
-- Up-to-date: /home/schni2zle/colcon_ws/src/install/smarc_msgs/include/smarc_msgs/smarc_msgs/msg/detail/dvl__type_support.h
-- Up-to-date: /home/schni2zle/colcon_ws/src/install/smarc_msgs/include/smarc_msgs/smarc_msgs/msg/detail/dual_thruster_rpm__functions.h
-- Up-to-date: /home/schni2zle/colcon_ws/src/install/smarc_msgs/include/smarc_msgs/smarc_msgs/msg/detail/float_stamped__struct.h
-- Up-to-date: /home/schni2zle/colcon_ws/src/install/smarc_msgs/include/smarc_msgs/smarc_msgs/msg/detail/sensor_status__type_support.h
-- Up-to-date: /home/schni2zle/colcon_ws/src/install/smarc_msgs/include/smarc_msgs/smarc_msgs/msg/detail/string_array__functions.c
-- Up-to-date: /home/schni2zle/colcon_ws/src/install/smarc_msgs/include/smarc_msgs/smarc_msgs/msg/detail/topics__type_support.h
-- Up-to-date: /home/schni2zle/colcon_ws/src/install/smarc_msgs/include/smarc_msgs/smarc_msgs/msg/detail/controller_status__type_support.h
-- Up-to-date: /home/schni2zle/colcon_ws/src/install/smarc_msgs/include/smarc_msgs/smarc_msgs/msg/detail/thruster_dc__type_support.h
-- Up-to-date: /home/schni2zle/colcon_ws/src/install/smarc_msgs/include/smarc_msgs/smarc_msgs/msg/detail/thruster_feedback__functions.h
-- Up-to-date: /home/schni2zle/colcon_ws/src/install/smarc_msgs/include/smarc_msgs/smarc_msgs/msg/detail/lat_lon_odometry__struct.h
-- Up-to-date: /home/schni2zle/colcon_ws/src/install/smarc_msgs/include/smarc_msgs/smarc_msgs/msg/detail/execution_status__type_support.h
-- Up-to-date: /home/schni2zle/colcon_ws/src/install/smarc_msgs/include/smarc_msgs/smarc_msgs/msg/detail/lat_lon_odometry__type_support.h
-- Up-to-date: /home/schni2zle/colcon_ws/src/install/smarc_msgs/include/smarc_msgs/smarc_msgs/msg/detail/string_stamped__functions.h
-- Up-to-date: /home/schni2zle/colcon_ws/src/install/smarc_msgs/include/smarc_msgs/smarc_msgs/msg/detail/execution_status__struct.h
-- Up-to-date: /home/schni2zle/colcon_ws/src/install/smarc_msgs/include/smarc_msgs/smarc_msgs/msg/detail/topics__functions.h
-- Up-to-date: /home/schni2zle/colcon_ws/src/install/smarc_msgs/include/smarc_msgs/smarc_msgs/msg/detail/float_stamped__type_support.h
-- Up-to-date: /home/schni2zle/colcon_ws/src/install/smarc_msgs/include/smarc_msgs/smarc_msgs/msg/detail/sm_task__struct.h
-- Up-to-date: /home/schni2zle/colcon_ws/src/install/smarc_msgs/include/smarc_msgs/smarc_msgs/msg/detail/lat_lon_stamped__functions.h
-- Up-to-date: /home/schni2zle/colcon_ws/src/install/smarc_msgs/include/smarc_msgs/smarc_msgs/msg/detail/float_stamped__functions.h
-- Up-to-date: /home/schni2zle/colcon_ws/src/install/smarc_msgs/include/smarc_msgs/smarc_msgs/msg/detail/sensor_status__functions.h
-- Up-to-date: /home/schni2zle/colcon_ws/src/install/smarc_msgs/include/smarc_msgs/smarc_msgs/msg/detail/dual_thruster_feedback__functions.h
-- Up-to-date: /home/schni2zle/colcon_ws/src/install/smarc_msgs/include/smarc_msgs/smarc_msgs/msg/detail/topics__functions.c
-- Up-to-date: /home/schni2zle/colcon_ws/src/install/smarc_msgs/include/smarc_msgs/smarc_msgs/msg/detail/sidescan__type_support.h
-- Up-to-date: /home/schni2zle/colcon_ws/src/install/smarc_msgs/include/smarc_msgs/smarc_msgs/msg/detail/string_pair__type_support.h
-- Up-to-date: /home/schni2zle/colcon_ws/src/install/smarc_msgs/include/smarc_msgs/smarc_msgs/msg/detail/thruster_dc__functions.h
-- Up-to-date: /home/schni2zle/colcon_ws/src/install/smarc_msgs/include/smarc_msgs/smarc_msgs/msg/detail/lat_lon_odometry__functions.c
-- Up-to-date: /home/schni2zle/colcon_ws/src/install/smarc_msgs/include/smarc_msgs/smarc_msgs/msg/detail/thruster_feedback__struct.h
-- Up-to-date: /home/schni2zle/colcon_ws/src/install/smarc_msgs/include/smarc_msgs/smarc_msgs/msg/detail/ctd__functions.c
-- Up-to-date: /home/schni2zle/colcon_ws/src/install/smarc_msgs/include/smarc_msgs/smarc_msgs/msg/detail/sm_task__functions.c
-- Up-to-date: /home/schni2zle/colcon_ws/src/install/smarc_msgs/include/smarc_msgs/smarc_msgs/msg/detail/controller_status__functions.c
-- Up-to-date: /home/schni2zle/colcon_ws/src/install/smarc_msgs/include/smarc_msgs/smarc_msgs/msg/detail/thruster_rpm__functions.h
-- Up-to-date: /home/schni2zle/colcon_ws/src/install/smarc_msgs/include/smarc_msgs/smarc_msgs/msg/detail/string_pair__functions.h
-- Up-to-date: /home/schni2zle/colcon_ws/src/install/smarc_msgs/include/smarc_msgs/smarc_msgs/msg/detail/sm_task__functions.h
-- Up-to-date: /home/schni2zle/colcon_ws/src/install/smarc_msgs/include/smarc_msgs/smarc_msgs/msg/detail/comms_message__type_support.h
-- Up-to-date: /home/schni2zle/colcon_ws/src/install/smarc_msgs/include/smarc_msgs/smarc_msgs/msg/detail/sidescan__functions.h
-- Up-to-date: /home/schni2zle/colcon_ws/src/install/smarc_msgs/include/smarc_msgs/smarc_msgs/msg/detail/comms_message__functions.c
-- Up-to-date: /home/schni2zle/colcon_ws/src/install/smarc_msgs/include/smarc_msgs/smarc_msgs/msg/detail/string_stamped__struct.h
-- Up-to-date: /home/schni2zle/colcon_ws/src/install/smarc_msgs/include/smarc_msgs/smarc_msgs/msg/detail/dvl_beam__functions.c
-- Up-to-date: /home/schni2zle/colcon_ws/src/install/smarc_msgs/include/smarc_msgs/smarc_msgs/msg/detail/dvl_beam__struct.h
-- Up-to-date: /home/schni2zle/colcon_ws/src/install/smarc_msgs/include/smarc_msgs/smarc_msgs/msg/detail/lat_lon_stamped__functions.c
-- Up-to-date: /home/schni2zle/colcon_ws/src/install/smarc_msgs/include/smarc_msgs/smarc_msgs/msg/detail/string_array__struct.h
-- Up-to-date: /home/schni2zle/colcon_ws/src/install/smarc_msgs/include/smarc_msgs/smarc_msgs/msg/detail/lat_lon_odometry__functions.h
-- Up-to-date: /home/schni2zle/colcon_ws/src/install/smarc_msgs/include/smarc_msgs/smarc_msgs/msg/detail/string_pair__struct.h
-- Up-to-date: /home/schni2zle/colcon_ws/src/install/smarc_msgs/include/smarc_msgs/smarc_msgs/msg/detail/sensor_status__struct.h
-- Up-to-date: /home/schni2zle/colcon_ws/src/install/smarc_msgs/include/smarc_msgs/smarc_msgs/msg/detail/dvl__functions.c
-- Up-to-date: /home/schni2zle/colcon_ws/src/install/smarc_msgs/include/smarc_msgs/smarc_msgs/msg/detail/ctd__struct.h
-- Up-to-date: /home/schni2zle/colcon_ws/src/install/smarc_msgs/include/smarc_msgs/smarc_msgs/msg/detail/string_stamped__functions.c
-- Up-to-date: /home/schni2zle/colcon_ws/src/install/smarc_msgs/include/smarc_msgs/smarc_msgs/msg/detail/thruster_rpm__type_support.h
-- Up-to-date: /home/schni2zle/colcon_ws/src/install/smarc_msgs/include/smarc_msgs/smarc_msgs/msg/detail/dual_thruster_feedback__functions.c
-- Up-to-date: /home/schni2zle/colcon_ws/src/install/smarc_msgs/include/smarc_msgs/smarc_msgs/msg/detail/lat_lon_stamped__struct.h
-- Up-to-date: /home/schni2zle/colcon_ws/src/install/smarc_msgs/include/smarc_msgs/smarc_msgs/msg/detail/thruster_rpm__functions.c
-- Up-to-date: /home/schni2zle/colcon_ws/src/install/smarc_msgs/include/smarc_msgs/smarc_msgs/msg/detail/dual_thruster_rpm__functions.c
-- Up-to-date: /home/schni2zle/colcon_ws/src/install/smarc_msgs/include/smarc_msgs/smarc_msgs/msg/detail/dvl__functions.h
-- Up-to-date: /home/schni2zle/colcon_ws/src/install/smarc_msgs/include/smarc_msgs/smarc_msgs/msg/detail/thruster_dc__struct.h
-- Up-to-date: /home/schni2zle/colcon_ws/src/install/smarc_msgs/include/smarc_msgs/smarc_msgs/msg/detail/string_stamped__type_support.h
-- Up-to-date: /home/schni2zle/colcon_ws/src/install/smarc_msgs/include/smarc_msgs/smarc_msgs/msg/detail/thruster_feedback__type_support.h
-- Up-to-date: /home/schni2zle/colcon_ws/src/install/smarc_msgs/include/smarc_msgs/smarc_msgs/msg/detail/comms_message__struct.h
-- Up-to-date: /home/schni2zle/colcon_ws/src/install/smarc_msgs/include/smarc_msgs/smarc_msgs/msg/detail/ctd__functions.h
-- Up-to-date: /home/schni2zle/colcon_ws/src/install/smarc_msgs/include/smarc_msgs/smarc_msgs/msg/detail/thruster_rpm__struct.h
-- Up-to-date: /home/schni2zle/colcon_ws/src/install/smarc_msgs/include/smarc_msgs/smarc_msgs/msg/detail/string_array__type_support.h
-- Up-to-date: /home/schni2zle/colcon_ws/src/install/smarc_msgs/include/smarc_msgs/smarc_msgs/msg/detail/sm_task__type_support.h
-- Up-to-date: /home/schni2zle/colcon_ws/src/install/smarc_msgs/include/smarc_msgs/smarc_msgs/msg/detail/sidescan__struct.h
-- Up-to-date: /home/schni2zle/colcon_ws/src/install/smarc_msgs/include/smarc_msgs/smarc_msgs/msg/detail/sidescan__functions.c
-- Up-to-date: /home/schni2zle/colcon_ws/src/install/smarc_msgs/include/smarc_msgs/smarc_msgs/msg/detail/leak__struct.h
-- Up-to-date: /home/schni2zle/colcon_ws/src/install/smarc_msgs/include/smarc_msgs/smarc_msgs/msg/detail/dual_thruster_rpm__struct.h
-- Up-to-date: /home/schni2zle/colcon_ws/src/install/smarc_msgs/include/smarc_msgs/smarc_msgs/msg/detail/dual_thruster_rpm__type_support.h
-- Up-to-date: /home/schni2zle/colcon_ws/src/install/smarc_msgs/include/smarc_msgs/smarc_msgs/msg/detail/controller_status__struct.h
-- Up-to-date: /home/schni2zle/colcon_ws/src/install/smarc_msgs/include/smarc_msgs/smarc_msgs/msg/dual_thruster_rpm.h
-- Up-to-date: /home/schni2zle/colcon_ws/src/install/smarc_msgs/include/smarc_msgs/smarc_msgs/msg/lat_lon_odometry.h
-- Up-to-date: /home/schni2zle/colcon_ws/src/install/smarc_msgs/include/smarc_msgs/smarc_msgs/msg/thruster_feedback.h
-- Up-to-date: /home/schni2zle/colcon_ws/src/install/smarc_msgs/include/smarc_msgs/smarc_msgs/msg/dvl.h
-- Up-to-date: /home/schni2zle/colcon_ws/src/install/smarc_msgs/include/smarc_msgs/smarc_msgs/msg/float_stamped.h
-- Up-to-date: /home/schni2zle/colcon_ws/src/install/smarc_msgs/include/smarc_msgs/smarc_msgs/msg/lat_lon_stamped.h
-- Up-to-date: /home/schni2zle/colcon_ws/src/install/smarc_msgs/include/smarc_msgs/smarc_msgs/msg/sensor_status.h
-- Up-to-date: /home/schni2zle/colcon_ws/src/install/smarc_msgs/include/smarc_msgs/smarc_msgs/msg/thruster_dc.h
-- Up-to-date: /home/schni2zle/colcon_ws/src/install/smarc_msgs/include/smarc_msgs/smarc_msgs/msg/string_stamped.h
-- Up-to-date: /home/schni2zle/colcon_ws/src/install/smarc_msgs/include/smarc_msgs/smarc_msgs/msg/string_pair.h
-- Up-to-date: /home/schni2zle/colcon_ws/src/install/smarc_msgs/include/smarc_msgs/smarc_msgs/msg/topics.h
-- Up-to-date: /home/schni2zle/colcon_ws/src/install/smarc_msgs/include/smarc_msgs/smarc_msgs/srv
-- Up-to-date: /home/schni2zle/colcon_ws/src/install/smarc_msgs/include/smarc_msgs/smarc_msgs/srv/nedenu_rotation.h
-- Up-to-date: /home/schni2zle/colcon_ws/src/install/smarc_msgs/include/smarc_msgs/smarc_msgs/srv/lat_lon_to_utm_odometry.h
-- Up-to-date: /home/schni2zle/colcon_ws/src/install/smarc_msgs/include/smarc_msgs/smarc_msgs/srv/cell_occupied.h
-- Up-to-date: /home/schni2zle/colcon_ws/src/install/smarc_msgs/include/smarc_msgs/smarc_msgs/srv/add_tasks.h
-- Up-to-date: /home/schni2zle/colcon_ws/src/install/smarc_msgs/include/smarc_msgs/smarc_msgs/srv/detail
-- Up-to-date: /home/schni2zle/colcon_ws/src/install/smarc_msgs/include/smarc_msgs/smarc_msgs/srv/detail/nedenu_rotation__type_support.h
-- Up-to-date: /home/schni2zle/colcon_ws/src/install/smarc_msgs/include/smarc_msgs/smarc_msgs/srv/detail/nedenu_rotation__struct.h
-- Up-to-date: /home/schni2zle/colcon_ws/src/install/smarc_msgs/include/smarc_msgs/smarc_msgs/srv/detail/lat_lon_to_utm_odometry__functions.h
-- Up-to-date: /home/schni2zle/colcon_ws/src/install/smarc_msgs/include/smarc_msgs/smarc_msgs/srv/detail/lat_lon_to_utm_odometry__type_support.h
-- Up-to-date: /home/schni2zle/colcon_ws/src/install/smarc_msgs/include/smarc_msgs/smarc_msgs/srv/detail/cell_occupied__functions.h
-- Up-to-date: /home/schni2zle/colcon_ws/src/install/smarc_msgs/include/smarc_msgs/smarc_msgs/srv/detail/nedenu_rotation__functions.c
-- Up-to-date: /home/schni2zle/colcon_ws/src/install/smarc_msgs/include/smarc_msgs/smarc_msgs/srv/detail/add_tasks__functions.c
-- Up-to-date: /home/schni2zle/colcon_ws/src/install/smarc_msgs/include/smarc_msgs/smarc_msgs/srv/detail/add_task__functions.h
-- Up-to-date: /home/schni2zle/colcon_ws/src/install/smarc_msgs/include/smarc_msgs/smarc_msgs/srv/detail/add_task__struct.h
-- Up-to-date: /home/schni2zle/colcon_ws/src/install/smarc_msgs/include/smarc_msgs/smarc_msgs/srv/detail/lat_lon_to_utm_odometry__struct.h
-- Up-to-date: /home/schni2zle/colcon_ws/src/install/smarc_msgs/include/smarc_msgs/smarc_msgs/srv/detail/lat_lon_to_utm_odometry__functions.c
-- Up-to-date: /home/schni2zle/colcon_ws/src/install/smarc_msgs/include/smarc_msgs/smarc_msgs/srv/detail/add_tasks__type_support.h
-- Up-to-date: /home/schni2zle/colcon_ws/src/install/smarc_msgs/include/smarc_msgs/smarc_msgs/srv/detail/add_tasks__struct.h
-- Up-to-date: /home/schni2zle/colcon_ws/src/install/smarc_msgs/include/smarc_msgs/smarc_msgs/srv/detail/nedenu_rotation__functions.h
-- Up-to-date: /home/schni2zle/colcon_ws/src/install/smarc_msgs/include/smarc_msgs/smarc_msgs/srv/detail/add_tasks__functions.h
-- Up-to-date: /home/schni2zle/colcon_ws/src/install/smarc_msgs/include/smarc_msgs/smarc_msgs/srv/detail/add_task__functions.c
-- Up-to-date: /home/schni2zle/colcon_ws/src/install/smarc_msgs/include/smarc_msgs/smarc_msgs/srv/detail/cell_occupied__struct.h
-- Up-to-date: /home/schni2zle/colcon_ws/src/install/smarc_msgs/include/smarc_msgs/smarc_msgs/srv/detail/cell_occupied__functions.c
-- Up-to-date: /home/schni2zle/colcon_ws/src/install/smarc_msgs/include/smarc_msgs/smarc_msgs/srv/detail/add_task__type_support.h
-- Up-to-date: /home/schni2zle/colcon_ws/src/install/smarc_msgs/include/smarc_msgs/smarc_msgs/srv/detail/cell_occupied__type_support.h
-- Up-to-date: /home/schni2zle/colcon_ws/src/install/smarc_msgs/include/smarc_msgs/smarc_msgs/srv/add_task.h
-- Up-to-date: /home/schni2zle/colcon_ws/src/install/smarc_msgs/share/smarc_msgs/environment/library_path.sh
-- Up-to-date: /home/schni2zle/colcon_ws/src/install/smarc_msgs/share/smarc_msgs/environment/library_path.dsv
-- Up-to-date: /home/schni2zle/colcon_ws/src/install/smarc_msgs/lib/libsmarc_msgs__rosidl_generator_c.so
-- Up-to-date: /home/schni2zle/colcon_ws/src/install/smarc_msgs/include/smarc_msgs/smarc_msgs
-- Up-to-date: /home/schni2zle/colcon_ws/src/install/smarc_msgs/include/smarc_msgs/smarc_msgs/msg
-- Up-to-date: /home/schni2zle/colcon_ws/src/install/smarc_msgs/include/smarc_msgs/smarc_msgs/msg/rosidl_typesupport_fastrtps_c__visibility_control.h
-- Up-to-date: /home/schni2zle/colcon_ws/src/install/smarc_msgs/include/smarc_msgs/smarc_msgs/msg/detail
-- Up-to-date: /home/schni2zle/colcon_ws/src/install/smarc_msgs/include/smarc_msgs/smarc_msgs/msg/detail/lat_lon_odometry__rosidl_typesupport_fastrtps_c.h
-- Up-to-date: /home/schni2zle/colcon_ws/src/install/smarc_msgs/include/smarc_msgs/smarc_msgs/msg/detail/float_stamped__rosidl_typesupport_fastrtps_c.h
-- Up-to-date: /home/schni2zle/colcon_ws/src/install/smarc_msgs/include/smarc_msgs/smarc_msgs/msg/detail/dvl_beam__rosidl_typesupport_fastrtps_c.h
-- Up-to-date: /home/schni2zle/colcon_ws/src/install/smarc_msgs/include/smarc_msgs/smarc_msgs/msg/detail/dual_thruster_feedback__rosidl_typesupport_fastrtps_c.h
-- Up-to-date: /home/schni2zle/colcon_ws/src/install/smarc_msgs/include/smarc_msgs/smarc_msgs/msg/detail/ctd__rosidl_typesupport_fastrtps_c.h
-- Up-to-date: /home/schni2zle/colcon_ws/src/install/smarc_msgs/include/smarc_msgs/smarc_msgs/msg/detail/topics__rosidl_typesupport_fastrtps_c.h
-- Up-to-date: /home/schni2zle/colcon_ws/src/install/smarc_msgs/include/smarc_msgs/smarc_msgs/msg/detail/comms_message__rosidl_typesupport_fastrtps_c.h
-- Up-to-date: /home/schni2zle/colcon_ws/src/install/smarc_msgs/include/smarc_msgs/smarc_msgs/msg/detail/thruster_feedback__rosidl_typesupport_fastrtps_c.h
-- Up-to-date: /home/schni2zle/colcon_ws/src/install/smarc_msgs/include/smarc_msgs/smarc_msgs/msg/detail/string_stamped__rosidl_typesupport_fastrtps_c.h
-- Up-to-date: /home/schni2zle/colcon_ws/src/install/smarc_msgs/include/smarc_msgs/smarc_msgs/msg/detail/string_pair__rosidl_typesupport_fastrtps_c.h
-- Up-to-date: /home/schni2zle/colcon_ws/src/install/smarc_msgs/include/smarc_msgs/smarc_msgs/msg/detail/lat_lon_stamped__rosidl_typesupport_fastrtps_c.h
-- Up-to-date: /home/schni2zle/colcon_ws/src/install/smarc_msgs/include/smarc_msgs/smarc_msgs/msg/detail/thruster_rpm__rosidl_typesupport_fastrtps_c.h
-- Up-to-date: /home/schni2zle/colcon_ws/src/install/smarc_msgs/include/smarc_msgs/smarc_msgs/msg/detail/controller_status__rosidl_typesupport_fastrtps_c.h
-- Up-to-date: /home/schni2zle/colcon_ws/src/install/smarc_msgs/include/smarc_msgs/smarc_msgs/msg/detail/dual_thruster_rpm__rosidl_typesupport_fastrtps_c.h
-- Up-to-date: /home/schni2zle/colcon_ws/src/install/smarc_msgs/include/smarc_msgs/smarc_msgs/msg/detail/dvl__rosidl_typesupport_fastrtps_c.h
-- Up-to-date: /home/schni2zle/colcon_ws/src/install/smarc_msgs/include/smarc_msgs/smarc_msgs/msg/detail/leak__rosidl_typesupport_fastrtps_c.h
-- Up-to-date: /home/schni2zle/colcon_ws/src/install/smarc_msgs/include/smarc_msgs/smarc_msgs/msg/detail/string_array__rosidl_typesupport_fastrtps_c.h
-- Up-to-date: /home/schni2zle/colcon_ws/src/install/smarc_msgs/include/smarc_msgs/smarc_msgs/msg/detail/sensor_status__rosidl_typesupport_fastrtps_c.h
-- Up-to-date: /home/schni2zle/colcon_ws/src/install/smarc_msgs/include/smarc_msgs/smarc_msgs/msg/detail/thruster_dc__rosidl_typesupport_fastrtps_c.h
-- Up-to-date: /home/schni2zle/colcon_ws/src/install/smarc_msgs/include/smarc_msgs/smarc_msgs/msg/detail/sm_task__rosidl_typesupport_fastrtps_c.h
-- Up-to-date: /home/schni2zle/colcon_ws/src/install/smarc_msgs/include/smarc_msgs/smarc_msgs/msg/detail/execution_status__rosidl_typesupport_fastrtps_c.h
-- Up-to-date: /home/schni2zle/colcon_ws/src/install/smarc_msgs/include/smarc_msgs/smarc_msgs/msg/detail/sidescan__rosidl_typesupport_fastrtps_c.h
-- Up-to-date: /home/schni2zle/colcon_ws/src/install/smarc_msgs/include/smarc_msgs/smarc_msgs/srv
-- Up-to-date: /home/schni2zle/colcon_ws/src/install/smarc_msgs/include/smarc_msgs/smarc_msgs/srv/detail
-- Up-to-date: /home/schni2zle/colcon_ws/src/install/smarc_msgs/include/smarc_msgs/smarc_msgs/srv/detail/lat_lon_to_utm_odometry__rosidl_typesupport_fastrtps_c.h
-- Up-to-date: /home/schni2zle/colcon_ws/src/install/smarc_msgs/include/smarc_msgs/smarc_msgs/srv/detail/add_tasks__rosidl_typesupport_fastrtps_c.h
-- Up-to-date: /home/schni2zle/colcon_ws/src/install/smarc_msgs/include/smarc_msgs/smarc_msgs/srv/detail/nedenu_rotation__rosidl_typesupport_fastrtps_c.h
-- Up-to-date: /home/schni2zle/colcon_ws/src/install/smarc_msgs/include/smarc_msgs/smarc_msgs/srv/detail/cell_occupied__rosidl_typesupport_fastrtps_c.h
-- Up-to-date: /home/schni2zle/colcon_ws/src/install/smarc_msgs/include/smarc_msgs/smarc_msgs/srv/detail/add_task__rosidl_typesupport_fastrtps_c.h
-- Up-to-date: /home/schni2zle/colcon_ws/src/install/smarc_msgs/lib/libsmarc_msgs__rosidl_typesupport_fastrtps_c.so
-- Up-to-date: /home/schni2zle/colcon_ws/src/install/smarc_msgs/include/smarc_msgs/smarc_msgs
-- Up-to-date: /home/schni2zle/colcon_ws/src/install/smarc_msgs/include/smarc_msgs/smarc_msgs/msg
-- Up-to-date: /home/schni2zle/colcon_ws/src/install/smarc_msgs/include/smarc_msgs/smarc_msgs/msg/rosidl_typesupport_introspection_c__visibility_control.h
-- Up-to-date: /home/schni2zle/colcon_ws/src/install/smarc_msgs/include/smarc_msgs/smarc_msgs/msg/detail
-- Up-to-date: /home/schni2zle/colcon_ws/src/install/smarc_msgs/include/smarc_msgs/smarc_msgs/msg/detail/string_pair__rosidl_typesupport_introspection_c.h
-- Up-to-date: /home/schni2zle/colcon_ws/src/install/smarc_msgs/include/smarc_msgs/smarc_msgs/msg/detail/dvl_beam__rosidl_typesupport_introspection_c.h
-- Up-to-date: /home/schni2zle/colcon_ws/src/install/smarc_msgs/include/smarc_msgs/smarc_msgs/msg/detail/sidescan__rosidl_typesupport_introspection_c.h
-- Up-to-date: /home/schni2zle/colcon_ws/src/install/smarc_msgs/include/smarc_msgs/smarc_msgs/msg/detail/topics__type_support.c
-- Up-to-date: /home/schni2zle/colcon_ws/src/install/smarc_msgs/include/smarc_msgs/smarc_msgs/msg/detail/controller_status__type_support.c
-- Up-to-date: /home/schni2zle/colcon_ws/src/install/smarc_msgs/include/smarc_msgs/smarc_msgs/msg/detail/string_stamped__type_support.c
-- Up-to-date: /home/schni2zle/colcon_ws/src/install/smarc_msgs/include/smarc_msgs/smarc_msgs/msg/detail/ctd__rosidl_typesupport_introspection_c.h
-- Up-to-date: /home/schni2zle/colcon_ws/src/install/smarc_msgs/include/smarc_msgs/smarc_msgs/msg/detail/dual_thruster_feedback__type_support.c
-- Up-to-date: /home/schni2zle/colcon_ws/src/install/smarc_msgs/include/smarc_msgs/smarc_msgs/msg/detail/sm_task__type_support.c
-- Up-to-date: /home/schni2zle/colcon_ws/src/install/smarc_msgs/include/smarc_msgs/smarc_msgs/msg/detail/execution_status__rosidl_typesupport_introspection_c.h
-- Up-to-date: /home/schni2zle/colcon_ws/src/install/smarc_msgs/include/smarc_msgs/smarc_msgs/msg/detail/leak__rosidl_typesupport_introspection_c.h
-- Up-to-date: /home/schni2zle/colcon_ws/src/install/smarc_msgs/include/smarc_msgs/smarc_msgs/msg/detail/dvl__rosidl_typesupport_introspection_c.h
-- Up-to-date: /home/schni2zle/colcon_ws/src/install/smarc_msgs/include/smarc_msgs/smarc_msgs/msg/detail/float_stamped__type_support.c
-- Up-to-date: /home/schni2zle/colcon_ws/src/install/smarc_msgs/include/smarc_msgs/smarc_msgs/msg/detail/thruster_rpm__rosidl_typesupport_introspection_c.h
-- Up-to-date: /home/schni2zle/colcon_ws/src/install/smarc_msgs/include/smarc_msgs/smarc_msgs/msg/detail/sensor_status__type_support.c
-- Up-to-date: /home/schni2zle/colcon_ws/src/install/smarc_msgs/include/smarc_msgs/smarc_msgs/msg/detail/dvl_beam__type_support.c
-- Up-to-date: /home/schni2zle/colcon_ws/src/install/smarc_msgs/include/smarc_msgs/smarc_msgs/msg/detail/lat_lon_stamped__type_support.c
-- Up-to-date: /home/schni2zle/colcon_ws/src/install/smarc_msgs/include/smarc_msgs/smarc_msgs/msg/detail/ctd__type_support.c
-- Up-to-date: /home/schni2zle/colcon_ws/src/install/smarc_msgs/include/smarc_msgs/smarc_msgs/msg/detail/execution_status__type_support.c
-- Up-to-date: /home/schni2zle/colcon_ws/src/install/smarc_msgs/include/smarc_msgs/smarc_msgs/msg/detail/thruster_dc__rosidl_typesupport_introspection_c.h
-- Up-to-date: /home/schni2zle/colcon_ws/src/install/smarc_msgs/include/smarc_msgs/smarc_msgs/msg/detail/dvl__type_support.c
-- Up-to-date: /home/schni2zle/colcon_ws/src/install/smarc_msgs/include/smarc_msgs/smarc_msgs/msg/detail/string_array__rosidl_typesupport_introspection_c.h
-- Up-to-date: /home/schni2zle/colcon_ws/src/install/smarc_msgs/include/smarc_msgs/smarc_msgs/msg/detail/dual_thruster_rpm__type_support.c
-- Up-to-date: /home/schni2zle/colcon_ws/src/install/smarc_msgs/include/smarc_msgs/smarc_msgs/msg/detail/leak__type_support.c
-- Up-to-date: /home/schni2zle/colcon_ws/src/install/smarc_msgs/include/smarc_msgs/smarc_msgs/msg/detail/float_stamped__rosidl_typesupport_introspection_c.h
-- Up-to-date: /home/schni2zle/colcon_ws/src/install/smarc_msgs/include/smarc_msgs/smarc_msgs/msg/detail/sensor_status__rosidl_typesupport_introspection_c.h
-- Up-to-date: /home/schni2zle/colcon_ws/src/install/smarc_msgs/include/smarc_msgs/smarc_msgs/msg/detail/comms_message__type_support.c
-- Up-to-date: /home/schni2zle/colcon_ws/src/install/smarc_msgs/include/smarc_msgs/smarc_msgs/msg/detail/controller_status__rosidl_typesupport_introspection_c.h
-- Up-to-date: /home/schni2zle/colcon_ws/src/install/smarc_msgs/include/smarc_msgs/smarc_msgs/msg/detail/comms_message__rosidl_typesupport_introspection_c.h
-- Up-to-date: /home/schni2zle/colcon_ws/src/install/smarc_msgs/include/smarc_msgs/smarc_msgs/msg/detail/dual_thruster_rpm__rosidl_typesupport_introspection_c.h
-- Up-to-date: /home/schni2zle/colcon_ws/src/install/smarc_msgs/include/smarc_msgs/smarc_msgs/msg/detail/string_stamped__rosidl_typesupport_introspection_c.h
-- Up-to-date: /home/schni2zle/colcon_ws/src/install/smarc_msgs/include/smarc_msgs/smarc_msgs/msg/detail/dual_thruster_feedback__rosidl_typesupport_introspection_c.h
-- Up-to-date: /home/schni2zle/colcon_ws/src/install/smarc_msgs/include/smarc_msgs/smarc_msgs/msg/detail/thruster_rpm__type_support.c
-- Up-to-date: /home/schni2zle/colcon_ws/src/install/smarc_msgs/include/smarc_msgs/smarc_msgs/msg/detail/lat_lon_odometry__rosidl_typesupport_introspection_c.h
-- Up-to-date: /home/schni2zle/colcon_ws/src/install/smarc_msgs/include/smarc_msgs/smarc_msgs/msg/detail/sidescan__type_support.c
-- Up-to-date: /home/schni2zle/colcon_ws/src/install/smarc_msgs/include/smarc_msgs/smarc_msgs/msg/detail/topics__rosidl_typesupport_introspection_c.h
-- Up-to-date: /home/schni2zle/colcon_ws/src/install/smarc_msgs/include/smarc_msgs/smarc_msgs/msg/detail/string_array__type_support.c
-- Up-to-date: /home/schni2zle/colcon_ws/src/install/smarc_msgs/include/smarc_msgs/smarc_msgs/msg/detail/string_pair__type_support.c
-- Up-to-date: /home/schni2zle/colcon_ws/src/install/smarc_msgs/include/smarc_msgs/smarc_msgs/msg/detail/lat_lon_odometry__type_support.c
-- Up-to-date: /home/schni2zle/colcon_ws/src/install/smarc_msgs/include/smarc_msgs/smarc_msgs/msg/detail/thruster_dc__type_support.c
-- Up-to-date: /home/schni2zle/colcon_ws/src/install/smarc_msgs/include/smarc_msgs/smarc_msgs/msg/detail/sm_task__rosidl_typesupport_introspection_c.h
-- Up-to-date: /home/schni2zle/colcon_ws/src/install/smarc_msgs/include/smarc_msgs/smarc_msgs/msg/detail/thruster_feedback__type_support.c
-- Up-to-date: /home/schni2zle/colcon_ws/src/install/smarc_msgs/include/smarc_msgs/smarc_msgs/msg/detail/thruster_feedback__rosidl_typesupport_introspection_c.h
-- Up-to-date: /home/schni2zle/colcon_ws/src/install/smarc_msgs/include/smarc_msgs/smarc_msgs/msg/detail/lat_lon_stamped__rosidl_typesupport_introspection_c.h
-- Up-to-date: /home/schni2zle/colcon_ws/src/install/smarc_msgs/include/smarc_msgs/smarc_msgs/srv
-- Up-to-date: /home/schni2zle/colcon_ws/src/install/smarc_msgs/include/smarc_msgs/smarc_msgs/srv/detail
-- Up-to-date: /home/schni2zle/colcon_ws/src/install/smarc_msgs/include/smarc_msgs/smarc_msgs/srv/detail/cell_occupied__rosidl_typesupport_introspection_c.h
-- Up-to-date: /home/schni2zle/colcon_ws/src/install/smarc_msgs/include/smarc_msgs/smarc_msgs/srv/detail/add_task__type_support.c
-- Up-to-date: /home/schni2zle/colcon_ws/src/install/smarc_msgs/include/smarc_msgs/smarc_msgs/srv/detail/add_tasks__rosidl_typesupport_introspection_c.h
-- Up-to-date: /home/schni2zle/colcon_ws/src/install/smarc_msgs/include/smarc_msgs/smarc_msgs/srv/detail/add_tasks__type_support.c
-- Up-to-date: /home/schni2zle/colcon_ws/src/install/smarc_msgs/include/smarc_msgs/smarc_msgs/srv/detail/lat_lon_to_utm_odometry__rosidl_typesupport_introspection_c.h
-- Up-to-date: /home/schni2zle/colcon_ws/src/install/smarc_msgs/include/smarc_msgs/smarc_msgs/srv/detail/lat_lon_to_utm_odometry__type_support.c
-- Up-to-date: /home/schni2zle/colcon_ws/src/install/smarc_msgs/include/smarc_msgs/smarc_msgs/srv/detail/nedenu_rotation__rosidl_typesupport_introspection_c.h
-- Up-to-date: /home/schni2zle/colcon_ws/src/install/smarc_msgs/include/smarc_msgs/smarc_msgs/srv/detail/add_task__rosidl_typesupport_introspection_c.h
-- Up-to-date: /home/schni2zle/colcon_ws/src/install/smarc_msgs/include/smarc_msgs/smarc_msgs/srv/detail/nedenu_rotation__type_support.c
-- Up-to-date: /home/schni2zle/colcon_ws/src/install/smarc_msgs/include/smarc_msgs/smarc_msgs/srv/detail/cell_occupied__type_support.c
-- Up-to-date: /home/schni2zle/colcon_ws/src/install/smarc_msgs/lib/libsmarc_msgs__rosidl_typesupport_introspection_c.so
-- Up-to-date: /home/schni2zle/colcon_ws/src/install/smarc_msgs/lib/libsmarc_msgs__rosidl_typesupport_c.so
-- Up-to-date: /home/schni2zle/colcon_ws/src/install/smarc_msgs/include/smarc_msgs/smarc_msgs
-- Up-to-date: /home/schni2zle/colcon_ws/src/install/smarc_msgs/include/smarc_msgs/smarc_msgs/msg
-- Up-to-date: /home/schni2zle/colcon_ws/src/install/smarc_msgs/include/smarc_msgs/smarc_msgs/msg/leak.hpp
-- Up-to-date: /home/schni2zle/colcon_ws/src/install/smarc_msgs/include/smarc_msgs/smarc_msgs/msg/thruster_dc.hpp
-- Up-to-date: /home/schni2zle/colcon_ws/src/install/smarc_msgs/include/smarc_msgs/smarc_msgs/msg/sensor_status.hpp
-- Up-to-date: /home/schni2zle/colcon_ws/src/install/smarc_msgs/include/smarc_msgs/smarc_msgs/msg/ctd.hpp
-- Up-to-date: /home/schni2zle/colcon_ws/src/install/smarc_msgs/include/smarc_msgs/smarc_msgs/msg/dual_thruster_rpm.hpp
-- Up-to-date: /home/schni2zle/colcon_ws/src/install/smarc_msgs/include/smarc_msgs/smarc_msgs/msg/string_stamped.hpp
-- Up-to-date: /home/schni2zle/colcon_ws/src/install/smarc_msgs/include/smarc_msgs/smarc_msgs/msg/string_array.hpp
-- Up-to-date: /home/schni2zle/colcon_ws/src/install/smarc_msgs/include/smarc_msgs/smarc_msgs/msg/dual_thruster_feedback.hpp
-- Up-to-date: /home/schni2zle/colcon_ws/src/install/smarc_msgs/include/smarc_msgs/smarc_msgs/msg/comms_message.hpp
-- Up-to-date: /home/schni2zle/colcon_ws/src/install/smarc_msgs/include/smarc_msgs/smarc_msgs/msg/dvl_beam.hpp
-- Up-to-date: /home/schni2zle/colcon_ws/src/install/smarc_msgs/include/smarc_msgs/smarc_msgs/msg/controller_status.hpp
-- Up-to-date: /home/schni2zle/colcon_ws/src/install/smarc_msgs/include/smarc_msgs/smarc_msgs/msg/lat_lon_odometry.hpp
-- Up-to-date: /home/schni2zle/colcon_ws/src/install/smarc_msgs/include/smarc_msgs/smarc_msgs/msg/thruster_rpm.hpp
-- Up-to-date: /home/schni2zle/colcon_ws/src/install/smarc_msgs/include/smarc_msgs/smarc_msgs/msg/detail
-- Up-to-date: /home/schni2zle/colcon_ws/src/install/smarc_msgs/include/smarc_msgs/smarc_msgs/msg/detail/execution_status__traits.hpp
-- Up-to-date: /home/schni2zle/colcon_ws/src/install/smarc_msgs/include/smarc_msgs/smarc_msgs/msg/detail/controller_status__traits.hpp
-- Up-to-date: /home/schni2zle/colcon_ws/src/install/smarc_msgs/include/smarc_msgs/smarc_msgs/msg/detail/controller_status__builder.hpp
-- Up-to-date: /home/schni2zle/colcon_ws/src/install/smarc_msgs/include/smarc_msgs/smarc_msgs/msg/detail/string_array__traits.hpp
-- Up-to-date: /home/schni2zle/colcon_ws/src/install/smarc_msgs/include/smarc_msgs/smarc_msgs/msg/detail/float_stamped__struct.hpp
-- Up-to-date: /home/schni2zle/colcon_ws/src/install/smarc_msgs/include/smarc_msgs/smarc_msgs/msg/detail/topics__struct.hpp
-- Up-to-date: /home/schni2zle/colcon_ws/src/install/smarc_msgs/include/smarc_msgs/smarc_msgs/msg/detail/comms_message__traits.hpp
-- Up-to-date: /home/schni2zle/colcon_ws/src/install/smarc_msgs/include/smarc_msgs/smarc_msgs/msg/detail/sm_task__struct.hpp
-- Up-to-date: /home/schni2zle/colcon_ws/src/install/smarc_msgs/include/smarc_msgs/smarc_msgs/msg/detail/sm_task__traits.hpp
-- Up-to-date: /home/schni2zle/colcon_ws/src/install/smarc_msgs/include/smarc_msgs/smarc_msgs/msg/detail/thruster_feedback__traits.hpp
-- Up-to-date: /home/schni2zle/colcon_ws/src/install/smarc_msgs/include/smarc_msgs/smarc_msgs/msg/detail/sidescan__builder.hpp
-- Up-to-date: /home/schni2zle/colcon_ws/src/install/smarc_msgs/include/smarc_msgs/smarc_msgs/msg/detail/dual_thruster_rpm__builder.hpp
-- Up-to-date: /home/schni2zle/colcon_ws/src/install/smarc_msgs/include/smarc_msgs/smarc_msgs/msg/detail/string_pair__builder.hpp
-- Up-to-date: /home/schni2zle/colcon_ws/src/install/smarc_msgs/include/smarc_msgs/smarc_msgs/msg/detail/comms_message__builder.hpp
-- Up-to-date: /home/schni2zle/colcon_ws/src/install/smarc_msgs/include/smarc_msgs/smarc_msgs/msg/detail/string_array__builder.hpp
-- Up-to-date: /home/schni2zle/colcon_ws/src/install/smarc_msgs/include/smarc_msgs/smarc_msgs/msg/detail/dvl__builder.hpp
-- Up-to-date: /home/schni2zle/colcon_ws/src/install/smarc_msgs/include/smarc_msgs/smarc_msgs/msg/detail/sm_task__builder.hpp
-- Up-to-date: /home/schni2zle/colcon_ws/src/install/smarc_msgs/include/smarc_msgs/smarc_msgs/msg/detail/topics__traits.hpp
-- Up-to-date: /home/schni2zle/colcon_ws/src/install/smarc_msgs/include/smarc_msgs/smarc_msgs/msg/detail/ctd__struct.hpp
-- Up-to-date: /home/schni2zle/colcon_ws/src/install/smarc_msgs/include/smarc_msgs/smarc_msgs/msg/detail/float_stamped__traits.hpp
-- Up-to-date: /home/schni2zle/colcon_ws/src/install/smarc_msgs/include/smarc_msgs/smarc_msgs/msg/detail/dvl_beam__struct.hpp
-- Up-to-date: /home/schni2zle/colcon_ws/src/install/smarc_msgs/include/smarc_msgs/smarc_msgs/msg/detail/string_array__struct.hpp
-- Up-to-date: /home/schni2zle/colcon_ws/src/install/smarc_msgs/include/smarc_msgs/smarc_msgs/msg/detail/sensor_status__struct.hpp
-- Up-to-date: /home/schni2zle/colcon_ws/src/install/smarc_msgs/include/smarc_msgs/smarc_msgs/msg/detail/dvl_beam__builder.hpp
-- Up-to-date: /home/schni2zle/colcon_ws/src/install/smarc_msgs/include/smarc_msgs/smarc_msgs/msg/detail/sensor_status__builder.hpp
-- Up-to-date: /home/schni2zle/colcon_ws/src/install/smarc_msgs/include/smarc_msgs/smarc_msgs/msg/detail/lat_lon_odometry__traits.hpp
-- Up-to-date: /home/schni2zle/colcon_ws/src/install/smarc_msgs/include/smarc_msgs/smarc_msgs/msg/detail/dual_thruster_feedback__builder.hpp
-- Up-to-date: /home/schni2zle/colcon_ws/src/install/smarc_msgs/include/smarc_msgs/smarc_msgs/msg/detail/lat_lon_odometry__builder.hpp
-- Up-to-date: /home/schni2zle/colcon_ws/src/install/smarc_msgs/include/smarc_msgs/smarc_msgs/msg/detail/topics__builder.hpp
-- Up-to-date: /home/schni2zle/colcon_ws/src/install/smarc_msgs/include/smarc_msgs/smarc_msgs/msg/detail/dvl__traits.hpp
-- Up-to-date: /home/schni2zle/colcon_ws/src/install/smarc_msgs/include/smarc_msgs/smarc_msgs/msg/detail/thruster_dc__traits.hpp
-- Up-to-date: /home/schni2zle/colcon_ws/src/install/smarc_msgs/include/smarc_msgs/smarc_msgs/msg/detail/ctd__builder.hpp
-- Up-to-date: /home/schni2zle/colcon_ws/src/install/smarc_msgs/include/smarc_msgs/smarc_msgs/msg/detail/thruster_dc__builder.hpp
-- Up-to-date: /home/schni2zle/colcon_ws/src/install/smarc_msgs/include/smarc_msgs/smarc_msgs/msg/detail/thruster_rpm__struct.hpp
-- Up-to-date: /home/schni2zle/colcon_ws/src/install/smarc_msgs/include/smarc_msgs/smarc_msgs/msg/detail/lat_lon_stamped__traits.hpp
-- Up-to-date: /home/schni2zle/colcon_ws/src/install/smarc_msgs/include/smarc_msgs/smarc_msgs/msg/detail/string_pair__traits.hpp
-- Up-to-date: /home/schni2zle/colcon_ws/src/install/smarc_msgs/include/smarc_msgs/smarc_msgs/msg/detail/lat_lon_stamped__struct.hpp
-- Up-to-date: /home/schni2zle/colcon_ws/src/install/smarc_msgs/include/smarc_msgs/smarc_msgs/msg/detail/comms_message__struct.hpp
-- Up-to-date: /home/schni2zle/colcon_ws/src/install/smarc_msgs/include/smarc_msgs/smarc_msgs/msg/detail/leak__struct.hpp
-- Up-to-date: /home/schni2zle/colcon_ws/src/install/smarc_msgs/include/smarc_msgs/smarc_msgs/msg/detail/string_pair__struct.hpp
-- Up-to-date: /home/schni2zle/colcon_ws/src/install/smarc_msgs/include/smarc_msgs/smarc_msgs/msg/detail/thruster_dc__struct.hpp
-- Up-to-date: /home/schni2zle/colcon_ws/src/install/smarc_msgs/include/smarc_msgs/smarc_msgs/msg/detail/execution_status__builder.hpp
-- Up-to-date: /home/schni2zle/colcon_ws/src/install/smarc_msgs/include/smarc_msgs/smarc_msgs/msg/detail/lat_lon_stamped__builder.hpp
-- Up-to-date: /home/schni2zle/colcon_ws/src/install/smarc_msgs/include/smarc_msgs/smarc_msgs/msg/detail/sidescan__struct.hpp
-- Up-to-date: /home/schni2zle/colcon_ws/src/install/smarc_msgs/include/smarc_msgs/smarc_msgs/msg/detail/lat_lon_odometry__struct.hpp
-- Up-to-date: /home/schni2zle/colcon_ws/src/install/smarc_msgs/include/smarc_msgs/smarc_msgs/msg/detail/dvl_beam__traits.hpp
-- Up-to-date: /home/schni2zle/colcon_ws/src/install/smarc_msgs/include/smarc_msgs/smarc_msgs/msg/detail/dual_thruster_rpm__traits.hpp
-- Up-to-date: /home/schni2zle/colcon_ws/src/install/smarc_msgs/include/smarc_msgs/smarc_msgs/msg/detail/sensor_status__traits.hpp
-- Up-to-date: /home/schni2zle/colcon_ws/src/install/smarc_msgs/include/smarc_msgs/smarc_msgs/msg/detail/thruster_feedback__struct.hpp
-- Up-to-date: /home/schni2zle/colcon_ws/src/install/smarc_msgs/include/smarc_msgs/smarc_msgs/msg/detail/ctd__traits.hpp
-- Up-to-date: /home/schni2zle/colcon_ws/src/install/smarc_msgs/include/smarc_msgs/smarc_msgs/msg/detail/thruster_feedback__builder.hpp
-- Up-to-date: /home/schni2zle/colcon_ws/src/install/smarc_msgs/include/smarc_msgs/smarc_msgs/msg/detail/thruster_rpm__traits.hpp
-- Up-to-date: /home/schni2zle/colcon_ws/src/install/smarc_msgs/include/smarc_msgs/smarc_msgs/msg/detail/string_stamped__struct.hpp
-- Up-to-date: /home/schni2zle/colcon_ws/src/install/smarc_msgs/include/smarc_msgs/smarc_msgs/msg/detail/dual_thruster_feedback__traits.hpp
-- Up-to-date: /home/schni2zle/colcon_ws/src/install/smarc_msgs/include/smarc_msgs/smarc_msgs/msg/detail/leak__builder.hpp
-- Up-to-date: /home/schni2zle/colcon_ws/src/install/smarc_msgs/include/smarc_msgs/smarc_msgs/msg/detail/leak__traits.hpp
-- Up-to-date: /home/schni2zle/colcon_ws/src/install/smarc_msgs/include/smarc_msgs/smarc_msgs/msg/detail/sidescan__traits.hpp
-- Up-to-date: /home/schni2zle/colcon_ws/src/install/smarc_msgs/include/smarc_msgs/smarc_msgs/msg/detail/controller_status__struct.hpp
-- Up-to-date: /home/schni2zle/colcon_ws/src/install/smarc_msgs/include/smarc_msgs/smarc_msgs/msg/detail/execution_status__struct.hpp
-- Up-to-date: /home/schni2zle/colcon_ws/src/install/smarc_msgs/include/smarc_msgs/smarc_msgs/msg/detail/string_stamped__builder.hpp
-- Up-to-date: /home/schni2zle/colcon_ws/src/install/smarc_msgs/include/smarc_msgs/smarc_msgs/msg/detail/dvl__struct.hpp
-- Up-to-date: /home/schni2zle/colcon_ws/src/install/smarc_msgs/include/smarc_msgs/smarc_msgs/msg/detail/thruster_rpm__builder.hpp
-- Up-to-date: /home/schni2zle/colcon_ws/src/install/smarc_msgs/include/smarc_msgs/smarc_msgs/msg/detail/float_stamped__builder.hpp
-- Up-to-date: /home/schni2zle/colcon_ws/src/install/smarc_msgs/include/smarc_msgs/smarc_msgs/msg/detail/dual_thruster_rpm__struct.hpp
-- Up-to-date: /home/schni2zle/colcon_ws/src/install/smarc_msgs/include/smarc_msgs/smarc_msgs/msg/detail/string_stamped__traits.hpp
-- Up-to-date: /home/schni2zle/colcon_ws/src/install/smarc_msgs/include/smarc_msgs/smarc_msgs/msg/detail/dual_thruster_feedback__struct.hpp
-- Up-to-date: /home/schni2zle/colcon_ws/src/install/smarc_msgs/include/smarc_msgs/smarc_msgs/msg/lat_lon_stamped.hpp
-- Up-to-date: /home/schni2zle/colcon_ws/src/install/smarc_msgs/include/smarc_msgs/smarc_msgs/msg/thruster_feedback.hpp
-- Up-to-date: /home/schni2zle/colcon_ws/src/install/smarc_msgs/include/smarc_msgs/smarc_msgs/msg/float_stamped.hpp
-- Up-to-date: /home/schni2zle/colcon_ws/src/install/smarc_msgs/include/smarc_msgs/smarc_msgs/msg/dvl.hpp
-- Up-to-date: /home/schni2zle/colcon_ws/src/install/smarc_msgs/include/smarc_msgs/smarc_msgs/msg/sidescan.hpp
-- Up-to-date: /home/schni2zle/colcon_ws/src/install/smarc_msgs/include/smarc_msgs/smarc_msgs/msg/topics.hpp
-- Up-to-date: /home/schni2zle/colcon_ws/src/install/smarc_msgs/include/smarc_msgs/smarc_msgs/msg/execution_status.hpp
-- Up-to-date: /home/schni2zle/colcon_ws/src/install/smarc_msgs/include/smarc_msgs/smarc_msgs/msg/string_pair.hpp
-- Up-to-date: /home/schni2zle/colcon_ws/src/install/smarc_msgs/include/smarc_msgs/smarc_msgs/msg/sm_task.hpp
-- Up-to-date: /home/schni2zle/colcon_ws/src/install/smarc_msgs/include/smarc_msgs/smarc_msgs/srv
-- Up-to-date: /home/schni2zle/colcon_ws/src/install/smarc_msgs/include/smarc_msgs/smarc_msgs/srv/add_tasks.hpp
-- Up-to-date: /home/schni2zle/colcon_ws/src/install/smarc_msgs/include/smarc_msgs/smarc_msgs/srv/nedenu_rotation.hpp
-- Up-to-date: /home/schni2zle/colcon_ws/src/install/smarc_msgs/include/smarc_msgs/smarc_msgs/srv/detail
-- Up-to-date: /home/schni2zle/colcon_ws/src/install/smarc_msgs/include/smarc_msgs/smarc_msgs/srv/detail/cell_occupied__builder.hpp
-- Up-to-date: /home/schni2zle/colcon_ws/src/install/smarc_msgs/include/smarc_msgs/smarc_msgs/srv/detail/nedenu_rotation__struct.hpp
-- Up-to-date: /home/schni2zle/colcon_ws/src/install/smarc_msgs/include/smarc_msgs/smarc_msgs/srv/detail/cell_occupied__traits.hpp
-- Up-to-date: /home/schni2zle/colcon_ws/src/install/smarc_msgs/include/smarc_msgs/smarc_msgs/srv/detail/add_task__builder.hpp
-- Up-to-date: /home/schni2zle/colcon_ws/src/install/smarc_msgs/include/smarc_msgs/smarc_msgs/srv/detail/nedenu_rotation__traits.hpp
-- Up-to-date: /home/schni2zle/colcon_ws/src/install/smarc_msgs/include/smarc_msgs/smarc_msgs/srv/detail/lat_lon_to_utm_odometry__traits.hpp
-- Up-to-date: /home/schni2zle/colcon_ws/src/install/smarc_msgs/include/smarc_msgs/smarc_msgs/srv/detail/cell_occupied__struct.hpp
-- Up-to-date: /home/schni2zle/colcon_ws/src/install/smarc_msgs/include/smarc_msgs/smarc_msgs/srv/detail/add_task__struct.hpp
-- Up-to-date: /home/schni2zle/colcon_ws/src/install/smarc_msgs/include/smarc_msgs/smarc_msgs/srv/detail/lat_lon_to_utm_odometry__struct.hpp
-- Up-to-date: /home/schni2zle/colcon_ws/src/install/smarc_msgs/include/smarc_msgs/smarc_msgs/srv/detail/add_tasks__struct.hpp
-- Up-to-date: /home/schni2zle/colcon_ws/src/install/smarc_msgs/include/smarc_msgs/smarc_msgs/srv/detail/lat_lon_to_utm_odometry__builder.hpp
-- Up-to-date: /home/schni2zle/colcon_ws/src/install/smarc_msgs/include/smarc_msgs/smarc_msgs/srv/detail/add_tasks__builder.hpp
-- Up-to-date: /home/schni2zle/colcon_ws/src/install/smarc_msgs/include/smarc_msgs/smarc_msgs/srv/detail/add_tasks__traits.hpp
-- Up-to-date: /home/schni2zle/colcon_ws/src/install/smarc_msgs/include/smarc_msgs/smarc_msgs/srv/detail/add_task__traits.hpp
-- Up-to-date: /home/schni2zle/colcon_ws/src/install/smarc_msgs/include/smarc_msgs/smarc_msgs/srv/detail/nedenu_rotation__builder.hpp
-- Up-to-date: /home/schni2zle/colcon_ws/src/install/smarc_msgs/include/smarc_msgs/smarc_msgs/srv/add_task.hpp
-- Up-to-date: /home/schni2zle/colcon_ws/src/install/smarc_msgs/include/smarc_msgs/smarc_msgs/srv/lat_lon_to_utm_odometry.hpp
-- Up-to-date: /home/schni2zle/colcon_ws/src/install/smarc_msgs/include/smarc_msgs/smarc_msgs/srv/cell_occupied.hpp
-- Up-to-date: /home/schni2zle/colcon_ws/src/install/smarc_msgs/include/smarc_msgs/smarc_msgs
-- Up-to-date: /home/schni2zle/colcon_ws/src/install/smarc_msgs/include/smarc_msgs/smarc_msgs/msg
-- Up-to-date: /home/schni2zle/colcon_ws/src/install/smarc_msgs/include/smarc_msgs/smarc_msgs/msg/rosidl_typesupport_fastrtps_cpp__visibility_control.h
-- Up-to-date: /home/schni2zle/colcon_ws/src/install/smarc_msgs/include/smarc_msgs/smarc_msgs/msg/detail
-- Up-to-date: /home/schni2zle/colcon_ws/src/install/smarc_msgs/include/smarc_msgs/smarc_msgs/msg/detail/float_stamped__rosidl_typesupport_fastrtps_cpp.hpp
-- Up-to-date: /home/schni2zle/colcon_ws/src/install/smarc_msgs/include/smarc_msgs/smarc_msgs/msg/detail/string_array__rosidl_typesupport_fastrtps_cpp.hpp
-- Up-to-date: /home/schni2zle/colcon_ws/src/install/smarc_msgs/include/smarc_msgs/smarc_msgs/msg/detail/sm_task__rosidl_typesupport_fastrtps_cpp.hpp
-- Up-to-date: /home/schni2zle/colcon_ws/src/install/smarc_msgs/include/smarc_msgs/smarc_msgs/msg/detail/lat_lon_stamped__rosidl_typesupport_fastrtps_cpp.hpp
-- Up-to-date: /home/schni2zle/colcon_ws/src/install/smarc_msgs/include/smarc_msgs/smarc_msgs/msg/detail/dual_thruster_rpm__rosidl_typesupport_fastrtps_cpp.hpp
-- Up-to-date: /home/schni2zle/colcon_ws/src/install/smarc_msgs/include/smarc_msgs/smarc_msgs/msg/detail/string_pair__rosidl_typesupport_fastrtps_cpp.hpp
-- Up-to-date: /home/schni2zle/colcon_ws/src/install/smarc_msgs/include/smarc_msgs/smarc_msgs/msg/detail/thruster_dc__rosidl_typesupport_fastrtps_cpp.hpp
-- Up-to-date: /home/schni2zle/colcon_ws/src/install/smarc_msgs/include/smarc_msgs/smarc_msgs/msg/detail/thruster_feedback__rosidl_typesupport_fastrtps_cpp.hpp
-- Up-to-date: /home/schni2zle/colcon_ws/src/install/smarc_msgs/include/smarc_msgs/smarc_msgs/msg/detail/topics__rosidl_typesupport_fastrtps_cpp.hpp
-- Up-to-date: /home/schni2zle/colcon_ws/src/install/smarc_msgs/include/smarc_msgs/smarc_msgs/msg/detail/dvl_beam__rosidl_typesupport_fastrtps_cpp.hpp
-- Up-to-date: /home/schni2zle/colcon_ws/src/install/smarc_msgs/include/smarc_msgs/smarc_msgs/msg/detail/dvl__rosidl_typesupport_fastrtps_cpp.hpp
-- Up-to-date: /home/schni2zle/colcon_ws/src/install/smarc_msgs/include/smarc_msgs/smarc_msgs/msg/detail/sidescan__rosidl_typesupport_fastrtps_cpp.hpp
-- Up-to-date: /home/schni2zle/colcon_ws/src/install/smarc_msgs/include/smarc_msgs/smarc_msgs/msg/detail/execution_status__rosidl_typesupport_fastrtps_cpp.hpp
-- Up-to-date: /home/schni2zle/colcon_ws/src/install/smarc_msgs/include/smarc_msgs/smarc_msgs/msg/detail/ctd__rosidl_typesupport_fastrtps_cpp.hpp
-- Up-to-date: /home/schni2zle/colcon_ws/src/install/smarc_msgs/include/smarc_msgs/smarc_msgs/msg/detail/comms_message__rosidl_typesupport_fastrtps_cpp.hpp
-- Up-to-date: /home/schni2zle/colcon_ws/src/install/smarc_msgs/include/smarc_msgs/smarc_msgs/msg/detail/sensor_status__rosidl_typesupport_fastrtps_cpp.hpp
-- Up-to-date: /home/schni2zle/colcon_ws/src/install/smarc_msgs/include/smarc_msgs/smarc_msgs/msg/detail/string_stamped__rosidl_typesupport_fastrtps_cpp.hpp
-- Up-to-date: /home/schni2zle/colcon_ws/src/install/smarc_msgs/include/smarc_msgs/smarc_msgs/msg/detail/dds_fastrtps
-- Up-to-date: /home/schni2zle/colcon_ws/src/install/smarc_msgs/include/smarc_msgs/smarc_msgs/msg/detail/controller_status__rosidl_typesupport_fastrtps_cpp.hpp
-- Up-to-date: /home/schni2zle/colcon_ws/src/install/smarc_msgs/include/smarc_msgs/smarc_msgs/msg/detail/thruster_rpm__rosidl_typesupport_fastrtps_cpp.hpp
-- Up-to-date: /home/schni2zle/colcon_ws/src/install/smarc_msgs/include/smarc_msgs/smarc_msgs/msg/detail/lat_lon_odometry__rosidl_typesupport_fastrtps_cpp.hpp
-- Up-to-date: /home/schni2zle/colcon_ws/src/install/smarc_msgs/include/smarc_msgs/smarc_msgs/msg/detail/dual_thruster_feedback__rosidl_typesupport_fastrtps_cpp.hpp
-- Up-to-date: /home/schni2zle/colcon_ws/src/install/smarc_msgs/include/smarc_msgs/smarc_msgs/msg/detail/leak__rosidl_typesupport_fastrtps_cpp.hpp
-- Up-to-date: /home/schni2zle/colcon_ws/src/install/smarc_msgs/include/smarc_msgs/smarc_msgs/srv
-- Up-to-date: /home/schni2zle/colcon_ws/src/install/smarc_msgs/include/smarc_msgs/smarc_msgs/srv/detail
-- Up-to-date: /home/schni2zle/colcon_ws/src/install/smarc_msgs/include/smarc_msgs/smarc_msgs/srv/detail/add_tasks__rosidl_typesupport_fastrtps_cpp.hpp
-- Up-to-date: /home/schni2zle/colcon_ws/src/install/smarc_msgs/include/smarc_msgs/smarc_msgs/srv/detail/add_task__rosidl_typesupport_fastrtps_cpp.hpp
-- Up-to-date: /home/schni2zle/colcon_ws/src/install/smarc_msgs/include/smarc_msgs/smarc_msgs/srv/detail/cell_occupied__rosidl_typesupport_fastrtps_cpp.hpp
-- Up-to-date: /home/schni2zle/colcon_ws/src/install/smarc_msgs/include/smarc_msgs/smarc_msgs/srv/detail/dds_fastrtps
-- Up-to-date: /home/schni2zle/colcon_ws/src/install/smarc_msgs/include/smarc_msgs/smarc_msgs/srv/detail/nedenu_rotation__rosidl_typesupport_fastrtps_cpp.hpp
-- Up-to-date: /home/schni2zle/colcon_ws/src/install/smarc_msgs/include/smarc_msgs/smarc_msgs/srv/detail/lat_lon_to_utm_odometry__rosidl_typesupport_fastrtps_cpp.hpp
-- Up-to-date: /home/schni2zle/colcon_ws/src/install/smarc_msgs/lib/libsmarc_msgs__rosidl_typesupport_fastrtps_cpp.so
-- Up-to-date: /home/schni2zle/colcon_ws/src/install/smarc_msgs/include/smarc_msgs/smarc_msgs
-- Up-to-date: /home/schni2zle/colcon_ws/src/install/smarc_msgs/include/smarc_msgs/smarc_msgs/msg
-- Up-to-date: /home/schni2zle/colcon_ws/src/install/smarc_msgs/include/smarc_msgs/smarc_msgs/msg/detail
-- Up-to-date: /home/schni2zle/colcon_ws/src/install/smarc_msgs/include/smarc_msgs/smarc_msgs/msg/detail/dvl__type_support.cpp
-- Up-to-date: /home/schni2zle/colcon_ws/src/install/smarc_msgs/include/smarc_msgs/smarc_msgs/msg/detail/dual_thruster_feedback__rosidl_typesupport_introspection_cpp.hpp
-- Up-to-date: /home/schni2zle/colcon_ws/src/install/smarc_msgs/include/smarc_msgs/smarc_msgs/msg/detail/sensor_status__type_support.cpp
-- Up-to-date: /home/schni2zle/colcon_ws/src/install/smarc_msgs/include/smarc_msgs/smarc_msgs/msg/detail/string_pair__rosidl_typesupport_introspection_cpp.hpp
-- Up-to-date: /home/schni2zle/colcon_ws/src/install/smarc_msgs/include/smarc_msgs/smarc_msgs/msg/detail/lat_lon_stamped__rosidl_typesupport_introspection_cpp.hpp
-- Up-to-date: /home/schni2zle/colcon_ws/src/install/smarc_msgs/include/smarc_msgs/smarc_msgs/msg/detail/dvl__rosidl_typesupport_introspection_cpp.hpp
-- Up-to-date: /home/schni2zle/colcon_ws/src/install/smarc_msgs/include/smarc_msgs/smarc_msgs/msg/detail/sidescan__rosidl_typesupport_introspection_cpp.hpp
-- Up-to-date: /home/schni2zle/colcon_ws/src/install/smarc_msgs/include/smarc_msgs/smarc_msgs/msg/detail/topics__type_support.cpp
-- Up-to-date: /home/schni2zle/colcon_ws/src/install/smarc_msgs/include/smarc_msgs/smarc_msgs/msg/detail/sm_task__rosidl_typesupport_introspection_cpp.hpp
-- Up-to-date: /home/schni2zle/colcon_ws/src/install/smarc_msgs/include/smarc_msgs/smarc_msgs/msg/detail/string_stamped__rosidl_typesupport_introspection_cpp.hpp
-- Up-to-date: /home/schni2zle/colcon_ws/src/install/smarc_msgs/include/smarc_msgs/smarc_msgs/msg/detail/sm_task__type_support.cpp
-- Up-to-date: /home/schni2zle/colcon_ws/src/install/smarc_msgs/include/smarc_msgs/smarc_msgs/msg/detail/dvl_beam__rosidl_typesupport_introspection_cpp.hpp
-- Up-to-date: /home/schni2zle/colcon_ws/src/install/smarc_msgs/include/smarc_msgs/smarc_msgs/msg/detail/dual_thruster_rpm__rosidl_typesupport_introspection_cpp.hpp
-- Up-to-date: /home/schni2zle/colcon_ws/src/install/smarc_msgs/include/smarc_msgs/smarc_msgs/msg/detail/dual_thruster_rpm__type_support.cpp
-- Up-to-date: /home/schni2zle/colcon_ws/src/install/smarc_msgs/include/smarc_msgs/smarc_msgs/msg/detail/string_array__rosidl_typesupport_introspection_cpp.hpp
-- Up-to-date: /home/schni2zle/colcon_ws/src/install/smarc_msgs/include/smarc_msgs/smarc_msgs/msg/detail/controller_status__type_support.cpp
-- Up-to-date: /home/schni2zle/colcon_ws/src/install/smarc_msgs/include/smarc_msgs/smarc_msgs/msg/detail/thruster_feedback__rosidl_typesupport_introspection_cpp.hpp
-- Up-to-date: /home/schni2zle/colcon_ws/src/install/smarc_msgs/include/smarc_msgs/smarc_msgs/msg/detail/dual_thruster_feedback__type_support.cpp
-- Up-to-date: /home/schni2zle/colcon_ws/src/install/smarc_msgs/include/smarc_msgs/smarc_msgs/msg/detail/controller_status__rosidl_typesupport_introspection_cpp.hpp
-- Up-to-date: /home/schni2zle/colcon_ws/src/install/smarc_msgs/include/smarc_msgs/smarc_msgs/msg/detail/string_stamped__type_support.cpp
-- Up-to-date: /home/schni2zle/colcon_ws/src/install/smarc_msgs/include/smarc_msgs/smarc_msgs/msg/detail/lat_lon_stamped__type_support.cpp
-- Up-to-date: /home/schni2zle/colcon_ws/src/install/smarc_msgs/include/smarc_msgs/smarc_msgs/msg/detail/string_array__type_support.cpp
-- Up-to-date: /home/schni2zle/colcon_ws/src/install/smarc_msgs/include/smarc_msgs/smarc_msgs/msg/detail/dvl_beam__type_support.cpp
-- Up-to-date: /home/schni2zle/colcon_ws/src/install/smarc_msgs/include/smarc_msgs/smarc_msgs/msg/detail/float_stamped__rosidl_typesupport_introspection_cpp.hpp
-- Up-to-date: /home/schni2zle/colcon_ws/src/install/smarc_msgs/include/smarc_msgs/smarc_msgs/msg/detail/execution_status__rosidl_typesupport_introspection_cpp.hpp
-- Up-to-date: /home/schni2zle/colcon_ws/src/install/smarc_msgs/include/smarc_msgs/smarc_msgs/msg/detail/sidescan__type_support.cpp
-- Up-to-date: /home/schni2zle/colcon_ws/src/install/smarc_msgs/include/smarc_msgs/smarc_msgs/msg/detail/ctd__rosidl_typesupport_introspection_cpp.hpp
-- Up-to-date: /home/schni2zle/colcon_ws/src/install/smarc_msgs/include/smarc_msgs/smarc_msgs/msg/detail/leak__rosidl_typesupport_introspection_cpp.hpp
-- Up-to-date: /home/schni2zle/colcon_ws/src/install/smarc_msgs/include/smarc_msgs/smarc_msgs/msg/detail/thruster_dc__type_support.cpp
-- Up-to-date: /home/schni2zle/colcon_ws/src/install/smarc_msgs/include/smarc_msgs/smarc_msgs/msg/detail/thruster_rpm__type_support.cpp
-- Up-to-date: /home/schni2zle/colcon_ws/src/install/smarc_msgs/include/smarc_msgs/smarc_msgs/msg/detail/lat_lon_odometry__rosidl_typesupport_introspection_cpp.hpp
-- Up-to-date: /home/schni2zle/colcon_ws/src/install/smarc_msgs/include/smarc_msgs/smarc_msgs/msg/detail/topics__rosidl_typesupport_introspection_cpp.hpp
-- Up-to-date: /home/schni2zle/colcon_ws/src/install/smarc_msgs/include/smarc_msgs/smarc_msgs/msg/detail/thruster_dc__rosidl_typesupport_introspection_cpp.hpp
-- Up-to-date: /home/schni2zle/colcon_ws/src/install/smarc_msgs/include/smarc_msgs/smarc_msgs/msg/detail/thruster_feedback__type_support.cpp
-- Up-to-date: /home/schni2zle/colcon_ws/src/install/smarc_msgs/include/smarc_msgs/smarc_msgs/msg/detail/execution_status__type_support.cpp
-- Up-to-date: /home/schni2zle/colcon_ws/src/install/smarc_msgs/include/smarc_msgs/smarc_msgs/msg/detail/float_stamped__type_support.cpp
-- Up-to-date: /home/schni2zle/colcon_ws/src/install/smarc_msgs/include/smarc_msgs/smarc_msgs/msg/detail/lat_lon_odometry__type_support.cpp
-- Up-to-date: /home/schni2zle/colcon_ws/src/install/smarc_msgs/include/smarc_msgs/smarc_msgs/msg/detail/string_pair__type_support.cpp
-- Up-to-date: /home/schni2zle/colcon_ws/src/install/smarc_msgs/include/smarc_msgs/smarc_msgs/msg/detail/comms_message__rosidl_typesupport_introspection_cpp.hpp
-- Up-to-date: /home/schni2zle/colcon_ws/src/install/smarc_msgs/include/smarc_msgs/smarc_msgs/msg/detail/ctd__type_support.cpp
-- Up-to-date: /home/schni2zle/colcon_ws/src/install/smarc_msgs/include/smarc_msgs/smarc_msgs/msg/detail/leak__type_support.cpp
-- Up-to-date: /home/schni2zle/colcon_ws/src/install/smarc_msgs/include/smarc_msgs/smarc_msgs/msg/detail/sensor_status__rosidl_typesupport_introspection_cpp.hpp
-- Up-to-date: /home/schni2zle/colcon_ws/src/install/smarc_msgs/include/smarc_msgs/smarc_msgs/msg/detail/thruster_rpm__rosidl_typesupport_introspection_cpp.hpp
-- Up-to-date: /home/schni2zle/colcon_ws/src/install/smarc_msgs/include/smarc_msgs/smarc_msgs/msg/detail/comms_message__type_support.cpp
-- Up-to-date: /home/schni2zle/colcon_ws/src/install/smarc_msgs/include/smarc_msgs/smarc_msgs/srv
-- Up-to-date: /home/schni2zle/colcon_ws/src/install/smarc_msgs/include/smarc_msgs/smarc_msgs/srv/detail
-- Up-to-date: /home/schni2zle/colcon_ws/src/install/smarc_msgs/include/smarc_msgs/smarc_msgs/srv/detail/nedenu_rotation__rosidl_typesupport_introspection_cpp.hpp
-- Up-to-date: /home/schni2zle/colcon_ws/src/install/smarc_msgs/include/smarc_msgs/smarc_msgs/srv/detail/cell_occupied__type_support.cpp
-- Up-to-date: /home/schni2zle/colcon_ws/src/install/smarc_msgs/include/smarc_msgs/smarc_msgs/srv/detail/add_tasks__rosidl_typesupport_introspection_cpp.hpp
-- Up-to-date: /home/schni2zle/colcon_ws/src/install/smarc_msgs/include/smarc_msgs/smarc_msgs/srv/detail/lat_lon_to_utm_odometry__type_support.cpp
-- Up-to-date: /home/schni2zle/colcon_ws/src/install/smarc_msgs/include/smarc_msgs/smarc_msgs/srv/detail/add_task__rosidl_typesupport_introspection_cpp.hpp
-- Up-to-date: /home/schni2zle/colcon_ws/src/install/smarc_msgs/include/smarc_msgs/smarc_msgs/srv/detail/cell_occupied__rosidl_typesupport_introspection_cpp.hpp
-- Up-to-date: /home/schni2zle/colcon_ws/src/install/smarc_msgs/include/smarc_msgs/smarc_msgs/srv/detail/nedenu_rotation__type_support.cpp
-- Up-to-date: /home/schni2zle/colcon_ws/src/install/smarc_msgs/include/smarc_msgs/smarc_msgs/srv/detail/add_task__type_support.cpp
-- Up-to-date: /home/schni2zle/colcon_ws/src/install/smarc_msgs/include/smarc_msgs/smarc_msgs/srv/detail/add_tasks__type_support.cpp
-- Up-to-date: /home/schni2zle/colcon_ws/src/install/smarc_msgs/include/smarc_msgs/smarc_msgs/srv/detail/lat_lon_to_utm_odometry__rosidl_typesupport_introspection_cpp.hpp
-- Up-to-date: /home/schni2zle/colcon_ws/src/install/smarc_msgs/lib/libsmarc_msgs__rosidl_typesupport_introspection_cpp.so
-- Up-to-date: /home/schni2zle/colcon_ws/src/install/smarc_msgs/lib/libsmarc_msgs__rosidl_typesupport_cpp.so
-- Up-to-date: /home/schni2zle/colcon_ws/src/install/smarc_msgs/share/smarc_msgs/environment/pythonpath.sh
-- Up-to-date: /home/schni2zle/colcon_ws/src/install/smarc_msgs/share/smarc_msgs/environment/pythonpath.dsv
-- Up-to-date: /home/schni2zle/colcon_ws/src/install/smarc_msgs/local/lib/python3.10/dist-packages/smarc_msgs-0.1.0-py3.10.egg-info
-- Installing: /home/schni2zle/colcon_ws/src/install/smarc_msgs/local/lib/python3.10/dist-packages/smarc_msgs-0.1.0-py3.10.egg-info/PKG-INFO
-- Installing: /home/schni2zle/colcon_ws/src/install/smarc_msgs/local/lib/python3.10/dist-packages/smarc_msgs-0.1.0-py3.10.egg-info/SOURCES.txt
-- Installing: /home/schni2zle/colcon_ws/src/install/smarc_msgs/local/lib/python3.10/dist-packages/smarc_msgs-0.1.0-py3.10.egg-info/top_level.txt
-- Installing: /home/schni2zle/colcon_ws/src/install/smarc_msgs/local/lib/python3.10/dist-packages/smarc_msgs-0.1.0-py3.10.egg-info/dependency_links.txt
-- Up-to-date: /home/schni2zle/colcon_ws/src/install/smarc_msgs/local/lib/python3.10/dist-packages/smarc_msgs
-- Up-to-date: /home/schni2zle/colcon_ws/src/install/smarc_msgs/local/lib/python3.10/dist-packages/smarc_msgs/msg
-- Up-to-date: /home/schni2zle/colcon_ws/src/install/smarc_msgs/local/lib/python3.10/dist-packages/smarc_msgs/msg/_leak.py
-- Up-to-date: /home/schni2zle/colcon_ws/src/install/smarc_msgs/local/lib/python3.10/dist-packages/smarc_msgs/msg/_sensor_status_s.c
-- Up-to-date: /home/schni2zle/colcon_ws/src/install/smarc_msgs/local/lib/python3.10/dist-packages/smarc_msgs/msg/_string_pair.py
-- Up-to-date: /home/schni2zle/colcon_ws/src/install/smarc_msgs/local/lib/python3.10/dist-packages/smarc_msgs/msg/_lat_lon_odometry_s.c
-- Up-to-date: /home/schni2zle/colcon_ws/src/install/smarc_msgs/local/lib/python3.10/dist-packages/smarc_msgs/msg/_dual_thruster_feedback_s.c
-- Up-to-date: /home/schni2zle/colcon_ws/src/install/smarc_msgs/local/lib/python3.10/dist-packages/smarc_msgs/msg/_comms_message.py
-- Up-to-date: /home/schni2zle/colcon_ws/src/install/smarc_msgs/local/lib/python3.10/dist-packages/smarc_msgs/msg/_controller_status_s.c
-- Up-to-date: /home/schni2zle/colcon_ws/src/install/smarc_msgs/local/lib/python3.10/dist-packages/smarc_msgs/msg/_lat_lon_stamped_s.c
-- Up-to-date: /home/schni2zle/colcon_ws/src/install/smarc_msgs/local/lib/python3.10/dist-packages/smarc_msgs/msg/_thruster_feedback.py
-- Up-to-date: /home/schni2zle/colcon_ws/src/install/smarc_msgs/local/lib/python3.10/dist-packages/smarc_msgs/msg/_dvl_beam_s.c
-- Up-to-date: /home/schni2zle/colcon_ws/src/install/smarc_msgs/local/lib/python3.10/dist-packages/smarc_msgs/msg/_string_array.py
-- Up-to-date: /home/schni2zle/colcon_ws/src/install/smarc_msgs/local/lib/python3.10/dist-packages/smarc_msgs/msg/_lat_lon_stamped.py
-- Up-to-date: /home/schni2zle/colcon_ws/src/install/smarc_msgs/local/lib/python3.10/dist-packages/smarc_msgs/msg/_thruster_feedback_s.c
-- Up-to-date: /home/schni2zle/colcon_ws/src/install/smarc_msgs/local/lib/python3.10/dist-packages/smarc_msgs/msg/_dvl_s.c
-- Up-to-date: /home/schni2zle/colcon_ws/src/install/smarc_msgs/local/lib/python3.10/dist-packages/smarc_msgs/msg/_float_stamped_s.c
-- Up-to-date: /home/schni2zle/colcon_ws/src/install/smarc_msgs/local/lib/python3.10/dist-packages/smarc_msgs/msg/_dual_thruster_feedback.py
-- Up-to-date: /home/schni2zle/colcon_ws/src/install/smarc_msgs/local/lib/python3.10/dist-packages/smarc_msgs/msg/_comms_message_s.c
-- Up-to-date: /home/schni2zle/colcon_ws/src/install/smarc_msgs/local/lib/python3.10/dist-packages/smarc_msgs/msg/_topics_s.c
-- Up-to-date: /home/schni2zle/colcon_ws/src/install/smarc_msgs/local/lib/python3.10/dist-packages/smarc_msgs/msg/_float_stamped.py
-- Up-to-date: /home/schni2zle/colcon_ws/src/install/smarc_msgs/local/lib/python3.10/dist-packages/smarc_msgs/msg/_execution_status_s.c
-- Up-to-date: /home/schni2zle/colcon_ws/src/install/smarc_msgs/local/lib/python3.10/dist-packages/smarc_msgs/msg/_execution_status.py
-- Up-to-date: /home/schni2zle/colcon_ws/src/install/smarc_msgs/local/lib/python3.10/dist-packages/smarc_msgs/msg/_sm_task.py
-- Up-to-date: /home/schni2zle/colcon_ws/src/install/smarc_msgs/local/lib/python3.10/dist-packages/smarc_msgs/msg/_ctd.py
-- Up-to-date: /home/schni2zle/colcon_ws/src/install/smarc_msgs/local/lib/python3.10/dist-packages/smarc_msgs/msg/_sm_task_s.c
-- Up-to-date: /home/schni2zle/colcon_ws/src/install/smarc_msgs/local/lib/python3.10/dist-packages/smarc_msgs/msg/_thruster_dc_s.c
-- Up-to-date: /home/schni2zle/colcon_ws/src/install/smarc_msgs/local/lib/python3.10/dist-packages/smarc_msgs/msg/_sidescan.py
-- Up-to-date: /home/schni2zle/colcon_ws/src/install/smarc_msgs/local/lib/python3.10/dist-packages/smarc_msgs/msg/_leak_s.c
-- Up-to-date: /home/schni2zle/colcon_ws/src/install/smarc_msgs/local/lib/python3.10/dist-packages/smarc_msgs/msg/_controller_status.py
-- Up-to-date: /home/schni2zle/colcon_ws/src/install/smarc_msgs/local/lib/python3.10/dist-packages/smarc_msgs/msg/_string_stamped.py
-- Up-to-date: /home/schni2zle/colcon_ws/src/install/smarc_msgs/local/lib/python3.10/dist-packages/smarc_msgs/msg/_dual_thruster_rpm.py
-- Up-to-date: /home/schni2zle/colcon_ws/src/install/smarc_msgs/local/lib/python3.10/dist-packages/smarc_msgs/msg/_topics.py
-- Up-to-date: /home/schni2zle/colcon_ws/src/install/smarc_msgs/local/lib/python3.10/dist-packages/smarc_msgs/msg/__init__.py
-- Up-to-date: /home/schni2zle/colcon_ws/src/install/smarc_msgs/local/lib/python3.10/dist-packages/smarc_msgs/msg/_dvl.py
-- Up-to-date: /home/schni2zle/colcon_ws/src/install/smarc_msgs/local/lib/python3.10/dist-packages/smarc_msgs/msg/_sensor_status.py
-- Up-to-date: /home/schni2zle/colcon_ws/src/install/smarc_msgs/local/lib/python3.10/dist-packages/smarc_msgs/msg/_string_array_s.c
-- Up-to-date: /home/schni2zle/colcon_ws/src/install/smarc_msgs/local/lib/python3.10/dist-packages/smarc_msgs/msg/_ctd_s.c
-- Up-to-date: /home/schni2zle/colcon_ws/src/install/smarc_msgs/local/lib/python3.10/dist-packages/smarc_msgs/msg/_thruster_rpm.py
-- Up-to-date: /home/schni2zle/colcon_ws/src/install/smarc_msgs/local/lib/python3.10/dist-packages/smarc_msgs/msg/_lat_lon_odometry.py
-- Up-to-date: /home/schni2zle/colcon_ws/src/install/smarc_msgs/local/lib/python3.10/dist-packages/smarc_msgs/msg/_dvl_beam.py
-- Up-to-date: /home/schni2zle/colcon_ws/src/install/smarc_msgs/local/lib/python3.10/dist-packages/smarc_msgs/msg/_string_stamped_s.c
-- Up-to-date: /home/schni2zle/colcon_ws/src/install/smarc_msgs/local/lib/python3.10/dist-packages/smarc_msgs/msg/_sidescan_s.c
-- Up-to-date: /home/schni2zle/colcon_ws/src/install/smarc_msgs/local/lib/python3.10/dist-packages/smarc_msgs/msg/_thruster_dc.py
-- Up-to-date: /home/schni2zle/colcon_ws/src/install/smarc_msgs/local/lib/python3.10/dist-packages/smarc_msgs/msg/_dual_thruster_rpm_s.c
-- Up-to-date: /home/schni2zle/colcon_ws/src/install/smarc_msgs/local/lib/python3.10/dist-packages/smarc_msgs/msg/_string_pair_s.c
-- Up-to-date: /home/schni2zle/colcon_ws/src/install/smarc_msgs/local/lib/python3.10/dist-packages/smarc_msgs/msg/_thruster_rpm_s.c
-- Up-to-date: /home/schni2zle/colcon_ws/src/install/smarc_msgs/local/lib/python3.10/dist-packages/smarc_msgs/_smarc_msgs_s.ep.rosidl_typesupport_c.c
-- Up-to-date: /home/schni2zle/colcon_ws/src/install/smarc_msgs/local/lib/python3.10/dist-packages/smarc_msgs/srv
-- Up-to-date: /home/schni2zle/colcon_ws/src/install/smarc_msgs/local/lib/python3.10/dist-packages/smarc_msgs/srv/_add_tasks.py
-- Up-to-date: /home/schni2zle/colcon_ws/src/install/smarc_msgs/local/lib/python3.10/dist-packages/smarc_msgs/srv/_lat_lon_to_utm_odometry.py
-- Up-to-date: /home/schni2zle/colcon_ws/src/install/smarc_msgs/local/lib/python3.10/dist-packages/smarc_msgs/srv/_add_task.py
-- Up-to-date: /home/schni2zle/colcon_ws/src/install/smarc_msgs/local/lib/python3.10/dist-packages/smarc_msgs/srv/_cell_occupied_s.c
-- Up-to-date: /home/schni2zle/colcon_ws/src/install/smarc_msgs/local/lib/python3.10/dist-packages/smarc_msgs/srv/_nedenu_rotation_s.c
-- Up-to-date: /home/schni2zle/colcon_ws/src/install/smarc_msgs/local/lib/python3.10/dist-packages/smarc_msgs/srv/_lat_lon_to_utm_odometry_s.c
-- Up-to-date: /home/schni2zle/colcon_ws/src/install/smarc_msgs/local/lib/python3.10/dist-packages/smarc_msgs/srv/_add_tasks_s.c
-- Up-to-date: /home/schni2zle/colcon_ws/src/install/smarc_msgs/local/lib/python3.10/dist-packages/smarc_msgs/srv/__init__.py
-- Up-to-date: /home/schni2zle/colcon_ws/src/install/smarc_msgs/local/lib/python3.10/dist-packages/smarc_msgs/srv/_nedenu_rotation.py
-- Up-to-date: /home/schni2zle/colcon_ws/src/install/smarc_msgs/local/lib/python3.10/dist-packages/smarc_msgs/srv/_add_task_s.c
-- Up-to-date: /home/schni2zle/colcon_ws/src/install/smarc_msgs/local/lib/python3.10/dist-packages/smarc_msgs/srv/_cell_occupied.py
-- Up-to-date: /home/schni2zle/colcon_ws/src/install/smarc_msgs/local/lib/python3.10/dist-packages/smarc_msgs/smarc_msgs_s__rosidl_typesupport_c.cpython-310-x86_64-linux-gnu.so
-- Up-to-date: /home/schni2zle/colcon_ws/src/install/smarc_msgs/local/lib/python3.10/dist-packages/smarc_msgs/smarc_msgs_s__rosidl_typesupport_introspection_c.cpython-310-x86_64-linux-gnu.so
-- Up-to-date: /home/schni2zle/colcon_ws/src/install/smarc_msgs/local/lib/python3.10/dist-packages/smarc_msgs/__init__.py
-- Up-to-date: /home/schni2zle/colcon_ws/src/install/smarc_msgs/local/lib/python3.10/dist-packages/smarc_msgs/smarc_msgs_s__rosidl_typesupport_fastrtps_c.cpython-310-x86_64-linux-gnu.so
-- Up-to-date: /home/schni2zle/colcon_ws/src/install/smarc_msgs/local/lib/python3.10/dist-packages/smarc_msgs/libsmarc_msgs__rosidl_generator_py.so
-- Up-to-date: /home/schni2zle/colcon_ws/src/install/smarc_msgs/local/lib/python3.10/dist-packages/smarc_msgs/_smarc_msgs_s.ep.rosidl_typesupport_fastrtps_c.c
-- Up-to-date: /home/schni2zle/colcon_ws/src/install/smarc_msgs/local/lib/python3.10/dist-packages/smarc_msgs/_smarc_msgs_s.ep.rosidl_typesupport_introspection_c.c
Listing '/home/schni2zle/colcon_ws/src/install/smarc_msgs/local/lib/python3.10/dist-packages/smarc_msgs'...
Listing '/home/schni2zle/colcon_ws/src/install/smarc_msgs/local/lib/python3.10/dist-packages/smarc_msgs/msg'...
Listing '/home/schni2zle/colcon_ws/src/install/smarc_msgs/local/lib/python3.10/dist-packages/smarc_msgs/srv'...
-- Up-to-date: /home/schni2zle/colcon_ws/src/install/smarc_msgs/local/lib/python3.10/dist-packages/smarc_msgs/smarc_msgs_s__rosidl_typesupport_fastrtps_c.cpython-310-x86_64-linux-gnu.so
-- Up-to-date: /home/schni2zle/colcon_ws/src/install/smarc_msgs/local/lib/python3.10/dist-packages/smarc_msgs/smarc_msgs_s__rosidl_typesupport_introspection_c.cpython-310-x86_64-linux-gnu.so
-- Up-to-date: /home/schni2zle/colcon_ws/src/install/smarc_msgs/local/lib/python3.10/dist-packages/smarc_msgs/smarc_msgs_s__rosidl_typesupport_c.cpython-310-x86_64-linux-gnu.so
-- Up-to-date: /home/schni2zle/colcon_ws/src/install/smarc_msgs/lib/libsmarc_msgs__rosidl_generator_py.so
-- Up-to-date: /home/schni2zle/colcon_ws/src/install/smarc_msgs/share/smarc_msgs/srv/CellOccupied.idl
-- Up-to-date: /home/schni2zle/colcon_ws/src/install/smarc_msgs/share/smarc_msgs/srv/AddTask.idl
-- Up-to-date: /home/schni2zle/colcon_ws/src/install/smarc_msgs/share/smarc_msgs/srv/AddTasks.idl
-- Up-to-date: /home/schni2zle/colcon_ws/src/install/smarc_msgs/share/smarc_msgs/srv/NEDENURotation.idl
-- Up-to-date: /home/schni2zle/colcon_ws/src/install/smarc_msgs/share/smarc_msgs/srv/LatLonToUTMOdometry.idl
-- Up-to-date: /home/schni2zle/colcon_ws/src/install/smarc_msgs/share/smarc_msgs/msg/CommsMessage.idl
-- Up-to-date: /home/schni2zle/colcon_ws/src/install/smarc_msgs/share/smarc_msgs/msg/ControllerStatus.idl
-- Up-to-date: /home/schni2zle/colcon_ws/src/install/smarc_msgs/share/smarc_msgs/msg/CTD.idl
-- Up-to-date: /home/schni2zle/colcon_ws/src/install/smarc_msgs/share/smarc_msgs/msg/DualThrusterFeedback.idl
-- Up-to-date: /home/schni2zle/colcon_ws/src/install/smarc_msgs/share/smarc_msgs/msg/DualThrusterRPM.idl
-- Up-to-date: /home/schni2zle/colcon_ws/src/install/smarc_msgs/share/smarc_msgs/msg/DVLBeam.idl
-- Up-to-date: /home/schni2zle/colcon_ws/src/install/smarc_msgs/share/smarc_msgs/msg/DVL.idl
-- Up-to-date: /home/schni2zle/colcon_ws/src/install/smarc_msgs/share/smarc_msgs/msg/ExecutionStatus.idl
-- Up-to-date: /home/schni2zle/colcon_ws/src/install/smarc_msgs/share/smarc_msgs/msg/FloatStamped.idl
-- Up-to-date: /home/schni2zle/colcon_ws/src/install/smarc_msgs/share/smarc_msgs/msg/LatLonOdometry.idl
-- Up-to-date: /home/schni2zle/colcon_ws/src/install/smarc_msgs/share/smarc_msgs/msg/LatLonStamped.idl
-- Up-to-date: /home/schni2zle/colcon_ws/src/install/smarc_msgs/share/smarc_msgs/msg/Leak.idl
-- Up-to-date: /home/schni2zle/colcon_ws/src/install/smarc_msgs/share/smarc_msgs/msg/SensorStatus.idl
-- Up-to-date: /home/schni2zle/colcon_ws/src/install/smarc_msgs/share/smarc_msgs/msg/Sidescan.idl
-- Up-to-date: /home/schni2zle/colcon_ws/src/install/smarc_msgs/share/smarc_msgs/msg/SMTask.idl
-- Up-to-date: /home/schni2zle/colcon_ws/src/install/smarc_msgs/share/smarc_msgs/msg/StringArray.idl
-- Up-to-date: /home/schni2zle/colcon_ws/src/install/smarc_msgs/share/smarc_msgs/msg/StringPair.idl
-- Up-to-date: /home/schni2zle/colcon_ws/src/install/smarc_msgs/share/smarc_msgs/msg/ThrusterDC.idl
-- Up-to-date: /home/schni2zle/colcon_ws/src/install/smarc_msgs/share/smarc_msgs/msg/ThrusterFeedback.idl
-- Up-to-date: /home/schni2zle/colcon_ws/src/install/smarc_msgs/share/smarc_msgs/msg/ThrusterRPM.idl
-- Up-to-date: /home/schni2zle/colcon_ws/src/install/smarc_msgs/share/smarc_msgs/msg/Topics.idl
-- Up-to-date: /home/schni2zle/colcon_ws/src/install/smarc_msgs/share/smarc_msgs/msg/StringStamped.idl
-- Up-to-date: /home/schni2zle/colcon_ws/src/install/smarc_msgs/share/smarc_msgs/srv/CellOccupied.srv
-- Up-to-date: /home/schni2zle/colcon_ws/src/install/smarc_msgs/share/smarc_msgs/srv/CellOccupied_Request.msg
-- Up-to-date: /home/schni2zle/colcon_ws/src/install/smarc_msgs/share/smarc_msgs/srv/CellOccupied_Response.msg
-- Up-to-date: /home/schni2zle/colcon_ws/src/install/smarc_msgs/share/smarc_msgs/srv/AddTask.srv
-- Up-to-date: /home/schni2zle/colcon_ws/src/install/smarc_msgs/share/smarc_msgs/srv/AddTask_Request.msg
-- Up-to-date: /home/schni2zle/colcon_ws/src/install/smarc_msgs/share/smarc_msgs/srv/AddTask_Response.msg
-- Up-to-date: /home/schni2zle/colcon_ws/src/install/smarc_msgs/share/smarc_msgs/srv/AddTasks.srv
-- Up-to-date: /home/schni2zle/colcon_ws/src/install/smarc_msgs/share/smarc_msgs/srv/AddTasks_Request.msg
-- Up-to-date: /home/schni2zle/colcon_ws/src/install/smarc_msgs/share/smarc_msgs/srv/AddTasks_Response.msg
-- Up-to-date: /home/schni2zle/colcon_ws/src/install/smarc_msgs/share/smarc_msgs/srv/NEDENURotation.srv
-- Up-to-date: /home/schni2zle/colcon_ws/src/install/smarc_msgs/share/smarc_msgs/srv/NEDENURotation_Request.msg
-- Up-to-date: /home/schni2zle/colcon_ws/src/install/smarc_msgs/share/smarc_msgs/srv/NEDENURotation_Response.msg
-- Up-to-date: /home/schni2zle/colcon_ws/src/install/smarc_msgs/share/smarc_msgs/srv/LatLonToUTMOdometry.srv
-- Up-to-date: /home/schni2zle/colcon_ws/src/install/smarc_msgs/share/smarc_msgs/srv/LatLonToUTMOdometry_Request.msg
-- Up-to-date: /home/schni2zle/colcon_ws/src/install/smarc_msgs/share/smarc_msgs/srv/LatLonToUTMOdometry_Response.msg
-- Up-to-date: /home/schni2zle/colcon_ws/src/install/smarc_msgs/share/smarc_msgs/msg/CommsMessage.msg
-- Up-to-date: /home/schni2zle/colcon_ws/src/install/smarc_msgs/share/smarc_msgs/msg/ControllerStatus.msg
-- Up-to-date: /home/schni2zle/colcon_ws/src/install/smarc_msgs/share/smarc_msgs/msg/CTD.msg
-- Up-to-date: /home/schni2zle/colcon_ws/src/install/smarc_msgs/share/smarc_msgs/msg/DualThrusterFeedback.msg
-- Up-to-date: /home/schni2zle/colcon_ws/src/install/smarc_msgs/share/smarc_msgs/msg/DualThrusterRPM.msg
-- Up-to-date: /home/schni2zle/colcon_ws/src/install/smarc_msgs/share/smarc_msgs/msg/DVLBeam.msg
-- Up-to-date: /home/schni2zle/colcon_ws/src/install/smarc_msgs/share/smarc_msgs/msg/DVL.msg
-- Up-to-date: /home/schni2zle/colcon_ws/src/install/smarc_msgs/share/smarc_msgs/msg/ExecutionStatus.msg
-- Up-to-date: /home/schni2zle/colcon_ws/src/install/smarc_msgs/share/smarc_msgs/msg/FloatStamped.msg
-- Up-to-date: /home/schni2zle/colcon_ws/src/install/smarc_msgs/share/smarc_msgs/msg/LatLonOdometry.msg
-- Up-to-date: /home/schni2zle/colcon_ws/src/install/smarc_msgs/share/smarc_msgs/msg/LatLonStamped.msg
-- Up-to-date: /home/schni2zle/colcon_ws/src/install/smarc_msgs/share/smarc_msgs/msg/Leak.msg
-- Up-to-date: /home/schni2zle/colcon_ws/src/install/smarc_msgs/share/smarc_msgs/msg/SensorStatus.msg
-- Up-to-date: /home/schni2zle/colcon_ws/src/install/smarc_msgs/share/smarc_msgs/msg/Sidescan.msg
-- Up-to-date: /home/schni2zle/colcon_ws/src/install/smarc_msgs/share/smarc_msgs/msg/SMTask.msg
-- Up-to-date: /home/schni2zle/colcon_ws/src/install/smarc_msgs/share/smarc_msgs/msg/StringArray.msg
-- Up-to-date: /home/schni2zle/colcon_ws/src/install/smarc_msgs/share/smarc_msgs/msg/StringPair.msg
-- Up-to-date: /home/schni2zle/colcon_ws/src/install/smarc_msgs/share/smarc_msgs/msg/ThrusterDC.msg
-- Up-to-date: /home/schni2zle/colcon_ws/src/install/smarc_msgs/share/smarc_msgs/msg/ThrusterFeedback.msg
-- Up-to-date: /home/schni2zle/colcon_ws/src/install/smarc_msgs/share/smarc_msgs/msg/ThrusterRPM.msg
-- Up-to-date: /home/schni2zle/colcon_ws/src/install/smarc_msgs/share/smarc_msgs/msg/Topics.msg
-- Up-to-date: /home/schni2zle/colcon_ws/src/install/smarc_msgs/share/smarc_msgs/msg/StringStamped.msg
-- Up-to-date: /home/schni2zle/colcon_ws/src/install/smarc_msgs/share/ament_index/resource_index/package_run_dependencies/smarc_msgs
-- Up-to-date: /home/schni2zle/colcon_ws/src/install/smarc_msgs/share/ament_index/resource_index/parent_prefix_path/smarc_msgs
-- Up-to-date: /home/schni2zle/colcon_ws/src/install/smarc_msgs/share/smarc_msgs/environment/ament_prefix_path.sh
-- Up-to-date: /home/schni2zle/colcon_ws/src/install/smarc_msgs/share/smarc_msgs/environment/ament_prefix_path.dsv
-- Up-to-date: /home/schni2zle/colcon_ws/src/install/smarc_msgs/share/smarc_msgs/environment/path.sh
-- Up-to-date: /home/schni2zle/colcon_ws/src/install/smarc_msgs/share/smarc_msgs/environment/path.dsv
-- Up-to-date: /home/schni2zle/colcon_ws/src/install/smarc_msgs/share/smarc_msgs/local_setup.bash
-- Up-to-date: /home/schni2zle/colcon_ws/src/install/smarc_msgs/share/smarc_msgs/local_setup.sh
-- Up-to-date: /home/schni2zle/colcon_ws/src/install/smarc_msgs/share/smarc_msgs/local_setup.zsh
-- Up-to-date: /home/schni2zle/colcon_ws/src/install/smarc_msgs/share/smarc_msgs/local_setup.dsv
-- Installing: /home/schni2zle/colcon_ws/src/install/smarc_msgs/share/smarc_msgs/package.dsv
-- Up-to-date: /home/schni2zle/colcon_ws/src/install/smarc_msgs/share/ament_index/resource_index/packages/smarc_msgs
-- Up-to-date: /home/schni2zle/colcon_ws/src/install/smarc_msgs/share/smarc_msgs/cmake/export_smarc_msgs__rosidl_generator_cExport.cmake
-- Up-to-date: /home/schni2zle/colcon_ws/src/install/smarc_msgs/share/smarc_msgs/cmake/export_smarc_msgs__rosidl_generator_cExport-noconfig.cmake
-- Up-to-date: /home/schni2zle/colcon_ws/src/install/smarc_msgs/share/smarc_msgs/cmake/export_smarc_msgs__rosidl_typesupport_fastrtps_cExport.cmake
-- Up-to-date: /home/schni2zle/colcon_ws/src/install/smarc_msgs/share/smarc_msgs/cmake/export_smarc_msgs__rosidl_typesupport_fastrtps_cExport-noconfig.cmake
-- Up-to-date: /home/schni2zle/colcon_ws/src/install/smarc_msgs/share/smarc_msgs/cmake/smarc_msgs__rosidl_typesupport_introspection_cExport.cmake
-- Up-to-date: /home/schni2zle/colcon_ws/src/install/smarc_msgs/share/smarc_msgs/cmake/smarc_msgs__rosidl_typesupport_introspection_cExport-noconfig.cmake
-- Up-to-date: /home/schni2zle/colcon_ws/src/install/smarc_msgs/share/smarc_msgs/cmake/smarc_msgs__rosidl_typesupport_cExport.cmake
-- Up-to-date: /home/schni2zle/colcon_ws/src/install/smarc_msgs/share/smarc_msgs/cmake/smarc_msgs__rosidl_typesupport_cExport-noconfig.cmake
-- Up-to-date: /home/schni2zle/colcon_ws/src/install/smarc_msgs/share/smarc_msgs/cmake/export_smarc_msgs__rosidl_generator_cppExport.cmake
-- Up-to-date: /home/schni2zle/colcon_ws/src/install/smarc_msgs/share/smarc_msgs/cmake/export_smarc_msgs__rosidl_typesupport_fastrtps_cppExport.cmake
-- Up-to-date: /home/schni2zle/colcon_ws/src/install/smarc_msgs/share/smarc_msgs/cmake/export_smarc_msgs__rosidl_typesupport_fastrtps_cppExport-noconfig.cmake
-- Up-to-date: /home/schni2zle/colcon_ws/src/install/smarc_msgs/share/smarc_msgs/cmake/smarc_msgs__rosidl_typesupport_introspection_cppExport.cmake
-- Up-to-date: /home/schni2zle/colcon_ws/src/install/smarc_msgs/share/smarc_msgs/cmake/smarc_msgs__rosidl_typesupport_introspection_cppExport-noconfig.cmake
-- Up-to-date: /home/schni2zle/colcon_ws/src/install/smarc_msgs/share/smarc_msgs/cmake/smarc_msgs__rosidl_typesupport_cppExport.cmake
-- Up-to-date: /home/schni2zle/colcon_ws/src/install/smarc_msgs/share/smarc_msgs/cmake/smarc_msgs__rosidl_typesupport_cppExport-noconfig.cmake
-- Up-to-date: /home/schni2zle/colcon_ws/src/install/smarc_msgs/share/smarc_msgs/cmake/export_smarc_msgs__rosidl_generator_pyExport.cmake
-- Up-to-date: /home/schni2zle/colcon_ws/src/install/smarc_msgs/share/smarc_msgs/cmake/export_smarc_msgs__rosidl_generator_pyExport-noconfig.cmake
-- Up-to-date: /home/schni2zle/colcon_ws/src/install/smarc_msgs/share/smarc_msgs/cmake/rosidl_cmake-extras.cmake
-- Up-to-date: /home/schni2zle/colcon_ws/src/install/smarc_msgs/share/smarc_msgs/cmake/ament_cmake_export_dependencies-extras.cmake
-- Up-to-date: /home/schni2zle/colcon_ws/src/install/smarc_msgs/share/smarc_msgs/cmake/ament_cmake_export_include_directories-extras.cmake
-- Up-to-date: /home/schni2zle/colcon_ws/src/install/smarc_msgs/share/smarc_msgs/cmake/ament_cmake_export_libraries-extras.cmake
-- Up-to-date: /home/schni2zle/colcon_ws/src/install/smarc_msgs/share/smarc_msgs/cmake/ament_cmake_export_targets-extras.cmake
-- Up-to-date: /home/schni2zle/colcon_ws/src/install/smarc_msgs/share/smarc_msgs/cmake/rosidl_cmake_export_typesupport_targets-extras.cmake
-- Up-to-date: /home/schni2zle/colcon_ws/src/install/smarc_msgs/share/smarc_msgs/cmake/rosidl_cmake_export_typesupport_libraries-extras.cmake
-- Up-to-date: /home/schni2zle/colcon_ws/src/install/smarc_msgs/share/smarc_msgs/cmake/smarc_msgsConfig.cmake
-- Up-to-date: /home/schni2zle/colcon_ws/src/install/smarc_msgs/share/smarc_msgs/cmake/smarc_msgsConfig-version.cmake
-- Up-to-date: /home/schni2zle/colcon_ws/src/install/smarc_msgs/share/smarc_msgs/package.xml
