[0.172s] Invoking command in '/home/schni2zle/colcon_ws/src/build/smarc_msgs': CMAKE_PREFIX_PATH=${CMAKE_PREFIX_PATH}:/home/schni2zle/colcon_ws/src/install/workshopfun:/home/schni2zle/colcon_ws/src/install/utm_latlon_converter:/home/schni2zle/colcon_ws/src/install/test_package:/home/schni2zle/colcon_ws/src/install/state_estimation:/home/schni2zle/colcon_ws/src/install/smarc_nodered:/home/schni2zle/colcon_ws/src/install/smarc_bt:/home/schni2zle/colcon_ws/src/install/smarc_bringups:/home/schni2zle/colcon_ws/src/install/sam_dead_reckoning:/home/schni2zle/colcon_ws/src/install/ros_tcp_endpoint:/home/schni2zle/colcon_ws/src/install/ros2_python_examples:/home/schni2zle/colcon_ws/src/install/quadrotor_basic_controller:/home/schni2zle/colcon_ws/src/install/mqtt_bridge:/home/schni2zle/colcon_ws/src/install/dubins_planner:/home/schni2zle/colcon_ws/src/install/dive_control:/home/schni2zle/colcon_ws/src/install/basic_go_to_waypoint:/home/schni2zle/colcon_ws/src/install/basic_depth_pitch_control:/home/schni2zle/colcon_ws/install/workshopfun:/home/schni2zle/colcon_ws/install/utm_latlon_converter:/home/schni2zle/colcon_ws/install/smarc_nodered:/home/schni2zle/colcon_ws/install/smarc_bt:/home/schni2zle/colcon_ws/install/smarc_bringups:/home/schni2zle/colcon_ws/install/sam_dead_reckoning:/home/schni2zle/colcon_ws/install/ros_tcp_endpoint:/home/schni2zle/colcon_ws/install/ros2_python_examples:/home/schni2zle/colcon_ws/install/mqtt_bridge:/home/schni2zle/colcon_ws/install/dubins_planner:/home/schni2zle/colcon_ws/install/basic_go_to_waypoint:/opt/ros/humble /usr/bin/cmake --build /home/schni2zle/colcon_ws/src/build/smarc_msgs -- -j8 -l8
[3.770s] [  0%] Built target smarc_msgs__cpp
[3.770s] [ 12%] Built target smarc_msgs__rosidl_generator_c
[3.770s] [ 12%] Built target ament_cmake_python_copy_smarc_msgs
[3.770s] [ 24%] Built target smarc_msgs__rosidl_typesupport_cpp
[3.770s] [ 49%] Built target smarc_msgs__rosidl_typesupport_fastrtps_cpp
[3.770s] [ 49%] Built target smarc_msgs__rosidl_typesupport_introspection_cpp
[3.770s] [ 62%] Built target smarc_msgs__rosidl_typesupport_introspection_c
[3.771s] [ 74%] Built target smarc_msgs__rosidl_typesupport_c
[3.771s] [ 86%] Built target smarc_msgs__rosidl_typesupport_fastrtps_c
[3.771s] [ 86%] Built target smarc_msgs
[3.771s] [ 86%] Built target smarc_msgs__py
[3.771s] [ 98%] Built target smarc_msgs__rosidl_generator_py
[3.771s] [ 98%] Built target smarc_msgs__rosidl_typesupport_introspection_c__pyext
[3.772s] [ 99%] Built target smarc_msgs__rosidl_typesupport_c__pyext
[3.772s] [100%] Built target smarc_msgs__rosidl_typesupport_fastrtps_c__pyext
[3.772s] running egg_info
[3.772s] writing smarc_msgs.egg-info/PKG-INFO
[3.772s] writing dependency_links to smarc_msgs.egg-info/dependency_links.txt
[3.772s] writing top-level names to smarc_msgs.egg-info/top_level.txt
[3.772s] reading manifest file 'smarc_msgs.egg-info/SOURCES.txt'
[3.773s] writing manifest file 'smarc_msgs.egg-info/SOURCES.txt'
[3.773s] [100%] Built target ament_cmake_python_build_smarc_msgs_egg
[3.773s] Invoked command in '/home/schni2zle/colcon_ws/src/build/smarc_msgs' returned '0': CMAKE_PREFIX_PATH=${CMAKE_PREFIX_PATH}:/home/schni2zle/colcon_ws/src/install/workshopfun:/home/schni2zle/colcon_ws/src/install/utm_latlon_converter:/home/schni2zle/colcon_ws/src/install/test_package:/home/schni2zle/colcon_ws/src/install/state_estimation:/home/schni2zle/colcon_ws/src/install/smarc_nodered:/home/schni2zle/colcon_ws/src/install/smarc_bt:/home/schni2zle/colcon_ws/src/install/smarc_bringups:/home/schni2zle/colcon_ws/src/install/sam_dead_reckoning:/home/schni2zle/colcon_ws/src/install/ros_tcp_endpoint:/home/schni2zle/colcon_ws/src/install/ros2_python_examples:/home/schni2zle/colcon_ws/src/install/quadrotor_basic_controller:/home/schni2zle/colcon_ws/src/install/mqtt_bridge:/home/schni2zle/colcon_ws/src/install/dubins_planner:/home/schni2zle/colcon_ws/src/install/dive_control:/home/schni2zle/colcon_ws/src/install/basic_go_to_waypoint:/home/schni2zle/colcon_ws/src/install/basic_depth_pitch_control:/home/schni2zle/colcon_ws/install/workshopfun:/home/schni2zle/colcon_ws/install/utm_latlon_converter:/home/schni2zle/colcon_ws/install/smarc_nodered:/home/schni2zle/colcon_ws/install/smarc_bt:/home/schni2zle/colcon_ws/install/smarc_bringups:/home/schni2zle/colcon_ws/install/sam_dead_reckoning:/home/schni2zle/colcon_ws/install/ros_tcp_endpoint:/home/schni2zle/colcon_ws/install/ros2_python_examples:/home/schni2zle/colcon_ws/install/mqtt_bridge:/home/schni2zle/colcon_ws/install/dubins_planner:/home/schni2zle/colcon_ws/install/basic_go_to_waypoint:/opt/ros/humble /usr/bin/cmake --build /home/schni2zle/colcon_ws/src/build/smarc_msgs -- -j8 -l8
[5.961s] Invoking command in '/home/schni2zle/colcon_ws/src/build/smarc_msgs': CMAKE_PREFIX_PATH=${CMAKE_PREFIX_PATH}:/home/schni2zle/colcon_ws/src/install/workshopfun:/home/schni2zle/colcon_ws/src/install/utm_latlon_converter:/home/schni2zle/colcon_ws/src/install/test_package:/home/schni2zle/colcon_ws/src/install/state_estimation:/home/schni2zle/colcon_ws/src/install/smarc_nodered:/home/schni2zle/colcon_ws/src/install/smarc_bt:/home/schni2zle/colcon_ws/src/install/smarc_bringups:/home/schni2zle/colcon_ws/src/install/sam_dead_reckoning:/home/schni2zle/colcon_ws/src/install/ros_tcp_endpoint:/home/schni2zle/colcon_ws/src/install/ros2_python_examples:/home/schni2zle/colcon_ws/src/install/quadrotor_basic_controller:/home/schni2zle/colcon_ws/src/install/mqtt_bridge:/home/schni2zle/colcon_ws/src/install/dubins_planner:/home/schni2zle/colcon_ws/src/install/dive_control:/home/schni2zle/colcon_ws/src/install/basic_go_to_waypoint:/home/schni2zle/colcon_ws/src/install/basic_depth_pitch_control:/home/schni2zle/colcon_ws/install/workshopfun:/home/schni2zle/colcon_ws/install/utm_latlon_converter:/home/schni2zle/colcon_ws/install/smarc_nodered:/home/schni2zle/colcon_ws/install/smarc_bt:/home/schni2zle/colcon_ws/install/smarc_bringups:/home/schni2zle/colcon_ws/install/sam_dead_reckoning:/home/schni2zle/colcon_ws/install/ros_tcp_endpoint:/home/schni2zle/colcon_ws/install/ros2_python_examples:/home/schni2zle/colcon_ws/install/mqtt_bridge:/home/schni2zle/colcon_ws/install/dubins_planner:/home/schni2zle/colcon_ws/install/basic_go_to_waypoint:/opt/ros/humble /usr/bin/cmake --install /home/schni2zle/colcon_ws/src/build/smarc_msgs
[6.000s] -- Install configuration: ""
[6.000s] -- Up-to-date: /home/schni2zle/colcon_ws/src/install/smarc_msgs/share/ament_index/resource_index/rosidl_interfaces/smarc_msgs
[6.000s] -- Up-to-date: /home/schni2zle/colcon_ws/src/install/smarc_msgs/include/smarc_msgs/smarc_msgs
[6.001s] -- Up-to-date: /home/schni2zle/colcon_ws/src/install/smarc_msgs/include/smarc_msgs/smarc_msgs/msg
[6.001s] -- Up-to-date: /home/schni2zle/colcon_ws/src/install/smarc_msgs/include/smarc_msgs/smarc_msgs/msg/string_array.h
[6.001s] -- Up-to-date: /home/schni2zle/colcon_ws/src/install/smarc_msgs/include/smarc_msgs/smarc_msgs/msg/rosidl_generator_c__visibility_control.h
[6.001s] -- Up-to-date: /home/schni2zle/colcon_ws/src/install/smarc_msgs/include/smarc_msgs/smarc_msgs/msg/ctd.h
[6.001s] -- Up-to-date: /home/schni2zle/colcon_ws/src/install/smarc_msgs/include/smarc_msgs/smarc_msgs/msg/comms_message.h
[6.001s] -- Up-to-date: /home/schni2zle/colcon_ws/src/install/smarc_msgs/include/smarc_msgs/smarc_msgs/msg/sidescan.h
[6.001s] -- Up-to-date: /home/schni2zle/colcon_ws/src/install/smarc_msgs/include/smarc_msgs/smarc_msgs/msg/execution_status.h
[6.001s] -- Up-to-date: /home/schni2zle/colcon_ws/src/install/smarc_msgs/include/smarc_msgs/smarc_msgs/msg/dvl_beam.h
[6.002s] -- Up-to-date: /home/schni2zle/colcon_ws/src/install/smarc_msgs/include/smarc_msgs/smarc_msgs/msg/thruster_rpm.h
[6.002s] -- Up-to-date: /home/schni2zle/colcon_ws/src/install/smarc_msgs/include/smarc_msgs/smarc_msgs/msg/sm_task.h
[6.002s] -- Up-to-date: /home/schni2zle/colcon_ws/src/install/smarc_msgs/include/smarc_msgs/smarc_msgs/msg/controller_status.h
[6.002s] -- Up-to-date: /home/schni2zle/colcon_ws/src/install/smarc_msgs/include/smarc_msgs/smarc_msgs/msg/leak.h
[6.002s] -- Up-to-date: /home/schni2zle/colcon_ws/src/install/smarc_msgs/include/smarc_msgs/smarc_msgs/msg/dual_thruster_feedback.h
[6.002s] -- Up-to-date: /home/schni2zle/colcon_ws/src/install/smarc_msgs/include/smarc_msgs/smarc_msgs/msg/detail
[6.002s] -- Up-to-date: /home/schni2zle/colcon_ws/src/install/smarc_msgs/include/smarc_msgs/smarc_msgs/msg/detail/string_pair__functions.c
[6.003s] -- Up-to-date: /home/schni2zle/colcon_ws/src/install/smarc_msgs/include/smarc_msgs/smarc_msgs/msg/detail/float_stamped__functions.c
[6.003s] -- Up-to-date: /home/schni2zle/colcon_ws/src/install/smarc_msgs/include/smarc_msgs/smarc_msgs/msg/detail/dual_thruster_feedback__type_support.h
[6.003s] -- Up-to-date: /home/schni2zle/colcon_ws/src/install/smarc_msgs/include/smarc_msgs/smarc_msgs/msg/detail/string_array__functions.h
[6.003s] -- Up-to-date: /home/schni2zle/colcon_ws/src/install/smarc_msgs/include/smarc_msgs/smarc_msgs/msg/detail/thruster_dc__functions.c
[6.003s] -- Up-to-date: /home/schni2zle/colcon_ws/src/install/smarc_msgs/include/smarc_msgs/smarc_msgs/msg/detail/comms_message__functions.h
[6.003s] -- Up-to-date: /home/schni2zle/colcon_ws/src/install/smarc_msgs/include/smarc_msgs/smarc_msgs/msg/detail/execution_status__functions.h
[6.003s] -- Up-to-date: /home/schni2zle/colcon_ws/src/install/smarc_msgs/include/smarc_msgs/smarc_msgs/msg/detail/controller_status__functions.h
[6.004s] -- Up-to-date: /home/schni2zle/colcon_ws/src/install/smarc_msgs/include/smarc_msgs/smarc_msgs/msg/detail/leak__functions.h
[6.009s] -- Up-to-date: /home/schni2zle/colcon_ws/src/install/smarc_msgs/include/smarc_msgs/smarc_msgs/msg/detail/thruster_feedback__functions.c
[6.009s] -- Up-to-date: /home/schni2zle/colcon_ws/src/install/smarc_msgs/include/smarc_msgs/smarc_msgs/msg/detail/leak__functions.c
[6.009s] -- Up-to-date: /home/schni2zle/colcon_ws/src/install/smarc_msgs/include/smarc_msgs/smarc_msgs/msg/detail/topics__struct.h
[6.009s] -- Up-to-date: /home/schni2zle/colcon_ws/src/install/smarc_msgs/include/smarc_msgs/smarc_msgs/msg/detail/execution_status__functions.c
[6.009s] -- Up-to-date: /home/schni2zle/colcon_ws/src/install/smarc_msgs/include/smarc_msgs/smarc_msgs/msg/detail/sensor_status__functions.c
[6.010s] -- Up-to-date: /home/schni2zle/colcon_ws/src/install/smarc_msgs/include/smarc_msgs/smarc_msgs/msg/detail/dvl_beam__type_support.h
[6.010s] -- Up-to-date: /home/schni2zle/colcon_ws/src/install/smarc_msgs/include/smarc_msgs/smarc_msgs/msg/detail/dvl_beam__functions.h
[6.010s] -- Up-to-date: /home/schni2zle/colcon_ws/src/install/smarc_msgs/include/smarc_msgs/smarc_msgs/msg/detail/dual_thruster_feedback__struct.h
[6.010s] -- Up-to-date: /home/schni2zle/colcon_ws/src/install/smarc_msgs/include/smarc_msgs/smarc_msgs/msg/detail/leak__type_support.h
[6.010s] -- Up-to-date: /home/schni2zle/colcon_ws/src/install/smarc_msgs/include/smarc_msgs/smarc_msgs/msg/detail/ctd__type_support.h
[6.010s] -- Up-to-date: /home/schni2zle/colcon_ws/src/install/smarc_msgs/include/smarc_msgs/smarc_msgs/msg/detail/lat_lon_stamped__type_support.h
[6.011s] -- Up-to-date: /home/schni2zle/colcon_ws/src/install/smarc_msgs/include/smarc_msgs/smarc_msgs/msg/detail/dvl__struct.h
[6.011s] -- Up-to-date: /home/schni2zle/colcon_ws/src/install/smarc_msgs/include/smarc_msgs/smarc_msgs/msg/detail/dvl__type_support.h
[6.011s] -- Up-to-date: /home/schni2zle/colcon_ws/src/install/smarc_msgs/include/smarc_msgs/smarc_msgs/msg/detail/dual_thruster_rpm__functions.h
[6.011s] -- Up-to-date: /home/schni2zle/colcon_ws/src/install/smarc_msgs/include/smarc_msgs/smarc_msgs/msg/detail/float_stamped__struct.h
[6.011s] -- Up-to-date: /home/schni2zle/colcon_ws/src/install/smarc_msgs/include/smarc_msgs/smarc_msgs/msg/detail/sensor_status__type_support.h
[6.011s] -- Up-to-date: /home/schni2zle/colcon_ws/src/install/smarc_msgs/include/smarc_msgs/smarc_msgs/msg/detail/string_array__functions.c
[6.011s] -- Up-to-date: /home/schni2zle/colcon_ws/src/install/smarc_msgs/include/smarc_msgs/smarc_msgs/msg/detail/topics__type_support.h
[6.020s] -- Up-to-date: /home/schni2zle/colcon_ws/src/install/smarc_msgs/include/smarc_msgs/smarc_msgs/msg/detail/controller_status__type_support.h
[6.020s] -- Up-to-date: /home/schni2zle/colcon_ws/src/install/smarc_msgs/include/smarc_msgs/smarc_msgs/msg/detail/thruster_dc__type_support.h
[6.021s] -- Up-to-date: /home/schni2zle/colcon_ws/src/install/smarc_msgs/include/smarc_msgs/smarc_msgs/msg/detail/thruster_feedback__functions.h
[6.021s] -- Up-to-date: /home/schni2zle/colcon_ws/src/install/smarc_msgs/include/smarc_msgs/smarc_msgs/msg/detail/lat_lon_odometry__struct.h
[6.021s] -- Up-to-date: /home/schni2zle/colcon_ws/src/install/smarc_msgs/include/smarc_msgs/smarc_msgs/msg/detail/execution_status__type_support.h
[6.021s] -- Up-to-date: /home/schni2zle/colcon_ws/src/install/smarc_msgs/include/smarc_msgs/smarc_msgs/msg/detail/lat_lon_odometry__type_support.h
[6.021s] -- Up-to-date: /home/schni2zle/colcon_ws/src/install/smarc_msgs/include/smarc_msgs/smarc_msgs/msg/detail/string_stamped__functions.h
[6.021s] -- Up-to-date: /home/schni2zle/colcon_ws/src/install/smarc_msgs/include/smarc_msgs/smarc_msgs/msg/detail/execution_status__struct.h
[6.021s] -- Up-to-date: /home/schni2zle/colcon_ws/src/install/smarc_msgs/include/smarc_msgs/smarc_msgs/msg/detail/topics__functions.h
[6.022s] -- Up-to-date: /home/schni2zle/colcon_ws/src/install/smarc_msgs/include/smarc_msgs/smarc_msgs/msg/detail/float_stamped__type_support.h
[6.022s] -- Up-to-date: /home/schni2zle/colcon_ws/src/install/smarc_msgs/include/smarc_msgs/smarc_msgs/msg/detail/sm_task__struct.h
[6.022s] -- Up-to-date: /home/schni2zle/colcon_ws/src/install/smarc_msgs/include/smarc_msgs/smarc_msgs/msg/detail/lat_lon_stamped__functions.h
[6.022s] -- Up-to-date: /home/schni2zle/colcon_ws/src/install/smarc_msgs/include/smarc_msgs/smarc_msgs/msg/detail/float_stamped__functions.h
[6.022s] -- Up-to-date: /home/schni2zle/colcon_ws/src/install/smarc_msgs/include/smarc_msgs/smarc_msgs/msg/detail/sensor_status__functions.h
[6.022s] -- Up-to-date: /home/schni2zle/colcon_ws/src/install/smarc_msgs/include/smarc_msgs/smarc_msgs/msg/detail/dual_thruster_feedback__functions.h
[6.026s] -- Up-to-date: /home/schni2zle/colcon_ws/src/install/smarc_msgs/include/smarc_msgs/smarc_msgs/msg/detail/topics__functions.c
[6.027s] -- Up-to-date: /home/schni2zle/colcon_ws/src/install/smarc_msgs/include/smarc_msgs/smarc_msgs/msg/detail/sidescan__type_support.h
[6.027s] -- Up-to-date: /home/schni2zle/colcon_ws/src/install/smarc_msgs/include/smarc_msgs/smarc_msgs/msg/detail/string_pair__type_support.h
[6.028s] -- Up-to-date: /home/schni2zle/colcon_ws/src/install/smarc_msgs/include/smarc_msgs/smarc_msgs/msg/detail/thruster_dc__functions.h
[6.028s] -- Up-to-date: /home/schni2zle/colcon_ws/src/install/smarc_msgs/include/smarc_msgs/smarc_msgs/msg/detail/lat_lon_odometry__functions.c
[6.028s] -- Up-to-date: /home/schni2zle/colcon_ws/src/install/smarc_msgs/include/smarc_msgs/smarc_msgs/msg/detail/thruster_feedback__struct.h
[6.028s] -- Up-to-date: /home/schni2zle/colcon_ws/src/install/smarc_msgs/include/smarc_msgs/smarc_msgs/msg/detail/ctd__functions.c
[6.028s] -- Up-to-date: /home/schni2zle/colcon_ws/src/install/smarc_msgs/include/smarc_msgs/smarc_msgs/msg/detail/sm_task__functions.c
[6.028s] -- Up-to-date: /home/schni2zle/colcon_ws/src/install/smarc_msgs/include/smarc_msgs/smarc_msgs/msg/detail/controller_status__functions.c
[6.028s] -- Up-to-date: /home/schni2zle/colcon_ws/src/install/smarc_msgs/include/smarc_msgs/smarc_msgs/msg/detail/thruster_rpm__functions.h
[6.029s] -- Up-to-date: /home/schni2zle/colcon_ws/src/install/smarc_msgs/include/smarc_msgs/smarc_msgs/msg/detail/string_pair__functions.h
[6.029s] -- Up-to-date: /home/schni2zle/colcon_ws/src/install/smarc_msgs/include/smarc_msgs/smarc_msgs/msg/detail/sm_task__functions.h
[6.029s] -- Up-to-date: /home/schni2zle/colcon_ws/src/install/smarc_msgs/include/smarc_msgs/smarc_msgs/msg/detail/comms_message__type_support.h
[6.029s] -- Up-to-date: /home/schni2zle/colcon_ws/src/install/smarc_msgs/include/smarc_msgs/smarc_msgs/msg/detail/sidescan__functions.h
[6.029s] -- Up-to-date: /home/schni2zle/colcon_ws/src/install/smarc_msgs/include/smarc_msgs/smarc_msgs/msg/detail/comms_message__functions.c
[6.029s] -- Up-to-date: /home/schni2zle/colcon_ws/src/install/smarc_msgs/include/smarc_msgs/smarc_msgs/msg/detail/string_stamped__struct.h
[6.029s] -- Up-to-date: /home/schni2zle/colcon_ws/src/install/smarc_msgs/include/smarc_msgs/smarc_msgs/msg/detail/dvl_beam__functions.c
[6.029s] -- Up-to-date: /home/schni2zle/colcon_ws/src/install/smarc_msgs/include/smarc_msgs/smarc_msgs/msg/detail/dvl_beam__struct.h
[6.030s] -- Up-to-date: /home/schni2zle/colcon_ws/src/install/smarc_msgs/include/smarc_msgs/smarc_msgs/msg/detail/lat_lon_stamped__functions.c
[6.030s] -- Up-to-date: /home/schni2zle/colcon_ws/src/install/smarc_msgs/include/smarc_msgs/smarc_msgs/msg/detail/string_array__struct.h
[6.030s] -- Up-to-date: /home/schni2zle/colcon_ws/src/install/smarc_msgs/include/smarc_msgs/smarc_msgs/msg/detail/lat_lon_odometry__functions.h
[6.030s] -- Up-to-date: /home/schni2zle/colcon_ws/src/install/smarc_msgs/include/smarc_msgs/smarc_msgs/msg/detail/string_pair__struct.h
[6.030s] -- Up-to-date: /home/schni2zle/colcon_ws/src/install/smarc_msgs/include/smarc_msgs/smarc_msgs/msg/detail/sensor_status__struct.h
[6.030s] -- Up-to-date: /home/schni2zle/colcon_ws/src/install/smarc_msgs/include/smarc_msgs/smarc_msgs/msg/detail/dvl__functions.c
[6.030s] -- Up-to-date: /home/schni2zle/colcon_ws/src/install/smarc_msgs/include/smarc_msgs/smarc_msgs/msg/detail/ctd__struct.h
[6.030s] -- Up-to-date: /home/schni2zle/colcon_ws/src/install/smarc_msgs/include/smarc_msgs/smarc_msgs/msg/detail/string_stamped__functions.c
[6.034s] -- Up-to-date: /home/schni2zle/colcon_ws/src/install/smarc_msgs/include/smarc_msgs/smarc_msgs/msg/detail/thruster_rpm__type_support.h
[6.034s] -- Up-to-date: /home/schni2zle/colcon_ws/src/install/smarc_msgs/include/smarc_msgs/smarc_msgs/msg/detail/dual_thruster_feedback__functions.c
[6.034s] -- Up-to-date: /home/schni2zle/colcon_ws/src/install/smarc_msgs/include/smarc_msgs/smarc_msgs/msg/detail/lat_lon_stamped__struct.h
[6.034s] -- Up-to-date: /home/schni2zle/colcon_ws/src/install/smarc_msgs/include/smarc_msgs/smarc_msgs/msg/detail/thruster_rpm__functions.c
[6.035s] -- Up-to-date: /home/schni2zle/colcon_ws/src/install/smarc_msgs/include/smarc_msgs/smarc_msgs/msg/detail/dual_thruster_rpm__functions.c
[6.035s] -- Up-to-date: /home/schni2zle/colcon_ws/src/install/smarc_msgs/include/smarc_msgs/smarc_msgs/msg/detail/dvl__functions.h
[6.035s] -- Up-to-date: /home/schni2zle/colcon_ws/src/install/smarc_msgs/include/smarc_msgs/smarc_msgs/msg/detail/thruster_dc__struct.h
[6.035s] -- Up-to-date: /home/schni2zle/colcon_ws/src/install/smarc_msgs/include/smarc_msgs/smarc_msgs/msg/detail/string_stamped__type_support.h
[6.035s] -- Up-to-date: /home/schni2zle/colcon_ws/src/install/smarc_msgs/include/smarc_msgs/smarc_msgs/msg/detail/thruster_feedback__type_support.h
[6.035s] -- Up-to-date: /home/schni2zle/colcon_ws/src/install/smarc_msgs/include/smarc_msgs/smarc_msgs/msg/detail/comms_message__struct.h
[6.035s] -- Up-to-date: /home/schni2zle/colcon_ws/src/install/smarc_msgs/include/smarc_msgs/smarc_msgs/msg/detail/ctd__functions.h
[6.036s] -- Up-to-date: /home/schni2zle/colcon_ws/src/install/smarc_msgs/include/smarc_msgs/smarc_msgs/msg/detail/thruster_rpm__struct.h
[6.040s] -- Up-to-date: /home/schni2zle/colcon_ws/src/install/smarc_msgs/include/smarc_msgs/smarc_msgs/msg/detail/string_array__type_support.h
[6.048s] -- Up-to-date: /home/schni2zle/colcon_ws/src/install/smarc_msgs/include/smarc_msgs/smarc_msgs/msg/detail/sm_task__type_support.h
[6.048s] -- Up-to-date: /home/schni2zle/colcon_ws/src/install/smarc_msgs/include/smarc_msgs/smarc_msgs/msg/detail/sidescan__struct.h
[6.048s] -- Up-to-date: /home/schni2zle/colcon_ws/src/install/smarc_msgs/include/smarc_msgs/smarc_msgs/msg/detail/sidescan__functions.c
[6.048s] -- Up-to-date: /home/schni2zle/colcon_ws/src/install/smarc_msgs/include/smarc_msgs/smarc_msgs/msg/detail/leak__struct.h
[6.049s] -- Up-to-date: /home/schni2zle/colcon_ws/src/install/smarc_msgs/include/smarc_msgs/smarc_msgs/msg/detail/dual_thruster_rpm__struct.h
[6.049s] -- Up-to-date: /home/schni2zle/colcon_ws/src/install/smarc_msgs/include/smarc_msgs/smarc_msgs/msg/detail/dual_thruster_rpm__type_support.h
[6.049s] -- Up-to-date: /home/schni2zle/colcon_ws/src/install/smarc_msgs/include/smarc_msgs/smarc_msgs/msg/detail/controller_status__struct.h
[6.049s] -- Up-to-date: /home/schni2zle/colcon_ws/src/install/smarc_msgs/include/smarc_msgs/smarc_msgs/msg/dual_thruster_rpm.h
[6.049s] -- Up-to-date: /home/schni2zle/colcon_ws/src/install/smarc_msgs/include/smarc_msgs/smarc_msgs/msg/lat_lon_odometry.h
[6.049s] -- Up-to-date: /home/schni2zle/colcon_ws/src/install/smarc_msgs/include/smarc_msgs/smarc_msgs/msg/thruster_feedback.h
[6.049s] -- Up-to-date: /home/schni2zle/colcon_ws/src/install/smarc_msgs/include/smarc_msgs/smarc_msgs/msg/dvl.h
[6.050s] -- Up-to-date: /home/schni2zle/colcon_ws/src/install/smarc_msgs/include/smarc_msgs/smarc_msgs/msg/float_stamped.h
[6.050s] -- Up-to-date: /home/schni2zle/colcon_ws/src/install/smarc_msgs/include/smarc_msgs/smarc_msgs/msg/lat_lon_stamped.h
[6.050s] -- Up-to-date: /home/schni2zle/colcon_ws/src/install/smarc_msgs/include/smarc_msgs/smarc_msgs/msg/sensor_status.h
[6.050s] -- Up-to-date: /home/schni2zle/colcon_ws/src/install/smarc_msgs/include/smarc_msgs/smarc_msgs/msg/thruster_dc.h
[6.050s] -- Up-to-date: /home/schni2zle/colcon_ws/src/install/smarc_msgs/include/smarc_msgs/smarc_msgs/msg/string_stamped.h
[6.050s] -- Up-to-date: /home/schni2zle/colcon_ws/src/install/smarc_msgs/include/smarc_msgs/smarc_msgs/msg/string_pair.h
[6.050s] -- Up-to-date: /home/schni2zle/colcon_ws/src/install/smarc_msgs/include/smarc_msgs/smarc_msgs/msg/topics.h
[6.051s] -- Up-to-date: /home/schni2zle/colcon_ws/src/install/smarc_msgs/include/smarc_msgs/smarc_msgs/srv
[6.051s] -- Up-to-date: /home/schni2zle/colcon_ws/src/install/smarc_msgs/include/smarc_msgs/smarc_msgs/srv/nedenu_rotation.h
[6.051s] -- Up-to-date: /home/schni2zle/colcon_ws/src/install/smarc_msgs/include/smarc_msgs/smarc_msgs/srv/lat_lon_to_utm_odometry.h
[6.051s] -- Up-to-date: /home/schni2zle/colcon_ws/src/install/smarc_msgs/include/smarc_msgs/smarc_msgs/srv/cell_occupied.h
[6.051s] -- Up-to-date: /home/schni2zle/colcon_ws/src/install/smarc_msgs/include/smarc_msgs/smarc_msgs/srv/add_tasks.h
[6.051s] -- Up-to-date: /home/schni2zle/colcon_ws/src/install/smarc_msgs/include/smarc_msgs/smarc_msgs/srv/detail
[6.051s] -- Up-to-date: /home/schni2zle/colcon_ws/src/install/smarc_msgs/include/smarc_msgs/smarc_msgs/srv/detail/nedenu_rotation__type_support.h
[6.051s] -- Up-to-date: /home/schni2zle/colcon_ws/src/install/smarc_msgs/include/smarc_msgs/smarc_msgs/srv/detail/nedenu_rotation__struct.h
[6.052s] -- Up-to-date: /home/schni2zle/colcon_ws/src/install/smarc_msgs/include/smarc_msgs/smarc_msgs/srv/detail/lat_lon_to_utm_odometry__functions.h
[6.052s] -- Up-to-date: /home/schni2zle/colcon_ws/src/install/smarc_msgs/include/smarc_msgs/smarc_msgs/srv/detail/lat_lon_to_utm_odometry__type_support.h
[6.052s] -- Up-to-date: /home/schni2zle/colcon_ws/src/install/smarc_msgs/include/smarc_msgs/smarc_msgs/srv/detail/cell_occupied__functions.h
[6.053s] -- Up-to-date: /home/schni2zle/colcon_ws/src/install/smarc_msgs/include/smarc_msgs/smarc_msgs/srv/detail/nedenu_rotation__functions.c
[6.053s] -- Up-to-date: /home/schni2zle/colcon_ws/src/install/smarc_msgs/include/smarc_msgs/smarc_msgs/srv/detail/add_tasks__functions.c
[6.053s] -- Up-to-date: /home/schni2zle/colcon_ws/src/install/smarc_msgs/include/smarc_msgs/smarc_msgs/srv/detail/add_task__functions.h
[6.053s] -- Up-to-date: /home/schni2zle/colcon_ws/src/install/smarc_msgs/include/smarc_msgs/smarc_msgs/srv/detail/add_task__struct.h
[6.053s] -- Up-to-date: /home/schni2zle/colcon_ws/src/install/smarc_msgs/include/smarc_msgs/smarc_msgs/srv/detail/lat_lon_to_utm_odometry__struct.h
[6.053s] -- Up-to-date: /home/schni2zle/colcon_ws/src/install/smarc_msgs/include/smarc_msgs/smarc_msgs/srv/detail/lat_lon_to_utm_odometry__functions.c
[6.053s] -- Up-to-date: /home/schni2zle/colcon_ws/src/install/smarc_msgs/include/smarc_msgs/smarc_msgs/srv/detail/add_tasks__type_support.h
[6.054s] -- Up-to-date: /home/schni2zle/colcon_ws/src/install/smarc_msgs/include/smarc_msgs/smarc_msgs/srv/detail/add_tasks__struct.h
[6.054s] -- Up-to-date: /home/schni2zle/colcon_ws/src/install/smarc_msgs/include/smarc_msgs/smarc_msgs/srv/detail/nedenu_rotation__functions.h
[6.054s] -- Up-to-date: /home/schni2zle/colcon_ws/src/install/smarc_msgs/include/smarc_msgs/smarc_msgs/srv/detail/add_tasks__functions.h
[6.054s] -- Up-to-date: /home/schni2zle/colcon_ws/src/install/smarc_msgs/include/smarc_msgs/smarc_msgs/srv/detail/add_task__functions.c
[6.054s] -- Up-to-date: /home/schni2zle/colcon_ws/src/install/smarc_msgs/include/smarc_msgs/smarc_msgs/srv/detail/cell_occupied__struct.h
[6.054s] -- Up-to-date: /home/schni2zle/colcon_ws/src/install/smarc_msgs/include/smarc_msgs/smarc_msgs/srv/detail/cell_occupied__functions.c
[6.054s] -- Up-to-date: /home/schni2zle/colcon_ws/src/install/smarc_msgs/include/smarc_msgs/smarc_msgs/srv/detail/add_task__type_support.h
[6.054s] -- Up-to-date: /home/schni2zle/colcon_ws/src/install/smarc_msgs/include/smarc_msgs/smarc_msgs/srv/detail/cell_occupied__type_support.h
[6.055s] -- Up-to-date: /home/schni2zle/colcon_ws/src/install/smarc_msgs/include/smarc_msgs/smarc_msgs/srv/add_task.h
[6.055s] -- Up-to-date: /home/schni2zle/colcon_ws/src/install/smarc_msgs/share/smarc_msgs/environment/library_path.sh
[6.055s] -- Up-to-date: /home/schni2zle/colcon_ws/src/install/smarc_msgs/share/smarc_msgs/environment/library_path.dsv
[6.055s] -- Up-to-date: /home/schni2zle/colcon_ws/src/install/smarc_msgs/lib/libsmarc_msgs__rosidl_generator_c.so
[6.055s] -- Up-to-date: /home/schni2zle/colcon_ws/src/install/smarc_msgs/include/smarc_msgs/smarc_msgs
[6.055s] -- Up-to-date: /home/schni2zle/colcon_ws/src/install/smarc_msgs/include/smarc_msgs/smarc_msgs/msg
[6.055s] -- Up-to-date: /home/schni2zle/colcon_ws/src/install/smarc_msgs/include/smarc_msgs/smarc_msgs/msg/rosidl_typesupport_fastrtps_c__visibility_control.h
[6.056s] -- Up-to-date: /home/schni2zle/colcon_ws/src/install/smarc_msgs/include/smarc_msgs/smarc_msgs/msg/detail
[6.056s] -- Up-to-date: /home/schni2zle/colcon_ws/src/install/smarc_msgs/include/smarc_msgs/smarc_msgs/msg/detail/lat_lon_odometry__rosidl_typesupport_fastrtps_c.h
[6.056s] -- Up-to-date: /home/schni2zle/colcon_ws/src/install/smarc_msgs/include/smarc_msgs/smarc_msgs/msg/detail/float_stamped__rosidl_typesupport_fastrtps_c.h
[6.056s] -- Up-to-date: /home/schni2zle/colcon_ws/src/install/smarc_msgs/include/smarc_msgs/smarc_msgs/msg/detail/dvl_beam__rosidl_typesupport_fastrtps_c.h
[6.056s] -- Up-to-date: /home/schni2zle/colcon_ws/src/install/smarc_msgs/include/smarc_msgs/smarc_msgs/msg/detail/dual_thruster_feedback__rosidl_typesupport_fastrtps_c.h
[6.058s] -- Up-to-date: /home/schni2zle/colcon_ws/src/install/smarc_msgs/include/smarc_msgs/smarc_msgs/msg/detail/ctd__rosidl_typesupport_fastrtps_c.h
[6.060s] -- Up-to-date: /home/schni2zle/colcon_ws/src/install/smarc_msgs/include/smarc_msgs/smarc_msgs/msg/detail/topics__rosidl_typesupport_fastrtps_c.h
[6.061s] -- Up-to-date: /home/schni2zle/colcon_ws/src/install/smarc_msgs/include/smarc_msgs/smarc_msgs/msg/detail/comms_message__rosidl_typesupport_fastrtps_c.h
[6.061s] -- Up-to-date: /home/schni2zle/colcon_ws/src/install/smarc_msgs/include/smarc_msgs/smarc_msgs/msg/detail/thruster_feedback__rosidl_typesupport_fastrtps_c.h
[6.061s] -- Up-to-date: /home/schni2zle/colcon_ws/src/install/smarc_msgs/include/smarc_msgs/smarc_msgs/msg/detail/string_stamped__rosidl_typesupport_fastrtps_c.h
[6.061s] -- Up-to-date: /home/schni2zle/colcon_ws/src/install/smarc_msgs/include/smarc_msgs/smarc_msgs/msg/detail/string_pair__rosidl_typesupport_fastrtps_c.h
[6.061s] -- Up-to-date: /home/schni2zle/colcon_ws/src/install/smarc_msgs/include/smarc_msgs/smarc_msgs/msg/detail/lat_lon_stamped__rosidl_typesupport_fastrtps_c.h
[6.061s] -- Up-to-date: /home/schni2zle/colcon_ws/src/install/smarc_msgs/include/smarc_msgs/smarc_msgs/msg/detail/thruster_rpm__rosidl_typesupport_fastrtps_c.h
[6.061s] -- Up-to-date: /home/schni2zle/colcon_ws/src/install/smarc_msgs/include/smarc_msgs/smarc_msgs/msg/detail/controller_status__rosidl_typesupport_fastrtps_c.h
[6.062s] -- Up-to-date: /home/schni2zle/colcon_ws/src/install/smarc_msgs/include/smarc_msgs/smarc_msgs/msg/detail/dual_thruster_rpm__rosidl_typesupport_fastrtps_c.h
[6.062s] -- Up-to-date: /home/schni2zle/colcon_ws/src/install/smarc_msgs/include/smarc_msgs/smarc_msgs/msg/detail/dvl__rosidl_typesupport_fastrtps_c.h
[6.062s] -- Up-to-date: /home/schni2zle/colcon_ws/src/install/smarc_msgs/include/smarc_msgs/smarc_msgs/msg/detail/leak__rosidl_typesupport_fastrtps_c.h
[6.062s] -- Up-to-date: /home/schni2zle/colcon_ws/src/install/smarc_msgs/include/smarc_msgs/smarc_msgs/msg/detail/string_array__rosidl_typesupport_fastrtps_c.h
[6.062s] -- Up-to-date: /home/schni2zle/colcon_ws/src/install/smarc_msgs/include/smarc_msgs/smarc_msgs/msg/detail/sensor_status__rosidl_typesupport_fastrtps_c.h
[6.062s] -- Up-to-date: /home/schni2zle/colcon_ws/src/install/smarc_msgs/include/smarc_msgs/smarc_msgs/msg/detail/thruster_dc__rosidl_typesupport_fastrtps_c.h
[6.062s] -- Up-to-date: /home/schni2zle/colcon_ws/src/install/smarc_msgs/include/smarc_msgs/smarc_msgs/msg/detail/sm_task__rosidl_typesupport_fastrtps_c.h
[6.064s] -- Up-to-date: /home/schni2zle/colcon_ws/src/install/smarc_msgs/include/smarc_msgs/smarc_msgs/msg/detail/execution_status__rosidl_typesupport_fastrtps_c.h
[6.064s] -- Up-to-date: /home/schni2zle/colcon_ws/src/install/smarc_msgs/include/smarc_msgs/smarc_msgs/msg/detail/sidescan__rosidl_typesupport_fastrtps_c.h
[6.064s] -- Up-to-date: /home/schni2zle/colcon_ws/src/install/smarc_msgs/include/smarc_msgs/smarc_msgs/srv
[6.064s] -- Up-to-date: /home/schni2zle/colcon_ws/src/install/smarc_msgs/include/smarc_msgs/smarc_msgs/srv/detail
[6.064s] -- Up-to-date: /home/schni2zle/colcon_ws/src/install/smarc_msgs/include/smarc_msgs/smarc_msgs/srv/detail/lat_lon_to_utm_odometry__rosidl_typesupport_fastrtps_c.h
[6.064s] -- Up-to-date: /home/schni2zle/colcon_ws/src/install/smarc_msgs/include/smarc_msgs/smarc_msgs/srv/detail/add_tasks__rosidl_typesupport_fastrtps_c.h
[6.064s] -- Up-to-date: /home/schni2zle/colcon_ws/src/install/smarc_msgs/include/smarc_msgs/smarc_msgs/srv/detail/nedenu_rotation__rosidl_typesupport_fastrtps_c.h
[6.065s] -- Up-to-date: /home/schni2zle/colcon_ws/src/install/smarc_msgs/include/smarc_msgs/smarc_msgs/srv/detail/cell_occupied__rosidl_typesupport_fastrtps_c.h
[6.065s] -- Up-to-date: /home/schni2zle/colcon_ws/src/install/smarc_msgs/include/smarc_msgs/smarc_msgs/srv/detail/add_task__rosidl_typesupport_fastrtps_c.h
[6.065s] -- Up-to-date: /home/schni2zle/colcon_ws/src/install/smarc_msgs/lib/libsmarc_msgs__rosidl_typesupport_fastrtps_c.so
[6.065s] -- Up-to-date: /home/schni2zle/colcon_ws/src/install/smarc_msgs/include/smarc_msgs/smarc_msgs
[6.065s] -- Up-to-date: /home/schni2zle/colcon_ws/src/install/smarc_msgs/include/smarc_msgs/smarc_msgs/msg
[6.065s] -- Up-to-date: /home/schni2zle/colcon_ws/src/install/smarc_msgs/include/smarc_msgs/smarc_msgs/msg/rosidl_typesupport_introspection_c__visibility_control.h
[6.065s] -- Up-to-date: /home/schni2zle/colcon_ws/src/install/smarc_msgs/include/smarc_msgs/smarc_msgs/msg/detail
[6.066s] -- Up-to-date: /home/schni2zle/colcon_ws/src/install/smarc_msgs/include/smarc_msgs/smarc_msgs/msg/detail/string_pair__rosidl_typesupport_introspection_c.h
[6.066s] -- Up-to-date: /home/schni2zle/colcon_ws/src/install/smarc_msgs/include/smarc_msgs/smarc_msgs/msg/detail/dvl_beam__rosidl_typesupport_introspection_c.h
[6.066s] -- Up-to-date: /home/schni2zle/colcon_ws/src/install/smarc_msgs/include/smarc_msgs/smarc_msgs/msg/detail/sidescan__rosidl_typesupport_introspection_c.h
[6.066s] -- Up-to-date: /home/schni2zle/colcon_ws/src/install/smarc_msgs/include/smarc_msgs/smarc_msgs/msg/detail/topics__type_support.c
[6.066s] -- Up-to-date: /home/schni2zle/colcon_ws/src/install/smarc_msgs/include/smarc_msgs/smarc_msgs/msg/detail/controller_status__type_support.c
[6.066s] -- Up-to-date: /home/schni2zle/colcon_ws/src/install/smarc_msgs/include/smarc_msgs/smarc_msgs/msg/detail/string_stamped__type_support.c
[6.066s] -- Up-to-date: /home/schni2zle/colcon_ws/src/install/smarc_msgs/include/smarc_msgs/smarc_msgs/msg/detail/ctd__rosidl_typesupport_introspection_c.h
[6.067s] -- Up-to-date: /home/schni2zle/colcon_ws/src/install/smarc_msgs/include/smarc_msgs/smarc_msgs/msg/detail/dual_thruster_feedback__type_support.c
[6.067s] -- Up-to-date: /home/schni2zle/colcon_ws/src/install/smarc_msgs/include/smarc_msgs/smarc_msgs/msg/detail/sm_task__type_support.c
[6.067s] -- Up-to-date: /home/schni2zle/colcon_ws/src/install/smarc_msgs/include/smarc_msgs/smarc_msgs/msg/detail/execution_status__rosidl_typesupport_introspection_c.h
[6.067s] -- Up-to-date: /home/schni2zle/colcon_ws/src/install/smarc_msgs/include/smarc_msgs/smarc_msgs/msg/detail/leak__rosidl_typesupport_introspection_c.h
[6.067s] -- Up-to-date: /home/schni2zle/colcon_ws/src/install/smarc_msgs/include/smarc_msgs/smarc_msgs/msg/detail/dvl__rosidl_typesupport_introspection_c.h
[6.067s] -- Up-to-date: /home/schni2zle/colcon_ws/src/install/smarc_msgs/include/smarc_msgs/smarc_msgs/msg/detail/float_stamped__type_support.c
[6.067s] -- Up-to-date: /home/schni2zle/colcon_ws/src/install/smarc_msgs/include/smarc_msgs/smarc_msgs/msg/detail/thruster_rpm__rosidl_typesupport_introspection_c.h
[6.067s] -- Up-to-date: /home/schni2zle/colcon_ws/src/install/smarc_msgs/include/smarc_msgs/smarc_msgs/msg/detail/sensor_status__type_support.c
[6.068s] -- Up-to-date: /home/schni2zle/colcon_ws/src/install/smarc_msgs/include/smarc_msgs/smarc_msgs/msg/detail/dvl_beam__type_support.c
[6.068s] -- Up-to-date: /home/schni2zle/colcon_ws/src/install/smarc_msgs/include/smarc_msgs/smarc_msgs/msg/detail/lat_lon_stamped__type_support.c
[6.068s] -- Up-to-date: /home/schni2zle/colcon_ws/src/install/smarc_msgs/include/smarc_msgs/smarc_msgs/msg/detail/ctd__type_support.c
[6.068s] -- Up-to-date: /home/schni2zle/colcon_ws/src/install/smarc_msgs/include/smarc_msgs/smarc_msgs/msg/detail/execution_status__type_support.c
[6.068s] -- Up-to-date: /home/schni2zle/colcon_ws/src/install/smarc_msgs/include/smarc_msgs/smarc_msgs/msg/detail/thruster_dc__rosidl_typesupport_introspection_c.h
[6.068s] -- Up-to-date: /home/schni2zle/colcon_ws/src/install/smarc_msgs/include/smarc_msgs/smarc_msgs/msg/detail/dvl__type_support.c
[6.068s] -- Up-to-date: /home/schni2zle/colcon_ws/src/install/smarc_msgs/include/smarc_msgs/smarc_msgs/msg/detail/string_array__rosidl_typesupport_introspection_c.h
[6.069s] -- Up-to-date: /home/schni2zle/colcon_ws/src/install/smarc_msgs/include/smarc_msgs/smarc_msgs/msg/detail/dual_thruster_rpm__type_support.c
[6.069s] -- Up-to-date: /home/schni2zle/colcon_ws/src/install/smarc_msgs/include/smarc_msgs/smarc_msgs/msg/detail/leak__type_support.c
[6.069s] -- Up-to-date: /home/schni2zle/colcon_ws/src/install/smarc_msgs/include/smarc_msgs/smarc_msgs/msg/detail/float_stamped__rosidl_typesupport_introspection_c.h
[6.069s] -- Up-to-date: /home/schni2zle/colcon_ws/src/install/smarc_msgs/include/smarc_msgs/smarc_msgs/msg/detail/sensor_status__rosidl_typesupport_introspection_c.h
[6.069s] -- Up-to-date: /home/schni2zle/colcon_ws/src/install/smarc_msgs/include/smarc_msgs/smarc_msgs/msg/detail/comms_message__type_support.c
[6.069s] -- Up-to-date: /home/schni2zle/colcon_ws/src/install/smarc_msgs/include/smarc_msgs/smarc_msgs/msg/detail/controller_status__rosidl_typesupport_introspection_c.h
[6.069s] -- Up-to-date: /home/schni2zle/colcon_ws/src/install/smarc_msgs/include/smarc_msgs/smarc_msgs/msg/detail/comms_message__rosidl_typesupport_introspection_c.h
[6.069s] -- Up-to-date: /home/schni2zle/colcon_ws/src/install/smarc_msgs/include/smarc_msgs/smarc_msgs/msg/detail/dual_thruster_rpm__rosidl_typesupport_introspection_c.h
[6.070s] -- Up-to-date: /home/schni2zle/colcon_ws/src/install/smarc_msgs/include/smarc_msgs/smarc_msgs/msg/detail/string_stamped__rosidl_typesupport_introspection_c.h
[6.070s] -- Up-to-date: /home/schni2zle/colcon_ws/src/install/smarc_msgs/include/smarc_msgs/smarc_msgs/msg/detail/dual_thruster_feedback__rosidl_typesupport_introspection_c.h
[6.070s] -- Up-to-date: /home/schni2zle/colcon_ws/src/install/smarc_msgs/include/smarc_msgs/smarc_msgs/msg/detail/thruster_rpm__type_support.c
[6.070s] -- Up-to-date: /home/schni2zle/colcon_ws/src/install/smarc_msgs/include/smarc_msgs/smarc_msgs/msg/detail/lat_lon_odometry__rosidl_typesupport_introspection_c.h
[6.070s] -- Up-to-date: /home/schni2zle/colcon_ws/src/install/smarc_msgs/include/smarc_msgs/smarc_msgs/msg/detail/sidescan__type_support.c
[6.070s] -- Up-to-date: /home/schni2zle/colcon_ws/src/install/smarc_msgs/include/smarc_msgs/smarc_msgs/msg/detail/topics__rosidl_typesupport_introspection_c.h
[6.070s] -- Up-to-date: /home/schni2zle/colcon_ws/src/install/smarc_msgs/include/smarc_msgs/smarc_msgs/msg/detail/string_array__type_support.c
[6.071s] -- Up-to-date: /home/schni2zle/colcon_ws/src/install/smarc_msgs/include/smarc_msgs/smarc_msgs/msg/detail/string_pair__type_support.c
[6.071s] -- Up-to-date: /home/schni2zle/colcon_ws/src/install/smarc_msgs/include/smarc_msgs/smarc_msgs/msg/detail/lat_lon_odometry__type_support.c
[6.071s] -- Up-to-date: /home/schni2zle/colcon_ws/src/install/smarc_msgs/include/smarc_msgs/smarc_msgs/msg/detail/thruster_dc__type_support.c
[6.071s] -- Up-to-date: /home/schni2zle/colcon_ws/src/install/smarc_msgs/include/smarc_msgs/smarc_msgs/msg/detail/sm_task__rosidl_typesupport_introspection_c.h
[6.071s] -- Up-to-date: /home/schni2zle/colcon_ws/src/install/smarc_msgs/include/smarc_msgs/smarc_msgs/msg/detail/thruster_feedback__type_support.c
[6.071s] -- Up-to-date: /home/schni2zle/colcon_ws/src/install/smarc_msgs/include/smarc_msgs/smarc_msgs/msg/detail/thruster_feedback__rosidl_typesupport_introspection_c.h
[6.071s] -- Up-to-date: /home/schni2zle/colcon_ws/src/install/smarc_msgs/include/smarc_msgs/smarc_msgs/msg/detail/lat_lon_stamped__rosidl_typesupport_introspection_c.h
[6.071s] -- Up-to-date: /home/schni2zle/colcon_ws/src/install/smarc_msgs/include/smarc_msgs/smarc_msgs/srv
[6.072s] -- Up-to-date: /home/schni2zle/colcon_ws/src/install/smarc_msgs/include/smarc_msgs/smarc_msgs/srv/detail
[6.072s] -- Up-to-date: /home/schni2zle/colcon_ws/src/install/smarc_msgs/include/smarc_msgs/smarc_msgs/srv/detail/cell_occupied__rosidl_typesupport_introspection_c.h
[6.072s] -- Up-to-date: /home/schni2zle/colcon_ws/src/install/smarc_msgs/include/smarc_msgs/smarc_msgs/srv/detail/add_task__type_support.c
[6.072s] -- Up-to-date: /home/schni2zle/colcon_ws/src/install/smarc_msgs/include/smarc_msgs/smarc_msgs/srv/detail/add_tasks__rosidl_typesupport_introspection_c.h
[6.072s] -- Up-to-date: /home/schni2zle/colcon_ws/src/install/smarc_msgs/include/smarc_msgs/smarc_msgs/srv/detail/add_tasks__type_support.c
[6.072s] -- Up-to-date: /home/schni2zle/colcon_ws/src/install/smarc_msgs/include/smarc_msgs/smarc_msgs/srv/detail/lat_lon_to_utm_odometry__rosidl_typesupport_introspection_c.h
[6.072s] -- Up-to-date: /home/schni2zle/colcon_ws/src/install/smarc_msgs/include/smarc_msgs/smarc_msgs/srv/detail/lat_lon_to_utm_odometry__type_support.c
[6.073s] -- Up-to-date: /home/schni2zle/colcon_ws/src/install/smarc_msgs/include/smarc_msgs/smarc_msgs/srv/detail/nedenu_rotation__rosidl_typesupport_introspection_c.h
[6.073s] -- Up-to-date: /home/schni2zle/colcon_ws/src/install/smarc_msgs/include/smarc_msgs/smarc_msgs/srv/detail/add_task__rosidl_typesupport_introspection_c.h
[6.073s] -- Up-to-date: /home/schni2zle/colcon_ws/src/install/smarc_msgs/include/smarc_msgs/smarc_msgs/srv/detail/nedenu_rotation__type_support.c
[6.074s] -- Up-to-date: /home/schni2zle/colcon_ws/src/install/smarc_msgs/include/smarc_msgs/smarc_msgs/srv/detail/cell_occupied__type_support.c
[6.074s] -- Up-to-date: /home/schni2zle/colcon_ws/src/install/smarc_msgs/lib/libsmarc_msgs__rosidl_typesupport_introspection_c.so
[6.074s] -- Up-to-date: /home/schni2zle/colcon_ws/src/install/smarc_msgs/lib/libsmarc_msgs__rosidl_typesupport_c.so
[6.074s] -- Up-to-date: /home/schni2zle/colcon_ws/src/install/smarc_msgs/include/smarc_msgs/smarc_msgs
[6.075s] -- Up-to-date: /home/schni2zle/colcon_ws/src/install/smarc_msgs/include/smarc_msgs/smarc_msgs/msg
[6.075s] -- Up-to-date: /home/schni2zle/colcon_ws/src/install/smarc_msgs/include/smarc_msgs/smarc_msgs/msg/leak.hpp
[6.075s] -- Up-to-date: /home/schni2zle/colcon_ws/src/install/smarc_msgs/include/smarc_msgs/smarc_msgs/msg/thruster_dc.hpp
[6.075s] -- Up-to-date: /home/schni2zle/colcon_ws/src/install/smarc_msgs/include/smarc_msgs/smarc_msgs/msg/sensor_status.hpp
[6.075s] -- Up-to-date: /home/schni2zle/colcon_ws/src/install/smarc_msgs/include/smarc_msgs/smarc_msgs/msg/ctd.hpp
[6.075s] -- Up-to-date: /home/schni2zle/colcon_ws/src/install/smarc_msgs/include/smarc_msgs/smarc_msgs/msg/dual_thruster_rpm.hpp
[6.075s] -- Up-to-date: /home/schni2zle/colcon_ws/src/install/smarc_msgs/include/smarc_msgs/smarc_msgs/msg/string_stamped.hpp
[6.076s] -- Up-to-date: /home/schni2zle/colcon_ws/src/install/smarc_msgs/include/smarc_msgs/smarc_msgs/msg/string_array.hpp
[6.076s] -- Up-to-date: /home/schni2zle/colcon_ws/src/install/smarc_msgs/include/smarc_msgs/smarc_msgs/msg/dual_thruster_feedback.hpp
[6.076s] -- Up-to-date: /home/schni2zle/colcon_ws/src/install/smarc_msgs/include/smarc_msgs/smarc_msgs/msg/comms_message.hpp
[6.076s] -- Up-to-date: /home/schni2zle/colcon_ws/src/install/smarc_msgs/include/smarc_msgs/smarc_msgs/msg/dvl_beam.hpp
[6.076s] -- Up-to-date: /home/schni2zle/colcon_ws/src/install/smarc_msgs/include/smarc_msgs/smarc_msgs/msg/controller_status.hpp
[6.076s] -- Up-to-date: /home/schni2zle/colcon_ws/src/install/smarc_msgs/include/smarc_msgs/smarc_msgs/msg/lat_lon_odometry.hpp
[6.076s] -- Up-to-date: /home/schni2zle/colcon_ws/src/install/smarc_msgs/include/smarc_msgs/smarc_msgs/msg/thruster_rpm.hpp
[6.077s] -- Up-to-date: /home/schni2zle/colcon_ws/src/install/smarc_msgs/include/smarc_msgs/smarc_msgs/msg/detail
[6.077s] -- Up-to-date: /home/schni2zle/colcon_ws/src/install/smarc_msgs/include/smarc_msgs/smarc_msgs/msg/detail/execution_status__traits.hpp
[6.077s] -- Up-to-date: /home/schni2zle/colcon_ws/src/install/smarc_msgs/include/smarc_msgs/smarc_msgs/msg/detail/controller_status__traits.hpp
[6.077s] -- Up-to-date: /home/schni2zle/colcon_ws/src/install/smarc_msgs/include/smarc_msgs/smarc_msgs/msg/detail/controller_status__builder.hpp
[6.077s] -- Up-to-date: /home/schni2zle/colcon_ws/src/install/smarc_msgs/include/smarc_msgs/smarc_msgs/msg/detail/string_array__traits.hpp
[6.077s] -- Up-to-date: /home/schni2zle/colcon_ws/src/install/smarc_msgs/include/smarc_msgs/smarc_msgs/msg/detail/float_stamped__struct.hpp
[6.077s] -- Up-to-date: /home/schni2zle/colcon_ws/src/install/smarc_msgs/include/smarc_msgs/smarc_msgs/msg/detail/topics__struct.hpp
[6.077s] -- Up-to-date: /home/schni2zle/colcon_ws/src/install/smarc_msgs/include/smarc_msgs/smarc_msgs/msg/detail/comms_message__traits.hpp
[6.078s] -- Up-to-date: /home/schni2zle/colcon_ws/src/install/smarc_msgs/include/smarc_msgs/smarc_msgs/msg/detail/sm_task__struct.hpp
[6.078s] -- Up-to-date: /home/schni2zle/colcon_ws/src/install/smarc_msgs/include/smarc_msgs/smarc_msgs/msg/detail/sm_task__traits.hpp
[6.078s] -- Up-to-date: /home/schni2zle/colcon_ws/src/install/smarc_msgs/include/smarc_msgs/smarc_msgs/msg/detail/thruster_feedback__traits.hpp
[6.078s] -- Up-to-date: /home/schni2zle/colcon_ws/src/install/smarc_msgs/include/smarc_msgs/smarc_msgs/msg/detail/sidescan__builder.hpp
[6.078s] -- Up-to-date: /home/schni2zle/colcon_ws/src/install/smarc_msgs/include/smarc_msgs/smarc_msgs/msg/detail/dual_thruster_rpm__builder.hpp
[6.078s] -- Up-to-date: /home/schni2zle/colcon_ws/src/install/smarc_msgs/include/smarc_msgs/smarc_msgs/msg/detail/string_pair__builder.hpp
[6.078s] -- Up-to-date: /home/schni2zle/colcon_ws/src/install/smarc_msgs/include/smarc_msgs/smarc_msgs/msg/detail/comms_message__builder.hpp
[6.079s] -- Up-to-date: /home/schni2zle/colcon_ws/src/install/smarc_msgs/include/smarc_msgs/smarc_msgs/msg/detail/string_array__builder.hpp
[6.079s] -- Up-to-date: /home/schni2zle/colcon_ws/src/install/smarc_msgs/include/smarc_msgs/smarc_msgs/msg/detail/dvl__builder.hpp
[6.079s] -- Up-to-date: /home/schni2zle/colcon_ws/src/install/smarc_msgs/include/smarc_msgs/smarc_msgs/msg/detail/sm_task__builder.hpp
[6.079s] -- Up-to-date: /home/schni2zle/colcon_ws/src/install/smarc_msgs/include/smarc_msgs/smarc_msgs/msg/detail/topics__traits.hpp
[6.079s] -- Up-to-date: /home/schni2zle/colcon_ws/src/install/smarc_msgs/include/smarc_msgs/smarc_msgs/msg/detail/ctd__struct.hpp
[6.079s] -- Up-to-date: /home/schni2zle/colcon_ws/src/install/smarc_msgs/include/smarc_msgs/smarc_msgs/msg/detail/float_stamped__traits.hpp
[6.079s] -- Up-to-date: /home/schni2zle/colcon_ws/src/install/smarc_msgs/include/smarc_msgs/smarc_msgs/msg/detail/dvl_beam__struct.hpp
[6.079s] -- Up-to-date: /home/schni2zle/colcon_ws/src/install/smarc_msgs/include/smarc_msgs/smarc_msgs/msg/detail/string_array__struct.hpp
[6.080s] -- Up-to-date: /home/schni2zle/colcon_ws/src/install/smarc_msgs/include/smarc_msgs/smarc_msgs/msg/detail/sensor_status__struct.hpp
[6.080s] -- Up-to-date: /home/schni2zle/colcon_ws/src/install/smarc_msgs/include/smarc_msgs/smarc_msgs/msg/detail/dvl_beam__builder.hpp
[6.080s] -- Up-to-date: /home/schni2zle/colcon_ws/src/install/smarc_msgs/include/smarc_msgs/smarc_msgs/msg/detail/sensor_status__builder.hpp
[6.080s] -- Up-to-date: /home/schni2zle/colcon_ws/src/install/smarc_msgs/include/smarc_msgs/smarc_msgs/msg/detail/lat_lon_odometry__traits.hpp
[6.080s] -- Up-to-date: /home/schni2zle/colcon_ws/src/install/smarc_msgs/include/smarc_msgs/smarc_msgs/msg/detail/dual_thruster_feedback__builder.hpp
[6.080s] -- Up-to-date: /home/schni2zle/colcon_ws/src/install/smarc_msgs/include/smarc_msgs/smarc_msgs/msg/detail/lat_lon_odometry__builder.hpp
[6.080s] -- Up-to-date: /home/schni2zle/colcon_ws/src/install/smarc_msgs/include/smarc_msgs/smarc_msgs/msg/detail/topics__builder.hpp
[6.081s] -- Up-to-date: /home/schni2zle/colcon_ws/src/install/smarc_msgs/include/smarc_msgs/smarc_msgs/msg/detail/dvl__traits.hpp
[6.081s] -- Up-to-date: /home/schni2zle/colcon_ws/src/install/smarc_msgs/include/smarc_msgs/smarc_msgs/msg/detail/thruster_dc__traits.hpp
[6.081s] -- Up-to-date: /home/schni2zle/colcon_ws/src/install/smarc_msgs/include/smarc_msgs/smarc_msgs/msg/detail/ctd__builder.hpp
[6.081s] -- Up-to-date: /home/schni2zle/colcon_ws/src/install/smarc_msgs/include/smarc_msgs/smarc_msgs/msg/detail/thruster_dc__builder.hpp
[6.081s] -- Up-to-date: /home/schni2zle/colcon_ws/src/install/smarc_msgs/include/smarc_msgs/smarc_msgs/msg/detail/thruster_rpm__struct.hpp
[6.081s] -- Up-to-date: /home/schni2zle/colcon_ws/src/install/smarc_msgs/include/smarc_msgs/smarc_msgs/msg/detail/lat_lon_stamped__traits.hpp
[6.081s] -- Up-to-date: /home/schni2zle/colcon_ws/src/install/smarc_msgs/include/smarc_msgs/smarc_msgs/msg/detail/string_pair__traits.hpp
[6.082s] -- Up-to-date: /home/schni2zle/colcon_ws/src/install/smarc_msgs/include/smarc_msgs/smarc_msgs/msg/detail/lat_lon_stamped__struct.hpp
[6.082s] -- Up-to-date: /home/schni2zle/colcon_ws/src/install/smarc_msgs/include/smarc_msgs/smarc_msgs/msg/detail/comms_message__struct.hpp
[6.082s] -- Up-to-date: /home/schni2zle/colcon_ws/src/install/smarc_msgs/include/smarc_msgs/smarc_msgs/msg/detail/leak__struct.hpp
[6.082s] -- Up-to-date: /home/schni2zle/colcon_ws/src/install/smarc_msgs/include/smarc_msgs/smarc_msgs/msg/detail/string_pair__struct.hpp
[6.082s] -- Up-to-date: /home/schni2zle/colcon_ws/src/install/smarc_msgs/include/smarc_msgs/smarc_msgs/msg/detail/thruster_dc__struct.hpp
[6.082s] -- Up-to-date: /home/schni2zle/colcon_ws/src/install/smarc_msgs/include/smarc_msgs/smarc_msgs/msg/detail/execution_status__builder.hpp
[6.082s] -- Up-to-date: /home/schni2zle/colcon_ws/src/install/smarc_msgs/include/smarc_msgs/smarc_msgs/msg/detail/lat_lon_stamped__builder.hpp
[6.082s] -- Up-to-date: /home/schni2zle/colcon_ws/src/install/smarc_msgs/include/smarc_msgs/smarc_msgs/msg/detail/sidescan__struct.hpp
[6.083s] -- Up-to-date: /home/schni2zle/colcon_ws/src/install/smarc_msgs/include/smarc_msgs/smarc_msgs/msg/detail/lat_lon_odometry__struct.hpp
[6.083s] -- Up-to-date: /home/schni2zle/colcon_ws/src/install/smarc_msgs/include/smarc_msgs/smarc_msgs/msg/detail/dvl_beam__traits.hpp
[6.083s] -- Up-to-date: /home/schni2zle/colcon_ws/src/install/smarc_msgs/include/smarc_msgs/smarc_msgs/msg/detail/dual_thruster_rpm__traits.hpp
[6.083s] -- Up-to-date: /home/schni2zle/colcon_ws/src/install/smarc_msgs/include/smarc_msgs/smarc_msgs/msg/detail/sensor_status__traits.hpp
[6.083s] -- Up-to-date: /home/schni2zle/colcon_ws/src/install/smarc_msgs/include/smarc_msgs/smarc_msgs/msg/detail/thruster_feedback__struct.hpp
[6.083s] -- Up-to-date: /home/schni2zle/colcon_ws/src/install/smarc_msgs/include/smarc_msgs/smarc_msgs/msg/detail/ctd__traits.hpp
[6.083s] -- Up-to-date: /home/schni2zle/colcon_ws/src/install/smarc_msgs/include/smarc_msgs/smarc_msgs/msg/detail/thruster_feedback__builder.hpp
[6.084s] -- Up-to-date: /home/schni2zle/colcon_ws/src/install/smarc_msgs/include/smarc_msgs/smarc_msgs/msg/detail/thruster_rpm__traits.hpp
[6.084s] -- Up-to-date: /home/schni2zle/colcon_ws/src/install/smarc_msgs/include/smarc_msgs/smarc_msgs/msg/detail/string_stamped__struct.hpp
[6.084s] -- Up-to-date: /home/schni2zle/colcon_ws/src/install/smarc_msgs/include/smarc_msgs/smarc_msgs/msg/detail/dual_thruster_feedback__traits.hpp
[6.084s] -- Up-to-date: /home/schni2zle/colcon_ws/src/install/smarc_msgs/include/smarc_msgs/smarc_msgs/msg/detail/leak__builder.hpp
[6.084s] -- Up-to-date: /home/schni2zle/colcon_ws/src/install/smarc_msgs/include/smarc_msgs/smarc_msgs/msg/detail/leak__traits.hpp
[6.084s] -- Up-to-date: /home/schni2zle/colcon_ws/src/install/smarc_msgs/include/smarc_msgs/smarc_msgs/msg/detail/sidescan__traits.hpp
[6.084s] -- Up-to-date: /home/schni2zle/colcon_ws/src/install/smarc_msgs/include/smarc_msgs/smarc_msgs/msg/detail/controller_status__struct.hpp
[6.084s] -- Up-to-date: /home/schni2zle/colcon_ws/src/install/smarc_msgs/include/smarc_msgs/smarc_msgs/msg/detail/execution_status__struct.hpp
[6.085s] -- Up-to-date: /home/schni2zle/colcon_ws/src/install/smarc_msgs/include/smarc_msgs/smarc_msgs/msg/detail/string_stamped__builder.hpp
[6.085s] -- Up-to-date: /home/schni2zle/colcon_ws/src/install/smarc_msgs/include/smarc_msgs/smarc_msgs/msg/detail/dvl__struct.hpp
[6.085s] -- Up-to-date: /home/schni2zle/colcon_ws/src/install/smarc_msgs/include/smarc_msgs/smarc_msgs/msg/detail/thruster_rpm__builder.hpp
[6.085s] -- Up-to-date: /home/schni2zle/colcon_ws/src/install/smarc_msgs/include/smarc_msgs/smarc_msgs/msg/detail/float_stamped__builder.hpp
[6.085s] -- Up-to-date: /home/schni2zle/colcon_ws/src/install/smarc_msgs/include/smarc_msgs/smarc_msgs/msg/detail/dual_thruster_rpm__struct.hpp
[6.085s] -- Up-to-date: /home/schni2zle/colcon_ws/src/install/smarc_msgs/include/smarc_msgs/smarc_msgs/msg/detail/string_stamped__traits.hpp
[6.085s] -- Up-to-date: /home/schni2zle/colcon_ws/src/install/smarc_msgs/include/smarc_msgs/smarc_msgs/msg/detail/dual_thruster_feedback__struct.hpp
[6.086s] -- Up-to-date: /home/schni2zle/colcon_ws/src/install/smarc_msgs/include/smarc_msgs/smarc_msgs/msg/lat_lon_stamped.hpp
[6.086s] -- Up-to-date: /home/schni2zle/colcon_ws/src/install/smarc_msgs/include/smarc_msgs/smarc_msgs/msg/thruster_feedback.hpp
[6.086s] -- Up-to-date: /home/schni2zle/colcon_ws/src/install/smarc_msgs/include/smarc_msgs/smarc_msgs/msg/float_stamped.hpp
[6.086s] -- Up-to-date: /home/schni2zle/colcon_ws/src/install/smarc_msgs/include/smarc_msgs/smarc_msgs/msg/dvl.hpp
[6.086s] -- Up-to-date: /home/schni2zle/colcon_ws/src/install/smarc_msgs/include/smarc_msgs/smarc_msgs/msg/sidescan.hpp
[6.086s] -- Up-to-date: /home/schni2zle/colcon_ws/src/install/smarc_msgs/include/smarc_msgs/smarc_msgs/msg/topics.hpp
[6.086s] -- Up-to-date: /home/schni2zle/colcon_ws/src/install/smarc_msgs/include/smarc_msgs/smarc_msgs/msg/execution_status.hpp
[6.086s] -- Up-to-date: /home/schni2zle/colcon_ws/src/install/smarc_msgs/include/smarc_msgs/smarc_msgs/msg/string_pair.hpp
[6.087s] -- Up-to-date: /home/schni2zle/colcon_ws/src/install/smarc_msgs/include/smarc_msgs/smarc_msgs/msg/sm_task.hpp
[6.087s] -- Up-to-date: /home/schni2zle/colcon_ws/src/install/smarc_msgs/include/smarc_msgs/smarc_msgs/srv
[6.087s] -- Up-to-date: /home/schni2zle/colcon_ws/src/install/smarc_msgs/include/smarc_msgs/smarc_msgs/srv/add_tasks.hpp
[6.087s] -- Up-to-date: /home/schni2zle/colcon_ws/src/install/smarc_msgs/include/smarc_msgs/smarc_msgs/srv/nedenu_rotation.hpp
[6.087s] -- Up-to-date: /home/schni2zle/colcon_ws/src/install/smarc_msgs/include/smarc_msgs/smarc_msgs/srv/detail
[6.087s] -- Up-to-date: /home/schni2zle/colcon_ws/src/install/smarc_msgs/include/smarc_msgs/smarc_msgs/srv/detail/cell_occupied__builder.hpp
[6.087s] -- Up-to-date: /home/schni2zle/colcon_ws/src/install/smarc_msgs/include/smarc_msgs/smarc_msgs/srv/detail/nedenu_rotation__struct.hpp
[6.088s] -- Up-to-date: /home/schni2zle/colcon_ws/src/install/smarc_msgs/include/smarc_msgs/smarc_msgs/srv/detail/cell_occupied__traits.hpp
[6.088s] -- Up-to-date: /home/schni2zle/colcon_ws/src/install/smarc_msgs/include/smarc_msgs/smarc_msgs/srv/detail/add_task__builder.hpp
[6.088s] -- Up-to-date: /home/schni2zle/colcon_ws/src/install/smarc_msgs/include/smarc_msgs/smarc_msgs/srv/detail/nedenu_rotation__traits.hpp
[6.088s] -- Up-to-date: /home/schni2zle/colcon_ws/src/install/smarc_msgs/include/smarc_msgs/smarc_msgs/srv/detail/lat_lon_to_utm_odometry__traits.hpp
[6.088s] -- Up-to-date: /home/schni2zle/colcon_ws/src/install/smarc_msgs/include/smarc_msgs/smarc_msgs/srv/detail/cell_occupied__struct.hpp
[6.088s] -- Up-to-date: /home/schni2zle/colcon_ws/src/install/smarc_msgs/include/smarc_msgs/smarc_msgs/srv/detail/add_task__struct.hpp
[6.088s] -- Up-to-date: /home/schni2zle/colcon_ws/src/install/smarc_msgs/include/smarc_msgs/smarc_msgs/srv/detail/lat_lon_to_utm_odometry__struct.hpp
[6.089s] -- Up-to-date: /home/schni2zle/colcon_ws/src/install/smarc_msgs/include/smarc_msgs/smarc_msgs/srv/detail/add_tasks__struct.hpp
[6.089s] -- Up-to-date: /home/schni2zle/colcon_ws/src/install/smarc_msgs/include/smarc_msgs/smarc_msgs/srv/detail/lat_lon_to_utm_odometry__builder.hpp
[6.089s] -- Up-to-date: /home/schni2zle/colcon_ws/src/install/smarc_msgs/include/smarc_msgs/smarc_msgs/srv/detail/add_tasks__builder.hpp
[6.089s] -- Up-to-date: /home/schni2zle/colcon_ws/src/install/smarc_msgs/include/smarc_msgs/smarc_msgs/srv/detail/add_tasks__traits.hpp
[6.089s] -- Up-to-date: /home/schni2zle/colcon_ws/src/install/smarc_msgs/include/smarc_msgs/smarc_msgs/srv/detail/add_task__traits.hpp
[6.089s] -- Up-to-date: /home/schni2zle/colcon_ws/src/install/smarc_msgs/include/smarc_msgs/smarc_msgs/srv/detail/nedenu_rotation__builder.hpp
[6.089s] -- Up-to-date: /home/schni2zle/colcon_ws/src/install/smarc_msgs/include/smarc_msgs/smarc_msgs/srv/add_task.hpp
[6.089s] -- Up-to-date: /home/schni2zle/colcon_ws/src/install/smarc_msgs/include/smarc_msgs/smarc_msgs/srv/lat_lon_to_utm_odometry.hpp
[6.090s] -- Up-to-date: /home/schni2zle/colcon_ws/src/install/smarc_msgs/include/smarc_msgs/smarc_msgs/srv/cell_occupied.hpp
[6.090s] -- Up-to-date: /home/schni2zle/colcon_ws/src/install/smarc_msgs/include/smarc_msgs/smarc_msgs
[6.090s] -- Up-to-date: /home/schni2zle/colcon_ws/src/install/smarc_msgs/include/smarc_msgs/smarc_msgs/msg
[6.090s] -- Up-to-date: /home/schni2zle/colcon_ws/src/install/smarc_msgs/include/smarc_msgs/smarc_msgs/msg/rosidl_typesupport_fastrtps_cpp__visibility_control.h
[6.090s] -- Up-to-date: /home/schni2zle/colcon_ws/src/install/smarc_msgs/include/smarc_msgs/smarc_msgs/msg/detail
[6.090s] -- Up-to-date: /home/schni2zle/colcon_ws/src/install/smarc_msgs/include/smarc_msgs/smarc_msgs/msg/detail/float_stamped__rosidl_typesupport_fastrtps_cpp.hpp
[6.090s] -- Up-to-date: /home/schni2zle/colcon_ws/src/install/smarc_msgs/include/smarc_msgs/smarc_msgs/msg/detail/string_array__rosidl_typesupport_fastrtps_cpp.hpp
[6.091s] -- Up-to-date: /home/schni2zle/colcon_ws/src/install/smarc_msgs/include/smarc_msgs/smarc_msgs/msg/detail/sm_task__rosidl_typesupport_fastrtps_cpp.hpp
[6.091s] -- Up-to-date: /home/schni2zle/colcon_ws/src/install/smarc_msgs/include/smarc_msgs/smarc_msgs/msg/detail/lat_lon_stamped__rosidl_typesupport_fastrtps_cpp.hpp
[6.091s] -- Up-to-date: /home/schni2zle/colcon_ws/src/install/smarc_msgs/include/smarc_msgs/smarc_msgs/msg/detail/dual_thruster_rpm__rosidl_typesupport_fastrtps_cpp.hpp
[6.091s] -- Up-to-date: /home/schni2zle/colcon_ws/src/install/smarc_msgs/include/smarc_msgs/smarc_msgs/msg/detail/string_pair__rosidl_typesupport_fastrtps_cpp.hpp
[6.091s] -- Up-to-date: /home/schni2zle/colcon_ws/src/install/smarc_msgs/include/smarc_msgs/smarc_msgs/msg/detail/thruster_dc__rosidl_typesupport_fastrtps_cpp.hpp
[6.091s] -- Up-to-date: /home/schni2zle/colcon_ws/src/install/smarc_msgs/include/smarc_msgs/smarc_msgs/msg/detail/thruster_feedback__rosidl_typesupport_fastrtps_cpp.hpp
[6.091s] -- Up-to-date: /home/schni2zle/colcon_ws/src/install/smarc_msgs/include/smarc_msgs/smarc_msgs/msg/detail/topics__rosidl_typesupport_fastrtps_cpp.hpp
[6.092s] -- Up-to-date: /home/schni2zle/colcon_ws/src/install/smarc_msgs/include/smarc_msgs/smarc_msgs/msg/detail/dvl_beam__rosidl_typesupport_fastrtps_cpp.hpp
[6.092s] -- Up-to-date: /home/schni2zle/colcon_ws/src/install/smarc_msgs/include/smarc_msgs/smarc_msgs/msg/detail/dvl__rosidl_typesupport_fastrtps_cpp.hpp
[6.092s] -- Up-to-date: /home/schni2zle/colcon_ws/src/install/smarc_msgs/include/smarc_msgs/smarc_msgs/msg/detail/sidescan__rosidl_typesupport_fastrtps_cpp.hpp
[6.092s] -- Up-to-date: /home/schni2zle/colcon_ws/src/install/smarc_msgs/include/smarc_msgs/smarc_msgs/msg/detail/execution_status__rosidl_typesupport_fastrtps_cpp.hpp
[6.092s] -- Up-to-date: /home/schni2zle/colcon_ws/src/install/smarc_msgs/include/smarc_msgs/smarc_msgs/msg/detail/ctd__rosidl_typesupport_fastrtps_cpp.hpp
[6.092s] -- Up-to-date: /home/schni2zle/colcon_ws/src/install/smarc_msgs/include/smarc_msgs/smarc_msgs/msg/detail/comms_message__rosidl_typesupport_fastrtps_cpp.hpp
[6.092s] -- Up-to-date: /home/schni2zle/colcon_ws/src/install/smarc_msgs/include/smarc_msgs/smarc_msgs/msg/detail/sensor_status__rosidl_typesupport_fastrtps_cpp.hpp
[6.093s] -- Up-to-date: /home/schni2zle/colcon_ws/src/install/smarc_msgs/include/smarc_msgs/smarc_msgs/msg/detail/string_stamped__rosidl_typesupport_fastrtps_cpp.hpp
[6.093s] -- Up-to-date: /home/schni2zle/colcon_ws/src/install/smarc_msgs/include/smarc_msgs/smarc_msgs/msg/detail/dds_fastrtps
[6.093s] -- Up-to-date: /home/schni2zle/colcon_ws/src/install/smarc_msgs/include/smarc_msgs/smarc_msgs/msg/detail/controller_status__rosidl_typesupport_fastrtps_cpp.hpp
[6.093s] -- Up-to-date: /home/schni2zle/colcon_ws/src/install/smarc_msgs/include/smarc_msgs/smarc_msgs/msg/detail/thruster_rpm__rosidl_typesupport_fastrtps_cpp.hpp
[6.093s] -- Up-to-date: /home/schni2zle/colcon_ws/src/install/smarc_msgs/include/smarc_msgs/smarc_msgs/msg/detail/lat_lon_odometry__rosidl_typesupport_fastrtps_cpp.hpp
[6.093s] -- Up-to-date: /home/schni2zle/colcon_ws/src/install/smarc_msgs/include/smarc_msgs/smarc_msgs/msg/detail/dual_thruster_feedback__rosidl_typesupport_fastrtps_cpp.hpp
[6.093s] -- Up-to-date: /home/schni2zle/colcon_ws/src/install/smarc_msgs/include/smarc_msgs/smarc_msgs/msg/detail/leak__rosidl_typesupport_fastrtps_cpp.hpp
[6.093s] -- Up-to-date: /home/schni2zle/colcon_ws/src/install/smarc_msgs/include/smarc_msgs/smarc_msgs/srv
[6.094s] -- Up-to-date: /home/schni2zle/colcon_ws/src/install/smarc_msgs/include/smarc_msgs/smarc_msgs/srv/detail
[6.094s] -- Up-to-date: /home/schni2zle/colcon_ws/src/install/smarc_msgs/include/smarc_msgs/smarc_msgs/srv/detail/add_tasks__rosidl_typesupport_fastrtps_cpp.hpp
[6.094s] -- Up-to-date: /home/schni2zle/colcon_ws/src/install/smarc_msgs/include/smarc_msgs/smarc_msgs/srv/detail/add_task__rosidl_typesupport_fastrtps_cpp.hpp
[6.094s] -- Up-to-date: /home/schni2zle/colcon_ws/src/install/smarc_msgs/include/smarc_msgs/smarc_msgs/srv/detail/cell_occupied__rosidl_typesupport_fastrtps_cpp.hpp
[6.094s] -- Up-to-date: /home/schni2zle/colcon_ws/src/install/smarc_msgs/include/smarc_msgs/smarc_msgs/srv/detail/dds_fastrtps
[6.094s] -- Up-to-date: /home/schni2zle/colcon_ws/src/install/smarc_msgs/include/smarc_msgs/smarc_msgs/srv/detail/nedenu_rotation__rosidl_typesupport_fastrtps_cpp.hpp
[6.094s] -- Up-to-date: /home/schni2zle/colcon_ws/src/install/smarc_msgs/include/smarc_msgs/smarc_msgs/srv/detail/lat_lon_to_utm_odometry__rosidl_typesupport_fastrtps_cpp.hpp
[6.094s] -- Up-to-date: /home/schni2zle/colcon_ws/src/install/smarc_msgs/lib/libsmarc_msgs__rosidl_typesupport_fastrtps_cpp.so
[6.095s] -- Up-to-date: /home/schni2zle/colcon_ws/src/install/smarc_msgs/include/smarc_msgs/smarc_msgs
[6.095s] -- Up-to-date: /home/schni2zle/colcon_ws/src/install/smarc_msgs/include/smarc_msgs/smarc_msgs/msg
[6.095s] -- Up-to-date: /home/schni2zle/colcon_ws/src/install/smarc_msgs/include/smarc_msgs/smarc_msgs/msg/detail
[6.095s] -- Up-to-date: /home/schni2zle/colcon_ws/src/install/smarc_msgs/include/smarc_msgs/smarc_msgs/msg/detail/dvl__type_support.cpp
[6.095s] -- Up-to-date: /home/schni2zle/colcon_ws/src/install/smarc_msgs/include/smarc_msgs/smarc_msgs/msg/detail/dual_thruster_feedback__rosidl_typesupport_introspection_cpp.hpp
[6.095s] -- Up-to-date: /home/schni2zle/colcon_ws/src/install/smarc_msgs/include/smarc_msgs/smarc_msgs/msg/detail/sensor_status__type_support.cpp
[6.095s] -- Up-to-date: /home/schni2zle/colcon_ws/src/install/smarc_msgs/include/smarc_msgs/smarc_msgs/msg/detail/string_pair__rosidl_typesupport_introspection_cpp.hpp
[6.096s] -- Up-to-date: /home/schni2zle/colcon_ws/src/install/smarc_msgs/include/smarc_msgs/smarc_msgs/msg/detail/lat_lon_stamped__rosidl_typesupport_introspection_cpp.hpp
[6.096s] -- Up-to-date: /home/schni2zle/colcon_ws/src/install/smarc_msgs/include/smarc_msgs/smarc_msgs/msg/detail/dvl__rosidl_typesupport_introspection_cpp.hpp
[6.096s] -- Up-to-date: /home/schni2zle/colcon_ws/src/install/smarc_msgs/include/smarc_msgs/smarc_msgs/msg/detail/sidescan__rosidl_typesupport_introspection_cpp.hpp
[6.096s] -- Up-to-date: /home/schni2zle/colcon_ws/src/install/smarc_msgs/include/smarc_msgs/smarc_msgs/msg/detail/topics__type_support.cpp
[6.096s] -- Up-to-date: /home/schni2zle/colcon_ws/src/install/smarc_msgs/include/smarc_msgs/smarc_msgs/msg/detail/sm_task__rosidl_typesupport_introspection_cpp.hpp
[6.096s] -- Up-to-date: /home/schni2zle/colcon_ws/src/install/smarc_msgs/include/smarc_msgs/smarc_msgs/msg/detail/string_stamped__rosidl_typesupport_introspection_cpp.hpp
[6.096s] -- Up-to-date: /home/schni2zle/colcon_ws/src/install/smarc_msgs/include/smarc_msgs/smarc_msgs/msg/detail/sm_task__type_support.cpp
[6.096s] -- Up-to-date: /home/schni2zle/colcon_ws/src/install/smarc_msgs/include/smarc_msgs/smarc_msgs/msg/detail/dvl_beam__rosidl_typesupport_introspection_cpp.hpp
[6.097s] -- Up-to-date: /home/schni2zle/colcon_ws/src/install/smarc_msgs/include/smarc_msgs/smarc_msgs/msg/detail/dual_thruster_rpm__rosidl_typesupport_introspection_cpp.hpp
[6.097s] -- Up-to-date: /home/schni2zle/colcon_ws/src/install/smarc_msgs/include/smarc_msgs/smarc_msgs/msg/detail/dual_thruster_rpm__type_support.cpp
[6.097s] -- Up-to-date: /home/schni2zle/colcon_ws/src/install/smarc_msgs/include/smarc_msgs/smarc_msgs/msg/detail/string_array__rosidl_typesupport_introspection_cpp.hpp
[6.097s] -- Up-to-date: /home/schni2zle/colcon_ws/src/install/smarc_msgs/include/smarc_msgs/smarc_msgs/msg/detail/controller_status__type_support.cpp
[6.097s] -- Up-to-date: /home/schni2zle/colcon_ws/src/install/smarc_msgs/include/smarc_msgs/smarc_msgs/msg/detail/thruster_feedback__rosidl_typesupport_introspection_cpp.hpp
[6.097s] -- Up-to-date: /home/schni2zle/colcon_ws/src/install/smarc_msgs/include/smarc_msgs/smarc_msgs/msg/detail/dual_thruster_feedback__type_support.cpp
[6.097s] -- Up-to-date: /home/schni2zle/colcon_ws/src/install/smarc_msgs/include/smarc_msgs/smarc_msgs/msg/detail/controller_status__rosidl_typesupport_introspection_cpp.hpp
[6.098s] -- Up-to-date: /home/schni2zle/colcon_ws/src/install/smarc_msgs/include/smarc_msgs/smarc_msgs/msg/detail/string_stamped__type_support.cpp
[6.098s] -- Up-to-date: /home/schni2zle/colcon_ws/src/install/smarc_msgs/include/smarc_msgs/smarc_msgs/msg/detail/lat_lon_stamped__type_support.cpp
[6.098s] -- Up-to-date: /home/schni2zle/colcon_ws/src/install/smarc_msgs/include/smarc_msgs/smarc_msgs/msg/detail/string_array__type_support.cpp
[6.098s] -- Up-to-date: /home/schni2zle/colcon_ws/src/install/smarc_msgs/include/smarc_msgs/smarc_msgs/msg/detail/dvl_beam__type_support.cpp
[6.098s] -- Up-to-date: /home/schni2zle/colcon_ws/src/install/smarc_msgs/include/smarc_msgs/smarc_msgs/msg/detail/float_stamped__rosidl_typesupport_introspection_cpp.hpp
[6.098s] -- Up-to-date: /home/schni2zle/colcon_ws/src/install/smarc_msgs/include/smarc_msgs/smarc_msgs/msg/detail/execution_status__rosidl_typesupport_introspection_cpp.hpp
[6.098s] -- Up-to-date: /home/schni2zle/colcon_ws/src/install/smarc_msgs/include/smarc_msgs/smarc_msgs/msg/detail/sidescan__type_support.cpp
[6.098s] -- Up-to-date: /home/schni2zle/colcon_ws/src/install/smarc_msgs/include/smarc_msgs/smarc_msgs/msg/detail/ctd__rosidl_typesupport_introspection_cpp.hpp
[6.099s] -- Up-to-date: /home/schni2zle/colcon_ws/src/install/smarc_msgs/include/smarc_msgs/smarc_msgs/msg/detail/leak__rosidl_typesupport_introspection_cpp.hpp
[6.099s] -- Up-to-date: /home/schni2zle/colcon_ws/src/install/smarc_msgs/include/smarc_msgs/smarc_msgs/msg/detail/thruster_dc__type_support.cpp
[6.099s] -- Up-to-date: /home/schni2zle/colcon_ws/src/install/smarc_msgs/include/smarc_msgs/smarc_msgs/msg/detail/thruster_rpm__type_support.cpp
[6.099s] -- Up-to-date: /home/schni2zle/colcon_ws/src/install/smarc_msgs/include/smarc_msgs/smarc_msgs/msg/detail/lat_lon_odometry__rosidl_typesupport_introspection_cpp.hpp
[6.099s] -- Up-to-date: /home/schni2zle/colcon_ws/src/install/smarc_msgs/include/smarc_msgs/smarc_msgs/msg/detail/topics__rosidl_typesupport_introspection_cpp.hpp
[6.099s] -- Up-to-date: /home/schni2zle/colcon_ws/src/install/smarc_msgs/include/smarc_msgs/smarc_msgs/msg/detail/thruster_dc__rosidl_typesupport_introspection_cpp.hpp
[6.099s] -- Up-to-date: /home/schni2zle/colcon_ws/src/install/smarc_msgs/include/smarc_msgs/smarc_msgs/msg/detail/thruster_feedback__type_support.cpp
[6.100s] -- Up-to-date: /home/schni2zle/colcon_ws/src/install/smarc_msgs/include/smarc_msgs/smarc_msgs/msg/detail/execution_status__type_support.cpp
[6.100s] -- Up-to-date: /home/schni2zle/colcon_ws/src/install/smarc_msgs/include/smarc_msgs/smarc_msgs/msg/detail/float_stamped__type_support.cpp
[6.100s] -- Up-to-date: /home/schni2zle/colcon_ws/src/install/smarc_msgs/include/smarc_msgs/smarc_msgs/msg/detail/lat_lon_odometry__type_support.cpp
[6.100s] -- Up-to-date: /home/schni2zle/colcon_ws/src/install/smarc_msgs/include/smarc_msgs/smarc_msgs/msg/detail/string_pair__type_support.cpp
[6.100s] -- Up-to-date: /home/schni2zle/colcon_ws/src/install/smarc_msgs/include/smarc_msgs/smarc_msgs/msg/detail/comms_message__rosidl_typesupport_introspection_cpp.hpp
[6.100s] -- Up-to-date: /home/schni2zle/colcon_ws/src/install/smarc_msgs/include/smarc_msgs/smarc_msgs/msg/detail/ctd__type_support.cpp
[6.100s] -- Up-to-date: /home/schni2zle/colcon_ws/src/install/smarc_msgs/include/smarc_msgs/smarc_msgs/msg/detail/leak__type_support.cpp
[6.101s] -- Up-to-date: /home/schni2zle/colcon_ws/src/install/smarc_msgs/include/smarc_msgs/smarc_msgs/msg/detail/sensor_status__rosidl_typesupport_introspection_cpp.hpp
[6.101s] -- Up-to-date: /home/schni2zle/colcon_ws/src/install/smarc_msgs/include/smarc_msgs/smarc_msgs/msg/detail/thruster_rpm__rosidl_typesupport_introspection_cpp.hpp
[6.101s] -- Up-to-date: /home/schni2zle/colcon_ws/src/install/smarc_msgs/include/smarc_msgs/smarc_msgs/msg/detail/comms_message__type_support.cpp
[6.101s] -- Up-to-date: /home/schni2zle/colcon_ws/src/install/smarc_msgs/include/smarc_msgs/smarc_msgs/srv
[6.101s] -- Up-to-date: /home/schni2zle/colcon_ws/src/install/smarc_msgs/include/smarc_msgs/smarc_msgs/srv/detail
[6.101s] -- Up-to-date: /home/schni2zle/colcon_ws/src/install/smarc_msgs/include/smarc_msgs/smarc_msgs/srv/detail/nedenu_rotation__rosidl_typesupport_introspection_cpp.hpp
[6.101s] -- Up-to-date: /home/schni2zle/colcon_ws/src/install/smarc_msgs/include/smarc_msgs/smarc_msgs/srv/detail/cell_occupied__type_support.cpp
[6.101s] -- Up-to-date: /home/schni2zle/colcon_ws/src/install/smarc_msgs/include/smarc_msgs/smarc_msgs/srv/detail/add_tasks__rosidl_typesupport_introspection_cpp.hpp
[6.102s] -- Up-to-date: /home/schni2zle/colcon_ws/src/install/smarc_msgs/include/smarc_msgs/smarc_msgs/srv/detail/lat_lon_to_utm_odometry__type_support.cpp
[6.102s] -- Up-to-date: /home/schni2zle/colcon_ws/src/install/smarc_msgs/include/smarc_msgs/smarc_msgs/srv/detail/add_task__rosidl_typesupport_introspection_cpp.hpp
[6.102s] -- Up-to-date: /home/schni2zle/colcon_ws/src/install/smarc_msgs/include/smarc_msgs/smarc_msgs/srv/detail/cell_occupied__rosidl_typesupport_introspection_cpp.hpp
[6.102s] -- Up-to-date: /home/schni2zle/colcon_ws/src/install/smarc_msgs/include/smarc_msgs/smarc_msgs/srv/detail/nedenu_rotation__type_support.cpp
[6.102s] -- Up-to-date: /home/schni2zle/colcon_ws/src/install/smarc_msgs/include/smarc_msgs/smarc_msgs/srv/detail/add_task__type_support.cpp
[6.102s] -- Up-to-date: /home/schni2zle/colcon_ws/src/install/smarc_msgs/include/smarc_msgs/smarc_msgs/srv/detail/add_tasks__type_support.cpp
[6.102s] -- Up-to-date: /home/schni2zle/colcon_ws/src/install/smarc_msgs/include/smarc_msgs/smarc_msgs/srv/detail/lat_lon_to_utm_odometry__rosidl_typesupport_introspection_cpp.hpp
[6.102s] -- Up-to-date: /home/schni2zle/colcon_ws/src/install/smarc_msgs/lib/libsmarc_msgs__rosidl_typesupport_introspection_cpp.so
[6.103s] -- Up-to-date: /home/schni2zle/colcon_ws/src/install/smarc_msgs/lib/libsmarc_msgs__rosidl_typesupport_cpp.so
[6.103s] -- Up-to-date: /home/schni2zle/colcon_ws/src/install/smarc_msgs/share/smarc_msgs/environment/pythonpath.sh
[6.103s] -- Up-to-date: /home/schni2zle/colcon_ws/src/install/smarc_msgs/share/smarc_msgs/environment/pythonpath.dsv
[6.103s] -- Up-to-date: /home/schni2zle/colcon_ws/src/install/smarc_msgs/local/lib/python3.10/dist-packages/smarc_msgs-0.1.0-py3.10.egg-info
[6.103s] -- Installing: /home/schni2zle/colcon_ws/src/install/smarc_msgs/local/lib/python3.10/dist-packages/smarc_msgs-0.1.0-py3.10.egg-info/PKG-INFO
[6.103s] -- Installing: /home/schni2zle/colcon_ws/src/install/smarc_msgs/local/lib/python3.10/dist-packages/smarc_msgs-0.1.0-py3.10.egg-info/SOURCES.txt
[6.103s] -- Installing: /home/schni2zle/colcon_ws/src/install/smarc_msgs/local/lib/python3.10/dist-packages/smarc_msgs-0.1.0-py3.10.egg-info/top_level.txt
[6.104s] -- Installing: /home/schni2zle/colcon_ws/src/install/smarc_msgs/local/lib/python3.10/dist-packages/smarc_msgs-0.1.0-py3.10.egg-info/dependency_links.txt
[6.104s] -- Up-to-date: /home/schni2zle/colcon_ws/src/install/smarc_msgs/local/lib/python3.10/dist-packages/smarc_msgs
[6.104s] -- Up-to-date: /home/schni2zle/colcon_ws/src/install/smarc_msgs/local/lib/python3.10/dist-packages/smarc_msgs/msg
[6.104s] -- Up-to-date: /home/schni2zle/colcon_ws/src/install/smarc_msgs/local/lib/python3.10/dist-packages/smarc_msgs/msg/_leak.py
[6.104s] -- Up-to-date: /home/schni2zle/colcon_ws/src/install/smarc_msgs/local/lib/python3.10/dist-packages/smarc_msgs/msg/_sensor_status_s.c
[6.104s] -- Up-to-date: /home/schni2zle/colcon_ws/src/install/smarc_msgs/local/lib/python3.10/dist-packages/smarc_msgs/msg/_string_pair.py
[6.104s] -- Up-to-date: /home/schni2zle/colcon_ws/src/install/smarc_msgs/local/lib/python3.10/dist-packages/smarc_msgs/msg/_lat_lon_odometry_s.c
[6.105s] -- Up-to-date: /home/schni2zle/colcon_ws/src/install/smarc_msgs/local/lib/python3.10/dist-packages/smarc_msgs/msg/_dual_thruster_feedback_s.c
[6.105s] -- Up-to-date: /home/schni2zle/colcon_ws/src/install/smarc_msgs/local/lib/python3.10/dist-packages/smarc_msgs/msg/_comms_message.py
[6.105s] -- Up-to-date: /home/schni2zle/colcon_ws/src/install/smarc_msgs/local/lib/python3.10/dist-packages/smarc_msgs/msg/_controller_status_s.c
[6.105s] -- Up-to-date: /home/schni2zle/colcon_ws/src/install/smarc_msgs/local/lib/python3.10/dist-packages/smarc_msgs/msg/_lat_lon_stamped_s.c
[6.105s] -- Up-to-date: /home/schni2zle/colcon_ws/src/install/smarc_msgs/local/lib/python3.10/dist-packages/smarc_msgs/msg/_thruster_feedback.py
[6.105s] -- Up-to-date: /home/schni2zle/colcon_ws/src/install/smarc_msgs/local/lib/python3.10/dist-packages/smarc_msgs/msg/_dvl_beam_s.c
[6.105s] -- Up-to-date: /home/schni2zle/colcon_ws/src/install/smarc_msgs/local/lib/python3.10/dist-packages/smarc_msgs/msg/_string_array.py
[6.105s] -- Up-to-date: /home/schni2zle/colcon_ws/src/install/smarc_msgs/local/lib/python3.10/dist-packages/smarc_msgs/msg/_lat_lon_stamped.py
[6.106s] -- Up-to-date: /home/schni2zle/colcon_ws/src/install/smarc_msgs/local/lib/python3.10/dist-packages/smarc_msgs/msg/_thruster_feedback_s.c
[6.106s] -- Up-to-date: /home/schni2zle/colcon_ws/src/install/smarc_msgs/local/lib/python3.10/dist-packages/smarc_msgs/msg/_dvl_s.c
[6.106s] -- Up-to-date: /home/schni2zle/colcon_ws/src/install/smarc_msgs/local/lib/python3.10/dist-packages/smarc_msgs/msg/_float_stamped_s.c
[6.106s] -- Up-to-date: /home/schni2zle/colcon_ws/src/install/smarc_msgs/local/lib/python3.10/dist-packages/smarc_msgs/msg/_dual_thruster_feedback.py
[6.106s] -- Up-to-date: /home/schni2zle/colcon_ws/src/install/smarc_msgs/local/lib/python3.10/dist-packages/smarc_msgs/msg/_comms_message_s.c
[6.106s] -- Up-to-date: /home/schni2zle/colcon_ws/src/install/smarc_msgs/local/lib/python3.10/dist-packages/smarc_msgs/msg/_topics_s.c
[6.106s] -- Up-to-date: /home/schni2zle/colcon_ws/src/install/smarc_msgs/local/lib/python3.10/dist-packages/smarc_msgs/msg/_float_stamped.py
[6.106s] -- Up-to-date: /home/schni2zle/colcon_ws/src/install/smarc_msgs/local/lib/python3.10/dist-packages/smarc_msgs/msg/_execution_status_s.c
[6.107s] -- Up-to-date: /home/schni2zle/colcon_ws/src/install/smarc_msgs/local/lib/python3.10/dist-packages/smarc_msgs/msg/_execution_status.py
[6.107s] -- Up-to-date: /home/schni2zle/colcon_ws/src/install/smarc_msgs/local/lib/python3.10/dist-packages/smarc_msgs/msg/_sm_task.py
[6.107s] -- Up-to-date: /home/schni2zle/colcon_ws/src/install/smarc_msgs/local/lib/python3.10/dist-packages/smarc_msgs/msg/_ctd.py
[6.107s] -- Up-to-date: /home/schni2zle/colcon_ws/src/install/smarc_msgs/local/lib/python3.10/dist-packages/smarc_msgs/msg/_sm_task_s.c
[6.107s] -- Up-to-date: /home/schni2zle/colcon_ws/src/install/smarc_msgs/local/lib/python3.10/dist-packages/smarc_msgs/msg/_thruster_dc_s.c
[6.107s] -- Up-to-date: /home/schni2zle/colcon_ws/src/install/smarc_msgs/local/lib/python3.10/dist-packages/smarc_msgs/msg/_sidescan.py
[6.107s] -- Up-to-date: /home/schni2zle/colcon_ws/src/install/smarc_msgs/local/lib/python3.10/dist-packages/smarc_msgs/msg/_leak_s.c
[6.107s] -- Up-to-date: /home/schni2zle/colcon_ws/src/install/smarc_msgs/local/lib/python3.10/dist-packages/smarc_msgs/msg/_controller_status.py
[6.108s] -- Up-to-date: /home/schni2zle/colcon_ws/src/install/smarc_msgs/local/lib/python3.10/dist-packages/smarc_msgs/msg/_string_stamped.py
[6.108s] -- Up-to-date: /home/schni2zle/colcon_ws/src/install/smarc_msgs/local/lib/python3.10/dist-packages/smarc_msgs/msg/_dual_thruster_rpm.py
[6.108s] -- Up-to-date: /home/schni2zle/colcon_ws/src/install/smarc_msgs/local/lib/python3.10/dist-packages/smarc_msgs/msg/_topics.py
[6.108s] -- Up-to-date: /home/schni2zle/colcon_ws/src/install/smarc_msgs/local/lib/python3.10/dist-packages/smarc_msgs/msg/__init__.py
[6.108s] -- Up-to-date: /home/schni2zle/colcon_ws/src/install/smarc_msgs/local/lib/python3.10/dist-packages/smarc_msgs/msg/_dvl.py
[6.108s] -- Up-to-date: /home/schni2zle/colcon_ws/src/install/smarc_msgs/local/lib/python3.10/dist-packages/smarc_msgs/msg/_sensor_status.py
[6.109s] -- Up-to-date: /home/schni2zle/colcon_ws/src/install/smarc_msgs/local/lib/python3.10/dist-packages/smarc_msgs/msg/_string_array_s.c
[6.109s] -- Up-to-date: /home/schni2zle/colcon_ws/src/install/smarc_msgs/local/lib/python3.10/dist-packages/smarc_msgs/msg/_ctd_s.c
[6.109s] -- Up-to-date: /home/schni2zle/colcon_ws/src/install/smarc_msgs/local/lib/python3.10/dist-packages/smarc_msgs/msg/_thruster_rpm.py
[6.109s] -- Up-to-date: /home/schni2zle/colcon_ws/src/install/smarc_msgs/local/lib/python3.10/dist-packages/smarc_msgs/msg/_lat_lon_odometry.py
[6.109s] -- Up-to-date: /home/schni2zle/colcon_ws/src/install/smarc_msgs/local/lib/python3.10/dist-packages/smarc_msgs/msg/_dvl_beam.py
[6.109s] -- Up-to-date: /home/schni2zle/colcon_ws/src/install/smarc_msgs/local/lib/python3.10/dist-packages/smarc_msgs/msg/_string_stamped_s.c
[6.109s] -- Up-to-date: /home/schni2zle/colcon_ws/src/install/smarc_msgs/local/lib/python3.10/dist-packages/smarc_msgs/msg/_sidescan_s.c
[6.110s] -- Up-to-date: /home/schni2zle/colcon_ws/src/install/smarc_msgs/local/lib/python3.10/dist-packages/smarc_msgs/msg/_thruster_dc.py
[6.110s] -- Up-to-date: /home/schni2zle/colcon_ws/src/install/smarc_msgs/local/lib/python3.10/dist-packages/smarc_msgs/msg/_dual_thruster_rpm_s.c
[6.110s] -- Up-to-date: /home/schni2zle/colcon_ws/src/install/smarc_msgs/local/lib/python3.10/dist-packages/smarc_msgs/msg/_string_pair_s.c
[6.110s] -- Up-to-date: /home/schni2zle/colcon_ws/src/install/smarc_msgs/local/lib/python3.10/dist-packages/smarc_msgs/msg/_thruster_rpm_s.c
[6.110s] -- Up-to-date: /home/schni2zle/colcon_ws/src/install/smarc_msgs/local/lib/python3.10/dist-packages/smarc_msgs/_smarc_msgs_s.ep.rosidl_typesupport_c.c
[6.110s] -- Up-to-date: /home/schni2zle/colcon_ws/src/install/smarc_msgs/local/lib/python3.10/dist-packages/smarc_msgs/srv
[6.110s] -- Up-to-date: /home/schni2zle/colcon_ws/src/install/smarc_msgs/local/lib/python3.10/dist-packages/smarc_msgs/srv/_add_tasks.py
[6.111s] -- Up-to-date: /home/schni2zle/colcon_ws/src/install/smarc_msgs/local/lib/python3.10/dist-packages/smarc_msgs/srv/_lat_lon_to_utm_odometry.py
[6.111s] -- Up-to-date: /home/schni2zle/colcon_ws/src/install/smarc_msgs/local/lib/python3.10/dist-packages/smarc_msgs/srv/_add_task.py
[6.111s] -- Up-to-date: /home/schni2zle/colcon_ws/src/install/smarc_msgs/local/lib/python3.10/dist-packages/smarc_msgs/srv/_cell_occupied_s.c
[6.111s] -- Up-to-date: /home/schni2zle/colcon_ws/src/install/smarc_msgs/local/lib/python3.10/dist-packages/smarc_msgs/srv/_nedenu_rotation_s.c
[6.111s] -- Up-to-date: /home/schni2zle/colcon_ws/src/install/smarc_msgs/local/lib/python3.10/dist-packages/smarc_msgs/srv/_lat_lon_to_utm_odometry_s.c
[6.111s] -- Up-to-date: /home/schni2zle/colcon_ws/src/install/smarc_msgs/local/lib/python3.10/dist-packages/smarc_msgs/srv/_add_tasks_s.c
[6.111s] -- Up-to-date: /home/schni2zle/colcon_ws/src/install/smarc_msgs/local/lib/python3.10/dist-packages/smarc_msgs/srv/__init__.py
[6.112s] -- Up-to-date: /home/schni2zle/colcon_ws/src/install/smarc_msgs/local/lib/python3.10/dist-packages/smarc_msgs/srv/_nedenu_rotation.py
[6.112s] -- Up-to-date: /home/schni2zle/colcon_ws/src/install/smarc_msgs/local/lib/python3.10/dist-packages/smarc_msgs/srv/_add_task_s.c
[6.112s] -- Up-to-date: /home/schni2zle/colcon_ws/src/install/smarc_msgs/local/lib/python3.10/dist-packages/smarc_msgs/srv/_cell_occupied.py
[6.112s] -- Up-to-date: /home/schni2zle/colcon_ws/src/install/smarc_msgs/local/lib/python3.10/dist-packages/smarc_msgs/smarc_msgs_s__rosidl_typesupport_c.cpython-310-x86_64-linux-gnu.so
[6.112s] -- Up-to-date: /home/schni2zle/colcon_ws/src/install/smarc_msgs/local/lib/python3.10/dist-packages/smarc_msgs/smarc_msgs_s__rosidl_typesupport_introspection_c.cpython-310-x86_64-linux-gnu.so
[6.112s] -- Up-to-date: /home/schni2zle/colcon_ws/src/install/smarc_msgs/local/lib/python3.10/dist-packages/smarc_msgs/__init__.py
[6.112s] -- Up-to-date: /home/schni2zle/colcon_ws/src/install/smarc_msgs/local/lib/python3.10/dist-packages/smarc_msgs/smarc_msgs_s__rosidl_typesupport_fastrtps_c.cpython-310-x86_64-linux-gnu.so
[6.113s] -- Up-to-date: /home/schni2zle/colcon_ws/src/install/smarc_msgs/local/lib/python3.10/dist-packages/smarc_msgs/libsmarc_msgs__rosidl_generator_py.so
[6.113s] -- Up-to-date: /home/schni2zle/colcon_ws/src/install/smarc_msgs/local/lib/python3.10/dist-packages/smarc_msgs/_smarc_msgs_s.ep.rosidl_typesupport_fastrtps_c.c
[6.113s] -- Up-to-date: /home/schni2zle/colcon_ws/src/install/smarc_msgs/local/lib/python3.10/dist-packages/smarc_msgs/_smarc_msgs_s.ep.rosidl_typesupport_introspection_c.c
[6.217s] Listing '/home/schni2zle/colcon_ws/src/install/smarc_msgs/local/lib/python3.10/dist-packages/smarc_msgs'...
[6.217s] Listing '/home/schni2zle/colcon_ws/src/install/smarc_msgs/local/lib/python3.10/dist-packages/smarc_msgs/msg'...
[6.217s] Listing '/home/schni2zle/colcon_ws/src/install/smarc_msgs/local/lib/python3.10/dist-packages/smarc_msgs/srv'...
[6.232s] -- Up-to-date: /home/schni2zle/colcon_ws/src/install/smarc_msgs/local/lib/python3.10/dist-packages/smarc_msgs/smarc_msgs_s__rosidl_typesupport_fastrtps_c.cpython-310-x86_64-linux-gnu.so
[6.233s] -- Up-to-date: /home/schni2zle/colcon_ws/src/install/smarc_msgs/local/lib/python3.10/dist-packages/smarc_msgs/smarc_msgs_s__rosidl_typesupport_introspection_c.cpython-310-x86_64-linux-gnu.so
[6.233s] -- Up-to-date: /home/schni2zle/colcon_ws/src/install/smarc_msgs/local/lib/python3.10/dist-packages/smarc_msgs/smarc_msgs_s__rosidl_typesupport_c.cpython-310-x86_64-linux-gnu.so
[6.237s] -- Up-to-date: /home/schni2zle/colcon_ws/src/install/smarc_msgs/lib/libsmarc_msgs__rosidl_generator_py.so
[6.242s] -- Up-to-date: /home/schni2zle/colcon_ws/src/install/smarc_msgs/share/smarc_msgs/srv/CellOccupied.idl
[6.245s] -- Up-to-date: /home/schni2zle/colcon_ws/src/install/smarc_msgs/share/smarc_msgs/srv/AddTask.idl
[6.245s] -- Up-to-date: /home/schni2zle/colcon_ws/src/install/smarc_msgs/share/smarc_msgs/srv/AddTasks.idl
[6.245s] -- Up-to-date: /home/schni2zle/colcon_ws/src/install/smarc_msgs/share/smarc_msgs/srv/NEDENURotation.idl
[6.249s] -- Up-to-date: /home/schni2zle/colcon_ws/src/install/smarc_msgs/share/smarc_msgs/srv/LatLonToUTMOdometry.idl
[6.249s] -- Up-to-date: /home/schni2zle/colcon_ws/src/install/smarc_msgs/share/smarc_msgs/msg/CommsMessage.idl
[6.249s] -- Up-to-date: /home/schni2zle/colcon_ws/src/install/smarc_msgs/share/smarc_msgs/msg/ControllerStatus.idl
[6.252s] -- Up-to-date: /home/schni2zle/colcon_ws/src/install/smarc_msgs/share/smarc_msgs/msg/CTD.idl
[6.252s] -- Up-to-date: /home/schni2zle/colcon_ws/src/install/smarc_msgs/share/smarc_msgs/msg/DualThrusterFeedback.idl
[6.252s] -- Up-to-date: /home/schni2zle/colcon_ws/src/install/smarc_msgs/share/smarc_msgs/msg/DualThrusterRPM.idl
[6.253s] -- Up-to-date: /home/schni2zle/colcon_ws/src/install/smarc_msgs/share/smarc_msgs/msg/DVLBeam.idl
[6.253s] -- Up-to-date: /home/schni2zle/colcon_ws/src/install/smarc_msgs/share/smarc_msgs/msg/DVL.idl
[6.253s] -- Up-to-date: /home/schni2zle/colcon_ws/src/install/smarc_msgs/share/smarc_msgs/msg/ExecutionStatus.idl
[6.253s] -- Up-to-date: /home/schni2zle/colcon_ws/src/install/smarc_msgs/share/smarc_msgs/msg/FloatStamped.idl
[6.254s] -- Up-to-date: /home/schni2zle/colcon_ws/src/install/smarc_msgs/share/smarc_msgs/msg/LatLonOdometry.idl
[6.255s] -- Up-to-date: /home/schni2zle/colcon_ws/src/install/smarc_msgs/share/smarc_msgs/msg/LatLonStamped.idl
[6.256s] -- Up-to-date: /home/schni2zle/colcon_ws/src/install/smarc_msgs/share/smarc_msgs/msg/Leak.idl
[6.256s] -- Up-to-date: /home/schni2zle/colcon_ws/src/install/smarc_msgs/share/smarc_msgs/msg/SensorStatus.idl
[6.256s] -- Up-to-date: /home/schni2zle/colcon_ws/src/install/smarc_msgs/share/smarc_msgs/msg/Sidescan.idl
[6.256s] -- Up-to-date: /home/schni2zle/colcon_ws/src/install/smarc_msgs/share/smarc_msgs/msg/SMTask.idl
[6.256s] -- Up-to-date: /home/schni2zle/colcon_ws/src/install/smarc_msgs/share/smarc_msgs/msg/StringArray.idl
[6.257s] -- Up-to-date: /home/schni2zle/colcon_ws/src/install/smarc_msgs/share/smarc_msgs/msg/StringPair.idl
[6.257s] -- Up-to-date: /home/schni2zle/colcon_ws/src/install/smarc_msgs/share/smarc_msgs/msg/ThrusterDC.idl
[6.257s] -- Up-to-date: /home/schni2zle/colcon_ws/src/install/smarc_msgs/share/smarc_msgs/msg/ThrusterFeedback.idl
[6.331s] -- Up-to-date: /home/schni2zle/colcon_ws/src/install/smarc_msgs/share/smarc_msgs/msg/ThrusterRPM.idl
[6.332s] -- Up-to-date: /home/schni2zle/colcon_ws/src/install/smarc_msgs/share/smarc_msgs/msg/Topics.idl
[6.349s] -- Up-to-date: /home/schni2zle/colcon_ws/src/install/smarc_msgs/share/smarc_msgs/msg/StringStamped.idl
[6.350s] -- Up-to-date: /home/schni2zle/colcon_ws/src/install/smarc_msgs/share/smarc_msgs/srv/CellOccupied.srv
[6.350s] -- Up-to-date: /home/schni2zle/colcon_ws/src/install/smarc_msgs/share/smarc_msgs/srv/CellOccupied_Request.msg
[6.350s] -- Up-to-date: /home/schni2zle/colcon_ws/src/install/smarc_msgs/share/smarc_msgs/srv/CellOccupied_Response.msg
[6.350s] -- Up-to-date: /home/schni2zle/colcon_ws/src/install/smarc_msgs/share/smarc_msgs/srv/AddTask.srv
[6.350s] -- Up-to-date: /home/schni2zle/colcon_ws/src/install/smarc_msgs/share/smarc_msgs/srv/AddTask_Request.msg
[6.351s] -- Up-to-date: /home/schni2zle/colcon_ws/src/install/smarc_msgs/share/smarc_msgs/srv/AddTask_Response.msg
[6.352s] -- Up-to-date: /home/schni2zle/colcon_ws/src/install/smarc_msgs/share/smarc_msgs/srv/AddTasks.srv
[6.352s] -- Up-to-date: /home/schni2zle/colcon_ws/src/install/smarc_msgs/share/smarc_msgs/srv/AddTasks_Request.msg
[6.352s] -- Up-to-date: /home/schni2zle/colcon_ws/src/install/smarc_msgs/share/smarc_msgs/srv/AddTasks_Response.msg
[6.352s] -- Up-to-date: /home/schni2zle/colcon_ws/src/install/smarc_msgs/share/smarc_msgs/srv/NEDENURotation.srv
[6.353s] -- Up-to-date: /home/schni2zle/colcon_ws/src/install/smarc_msgs/share/smarc_msgs/srv/NEDENURotation_Request.msg
[6.353s] -- Up-to-date: /home/schni2zle/colcon_ws/src/install/smarc_msgs/share/smarc_msgs/srv/NEDENURotation_Response.msg
[6.353s] -- Up-to-date: /home/schni2zle/colcon_ws/src/install/smarc_msgs/share/smarc_msgs/srv/LatLonToUTMOdometry.srv
[6.353s] -- Up-to-date: /home/schni2zle/colcon_ws/src/install/smarc_msgs/share/smarc_msgs/srv/LatLonToUTMOdometry_Request.msg
[6.353s] -- Up-to-date: /home/schni2zle/colcon_ws/src/install/smarc_msgs/share/smarc_msgs/srv/LatLonToUTMOdometry_Response.msg
[6.354s] -- Up-to-date: /home/schni2zle/colcon_ws/src/install/smarc_msgs/share/smarc_msgs/msg/CommsMessage.msg
[6.354s] -- Up-to-date: /home/schni2zle/colcon_ws/src/install/smarc_msgs/share/smarc_msgs/msg/ControllerStatus.msg
[6.354s] -- Up-to-date: /home/schni2zle/colcon_ws/src/install/smarc_msgs/share/smarc_msgs/msg/CTD.msg
[6.354s] -- Up-to-date: /home/schni2zle/colcon_ws/src/install/smarc_msgs/share/smarc_msgs/msg/DualThrusterFeedback.msg
[6.354s] -- Up-to-date: /home/schni2zle/colcon_ws/src/install/smarc_msgs/share/smarc_msgs/msg/DualThrusterRPM.msg
[6.362s] -- Up-to-date: /home/schni2zle/colcon_ws/src/install/smarc_msgs/share/smarc_msgs/msg/DVLBeam.msg
[6.364s] -- Up-to-date: /home/schni2zle/colcon_ws/src/install/smarc_msgs/share/smarc_msgs/msg/DVL.msg
[6.367s] -- Up-to-date: /home/schni2zle/colcon_ws/src/install/smarc_msgs/share/smarc_msgs/msg/ExecutionStatus.msg
[6.368s] -- Up-to-date: /home/schni2zle/colcon_ws/src/install/smarc_msgs/share/smarc_msgs/msg/FloatStamped.msg
[6.368s] -- Up-to-date: /home/schni2zle/colcon_ws/src/install/smarc_msgs/share/smarc_msgs/msg/LatLonOdometry.msg
[6.368s] -- Up-to-date: /home/schni2zle/colcon_ws/src/install/smarc_msgs/share/smarc_msgs/msg/LatLonStamped.msg
[6.369s] -- Up-to-date: /home/schni2zle/colcon_ws/src/install/smarc_msgs/share/smarc_msgs/msg/Leak.msg
[6.369s] -- Up-to-date: /home/schni2zle/colcon_ws/src/install/smarc_msgs/share/smarc_msgs/msg/SensorStatus.msg
[6.371s] -- Up-to-date: /home/schni2zle/colcon_ws/src/install/smarc_msgs/share/smarc_msgs/msg/Sidescan.msg
[6.375s] -- Up-to-date: /home/schni2zle/colcon_ws/src/install/smarc_msgs/share/smarc_msgs/msg/SMTask.msg
[6.378s] -- Up-to-date: /home/schni2zle/colcon_ws/src/install/smarc_msgs/share/smarc_msgs/msg/StringArray.msg
[6.382s] -- Up-to-date: /home/schni2zle/colcon_ws/src/install/smarc_msgs/share/smarc_msgs/msg/StringPair.msg
[6.385s] -- Up-to-date: /home/schni2zle/colcon_ws/src/install/smarc_msgs/share/smarc_msgs/msg/ThrusterDC.msg
[6.394s] -- Up-to-date: /home/schni2zle/colcon_ws/src/install/smarc_msgs/share/smarc_msgs/msg/ThrusterFeedback.msg
[6.395s] -- Up-to-date: /home/schni2zle/colcon_ws/src/install/smarc_msgs/share/smarc_msgs/msg/ThrusterRPM.msg
[6.395s] -- Up-to-date: /home/schni2zle/colcon_ws/src/install/smarc_msgs/share/smarc_msgs/msg/Topics.msg
[6.396s] -- Up-to-date: /home/schni2zle/colcon_ws/src/install/smarc_msgs/share/smarc_msgs/msg/StringStamped.msg
[6.396s] -- Up-to-date: /home/schni2zle/colcon_ws/src/install/smarc_msgs/share/ament_index/resource_index/package_run_dependencies/smarc_msgs
[6.396s] -- Up-to-date: /home/schni2zle/colcon_ws/src/install/smarc_msgs/share/ament_index/resource_index/parent_prefix_path/smarc_msgs
[6.396s] -- Up-to-date: /home/schni2zle/colcon_ws/src/install/smarc_msgs/share/smarc_msgs/environment/ament_prefix_path.sh
[6.397s] -- Up-to-date: /home/schni2zle/colcon_ws/src/install/smarc_msgs/share/smarc_msgs/environment/ament_prefix_path.dsv
[6.397s] -- Up-to-date: /home/schni2zle/colcon_ws/src/install/smarc_msgs/share/smarc_msgs/environment/path.sh
[6.400s] -- Up-to-date: /home/schni2zle/colcon_ws/src/install/smarc_msgs/share/smarc_msgs/environment/path.dsv
[6.401s] -- Up-to-date: /home/schni2zle/colcon_ws/src/install/smarc_msgs/share/smarc_msgs/local_setup.bash
[6.404s] -- Up-to-date: /home/schni2zle/colcon_ws/src/install/smarc_msgs/share/smarc_msgs/local_setup.sh
[6.405s] -- Up-to-date: /home/schni2zle/colcon_ws/src/install/smarc_msgs/share/smarc_msgs/local_setup.zsh
[6.408s] -- Up-to-date: /home/schni2zle/colcon_ws/src/install/smarc_msgs/share/smarc_msgs/local_setup.dsv
[6.409s] -- Installing: /home/schni2zle/colcon_ws/src/install/smarc_msgs/share/smarc_msgs/package.dsv
[6.409s] -- Up-to-date: /home/schni2zle/colcon_ws/src/install/smarc_msgs/share/ament_index/resource_index/packages/smarc_msgs
[6.411s] -- Up-to-date: /home/schni2zle/colcon_ws/src/install/smarc_msgs/share/smarc_msgs/cmake/export_smarc_msgs__rosidl_generator_cExport.cmake
[6.412s] -- Up-to-date: /home/schni2zle/colcon_ws/src/install/smarc_msgs/share/smarc_msgs/cmake/export_smarc_msgs__rosidl_generator_cExport-noconfig.cmake
[6.412s] -- Up-to-date: /home/schni2zle/colcon_ws/src/install/smarc_msgs/share/smarc_msgs/cmake/export_smarc_msgs__rosidl_typesupport_fastrtps_cExport.cmake
[6.413s] -- Up-to-date: /home/schni2zle/colcon_ws/src/install/smarc_msgs/share/smarc_msgs/cmake/export_smarc_msgs__rosidl_typesupport_fastrtps_cExport-noconfig.cmake
[6.413s] -- Up-to-date: /home/schni2zle/colcon_ws/src/install/smarc_msgs/share/smarc_msgs/cmake/smarc_msgs__rosidl_typesupport_introspection_cExport.cmake
[6.413s] -- Up-to-date: /home/schni2zle/colcon_ws/src/install/smarc_msgs/share/smarc_msgs/cmake/smarc_msgs__rosidl_typesupport_introspection_cExport-noconfig.cmake
[6.413s] -- Up-to-date: /home/schni2zle/colcon_ws/src/install/smarc_msgs/share/smarc_msgs/cmake/smarc_msgs__rosidl_typesupport_cExport.cmake
[6.414s] -- Up-to-date: /home/schni2zle/colcon_ws/src/install/smarc_msgs/share/smarc_msgs/cmake/smarc_msgs__rosidl_typesupport_cExport-noconfig.cmake
[6.414s] -- Up-to-date: /home/schni2zle/colcon_ws/src/install/smarc_msgs/share/smarc_msgs/cmake/export_smarc_msgs__rosidl_generator_cppExport.cmake
[6.414s] -- Up-to-date: /home/schni2zle/colcon_ws/src/install/smarc_msgs/share/smarc_msgs/cmake/export_smarc_msgs__rosidl_typesupport_fastrtps_cppExport.cmake
[6.414s] -- Up-to-date: /home/schni2zle/colcon_ws/src/install/smarc_msgs/share/smarc_msgs/cmake/export_smarc_msgs__rosidl_typesupport_fastrtps_cppExport-noconfig.cmake
[6.414s] -- Up-to-date: /home/schni2zle/colcon_ws/src/install/smarc_msgs/share/smarc_msgs/cmake/smarc_msgs__rosidl_typesupport_introspection_cppExport.cmake
[6.425s] -- Up-to-date: /home/schni2zle/colcon_ws/src/install/smarc_msgs/share/smarc_msgs/cmake/smarc_msgs__rosidl_typesupport_introspection_cppExport-noconfig.cmake
[6.425s] -- Up-to-date: /home/schni2zle/colcon_ws/src/install/smarc_msgs/share/smarc_msgs/cmake/smarc_msgs__rosidl_typesupport_cppExport.cmake
[6.426s] -- Up-to-date: /home/schni2zle/colcon_ws/src/install/smarc_msgs/share/smarc_msgs/cmake/smarc_msgs__rosidl_typesupport_cppExport-noconfig.cmake
[6.426s] -- Up-to-date: /home/schni2zle/colcon_ws/src/install/smarc_msgs/share/smarc_msgs/cmake/export_smarc_msgs__rosidl_generator_pyExport.cmake
[6.426s] -- Up-to-date: /home/schni2zle/colcon_ws/src/install/smarc_msgs/share/smarc_msgs/cmake/export_smarc_msgs__rosidl_generator_pyExport-noconfig.cmake
[6.426s] -- Up-to-date: /home/schni2zle/colcon_ws/src/install/smarc_msgs/share/smarc_msgs/cmake/rosidl_cmake-extras.cmake
[6.426s] -- Up-to-date: /home/schni2zle/colcon_ws/src/install/smarc_msgs/share/smarc_msgs/cmake/ament_cmake_export_dependencies-extras.cmake
[6.426s] -- Up-to-date: /home/schni2zle/colcon_ws/src/install/smarc_msgs/share/smarc_msgs/cmake/ament_cmake_export_include_directories-extras.cmake
[6.427s] -- Up-to-date: /home/schni2zle/colcon_ws/src/install/smarc_msgs/share/smarc_msgs/cmake/ament_cmake_export_libraries-extras.cmake
[6.427s] -- Up-to-date: /home/schni2zle/colcon_ws/src/install/smarc_msgs/share/smarc_msgs/cmake/ament_cmake_export_targets-extras.cmake
[6.427s] -- Up-to-date: /home/schni2zle/colcon_ws/src/install/smarc_msgs/share/smarc_msgs/cmake/rosidl_cmake_export_typesupport_targets-extras.cmake
[6.427s] -- Up-to-date: /home/schni2zle/colcon_ws/src/install/smarc_msgs/share/smarc_msgs/cmake/rosidl_cmake_export_typesupport_libraries-extras.cmake
[6.428s] -- Up-to-date: /home/schni2zle/colcon_ws/src/install/smarc_msgs/share/smarc_msgs/cmake/smarc_msgsConfig.cmake
[6.432s] -- Up-to-date: /home/schni2zle/colcon_ws/src/install/smarc_msgs/share/smarc_msgs/cmake/smarc_msgsConfig-version.cmake
[6.432s] -- Up-to-date: /home/schni2zle/colcon_ws/src/install/smarc_msgs/share/smarc_msgs/package.xml
[6.471s] Invoked command in '/home/schni2zle/colcon_ws/src/build/smarc_msgs' returned '0': CMAKE_PREFIX_PATH=${CMAKE_PREFIX_PATH}:/home/schni2zle/colcon_ws/src/install/workshopfun:/home/schni2zle/colcon_ws/src/install/utm_latlon_converter:/home/schni2zle/colcon_ws/src/install/test_package:/home/schni2zle/colcon_ws/src/install/state_estimation:/home/schni2zle/colcon_ws/src/install/smarc_nodered:/home/schni2zle/colcon_ws/src/install/smarc_bt:/home/schni2zle/colcon_ws/src/install/smarc_bringups:/home/schni2zle/colcon_ws/src/install/sam_dead_reckoning:/home/schni2zle/colcon_ws/src/install/ros_tcp_endpoint:/home/schni2zle/colcon_ws/src/install/ros2_python_examples:/home/schni2zle/colcon_ws/src/install/quadrotor_basic_controller:/home/schni2zle/colcon_ws/src/install/mqtt_bridge:/home/schni2zle/colcon_ws/src/install/dubins_planner:/home/schni2zle/colcon_ws/src/install/dive_control:/home/schni2zle/colcon_ws/src/install/basic_go_to_waypoint:/home/schni2zle/colcon_ws/src/install/basic_depth_pitch_control:/home/schni2zle/colcon_ws/install/workshopfun:/home/schni2zle/colcon_ws/install/utm_latlon_converter:/home/schni2zle/colcon_ws/install/smarc_nodered:/home/schni2zle/colcon_ws/install/smarc_bt:/home/schni2zle/colcon_ws/install/smarc_bringups:/home/schni2zle/colcon_ws/install/sam_dead_reckoning:/home/schni2zle/colcon_ws/install/ros_tcp_endpoint:/home/schni2zle/colcon_ws/install/ros2_python_examples:/home/schni2zle/colcon_ws/install/mqtt_bridge:/home/schni2zle/colcon_ws/install/dubins_planner:/home/schni2zle/colcon_ws/install/basic_go_to_waypoint:/opt/ros/humble /usr/bin/cmake --install /home/schni2zle/colcon_ws/src/build/smarc_msgs
