[0.107s] DEBUG:colcon:Command line arguments: ['/usr/bin/colcon', 'build', '--packages-select', 'quadrotor_basic_controller']
[0.107s] DEBUG:colcon:Parsed command line arguments: Namespace(log_base=None, log_level=None, verb_name='build', build_base='build', install_base='install', merge_install=False, symlink_install=False, test_result_base=None, continue_on_error=False, executor='parallel', parallel_workers=8, event_handlers=None, ignore_user_meta=False, metas=['./colcon.meta'], base_paths=['.'], packages_ignore=None, packages_ignore_regex=None, paths=None, packages_up_to=None, packages_up_to_regex=None, packages_above=None, packages_above_and_dependencies=None, packages_above_depth=None, packages_select_by_dep=None, packages_skip_by_dep=None, packages_skip_up_to=None, packages_select_build_failed=False, packages_skip_build_finished=False, packages_select_test_failures=False, packages_skip_test_passed=False, packages_select=['quadrotor_basic_controller'], packages_skip=None, packages_select_regex=None, packages_skip_regex=None, packages_start=None, packages_end=None, allow_overriding=[], cmake_args=None, cmake_target=None, cmake_target_skip_unavailable=False, cmake_clean_cache=False, cmake_clean_first=False, cmake_force_configure=False, ament_cmake_args=None, catkin_cmake_args=None, catkin_skip_building_tests=False, verb_parser=<colcon_defaults.argument_parser.defaults.DefaultArgumentsDecorator object at 0x76667dc2c040>, verb_extension=<colcon_core.verb.build.BuildVerb object at 0x76667dbef940>, main=<bound method BuildVerb.main of <colcon_core.verb.build.BuildVerb object at 0x76667dbef940>>)
[0.274s] Level 1:colcon.colcon_core.package_discovery:discover_packages(colcon_meta) check parameters
[0.274s] Level 1:colcon.colcon_core.package_discovery:discover_packages(recursive) check parameters
[0.274s] Level 1:colcon.colcon_core.package_discovery:discover_packages(ignore) check parameters
[0.274s] Level 1:colcon.colcon_core.package_discovery:discover_packages(path) check parameters
[0.274s] Level 1:colcon.colcon_core.package_discovery:discover_packages(colcon_meta) discover
[0.274s] Level 1:colcon.colcon_core.package_discovery:discover_packages(recursive) discover
[0.274s] INFO:colcon.colcon_core.package_discovery:Crawling recursively for packages in '/home/jonat/ros2_ws/src/smarc2'
[0.274s] Level 1:colcon.colcon_core.package_identification:_identify(.) by extensions ['ignore', 'ignore_ament_install']
[0.275s] Level 1:colcon.colcon_core.package_identification:_identify(.) by extension 'ignore'
[0.275s] Level 1:colcon.colcon_core.package_identification:_identify(.) by extension 'ignore_ament_install'
[0.275s] Level 1:colcon.colcon_core.package_identification:_identify(.) by extensions ['colcon_pkg']
[0.275s] Level 1:colcon.colcon_core.package_identification:_identify(.) by extension 'colcon_pkg'
[0.275s] Level 1:colcon.colcon_core.package_identification:_identify(.) by extensions ['colcon_meta']
[0.275s] Level 1:colcon.colcon_core.package_identification:_identify(.) by extension 'colcon_meta'
[0.275s] Level 1:colcon.colcon_core.package_identification:_identify(.) by extensions ['ros']
[0.275s] Level 1:colcon.colcon_core.package_identification:_identify(.) by extension 'ros'
[0.285s] Level 1:colcon.colcon_core.package_identification:_identify(.) by extensions ['cmake', 'python']
[0.285s] Level 1:colcon.colcon_core.package_identification:_identify(.) by extension 'cmake'
[0.285s] Level 1:colcon.colcon_core.package_identification:_identify(.) by extension 'python'
[0.285s] Level 1:colcon.colcon_core.package_identification:_identify(.) by extensions ['python_setup_py']
[0.285s] Level 1:colcon.colcon_core.package_identification:_identify(.) by extension 'python_setup_py'
[0.286s] Level 1:colcon.colcon_core.package_identification:_identify(behaviours) by extensions ['ignore', 'ignore_ament_install']
[0.286s] Level 1:colcon.colcon_core.package_identification:_identify(behaviours) by extension 'ignore'
[0.286s] Level 1:colcon.colcon_core.package_identification:_identify(behaviours) by extension 'ignore_ament_install'
[0.286s] Level 1:colcon.colcon_core.package_identification:_identify(behaviours) by extensions ['colcon_pkg']
[0.286s] Level 1:colcon.colcon_core.package_identification:_identify(behaviours) by extension 'colcon_pkg'
[0.286s] Level 1:colcon.colcon_core.package_identification:_identify(behaviours) by extensions ['colcon_meta']
[0.286s] Level 1:colcon.colcon_core.package_identification:_identify(behaviours) by extension 'colcon_meta'
[0.286s] Level 1:colcon.colcon_core.package_identification:_identify(behaviours) by extensions ['ros']
[0.286s] Level 1:colcon.colcon_core.package_identification:_identify(behaviours) by extension 'ros'
[0.286s] Level 1:colcon.colcon_core.package_identification:_identify(behaviours) by extensions ['cmake', 'python']
[0.286s] Level 1:colcon.colcon_core.package_identification:_identify(behaviours) by extension 'cmake'
[0.286s] Level 1:colcon.colcon_core.package_identification:_identify(behaviours) by extension 'python'
[0.286s] Level 1:colcon.colcon_core.package_identification:_identify(behaviours) by extensions ['python_setup_py']
[0.286s] Level 1:colcon.colcon_core.package_identification:_identify(behaviours) by extension 'python_setup_py'
[0.286s] Level 1:colcon.colcon_core.package_identification:_identify(behaviours/basic_go_to_waypoint) by extensions ['ignore', 'ignore_ament_install']
[0.286s] Level 1:colcon.colcon_core.package_identification:_identify(behaviours/basic_go_to_waypoint) by extension 'ignore'
[0.286s] Level 1:colcon.colcon_core.package_identification:_identify(behaviours/basic_go_to_waypoint) by extension 'ignore_ament_install'
[0.286s] Level 1:colcon.colcon_core.package_identification:_identify(behaviours/basic_go_to_waypoint) by extensions ['colcon_pkg']
[0.286s] Level 1:colcon.colcon_core.package_identification:_identify(behaviours/basic_go_to_waypoint) by extension 'colcon_pkg'
[0.286s] Level 1:colcon.colcon_core.package_identification:_identify(behaviours/basic_go_to_waypoint) by extensions ['colcon_meta']
[0.286s] Level 1:colcon.colcon_core.package_identification:_identify(behaviours/basic_go_to_waypoint) by extension 'colcon_meta'
[0.287s] Level 1:colcon.colcon_core.package_identification:_identify(behaviours/basic_go_to_waypoint) by extensions ['ros']
[0.287s] Level 1:colcon.colcon_core.package_identification:_identify(behaviours/basic_go_to_waypoint) by extension 'ros'
[0.289s] DEBUG:colcon.colcon_core.package_identification:Package 'behaviours/basic_go_to_waypoint' with type 'ros.ament_python' and name 'basic_go_to_waypoint'
[0.289s] Level 1:colcon.colcon_core.package_identification:_identify(behaviours/smarc_bt) by extensions ['ignore', 'ignore_ament_install']
[0.289s] Level 1:colcon.colcon_core.package_identification:_identify(behaviours/smarc_bt) by extension 'ignore'
[0.289s] Level 1:colcon.colcon_core.package_identification:_identify(behaviours/smarc_bt) by extension 'ignore_ament_install'
[0.289s] Level 1:colcon.colcon_core.package_identification:_identify(behaviours/smarc_bt) by extensions ['colcon_pkg']
[0.289s] Level 1:colcon.colcon_core.package_identification:_identify(behaviours/smarc_bt) by extension 'colcon_pkg'
[0.289s] Level 1:colcon.colcon_core.package_identification:_identify(behaviours/smarc_bt) by extensions ['colcon_meta']
[0.289s] Level 1:colcon.colcon_core.package_identification:_identify(behaviours/smarc_bt) by extension 'colcon_meta'
[0.289s] Level 1:colcon.colcon_core.package_identification:_identify(behaviours/smarc_bt) by extensions ['ros']
[0.289s] Level 1:colcon.colcon_core.package_identification:_identify(behaviours/smarc_bt) by extension 'ros'
[0.290s] DEBUG:colcon.colcon_core.package_identification:Package 'behaviours/smarc_bt' with type 'ros.ament_python' and name 'smarc_bt'
[0.290s] Level 1:colcon.colcon_core.package_identification:_identify(build) by extensions ['ignore', 'ignore_ament_install']
[0.290s] Level 1:colcon.colcon_core.package_identification:_identify(build) by extension 'ignore'
[0.290s] Level 1:colcon.colcon_core.package_identification:_identify(build) ignored
[0.290s] Level 1:colcon.colcon_core.package_identification:_identify(docker) by extensions ['ignore', 'ignore_ament_install']
[0.290s] Level 1:colcon.colcon_core.package_identification:_identify(docker) by extension 'ignore'
[0.290s] Level 1:colcon.colcon_core.package_identification:_identify(docker) by extension 'ignore_ament_install'
[0.290s] Level 1:colcon.colcon_core.package_identification:_identify(docker) by extensions ['colcon_pkg']
[0.290s] Level 1:colcon.colcon_core.package_identification:_identify(docker) by extension 'colcon_pkg'
[0.290s] Level 1:colcon.colcon_core.package_identification:_identify(docker) by extensions ['colcon_meta']
[0.290s] Level 1:colcon.colcon_core.package_identification:_identify(docker) by extension 'colcon_meta'
[0.290s] Level 1:colcon.colcon_core.package_identification:_identify(docker) by extensions ['ros']
[0.290s] Level 1:colcon.colcon_core.package_identification:_identify(docker) by extension 'ros'
[0.291s] Level 1:colcon.colcon_core.package_identification:_identify(docker) by extensions ['cmake', 'python']
[0.291s] Level 1:colcon.colcon_core.package_identification:_identify(docker) by extension 'cmake'
[0.291s] Level 1:colcon.colcon_core.package_identification:_identify(docker) by extension 'python'
[0.291s] Level 1:colcon.colcon_core.package_identification:_identify(docker) by extensions ['python_setup_py']
[0.291s] Level 1:colcon.colcon_core.package_identification:_identify(docker) by extension 'python_setup_py'
[0.291s] Level 1:colcon.colcon_core.package_identification:_identify(documentation) by extensions ['ignore', 'ignore_ament_install']
[0.291s] Level 1:colcon.colcon_core.package_identification:_identify(documentation) by extension 'ignore'
[0.291s] Level 1:colcon.colcon_core.package_identification:_identify(documentation) by extension 'ignore_ament_install'
[0.291s] Level 1:colcon.colcon_core.package_identification:_identify(documentation) by extensions ['colcon_pkg']
[0.291s] Level 1:colcon.colcon_core.package_identification:_identify(documentation) by extension 'colcon_pkg'
[0.291s] Level 1:colcon.colcon_core.package_identification:_identify(documentation) by extensions ['colcon_meta']
[0.291s] Level 1:colcon.colcon_core.package_identification:_identify(documentation) by extension 'colcon_meta'
[0.291s] Level 1:colcon.colcon_core.package_identification:_identify(documentation) by extensions ['ros']
[0.291s] Level 1:colcon.colcon_core.package_identification:_identify(documentation) by extension 'ros'
[0.291s] Level 1:colcon.colcon_core.package_identification:_identify(documentation) by extensions ['cmake', 'python']
[0.291s] Level 1:colcon.colcon_core.package_identification:_identify(documentation) by extension 'cmake'
[0.291s] Level 1:colcon.colcon_core.package_identification:_identify(documentation) by extension 'python'
[0.291s] Level 1:colcon.colcon_core.package_identification:_identify(documentation) by extensions ['python_setup_py']
[0.291s] Level 1:colcon.colcon_core.package_identification:_identify(documentation) by extension 'python_setup_py'
[0.291s] Level 1:colcon.colcon_core.package_identification:_identify(documentation/media) by extensions ['ignore', 'ignore_ament_install']
[0.291s] Level 1:colcon.colcon_core.package_identification:_identify(documentation/media) by extension 'ignore'
[0.291s] Level 1:colcon.colcon_core.package_identification:_identify(documentation/media) by extension 'ignore_ament_install'
[0.291s] Level 1:colcon.colcon_core.package_identification:_identify(documentation/media) by extensions ['colcon_pkg']
[0.292s] Level 1:colcon.colcon_core.package_identification:_identify(documentation/media) by extension 'colcon_pkg'
[0.292s] Level 1:colcon.colcon_core.package_identification:_identify(documentation/media) by extensions ['colcon_meta']
[0.292s] Level 1:colcon.colcon_core.package_identification:_identify(documentation/media) by extension 'colcon_meta'
[0.292s] Level 1:colcon.colcon_core.package_identification:_identify(documentation/media) by extensions ['ros']
[0.292s] Level 1:colcon.colcon_core.package_identification:_identify(documentation/media) by extension 'ros'
[0.292s] Level 1:colcon.colcon_core.package_identification:_identify(documentation/media) by extensions ['cmake', 'python']
[0.292s] Level 1:colcon.colcon_core.package_identification:_identify(documentation/media) by extension 'cmake'
[0.292s] Level 1:colcon.colcon_core.package_identification:_identify(documentation/media) by extension 'python'
[0.292s] Level 1:colcon.colcon_core.package_identification:_identify(documentation/media) by extensions ['python_setup_py']
[0.292s] Level 1:colcon.colcon_core.package_identification:_identify(documentation/media) by extension 'python_setup_py'
[0.292s] Level 1:colcon.colcon_core.package_identification:_identify(drivers) by extensions ['ignore', 'ignore_ament_install']
[0.292s] Level 1:colcon.colcon_core.package_identification:_identify(drivers) by extension 'ignore'
[0.292s] Level 1:colcon.colcon_core.package_identification:_identify(drivers) by extension 'ignore_ament_install'
[0.292s] Level 1:colcon.colcon_core.package_identification:_identify(drivers) by extensions ['colcon_pkg']
[0.292s] Level 1:colcon.colcon_core.package_identification:_identify(drivers) by extension 'colcon_pkg'
[0.292s] Level 1:colcon.colcon_core.package_identification:_identify(drivers) by extensions ['colcon_meta']
[0.292s] Level 1:colcon.colcon_core.package_identification:_identify(drivers) by extension 'colcon_meta'
[0.292s] Level 1:colcon.colcon_core.package_identification:_identify(drivers) by extensions ['ros']
[0.292s] Level 1:colcon.colcon_core.package_identification:_identify(drivers) by extension 'ros'
[0.292s] Level 1:colcon.colcon_core.package_identification:_identify(drivers) by extensions ['cmake', 'python']
[0.292s] Level 1:colcon.colcon_core.package_identification:_identify(drivers) by extension 'cmake'
[0.292s] Level 1:colcon.colcon_core.package_identification:_identify(drivers) by extension 'python'
[0.292s] Level 1:colcon.colcon_core.package_identification:_identify(drivers) by extensions ['python_setup_py']
[0.292s] Level 1:colcon.colcon_core.package_identification:_identify(drivers) by extension 'python_setup_py'
[0.293s] Level 1:colcon.colcon_core.package_identification:_identify(examples) by extensions ['ignore', 'ignore_ament_install']
[0.293s] Level 1:colcon.colcon_core.package_identification:_identify(examples) by extension 'ignore'
[0.293s] Level 1:colcon.colcon_core.package_identification:_identify(examples) by extension 'ignore_ament_install'
[0.293s] Level 1:colcon.colcon_core.package_identification:_identify(examples) by extensions ['colcon_pkg']
[0.293s] Level 1:colcon.colcon_core.package_identification:_identify(examples) by extension 'colcon_pkg'
[0.293s] Level 1:colcon.colcon_core.package_identification:_identify(examples) by extensions ['colcon_meta']
[0.293s] Level 1:colcon.colcon_core.package_identification:_identify(examples) by extension 'colcon_meta'
[0.293s] Level 1:colcon.colcon_core.package_identification:_identify(examples) by extensions ['ros']
[0.293s] Level 1:colcon.colcon_core.package_identification:_identify(examples) by extension 'ros'
[0.293s] Level 1:colcon.colcon_core.package_identification:_identify(examples) by extensions ['cmake', 'python']
[0.293s] Level 1:colcon.colcon_core.package_identification:_identify(examples) by extension 'cmake'
[0.293s] Level 1:colcon.colcon_core.package_identification:_identify(examples) by extension 'python'
[0.293s] Level 1:colcon.colcon_core.package_identification:_identify(examples) by extensions ['python_setup_py']
[0.293s] Level 1:colcon.colcon_core.package_identification:_identify(examples) by extension 'python_setup_py'
[0.293s] Level 1:colcon.colcon_core.package_identification:_identify(examples/ros2_python_examples) by extensions ['ignore', 'ignore_ament_install']
[0.293s] Level 1:colcon.colcon_core.package_identification:_identify(examples/ros2_python_examples) by extension 'ignore'
[0.293s] Level 1:colcon.colcon_core.package_identification:_identify(examples/ros2_python_examples) by extension 'ignore_ament_install'
[0.293s] Level 1:colcon.colcon_core.package_identification:_identify(examples/ros2_python_examples) by extensions ['colcon_pkg']
[0.293s] Level 1:colcon.colcon_core.package_identification:_identify(examples/ros2_python_examples) by extension 'colcon_pkg'
[0.293s] Level 1:colcon.colcon_core.package_identification:_identify(examples/ros2_python_examples) by extensions ['colcon_meta']
[0.293s] Level 1:colcon.colcon_core.package_identification:_identify(examples/ros2_python_examples) by extension 'colcon_meta'
[0.293s] Level 1:colcon.colcon_core.package_identification:_identify(examples/ros2_python_examples) by extensions ['ros']
[0.293s] Level 1:colcon.colcon_core.package_identification:_identify(examples/ros2_python_examples) by extension 'ros'
[0.294s] DEBUG:colcon.colcon_core.package_identification:Package 'examples/ros2_python_examples' with type 'ros.ament_python' and name 'ros2_python_examples'
[0.294s] Level 1:colcon.colcon_core.package_identification:_identify(examples/sam_basic_controllers) by extensions ['ignore', 'ignore_ament_install']
[0.294s] Level 1:colcon.colcon_core.package_identification:_identify(examples/sam_basic_controllers) by extension 'ignore'
[0.294s] Level 1:colcon.colcon_core.package_identification:_identify(examples/sam_basic_controllers) by extension 'ignore_ament_install'
[0.294s] Level 1:colcon.colcon_core.package_identification:_identify(examples/sam_basic_controllers) by extensions ['colcon_pkg']
[0.294s] Level 1:colcon.colcon_core.package_identification:_identify(examples/sam_basic_controllers) by extension 'colcon_pkg'
[0.295s] Level 1:colcon.colcon_core.package_identification:_identify(examples/sam_basic_controllers) by extensions ['colcon_meta']
[0.295s] Level 1:colcon.colcon_core.package_identification:_identify(examples/sam_basic_controllers) by extension 'colcon_meta'
[0.295s] Level 1:colcon.colcon_core.package_identification:_identify(examples/sam_basic_controllers) by extensions ['ros']
[0.295s] Level 1:colcon.colcon_core.package_identification:_identify(examples/sam_basic_controllers) by extension 'ros'
[0.295s] DEBUG:colcon.colcon_core.package_identification:Package 'examples/sam_basic_controllers' with type 'ros.ament_cmake' and name 'sam_basic_controllers'
[0.295s] Level 1:colcon.colcon_core.package_identification:_identify(examples/test_package) by extensions ['ignore', 'ignore_ament_install']
[0.295s] Level 1:colcon.colcon_core.package_identification:_identify(examples/test_package) by extension 'ignore'
[0.295s] Level 1:colcon.colcon_core.package_identification:_identify(examples/test_package) by extension 'ignore_ament_install'
[0.296s] Level 1:colcon.colcon_core.package_identification:_identify(examples/test_package) by extensions ['colcon_pkg']
[0.296s] Level 1:colcon.colcon_core.package_identification:_identify(examples/test_package) by extension 'colcon_pkg'
[0.296s] Level 1:colcon.colcon_core.package_identification:_identify(examples/test_package) by extensions ['colcon_meta']
[0.296s] Level 1:colcon.colcon_core.package_identification:_identify(examples/test_package) by extension 'colcon_meta'
[0.296s] Level 1:colcon.colcon_core.package_identification:_identify(examples/test_package) by extensions ['ros']
[0.296s] Level 1:colcon.colcon_core.package_identification:_identify(examples/test_package) by extension 'ros'
[0.296s] DEBUG:colcon.colcon_core.package_identification:Package 'examples/test_package' with type 'ros.ament_python' and name 'test_package'
[0.296s] Level 1:colcon.colcon_core.package_identification:_identify(examples/workshopfun) by extensions ['ignore', 'ignore_ament_install']
[0.296s] Level 1:colcon.colcon_core.package_identification:_identify(examples/workshopfun) by extension 'ignore'
[0.296s] Level 1:colcon.colcon_core.package_identification:_identify(examples/workshopfun) by extension 'ignore_ament_install'
[0.297s] Level 1:colcon.colcon_core.package_identification:_identify(examples/workshopfun) by extensions ['colcon_pkg']
[0.297s] Level 1:colcon.colcon_core.package_identification:_identify(examples/workshopfun) by extension 'colcon_pkg'
[0.297s] Level 1:colcon.colcon_core.package_identification:_identify(examples/workshopfun) by extensions ['colcon_meta']
[0.297s] Level 1:colcon.colcon_core.package_identification:_identify(examples/workshopfun) by extension 'colcon_meta'
[0.297s] Level 1:colcon.colcon_core.package_identification:_identify(examples/workshopfun) by extensions ['ros']
[0.297s] Level 1:colcon.colcon_core.package_identification:_identify(examples/workshopfun) by extension 'ros'
[0.297s] DEBUG:colcon.colcon_core.package_identification:Package 'examples/workshopfun' with type 'ros.ament_python' and name 'workshopfun'
[0.297s] Level 1:colcon.colcon_core.package_identification:_identify(external_equipment) by extensions ['ignore', 'ignore_ament_install']
[0.297s] Level 1:colcon.colcon_core.package_identification:_identify(external_equipment) by extension 'ignore'
[0.297s] Level 1:colcon.colcon_core.package_identification:_identify(external_equipment) by extension 'ignore_ament_install'
[0.297s] Level 1:colcon.colcon_core.package_identification:_identify(external_equipment) by extensions ['colcon_pkg']
[0.297s] Level 1:colcon.colcon_core.package_identification:_identify(external_equipment) by extension 'colcon_pkg'
[0.297s] Level 1:colcon.colcon_core.package_identification:_identify(external_equipment) by extensions ['colcon_meta']
[0.297s] Level 1:colcon.colcon_core.package_identification:_identify(external_equipment) by extension 'colcon_meta'
[0.298s] Level 1:colcon.colcon_core.package_identification:_identify(external_equipment) by extensions ['ros']
[0.298s] Level 1:colcon.colcon_core.package_identification:_identify(external_equipment) by extension 'ros'
[0.298s] Level 1:colcon.colcon_core.package_identification:_identify(external_equipment) by extensions ['cmake', 'python']
[0.298s] Level 1:colcon.colcon_core.package_identification:_identify(external_equipment) by extension 'cmake'
[0.298s] Level 1:colcon.colcon_core.package_identification:_identify(external_equipment) by extension 'python'
[0.298s] Level 1:colcon.colcon_core.package_identification:_identify(external_equipment) by extensions ['python_setup_py']
[0.298s] Level 1:colcon.colcon_core.package_identification:_identify(external_equipment) by extension 'python_setup_py'
[0.298s] Level 1:colcon.colcon_core.package_identification:_identify(external_packages) by extensions ['ignore', 'ignore_ament_install']
[0.298s] Level 1:colcon.colcon_core.package_identification:_identify(external_packages) by extension 'ignore'
[0.298s] Level 1:colcon.colcon_core.package_identification:_identify(external_packages) by extension 'ignore_ament_install'
[0.298s] Level 1:colcon.colcon_core.package_identification:_identify(external_packages) by extensions ['colcon_pkg']
[0.298s] Level 1:colcon.colcon_core.package_identification:_identify(external_packages) by extension 'colcon_pkg'
[0.298s] Level 1:colcon.colcon_core.package_identification:_identify(external_packages) by extensions ['colcon_meta']
[0.298s] Level 1:colcon.colcon_core.package_identification:_identify(external_packages) by extension 'colcon_meta'
[0.298s] Level 1:colcon.colcon_core.package_identification:_identify(external_packages) by extensions ['ros']
[0.298s] Level 1:colcon.colcon_core.package_identification:_identify(external_packages) by extension 'ros'
[0.298s] Level 1:colcon.colcon_core.package_identification:_identify(external_packages) by extensions ['cmake', 'python']
[0.298s] Level 1:colcon.colcon_core.package_identification:_identify(external_packages) by extension 'cmake'
[0.298s] Level 1:colcon.colcon_core.package_identification:_identify(external_packages) by extension 'python'
[0.298s] Level 1:colcon.colcon_core.package_identification:_identify(external_packages) by extensions ['python_setup_py']
[0.298s] Level 1:colcon.colcon_core.package_identification:_identify(external_packages) by extension 'python_setup_py'
[0.298s] Level 1:colcon.colcon_core.package_identification:_identify(external_packages/ROS-TCP-Endpoint) by extensions ['ignore', 'ignore_ament_install']
[0.298s] Level 1:colcon.colcon_core.package_identification:_identify(external_packages/ROS-TCP-Endpoint) by extension 'ignore'
[0.299s] Level 1:colcon.colcon_core.package_identification:_identify(external_packages/ROS-TCP-Endpoint) by extension 'ignore_ament_install'
[0.299s] Level 1:colcon.colcon_core.package_identification:_identify(external_packages/ROS-TCP-Endpoint) by extensions ['colcon_pkg']
[0.299s] Level 1:colcon.colcon_core.package_identification:_identify(external_packages/ROS-TCP-Endpoint) by extension 'colcon_pkg'
[0.299s] Level 1:colcon.colcon_core.package_identification:_identify(external_packages/ROS-TCP-Endpoint) by extensions ['colcon_meta']
[0.299s] Level 1:colcon.colcon_core.package_identification:_identify(external_packages/ROS-TCP-Endpoint) by extension 'colcon_meta'
[0.299s] Level 1:colcon.colcon_core.package_identification:_identify(external_packages/ROS-TCP-Endpoint) by extensions ['ros']
[0.299s] Level 1:colcon.colcon_core.package_identification:_identify(external_packages/ROS-TCP-Endpoint) by extension 'ros'
[0.299s] DEBUG:colcon.colcon_core.package_identification:Package 'external_packages/ROS-TCP-Endpoint' with type 'ros.ament_python' and name 'ros_tcp_endpoint'
[0.299s] Level 1:colcon.colcon_core.package_identification:_identify(external_packages/mqtt_bridge) by extensions ['ignore', 'ignore_ament_install']
[0.299s] Level 1:colcon.colcon_core.package_identification:_identify(external_packages/mqtt_bridge) by extension 'ignore'
[0.299s] Level 1:colcon.colcon_core.package_identification:_identify(external_packages/mqtt_bridge) by extension 'ignore_ament_install'
[0.299s] Level 1:colcon.colcon_core.package_identification:_identify(external_packages/mqtt_bridge) by extensions ['colcon_pkg']
[0.299s] Level 1:colcon.colcon_core.package_identification:_identify(external_packages/mqtt_bridge) by extension 'colcon_pkg'
[0.300s] Level 1:colcon.colcon_core.package_identification:_identify(external_packages/mqtt_bridge) by extensions ['colcon_meta']
[0.300s] Level 1:colcon.colcon_core.package_identification:_identify(external_packages/mqtt_bridge) by extension 'colcon_meta'
[0.300s] Level 1:colcon.colcon_core.package_identification:_identify(external_packages/mqtt_bridge) by extensions ['ros']
[0.300s] Level 1:colcon.colcon_core.package_identification:_identify(external_packages/mqtt_bridge) by extension 'ros'
[0.300s] DEBUG:colcon.colcon_core.package_identification:Package 'external_packages/mqtt_bridge' with type 'ros.ament_python' and name 'mqtt_bridge'
[0.300s] Level 1:colcon.colcon_core.package_identification:_identify(gui) by extensions ['ignore', 'ignore_ament_install']
[0.300s] Level 1:colcon.colcon_core.package_identification:_identify(gui) by extension 'ignore'
[0.300s] Level 1:colcon.colcon_core.package_identification:_identify(gui) by extension 'ignore_ament_install'
[0.300s] Level 1:colcon.colcon_core.package_identification:_identify(gui) by extensions ['colcon_pkg']
[0.300s] Level 1:colcon.colcon_core.package_identification:_identify(gui) by extension 'colcon_pkg'
[0.301s] Level 1:colcon.colcon_core.package_identification:_identify(gui) by extensions ['colcon_meta']
[0.301s] Level 1:colcon.colcon_core.package_identification:_identify(gui) by extension 'colcon_meta'
[0.301s] Level 1:colcon.colcon_core.package_identification:_identify(gui) by extensions ['ros']
[0.301s] Level 1:colcon.colcon_core.package_identification:_identify(gui) by extension 'ros'
[0.301s] Level 1:colcon.colcon_core.package_identification:_identify(gui) by extensions ['cmake', 'python']
[0.301s] Level 1:colcon.colcon_core.package_identification:_identify(gui) by extension 'cmake'
[0.301s] Level 1:colcon.colcon_core.package_identification:_identify(gui) by extension 'python'
[0.301s] Level 1:colcon.colcon_core.package_identification:_identify(gui) by extensions ['python_setup_py']
[0.301s] Level 1:colcon.colcon_core.package_identification:_identify(gui) by extension 'python_setup_py'
[0.301s] Level 1:colcon.colcon_core.package_identification:_identify(gui/smarc_nodered) by extensions ['ignore', 'ignore_ament_install']
[0.301s] Level 1:colcon.colcon_core.package_identification:_identify(gui/smarc_nodered) by extension 'ignore'
[0.301s] Level 1:colcon.colcon_core.package_identification:_identify(gui/smarc_nodered) by extension 'ignore_ament_install'
[0.301s] Level 1:colcon.colcon_core.package_identification:_identify(gui/smarc_nodered) by extensions ['colcon_pkg']
[0.301s] Level 1:colcon.colcon_core.package_identification:_identify(gui/smarc_nodered) by extension 'colcon_pkg'
[0.301s] Level 1:colcon.colcon_core.package_identification:_identify(gui/smarc_nodered) by extensions ['colcon_meta']
[0.301s] Level 1:colcon.colcon_core.package_identification:_identify(gui/smarc_nodered) by extension 'colcon_meta'
[0.301s] Level 1:colcon.colcon_core.package_identification:_identify(gui/smarc_nodered) by extensions ['ros']
[0.301s] Level 1:colcon.colcon_core.package_identification:_identify(gui/smarc_nodered) by extension 'ros'
[0.302s] DEBUG:colcon.colcon_core.package_identification:Package 'gui/smarc_nodered' with type 'ros.ament_python' and name 'smarc_nodered'
[0.302s] Level 1:colcon.colcon_core.package_identification:_identify(install) by extensions ['ignore', 'ignore_ament_install']
[0.302s] Level 1:colcon.colcon_core.package_identification:_identify(install) by extension 'ignore'
[0.302s] Level 1:colcon.colcon_core.package_identification:_identify(install) ignored
[0.302s] Level 1:colcon.colcon_core.package_identification:_identify(log) by extensions ['ignore', 'ignore_ament_install']
[0.302s] Level 1:colcon.colcon_core.package_identification:_identify(log) by extension 'ignore'
[0.303s] Level 1:colcon.colcon_core.package_identification:_identify(log) ignored
[0.303s] Level 1:colcon.colcon_core.package_identification:_identify(messages) by extensions ['ignore', 'ignore_ament_install']
[0.303s] Level 1:colcon.colcon_core.package_identification:_identify(messages) by extension 'ignore'
[0.303s] Level 1:colcon.colcon_core.package_identification:_identify(messages) by extension 'ignore_ament_install'
[0.303s] Level 1:colcon.colcon_core.package_identification:_identify(messages) by extensions ['colcon_pkg']
[0.303s] Level 1:colcon.colcon_core.package_identification:_identify(messages) by extension 'colcon_pkg'
[0.303s] Level 1:colcon.colcon_core.package_identification:_identify(messages) by extensions ['colcon_meta']
[0.303s] Level 1:colcon.colcon_core.package_identification:_identify(messages) by extension 'colcon_meta'
[0.303s] Level 1:colcon.colcon_core.package_identification:_identify(messages) by extensions ['ros']
[0.303s] Level 1:colcon.colcon_core.package_identification:_identify(messages) by extension 'ros'
[0.303s] Level 1:colcon.colcon_core.package_identification:_identify(messages) by extensions ['cmake', 'python']
[0.303s] Level 1:colcon.colcon_core.package_identification:_identify(messages) by extension 'cmake'
[0.303s] Level 1:colcon.colcon_core.package_identification:_identify(messages) by extension 'python'
[0.303s] Level 1:colcon.colcon_core.package_identification:_identify(messages) by extensions ['python_setup_py']
[0.303s] Level 1:colcon.colcon_core.package_identification:_identify(messages) by extension 'python_setup_py'
[0.303s] Level 1:colcon.colcon_core.package_identification:_identify(messages/dead_reckoning_msgs) by extensions ['ignore', 'ignore_ament_install']
[0.303s] Level 1:colcon.colcon_core.package_identification:_identify(messages/dead_reckoning_msgs) by extension 'ignore'
[0.303s] Level 1:colcon.colcon_core.package_identification:_identify(messages/dead_reckoning_msgs) by extension 'ignore_ament_install'
[0.303s] Level 1:colcon.colcon_core.package_identification:_identify(messages/dead_reckoning_msgs) by extensions ['colcon_pkg']
[0.303s] Level 1:colcon.colcon_core.package_identification:_identify(messages/dead_reckoning_msgs) by extension 'colcon_pkg'
[0.303s] Level 1:colcon.colcon_core.package_identification:_identify(messages/dead_reckoning_msgs) by extensions ['colcon_meta']
[0.304s] Level 1:colcon.colcon_core.package_identification:_identify(messages/dead_reckoning_msgs) by extension 'colcon_meta'
[0.304s] Level 1:colcon.colcon_core.package_identification:_identify(messages/dead_reckoning_msgs) by extensions ['ros']
[0.304s] Level 1:colcon.colcon_core.package_identification:_identify(messages/dead_reckoning_msgs) by extension 'ros'
[0.304s] DEBUG:colcon.colcon_core.package_identification:Package 'messages/dead_reckoning_msgs' with type 'ros.ament_cmake' and name 'dead_reckoning_msgs'
[0.304s] Level 1:colcon.colcon_core.package_identification:_identify(messages/sam_graph_slam_2_msgs) by extensions ['ignore', 'ignore_ament_install']
[0.304s] Level 1:colcon.colcon_core.package_identification:_identify(messages/sam_graph_slam_2_msgs) by extension 'ignore'
[0.304s] Level 1:colcon.colcon_core.package_identification:_identify(messages/sam_graph_slam_2_msgs) by extension 'ignore_ament_install'
[0.304s] Level 1:colcon.colcon_core.package_identification:_identify(messages/sam_graph_slam_2_msgs) by extensions ['colcon_pkg']
[0.304s] Level 1:colcon.colcon_core.package_identification:_identify(messages/sam_graph_slam_2_msgs) by extension 'colcon_pkg'
[0.305s] Level 1:colcon.colcon_core.package_identification:_identify(messages/sam_graph_slam_2_msgs) by extensions ['colcon_meta']
[0.305s] Level 1:colcon.colcon_core.package_identification:_identify(messages/sam_graph_slam_2_msgs) by extension 'colcon_meta'
[0.305s] Level 1:colcon.colcon_core.package_identification:_identify(messages/sam_graph_slam_2_msgs) by extensions ['ros']
[0.305s] Level 1:colcon.colcon_core.package_identification:_identify(messages/sam_graph_slam_2_msgs) by extension 'ros'
[0.305s] DEBUG:colcon.colcon_core.package_identification:Package 'messages/sam_graph_slam_2_msgs' with type 'ros.ament_cmake' and name 'sam_graph_slam_2_msgs'
[0.305s] Level 1:colcon.colcon_core.package_identification:_identify(messages/sam_msgs) by extensions ['ignore', 'ignore_ament_install']
[0.305s] Level 1:colcon.colcon_core.package_identification:_identify(messages/sam_msgs) by extension 'ignore'
[0.306s] Level 1:colcon.colcon_core.package_identification:_identify(messages/sam_msgs) by extension 'ignore_ament_install'
[0.306s] Level 1:colcon.colcon_core.package_identification:_identify(messages/sam_msgs) by extensions ['colcon_pkg']
[0.306s] Level 1:colcon.colcon_core.package_identification:_identify(messages/sam_msgs) by extension 'colcon_pkg'
[0.306s] Level 1:colcon.colcon_core.package_identification:_identify(messages/sam_msgs) by extensions ['colcon_meta']
[0.306s] Level 1:colcon.colcon_core.package_identification:_identify(messages/sam_msgs) by extension 'colcon_meta'
[0.306s] Level 1:colcon.colcon_core.package_identification:_identify(messages/sam_msgs) by extensions ['ros']
[0.306s] Level 1:colcon.colcon_core.package_identification:_identify(messages/sam_msgs) by extension 'ros'
[0.306s] DEBUG:colcon.colcon_core.package_identification:Package 'messages/sam_msgs' with type 'ros.ament_cmake' and name 'sam_msgs'
[0.307s] Level 1:colcon.colcon_core.package_identification:_identify(messages/smarc_mission_msgs) by extensions ['ignore', 'ignore_ament_install']
[0.307s] Level 1:colcon.colcon_core.package_identification:_identify(messages/smarc_mission_msgs) by extension 'ignore'
[0.307s] Level 1:colcon.colcon_core.package_identification:_identify(messages/smarc_mission_msgs) by extension 'ignore_ament_install'
[0.307s] Level 1:colcon.colcon_core.package_identification:_identify(messages/smarc_mission_msgs) by extensions ['colcon_pkg']
[0.307s] Level 1:colcon.colcon_core.package_identification:_identify(messages/smarc_mission_msgs) by extension 'colcon_pkg'
[0.307s] Level 1:colcon.colcon_core.package_identification:_identify(messages/smarc_mission_msgs) by extensions ['colcon_meta']
[0.307s] Level 1:colcon.colcon_core.package_identification:_identify(messages/smarc_mission_msgs) by extension 'colcon_meta'
[0.307s] Level 1:colcon.colcon_core.package_identification:_identify(messages/smarc_mission_msgs) by extensions ['ros']
[0.307s] Level 1:colcon.colcon_core.package_identification:_identify(messages/smarc_mission_msgs) by extension 'ros'
[0.308s] DEBUG:colcon.colcon_core.package_identification:Package 'messages/smarc_mission_msgs' with type 'ros.ament_cmake' and name 'smarc_mission_msgs'
[0.308s] Level 1:colcon.colcon_core.package_identification:_identify(messages/smarc_msgs) by extensions ['ignore', 'ignore_ament_install']
[0.308s] Level 1:colcon.colcon_core.package_identification:_identify(messages/smarc_msgs) by extension 'ignore'
[0.308s] Level 1:colcon.colcon_core.package_identification:_identify(messages/smarc_msgs) by extension 'ignore_ament_install'
[0.308s] Level 1:colcon.colcon_core.package_identification:_identify(messages/smarc_msgs) by extensions ['colcon_pkg']
[0.308s] Level 1:colcon.colcon_core.package_identification:_identify(messages/smarc_msgs) by extension 'colcon_pkg'
[0.308s] Level 1:colcon.colcon_core.package_identification:_identify(messages/smarc_msgs) by extensions ['colcon_meta']
[0.308s] Level 1:colcon.colcon_core.package_identification:_identify(messages/smarc_msgs) by extension 'colcon_meta'
[0.308s] Level 1:colcon.colcon_core.package_identification:_identify(messages/smarc_msgs) by extensions ['ros']
[0.308s] Level 1:colcon.colcon_core.package_identification:_identify(messages/smarc_msgs) by extension 'ros'
[0.309s] DEBUG:colcon.colcon_core.package_identification:Package 'messages/smarc_msgs' with type 'ros.ament_cmake' and name 'smarc_msgs'
[0.309s] Level 1:colcon.colcon_core.package_identification:_identify(navigation) by extensions ['ignore', 'ignore_ament_install']
[0.309s] Level 1:colcon.colcon_core.package_identification:_identify(navigation) by extension 'ignore'
[0.309s] Level 1:colcon.colcon_core.package_identification:_identify(navigation) by extension 'ignore_ament_install'
[0.309s] Level 1:colcon.colcon_core.package_identification:_identify(navigation) by extensions ['colcon_pkg']
[0.310s] Level 1:colcon.colcon_core.package_identification:_identify(navigation) by extension 'colcon_pkg'
[0.310s] Level 1:colcon.colcon_core.package_identification:_identify(navigation) by extensions ['colcon_meta']
[0.310s] Level 1:colcon.colcon_core.package_identification:_identify(navigation) by extension 'colcon_meta'
[0.310s] Level 1:colcon.colcon_core.package_identification:_identify(navigation) by extensions ['ros']
[0.310s] Level 1:colcon.colcon_core.package_identification:_identify(navigation) by extension 'ros'
[0.310s] Level 1:colcon.colcon_core.package_identification:_identify(navigation) by extensions ['cmake', 'python']
[0.310s] Level 1:colcon.colcon_core.package_identification:_identify(navigation) by extension 'cmake'
[0.310s] Level 1:colcon.colcon_core.package_identification:_identify(navigation) by extension 'python'
[0.310s] Level 1:colcon.colcon_core.package_identification:_identify(navigation) by extensions ['python_setup_py']
[0.310s] Level 1:colcon.colcon_core.package_identification:_identify(navigation) by extension 'python_setup_py'
[0.310s] Level 1:colcon.colcon_core.package_identification:_identify(navigation/dead_reckoning) by extensions ['ignore', 'ignore_ament_install']
[0.310s] Level 1:colcon.colcon_core.package_identification:_identify(navigation/dead_reckoning) by extension 'ignore'
[0.310s] Level 1:colcon.colcon_core.package_identification:_identify(navigation/dead_reckoning) by extension 'ignore_ament_install'
[0.310s] Level 1:colcon.colcon_core.package_identification:_identify(navigation/dead_reckoning) by extensions ['colcon_pkg']
[0.310s] Level 1:colcon.colcon_core.package_identification:_identify(navigation/dead_reckoning) by extension 'colcon_pkg'
[0.310s] Level 1:colcon.colcon_core.package_identification:_identify(navigation/dead_reckoning) by extensions ['colcon_meta']
[0.310s] Level 1:colcon.colcon_core.package_identification:_identify(navigation/dead_reckoning) by extension 'colcon_meta'
[0.310s] Level 1:colcon.colcon_core.package_identification:_identify(navigation/dead_reckoning) by extensions ['ros']
[0.310s] Level 1:colcon.colcon_core.package_identification:_identify(navigation/dead_reckoning) by extension 'ros'
[0.310s] Level 1:colcon.colcon_core.package_identification:_identify(navigation/dead_reckoning) by extensions ['cmake', 'python']
[0.310s] Level 1:colcon.colcon_core.package_identification:_identify(navigation/dead_reckoning) by extension 'cmake'
[0.310s] Level 1:colcon.colcon_core.package_identification:_identify(navigation/dead_reckoning) by extension 'python'
[0.310s] Level 1:colcon.colcon_core.package_identification:_identify(navigation/dead_reckoning) by extensions ['python_setup_py']
[0.310s] Level 1:colcon.colcon_core.package_identification:_identify(navigation/dead_reckoning) by extension 'python_setup_py'
[0.311s] Level 1:colcon.colcon_core.package_identification:_identify(navigation/dead_reckoning/sam_dead_reckoning) by extensions ['ignore', 'ignore_ament_install']
[0.311s] Level 1:colcon.colcon_core.package_identification:_identify(navigation/dead_reckoning/sam_dead_reckoning) by extension 'ignore'
[0.311s] Level 1:colcon.colcon_core.package_identification:_identify(navigation/dead_reckoning/sam_dead_reckoning) by extension 'ignore_ament_install'
[0.311s] Level 1:colcon.colcon_core.package_identification:_identify(navigation/dead_reckoning/sam_dead_reckoning) by extensions ['colcon_pkg']
[0.311s] Level 1:colcon.colcon_core.package_identification:_identify(navigation/dead_reckoning/sam_dead_reckoning) by extension 'colcon_pkg'
[0.311s] Level 1:colcon.colcon_core.package_identification:_identify(navigation/dead_reckoning/sam_dead_reckoning) by extensions ['colcon_meta']
[0.311s] Level 1:colcon.colcon_core.package_identification:_identify(navigation/dead_reckoning/sam_dead_reckoning) by extension 'colcon_meta'
[0.311s] Level 1:colcon.colcon_core.package_identification:_identify(navigation/dead_reckoning/sam_dead_reckoning) by extensions ['ros']
[0.311s] Level 1:colcon.colcon_core.package_identification:_identify(navigation/dead_reckoning/sam_dead_reckoning) by extension 'ros'
[0.311s] DEBUG:colcon.colcon_core.package_identification:Package 'navigation/dead_reckoning/sam_dead_reckoning' with type 'ros.ament_python' and name 'sam_dead_reckoning'
[0.312s] Level 1:colcon.colcon_core.package_identification:_identify(navigation/dead_reckoning/tf_convenience_topics) by extensions ['ignore', 'ignore_ament_install']
[0.312s] Level 1:colcon.colcon_core.package_identification:_identify(navigation/dead_reckoning/tf_convenience_topics) by extension 'ignore'
[0.312s] Level 1:colcon.colcon_core.package_identification:_identify(navigation/dead_reckoning/tf_convenience_topics) by extension 'ignore_ament_install'
[0.312s] Level 1:colcon.colcon_core.package_identification:_identify(navigation/dead_reckoning/tf_convenience_topics) by extensions ['colcon_pkg']
[0.312s] Level 1:colcon.colcon_core.package_identification:_identify(navigation/dead_reckoning/tf_convenience_topics) by extension 'colcon_pkg'
[0.312s] Level 1:colcon.colcon_core.package_identification:_identify(navigation/dead_reckoning/tf_convenience_topics) by extensions ['colcon_meta']
[0.312s] Level 1:colcon.colcon_core.package_identification:_identify(navigation/dead_reckoning/tf_convenience_topics) by extension 'colcon_meta'
[0.312s] Level 1:colcon.colcon_core.package_identification:_identify(navigation/dead_reckoning/tf_convenience_topics) by extensions ['ros']
[0.312s] Level 1:colcon.colcon_core.package_identification:_identify(navigation/dead_reckoning/tf_convenience_topics) by extension 'ros'
[0.313s] DEBUG:colcon.colcon_core.package_identification:Package 'navigation/dead_reckoning/tf_convenience_topics' with type 'ros.ament_cmake' and name 'tf_convenience_topics'
[0.313s] Level 1:colcon.colcon_core.package_identification:_identify(navigation/localization) by extensions ['ignore', 'ignore_ament_install']
[0.313s] Level 1:colcon.colcon_core.package_identification:_identify(navigation/localization) by extension 'ignore'
[0.313s] Level 1:colcon.colcon_core.package_identification:_identify(navigation/localization) by extension 'ignore_ament_install'
[0.313s] Level 1:colcon.colcon_core.package_identification:_identify(navigation/localization) by extensions ['colcon_pkg']
[0.313s] Level 1:colcon.colcon_core.package_identification:_identify(navigation/localization) by extension 'colcon_pkg'
[0.313s] Level 1:colcon.colcon_core.package_identification:_identify(navigation/localization) by extensions ['colcon_meta']
[0.313s] Level 1:colcon.colcon_core.package_identification:_identify(navigation/localization) by extension 'colcon_meta'
[0.313s] Level 1:colcon.colcon_core.package_identification:_identify(navigation/localization) by extensions ['ros']
[0.313s] Level 1:colcon.colcon_core.package_identification:_identify(navigation/localization) by extension 'ros'
[0.313s] Level 1:colcon.colcon_core.package_identification:_identify(navigation/localization) by extensions ['cmake', 'python']
[0.313s] Level 1:colcon.colcon_core.package_identification:_identify(navigation/localization) by extension 'cmake'
[0.313s] Level 1:colcon.colcon_core.package_identification:_identify(navigation/localization) by extension 'python'
[0.313s] Level 1:colcon.colcon_core.package_identification:_identify(navigation/localization) by extensions ['python_setup_py']
[0.313s] Level 1:colcon.colcon_core.package_identification:_identify(navigation/localization) by extension 'python_setup_py'
[0.313s] Level 1:colcon.colcon_core.package_identification:_identify(quadrotor) by extensions ['ignore', 'ignore_ament_install']
[0.314s] Level 1:colcon.colcon_core.package_identification:_identify(quadrotor) by extension 'ignore'
[0.314s] Level 1:colcon.colcon_core.package_identification:_identify(quadrotor) by extension 'ignore_ament_install'
[0.314s] Level 1:colcon.colcon_core.package_identification:_identify(quadrotor) by extensions ['colcon_pkg']
[0.314s] Level 1:colcon.colcon_core.package_identification:_identify(quadrotor) by extension 'colcon_pkg'
[0.314s] Level 1:colcon.colcon_core.package_identification:_identify(quadrotor) by extensions ['colcon_meta']
[0.314s] Level 1:colcon.colcon_core.package_identification:_identify(quadrotor) by extension 'colcon_meta'
[0.314s] Level 1:colcon.colcon_core.package_identification:_identify(quadrotor) by extensions ['ros']
[0.314s] Level 1:colcon.colcon_core.package_identification:_identify(quadrotor) by extension 'ros'
[0.314s] Level 1:colcon.colcon_core.package_identification:_identify(quadrotor) by extensions ['cmake', 'python']
[0.314s] Level 1:colcon.colcon_core.package_identification:_identify(quadrotor) by extension 'cmake'
[0.314s] Level 1:colcon.colcon_core.package_identification:_identify(quadrotor) by extension 'python'
[0.314s] Level 1:colcon.colcon_core.package_identification:_identify(quadrotor) by extensions ['python_setup_py']
[0.314s] Level 1:colcon.colcon_core.package_identification:_identify(quadrotor) by extension 'python_setup_py'
[0.314s] Level 1:colcon.colcon_core.package_identification:_identify(quadrotor/quadrotor_basic_controller) by extensions ['ignore', 'ignore_ament_install']
[0.314s] Level 1:colcon.colcon_core.package_identification:_identify(quadrotor/quadrotor_basic_controller) by extension 'ignore'
[0.314s] Level 1:colcon.colcon_core.package_identification:_identify(quadrotor/quadrotor_basic_controller) by extension 'ignore_ament_install'
[0.314s] Level 1:colcon.colcon_core.package_identification:_identify(quadrotor/quadrotor_basic_controller) by extensions ['colcon_pkg']
[0.314s] Level 1:colcon.colcon_core.package_identification:_identify(quadrotor/quadrotor_basic_controller) by extension 'colcon_pkg'
[0.314s] Level 1:colcon.colcon_core.package_identification:_identify(quadrotor/quadrotor_basic_controller) by extensions ['colcon_meta']
[0.314s] Level 1:colcon.colcon_core.package_identification:_identify(quadrotor/quadrotor_basic_controller) by extension 'colcon_meta'
[0.314s] Level 1:colcon.colcon_core.package_identification:_identify(quadrotor/quadrotor_basic_controller) by extensions ['ros']
[0.314s] Level 1:colcon.colcon_core.package_identification:_identify(quadrotor/quadrotor_basic_controller) by extension 'ros'
[0.315s] DEBUG:colcon.colcon_core.package_identification:Package 'quadrotor/quadrotor_basic_controller' with type 'ros.ament_python' and name 'quadrotor_basic_controller'
[0.315s] Level 1:colcon.colcon_core.package_identification:_identify(scripts) by extensions ['ignore', 'ignore_ament_install']
[0.315s] Level 1:colcon.colcon_core.package_identification:_identify(scripts) by extension 'ignore'
[0.315s] Level 1:colcon.colcon_core.package_identification:_identify(scripts) by extension 'ignore_ament_install'
[0.315s] Level 1:colcon.colcon_core.package_identification:_identify(scripts) by extensions ['colcon_pkg']
[0.315s] Level 1:colcon.colcon_core.package_identification:_identify(scripts) by extension 'colcon_pkg'
[0.315s] Level 1:colcon.colcon_core.package_identification:_identify(scripts) by extensions ['colcon_meta']
[0.315s] Level 1:colcon.colcon_core.package_identification:_identify(scripts) by extension 'colcon_meta'
[0.315s] Level 1:colcon.colcon_core.package_identification:_identify(scripts) by extensions ['ros']
[0.315s] Level 1:colcon.colcon_core.package_identification:_identify(scripts) by extension 'ros'
[0.315s] Level 1:colcon.colcon_core.package_identification:_identify(scripts) by extensions ['cmake', 'python']
[0.315s] Level 1:colcon.colcon_core.package_identification:_identify(scripts) by extension 'cmake'
[0.315s] Level 1:colcon.colcon_core.package_identification:_identify(scripts) by extension 'python'
[0.315s] Level 1:colcon.colcon_core.package_identification:_identify(scripts) by extensions ['python_setup_py']
[0.316s] Level 1:colcon.colcon_core.package_identification:_identify(scripts) by extension 'python_setup_py'
[0.316s] Level 1:colcon.colcon_core.package_identification:_identify(scripts/smarc_bringups) by extensions ['ignore', 'ignore_ament_install']
[0.316s] Level 1:colcon.colcon_core.package_identification:_identify(scripts/smarc_bringups) by extension 'ignore'
[0.316s] Level 1:colcon.colcon_core.package_identification:_identify(scripts/smarc_bringups) by extension 'ignore_ament_install'
[0.316s] Level 1:colcon.colcon_core.package_identification:_identify(scripts/smarc_bringups) by extensions ['colcon_pkg']
[0.316s] Level 1:colcon.colcon_core.package_identification:_identify(scripts/smarc_bringups) by extension 'colcon_pkg'
[0.316s] Level 1:colcon.colcon_core.package_identification:_identify(scripts/smarc_bringups) by extensions ['colcon_meta']
[0.316s] Level 1:colcon.colcon_core.package_identification:_identify(scripts/smarc_bringups) by extension 'colcon_meta'
[0.316s] Level 1:colcon.colcon_core.package_identification:_identify(scripts/smarc_bringups) by extensions ['ros']
[0.316s] Level 1:colcon.colcon_core.package_identification:_identify(scripts/smarc_bringups) by extension 'ros'
[0.316s] DEBUG:colcon.colcon_core.package_identification:Package 'scripts/smarc_bringups' with type 'ros.ament_python' and name 'smarc_bringups'
[0.316s] Level 1:colcon.colcon_core.package_identification:_identify(simulation) by extensions ['ignore', 'ignore_ament_install']
[0.317s] Level 1:colcon.colcon_core.package_identification:_identify(simulation) by extension 'ignore'
[0.317s] Level 1:colcon.colcon_core.package_identification:_identify(simulation) ignored
[0.317s] Level 1:colcon.colcon_core.package_identification:_identify(utilities) by extensions ['ignore', 'ignore_ament_install']
[0.317s] Level 1:colcon.colcon_core.package_identification:_identify(utilities) by extension 'ignore'
[0.317s] Level 1:colcon.colcon_core.package_identification:_identify(utilities) by extension 'ignore_ament_install'
[0.317s] Level 1:colcon.colcon_core.package_identification:_identify(utilities) by extensions ['colcon_pkg']
[0.317s] Level 1:colcon.colcon_core.package_identification:_identify(utilities) by extension 'colcon_pkg'
[0.317s] Level 1:colcon.colcon_core.package_identification:_identify(utilities) by extensions ['colcon_meta']
[0.317s] Level 1:colcon.colcon_core.package_identification:_identify(utilities) by extension 'colcon_meta'
[0.317s] Level 1:colcon.colcon_core.package_identification:_identify(utilities) by extensions ['ros']
[0.317s] Level 1:colcon.colcon_core.package_identification:_identify(utilities) by extension 'ros'
[0.317s] Level 1:colcon.colcon_core.package_identification:_identify(utilities) by extensions ['cmake', 'python']
[0.317s] Level 1:colcon.colcon_core.package_identification:_identify(utilities) by extension 'cmake'
[0.317s] Level 1:colcon.colcon_core.package_identification:_identify(utilities) by extension 'python'
[0.317s] Level 1:colcon.colcon_core.package_identification:_identify(utilities) by extensions ['python_setup_py']
[0.317s] Level 1:colcon.colcon_core.package_identification:_identify(utilities) by extension 'python_setup_py'
[0.317s] Level 1:colcon.colcon_core.package_identification:_identify(utilities/dubins_planner) by extensions ['ignore', 'ignore_ament_install']
[0.317s] Level 1:colcon.colcon_core.package_identification:_identify(utilities/dubins_planner) by extension 'ignore'
[0.317s] Level 1:colcon.colcon_core.package_identification:_identify(utilities/dubins_planner) by extension 'ignore_ament_install'
[0.317s] Level 1:colcon.colcon_core.package_identification:_identify(utilities/dubins_planner) by extensions ['colcon_pkg']
[0.318s] Level 1:colcon.colcon_core.package_identification:_identify(utilities/dubins_planner) by extension 'colcon_pkg'
[0.318s] Level 1:colcon.colcon_core.package_identification:_identify(utilities/dubins_planner) by extensions ['colcon_meta']
[0.318s] Level 1:colcon.colcon_core.package_identification:_identify(utilities/dubins_planner) by extension 'colcon_meta'
[0.318s] Level 1:colcon.colcon_core.package_identification:_identify(utilities/dubins_planner) by extensions ['ros']
[0.318s] Level 1:colcon.colcon_core.package_identification:_identify(utilities/dubins_planner) by extension 'ros'
[0.318s] DEBUG:colcon.colcon_core.package_identification:Package 'utilities/dubins_planner' with type 'ros.ament_python' and name 'dubins_planner'
[0.318s] Level 1:colcon.colcon_core.package_identification:_identify(utilities/utm_latlon_converter) by extensions ['ignore', 'ignore_ament_install']
[0.318s] Level 1:colcon.colcon_core.package_identification:_identify(utilities/utm_latlon_converter) by extension 'ignore'
[0.318s] Level 1:colcon.colcon_core.package_identification:_identify(utilities/utm_latlon_converter) by extension 'ignore_ament_install'
[0.318s] Level 1:colcon.colcon_core.package_identification:_identify(utilities/utm_latlon_converter) by extensions ['colcon_pkg']
[0.318s] Level 1:colcon.colcon_core.package_identification:_identify(utilities/utm_latlon_converter) by extension 'colcon_pkg'
[0.319s] Level 1:colcon.colcon_core.package_identification:_identify(utilities/utm_latlon_converter) by extensions ['colcon_meta']
[0.319s] Level 1:colcon.colcon_core.package_identification:_identify(utilities/utm_latlon_converter) by extension 'colcon_meta'
[0.319s] Level 1:colcon.colcon_core.package_identification:_identify(utilities/utm_latlon_converter) by extensions ['ros']
[0.319s] Level 1:colcon.colcon_core.package_identification:_identify(utilities/utm_latlon_converter) by extension 'ros'
[0.319s] DEBUG:colcon.colcon_core.package_identification:Package 'utilities/utm_latlon_converter' with type 'ros.ament_python' and name 'utm_latlon_converter'
[0.319s] Level 1:colcon.colcon_core.package_identification:_identify(vehicles) by extensions ['ignore', 'ignore_ament_install']
[0.319s] Level 1:colcon.colcon_core.package_identification:_identify(vehicles) by extension 'ignore'
[0.319s] Level 1:colcon.colcon_core.package_identification:_identify(vehicles) by extension 'ignore_ament_install'
[0.319s] Level 1:colcon.colcon_core.package_identification:_identify(vehicles) by extensions ['colcon_pkg']
[0.320s] Level 1:colcon.colcon_core.package_identification:_identify(vehicles) by extension 'colcon_pkg'
[0.320s] Level 1:colcon.colcon_core.package_identification:_identify(vehicles) by extensions ['colcon_meta']
[0.320s] Level 1:colcon.colcon_core.package_identification:_identify(vehicles) by extension 'colcon_meta'
[0.320s] Level 1:colcon.colcon_core.package_identification:_identify(vehicles) by extensions ['ros']
[0.320s] Level 1:colcon.colcon_core.package_identification:_identify(vehicles) by extension 'ros'
[0.320s] Level 1:colcon.colcon_core.package_identification:_identify(vehicles) by extensions ['cmake', 'python']
[0.320s] Level 1:colcon.colcon_core.package_identification:_identify(vehicles) by extension 'cmake'
[0.320s] Level 1:colcon.colcon_core.package_identification:_identify(vehicles) by extension 'python'
[0.320s] Level 1:colcon.colcon_core.package_identification:_identify(vehicles) by extensions ['python_setup_py']
[0.320s] Level 1:colcon.colcon_core.package_identification:_identify(vehicles) by extension 'python_setup_py'
[0.320s] Level 1:colcon.colcon_core.package_identification:_identify(vehicles/bringups) by extensions ['ignore', 'ignore_ament_install']
[0.320s] Level 1:colcon.colcon_core.package_identification:_identify(vehicles/bringups) by extension 'ignore'
[0.320s] Level 1:colcon.colcon_core.package_identification:_identify(vehicles/bringups) by extension 'ignore_ament_install'
[0.320s] Level 1:colcon.colcon_core.package_identification:_identify(vehicles/bringups) by extensions ['colcon_pkg']
[0.320s] Level 1:colcon.colcon_core.package_identification:_identify(vehicles/bringups) by extension 'colcon_pkg'
[0.320s] Level 1:colcon.colcon_core.package_identification:_identify(vehicles/bringups) by extensions ['colcon_meta']
[0.320s] Level 1:colcon.colcon_core.package_identification:_identify(vehicles/bringups) by extension 'colcon_meta'
[0.320s] Level 1:colcon.colcon_core.package_identification:_identify(vehicles/bringups) by extensions ['ros']
[0.320s] Level 1:colcon.colcon_core.package_identification:_identify(vehicles/bringups) by extension 'ros'
[0.320s] Level 1:colcon.colcon_core.package_identification:_identify(vehicles/bringups) by extensions ['cmake', 'python']
[0.320s] Level 1:colcon.colcon_core.package_identification:_identify(vehicles/bringups) by extension 'cmake'
[0.320s] Level 1:colcon.colcon_core.package_identification:_identify(vehicles/bringups) by extension 'python'
[0.320s] Level 1:colcon.colcon_core.package_identification:_identify(vehicles/bringups) by extensions ['python_setup_py']
[0.320s] Level 1:colcon.colcon_core.package_identification:_identify(vehicles/bringups) by extension 'python_setup_py'
[0.321s] Level 1:colcon.colcon_core.package_identification:_identify(vehicles/descriptions) by extensions ['ignore', 'ignore_ament_install']
[0.321s] Level 1:colcon.colcon_core.package_identification:_identify(vehicles/descriptions) by extension 'ignore'
[0.321s] Level 1:colcon.colcon_core.package_identification:_identify(vehicles/descriptions) by extension 'ignore_ament_install'
[0.321s] Level 1:colcon.colcon_core.package_identification:_identify(vehicles/descriptions) by extensions ['colcon_pkg']
[0.321s] Level 1:colcon.colcon_core.package_identification:_identify(vehicles/descriptions) by extension 'colcon_pkg'
[0.321s] Level 1:colcon.colcon_core.package_identification:_identify(vehicles/descriptions) by extensions ['colcon_meta']
[0.321s] Level 1:colcon.colcon_core.package_identification:_identify(vehicles/descriptions) by extension 'colcon_meta'
[0.321s] Level 1:colcon.colcon_core.package_identification:_identify(vehicles/descriptions) by extensions ['ros']
[0.321s] Level 1:colcon.colcon_core.package_identification:_identify(vehicles/descriptions) by extension 'ros'
[0.321s] Level 1:colcon.colcon_core.package_identification:_identify(vehicles/descriptions) by extensions ['cmake', 'python']
[0.321s] Level 1:colcon.colcon_core.package_identification:_identify(vehicles/descriptions) by extension 'cmake'
[0.321s] Level 1:colcon.colcon_core.package_identification:_identify(vehicles/descriptions) by extension 'python'
[0.321s] Level 1:colcon.colcon_core.package_identification:_identify(vehicles/descriptions) by extensions ['python_setup_py']
[0.321s] Level 1:colcon.colcon_core.package_identification:_identify(vehicles/descriptions) by extension 'python_setup_py'
[0.321s] Level 1:colcon.colcon_core.package_identification:_identify(vehicles/descriptions/cm_station_description) by extensions ['ignore', 'ignore_ament_install']
[0.321s] Level 1:colcon.colcon_core.package_identification:_identify(vehicles/descriptions/cm_station_description) by extension 'ignore'
[0.321s] Level 1:colcon.colcon_core.package_identification:_identify(vehicles/descriptions/cm_station_description) ignored
[0.321s] Level 1:colcon.colcon_core.package_identification:_identify(vehicles/descriptions/floatsam_description) by extensions ['ignore', 'ignore_ament_install']
[0.321s] Level 1:colcon.colcon_core.package_identification:_identify(vehicles/descriptions/floatsam_description) by extension 'ignore'
[0.322s] Level 1:colcon.colcon_core.package_identification:_identify(vehicles/descriptions/floatsam_description) ignored
[0.322s] Level 1:colcon.colcon_core.package_identification:_identify(vehicles/descriptions/sam_description) by extensions ['ignore', 'ignore_ament_install']
[0.322s] Level 1:colcon.colcon_core.package_identification:_identify(vehicles/descriptions/sam_description) by extension 'ignore'
[0.322s] Level 1:colcon.colcon_core.package_identification:_identify(vehicles/descriptions/sam_description) by extension 'ignore_ament_install'
[0.322s] Level 1:colcon.colcon_core.package_identification:_identify(vehicles/descriptions/sam_description) by extensions ['colcon_pkg']
[0.322s] Level 1:colcon.colcon_core.package_identification:_identify(vehicles/descriptions/sam_description) by extension 'colcon_pkg'
[0.322s] Level 1:colcon.colcon_core.package_identification:_identify(vehicles/descriptions/sam_description) by extensions ['colcon_meta']
[0.322s] Level 1:colcon.colcon_core.package_identification:_identify(vehicles/descriptions/sam_description) by extension 'colcon_meta'
[0.322s] Level 1:colcon.colcon_core.package_identification:_identify(vehicles/descriptions/sam_description) by extensions ['ros']
[0.322s] Level 1:colcon.colcon_core.package_identification:_identify(vehicles/descriptions/sam_description) by extension 'ros'
[0.322s] DEBUG:colcon.colcon_core.package_identification:Package 'vehicles/descriptions/sam_description' with type 'ros.ament_cmake' and name 'sam_description'
[0.323s] Level 1:colcon.colcon_core.package_identification:_identify(vehicles/hardware) by extensions ['ignore', 'ignore_ament_install']
[0.323s] Level 1:colcon.colcon_core.package_identification:_identify(vehicles/hardware) by extension 'ignore'
[0.323s] Level 1:colcon.colcon_core.package_identification:_identify(vehicles/hardware) by extension 'ignore_ament_install'
[0.323s] Level 1:colcon.colcon_core.package_identification:_identify(vehicles/hardware) by extensions ['colcon_pkg']
[0.323s] Level 1:colcon.colcon_core.package_identification:_identify(vehicles/hardware) by extension 'colcon_pkg'
[0.323s] Level 1:colcon.colcon_core.package_identification:_identify(vehicles/hardware) by extensions ['colcon_meta']
[0.323s] Level 1:colcon.colcon_core.package_identification:_identify(vehicles/hardware) by extension 'colcon_meta'
[0.323s] Level 1:colcon.colcon_core.package_identification:_identify(vehicles/hardware) by extensions ['ros']
[0.323s] Level 1:colcon.colcon_core.package_identification:_identify(vehicles/hardware) by extension 'ros'
[0.323s] Level 1:colcon.colcon_core.package_identification:_identify(vehicles/hardware) by extensions ['cmake', 'python']
[0.323s] Level 1:colcon.colcon_core.package_identification:_identify(vehicles/hardware) by extension 'cmake'
[0.323s] Level 1:colcon.colcon_core.package_identification:_identify(vehicles/hardware) by extension 'python'
[0.323s] Level 1:colcon.colcon_core.package_identification:_identify(vehicles/hardware) by extensions ['python_setup_py']
[0.323s] Level 1:colcon.colcon_core.package_identification:_identify(vehicles/hardware) by extension 'python_setup_py'
[0.323s] Level 1:colcon.colcon_core.package_identification:_identify(vehicles/hardware/sam) by extensions ['ignore', 'ignore_ament_install']
[0.323s] Level 1:colcon.colcon_core.package_identification:_identify(vehicles/hardware/sam) by extension 'ignore'
[0.323s] Level 1:colcon.colcon_core.package_identification:_identify(vehicles/hardware/sam) by extension 'ignore_ament_install'
[0.323s] Level 1:colcon.colcon_core.package_identification:_identify(vehicles/hardware/sam) by extensions ['colcon_pkg']
[0.323s] Level 1:colcon.colcon_core.package_identification:_identify(vehicles/hardware/sam) by extension 'colcon_pkg'
[0.323s] Level 1:colcon.colcon_core.package_identification:_identify(vehicles/hardware/sam) by extensions ['colcon_meta']
[0.323s] Level 1:colcon.colcon_core.package_identification:_identify(vehicles/hardware/sam) by extension 'colcon_meta'
[0.323s] Level 1:colcon.colcon_core.package_identification:_identify(vehicles/hardware/sam) by extensions ['ros']
[0.324s] Level 1:colcon.colcon_core.package_identification:_identify(vehicles/hardware/sam) by extension 'ros'
[0.324s] Level 1:colcon.colcon_core.package_identification:_identify(vehicles/hardware/sam) by extensions ['cmake', 'python']
[0.324s] Level 1:colcon.colcon_core.package_identification:_identify(vehicles/hardware/sam) by extension 'cmake'
[0.324s] Level 1:colcon.colcon_core.package_identification:_identify(vehicles/hardware/sam) by extension 'python'
[0.324s] Level 1:colcon.colcon_core.package_identification:_identify(vehicles/hardware/sam) by extensions ['python_setup_py']
[0.324s] Level 1:colcon.colcon_core.package_identification:_identify(vehicles/hardware/sam) by extension 'python_setup_py'
[0.324s] Level 1:colcon.colcon_core.package_discovery:discover_packages(recursive) using defaults
[0.324s] Level 1:colcon.colcon_core.package_discovery:discover_packages(ignore) discover
[0.324s] Level 1:colcon.colcon_core.package_discovery:discover_packages(ignore) using defaults
[0.324s] Level 1:colcon.colcon_core.package_discovery:discover_packages(path) discover
[0.324s] Level 1:colcon.colcon_core.package_discovery:discover_packages(path) using defaults
[0.357s] INFO:colcon.colcon_core.package_selection:Skipping not selected package 'basic_go_to_waypoint' in 'behaviours/basic_go_to_waypoint'
[0.357s] INFO:colcon.colcon_core.package_selection:Skipping not selected package 'dead_reckoning_msgs' in 'messages/dead_reckoning_msgs'
[0.357s] INFO:colcon.colcon_core.package_selection:Skipping not selected package 'dubins_planner' in 'utilities/dubins_planner'
[0.357s] INFO:colcon.colcon_core.package_selection:Skipping not selected package 'mqtt_bridge' in 'external_packages/mqtt_bridge'
[0.357s] INFO:colcon.colcon_core.package_selection:Skipping not selected package 'ros2_python_examples' in 'examples/ros2_python_examples'
[0.357s] INFO:colcon.colcon_core.package_selection:Skipping not selected package 'ros_tcp_endpoint' in 'external_packages/ROS-TCP-Endpoint'
[0.357s] INFO:colcon.colcon_core.package_selection:Skipping not selected package 'sam_dead_reckoning' in 'navigation/dead_reckoning/sam_dead_reckoning'
[0.357s] INFO:colcon.colcon_core.package_selection:Skipping not selected package 'sam_description' in 'vehicles/descriptions/sam_description'
[0.357s] INFO:colcon.colcon_core.package_selection:Skipping not selected package 'sam_graph_slam_2_msgs' in 'messages/sam_graph_slam_2_msgs'
[0.357s] INFO:colcon.colcon_core.package_selection:Skipping not selected package 'sam_msgs' in 'messages/sam_msgs'
[0.357s] INFO:colcon.colcon_core.package_selection:Skipping not selected package 'smarc_bringups' in 'scripts/smarc_bringups'
[0.358s] INFO:colcon.colcon_core.package_selection:Skipping not selected package 'smarc_bt' in 'behaviours/smarc_bt'
[0.358s] INFO:colcon.colcon_core.package_selection:Skipping not selected package 'smarc_mission_msgs' in 'messages/smarc_mission_msgs'
[0.358s] INFO:colcon.colcon_core.package_selection:Skipping not selected package 'smarc_msgs' in 'messages/smarc_msgs'
[0.358s] INFO:colcon.colcon_core.package_selection:Skipping not selected package 'test_package' in 'examples/test_package'
[0.358s] INFO:colcon.colcon_core.package_selection:Skipping not selected package 'utm_latlon_converter' in 'utilities/utm_latlon_converter'
[0.358s] INFO:colcon.colcon_core.package_selection:Skipping not selected package 'workshopfun' in 'examples/workshopfun'
[0.358s] INFO:colcon.colcon_core.package_selection:Skipping not selected package 'sam_basic_controllers' in 'examples/sam_basic_controllers'
[0.358s] INFO:colcon.colcon_core.package_selection:Skipping not selected package 'smarc_nodered' in 'gui/smarc_nodered'
[0.358s] INFO:colcon.colcon_core.package_selection:Skipping not selected package 'tf_convenience_topics' in 'navigation/dead_reckoning/tf_convenience_topics'
[0.358s] Level 1:colcon.colcon_core.package_discovery:discover_packages(prefix_path) check parameters
[0.358s] Level 1:colcon.colcon_core.package_discovery:discover_packages(prefix_path) discover
[0.361s] DEBUG:colcon.colcon_installed_package_information.package_discovery:Found 24 installed packages in /home/jonat/ros2_ws/install
[0.362s] DEBUG:colcon.colcon_installed_package_information.package_discovery:Found 301 installed packages in /opt/ros/humble
[0.364s] Level 1:colcon.colcon_core.package_discovery:discover_packages(prefix_path) using defaults
[0.403s] Level 5:colcon.colcon_core.verb:set package 'quadrotor_basic_controller' build argument 'cmake_args' from command line to 'None'
[0.403s] Level 5:colcon.colcon_core.verb:set package 'quadrotor_basic_controller' build argument 'cmake_target' from command line to 'None'
[0.403s] Level 5:colcon.colcon_core.verb:set package 'quadrotor_basic_controller' build argument 'cmake_target_skip_unavailable' from command line to 'False'
[0.403s] Level 5:colcon.colcon_core.verb:set package 'quadrotor_basic_controller' build argument 'cmake_clean_cache' from command line to 'False'
[0.403s] Level 5:colcon.colcon_core.verb:set package 'quadrotor_basic_controller' build argument 'cmake_clean_first' from command line to 'False'
[0.403s] Level 5:colcon.colcon_core.verb:set package 'quadrotor_basic_controller' build argument 'cmake_force_configure' from command line to 'False'
[0.403s] Level 5:colcon.colcon_core.verb:set package 'quadrotor_basic_controller' build argument 'ament_cmake_args' from command line to 'None'
[0.403s] Level 5:colcon.colcon_core.verb:set package 'quadrotor_basic_controller' build argument 'catkin_cmake_args' from command line to 'None'
[0.403s] Level 5:colcon.colcon_core.verb:set package 'quadrotor_basic_controller' build argument 'catkin_skip_building_tests' from command line to 'False'
[0.403s] DEBUG:colcon.colcon_core.verb:Building package 'quadrotor_basic_controller' with the following arguments: {'ament_cmake_args': None, 'build_base': '/home/jonat/ros2_ws/src/smarc2/build/quadrotor_basic_controller', 'catkin_cmake_args': None, 'catkin_skip_building_tests': False, 'cmake_args': None, 'cmake_clean_cache': False, 'cmake_clean_first': False, 'cmake_force_configure': False, 'cmake_target': None, 'cmake_target_skip_unavailable': False, 'install_base': '/home/jonat/ros2_ws/src/smarc2/install/quadrotor_basic_controller', 'merge_install': False, 'path': '/home/jonat/ros2_ws/src/smarc2/quadrotor/quadrotor_basic_controller', 'symlink_install': False, 'test_result_base': None}
[0.403s] INFO:colcon.colcon_core.executor:Executing jobs using 'parallel' executor
[0.404s] DEBUG:colcon.colcon_parallel_executor.executor.parallel:run_until_complete
[0.404s] INFO:colcon.colcon_ros.task.ament_python.build:Building ROS package in '/home/jonat/ros2_ws/src/smarc2/quadrotor/quadrotor_basic_controller' with build type 'ament_python'
[0.404s] Level 1:colcon.colcon_core.shell:create_environment_hook('quadrotor_basic_controller', 'ament_prefix_path')
[0.407s] INFO:colcon.colcon_core.plugin_system:Skipping extension 'colcon_core.shell.bat': Not used on non-Windows systems
[0.407s] INFO:colcon.colcon_core.shell:Creating environment hook '/home/jonat/ros2_ws/src/smarc2/install/quadrotor_basic_controller/share/quadrotor_basic_controller/hook/ament_prefix_path.ps1'
[0.408s] INFO:colcon.colcon_core.shell:Creating environment descriptor '/home/jonat/ros2_ws/src/smarc2/install/quadrotor_basic_controller/share/quadrotor_basic_controller/hook/ament_prefix_path.dsv'
[0.408s] INFO:colcon.colcon_core.shell:Creating environment hook '/home/jonat/ros2_ws/src/smarc2/install/quadrotor_basic_controller/share/quadrotor_basic_controller/hook/ament_prefix_path.sh'
[0.409s] INFO:colcon.colcon_core.shell:Skip shell extension 'powershell' for command environment: Not usable outside of PowerShell
[0.409s] DEBUG:colcon.colcon_core.shell:Skip shell extension 'dsv' for command environment
[0.690s] INFO:colcon.colcon_core.task.python.build:Building Python package in '/home/jonat/ros2_ws/src/smarc2/quadrotor/quadrotor_basic_controller'
[0.690s] INFO:colcon.colcon_core.shell:Skip shell extension 'powershell' for command environment: Not usable outside of PowerShell
[0.691s] DEBUG:colcon.colcon_core.shell:Skip shell extension 'dsv' for command environment
[1.055s] DEBUG:colcon.colcon_core.event_handler.log_command:Invoking command in '/home/jonat/ros2_ws/src/smarc2/quadrotor/quadrotor_basic_controller': PYTHONPATH=/home/jonat/ros2_ws/src/smarc2/build/quadrotor_basic_controller/prefix_override:/usr/lib/python3/dist-packages/colcon_core/task/python/colcon_distutils_commands:/home/jonat/ros2_ws/src/smarc2/install/quadrotor_basic_controller/lib/python3.10/site-packages:${PYTHONPATH} /usr/bin/python3 -W ignore:setup.py install is deprecated setup.py egg_info --egg-base ../../build/quadrotor_basic_controller build --build-base /home/jonat/ros2_ws/src/smarc2/build/quadrotor_basic_controller/build install --record /home/jonat/ros2_ws/src/smarc2/build/quadrotor_basic_controller/install.log --single-version-externally-managed install_data
[1.401s] DEBUG:colcon.colcon_core.event_handler.log_command:Invoked command in '/home/jonat/ros2_ws/src/smarc2/quadrotor/quadrotor_basic_controller' returned '0': PYTHONPATH=/home/jonat/ros2_ws/src/smarc2/build/quadrotor_basic_controller/prefix_override:/usr/lib/python3/dist-packages/colcon_core/task/python/colcon_distutils_commands:/home/jonat/ros2_ws/src/smarc2/install/quadrotor_basic_controller/lib/python3.10/site-packages:${PYTHONPATH} /usr/bin/python3 -W ignore:setup.py install is deprecated setup.py egg_info --egg-base ../../build/quadrotor_basic_controller build --build-base /home/jonat/ros2_ws/src/smarc2/build/quadrotor_basic_controller/build install --record /home/jonat/ros2_ws/src/smarc2/build/quadrotor_basic_controller/install.log --single-version-externally-managed install_data
[1.405s] Level 1:colcon.colcon_core.environment:checking '/home/jonat/ros2_ws/src/smarc2/install/quadrotor_basic_controller' for CMake module files
[1.407s] Level 1:colcon.colcon_core.environment:checking '/home/jonat/ros2_ws/src/smarc2/install/quadrotor_basic_controller' for CMake config files
[1.408s] Level 1:colcon.colcon_core.environment:checking '/home/jonat/ros2_ws/src/smarc2/install/quadrotor_basic_controller/lib'
[1.408s] Level 1:colcon.colcon_core.environment:checking '/home/jonat/ros2_ws/src/smarc2/install/quadrotor_basic_controller/bin'
[1.408s] Level 1:colcon.colcon_core.environment:checking '/home/jonat/ros2_ws/src/smarc2/install/quadrotor_basic_controller/lib/pkgconfig/quadrotor_basic_controller.pc'
[1.409s] Level 1:colcon.colcon_core.environment:checking '/home/jonat/ros2_ws/src/smarc2/install/quadrotor_basic_controller/lib/python3.10/site-packages'
[1.409s] Level 1:colcon.colcon_core.shell:create_environment_hook('quadrotor_basic_controller', 'pythonpath')
[1.409s] INFO:colcon.colcon_core.shell:Creating environment hook '/home/jonat/ros2_ws/src/smarc2/install/quadrotor_basic_controller/share/quadrotor_basic_controller/hook/pythonpath.ps1'
[1.410s] INFO:colcon.colcon_core.shell:Creating environment descriptor '/home/jonat/ros2_ws/src/smarc2/install/quadrotor_basic_controller/share/quadrotor_basic_controller/hook/pythonpath.dsv'
[1.410s] INFO:colcon.colcon_core.shell:Creating environment hook '/home/jonat/ros2_ws/src/smarc2/install/quadrotor_basic_controller/share/quadrotor_basic_controller/hook/pythonpath.sh'
[1.411s] Level 1:colcon.colcon_core.environment:checking '/home/jonat/ros2_ws/src/smarc2/install/quadrotor_basic_controller/bin'
[1.411s] Level 1:colcon.colcon_core.environment:create_environment_scripts_only(quadrotor_basic_controller)
[1.412s] INFO:colcon.colcon_core.shell:Creating package script '/home/jonat/ros2_ws/src/smarc2/install/quadrotor_basic_controller/share/quadrotor_basic_controller/package.ps1'
[1.413s] INFO:colcon.colcon_core.shell:Creating package descriptor '/home/jonat/ros2_ws/src/smarc2/install/quadrotor_basic_controller/share/quadrotor_basic_controller/package.dsv'
[1.414s] INFO:colcon.colcon_core.shell:Creating package script '/home/jonat/ros2_ws/src/smarc2/install/quadrotor_basic_controller/share/quadrotor_basic_controller/package.sh'
[1.415s] INFO:colcon.colcon_core.shell:Creating package script '/home/jonat/ros2_ws/src/smarc2/install/quadrotor_basic_controller/share/quadrotor_basic_controller/package.bash'
[1.416s] INFO:colcon.colcon_core.shell:Creating package script '/home/jonat/ros2_ws/src/smarc2/install/quadrotor_basic_controller/share/quadrotor_basic_controller/package.zsh'
[1.417s] Level 1:colcon.colcon_core.environment:create_file_with_runtime_dependencies(/home/jonat/ros2_ws/src/smarc2/install/quadrotor_basic_controller/share/colcon-core/packages/quadrotor_basic_controller)
[1.417s] DEBUG:colcon.colcon_parallel_executor.executor.parallel:closing loop
[1.418s] DEBUG:colcon.colcon_parallel_executor.executor.parallel:loop closed
[1.418s] DEBUG:colcon.colcon_parallel_executor.executor.parallel:run_until_complete finished with '0'
[1.418s] DEBUG:colcon.colcon_core.event_reactor:joining thread
[1.424s] INFO:colcon.colcon_core.plugin_system:Skipping extension 'colcon_notification.desktop_notification.terminal_notifier': Not used on non-Darwin systems
[1.425s] INFO:colcon.colcon_core.plugin_system:Skipping extension 'colcon_notification.desktop_notification.win32': Not used on non-Windows systems
[1.425s] INFO:colcon.colcon_notification.desktop_notification:Sending desktop notification using 'notify2'
[1.434s] DEBUG:colcon.colcon_core.event_reactor:joined thread
[1.434s] INFO:colcon.colcon_core.shell:Creating prefix script '/home/jonat/ros2_ws/src/smarc2/install/local_setup.ps1'
[1.435s] INFO:colcon.colcon_core.shell:Creating prefix util module '/home/jonat/ros2_ws/src/smarc2/install/_local_setup_util_ps1.py'
[1.437s] INFO:colcon.colcon_core.shell:Creating prefix chain script '/home/jonat/ros2_ws/src/smarc2/install/setup.ps1'
[1.439s] INFO:colcon.colcon_core.shell:Creating prefix script '/home/jonat/ros2_ws/src/smarc2/install/local_setup.sh'
[1.440s] INFO:colcon.colcon_core.shell:Creating prefix util module '/home/jonat/ros2_ws/src/smarc2/install/_local_setup_util_sh.py'
[1.440s] INFO:colcon.colcon_core.shell:Creating prefix chain script '/home/jonat/ros2_ws/src/smarc2/install/setup.sh'
[1.443s] INFO:colcon.colcon_core.shell:Creating prefix script '/home/jonat/ros2_ws/src/smarc2/install/local_setup.bash'
[1.444s] INFO:colcon.colcon_core.shell:Creating prefix chain script '/home/jonat/ros2_ws/src/smarc2/install/setup.bash'
[1.447s] INFO:colcon.colcon_core.shell:Creating prefix script '/home/jonat/ros2_ws/src/smarc2/install/local_setup.zsh'
[1.448s] INFO:colcon.colcon_core.shell:Creating prefix chain script '/home/jonat/ros2_ws/src/smarc2/install/setup.zsh'
