[0.185s] Invoking command in '/home/schni2zle/colcon_ws/src/build/sam_msgs': CMAKE_PREFIX_PATH=${CMAKE_PREFIX_PATH}:/home/schni2zle/colcon_ws/src/install/workshopfun:/home/schni2zle/colcon_ws/src/install/utm_latlon_converter:/home/schni2zle/colcon_ws/src/install/test_package:/home/schni2zle/colcon_ws/src/install/state_estimation:/home/schni2zle/colcon_ws/src/install/smarc_nodered:/home/schni2zle/colcon_ws/src/install/smarc_bt:/home/schni2zle/colcon_ws/src/install/smarc_bringups:/home/schni2zle/colcon_ws/src/install/sam_dead_reckoning:/home/schni2zle/colcon_ws/src/install/ros_tcp_endpoint:/home/schni2zle/colcon_ws/src/install/ros2_python_examples:/home/schni2zle/colcon_ws/src/install/quadrotor_basic_controller:/home/schni2zle/colcon_ws/src/install/mqtt_bridge:/home/schni2zle/colcon_ws/src/install/dubins_planner:/home/schni2zle/colcon_ws/src/install/dive_control:/home/schni2zle/colcon_ws/src/install/basic_go_to_waypoint:/home/schni2zle/colcon_ws/src/install/basic_depth_pitch_control:/home/schni2zle/colcon_ws/install/workshopfun:/home/schni2zle/colcon_ws/install/utm_latlon_converter:/home/schni2zle/colcon_ws/install/smarc_nodered:/home/schni2zle/colcon_ws/install/smarc_bt:/home/schni2zle/colcon_ws/install/smarc_bringups:/home/schni2zle/colcon_ws/install/sam_dead_reckoning:/home/schni2zle/colcon_ws/install/ros_tcp_endpoint:/home/schni2zle/colcon_ws/install/ros2_python_examples:/home/schni2zle/colcon_ws/install/mqtt_bridge:/home/schni2zle/colcon_ws/install/dubins_planner:/home/schni2zle/colcon_ws/install/basic_go_to_waypoint:/opt/ros/humble /usr/bin/cmake --build /home/schni2zle/colcon_ws/src/build/sam_msgs -- -j8 -l8
[3.793s] [  0%] Built target sam_msgs__cpp
[3.795s] [ 12%] Built target sam_msgs__rosidl_generator_c
[3.795s] [ 12%] Built target ament_cmake_python_copy_sam_msgs
[3.796s] [ 24%] Built target sam_msgs__rosidl_typesupport_cpp
[3.796s] [ 36%] Built target sam_msgs__rosidl_typesupport_fastrtps_cpp
[3.797s] [ 49%] Built target sam_msgs__rosidl_typesupport_introspection_cpp
[3.798s] [ 61%] Built target sam_msgs__rosidl_typesupport_c
[3.798s] [ 73%] Built target sam_msgs__rosidl_typesupport_fastrtps_c
[3.798s] [ 85%] Built target sam_msgs__rosidl_typesupport_introspection_c
[3.799s] [ 85%] Built target sam_msgs
[3.801s] [ 86%] Built target sam_msgs__py
[3.801s] [ 97%] Built target sam_msgs__rosidl_generator_py
[3.801s] [ 98%] Built target sam_msgs__rosidl_typesupport_fastrtps_c__pyext
[3.802s] [100%] Built target sam_msgs__rosidl_typesupport_c__pyext
[3.802s] [100%] Built target sam_msgs__rosidl_typesupport_introspection_c__pyext
[3.803s] running egg_info
[3.803s] writing sam_msgs.egg-info/PKG-INFO
[3.803s] writing dependency_links to sam_msgs.egg-info/dependency_links.txt
[3.803s] writing top-level names to sam_msgs.egg-info/top_level.txt
[3.803s] reading manifest file 'sam_msgs.egg-info/SOURCES.txt'
[3.803s] writing manifest file 'sam_msgs.egg-info/SOURCES.txt'
[3.804s] [100%] Built target ament_cmake_python_build_sam_msgs_egg
[4.337s] Invoked command in '/home/schni2zle/colcon_ws/src/build/sam_msgs' returned '0': CMAKE_PREFIX_PATH=${CMAKE_PREFIX_PATH}:/home/schni2zle/colcon_ws/src/install/workshopfun:/home/schni2zle/colcon_ws/src/install/utm_latlon_converter:/home/schni2zle/colcon_ws/src/install/test_package:/home/schni2zle/colcon_ws/src/install/state_estimation:/home/schni2zle/colcon_ws/src/install/smarc_nodered:/home/schni2zle/colcon_ws/src/install/smarc_bt:/home/schni2zle/colcon_ws/src/install/smarc_bringups:/home/schni2zle/colcon_ws/src/install/sam_dead_reckoning:/home/schni2zle/colcon_ws/src/install/ros_tcp_endpoint:/home/schni2zle/colcon_ws/src/install/ros2_python_examples:/home/schni2zle/colcon_ws/src/install/quadrotor_basic_controller:/home/schni2zle/colcon_ws/src/install/mqtt_bridge:/home/schni2zle/colcon_ws/src/install/dubins_planner:/home/schni2zle/colcon_ws/src/install/dive_control:/home/schni2zle/colcon_ws/src/install/basic_go_to_waypoint:/home/schni2zle/colcon_ws/src/install/basic_depth_pitch_control:/home/schni2zle/colcon_ws/install/workshopfun:/home/schni2zle/colcon_ws/install/utm_latlon_converter:/home/schni2zle/colcon_ws/install/smarc_nodered:/home/schni2zle/colcon_ws/install/smarc_bt:/home/schni2zle/colcon_ws/install/smarc_bringups:/home/schni2zle/colcon_ws/install/sam_dead_reckoning:/home/schni2zle/colcon_ws/install/ros_tcp_endpoint:/home/schni2zle/colcon_ws/install/ros2_python_examples:/home/schni2zle/colcon_ws/install/mqtt_bridge:/home/schni2zle/colcon_ws/install/dubins_planner:/home/schni2zle/colcon_ws/install/basic_go_to_waypoint:/opt/ros/humble /usr/bin/cmake --build /home/schni2zle/colcon_ws/src/build/sam_msgs -- -j8 -l8
[6.101s] Invoking command in '/home/schni2zle/colcon_ws/src/build/sam_msgs': CMAKE_PREFIX_PATH=${CMAKE_PREFIX_PATH}:/home/schni2zle/colcon_ws/src/install/workshopfun:/home/schni2zle/colcon_ws/src/install/utm_latlon_converter:/home/schni2zle/colcon_ws/src/install/test_package:/home/schni2zle/colcon_ws/src/install/state_estimation:/home/schni2zle/colcon_ws/src/install/smarc_nodered:/home/schni2zle/colcon_ws/src/install/smarc_bt:/home/schni2zle/colcon_ws/src/install/smarc_bringups:/home/schni2zle/colcon_ws/src/install/sam_dead_reckoning:/home/schni2zle/colcon_ws/src/install/ros_tcp_endpoint:/home/schni2zle/colcon_ws/src/install/ros2_python_examples:/home/schni2zle/colcon_ws/src/install/quadrotor_basic_controller:/home/schni2zle/colcon_ws/src/install/mqtt_bridge:/home/schni2zle/colcon_ws/src/install/dubins_planner:/home/schni2zle/colcon_ws/src/install/dive_control:/home/schni2zle/colcon_ws/src/install/basic_go_to_waypoint:/home/schni2zle/colcon_ws/src/install/basic_depth_pitch_control:/home/schni2zle/colcon_ws/install/workshopfun:/home/schni2zle/colcon_ws/install/utm_latlon_converter:/home/schni2zle/colcon_ws/install/smarc_nodered:/home/schni2zle/colcon_ws/install/smarc_bt:/home/schni2zle/colcon_ws/install/smarc_bringups:/home/schni2zle/colcon_ws/install/sam_dead_reckoning:/home/schni2zle/colcon_ws/install/ros_tcp_endpoint:/home/schni2zle/colcon_ws/install/ros2_python_examples:/home/schni2zle/colcon_ws/install/mqtt_bridge:/home/schni2zle/colcon_ws/install/dubins_planner:/home/schni2zle/colcon_ws/install/basic_go_to_waypoint:/opt/ros/humble /usr/bin/cmake --install /home/schni2zle/colcon_ws/src/build/sam_msgs
[6.470s] -- Install configuration: ""
[6.470s] -- Up-to-date: /home/schni2zle/colcon_ws/src/install/sam_msgs/share/ament_index/resource_index/rosidl_interfaces/sam_msgs
[6.471s] -- Up-to-date: /home/schni2zle/colcon_ws/src/install/sam_msgs/include/sam_msgs/sam_msgs
[6.471s] -- Up-to-date: /home/schni2zle/colcon_ws/src/install/sam_msgs/include/sam_msgs/sam_msgs/msg
[6.471s] -- Up-to-date: /home/schni2zle/colcon_ws/src/install/sam_msgs/include/sam_msgs/sam_msgs/msg/uavcan_node_status.h
[6.471s] -- Up-to-date: /home/schni2zle/colcon_ws/src/install/sam_msgs/include/sam_msgs/sam_msgs/msg/circuit_status_stamped_array.h
[6.471s] -- Up-to-date: /home/schni2zle/colcon_ws/src/install/sam_msgs/include/sam_msgs/sam_msgs/msg/thruster_angles.h
[6.472s] -- Up-to-date: /home/schni2zle/colcon_ws/src/install/sam_msgs/include/sam_msgs/sam_msgs/msg/uavcan_node_status_named.h
[6.472s] -- Up-to-date: /home/schni2zle/colcon_ws/src/install/sam_msgs/include/sam_msgs/sam_msgs/msg/uavcan_node_status_named_array.h
[6.472s] -- Up-to-date: /home/schni2zle/colcon_ws/src/install/sam_msgs/include/sam_msgs/sam_msgs/msg/ctp.h
[6.472s] -- Up-to-date: /home/schni2zle/colcon_ws/src/install/sam_msgs/include/sam_msgs/sam_msgs/msg/light_command.h
[6.472s] -- Up-to-date: /home/schni2zle/colcon_ws/src/install/sam_msgs/include/sam_msgs/sam_msgs/msg/rosidl_generator_c__visibility_control.h
[6.473s] -- Up-to-date: /home/schni2zle/colcon_ws/src/install/sam_msgs/include/sam_msgs/sam_msgs/msg/thruster_rp_ms.h
[6.473s] -- Up-to-date: /home/schni2zle/colcon_ws/src/install/sam_msgs/include/sam_msgs/sam_msgs/msg/links.h
[6.473s] -- Up-to-date: /home/schni2zle/colcon_ws/src/install/sam_msgs/include/sam_msgs/sam_msgs/msg/percent_stamped.h
[6.488s] -- Up-to-date: /home/schni2zle/colcon_ws/src/install/sam_msgs/include/sam_msgs/sam_msgs/msg/consumed_charge_array.h
[6.489s] -- Up-to-date: /home/schni2zle/colcon_ws/src/install/sam_msgs/include/sam_msgs/sam_msgs/msg/leak.h
[6.489s] -- Up-to-date: /home/schni2zle/colcon_ws/src/install/sam_msgs/include/sam_msgs/sam_msgs/msg/detail
[6.489s] -- Up-to-date: /home/schni2zle/colcon_ws/src/install/sam_msgs/include/sam_msgs/sam_msgs/msg/detail/array_command__type_support.h
[6.489s] -- Up-to-date: /home/schni2zle/colcon_ws/src/install/sam_msgs/include/sam_msgs/sam_msgs/msg/detail/light_command__functions.h
[6.490s] -- Up-to-date: /home/schni2zle/colcon_ws/src/install/sam_msgs/include/sam_msgs/sam_msgs/msg/detail/leak__functions.h
[6.490s] -- Up-to-date: /home/schni2zle/colcon_ws/src/install/sam_msgs/include/sam_msgs/sam_msgs/msg/detail/array_command__struct.h
[6.490s] -- Up-to-date: /home/schni2zle/colcon_ws/src/install/sam_msgs/include/sam_msgs/sam_msgs/msg/detail/consumed_charge__type_support.h
[6.490s] -- Up-to-date: /home/schni2zle/colcon_ws/src/install/sam_msgs/include/sam_msgs/sam_msgs/msg/detail/links__functions.c
[6.490s] -- Up-to-date: /home/schni2zle/colcon_ws/src/install/sam_msgs/include/sam_msgs/sam_msgs/msg/detail/circuit_status_stamped_array__functions.c
[6.491s] -- Up-to-date: /home/schni2zle/colcon_ws/src/install/sam_msgs/include/sam_msgs/sam_msgs/msg/detail/uavcan_node_status__type_support.h
[6.491s] -- Up-to-date: /home/schni2zle/colcon_ws/src/install/sam_msgs/include/sam_msgs/sam_msgs/msg/detail/links__struct.h
[6.491s] -- Up-to-date: /home/schni2zle/colcon_ws/src/install/sam_msgs/include/sam_msgs/sam_msgs/msg/detail/leak__functions.c
[6.491s] -- Up-to-date: /home/schni2zle/colcon_ws/src/install/sam_msgs/include/sam_msgs/sam_msgs/msg/detail/uavcan_node_status__functions.c
[6.491s] -- Up-to-date: /home/schni2zle/colcon_ws/src/install/sam_msgs/include/sam_msgs/sam_msgs/msg/detail/uavcan_node_status_named_array__functions.c
[6.492s] -- Up-to-date: /home/schni2zle/colcon_ws/src/install/sam_msgs/include/sam_msgs/sam_msgs/msg/detail/topics__struct.h
[6.492s] -- Up-to-date: /home/schni2zle/colcon_ws/src/install/sam_msgs/include/sam_msgs/sam_msgs/msg/detail/percent_stamped__struct.h
[6.492s] -- Up-to-date: /home/schni2zle/colcon_ws/src/install/sam_msgs/include/sam_msgs/sam_msgs/msg/detail/consumed_charge_array__functions.h
[6.493s] -- Up-to-date: /home/schni2zle/colcon_ws/src/install/sam_msgs/include/sam_msgs/sam_msgs/msg/detail/circuit_status_stamped_array__functions.h
[6.493s] -- Up-to-date: /home/schni2zle/colcon_ws/src/install/sam_msgs/include/sam_msgs/sam_msgs/msg/detail/ctp__functions.c
[6.493s] -- Up-to-date: /home/schni2zle/colcon_ws/src/install/sam_msgs/include/sam_msgs/sam_msgs/msg/detail/percent_stamped__functions.c
[6.494s] -- Up-to-date: /home/schni2zle/colcon_ws/src/install/sam_msgs/include/sam_msgs/sam_msgs/msg/detail/light_command_array__functions.c
[6.494s] -- Up-to-date: /home/schni2zle/colcon_ws/src/install/sam_msgs/include/sam_msgs/sam_msgs/msg/detail/leak__type_support.h
[6.494s] -- Up-to-date: /home/schni2zle/colcon_ws/src/install/sam_msgs/include/sam_msgs/sam_msgs/msg/detail/consumed_charge_array__type_support.h
[6.494s] -- Up-to-date: /home/schni2zle/colcon_ws/src/install/sam_msgs/include/sam_msgs/sam_msgs/msg/detail/light_command__struct.h
[6.494s] -- Up-to-date: /home/schni2zle/colcon_ws/src/install/sam_msgs/include/sam_msgs/sam_msgs/msg/detail/thruster_rp_ms__functions.c
[6.495s] -- Up-to-date: /home/schni2zle/colcon_ws/src/install/sam_msgs/include/sam_msgs/sam_msgs/msg/detail/consumed_charge_array__functions.c
[6.495s] -- Up-to-date: /home/schni2zle/colcon_ws/src/install/sam_msgs/include/sam_msgs/sam_msgs/msg/detail/uavcan_node_status_named_array__functions.h
[6.495s] -- Up-to-date: /home/schni2zle/colcon_ws/src/install/sam_msgs/include/sam_msgs/sam_msgs/msg/detail/thruster_rp_ms__type_support.h
[6.495s] -- Up-to-date: /home/schni2zle/colcon_ws/src/install/sam_msgs/include/sam_msgs/sam_msgs/msg/detail/command__functions.h
[6.496s] -- Up-to-date: /home/schni2zle/colcon_ws/src/install/sam_msgs/include/sam_msgs/sam_msgs/msg/detail/light_command_array__functions.h
[6.497s] -- Up-to-date: /home/schni2zle/colcon_ws/src/install/sam_msgs/include/sam_msgs/sam_msgs/msg/detail/thruster_angles__functions.h
[6.497s] -- Up-to-date: /home/schni2zle/colcon_ws/src/install/sam_msgs/include/sam_msgs/sam_msgs/msg/detail/consumed_charge__struct.h
[6.497s] -- Up-to-date: /home/schni2zle/colcon_ws/src/install/sam_msgs/include/sam_msgs/sam_msgs/msg/detail/circuit_status_stamped__struct.h
[6.498s] -- Up-to-date: /home/schni2zle/colcon_ws/src/install/sam_msgs/include/sam_msgs/sam_msgs/msg/detail/ballast_angles__functions.c
[6.498s] -- Up-to-date: /home/schni2zle/colcon_ws/src/install/sam_msgs/include/sam_msgs/sam_msgs/msg/detail/consumed_charge_feedback__struct.h
[6.498s] -- Up-to-date: /home/schni2zle/colcon_ws/src/install/sam_msgs/include/sam_msgs/sam_msgs/msg/detail/topics__type_support.h
[6.498s] -- Up-to-date: /home/schni2zle/colcon_ws/src/install/sam_msgs/include/sam_msgs/sam_msgs/msg/detail/uavcan_node_status_named_array__type_support.h
[6.499s] -- Up-to-date: /home/schni2zle/colcon_ws/src/install/sam_msgs/include/sam_msgs/sam_msgs/msg/detail/percent_stamped__type_support.h
[6.499s] -- Up-to-date: /home/schni2zle/colcon_ws/src/install/sam_msgs/include/sam_msgs/sam_msgs/msg/detail/uavcan_node_status_named__struct.h
[6.499s] -- Up-to-date: /home/schni2zle/colcon_ws/src/install/sam_msgs/include/sam_msgs/sam_msgs/msg/detail/ctp__struct.h
[6.499s] -- Up-to-date: /home/schni2zle/colcon_ws/src/install/sam_msgs/include/sam_msgs/sam_msgs/msg/detail/light_command__type_support.h
[6.499s] -- Up-to-date: /home/schni2zle/colcon_ws/src/install/sam_msgs/include/sam_msgs/sam_msgs/msg/detail/links__functions.h
[6.500s] -- Up-to-date: /home/schni2zle/colcon_ws/src/install/sam_msgs/include/sam_msgs/sam_msgs/msg/detail/ballast_angles__functions.h
[6.500s] -- Up-to-date: /home/schni2zle/colcon_ws/src/install/sam_msgs/include/sam_msgs/sam_msgs/msg/detail/topics__functions.h
[6.500s] -- Up-to-date: /home/schni2zle/colcon_ws/src/install/sam_msgs/include/sam_msgs/sam_msgs/msg/detail/consumed_charge__functions.h
[6.500s] -- Up-to-date: /home/schni2zle/colcon_ws/src/install/sam_msgs/include/sam_msgs/sam_msgs/msg/detail/percent_stamped__functions.h
[6.500s] -- Up-to-date: /home/schni2zle/colcon_ws/src/install/sam_msgs/include/sam_msgs/sam_msgs/msg/detail/light_command__functions.c
[6.501s] -- Up-to-date: /home/schni2zle/colcon_ws/src/install/sam_msgs/include/sam_msgs/sam_msgs/msg/detail/uavcan_node_status_named__functions.c
[6.501s] -- Up-to-date: /home/schni2zle/colcon_ws/src/install/sam_msgs/include/sam_msgs/sam_msgs/msg/detail/thruster_angles__functions.c
[6.501s] -- Up-to-date: /home/schni2zle/colcon_ws/src/install/sam_msgs/include/sam_msgs/sam_msgs/msg/detail/thruster_angles__struct.h
[6.501s] -- Up-to-date: /home/schni2zle/colcon_ws/src/install/sam_msgs/include/sam_msgs/sam_msgs/msg/detail/circuit_status_stamped__functions.c
[6.501s] -- Up-to-date: /home/schni2zle/colcon_ws/src/install/sam_msgs/include/sam_msgs/sam_msgs/msg/detail/circuit_status_stamped_array__type_support.h
[6.502s] -- Up-to-date: /home/schni2zle/colcon_ws/src/install/sam_msgs/include/sam_msgs/sam_msgs/msg/detail/topics__functions.c
[6.502s] -- Up-to-date: /home/schni2zle/colcon_ws/src/install/sam_msgs/include/sam_msgs/sam_msgs/msg/detail/light_command_array__struct.h
[6.502s] -- Up-to-date: /home/schni2zle/colcon_ws/src/install/sam_msgs/include/sam_msgs/sam_msgs/msg/detail/consumed_charge_feedback__functions.c
[6.502s] -- Up-to-date: /home/schni2zle/colcon_ws/src/install/sam_msgs/include/sam_msgs/sam_msgs/msg/detail/circuit_status_stamped__type_support.h
[6.503s] -- Up-to-date: /home/schni2zle/colcon_ws/src/install/sam_msgs/include/sam_msgs/sam_msgs/msg/detail/circuit_status__functions.h
[6.503s] -- Up-to-date: /home/schni2zle/colcon_ws/src/install/sam_msgs/include/sam_msgs/sam_msgs/msg/detail/array_command__functions.h
[6.503s] -- Up-to-date: /home/schni2zle/colcon_ws/src/install/sam_msgs/include/sam_msgs/sam_msgs/msg/detail/uavcan_node_status_named_array__struct.h
[6.503s] -- Up-to-date: /home/schni2zle/colcon_ws/src/install/sam_msgs/include/sam_msgs/sam_msgs/msg/detail/circuit_status__type_support.h
[6.503s] -- Up-to-date: /home/schni2zle/colcon_ws/src/install/sam_msgs/include/sam_msgs/sam_msgs/msg/detail/consumed_charge_feedback__type_support.h
[6.504s] -- Up-to-date: /home/schni2zle/colcon_ws/src/install/sam_msgs/include/sam_msgs/sam_msgs/msg/detail/thruster_rp_ms__struct.h
[6.504s] -- Up-to-date: /home/schni2zle/colcon_ws/src/install/sam_msgs/include/sam_msgs/sam_msgs/msg/detail/thruster_rp_ms__functions.h
[6.504s] -- Up-to-date: /home/schni2zle/colcon_ws/src/install/sam_msgs/include/sam_msgs/sam_msgs/msg/detail/ctp__functions.h
[6.504s] -- Up-to-date: /home/schni2zle/colcon_ws/src/install/sam_msgs/include/sam_msgs/sam_msgs/msg/detail/uavcan_node_status_named__functions.h
[6.504s] -- Up-to-date: /home/schni2zle/colcon_ws/src/install/sam_msgs/include/sam_msgs/sam_msgs/msg/detail/array_command__functions.c
[6.505s] -- Up-to-date: /home/schni2zle/colcon_ws/src/install/sam_msgs/include/sam_msgs/sam_msgs/msg/detail/circuit_status_stamped__functions.h
[6.505s] -- Up-to-date: /home/schni2zle/colcon_ws/src/install/sam_msgs/include/sam_msgs/sam_msgs/msg/detail/ctp__type_support.h
[6.505s] -- Up-to-date: /home/schni2zle/colcon_ws/src/install/sam_msgs/include/sam_msgs/sam_msgs/msg/detail/ballast_angles__type_support.h
[6.505s] -- Up-to-date: /home/schni2zle/colcon_ws/src/install/sam_msgs/include/sam_msgs/sam_msgs/msg/detail/uavcan_node_status_named__type_support.h
[6.505s] -- Up-to-date: /home/schni2zle/colcon_ws/src/install/sam_msgs/include/sam_msgs/sam_msgs/msg/detail/command__functions.c
[6.506s] -- Up-to-date: /home/schni2zle/colcon_ws/src/install/sam_msgs/include/sam_msgs/sam_msgs/msg/detail/command__struct.h
[6.506s] -- Up-to-date: /home/schni2zle/colcon_ws/src/install/sam_msgs/include/sam_msgs/sam_msgs/msg/detail/consumed_charge_array__struct.h
[6.506s] -- Up-to-date: /home/schni2zle/colcon_ws/src/install/sam_msgs/include/sam_msgs/sam_msgs/msg/detail/circuit_status_stamped_array__struct.h
[6.506s] -- Up-to-date: /home/schni2zle/colcon_ws/src/install/sam_msgs/include/sam_msgs/sam_msgs/msg/detail/consumed_charge_feedback__functions.h
[6.507s] -- Up-to-date: /home/schni2zle/colcon_ws/src/install/sam_msgs/include/sam_msgs/sam_msgs/msg/detail/consumed_charge__functions.c
[6.507s] -- Up-to-date: /home/schni2zle/colcon_ws/src/install/sam_msgs/include/sam_msgs/sam_msgs/msg/detail/thruster_angles__type_support.h
[6.507s] -- Up-to-date: /home/schni2zle/colcon_ws/src/install/sam_msgs/include/sam_msgs/sam_msgs/msg/detail/uavcan_node_status__functions.h
[6.507s] -- Up-to-date: /home/schni2zle/colcon_ws/src/install/sam_msgs/include/sam_msgs/sam_msgs/msg/detail/uavcan_node_status__struct.h
[6.507s] -- Up-to-date: /home/schni2zle/colcon_ws/src/install/sam_msgs/include/sam_msgs/sam_msgs/msg/detail/light_command_array__type_support.h
[6.508s] -- Up-to-date: /home/schni2zle/colcon_ws/src/install/sam_msgs/include/sam_msgs/sam_msgs/msg/detail/circuit_status__struct.h
[6.509s] -- Up-to-date: /home/schni2zle/colcon_ws/src/install/sam_msgs/include/sam_msgs/sam_msgs/msg/detail/ballast_angles__struct.h
[6.509s] -- Up-to-date: /home/schni2zle/colcon_ws/src/install/sam_msgs/include/sam_msgs/sam_msgs/msg/detail/circuit_status__functions.c
[6.509s] -- Up-to-date: /home/schni2zle/colcon_ws/src/install/sam_msgs/include/sam_msgs/sam_msgs/msg/detail/links__type_support.h
[6.510s] -- Up-to-date: /home/schni2zle/colcon_ws/src/install/sam_msgs/include/sam_msgs/sam_msgs/msg/detail/command__type_support.h
[6.510s] -- Up-to-date: /home/schni2zle/colcon_ws/src/install/sam_msgs/include/sam_msgs/sam_msgs/msg/detail/leak__struct.h
[6.510s] -- Up-to-date: /home/schni2zle/colcon_ws/src/install/sam_msgs/include/sam_msgs/sam_msgs/msg/circuit_status.h
[6.510s] -- Up-to-date: /home/schni2zle/colcon_ws/src/install/sam_msgs/include/sam_msgs/sam_msgs/msg/command.h
[6.510s] -- Up-to-date: /home/schni2zle/colcon_ws/src/install/sam_msgs/include/sam_msgs/sam_msgs/msg/consumed_charge_feedback.h
[6.511s] -- Up-to-date: /home/schni2zle/colcon_ws/src/install/sam_msgs/include/sam_msgs/sam_msgs/msg/array_command.h
[6.511s] -- Up-to-date: /home/schni2zle/colcon_ws/src/install/sam_msgs/include/sam_msgs/sam_msgs/msg/light_command_array.h
[6.511s] -- Up-to-date: /home/schni2zle/colcon_ws/src/install/sam_msgs/include/sam_msgs/sam_msgs/msg/ballast_angles.h
[6.511s] -- Up-to-date: /home/schni2zle/colcon_ws/src/install/sam_msgs/include/sam_msgs/sam_msgs/msg/circuit_status_stamped.h
[6.512s] -- Up-to-date: /home/schni2zle/colcon_ws/src/install/sam_msgs/include/sam_msgs/sam_msgs/msg/consumed_charge.h
[6.512s] -- Up-to-date: /home/schni2zle/colcon_ws/src/install/sam_msgs/include/sam_msgs/sam_msgs/msg/topics.h
[6.512s] -- Up-to-date: /home/schni2zle/colcon_ws/src/install/sam_msgs/include/sam_msgs/sam_msgs/srv
[6.512s] -- Up-to-date: /home/schni2zle/colcon_ws/src/install/sam_msgs/include/sam_msgs/sam_msgs/srv/detail
[6.512s] -- Up-to-date: /home/schni2zle/colcon_ws/src/install/sam_msgs/include/sam_msgs/sam_msgs/srv/detail/uavcan_update_battery__type_support.h
[6.513s] -- Up-to-date: /home/schni2zle/colcon_ws/src/install/sam_msgs/include/sam_msgs/sam_msgs/srv/detail/uavcan_update_battery__functions.c
[6.513s] -- Up-to-date: /home/schni2zle/colcon_ws/src/install/sam_msgs/include/sam_msgs/sam_msgs/srv/detail/uavcan_update_battery__struct.h
[6.513s] -- Up-to-date: /home/schni2zle/colcon_ws/src/install/sam_msgs/include/sam_msgs/sam_msgs/srv/detail/uavcan_update_battery__functions.h
[6.513s] -- Up-to-date: /home/schni2zle/colcon_ws/src/install/sam_msgs/include/sam_msgs/sam_msgs/srv/uavcan_update_battery.h
[6.513s] -- Up-to-date: /home/schni2zle/colcon_ws/src/install/sam_msgs/share/sam_msgs/environment/library_path.sh
[6.514s] -- Up-to-date: /home/schni2zle/colcon_ws/src/install/sam_msgs/share/sam_msgs/environment/library_path.dsv
[6.514s] -- Up-to-date: /home/schni2zle/colcon_ws/src/install/sam_msgs/lib/libsam_msgs__rosidl_generator_c.so
[6.514s] -- Up-to-date: /home/schni2zle/colcon_ws/src/install/sam_msgs/include/sam_msgs/sam_msgs
[6.514s] -- Up-to-date: /home/schni2zle/colcon_ws/src/install/sam_msgs/include/sam_msgs/sam_msgs/msg
[6.514s] -- Up-to-date: /home/schni2zle/colcon_ws/src/install/sam_msgs/include/sam_msgs/sam_msgs/msg/rosidl_typesupport_fastrtps_c__visibility_control.h
[6.515s] -- Up-to-date: /home/schni2zle/colcon_ws/src/install/sam_msgs/include/sam_msgs/sam_msgs/msg/detail
[6.515s] -- Up-to-date: /home/schni2zle/colcon_ws/src/install/sam_msgs/include/sam_msgs/sam_msgs/msg/detail/consumed_charge__rosidl_typesupport_fastrtps_c.h
[6.515s] -- Up-to-date: /home/schni2zle/colcon_ws/src/install/sam_msgs/include/sam_msgs/sam_msgs/msg/detail/uavcan_node_status__rosidl_typesupport_fastrtps_c.h
[6.515s] -- Up-to-date: /home/schni2zle/colcon_ws/src/install/sam_msgs/include/sam_msgs/sam_msgs/msg/detail/circuit_status_stamped_array__rosidl_typesupport_fastrtps_c.h
[6.516s] -- Up-to-date: /home/schni2zle/colcon_ws/src/install/sam_msgs/include/sam_msgs/sam_msgs/msg/detail/circuit_status__rosidl_typesupport_fastrtps_c.h
[6.516s] -- Up-to-date: /home/schni2zle/colcon_ws/src/install/sam_msgs/include/sam_msgs/sam_msgs/msg/detail/consumed_charge_array__rosidl_typesupport_fastrtps_c.h
[6.516s] -- Up-to-date: /home/schni2zle/colcon_ws/src/install/sam_msgs/include/sam_msgs/sam_msgs/msg/detail/topics__rosidl_typesupport_fastrtps_c.h
[6.517s] -- Up-to-date: /home/schni2zle/colcon_ws/src/install/sam_msgs/include/sam_msgs/sam_msgs/msg/detail/thruster_rp_ms__rosidl_typesupport_fastrtps_c.h
[6.517s] -- Up-to-date: /home/schni2zle/colcon_ws/src/install/sam_msgs/include/sam_msgs/sam_msgs/msg/detail/light_command_array__rosidl_typesupport_fastrtps_c.h
[6.517s] -- Up-to-date: /home/schni2zle/colcon_ws/src/install/sam_msgs/include/sam_msgs/sam_msgs/msg/detail/circuit_status_stamped__rosidl_typesupport_fastrtps_c.h
[6.517s] -- Up-to-date: /home/schni2zle/colcon_ws/src/install/sam_msgs/include/sam_msgs/sam_msgs/msg/detail/uavcan_node_status_named_array__rosidl_typesupport_fastrtps_c.h
[6.517s] -- Up-to-date: /home/schni2zle/colcon_ws/src/install/sam_msgs/include/sam_msgs/sam_msgs/msg/detail/ballast_angles__rosidl_typesupport_fastrtps_c.h
[6.518s] -- Up-to-date: /home/schni2zle/colcon_ws/src/install/sam_msgs/include/sam_msgs/sam_msgs/msg/detail/thruster_angles__rosidl_typesupport_fastrtps_c.h
[6.518s] -- Up-to-date: /home/schni2zle/colcon_ws/src/install/sam_msgs/include/sam_msgs/sam_msgs/msg/detail/percent_stamped__rosidl_typesupport_fastrtps_c.h
[6.518s] -- Up-to-date: /home/schni2zle/colcon_ws/src/install/sam_msgs/include/sam_msgs/sam_msgs/msg/detail/links__rosidl_typesupport_fastrtps_c.h
[6.518s] -- Up-to-date: /home/schni2zle/colcon_ws/src/install/sam_msgs/include/sam_msgs/sam_msgs/msg/detail/leak__rosidl_typesupport_fastrtps_c.h
[6.518s] -- Up-to-date: /home/schni2zle/colcon_ws/src/install/sam_msgs/include/sam_msgs/sam_msgs/msg/detail/ctp__rosidl_typesupport_fastrtps_c.h
[6.519s] -- Up-to-date: /home/schni2zle/colcon_ws/src/install/sam_msgs/include/sam_msgs/sam_msgs/msg/detail/uavcan_node_status_named__rosidl_typesupport_fastrtps_c.h
[6.519s] -- Up-to-date: /home/schni2zle/colcon_ws/src/install/sam_msgs/include/sam_msgs/sam_msgs/msg/detail/command__rosidl_typesupport_fastrtps_c.h
[6.519s] -- Up-to-date: /home/schni2zle/colcon_ws/src/install/sam_msgs/include/sam_msgs/sam_msgs/msg/detail/light_command__rosidl_typesupport_fastrtps_c.h
[6.519s] -- Up-to-date: /home/schni2zle/colcon_ws/src/install/sam_msgs/include/sam_msgs/sam_msgs/msg/detail/array_command__rosidl_typesupport_fastrtps_c.h
[6.519s] -- Up-to-date: /home/schni2zle/colcon_ws/src/install/sam_msgs/include/sam_msgs/sam_msgs/msg/detail/consumed_charge_feedback__rosidl_typesupport_fastrtps_c.h
[6.520s] -- Up-to-date: /home/schni2zle/colcon_ws/src/install/sam_msgs/include/sam_msgs/sam_msgs/srv
[6.520s] -- Up-to-date: /home/schni2zle/colcon_ws/src/install/sam_msgs/include/sam_msgs/sam_msgs/srv/detail
[6.520s] -- Up-to-date: /home/schni2zle/colcon_ws/src/install/sam_msgs/include/sam_msgs/sam_msgs/srv/detail/uavcan_update_battery__rosidl_typesupport_fastrtps_c.h
[6.520s] -- Up-to-date: /home/schni2zle/colcon_ws/src/install/sam_msgs/lib/libsam_msgs__rosidl_typesupport_fastrtps_c.so
[6.520s] -- Up-to-date: /home/schni2zle/colcon_ws/src/install/sam_msgs/include/sam_msgs/sam_msgs
[6.521s] -- Up-to-date: /home/schni2zle/colcon_ws/src/install/sam_msgs/include/sam_msgs/sam_msgs/msg
[6.521s] -- Up-to-date: /home/schni2zle/colcon_ws/src/install/sam_msgs/include/sam_msgs/sam_msgs/msg/rosidl_typesupport_introspection_c__visibility_control.h
[6.521s] -- Up-to-date: /home/schni2zle/colcon_ws/src/install/sam_msgs/include/sam_msgs/sam_msgs/msg/detail
[6.521s] -- Up-to-date: /home/schni2zle/colcon_ws/src/install/sam_msgs/include/sam_msgs/sam_msgs/msg/detail/consumed_charge_feedback__rosidl_typesupport_introspection_c.h
[6.521s] -- Up-to-date: /home/schni2zle/colcon_ws/src/install/sam_msgs/include/sam_msgs/sam_msgs/msg/detail/consumed_charge_array__rosidl_typesupport_introspection_c.h
[6.522s] -- Up-to-date: /home/schni2zle/colcon_ws/src/install/sam_msgs/include/sam_msgs/sam_msgs/msg/detail/circuit_status__rosidl_typesupport_introspection_c.h
[6.522s] -- Up-to-date: /home/schni2zle/colcon_ws/src/install/sam_msgs/include/sam_msgs/sam_msgs/msg/detail/uavcan_node_status_named__rosidl_typesupport_introspection_c.h
[6.522s] -- Up-to-date: /home/schni2zle/colcon_ws/src/install/sam_msgs/include/sam_msgs/sam_msgs/msg/detail/topics__type_support.c
[6.522s] -- Up-to-date: /home/schni2zle/colcon_ws/src/install/sam_msgs/include/sam_msgs/sam_msgs/msg/detail/leak__rosidl_typesupport_introspection_c.h
[6.522s] -- Up-to-date: /home/schni2zle/colcon_ws/src/install/sam_msgs/include/sam_msgs/sam_msgs/msg/detail/light_command_array__rosidl_typesupport_introspection_c.h
[6.523s] -- Up-to-date: /home/schni2zle/colcon_ws/src/install/sam_msgs/include/sam_msgs/sam_msgs/msg/detail/links__type_support.c
[6.523s] -- Up-to-date: /home/schni2zle/colcon_ws/src/install/sam_msgs/include/sam_msgs/sam_msgs/msg/detail/percent_stamped__rosidl_typesupport_introspection_c.h
[6.523s] -- Up-to-date: /home/schni2zle/colcon_ws/src/install/sam_msgs/include/sam_msgs/sam_msgs/msg/detail/array_command__type_support.c
[6.523s] -- Up-to-date: /home/schni2zle/colcon_ws/src/install/sam_msgs/include/sam_msgs/sam_msgs/msg/detail/consumed_charge_array__type_support.c
[6.523s] -- Up-to-date: /home/schni2zle/colcon_ws/src/install/sam_msgs/include/sam_msgs/sam_msgs/msg/detail/circuit_status_stamped__type_support.c
[6.524s] -- Up-to-date: /home/schni2zle/colcon_ws/src/install/sam_msgs/include/sam_msgs/sam_msgs/msg/detail/light_command__rosidl_typesupport_introspection_c.h
[6.524s] -- Up-to-date: /home/schni2zle/colcon_ws/src/install/sam_msgs/include/sam_msgs/sam_msgs/msg/detail/ballast_angles__type_support.c
[6.524s] -- Up-to-date: /home/schni2zle/colcon_ws/src/install/sam_msgs/include/sam_msgs/sam_msgs/msg/detail/thruster_rp_ms__rosidl_typesupport_introspection_c.h
[6.524s] -- Up-to-date: /home/schni2zle/colcon_ws/src/install/sam_msgs/include/sam_msgs/sam_msgs/msg/detail/circuit_status_stamped__rosidl_typesupport_introspection_c.h
[6.524s] -- Up-to-date: /home/schni2zle/colcon_ws/src/install/sam_msgs/include/sam_msgs/sam_msgs/msg/detail/circuit_status__type_support.c
[6.525s] -- Up-to-date: /home/schni2zle/colcon_ws/src/install/sam_msgs/include/sam_msgs/sam_msgs/msg/detail/thruster_angles__type_support.c
[6.525s] -- Up-to-date: /home/schni2zle/colcon_ws/src/install/sam_msgs/include/sam_msgs/sam_msgs/msg/detail/consumed_charge_feedback__type_support.c
[6.525s] -- Up-to-date: /home/schni2zle/colcon_ws/src/install/sam_msgs/include/sam_msgs/sam_msgs/msg/detail/uavcan_node_status_named__type_support.c
[6.525s] -- Up-to-date: /home/schni2zle/colcon_ws/src/install/sam_msgs/include/sam_msgs/sam_msgs/msg/detail/ctp__type_support.c
[6.525s] -- Up-to-date: /home/schni2zle/colcon_ws/src/install/sam_msgs/include/sam_msgs/sam_msgs/msg/detail/leak__type_support.c
[6.526s] -- Up-to-date: /home/schni2zle/colcon_ws/src/install/sam_msgs/include/sam_msgs/sam_msgs/msg/detail/circuit_status_stamped_array__rosidl_typesupport_introspection_c.h
[6.526s] -- Up-to-date: /home/schni2zle/colcon_ws/src/install/sam_msgs/include/sam_msgs/sam_msgs/msg/detail/circuit_status_stamped_array__type_support.c
[6.526s] -- Up-to-date: /home/schni2zle/colcon_ws/src/install/sam_msgs/include/sam_msgs/sam_msgs/msg/detail/command__rosidl_typesupport_introspection_c.h
[6.526s] -- Up-to-date: /home/schni2zle/colcon_ws/src/install/sam_msgs/include/sam_msgs/sam_msgs/msg/detail/consumed_charge__type_support.c
[6.527s] -- Up-to-date: /home/schni2zle/colcon_ws/src/install/sam_msgs/include/sam_msgs/sam_msgs/msg/detail/light_command__type_support.c
[6.527s] -- Up-to-date: /home/schni2zle/colcon_ws/src/install/sam_msgs/include/sam_msgs/sam_msgs/msg/detail/command__type_support.c
[6.527s] -- Up-to-date: /home/schni2zle/colcon_ws/src/install/sam_msgs/include/sam_msgs/sam_msgs/msg/detail/array_command__rosidl_typesupport_introspection_c.h
[6.527s] -- Up-to-date: /home/schni2zle/colcon_ws/src/install/sam_msgs/include/sam_msgs/sam_msgs/msg/detail/thruster_rp_ms__type_support.c
[6.528s] -- Up-to-date: /home/schni2zle/colcon_ws/src/install/sam_msgs/include/sam_msgs/sam_msgs/msg/detail/ballast_angles__rosidl_typesupport_introspection_c.h
[6.528s] -- Up-to-date: /home/schni2zle/colcon_ws/src/install/sam_msgs/include/sam_msgs/sam_msgs/msg/detail/consumed_charge__rosidl_typesupport_introspection_c.h
[6.528s] -- Up-to-date: /home/schni2zle/colcon_ws/src/install/sam_msgs/include/sam_msgs/sam_msgs/msg/detail/light_command_array__type_support.c
[6.528s] -- Up-to-date: /home/schni2zle/colcon_ws/src/install/sam_msgs/include/sam_msgs/sam_msgs/msg/detail/uavcan_node_status__rosidl_typesupport_introspection_c.h
[6.528s] -- Up-to-date: /home/schni2zle/colcon_ws/src/install/sam_msgs/include/sam_msgs/sam_msgs/msg/detail/uavcan_node_status__type_support.c
[6.529s] -- Up-to-date: /home/schni2zle/colcon_ws/src/install/sam_msgs/include/sam_msgs/sam_msgs/msg/detail/percent_stamped__type_support.c
[6.529s] -- Up-to-date: /home/schni2zle/colcon_ws/src/install/sam_msgs/include/sam_msgs/sam_msgs/msg/detail/thruster_angles__rosidl_typesupport_introspection_c.h
[6.529s] -- Up-to-date: /home/schni2zle/colcon_ws/src/install/sam_msgs/include/sam_msgs/sam_msgs/msg/detail/topics__rosidl_typesupport_introspection_c.h
[6.529s] -- Up-to-date: /home/schni2zle/colcon_ws/src/install/sam_msgs/include/sam_msgs/sam_msgs/msg/detail/links__rosidl_typesupport_introspection_c.h
[6.529s] -- Up-to-date: /home/schni2zle/colcon_ws/src/install/sam_msgs/include/sam_msgs/sam_msgs/msg/detail/ctp__rosidl_typesupport_introspection_c.h
[6.530s] -- Up-to-date: /home/schni2zle/colcon_ws/src/install/sam_msgs/include/sam_msgs/sam_msgs/msg/detail/uavcan_node_status_named_array__rosidl_typesupport_introspection_c.h
[6.530s] -- Up-to-date: /home/schni2zle/colcon_ws/src/install/sam_msgs/include/sam_msgs/sam_msgs/msg/detail/uavcan_node_status_named_array__type_support.c
[6.530s] -- Up-to-date: /home/schni2zle/colcon_ws/src/install/sam_msgs/include/sam_msgs/sam_msgs/srv
[6.530s] -- Up-to-date: /home/schni2zle/colcon_ws/src/install/sam_msgs/include/sam_msgs/sam_msgs/srv/detail
[6.530s] -- Up-to-date: /home/schni2zle/colcon_ws/src/install/sam_msgs/include/sam_msgs/sam_msgs/srv/detail/uavcan_update_battery__rosidl_typesupport_introspection_c.h
[6.531s] -- Up-to-date: /home/schni2zle/colcon_ws/src/install/sam_msgs/include/sam_msgs/sam_msgs/srv/detail/uavcan_update_battery__type_support.c
[6.531s] -- Up-to-date: /home/schni2zle/colcon_ws/src/install/sam_msgs/lib/libsam_msgs__rosidl_typesupport_introspection_c.so
[6.531s] -- Up-to-date: /home/schni2zle/colcon_ws/src/install/sam_msgs/lib/libsam_msgs__rosidl_typesupport_c.so
[6.531s] -- Up-to-date: /home/schni2zle/colcon_ws/src/install/sam_msgs/include/sam_msgs/sam_msgs
[6.531s] -- Up-to-date: /home/schni2zle/colcon_ws/src/install/sam_msgs/include/sam_msgs/sam_msgs/msg
[6.531s] -- Up-to-date: /home/schni2zle/colcon_ws/src/install/sam_msgs/include/sam_msgs/sam_msgs/msg/leak.hpp
[6.532s] -- Up-to-date: /home/schni2zle/colcon_ws/src/install/sam_msgs/include/sam_msgs/sam_msgs/msg/array_command.hpp
[6.532s] -- Up-to-date: /home/schni2zle/colcon_ws/src/install/sam_msgs/include/sam_msgs/sam_msgs/msg/consumed_charge_array.hpp
[6.532s] -- Up-to-date: /home/schni2zle/colcon_ws/src/install/sam_msgs/include/sam_msgs/sam_msgs/msg/percent_stamped.hpp
[6.532s] -- Up-to-date: /home/schni2zle/colcon_ws/src/install/sam_msgs/include/sam_msgs/sam_msgs/msg/thruster_rp_ms.hpp
[6.532s] -- Up-to-date: /home/schni2zle/colcon_ws/src/install/sam_msgs/include/sam_msgs/sam_msgs/msg/light_command_array.hpp
[6.533s] -- Up-to-date: /home/schni2zle/colcon_ws/src/install/sam_msgs/include/sam_msgs/sam_msgs/msg/thruster_angles.hpp
[6.533s] -- Up-to-date: /home/schni2zle/colcon_ws/src/install/sam_msgs/include/sam_msgs/sam_msgs/msg/ballast_angles.hpp
[6.533s] -- Up-to-date: /home/schni2zle/colcon_ws/src/install/sam_msgs/include/sam_msgs/sam_msgs/msg/circuit_status.hpp
[6.533s] -- Up-to-date: /home/schni2zle/colcon_ws/src/install/sam_msgs/include/sam_msgs/sam_msgs/msg/circuit_status_stamped_array.hpp
[6.533s] -- Up-to-date: /home/schni2zle/colcon_ws/src/install/sam_msgs/include/sam_msgs/sam_msgs/msg/consumed_charge.hpp
[6.534s] -- Up-to-date: /home/schni2zle/colcon_ws/src/install/sam_msgs/include/sam_msgs/sam_msgs/msg/detail
[6.535s] -- Up-to-date: /home/schni2zle/colcon_ws/src/install/sam_msgs/include/sam_msgs/sam_msgs/msg/detail/links__builder.hpp
[6.535s] -- Up-to-date: /home/schni2zle/colcon_ws/src/install/sam_msgs/include/sam_msgs/sam_msgs/msg/detail/uavcan_node_status__traits.hpp
[6.535s] -- Up-to-date: /home/schni2zle/colcon_ws/src/install/sam_msgs/include/sam_msgs/sam_msgs/msg/detail/percent_stamped__builder.hpp
[6.535s] -- Up-to-date: /home/schni2zle/colcon_ws/src/install/sam_msgs/include/sam_msgs/sam_msgs/msg/detail/ctp__traits.hpp
[6.536s] -- Up-to-date: /home/schni2zle/colcon_ws/src/install/sam_msgs/include/sam_msgs/sam_msgs/msg/detail/uavcan_node_status__struct.hpp
[6.536s] -- Up-to-date: /home/schni2zle/colcon_ws/src/install/sam_msgs/include/sam_msgs/sam_msgs/msg/detail/topics__struct.hpp
[6.536s] -- Up-to-date: /home/schni2zle/colcon_ws/src/install/sam_msgs/include/sam_msgs/sam_msgs/msg/detail/uavcan_node_status_named_array__struct.hpp
[6.536s] -- Up-to-date: /home/schni2zle/colcon_ws/src/install/sam_msgs/include/sam_msgs/sam_msgs/msg/detail/thruster_rp_ms__struct.hpp
[6.537s] -- Up-to-date: /home/schni2zle/colcon_ws/src/install/sam_msgs/include/sam_msgs/sam_msgs/msg/detail/consumed_charge_feedback__struct.hpp
[6.537s] -- Up-to-date: /home/schni2zle/colcon_ws/src/install/sam_msgs/include/sam_msgs/sam_msgs/msg/detail/thruster_rp_ms__builder.hpp
[6.537s] -- Up-to-date: /home/schni2zle/colcon_ws/src/install/sam_msgs/include/sam_msgs/sam_msgs/msg/detail/uavcan_node_status_named__builder.hpp
[6.537s] -- Up-to-date: /home/schni2zle/colcon_ws/src/install/sam_msgs/include/sam_msgs/sam_msgs/msg/detail/light_command__traits.hpp
[6.537s] -- Up-to-date: /home/schni2zle/colcon_ws/src/install/sam_msgs/include/sam_msgs/sam_msgs/msg/detail/light_command_array__builder.hpp
[6.538s] -- Up-to-date: /home/schni2zle/colcon_ws/src/install/sam_msgs/include/sam_msgs/sam_msgs/msg/detail/consumed_charge_array__builder.hpp
[6.538s] -- Up-to-date: /home/schni2zle/colcon_ws/src/install/sam_msgs/include/sam_msgs/sam_msgs/msg/detail/command__traits.hpp
[6.538s] -- Up-to-date: /home/schni2zle/colcon_ws/src/install/sam_msgs/include/sam_msgs/sam_msgs/msg/detail/ballast_angles__builder.hpp
[6.538s] -- Up-to-date: /home/schni2zle/colcon_ws/src/install/sam_msgs/include/sam_msgs/sam_msgs/msg/detail/thruster_rp_ms__traits.hpp
[6.538s] -- Up-to-date: /home/schni2zle/colcon_ws/src/install/sam_msgs/include/sam_msgs/sam_msgs/msg/detail/links__traits.hpp
[6.539s] -- Up-to-date: /home/schni2zle/colcon_ws/src/install/sam_msgs/include/sam_msgs/sam_msgs/msg/detail/light_command_array__traits.hpp
[6.539s] -- Up-to-date: /home/schni2zle/colcon_ws/src/install/sam_msgs/include/sam_msgs/sam_msgs/msg/detail/topics__traits.hpp
[6.539s] -- Up-to-date: /home/schni2zle/colcon_ws/src/install/sam_msgs/include/sam_msgs/sam_msgs/msg/detail/array_command__struct.hpp
[6.539s] -- Up-to-date: /home/schni2zle/colcon_ws/src/install/sam_msgs/include/sam_msgs/sam_msgs/msg/detail/consumed_charge_feedback__traits.hpp
[6.539s] -- Up-to-date: /home/schni2zle/colcon_ws/src/install/sam_msgs/include/sam_msgs/sam_msgs/msg/detail/consumed_charge_feedback__builder.hpp
[6.540s] -- Up-to-date: /home/schni2zle/colcon_ws/src/install/sam_msgs/include/sam_msgs/sam_msgs/msg/detail/command__struct.hpp
[6.540s] -- Up-to-date: /home/schni2zle/colcon_ws/src/install/sam_msgs/include/sam_msgs/sam_msgs/msg/detail/uavcan_node_status__builder.hpp
[6.540s] -- Up-to-date: /home/schni2zle/colcon_ws/src/install/sam_msgs/include/sam_msgs/sam_msgs/msg/detail/percent_stamped__struct.hpp
[6.540s] -- Up-to-date: /home/schni2zle/colcon_ws/src/install/sam_msgs/include/sam_msgs/sam_msgs/msg/detail/light_command__struct.hpp
[6.540s] -- Up-to-date: /home/schni2zle/colcon_ws/src/install/sam_msgs/include/sam_msgs/sam_msgs/msg/detail/ctp__struct.hpp
[6.541s] -- Up-to-date: /home/schni2zle/colcon_ws/src/install/sam_msgs/include/sam_msgs/sam_msgs/msg/detail/uavcan_node_status_named__struct.hpp
[6.541s] -- Up-to-date: /home/schni2zle/colcon_ws/src/install/sam_msgs/include/sam_msgs/sam_msgs/msg/detail/topics__builder.hpp
[6.541s] -- Up-to-date: /home/schni2zle/colcon_ws/src/install/sam_msgs/include/sam_msgs/sam_msgs/msg/detail/circuit_status__traits.hpp
[6.541s] -- Up-to-date: /home/schni2zle/colcon_ws/src/install/sam_msgs/include/sam_msgs/sam_msgs/msg/detail/light_command__builder.hpp
[6.541s] -- Up-to-date: /home/schni2zle/colcon_ws/src/install/sam_msgs/include/sam_msgs/sam_msgs/msg/detail/circuit_status__builder.hpp
[6.542s] -- Up-to-date: /home/schni2zle/colcon_ws/src/install/sam_msgs/include/sam_msgs/sam_msgs/msg/detail/links__struct.hpp
[6.542s] -- Up-to-date: /home/schni2zle/colcon_ws/src/install/sam_msgs/include/sam_msgs/sam_msgs/msg/detail/command__builder.hpp
[6.542s] -- Up-to-date: /home/schni2zle/colcon_ws/src/install/sam_msgs/include/sam_msgs/sam_msgs/msg/detail/consumed_charge_array__struct.hpp
[6.542s] -- Up-to-date: /home/schni2zle/colcon_ws/src/install/sam_msgs/include/sam_msgs/sam_msgs/msg/detail/leak__struct.hpp
[6.542s] -- Up-to-date: /home/schni2zle/colcon_ws/src/install/sam_msgs/include/sam_msgs/sam_msgs/msg/detail/light_command_array__struct.hpp
[6.543s] -- Up-to-date: /home/schni2zle/colcon_ws/src/install/sam_msgs/include/sam_msgs/sam_msgs/msg/detail/percent_stamped__traits.hpp
[6.543s] -- Up-to-date: /home/schni2zle/colcon_ws/src/install/sam_msgs/include/sam_msgs/sam_msgs/msg/detail/circuit_status_stamped__struct.hpp
[6.543s] -- Up-to-date: /home/schni2zle/colcon_ws/src/install/sam_msgs/include/sam_msgs/sam_msgs/msg/detail/circuit_status_stamped__traits.hpp
[6.543s] -- Up-to-date: /home/schni2zle/colcon_ws/src/install/sam_msgs/include/sam_msgs/sam_msgs/msg/detail/ballast_angles__traits.hpp
[6.543s] -- Up-to-date: /home/schni2zle/colcon_ws/src/install/sam_msgs/include/sam_msgs/sam_msgs/msg/detail/ctp__builder.hpp
[6.544s] -- Up-to-date: /home/schni2zle/colcon_ws/src/install/sam_msgs/include/sam_msgs/sam_msgs/msg/detail/consumed_charge__traits.hpp
[6.544s] -- Up-to-date: /home/schni2zle/colcon_ws/src/install/sam_msgs/include/sam_msgs/sam_msgs/msg/detail/thruster_angles__struct.hpp
[6.544s] -- Up-to-date: /home/schni2zle/colcon_ws/src/install/sam_msgs/include/sam_msgs/sam_msgs/msg/detail/consumed_charge__builder.hpp
[6.544s] -- Up-to-date: /home/schni2zle/colcon_ws/src/install/sam_msgs/include/sam_msgs/sam_msgs/msg/detail/consumed_charge__struct.hpp
[6.544s] -- Up-to-date: /home/schni2zle/colcon_ws/src/install/sam_msgs/include/sam_msgs/sam_msgs/msg/detail/thruster_angles__traits.hpp
[6.545s] -- Up-to-date: /home/schni2zle/colcon_ws/src/install/sam_msgs/include/sam_msgs/sam_msgs/msg/detail/circuit_status_stamped_array__struct.hpp
[6.545s] -- Up-to-date: /home/schni2zle/colcon_ws/src/install/sam_msgs/include/sam_msgs/sam_msgs/msg/detail/thruster_angles__builder.hpp
[6.545s] -- Up-to-date: /home/schni2zle/colcon_ws/src/install/sam_msgs/include/sam_msgs/sam_msgs/msg/detail/circuit_status__struct.hpp
[6.545s] -- Up-to-date: /home/schni2zle/colcon_ws/src/install/sam_msgs/include/sam_msgs/sam_msgs/msg/detail/circuit_status_stamped_array__traits.hpp
[6.545s] -- Up-to-date: /home/schni2zle/colcon_ws/src/install/sam_msgs/include/sam_msgs/sam_msgs/msg/detail/uavcan_node_status_named_array__builder.hpp
[6.546s] -- Up-to-date: /home/schni2zle/colcon_ws/src/install/sam_msgs/include/sam_msgs/sam_msgs/msg/detail/array_command__builder.hpp
[6.546s] -- Up-to-date: /home/schni2zle/colcon_ws/src/install/sam_msgs/include/sam_msgs/sam_msgs/msg/detail/leak__builder.hpp
[6.546s] -- Up-to-date: /home/schni2zle/colcon_ws/src/install/sam_msgs/include/sam_msgs/sam_msgs/msg/detail/leak__traits.hpp
[6.547s] -- Up-to-date: /home/schni2zle/colcon_ws/src/install/sam_msgs/include/sam_msgs/sam_msgs/msg/detail/consumed_charge_array__traits.hpp
[6.547s] -- Up-to-date: /home/schni2zle/colcon_ws/src/install/sam_msgs/include/sam_msgs/sam_msgs/msg/detail/uavcan_node_status_named_array__traits.hpp
[6.547s] -- Up-to-date: /home/schni2zle/colcon_ws/src/install/sam_msgs/include/sam_msgs/sam_msgs/msg/detail/array_command__traits.hpp
[6.547s] -- Up-to-date: /home/schni2zle/colcon_ws/src/install/sam_msgs/include/sam_msgs/sam_msgs/msg/detail/circuit_status_stamped__builder.hpp
[6.547s] -- Up-to-date: /home/schni2zle/colcon_ws/src/install/sam_msgs/include/sam_msgs/sam_msgs/msg/detail/circuit_status_stamped_array__builder.hpp
[6.548s] -- Up-to-date: /home/schni2zle/colcon_ws/src/install/sam_msgs/include/sam_msgs/sam_msgs/msg/detail/uavcan_node_status_named__traits.hpp
[6.548s] -- Up-to-date: /home/schni2zle/colcon_ws/src/install/sam_msgs/include/sam_msgs/sam_msgs/msg/detail/ballast_angles__struct.hpp
[6.548s] -- Up-to-date: /home/schni2zle/colcon_ws/src/install/sam_msgs/include/sam_msgs/sam_msgs/msg/consumed_charge_feedback.hpp
[6.548s] -- Up-to-date: /home/schni2zle/colcon_ws/src/install/sam_msgs/include/sam_msgs/sam_msgs/msg/command.hpp
[6.548s] -- Up-to-date: /home/schni2zle/colcon_ws/src/install/sam_msgs/include/sam_msgs/sam_msgs/msg/uavcan_node_status.hpp
[6.549s] -- Up-to-date: /home/schni2zle/colcon_ws/src/install/sam_msgs/include/sam_msgs/sam_msgs/msg/uavcan_node_status_named.hpp
[6.549s] -- Up-to-date: /home/schni2zle/colcon_ws/src/install/sam_msgs/include/sam_msgs/sam_msgs/msg/uavcan_node_status_named_array.hpp
[6.549s] -- Up-to-date: /home/schni2zle/colcon_ws/src/install/sam_msgs/include/sam_msgs/sam_msgs/msg/circuit_status_stamped.hpp
[6.549s] -- Up-to-date: /home/schni2zle/colcon_ws/src/install/sam_msgs/include/sam_msgs/sam_msgs/msg/ctp.hpp
[6.549s] -- Up-to-date: /home/schni2zle/colcon_ws/src/install/sam_msgs/include/sam_msgs/sam_msgs/msg/topics.hpp
[6.550s] -- Up-to-date: /home/schni2zle/colcon_ws/src/install/sam_msgs/include/sam_msgs/sam_msgs/msg/light_command.hpp
[6.550s] -- Up-to-date: /home/schni2zle/colcon_ws/src/install/sam_msgs/include/sam_msgs/sam_msgs/msg/links.hpp
[6.550s] -- Up-to-date: /home/schni2zle/colcon_ws/src/install/sam_msgs/include/sam_msgs/sam_msgs/srv
[6.550s] -- Up-to-date: /home/schni2zle/colcon_ws/src/install/sam_msgs/include/sam_msgs/sam_msgs/srv/uavcan_update_battery.hpp
[6.550s] -- Up-to-date: /home/schni2zle/colcon_ws/src/install/sam_msgs/include/sam_msgs/sam_msgs/srv/detail
[6.551s] -- Up-to-date: /home/schni2zle/colcon_ws/src/install/sam_msgs/include/sam_msgs/sam_msgs/srv/detail/uavcan_update_battery__builder.hpp
[6.551s] -- Up-to-date: /home/schni2zle/colcon_ws/src/install/sam_msgs/include/sam_msgs/sam_msgs/srv/detail/uavcan_update_battery__struct.hpp
[6.551s] -- Up-to-date: /home/schni2zle/colcon_ws/src/install/sam_msgs/include/sam_msgs/sam_msgs/srv/detail/uavcan_update_battery__traits.hpp
[6.551s] -- Up-to-date: /home/schni2zle/colcon_ws/src/install/sam_msgs/include/sam_msgs/sam_msgs
[6.551s] -- Up-to-date: /home/schni2zle/colcon_ws/src/install/sam_msgs/include/sam_msgs/sam_msgs/msg
[6.552s] -- Up-to-date: /home/schni2zle/colcon_ws/src/install/sam_msgs/include/sam_msgs/sam_msgs/msg/rosidl_typesupport_fastrtps_cpp__visibility_control.h
[6.552s] -- Up-to-date: /home/schni2zle/colcon_ws/src/install/sam_msgs/include/sam_msgs/sam_msgs/msg/detail
[6.552s] -- Up-to-date: /home/schni2zle/colcon_ws/src/install/sam_msgs/include/sam_msgs/sam_msgs/msg/detail/light_command_array__rosidl_typesupport_fastrtps_cpp.hpp
[6.552s] -- Up-to-date: /home/schni2zle/colcon_ws/src/install/sam_msgs/include/sam_msgs/sam_msgs/msg/detail/light_command__rosidl_typesupport_fastrtps_cpp.hpp
[6.552s] -- Up-to-date: /home/schni2zle/colcon_ws/src/install/sam_msgs/include/sam_msgs/sam_msgs/msg/detail/circuit_status__rosidl_typesupport_fastrtps_cpp.hpp
[6.553s] -- Up-to-date: /home/schni2zle/colcon_ws/src/install/sam_msgs/include/sam_msgs/sam_msgs/msg/detail/topics__rosidl_typesupport_fastrtps_cpp.hpp
[6.553s] -- Up-to-date: /home/schni2zle/colcon_ws/src/install/sam_msgs/include/sam_msgs/sam_msgs/msg/detail/uavcan_node_status__rosidl_typesupport_fastrtps_cpp.hpp
[6.553s] -- Up-to-date: /home/schni2zle/colcon_ws/src/install/sam_msgs/include/sam_msgs/sam_msgs/msg/detail/consumed_charge_feedback__rosidl_typesupport_fastrtps_cpp.hpp
[6.553s] -- Up-to-date: /home/schni2zle/colcon_ws/src/install/sam_msgs/include/sam_msgs/sam_msgs/msg/detail/command__rosidl_typesupport_fastrtps_cpp.hpp
[6.553s] -- Up-to-date: /home/schni2zle/colcon_ws/src/install/sam_msgs/include/sam_msgs/sam_msgs/msg/detail/uavcan_node_status_named_array__rosidl_typesupport_fastrtps_cpp.hpp
[6.554s] -- Up-to-date: /home/schni2zle/colcon_ws/src/install/sam_msgs/include/sam_msgs/sam_msgs/msg/detail/ctp__rosidl_typesupport_fastrtps_cpp.hpp
[6.554s] -- Up-to-date: /home/schni2zle/colcon_ws/src/install/sam_msgs/include/sam_msgs/sam_msgs/msg/detail/consumed_charge__rosidl_typesupport_fastrtps_cpp.hpp
[6.554s] -- Up-to-date: /home/schni2zle/colcon_ws/src/install/sam_msgs/include/sam_msgs/sam_msgs/msg/detail/thruster_rp_ms__rosidl_typesupport_fastrtps_cpp.hpp
[6.554s] -- Up-to-date: /home/schni2zle/colcon_ws/src/install/sam_msgs/include/sam_msgs/sam_msgs/msg/detail/thruster_angles__rosidl_typesupport_fastrtps_cpp.hpp
[6.554s] -- Up-to-date: /home/schni2zle/colcon_ws/src/install/sam_msgs/include/sam_msgs/sam_msgs/msg/detail/links__rosidl_typesupport_fastrtps_cpp.hpp
[6.555s] -- Up-to-date: /home/schni2zle/colcon_ws/src/install/sam_msgs/include/sam_msgs/sam_msgs/msg/detail/consumed_charge_array__rosidl_typesupport_fastrtps_cpp.hpp
[6.555s] -- Up-to-date: /home/schni2zle/colcon_ws/src/install/sam_msgs/include/sam_msgs/sam_msgs/msg/detail/dds_fastrtps
[6.555s] -- Up-to-date: /home/schni2zle/colcon_ws/src/install/sam_msgs/include/sam_msgs/sam_msgs/msg/detail/circuit_status_stamped__rosidl_typesupport_fastrtps_cpp.hpp
[6.555s] -- Up-to-date: /home/schni2zle/colcon_ws/src/install/sam_msgs/include/sam_msgs/sam_msgs/msg/detail/percent_stamped__rosidl_typesupport_fastrtps_cpp.hpp
[6.555s] -- Up-to-date: /home/schni2zle/colcon_ws/src/install/sam_msgs/include/sam_msgs/sam_msgs/msg/detail/array_command__rosidl_typesupport_fastrtps_cpp.hpp
[6.556s] -- Up-to-date: /home/schni2zle/colcon_ws/src/install/sam_msgs/include/sam_msgs/sam_msgs/msg/detail/uavcan_node_status_named__rosidl_typesupport_fastrtps_cpp.hpp
[6.556s] -- Up-to-date: /home/schni2zle/colcon_ws/src/install/sam_msgs/include/sam_msgs/sam_msgs/msg/detail/leak__rosidl_typesupport_fastrtps_cpp.hpp
[6.556s] -- Up-to-date: /home/schni2zle/colcon_ws/src/install/sam_msgs/include/sam_msgs/sam_msgs/msg/detail/circuit_status_stamped_array__rosidl_typesupport_fastrtps_cpp.hpp
[6.556s] -- Up-to-date: /home/schni2zle/colcon_ws/src/install/sam_msgs/include/sam_msgs/sam_msgs/msg/detail/ballast_angles__rosidl_typesupport_fastrtps_cpp.hpp
[6.557s] -- Up-to-date: /home/schni2zle/colcon_ws/src/install/sam_msgs/include/sam_msgs/sam_msgs/srv
[6.557s] -- Up-to-date: /home/schni2zle/colcon_ws/src/install/sam_msgs/include/sam_msgs/sam_msgs/srv/detail
[6.557s] -- Up-to-date: /home/schni2zle/colcon_ws/src/install/sam_msgs/include/sam_msgs/sam_msgs/srv/detail/dds_fastrtps
[6.557s] -- Up-to-date: /home/schni2zle/colcon_ws/src/install/sam_msgs/include/sam_msgs/sam_msgs/srv/detail/uavcan_update_battery__rosidl_typesupport_fastrtps_cpp.hpp
[6.557s] -- Up-to-date: /home/schni2zle/colcon_ws/src/install/sam_msgs/lib/libsam_msgs__rosidl_typesupport_fastrtps_cpp.so
[6.557s] -- Up-to-date: /home/schni2zle/colcon_ws/src/install/sam_msgs/include/sam_msgs/sam_msgs
[6.558s] -- Up-to-date: /home/schni2zle/colcon_ws/src/install/sam_msgs/include/sam_msgs/sam_msgs/msg
[6.558s] -- Up-to-date: /home/schni2zle/colcon_ws/src/install/sam_msgs/include/sam_msgs/sam_msgs/msg/detail
[6.558s] -- Up-to-date: /home/schni2zle/colcon_ws/src/install/sam_msgs/include/sam_msgs/sam_msgs/msg/detail/thruster_angles__rosidl_typesupport_introspection_cpp.hpp
[6.558s] -- Up-to-date: /home/schni2zle/colcon_ws/src/install/sam_msgs/include/sam_msgs/sam_msgs/msg/detail/ballast_angles__type_support.cpp
[6.558s] -- Up-to-date: /home/schni2zle/colcon_ws/src/install/sam_msgs/include/sam_msgs/sam_msgs/msg/detail/thruster_rp_ms__type_support.cpp
[6.559s] -- Up-to-date: /home/schni2zle/colcon_ws/src/install/sam_msgs/include/sam_msgs/sam_msgs/msg/detail/circuit_status_stamped_array__rosidl_typesupport_introspection_cpp.hpp
[6.559s] -- Up-to-date: /home/schni2zle/colcon_ws/src/install/sam_msgs/include/sam_msgs/sam_msgs/msg/detail/links__type_support.cpp
[6.559s] -- Up-to-date: /home/schni2zle/colcon_ws/src/install/sam_msgs/include/sam_msgs/sam_msgs/msg/detail/light_command__type_support.cpp
[6.559s] -- Up-to-date: /home/schni2zle/colcon_ws/src/install/sam_msgs/include/sam_msgs/sam_msgs/msg/detail/circuit_status__type_support.cpp
[6.559s] -- Up-to-date: /home/schni2zle/colcon_ws/src/install/sam_msgs/include/sam_msgs/sam_msgs/msg/detail/circuit_status_stamped__rosidl_typesupport_introspection_cpp.hpp
[6.560s] -- Up-to-date: /home/schni2zle/colcon_ws/src/install/sam_msgs/include/sam_msgs/sam_msgs/msg/detail/topics__type_support.cpp
[6.560s] -- Up-to-date: /home/schni2zle/colcon_ws/src/install/sam_msgs/include/sam_msgs/sam_msgs/msg/detail/consumed_charge_feedback__rosidl_typesupport_introspection_cpp.hpp
[6.560s] -- Up-to-date: /home/schni2zle/colcon_ws/src/install/sam_msgs/include/sam_msgs/sam_msgs/msg/detail/consumed_charge_array__type_support.cpp
[6.560s] -- Up-to-date: /home/schni2zle/colcon_ws/src/install/sam_msgs/include/sam_msgs/sam_msgs/msg/detail/uavcan_node_status_named_array__rosidl_typesupport_introspection_cpp.hpp
[6.561s] -- Up-to-date: /home/schni2zle/colcon_ws/src/install/sam_msgs/include/sam_msgs/sam_msgs/msg/detail/command__rosidl_typesupport_introspection_cpp.hpp
[6.561s] -- Up-to-date: /home/schni2zle/colcon_ws/src/install/sam_msgs/include/sam_msgs/sam_msgs/msg/detail/consumed_charge__type_support.cpp
[6.562s] -- Up-to-date: /home/schni2zle/colcon_ws/src/install/sam_msgs/include/sam_msgs/sam_msgs/msg/detail/links__rosidl_typesupport_introspection_cpp.hpp
[6.563s] -- Up-to-date: /home/schni2zle/colcon_ws/src/install/sam_msgs/include/sam_msgs/sam_msgs/msg/detail/circuit_status__rosidl_typesupport_introspection_cpp.hpp
[6.563s] -- Up-to-date: /home/schni2zle/colcon_ws/src/install/sam_msgs/include/sam_msgs/sam_msgs/msg/detail/percent_stamped__type_support.cpp
[6.563s] -- Up-to-date: /home/schni2zle/colcon_ws/src/install/sam_msgs/include/sam_msgs/sam_msgs/msg/detail/circuit_status_stamped_array__type_support.cpp
[6.563s] -- Up-to-date: /home/schni2zle/colcon_ws/src/install/sam_msgs/include/sam_msgs/sam_msgs/msg/detail/light_command_array__type_support.cpp
[6.563s] -- Up-to-date: /home/schni2zle/colcon_ws/src/install/sam_msgs/include/sam_msgs/sam_msgs/msg/detail/ballast_angles__rosidl_typesupport_introspection_cpp.hpp
[6.564s] -- Up-to-date: /home/schni2zle/colcon_ws/src/install/sam_msgs/include/sam_msgs/sam_msgs/msg/detail/consumed_charge__rosidl_typesupport_introspection_cpp.hpp
[6.564s] -- Up-to-date: /home/schni2zle/colcon_ws/src/install/sam_msgs/include/sam_msgs/sam_msgs/msg/detail/ctp__type_support.cpp
[6.564s] -- Up-to-date: /home/schni2zle/colcon_ws/src/install/sam_msgs/include/sam_msgs/sam_msgs/msg/detail/consumed_charge_array__rosidl_typesupport_introspection_cpp.hpp
[6.564s] -- Up-to-date: /home/schni2zle/colcon_ws/src/install/sam_msgs/include/sam_msgs/sam_msgs/msg/detail/light_command__rosidl_typesupport_introspection_cpp.hpp
[6.564s] -- Up-to-date: /home/schni2zle/colcon_ws/src/install/sam_msgs/include/sam_msgs/sam_msgs/msg/detail/uavcan_node_status__rosidl_typesupport_introspection_cpp.hpp
[6.565s] -- Up-to-date: /home/schni2zle/colcon_ws/src/install/sam_msgs/include/sam_msgs/sam_msgs/msg/detail/command__type_support.cpp
[6.565s] -- Up-to-date: /home/schni2zle/colcon_ws/src/install/sam_msgs/include/sam_msgs/sam_msgs/msg/detail/uavcan_node_status_named__rosidl_typesupport_introspection_cpp.hpp
[6.565s] -- Up-to-date: /home/schni2zle/colcon_ws/src/install/sam_msgs/include/sam_msgs/sam_msgs/msg/detail/thruster_angles__type_support.cpp
[6.565s] -- Up-to-date: /home/schni2zle/colcon_ws/src/install/sam_msgs/include/sam_msgs/sam_msgs/msg/detail/leak__rosidl_typesupport_introspection_cpp.hpp
[6.565s] -- Up-to-date: /home/schni2zle/colcon_ws/src/install/sam_msgs/include/sam_msgs/sam_msgs/msg/detail/circuit_status_stamped__type_support.cpp
[6.566s] -- Up-to-date: /home/schni2zle/colcon_ws/src/install/sam_msgs/include/sam_msgs/sam_msgs/msg/detail/array_command__rosidl_typesupport_introspection_cpp.hpp
[6.566s] -- Up-to-date: /home/schni2zle/colcon_ws/src/install/sam_msgs/include/sam_msgs/sam_msgs/msg/detail/uavcan_node_status_named_array__type_support.cpp
[6.566s] -- Up-to-date: /home/schni2zle/colcon_ws/src/install/sam_msgs/include/sam_msgs/sam_msgs/msg/detail/consumed_charge_feedback__type_support.cpp
[6.566s] -- Up-to-date: /home/schni2zle/colcon_ws/src/install/sam_msgs/include/sam_msgs/sam_msgs/msg/detail/ctp__rosidl_typesupport_introspection_cpp.hpp
[6.567s] -- Up-to-date: /home/schni2zle/colcon_ws/src/install/sam_msgs/include/sam_msgs/sam_msgs/msg/detail/uavcan_node_status_named__type_support.cpp
[6.567s] -- Up-to-date: /home/schni2zle/colcon_ws/src/install/sam_msgs/include/sam_msgs/sam_msgs/msg/detail/topics__rosidl_typesupport_introspection_cpp.hpp
[6.567s] -- Up-to-date: /home/schni2zle/colcon_ws/src/install/sam_msgs/include/sam_msgs/sam_msgs/msg/detail/percent_stamped__rosidl_typesupport_introspection_cpp.hpp
[6.567s] -- Up-to-date: /home/schni2zle/colcon_ws/src/install/sam_msgs/include/sam_msgs/sam_msgs/msg/detail/array_command__type_support.cpp
[6.567s] -- Up-to-date: /home/schni2zle/colcon_ws/src/install/sam_msgs/include/sam_msgs/sam_msgs/msg/detail/leak__type_support.cpp
[6.568s] -- Up-to-date: /home/schni2zle/colcon_ws/src/install/sam_msgs/include/sam_msgs/sam_msgs/msg/detail/light_command_array__rosidl_typesupport_introspection_cpp.hpp
[6.568s] -- Up-to-date: /home/schni2zle/colcon_ws/src/install/sam_msgs/include/sam_msgs/sam_msgs/msg/detail/thruster_rp_ms__rosidl_typesupport_introspection_cpp.hpp
[6.568s] -- Up-to-date: /home/schni2zle/colcon_ws/src/install/sam_msgs/include/sam_msgs/sam_msgs/msg/detail/uavcan_node_status__type_support.cpp
[6.568s] -- Up-to-date: /home/schni2zle/colcon_ws/src/install/sam_msgs/include/sam_msgs/sam_msgs/srv
[6.568s] -- Up-to-date: /home/schni2zle/colcon_ws/src/install/sam_msgs/include/sam_msgs/sam_msgs/srv/detail
[6.569s] -- Up-to-date: /home/schni2zle/colcon_ws/src/install/sam_msgs/include/sam_msgs/sam_msgs/srv/detail/uavcan_update_battery__rosidl_typesupport_introspection_cpp.hpp
[6.569s] -- Up-to-date: /home/schni2zle/colcon_ws/src/install/sam_msgs/include/sam_msgs/sam_msgs/srv/detail/uavcan_update_battery__type_support.cpp
[6.569s] -- Up-to-date: /home/schni2zle/colcon_ws/src/install/sam_msgs/lib/libsam_msgs__rosidl_typesupport_introspection_cpp.so
[6.569s] -- Up-to-date: /home/schni2zle/colcon_ws/src/install/sam_msgs/lib/libsam_msgs__rosidl_typesupport_cpp.so
[6.569s] -- Up-to-date: /home/schni2zle/colcon_ws/src/install/sam_msgs/share/sam_msgs/environment/pythonpath.sh
[6.570s] -- Up-to-date: /home/schni2zle/colcon_ws/src/install/sam_msgs/share/sam_msgs/environment/pythonpath.dsv
[6.570s] -- Up-to-date: /home/schni2zle/colcon_ws/src/install/sam_msgs/local/lib/python3.10/dist-packages/sam_msgs-0.1.0-py3.10.egg-info
[6.571s] -- Installing: /home/schni2zle/colcon_ws/src/install/sam_msgs/local/lib/python3.10/dist-packages/sam_msgs-0.1.0-py3.10.egg-info/PKG-INFO
[6.571s] -- Installing: /home/schni2zle/colcon_ws/src/install/sam_msgs/local/lib/python3.10/dist-packages/sam_msgs-0.1.0-py3.10.egg-info/SOURCES.txt
[6.571s] -- Installing: /home/schni2zle/colcon_ws/src/install/sam_msgs/local/lib/python3.10/dist-packages/sam_msgs-0.1.0-py3.10.egg-info/top_level.txt
[6.571s] -- Installing: /home/schni2zle/colcon_ws/src/install/sam_msgs/local/lib/python3.10/dist-packages/sam_msgs-0.1.0-py3.10.egg-info/dependency_links.txt
[6.571s] -- Up-to-date: /home/schni2zle/colcon_ws/src/install/sam_msgs/local/lib/python3.10/dist-packages/sam_msgs
[6.572s] -- Up-to-date: /home/schni2zle/colcon_ws/src/install/sam_msgs/local/lib/python3.10/dist-packages/sam_msgs/libsam_msgs__rosidl_generator_py.so
[6.572s] -- Up-to-date: /home/schni2zle/colcon_ws/src/install/sam_msgs/local/lib/python3.10/dist-packages/sam_msgs/msg
[6.572s] -- Up-to-date: /home/schni2zle/colcon_ws/src/install/sam_msgs/local/lib/python3.10/dist-packages/sam_msgs/msg/_command.py
[6.572s] -- Up-to-date: /home/schni2zle/colcon_ws/src/install/sam_msgs/local/lib/python3.10/dist-packages/sam_msgs/msg/_leak.py
[6.572s] -- Up-to-date: /home/schni2zle/colcon_ws/src/install/sam_msgs/local/lib/python3.10/dist-packages/sam_msgs/msg/_consumed_charge_s.c
[6.573s] -- Up-to-date: /home/schni2zle/colcon_ws/src/install/sam_msgs/local/lib/python3.10/dist-packages/sam_msgs/msg/_uavcan_node_status_named_array_s.c
[6.573s] -- Up-to-date: /home/schni2zle/colcon_ws/src/install/sam_msgs/local/lib/python3.10/dist-packages/sam_msgs/msg/_circuit_status_s.c
[6.573s] -- Up-to-date: /home/schni2zle/colcon_ws/src/install/sam_msgs/local/lib/python3.10/dist-packages/sam_msgs/msg/_array_command.py
[6.573s] -- Up-to-date: /home/schni2zle/colcon_ws/src/install/sam_msgs/local/lib/python3.10/dist-packages/sam_msgs/msg/_circuit_status_stamped_array.py
[6.573s] -- Up-to-date: /home/schni2zle/colcon_ws/src/install/sam_msgs/local/lib/python3.10/dist-packages/sam_msgs/msg/_consumed_charge_array.py
[6.574s] -- Up-to-date: /home/schni2zle/colcon_ws/src/install/sam_msgs/local/lib/python3.10/dist-packages/sam_msgs/msg/_ballast_angles_s.c
[6.574s] -- Up-to-date: /home/schni2zle/colcon_ws/src/install/sam_msgs/local/lib/python3.10/dist-packages/sam_msgs/msg/_consumed_charge.py
[6.574s] -- Up-to-date: /home/schni2zle/colcon_ws/src/install/sam_msgs/local/lib/python3.10/dist-packages/sam_msgs/msg/_circuit_status.py
[6.574s] -- Up-to-date: /home/schni2zle/colcon_ws/src/install/sam_msgs/local/lib/python3.10/dist-packages/sam_msgs/msg/_thruster_rp_ms.py
[6.574s] -- Up-to-date: /home/schni2zle/colcon_ws/src/install/sam_msgs/local/lib/python3.10/dist-packages/sam_msgs/msg/_circuit_status_stamped_array_s.c
[6.575s] -- Up-to-date: /home/schni2zle/colcon_ws/src/install/sam_msgs/local/lib/python3.10/dist-packages/sam_msgs/msg/_topics_s.c
[6.575s] -- Up-to-date: /home/schni2zle/colcon_ws/src/install/sam_msgs/local/lib/python3.10/dist-packages/sam_msgs/msg/_consumed_charge_feedback.py
[6.575s] -- Up-to-date: /home/schni2zle/colcon_ws/src/install/sam_msgs/local/lib/python3.10/dist-packages/sam_msgs/msg/_uavcan_node_status_s.c
[6.575s] -- Up-to-date: /home/schni2zle/colcon_ws/src/install/sam_msgs/local/lib/python3.10/dist-packages/sam_msgs/msg/_uavcan_node_status.py
[6.575s] -- Up-to-date: /home/schni2zle/colcon_ws/src/install/sam_msgs/local/lib/python3.10/dist-packages/sam_msgs/msg/_links_s.c
[6.576s] -- Up-to-date: /home/schni2zle/colcon_ws/src/install/sam_msgs/local/lib/python3.10/dist-packages/sam_msgs/msg/_light_command_array.py
[6.576s] -- Up-to-date: /home/schni2zle/colcon_ws/src/install/sam_msgs/local/lib/python3.10/dist-packages/sam_msgs/msg/_circuit_status_stamped_s.c
[6.576s] -- Up-to-date: /home/schni2zle/colcon_ws/src/install/sam_msgs/local/lib/python3.10/dist-packages/sam_msgs/msg/_percent_stamped_s.c
[6.576s] -- Up-to-date: /home/schni2zle/colcon_ws/src/install/sam_msgs/local/lib/python3.10/dist-packages/sam_msgs/msg/_leak_s.c
[6.577s] -- Up-to-date: /home/schni2zle/colcon_ws/src/install/sam_msgs/local/lib/python3.10/dist-packages/sam_msgs/msg/_ctp_s.c
[6.577s] -- Up-to-date: /home/schni2zle/colcon_ws/src/install/sam_msgs/local/lib/python3.10/dist-packages/sam_msgs/msg/_light_command_s.c
[6.577s] -- Up-to-date: /home/schni2zle/colcon_ws/src/install/sam_msgs/local/lib/python3.10/dist-packages/sam_msgs/msg/_consumed_charge_feedback_s.c
[6.577s] -- Up-to-date: /home/schni2zle/colcon_ws/src/install/sam_msgs/local/lib/python3.10/dist-packages/sam_msgs/msg/_ballast_angles.py
[6.577s] -- Up-to-date: /home/schni2zle/colcon_ws/src/install/sam_msgs/local/lib/python3.10/dist-packages/sam_msgs/msg/_topics.py
[6.578s] -- Up-to-date: /home/schni2zle/colcon_ws/src/install/sam_msgs/local/lib/python3.10/dist-packages/sam_msgs/msg/_thruster_angles_s.c
[6.578s] -- Up-to-date: /home/schni2zle/colcon_ws/src/install/sam_msgs/local/lib/python3.10/dist-packages/sam_msgs/msg/_consumed_charge_array_s.c
[6.578s] -- Up-to-date: /home/schni2zle/colcon_ws/src/install/sam_msgs/local/lib/python3.10/dist-packages/sam_msgs/msg/__init__.py
[6.578s] -- Up-to-date: /home/schni2zle/colcon_ws/src/install/sam_msgs/local/lib/python3.10/dist-packages/sam_msgs/msg/_thruster_angles.py
[6.578s] -- Up-to-date: /home/schni2zle/colcon_ws/src/install/sam_msgs/local/lib/python3.10/dist-packages/sam_msgs/msg/_circuit_status_stamped.py
[6.579s] -- Up-to-date: /home/schni2zle/colcon_ws/src/install/sam_msgs/local/lib/python3.10/dist-packages/sam_msgs/msg/_command_s.c
[6.579s] -- Up-to-date: /home/schni2zle/colcon_ws/src/install/sam_msgs/local/lib/python3.10/dist-packages/sam_msgs/msg/_light_command.py
[6.579s] -- Up-to-date: /home/schni2zle/colcon_ws/src/install/sam_msgs/local/lib/python3.10/dist-packages/sam_msgs/msg/_uavcan_node_status_named_array.py
[6.579s] -- Up-to-date: /home/schni2zle/colcon_ws/src/install/sam_msgs/local/lib/python3.10/dist-packages/sam_msgs/msg/_uavcan_node_status_named_s.c
[6.580s] -- Up-to-date: /home/schni2zle/colcon_ws/src/install/sam_msgs/local/lib/python3.10/dist-packages/sam_msgs/msg/_light_command_array_s.c
[6.580s] -- Up-to-date: /home/schni2zle/colcon_ws/src/install/sam_msgs/local/lib/python3.10/dist-packages/sam_msgs/msg/_thruster_rp_ms_s.c
[6.580s] -- Up-to-date: /home/schni2zle/colcon_ws/src/install/sam_msgs/local/lib/python3.10/dist-packages/sam_msgs/msg/_uavcan_node_status_named.py
[6.580s] -- Up-to-date: /home/schni2zle/colcon_ws/src/install/sam_msgs/local/lib/python3.10/dist-packages/sam_msgs/msg/_array_command_s.c
[6.580s] -- Up-to-date: /home/schni2zle/colcon_ws/src/install/sam_msgs/local/lib/python3.10/dist-packages/sam_msgs/msg/_links.py
[6.581s] -- Up-to-date: /home/schni2zle/colcon_ws/src/install/sam_msgs/local/lib/python3.10/dist-packages/sam_msgs/msg/_ctp.py
[6.581s] -- Up-to-date: /home/schni2zle/colcon_ws/src/install/sam_msgs/local/lib/python3.10/dist-packages/sam_msgs/msg/_percent_stamped.py
[6.581s] -- Up-to-date: /home/schni2zle/colcon_ws/src/install/sam_msgs/local/lib/python3.10/dist-packages/sam_msgs/_sam_msgs_s.ep.rosidl_typesupport_fastrtps_c.c
[6.581s] -- Up-to-date: /home/schni2zle/colcon_ws/src/install/sam_msgs/local/lib/python3.10/dist-packages/sam_msgs/srv
[6.581s] -- Up-to-date: /home/schni2zle/colcon_ws/src/install/sam_msgs/local/lib/python3.10/dist-packages/sam_msgs/srv/__init__.py
[6.582s] -- Up-to-date: /home/schni2zle/colcon_ws/src/install/sam_msgs/local/lib/python3.10/dist-packages/sam_msgs/srv/_uavcan_update_battery.py
[6.582s] -- Up-to-date: /home/schni2zle/colcon_ws/src/install/sam_msgs/local/lib/python3.10/dist-packages/sam_msgs/srv/_uavcan_update_battery_s.c
[6.582s] -- Up-to-date: /home/schni2zle/colcon_ws/src/install/sam_msgs/local/lib/python3.10/dist-packages/sam_msgs/_sam_msgs_s.ep.rosidl_typesupport_introspection_c.c
[6.582s] -- Up-to-date: /home/schni2zle/colcon_ws/src/install/sam_msgs/local/lib/python3.10/dist-packages/sam_msgs/_sam_msgs_s.ep.rosidl_typesupport_c.c
[6.582s] -- Up-to-date: /home/schni2zle/colcon_ws/src/install/sam_msgs/local/lib/python3.10/dist-packages/sam_msgs/__init__.py
[6.583s] -- Up-to-date: /home/schni2zle/colcon_ws/src/install/sam_msgs/local/lib/python3.10/dist-packages/sam_msgs/sam_msgs_s__rosidl_typesupport_c.cpython-310-x86_64-linux-gnu.so
[6.583s] -- Up-to-date: /home/schni2zle/colcon_ws/src/install/sam_msgs/local/lib/python3.10/dist-packages/sam_msgs/sam_msgs_s__rosidl_typesupport_introspection_c.cpython-310-x86_64-linux-gnu.so
[6.583s] -- Up-to-date: /home/schni2zle/colcon_ws/src/install/sam_msgs/local/lib/python3.10/dist-packages/sam_msgs/sam_msgs_s__rosidl_typesupport_fastrtps_c.cpython-310-x86_64-linux-gnu.so
[6.752s] Listing '/home/schni2zle/colcon_ws/src/install/sam_msgs/local/lib/python3.10/dist-packages/sam_msgs'...
[6.752s] Listing '/home/schni2zle/colcon_ws/src/install/sam_msgs/local/lib/python3.10/dist-packages/sam_msgs/msg'...
[6.752s] Listing '/home/schni2zle/colcon_ws/src/install/sam_msgs/local/lib/python3.10/dist-packages/sam_msgs/srv'...
[6.760s] -- Up-to-date: /home/schni2zle/colcon_ws/src/install/sam_msgs/local/lib/python3.10/dist-packages/sam_msgs/sam_msgs_s__rosidl_typesupport_fastrtps_c.cpython-310-x86_64-linux-gnu.so
[6.764s] -- Up-to-date: /home/schni2zle/colcon_ws/src/install/sam_msgs/local/lib/python3.10/dist-packages/sam_msgs/sam_msgs_s__rosidl_typesupport_introspection_c.cpython-310-x86_64-linux-gnu.so
[6.765s] -- Up-to-date: /home/schni2zle/colcon_ws/src/install/sam_msgs/local/lib/python3.10/dist-packages/sam_msgs/sam_msgs_s__rosidl_typesupport_c.cpython-310-x86_64-linux-gnu.so
[6.766s] -- Up-to-date: /home/schni2zle/colcon_ws/src/install/sam_msgs/lib/libsam_msgs__rosidl_generator_py.so
[6.767s] -- Up-to-date: /home/schni2zle/colcon_ws/src/install/sam_msgs/share/sam_msgs/msg/ArrayCommand.idl
[6.768s] -- Up-to-date: /home/schni2zle/colcon_ws/src/install/sam_msgs/share/sam_msgs/msg/BallastAngles.idl
[6.768s] -- Up-to-date: /home/schni2zle/colcon_ws/src/install/sam_msgs/share/sam_msgs/msg/CircuitStatus.idl
[6.768s] -- Up-to-date: /home/schni2zle/colcon_ws/src/install/sam_msgs/share/sam_msgs/msg/CircuitStatusStampedArray.idl
[6.768s] -- Up-to-date: /home/schni2zle/colcon_ws/src/install/sam_msgs/share/sam_msgs/msg/CircuitStatusStamped.idl
[6.769s] -- Up-to-date: /home/schni2zle/colcon_ws/src/install/sam_msgs/share/sam_msgs/msg/Command.idl
[6.769s] -- Up-to-date: /home/schni2zle/colcon_ws/src/install/sam_msgs/share/sam_msgs/msg/ConsumedChargeArray.idl
[6.769s] -- Up-to-date: /home/schni2zle/colcon_ws/src/install/sam_msgs/share/sam_msgs/msg/ConsumedChargeFeedback.idl
[6.769s] -- Up-to-date: /home/schni2zle/colcon_ws/src/install/sam_msgs/share/sam_msgs/msg/ConsumedCharge.idl
[6.771s] -- Up-to-date: /home/schni2zle/colcon_ws/src/install/sam_msgs/share/sam_msgs/msg/CTP.idl
[6.773s] -- Up-to-date: /home/schni2zle/colcon_ws/src/install/sam_msgs/share/sam_msgs/msg/Leak.idl
[6.774s] -- Up-to-date: /home/schni2zle/colcon_ws/src/install/sam_msgs/share/sam_msgs/msg/LightCommandArray.idl
[6.774s] -- Up-to-date: /home/schni2zle/colcon_ws/src/install/sam_msgs/share/sam_msgs/msg/LightCommand.idl
[6.774s] -- Up-to-date: /home/schni2zle/colcon_ws/src/install/sam_msgs/share/sam_msgs/msg/PercentStamped.idl
[6.774s] -- Up-to-date: /home/schni2zle/colcon_ws/src/install/sam_msgs/share/sam_msgs/msg/ThrusterAngles.idl
[6.774s] -- Up-to-date: /home/schni2zle/colcon_ws/src/install/sam_msgs/share/sam_msgs/msg/ThrusterRPMs.idl
[6.775s] -- Up-to-date: /home/schni2zle/colcon_ws/src/install/sam_msgs/share/sam_msgs/msg/UavcanNodeStatus.idl
[6.775s] -- Up-to-date: /home/schni2zle/colcon_ws/src/install/sam_msgs/share/sam_msgs/msg/UavcanNodeStatusNamedArray.idl
[6.775s] -- Up-to-date: /home/schni2zle/colcon_ws/src/install/sam_msgs/share/sam_msgs/msg/UavcanNodeStatusNamed.idl
[6.776s] -- Up-to-date: /home/schni2zle/colcon_ws/src/install/sam_msgs/share/sam_msgs/msg/Topics.idl
[6.776s] -- Up-to-date: /home/schni2zle/colcon_ws/src/install/sam_msgs/share/sam_msgs/msg/Links.idl
[6.776s] -- Up-to-date: /home/schni2zle/colcon_ws/src/install/sam_msgs/share/sam_msgs/srv/UavcanUpdateBattery.idl
[6.781s] -- Up-to-date: /home/schni2zle/colcon_ws/src/install/sam_msgs/share/sam_msgs/msg/ArrayCommand.msg
[6.781s] -- Up-to-date: /home/schni2zle/colcon_ws/src/install/sam_msgs/share/sam_msgs/msg/BallastAngles.msg
[6.781s] -- Up-to-date: /home/schni2zle/colcon_ws/src/install/sam_msgs/share/sam_msgs/msg/CircuitStatus.msg
[6.782s] -- Up-to-date: /home/schni2zle/colcon_ws/src/install/sam_msgs/share/sam_msgs/msg/CircuitStatusStampedArray.msg
[6.782s] -- Up-to-date: /home/schni2zle/colcon_ws/src/install/sam_msgs/share/sam_msgs/msg/CircuitStatusStamped.msg
[6.782s] -- Up-to-date: /home/schni2zle/colcon_ws/src/install/sam_msgs/share/sam_msgs/msg/Command.msg
[6.782s] -- Up-to-date: /home/schni2zle/colcon_ws/src/install/sam_msgs/share/sam_msgs/msg/ConsumedChargeArray.msg
[6.782s] -- Up-to-date: /home/schni2zle/colcon_ws/src/install/sam_msgs/share/sam_msgs/msg/ConsumedChargeFeedback.msg
[6.783s] -- Up-to-date: /home/schni2zle/colcon_ws/src/install/sam_msgs/share/sam_msgs/msg/ConsumedCharge.msg
[6.784s] -- Up-to-date: /home/schni2zle/colcon_ws/src/install/sam_msgs/share/sam_msgs/msg/CTP.msg
[6.785s] -- Up-to-date: /home/schni2zle/colcon_ws/src/install/sam_msgs/share/sam_msgs/msg/Leak.msg
[6.785s] -- Up-to-date: /home/schni2zle/colcon_ws/src/install/sam_msgs/share/sam_msgs/msg/LightCommandArray.msg
[6.785s] -- Up-to-date: /home/schni2zle/colcon_ws/src/install/sam_msgs/share/sam_msgs/msg/LightCommand.msg
[6.785s] -- Up-to-date: /home/schni2zle/colcon_ws/src/install/sam_msgs/share/sam_msgs/msg/PercentStamped.msg
[6.787s] -- Up-to-date: /home/schni2zle/colcon_ws/src/install/sam_msgs/share/sam_msgs/msg/ThrusterAngles.msg
[6.788s] -- Up-to-date: /home/schni2zle/colcon_ws/src/install/sam_msgs/share/sam_msgs/msg/ThrusterRPMs.msg
[6.788s] -- Up-to-date: /home/schni2zle/colcon_ws/src/install/sam_msgs/share/sam_msgs/msg/UavcanNodeStatus.msg
[6.789s] -- Up-to-date: /home/schni2zle/colcon_ws/src/install/sam_msgs/share/sam_msgs/msg/UavcanNodeStatusNamedArray.msg
[6.790s] -- Up-to-date: /home/schni2zle/colcon_ws/src/install/sam_msgs/share/sam_msgs/msg/UavcanNodeStatusNamed.msg
[6.791s] -- Up-to-date: /home/schni2zle/colcon_ws/src/install/sam_msgs/share/sam_msgs/msg/Topics.msg
[6.791s] -- Up-to-date: /home/schni2zle/colcon_ws/src/install/sam_msgs/share/sam_msgs/msg/Links.msg
[6.791s] -- Up-to-date: /home/schni2zle/colcon_ws/src/install/sam_msgs/share/sam_msgs/srv/UavcanUpdateBattery.srv
[6.791s] -- Up-to-date: /home/schni2zle/colcon_ws/src/install/sam_msgs/share/sam_msgs/srv/UavcanUpdateBattery_Request.msg
[6.792s] -- Up-to-date: /home/schni2zle/colcon_ws/src/install/sam_msgs/share/sam_msgs/srv/UavcanUpdateBattery_Response.msg
[6.792s] -- Up-to-date: /home/schni2zle/colcon_ws/src/install/sam_msgs/share/ament_index/resource_index/package_run_dependencies/sam_msgs
[6.792s] -- Up-to-date: /home/schni2zle/colcon_ws/src/install/sam_msgs/share/ament_index/resource_index/parent_prefix_path/sam_msgs
[6.792s] -- Up-to-date: /home/schni2zle/colcon_ws/src/install/sam_msgs/share/sam_msgs/environment/ament_prefix_path.sh
[6.792s] -- Up-to-date: /home/schni2zle/colcon_ws/src/install/sam_msgs/share/sam_msgs/environment/ament_prefix_path.dsv
[6.793s] -- Up-to-date: /home/schni2zle/colcon_ws/src/install/sam_msgs/share/sam_msgs/environment/path.sh
[6.795s] -- Up-to-date: /home/schni2zle/colcon_ws/src/install/sam_msgs/share/sam_msgs/environment/path.dsv
[6.795s] -- Up-to-date: /home/schni2zle/colcon_ws/src/install/sam_msgs/share/sam_msgs/local_setup.bash
[6.795s] -- Up-to-date: /home/schni2zle/colcon_ws/src/install/sam_msgs/share/sam_msgs/local_setup.sh
[6.796s] -- Up-to-date: /home/schni2zle/colcon_ws/src/install/sam_msgs/share/sam_msgs/local_setup.zsh
[6.796s] -- Up-to-date: /home/schni2zle/colcon_ws/src/install/sam_msgs/share/sam_msgs/local_setup.dsv
[6.798s] -- Installing: /home/schni2zle/colcon_ws/src/install/sam_msgs/share/sam_msgs/package.dsv
[6.799s] -- Up-to-date: /home/schni2zle/colcon_ws/src/install/sam_msgs/share/ament_index/resource_index/packages/sam_msgs
[6.799s] -- Up-to-date: /home/schni2zle/colcon_ws/src/install/sam_msgs/share/sam_msgs/cmake/export_sam_msgs__rosidl_generator_cExport.cmake
[6.800s] -- Up-to-date: /home/schni2zle/colcon_ws/src/install/sam_msgs/share/sam_msgs/cmake/export_sam_msgs__rosidl_generator_cExport-noconfig.cmake
[6.801s] -- Up-to-date: /home/schni2zle/colcon_ws/src/install/sam_msgs/share/sam_msgs/cmake/export_sam_msgs__rosidl_typesupport_fastrtps_cExport.cmake
[6.802s] -- Up-to-date: /home/schni2zle/colcon_ws/src/install/sam_msgs/share/sam_msgs/cmake/export_sam_msgs__rosidl_typesupport_fastrtps_cExport-noconfig.cmake
[6.802s] -- Up-to-date: /home/schni2zle/colcon_ws/src/install/sam_msgs/share/sam_msgs/cmake/sam_msgs__rosidl_typesupport_introspection_cExport.cmake
[6.802s] -- Up-to-date: /home/schni2zle/colcon_ws/src/install/sam_msgs/share/sam_msgs/cmake/sam_msgs__rosidl_typesupport_introspection_cExport-noconfig.cmake
[6.803s] -- Up-to-date: /home/schni2zle/colcon_ws/src/install/sam_msgs/share/sam_msgs/cmake/sam_msgs__rosidl_typesupport_cExport.cmake
[6.803s] -- Up-to-date: /home/schni2zle/colcon_ws/src/install/sam_msgs/share/sam_msgs/cmake/sam_msgs__rosidl_typesupport_cExport-noconfig.cmake
[6.804s] -- Up-to-date: /home/schni2zle/colcon_ws/src/install/sam_msgs/share/sam_msgs/cmake/export_sam_msgs__rosidl_generator_cppExport.cmake
[6.805s] -- Up-to-date: /home/schni2zle/colcon_ws/src/install/sam_msgs/share/sam_msgs/cmake/export_sam_msgs__rosidl_typesupport_fastrtps_cppExport.cmake
[6.805s] -- Up-to-date: /home/schni2zle/colcon_ws/src/install/sam_msgs/share/sam_msgs/cmake/export_sam_msgs__rosidl_typesupport_fastrtps_cppExport-noconfig.cmake
[6.806s] -- Up-to-date: /home/schni2zle/colcon_ws/src/install/sam_msgs/share/sam_msgs/cmake/sam_msgs__rosidl_typesupport_introspection_cppExport.cmake
[6.807s] -- Up-to-date: /home/schni2zle/colcon_ws/src/install/sam_msgs/share/sam_msgs/cmake/sam_msgs__rosidl_typesupport_introspection_cppExport-noconfig.cmake
[6.807s] -- Up-to-date: /home/schni2zle/colcon_ws/src/install/sam_msgs/share/sam_msgs/cmake/sam_msgs__rosidl_typesupport_cppExport.cmake
[6.811s] -- Up-to-date: /home/schni2zle/colcon_ws/src/install/sam_msgs/share/sam_msgs/cmake/sam_msgs__rosidl_typesupport_cppExport-noconfig.cmake
[6.812s] -- Up-to-date: /home/schni2zle/colcon_ws/src/install/sam_msgs/share/sam_msgs/cmake/export_sam_msgs__rosidl_generator_pyExport.cmake
[6.812s] -- Up-to-date: /home/schni2zle/colcon_ws/src/install/sam_msgs/share/sam_msgs/cmake/export_sam_msgs__rosidl_generator_pyExport-noconfig.cmake
[6.812s] -- Up-to-date: /home/schni2zle/colcon_ws/src/install/sam_msgs/share/sam_msgs/cmake/rosidl_cmake-extras.cmake
[6.813s] -- Up-to-date: /home/schni2zle/colcon_ws/src/install/sam_msgs/share/sam_msgs/cmake/ament_cmake_export_dependencies-extras.cmake
[6.813s] -- Up-to-date: /home/schni2zle/colcon_ws/src/install/sam_msgs/share/sam_msgs/cmake/ament_cmake_export_include_directories-extras.cmake
[6.813s] -- Up-to-date: /home/schni2zle/colcon_ws/src/install/sam_msgs/share/sam_msgs/cmake/ament_cmake_export_libraries-extras.cmake
[6.813s] -- Up-to-date: /home/schni2zle/colcon_ws/src/install/sam_msgs/share/sam_msgs/cmake/ament_cmake_export_targets-extras.cmake
[6.814s] -- Up-to-date: /home/schni2zle/colcon_ws/src/install/sam_msgs/share/sam_msgs/cmake/rosidl_cmake_export_typesupport_targets-extras.cmake
[6.814s] -- Up-to-date: /home/schni2zle/colcon_ws/src/install/sam_msgs/share/sam_msgs/cmake/rosidl_cmake_export_typesupport_libraries-extras.cmake
[6.814s] -- Up-to-date: /home/schni2zle/colcon_ws/src/install/sam_msgs/share/sam_msgs/cmake/sam_msgsConfig.cmake
[6.814s] -- Up-to-date: /home/schni2zle/colcon_ws/src/install/sam_msgs/share/sam_msgs/cmake/sam_msgsConfig-version.cmake
[6.814s] -- Up-to-date: /home/schni2zle/colcon_ws/src/install/sam_msgs/share/sam_msgs/package.xml
[6.820s] Invoked command in '/home/schni2zle/colcon_ws/src/build/sam_msgs' returned '0': CMAKE_PREFIX_PATH=${CMAKE_PREFIX_PATH}:/home/schni2zle/colcon_ws/src/install/workshopfun:/home/schni2zle/colcon_ws/src/install/utm_latlon_converter:/home/schni2zle/colcon_ws/src/install/test_package:/home/schni2zle/colcon_ws/src/install/state_estimation:/home/schni2zle/colcon_ws/src/install/smarc_nodered:/home/schni2zle/colcon_ws/src/install/smarc_bt:/home/schni2zle/colcon_ws/src/install/smarc_bringups:/home/schni2zle/colcon_ws/src/install/sam_dead_reckoning:/home/schni2zle/colcon_ws/src/install/ros_tcp_endpoint:/home/schni2zle/colcon_ws/src/install/ros2_python_examples:/home/schni2zle/colcon_ws/src/install/quadrotor_basic_controller:/home/schni2zle/colcon_ws/src/install/mqtt_bridge:/home/schni2zle/colcon_ws/src/install/dubins_planner:/home/schni2zle/colcon_ws/src/install/dive_control:/home/schni2zle/colcon_ws/src/install/basic_go_to_waypoint:/home/schni2zle/colcon_ws/src/install/basic_depth_pitch_control:/home/schni2zle/colcon_ws/install/workshopfun:/home/schni2zle/colcon_ws/install/utm_latlon_converter:/home/schni2zle/colcon_ws/install/smarc_nodered:/home/schni2zle/colcon_ws/install/smarc_bt:/home/schni2zle/colcon_ws/install/smarc_bringups:/home/schni2zle/colcon_ws/install/sam_dead_reckoning:/home/schni2zle/colcon_ws/install/ros_tcp_endpoint:/home/schni2zle/colcon_ws/install/ros2_python_examples:/home/schni2zle/colcon_ws/install/mqtt_bridge:/home/schni2zle/colcon_ws/install/dubins_planner:/home/schni2zle/colcon_ws/install/basic_go_to_waypoint:/opt/ros/humble /usr/bin/cmake --install /home/schni2zle/colcon_ws/src/build/sam_msgs
