/home/schni2zle/colcon_ws/src/install/workshopfun/lib/python3.10/site-packages/workshopfun/ActionserverControllerNode.py
/home/schni2zle/colcon_ws/src/install/workshopfun/lib/python3.10/site-packages/workshopfun/SAMThrustView.py
/home/schni2zle/colcon_ws/src/install/workshopfun/lib/python3.10/site-packages/workshopfun/__init__.py
/home/schni2zle/colcon_ws/src/install/workshopfun/lib/python3.10/site-packages/workshopfun/ActionClientNode.py
/home/schni2zle/colcon_ws/src/install/workshopfun/lib/python3.10/site-packages/workshopfun/ThrustyControllerNode.py
/home/schni2zle/colcon_ws/src/install/workshopfun/lib/python3.10/site-packages/workshopfun/IThrustView.py
/home/schni2zle/colcon_ws/src/install/workshopfun/lib/python3.10/site-packages/workshopfun/advanced_science/SuperAdvancedScienceModel.py
/home/schni2zle/colcon_ws/src/install/workshopfun/lib/python3.10/site-packages/workshopfun/advanced_science/IRPMModel.py
/home/schni2zle/colcon_ws/src/install/workshopfun/lib/python3.10/site-packages/workshopfun/advanced_science/__init__.py
/home/schni2zle/colcon_ws/src/install/workshopfun/lib/python3.10/site-packages/workshopfun/__pycache__/ActionserverControllerNode.cpython-310.pyc
/home/schni2zle/colcon_ws/src/install/workshopfun/lib/python3.10/site-packages/workshopfun/__pycache__/SAMThrustView.cpython-310.pyc
/home/schni2zle/colcon_ws/src/install/workshopfun/lib/python3.10/site-packages/workshopfun/__pycache__/__init__.cpython-310.pyc
/home/schni2zle/colcon_ws/src/install/workshopfun/lib/python3.10/site-packages/workshopfun/__pycache__/ActionClientNode.cpython-310.pyc
/home/schni2zle/colcon_ws/src/install/workshopfun/lib/python3.10/site-packages/workshopfun/__pycache__/ThrustyControllerNode.cpython-310.pyc
/home/schni2zle/colcon_ws/src/install/workshopfun/lib/python3.10/site-packages/workshopfun/__pycache__/IThrustView.cpython-310.pyc
/home/schni2zle/colcon_ws/src/install/workshopfun/lib/python3.10/site-packages/workshopfun/advanced_science/__pycache__/SuperAdvancedScienceModel.cpython-310.pyc
/home/schni2zle/colcon_ws/src/install/workshopfun/lib/python3.10/site-packages/workshopfun/advanced_science/__pycache__/IRPMModel.cpython-310.pyc
/home/schni2zle/colcon_ws/src/install/workshopfun/lib/python3.10/site-packages/workshopfun/advanced_science/__pycache__/__init__.cpython-310.pyc
/home/schni2zle/colcon_ws/src/install/workshopfun/share/ament_index/resource_index/packages/workshopfun
/home/schni2zle/colcon_ws/src/install/workshopfun/share/workshopfun/package.xml
/home/schni2zle/colcon_ws/src/install/workshopfun/share/workshopfun/config/scientific_configuration.yaml
/home/schni2zle/colcon_ws/src/install/workshopfun/share/workshopfun/launch/actionserver.launch
/home/schni2zle/colcon_ws/src/install/workshopfun/share/workshopfun/launch/do_science.launch
/home/schni2zle/colcon_ws/src/install/workshopfun/lib/python3.10/site-packages/workshopfun-0.0.0-py3.10.egg-info/entry_points.txt
/home/schni2zle/colcon_ws/src/install/workshopfun/lib/python3.10/site-packages/workshopfun-0.0.0-py3.10.egg-info/requires.txt
/home/schni2zle/colcon_ws/src/install/workshopfun/lib/python3.10/site-packages/workshopfun-0.0.0-py3.10.egg-info/PKG-INFO
/home/schni2zle/colcon_ws/src/install/workshopfun/lib/python3.10/site-packages/workshopfun-0.0.0-py3.10.egg-info/SOURCES.txt
/home/schni2zle/colcon_ws/src/install/workshopfun/lib/python3.10/site-packages/workshopfun-0.0.0-py3.10.egg-info/zip-safe
/home/schni2zle/colcon_ws/src/install/workshopfun/lib/python3.10/site-packages/workshopfun-0.0.0-py3.10.egg-info/top_level.txt
/home/schni2zle/colcon_ws/src/install/workshopfun/lib/python3.10/site-packages/workshopfun-0.0.0-py3.10.egg-info/dependency_links.txt
/home/schni2zle/colcon_ws/src/install/workshopfun/lib/workshopfun/action_client_node
/home/schni2zle/colcon_ws/src/install/workshopfun/lib/workshopfun/action_server_node
/home/schni2zle/colcon_ws/src/install/workshopfun/lib/workshopfun/science_node
/home/schni2zle/colcon_ws/src/install/workshopfun/lib/workshopfun/view_test
