/home/schni2zle/colcon_ws/src/install/ros2_python_examples/lib/python3.10/site-packages/ros2_python_examples/sam_view.py
/home/schni2zle/colcon_ws/src/install/ros2_python_examples/lib/python3.10/site-packages/ros2_python_examples/pid_controller_node.py
/home/schni2zle/colcon_ws/src/install/ros2_python_examples/lib/python3.10/site-packages/ros2_python_examples/controller_controller.py
/home/schni2zle/colcon_ws/src/install/ros2_python_examples/lib/python3.10/site-packages/ros2_python_examples/__init__.py
/home/schni2zle/colcon_ws/src/install/ros2_python_examples/lib/python3.10/site-packages/ros2_python_examples/pid_model.py
/home/schni2zle/colcon_ws/src/install/ros2_python_examples/lib/python3.10/site-packages/ros2_python_examples/geometry/__init__.py
/home/schni2zle/colcon_ws/src/install/ros2_python_examples/lib/python3.10/site-packages/ros2_python_examples/geometry/vector2.py
/home/schni2zle/colcon_ws/src/install/ros2_python_examples/lib/python3.10/site-packages/ros2_python_examples/__pycache__/sam_view.cpython-310.pyc
/home/schni2zle/colcon_ws/src/install/ros2_python_examples/lib/python3.10/site-packages/ros2_python_examples/__pycache__/pid_controller_node.cpython-310.pyc
/home/schni2zle/colcon_ws/src/install/ros2_python_examples/lib/python3.10/site-packages/ros2_python_examples/__pycache__/controller_controller.cpython-310.pyc
/home/schni2zle/colcon_ws/src/install/ros2_python_examples/lib/python3.10/site-packages/ros2_python_examples/__pycache__/__init__.cpython-310.pyc
/home/schni2zle/colcon_ws/src/install/ros2_python_examples/lib/python3.10/site-packages/ros2_python_examples/__pycache__/pid_model.cpython-310.pyc
/home/schni2zle/colcon_ws/src/install/ros2_python_examples/lib/python3.10/site-packages/ros2_python_examples/geometry/__pycache__/__init__.cpython-310.pyc
/home/schni2zle/colcon_ws/src/install/ros2_python_examples/lib/python3.10/site-packages/ros2_python_examples/geometry/__pycache__/vector2.cpython-310.pyc
/home/schni2zle/colcon_ws/src/install/ros2_python_examples/share/ament_index/resource_index/packages/ros2_python_examples
/home/schni2zle/colcon_ws/src/install/ros2_python_examples/share/ros2_python_examples/package.xml
/home/schni2zle/colcon_ws/src/install/ros2_python_examples/share/ros2_python_examples/config
/home/schni2zle/colcon_ws/src/install/ros2_python_examples/share/ros2_python_examples/launch/basic_controller_example.launch
/home/schni2zle/colcon_ws/src/install/ros2_python_examples/lib/python3.10/site-packages/ros2_python_examples-0.0.0-py3.10.egg-info/entry_points.txt
/home/schni2zle/colcon_ws/src/install/ros2_python_examples/lib/python3.10/site-packages/ros2_python_examples-0.0.0-py3.10.egg-info/requires.txt
/home/schni2zle/colcon_ws/src/install/ros2_python_examples/lib/python3.10/site-packages/ros2_python_examples-0.0.0-py3.10.egg-info/PKG-INFO
/home/schni2zle/colcon_ws/src/install/ros2_python_examples/lib/python3.10/site-packages/ros2_python_examples-0.0.0-py3.10.egg-info/SOURCES.txt
/home/schni2zle/colcon_ws/src/install/ros2_python_examples/lib/python3.10/site-packages/ros2_python_examples-0.0.0-py3.10.egg-info/zip-safe
/home/schni2zle/colcon_ws/src/install/ros2_python_examples/lib/python3.10/site-packages/ros2_python_examples-0.0.0-py3.10.egg-info/top_level.txt
/home/schni2zle/colcon_ws/src/install/ros2_python_examples/lib/python3.10/site-packages/ros2_python_examples-0.0.0-py3.10.egg-info/dependency_links.txt
/home/schni2zle/colcon_ws/src/install/ros2_python_examples/lib/ros2_python_examples/example_node
