[5.412s] Invoking command in '/home/schni2zle/colcon_ws/src/behaviours/basic_go_to_waypoint': PYTHONPATH=/home/schni2zle/colcon_ws/src/build/basic_go_to_waypoint/prefix_override:/usr/lib/python3/dist-packages/colcon_core/task/python/colcon_distutils_commands:/home/schni2zle/colcon_ws/src/install/basic_go_to_waypoint/lib/python3.10/site-packages:${PYTHONPATH} /usr/bin/python3 -W ignore:setup.py install is deprecated setup.py egg_info --egg-base ../../build/basic_go_to_waypoint build --build-base /home/schni2zle/colcon_ws/src/build/basic_go_to_waypoint/build install --record /home/schni2zle/colcon_ws/src/build/basic_go_to_waypoint/install.log --single-version-externally-managed install_data
[6.805s] running egg_info
[6.811s] writing ../../build/basic_go_to_waypoint/basic_go_to_waypoint.egg-info/PKG-INFO
[6.811s] writing dependency_links to ../../build/basic_go_to_waypoint/basic_go_to_waypoint.egg-info/dependency_links.txt
[6.811s] writing entry points to ../../build/basic_go_to_waypoint/basic_go_to_waypoint.egg-info/entry_points.txt
[6.812s] writing requirements to ../../build/basic_go_to_waypoint/basic_go_to_waypoint.egg-info/requires.txt
[6.812s] writing top-level names to ../../build/basic_go_to_waypoint/basic_go_to_waypoint.egg-info/top_level.txt
[6.820s] reading manifest file '../../build/basic_go_to_waypoint/basic_go_to_waypoint.egg-info/SOURCES.txt'
[6.821s] adding license file 'LICENSE'
[6.828s] writing manifest file '../../build/basic_go_to_waypoint/basic_go_to_waypoint.egg-info/SOURCES.txt'
[6.828s] running build
[6.829s] running build_py
[6.830s] running install
[6.830s] running install_lib
[6.838s] running install_data
[6.838s] running install_egg_info
[6.846s] removing '/home/schni2zle/colcon_ws/src/install/basic_go_to_waypoint/lib/python3.10/site-packages/basic_go_to_waypoint-0.0.0-py3.10.egg-info' (and everything under it)
[6.847s] Copying ../../build/basic_go_to_waypoint/basic_go_to_waypoint.egg-info to /home/schni2zle/colcon_ws/src/install/basic_go_to_waypoint/lib/python3.10/site-packages/basic_go_to_waypoint-0.0.0-py3.10.egg-info
[6.860s] running install_scripts
[6.943s] Installing action_client_node script to /home/schni2zle/colcon_ws/src/install/basic_go_to_waypoint/lib/basic_go_to_waypoint
[6.944s] Installing action_server_node script to /home/schni2zle/colcon_ws/src/install/basic_go_to_waypoint/lib/basic_go_to_waypoint
[6.949s] Installing view_test script to /home/schni2zle/colcon_ws/src/install/basic_go_to_waypoint/lib/basic_go_to_waypoint
[6.949s] Installing waypoint_following script to /home/schni2zle/colcon_ws/src/install/basic_go_to_waypoint/lib/basic_go_to_waypoint
[6.949s] writing list of installed files to '/home/schni2zle/colcon_ws/src/build/basic_go_to_waypoint/install.log'
[8.022s] Invoked command in '/home/schni2zle/colcon_ws/src/behaviours/basic_go_to_waypoint' returned '0': PYTHONPATH=/home/schni2zle/colcon_ws/src/build/basic_go_to_waypoint/prefix_override:/usr/lib/python3/dist-packages/colcon_core/task/python/colcon_distutils_commands:/home/schni2zle/colcon_ws/src/install/basic_go_to_waypoint/lib/python3.10/site-packages:${PYTHONPATH} /usr/bin/python3 -W ignore:setup.py install is deprecated setup.py egg_info --egg-base ../../build/basic_go_to_waypoint build --build-base /home/schni2zle/colcon_ws/src/build/basic_go_to_waypoint/build install --record /home/schni2zle/colcon_ws/src/build/basic_go_to_waypoint/install.log --single-version-externally-managed install_data
