[1.185s] Invoking command in '/home/schni2zle/colcon_ws/src/state_estimation': PYTHONPATH=/home/schni2zle/colcon_ws/src/build/state_estimation/prefix_override:/usr/lib/python3/dist-packages/colcon_core/task/python/colcon_distutils_commands:/home/schni2zle/colcon_ws/src/install/state_estimation/lib/python3.10/site-packages:${PYTHONPATH} /usr/bin/python3 -W ignore:setup.py install is deprecated setup.py egg_info --egg-base ../build/state_estimation build --build-base /home/schni2zle/colcon_ws/src/build/state_estimation/build install --record /home/schni2zle/colcon_ws/src/build/state_estimation/install.log --single-version-externally-managed install_data
[1.635s] running egg_info
[1.636s] writing ../build/state_estimation/state_estimation.egg-info/PKG-INFO
[1.637s] writing dependency_links to ../build/state_estimation/state_estimation.egg-info/dependency_links.txt
[1.637s] writing entry points to ../build/state_estimation/state_estimation.egg-info/entry_points.txt
[1.637s] writing requirements to ../build/state_estimation/state_estimation.egg-info/requires.txt
[1.637s] writing top-level names to ../build/state_estimation/state_estimation.egg-info/top_level.txt
[1.640s] reading manifest file '../build/state_estimation/state_estimation.egg-info/SOURCES.txt'
[1.640s] adding license file 'LICENSE'
[1.641s] writing manifest file '../build/state_estimation/state_estimation.egg-info/SOURCES.txt'
[1.641s] running build
[1.641s] running build_py
[1.642s] running install
[1.642s] running install_lib
[1.644s] running install_data
[1.645s] running install_egg_info
[1.648s] removing '/home/schni2zle/colcon_ws/src/install/state_estimation/lib/python3.10/site-packages/state_estimation-0.0.0-py3.10.egg-info' (and everything under it)
[1.648s] Copying ../build/state_estimation/state_estimation.egg-info to /home/schni2zle/colcon_ws/src/install/state_estimation/lib/python3.10/site-packages/state_estimation-0.0.0-py3.10.egg-info
[1.650s] running install_scripts
[1.681s] Installing detector script to /home/schni2zle/colcon_ws/src/install/state_estimation/lib/state_estimation
[1.681s] Installing estimator script to /home/schni2zle/colcon_ws/src/install/state_estimation/lib/state_estimation
[1.681s] writing list of installed files to '/home/schni2zle/colcon_ws/src/build/state_estimation/install.log'
[1.719s] Invoked command in '/home/schni2zle/colcon_ws/src/state_estimation' returned '0': PYTHONPATH=/home/schni2zle/colcon_ws/src/build/state_estimation/prefix_override:/usr/lib/python3/dist-packages/colcon_core/task/python/colcon_distutils_commands:/home/schni2zle/colcon_ws/src/install/state_estimation/lib/python3.10/site-packages:${PYTHONPATH} /usr/bin/python3 -W ignore:setup.py install is deprecated setup.py egg_info --egg-base ../build/state_estimation build --build-base /home/schni2zle/colcon_ws/src/build/state_estimation/build install --record /home/schni2zle/colcon_ws/src/build/state_estimation/install.log --single-version-externally-managed install_data
