[6.773s] Invoking command in '/home/schni2zle/colcon_ws/src/external_packages/mqtt_bridge': PYTHONPATH=/home/schni2zle/colcon_ws/src/build/mqtt_bridge/prefix_override:/usr/lib/python3/dist-packages/colcon_core/task/python/colcon_distutils_commands:/home/schni2zle/colcon_ws/src/install/mqtt_bridge/lib/python3.10/site-packages:${PYTHONPATH} /usr/bin/python3 -W ignore:setup.py install is deprecated setup.py egg_info --egg-base ../../build/mqtt_bridge build --build-base /home/schni2zle/colcon_ws/src/build/mqtt_bridge/build install --record /home/schni2zle/colcon_ws/src/build/mqtt_bridge/install.log --single-version-externally-managed install_data
[8.012s] running egg_info
[8.015s] writing ../../build/mqtt_bridge/mqtt_bridge.egg-info/PKG-INFO
[8.018s] writing dependency_links to ../../build/mqtt_bridge/mqtt_bridge.egg-info/dependency_links.txt
[8.018s] writing entry points to ../../build/mqtt_bridge/mqtt_bridge.egg-info/entry_points.txt
[8.019s] writing requirements to ../../build/mqtt_bridge/mqtt_bridge.egg-info/requires.txt
[8.019s] writing top-level names to ../../build/mqtt_bridge/mqtt_bridge.egg-info/top_level.txt
[8.025s] reading manifest file '../../build/mqtt_bridge/mqtt_bridge.egg-info/SOURCES.txt'
[8.025s] adding license file 'LICENSE.txt'
[8.025s] writing manifest file '../../build/mqtt_bridge/mqtt_bridge.egg-info/SOURCES.txt'
[8.026s] running build
[8.026s] running build_py
[8.030s] running install
[8.030s] running install_lib
[8.033s] running install_data
[8.035s] running install_egg_info
[8.042s] removing '/home/schni2zle/colcon_ws/src/install/mqtt_bridge/lib/python3.10/site-packages/mqtt_bridge-0.1.1-py3.10.egg-info' (and everything under it)
[8.044s] Copying ../../build/mqtt_bridge/mqtt_bridge.egg-info to /home/schni2zle/colcon_ws/src/install/mqtt_bridge/lib/python3.10/site-packages/mqtt_bridge-0.1.1-py3.10.egg-info
[8.049s] running install_scripts
[8.124s] Installing mqtt_bridge_node script to /home/schni2zle/colcon_ws/src/install/mqtt_bridge/lib/mqtt_bridge
[8.128s] writing list of installed files to '/home/schni2zle/colcon_ws/src/build/mqtt_bridge/install.log'
[8.210s] Invoked command in '/home/schni2zle/colcon_ws/src/external_packages/mqtt_bridge' returned '0': PYTHONPATH=/home/schni2zle/colcon_ws/src/build/mqtt_bridge/prefix_override:/usr/lib/python3/dist-packages/colcon_core/task/python/colcon_distutils_commands:/home/schni2zle/colcon_ws/src/install/mqtt_bridge/lib/python3.10/site-packages:${PYTHONPATH} /usr/bin/python3 -W ignore:setup.py install is deprecated setup.py egg_info --egg-base ../../build/mqtt_bridge build --build-base /home/schni2zle/colcon_ws/src/build/mqtt_bridge/build install --record /home/schni2zle/colcon_ws/src/build/mqtt_bridge/install.log --single-version-externally-managed install_data
