[5.445s] Invoking command in '/home/schni2zle/colcon_ws/src/scripts/smarc_bringups': PYTHONPATH=/home/schni2zle/colcon_ws/src/build/smarc_bringups/prefix_override:/usr/lib/python3/dist-packages/colcon_core/task/python/colcon_distutils_commands:/home/schni2zle/colcon_ws/src/install/smarc_bringups/lib/python3.10/site-packages:${PYTHONPATH} /usr/bin/python3 -W ignore:setup.py install is deprecated setup.py egg_info --egg-base ../../build/smarc_bringups build --build-base /home/schni2zle/colcon_ws/src/build/smarc_bringups/build install --record /home/schni2zle/colcon_ws/src/build/smarc_bringups/install.log --single-version-externally-managed install_data
[6.547s] running egg_info
[6.549s] writing ../../build/smarc_bringups/smarc_bringups.egg-info/PKG-INFO
[6.550s] writing dependency_links to ../../build/smarc_bringups/smarc_bringups.egg-info/dependency_links.txt
[6.550s] writing entry points to ../../build/smarc_bringups/smarc_bringups.egg-info/entry_points.txt
[6.551s] writing requirements to ../../build/smarc_bringups/smarc_bringups.egg-info/requires.txt
[6.551s] writing top-level names to ../../build/smarc_bringups/smarc_bringups.egg-info/top_level.txt
[6.555s] reading manifest file '../../build/smarc_bringups/smarc_bringups.egg-info/SOURCES.txt'
[6.556s] adding license file 'LICENSE'
[6.558s] writing manifest file '../../build/smarc_bringups/smarc_bringups.egg-info/SOURCES.txt'
[6.559s] running build
[6.559s] running build_scripts
[6.559s] running install
[6.560s] running install_data
[6.560s] running install_egg_info
[6.568s] removing '/home/schni2zle/colcon_ws/src/install/smarc_bringups/lib/python3.10/site-packages/smarc_bringups-0.0.0-py3.10.egg-info' (and everything under it)
[6.568s] Copying ../../build/smarc_bringups/smarc_bringups.egg-info to /home/schni2zle/colcon_ws/src/install/smarc_bringups/lib/python3.10/site-packages/smarc_bringups-0.0.0-py3.10.egg-info
[6.572s] running install_scripts
[6.630s] changing mode of /home/schni2zle/colcon_ws/src/install/smarc_bringups/lib/smarc_bringups/sam_bringup.sh to 775
[6.633s] writing list of installed files to '/home/schni2zle/colcon_ws/src/build/smarc_bringups/install.log'
[8.724s] Invoked command in '/home/schni2zle/colcon_ws/src/scripts/smarc_bringups' returned '0': PYTHONPATH=/home/schni2zle/colcon_ws/src/build/smarc_bringups/prefix_override:/usr/lib/python3/dist-packages/colcon_core/task/python/colcon_distutils_commands:/home/schni2zle/colcon_ws/src/install/smarc_bringups/lib/python3.10/site-packages:${PYTHONPATH} /usr/bin/python3 -W ignore:setup.py install is deprecated setup.py egg_info --egg-base ../../build/smarc_bringups build --build-base /home/schni2zle/colcon_ws/src/build/smarc_bringups/build install --record /home/schni2zle/colcon_ws/src/build/smarc_bringups/install.log --single-version-externally-managed install_data
