[0.153s] Invoking command in '/home/schni2zle/colcon_ws/src/build/sam_msgs': CMAKE_PREFIX_PATH=${CMAKE_PREFIX_PATH}:/home/schni2zle/colcon_ws/src/install/workshopfun:/home/schni2zle/colcon_ws/src/install/utm_latlon_converter:/home/schni2zle/colcon_ws/src/install/test_package:/home/schni2zle/colcon_ws/src/install/state_estimation:/home/schni2zle/colcon_ws/src/install/smarc_nodered:/home/schni2zle/colcon_ws/src/install/smarc_bt:/home/schni2zle/colcon_ws/src/install/smarc_bringups:/home/schni2zle/colcon_ws/src/install/sam_dead_reckoning:/home/schni2zle/colcon_ws/src/install/ros_tcp_endpoint:/home/schni2zle/colcon_ws/src/install/ros2_python_examples:/home/schni2zle/colcon_ws/src/install/quadrotor_basic_controller:/home/schni2zle/colcon_ws/src/install/mqtt_bridge:/home/schni2zle/colcon_ws/src/install/dubins_planner:/home/schni2zle/colcon_ws/src/install/dive_control:/home/schni2zle/colcon_ws/src/install/basic_go_to_waypoint:/home/schni2zle/colcon_ws/src/install/basic_depth_pitch_control:/home/schni2zle/colcon_ws/install/workshopfun:/home/schni2zle/colcon_ws/install/utm_latlon_converter:/home/schni2zle/colcon_ws/install/smarc_nodered:/home/schni2zle/colcon_ws/install/smarc_bt:/home/schni2zle/colcon_ws/install/smarc_bringups:/home/schni2zle/colcon_ws/install/sam_dead_reckoning:/home/schni2zle/colcon_ws/install/ros_tcp_endpoint:/home/schni2zle/colcon_ws/install/ros2_python_examples:/home/schni2zle/colcon_ws/install/mqtt_bridge:/home/schni2zle/colcon_ws/install/dubins_planner:/home/schni2zle/colcon_ws/install/basic_go_to_waypoint:/opt/ros/humble /usr/bin/cmake --build /home/schni2zle/colcon_ws/src/build/sam_msgs -- -j8 -l8
[3.852s] [  0%] Built target sam_msgs__cpp
[3.853s] [ 12%] Built target sam_msgs__rosidl_generator_c
[3.854s] [ 12%] Built target ament_cmake_python_copy_sam_msgs
[3.854s] [ 24%] Built target sam_msgs__rosidl_typesupport_cpp
[3.855s] [ 36%] Built target sam_msgs__rosidl_typesupport_fastrtps_cpp
[3.856s] [ 48%] Built target sam_msgs__rosidl_typesupport_c
[3.857s] [ 61%] Built target sam_msgs__rosidl_typesupport_introspection_cpp
[3.857s] [ 73%] Built target sam_msgs__rosidl_typesupport_introspection_c
[3.858s] [ 85%] Built target sam_msgs__rosidl_typesupport_fastrtps_c
[3.859s] [ 85%] Built target sam_msgs
[3.859s] [ 86%] Built target sam_msgs__py
[3.859s] [ 97%] Built target sam_msgs__rosidl_generator_py
[3.859s] [ 99%] Built target sam_msgs__rosidl_typesupport_c__pyext
[3.860s] [ 99%] Built target sam_msgs__rosidl_typesupport_introspection_c__pyext
[3.861s] [100%] Built target sam_msgs__rosidl_typesupport_fastrtps_c__pyext
[3.861s] running egg_info
[3.861s] writing sam_msgs.egg-info/PKG-INFO
[3.862s] writing dependency_links to sam_msgs.egg-info/dependency_links.txt
[3.862s] writing top-level names to sam_msgs.egg-info/top_level.txt
[3.864s] reading manifest file 'sam_msgs.egg-info/SOURCES.txt'
[3.865s] writing manifest file 'sam_msgs.egg-info/SOURCES.txt'
[3.867s] [100%] Built target ament_cmake_python_build_sam_msgs_egg
[3.879s] Invoked command in '/home/schni2zle/colcon_ws/src/build/sam_msgs' returned '0': CMAKE_PREFIX_PATH=${CMAKE_PREFIX_PATH}:/home/schni2zle/colcon_ws/src/install/workshopfun:/home/schni2zle/colcon_ws/src/install/utm_latlon_converter:/home/schni2zle/colcon_ws/src/install/test_package:/home/schni2zle/colcon_ws/src/install/state_estimation:/home/schni2zle/colcon_ws/src/install/smarc_nodered:/home/schni2zle/colcon_ws/src/install/smarc_bt:/home/schni2zle/colcon_ws/src/install/smarc_bringups:/home/schni2zle/colcon_ws/src/install/sam_dead_reckoning:/home/schni2zle/colcon_ws/src/install/ros_tcp_endpoint:/home/schni2zle/colcon_ws/src/install/ros2_python_examples:/home/schni2zle/colcon_ws/src/install/quadrotor_basic_controller:/home/schni2zle/colcon_ws/src/install/mqtt_bridge:/home/schni2zle/colcon_ws/src/install/dubins_planner:/home/schni2zle/colcon_ws/src/install/dive_control:/home/schni2zle/colcon_ws/src/install/basic_go_to_waypoint:/home/schni2zle/colcon_ws/src/install/basic_depth_pitch_control:/home/schni2zle/colcon_ws/install/workshopfun:/home/schni2zle/colcon_ws/install/utm_latlon_converter:/home/schni2zle/colcon_ws/install/smarc_nodered:/home/schni2zle/colcon_ws/install/smarc_bt:/home/schni2zle/colcon_ws/install/smarc_bringups:/home/schni2zle/colcon_ws/install/sam_dead_reckoning:/home/schni2zle/colcon_ws/install/ros_tcp_endpoint:/home/schni2zle/colcon_ws/install/ros2_python_examples:/home/schni2zle/colcon_ws/install/mqtt_bridge:/home/schni2zle/colcon_ws/install/dubins_planner:/home/schni2zle/colcon_ws/install/basic_go_to_waypoint:/opt/ros/humble /usr/bin/cmake --build /home/schni2zle/colcon_ws/src/build/sam_msgs -- -j8 -l8
[6.885s] Invoking command in '/home/schni2zle/colcon_ws/src/build/sam_msgs': CMAKE_PREFIX_PATH=${CMAKE_PREFIX_PATH}:/home/schni2zle/colcon_ws/src/install/workshopfun:/home/schni2zle/colcon_ws/src/install/utm_latlon_converter:/home/schni2zle/colcon_ws/src/install/test_package:/home/schni2zle/colcon_ws/src/install/state_estimation:/home/schni2zle/colcon_ws/src/install/smarc_nodered:/home/schni2zle/colcon_ws/src/install/smarc_bt:/home/schni2zle/colcon_ws/src/install/smarc_bringups:/home/schni2zle/colcon_ws/src/install/sam_dead_reckoning:/home/schni2zle/colcon_ws/src/install/ros_tcp_endpoint:/home/schni2zle/colcon_ws/src/install/ros2_python_examples:/home/schni2zle/colcon_ws/src/install/quadrotor_basic_controller:/home/schni2zle/colcon_ws/src/install/mqtt_bridge:/home/schni2zle/colcon_ws/src/install/dubins_planner:/home/schni2zle/colcon_ws/src/install/dive_control:/home/schni2zle/colcon_ws/src/install/basic_go_to_waypoint:/home/schni2zle/colcon_ws/src/install/basic_depth_pitch_control:/home/schni2zle/colcon_ws/install/workshopfun:/home/schni2zle/colcon_ws/install/utm_latlon_converter:/home/schni2zle/colcon_ws/install/smarc_nodered:/home/schni2zle/colcon_ws/install/smarc_bt:/home/schni2zle/colcon_ws/install/smarc_bringups:/home/schni2zle/colcon_ws/install/sam_dead_reckoning:/home/schni2zle/colcon_ws/install/ros_tcp_endpoint:/home/schni2zle/colcon_ws/install/ros2_python_examples:/home/schni2zle/colcon_ws/install/mqtt_bridge:/home/schni2zle/colcon_ws/install/dubins_planner:/home/schni2zle/colcon_ws/install/basic_go_to_waypoint:/opt/ros/humble /usr/bin/cmake --install /home/schni2zle/colcon_ws/src/build/sam_msgs
[6.998s] -- Install configuration: ""
[6.998s] -- Up-to-date: /home/schni2zle/colcon_ws/src/install/sam_msgs/share/ament_index/resource_index/rosidl_interfaces/sam_msgs
[7.003s] -- Up-to-date: /home/schni2zle/colcon_ws/src/install/sam_msgs/include/sam_msgs/sam_msgs
[7.003s] -- Up-to-date: /home/schni2zle/colcon_ws/src/install/sam_msgs/include/sam_msgs/sam_msgs/msg
[7.003s] -- Up-to-date: /home/schni2zle/colcon_ws/src/install/sam_msgs/include/sam_msgs/sam_msgs/msg/uavcan_node_status.h
[7.003s] -- Up-to-date: /home/schni2zle/colcon_ws/src/install/sam_msgs/include/sam_msgs/sam_msgs/msg/circuit_status_stamped_array.h
[7.004s] -- Up-to-date: /home/schni2zle/colcon_ws/src/install/sam_msgs/include/sam_msgs/sam_msgs/msg/thruster_angles.h
[7.004s] -- Up-to-date: /home/schni2zle/colcon_ws/src/install/sam_msgs/include/sam_msgs/sam_msgs/msg/uavcan_node_status_named.h
[7.004s] -- Up-to-date: /home/schni2zle/colcon_ws/src/install/sam_msgs/include/sam_msgs/sam_msgs/msg/uavcan_node_status_named_array.h
[7.004s] -- Up-to-date: /home/schni2zle/colcon_ws/src/install/sam_msgs/include/sam_msgs/sam_msgs/msg/ctp.h
[7.005s] -- Up-to-date: /home/schni2zle/colcon_ws/src/install/sam_msgs/include/sam_msgs/sam_msgs/msg/light_command.h
[7.005s] -- Up-to-date: /home/schni2zle/colcon_ws/src/install/sam_msgs/include/sam_msgs/sam_msgs/msg/rosidl_generator_c__visibility_control.h
[7.005s] -- Up-to-date: /home/schni2zle/colcon_ws/src/install/sam_msgs/include/sam_msgs/sam_msgs/msg/thruster_rp_ms.h
[7.007s] -- Up-to-date: /home/schni2zle/colcon_ws/src/install/sam_msgs/include/sam_msgs/sam_msgs/msg/links.h
[7.007s] -- Up-to-date: /home/schni2zle/colcon_ws/src/install/sam_msgs/include/sam_msgs/sam_msgs/msg/percent_stamped.h
[7.010s] -- Up-to-date: /home/schni2zle/colcon_ws/src/install/sam_msgs/include/sam_msgs/sam_msgs/msg/consumed_charge_array.h
[7.010s] -- Up-to-date: /home/schni2zle/colcon_ws/src/install/sam_msgs/include/sam_msgs/sam_msgs/msg/leak.h
[7.010s] -- Up-to-date: /home/schni2zle/colcon_ws/src/install/sam_msgs/include/sam_msgs/sam_msgs/msg/detail
[7.011s] -- Up-to-date: /home/schni2zle/colcon_ws/src/install/sam_msgs/include/sam_msgs/sam_msgs/msg/detail/array_command__type_support.h
[7.011s] -- Up-to-date: /home/schni2zle/colcon_ws/src/install/sam_msgs/include/sam_msgs/sam_msgs/msg/detail/light_command__functions.h
[7.011s] -- Up-to-date: /home/schni2zle/colcon_ws/src/install/sam_msgs/include/sam_msgs/sam_msgs/msg/detail/leak__functions.h
[7.011s] -- Up-to-date: /home/schni2zle/colcon_ws/src/install/sam_msgs/include/sam_msgs/sam_msgs/msg/detail/array_command__struct.h
[7.011s] -- Up-to-date: /home/schni2zle/colcon_ws/src/install/sam_msgs/include/sam_msgs/sam_msgs/msg/detail/consumed_charge__type_support.h
[7.012s] -- Up-to-date: /home/schni2zle/colcon_ws/src/install/sam_msgs/include/sam_msgs/sam_msgs/msg/detail/links__functions.c
[7.012s] -- Up-to-date: /home/schni2zle/colcon_ws/src/install/sam_msgs/include/sam_msgs/sam_msgs/msg/detail/circuit_status_stamped_array__functions.c
[7.012s] -- Up-to-date: /home/schni2zle/colcon_ws/src/install/sam_msgs/include/sam_msgs/sam_msgs/msg/detail/uavcan_node_status__type_support.h
[7.012s] -- Up-to-date: /home/schni2zle/colcon_ws/src/install/sam_msgs/include/sam_msgs/sam_msgs/msg/detail/links__struct.h
[7.012s] -- Up-to-date: /home/schni2zle/colcon_ws/src/install/sam_msgs/include/sam_msgs/sam_msgs/msg/detail/leak__functions.c
[7.013s] -- Up-to-date: /home/schni2zle/colcon_ws/src/install/sam_msgs/include/sam_msgs/sam_msgs/msg/detail/uavcan_node_status__functions.c
[7.013s] -- Up-to-date: /home/schni2zle/colcon_ws/src/install/sam_msgs/include/sam_msgs/sam_msgs/msg/detail/uavcan_node_status_named_array__functions.c
[7.013s] -- Up-to-date: /home/schni2zle/colcon_ws/src/install/sam_msgs/include/sam_msgs/sam_msgs/msg/detail/topics__struct.h
[7.013s] -- Up-to-date: /home/schni2zle/colcon_ws/src/install/sam_msgs/include/sam_msgs/sam_msgs/msg/detail/percent_stamped__struct.h
[7.013s] -- Up-to-date: /home/schni2zle/colcon_ws/src/install/sam_msgs/include/sam_msgs/sam_msgs/msg/detail/consumed_charge_array__functions.h
[7.018s] -- Up-to-date: /home/schni2zle/colcon_ws/src/install/sam_msgs/include/sam_msgs/sam_msgs/msg/detail/circuit_status_stamped_array__functions.h
[7.018s] -- Up-to-date: /home/schni2zle/colcon_ws/src/install/sam_msgs/include/sam_msgs/sam_msgs/msg/detail/ctp__functions.c
[7.018s] -- Up-to-date: /home/schni2zle/colcon_ws/src/install/sam_msgs/include/sam_msgs/sam_msgs/msg/detail/percent_stamped__functions.c
[7.018s] -- Up-to-date: /home/schni2zle/colcon_ws/src/install/sam_msgs/include/sam_msgs/sam_msgs/msg/detail/light_command_array__functions.c
[7.019s] -- Up-to-date: /home/schni2zle/colcon_ws/src/install/sam_msgs/include/sam_msgs/sam_msgs/msg/detail/leak__type_support.h
[7.019s] -- Up-to-date: /home/schni2zle/colcon_ws/src/install/sam_msgs/include/sam_msgs/sam_msgs/msg/detail/consumed_charge_array__type_support.h
[7.019s] -- Up-to-date: /home/schni2zle/colcon_ws/src/install/sam_msgs/include/sam_msgs/sam_msgs/msg/detail/light_command__struct.h
[7.019s] -- Up-to-date: /home/schni2zle/colcon_ws/src/install/sam_msgs/include/sam_msgs/sam_msgs/msg/detail/thruster_rp_ms__functions.c
[7.019s] -- Up-to-date: /home/schni2zle/colcon_ws/src/install/sam_msgs/include/sam_msgs/sam_msgs/msg/detail/consumed_charge_array__functions.c
[7.020s] -- Up-to-date: /home/schni2zle/colcon_ws/src/install/sam_msgs/include/sam_msgs/sam_msgs/msg/detail/uavcan_node_status_named_array__functions.h
[7.020s] -- Up-to-date: /home/schni2zle/colcon_ws/src/install/sam_msgs/include/sam_msgs/sam_msgs/msg/detail/thruster_rp_ms__type_support.h
[7.020s] -- Up-to-date: /home/schni2zle/colcon_ws/src/install/sam_msgs/include/sam_msgs/sam_msgs/msg/detail/command__functions.h
[7.020s] -- Up-to-date: /home/schni2zle/colcon_ws/src/install/sam_msgs/include/sam_msgs/sam_msgs/msg/detail/light_command_array__functions.h
[7.020s] -- Up-to-date: /home/schni2zle/colcon_ws/src/install/sam_msgs/include/sam_msgs/sam_msgs/msg/detail/thruster_angles__functions.h
[7.023s] -- Up-to-date: /home/schni2zle/colcon_ws/src/install/sam_msgs/include/sam_msgs/sam_msgs/msg/detail/consumed_charge__struct.h
[7.023s] -- Up-to-date: /home/schni2zle/colcon_ws/src/install/sam_msgs/include/sam_msgs/sam_msgs/msg/detail/circuit_status_stamped__struct.h
[7.023s] -- Up-to-date: /home/schni2zle/colcon_ws/src/install/sam_msgs/include/sam_msgs/sam_msgs/msg/detail/ballast_angles__functions.c
[7.024s] -- Up-to-date: /home/schni2zle/colcon_ws/src/install/sam_msgs/include/sam_msgs/sam_msgs/msg/detail/consumed_charge_feedback__struct.h
[7.024s] -- Up-to-date: /home/schni2zle/colcon_ws/src/install/sam_msgs/include/sam_msgs/sam_msgs/msg/detail/topics__type_support.h
[7.024s] -- Up-to-date: /home/schni2zle/colcon_ws/src/install/sam_msgs/include/sam_msgs/sam_msgs/msg/detail/uavcan_node_status_named_array__type_support.h
[7.024s] -- Up-to-date: /home/schni2zle/colcon_ws/src/install/sam_msgs/include/sam_msgs/sam_msgs/msg/detail/percent_stamped__type_support.h
[7.024s] -- Up-to-date: /home/schni2zle/colcon_ws/src/install/sam_msgs/include/sam_msgs/sam_msgs/msg/detail/uavcan_node_status_named__struct.h
[7.025s] -- Up-to-date: /home/schni2zle/colcon_ws/src/install/sam_msgs/include/sam_msgs/sam_msgs/msg/detail/ctp__struct.h
[7.025s] -- Up-to-date: /home/schni2zle/colcon_ws/src/install/sam_msgs/include/sam_msgs/sam_msgs/msg/detail/light_command__type_support.h
[7.025s] -- Up-to-date: /home/schni2zle/colcon_ws/src/install/sam_msgs/include/sam_msgs/sam_msgs/msg/detail/links__functions.h
[7.025s] -- Up-to-date: /home/schni2zle/colcon_ws/src/install/sam_msgs/include/sam_msgs/sam_msgs/msg/detail/ballast_angles__functions.h
[7.025s] -- Up-to-date: /home/schni2zle/colcon_ws/src/install/sam_msgs/include/sam_msgs/sam_msgs/msg/detail/topics__functions.h
[7.030s] -- Up-to-date: /home/schni2zle/colcon_ws/src/install/sam_msgs/include/sam_msgs/sam_msgs/msg/detail/consumed_charge__functions.h
[7.030s] -- Up-to-date: /home/schni2zle/colcon_ws/src/install/sam_msgs/include/sam_msgs/sam_msgs/msg/detail/percent_stamped__functions.h
[7.030s] -- Up-to-date: /home/schni2zle/colcon_ws/src/install/sam_msgs/include/sam_msgs/sam_msgs/msg/detail/light_command__functions.c
[7.031s] -- Up-to-date: /home/schni2zle/colcon_ws/src/install/sam_msgs/include/sam_msgs/sam_msgs/msg/detail/uavcan_node_status_named__functions.c
[7.031s] -- Up-to-date: /home/schni2zle/colcon_ws/src/install/sam_msgs/include/sam_msgs/sam_msgs/msg/detail/thruster_angles__functions.c
[7.031s] -- Up-to-date: /home/schni2zle/colcon_ws/src/install/sam_msgs/include/sam_msgs/sam_msgs/msg/detail/thruster_angles__struct.h
[7.031s] -- Up-to-date: /home/schni2zle/colcon_ws/src/install/sam_msgs/include/sam_msgs/sam_msgs/msg/detail/circuit_status_stamped__functions.c
[7.031s] -- Up-to-date: /home/schni2zle/colcon_ws/src/install/sam_msgs/include/sam_msgs/sam_msgs/msg/detail/circuit_status_stamped_array__type_support.h
[7.032s] -- Up-to-date: /home/schni2zle/colcon_ws/src/install/sam_msgs/include/sam_msgs/sam_msgs/msg/detail/topics__functions.c
[7.032s] -- Up-to-date: /home/schni2zle/colcon_ws/src/install/sam_msgs/include/sam_msgs/sam_msgs/msg/detail/light_command_array__struct.h
[7.032s] -- Up-to-date: /home/schni2zle/colcon_ws/src/install/sam_msgs/include/sam_msgs/sam_msgs/msg/detail/consumed_charge_feedback__functions.c
[7.032s] -- Up-to-date: /home/schni2zle/colcon_ws/src/install/sam_msgs/include/sam_msgs/sam_msgs/msg/detail/circuit_status_stamped__type_support.h
[7.032s] -- Up-to-date: /home/schni2zle/colcon_ws/src/install/sam_msgs/include/sam_msgs/sam_msgs/msg/detail/circuit_status__functions.h
[7.033s] -- Up-to-date: /home/schni2zle/colcon_ws/src/install/sam_msgs/include/sam_msgs/sam_msgs/msg/detail/array_command__functions.h
[7.048s] -- Up-to-date: /home/schni2zle/colcon_ws/src/install/sam_msgs/include/sam_msgs/sam_msgs/msg/detail/uavcan_node_status_named_array__struct.h
[7.048s] -- Up-to-date: /home/schni2zle/colcon_ws/src/install/sam_msgs/include/sam_msgs/sam_msgs/msg/detail/circuit_status__type_support.h
[7.048s] -- Up-to-date: /home/schni2zle/colcon_ws/src/install/sam_msgs/include/sam_msgs/sam_msgs/msg/detail/consumed_charge_feedback__type_support.h
[7.049s] -- Up-to-date: /home/schni2zle/colcon_ws/src/install/sam_msgs/include/sam_msgs/sam_msgs/msg/detail/thruster_rp_ms__struct.h
[7.049s] -- Up-to-date: /home/schni2zle/colcon_ws/src/install/sam_msgs/include/sam_msgs/sam_msgs/msg/detail/thruster_rp_ms__functions.h
[7.049s] -- Up-to-date: /home/schni2zle/colcon_ws/src/install/sam_msgs/include/sam_msgs/sam_msgs/msg/detail/ctp__functions.h
[7.049s] -- Up-to-date: /home/schni2zle/colcon_ws/src/install/sam_msgs/include/sam_msgs/sam_msgs/msg/detail/uavcan_node_status_named__functions.h
[7.049s] -- Up-to-date: /home/schni2zle/colcon_ws/src/install/sam_msgs/include/sam_msgs/sam_msgs/msg/detail/array_command__functions.c
[7.054s] -- Up-to-date: /home/schni2zle/colcon_ws/src/install/sam_msgs/include/sam_msgs/sam_msgs/msg/detail/circuit_status_stamped__functions.h
[7.054s] -- Up-to-date: /home/schni2zle/colcon_ws/src/install/sam_msgs/include/sam_msgs/sam_msgs/msg/detail/ctp__type_support.h
[7.054s] -- Up-to-date: /home/schni2zle/colcon_ws/src/install/sam_msgs/include/sam_msgs/sam_msgs/msg/detail/ballast_angles__type_support.h
[7.055s] -- Up-to-date: /home/schni2zle/colcon_ws/src/install/sam_msgs/include/sam_msgs/sam_msgs/msg/detail/uavcan_node_status_named__type_support.h
[7.056s] -- Up-to-date: /home/schni2zle/colcon_ws/src/install/sam_msgs/include/sam_msgs/sam_msgs/msg/detail/command__functions.c
[7.056s] -- Up-to-date: /home/schni2zle/colcon_ws/src/install/sam_msgs/include/sam_msgs/sam_msgs/msg/detail/command__struct.h
[7.056s] -- Up-to-date: /home/schni2zle/colcon_ws/src/install/sam_msgs/include/sam_msgs/sam_msgs/msg/detail/consumed_charge_array__struct.h
[7.056s] -- Up-to-date: /home/schni2zle/colcon_ws/src/install/sam_msgs/include/sam_msgs/sam_msgs/msg/detail/circuit_status_stamped_array__struct.h
[7.057s] -- Up-to-date: /home/schni2zle/colcon_ws/src/install/sam_msgs/include/sam_msgs/sam_msgs/msg/detail/consumed_charge_feedback__functions.h
[7.057s] -- Up-to-date: /home/schni2zle/colcon_ws/src/install/sam_msgs/include/sam_msgs/sam_msgs/msg/detail/consumed_charge__functions.c
[7.057s] -- Up-to-date: /home/schni2zle/colcon_ws/src/install/sam_msgs/include/sam_msgs/sam_msgs/msg/detail/thruster_angles__type_support.h
[7.057s] -- Up-to-date: /home/schni2zle/colcon_ws/src/install/sam_msgs/include/sam_msgs/sam_msgs/msg/detail/uavcan_node_status__functions.h
[7.058s] -- Up-to-date: /home/schni2zle/colcon_ws/src/install/sam_msgs/include/sam_msgs/sam_msgs/msg/detail/uavcan_node_status__struct.h
[7.061s] -- Up-to-date: /home/schni2zle/colcon_ws/src/install/sam_msgs/include/sam_msgs/sam_msgs/msg/detail/light_command_array__type_support.h
[7.061s] -- Up-to-date: /home/schni2zle/colcon_ws/src/install/sam_msgs/include/sam_msgs/sam_msgs/msg/detail/circuit_status__struct.h
[7.061s] -- Up-to-date: /home/schni2zle/colcon_ws/src/install/sam_msgs/include/sam_msgs/sam_msgs/msg/detail/ballast_angles__struct.h
[7.062s] -- Up-to-date: /home/schni2zle/colcon_ws/src/install/sam_msgs/include/sam_msgs/sam_msgs/msg/detail/circuit_status__functions.c
[7.062s] -- Up-to-date: /home/schni2zle/colcon_ws/src/install/sam_msgs/include/sam_msgs/sam_msgs/msg/detail/links__type_support.h
[7.062s] -- Up-to-date: /home/schni2zle/colcon_ws/src/install/sam_msgs/include/sam_msgs/sam_msgs/msg/detail/command__type_support.h
[7.062s] -- Up-to-date: /home/schni2zle/colcon_ws/src/install/sam_msgs/include/sam_msgs/sam_msgs/msg/detail/leak__struct.h
[7.062s] -- Up-to-date: /home/schni2zle/colcon_ws/src/install/sam_msgs/include/sam_msgs/sam_msgs/msg/circuit_status.h
[7.063s] -- Up-to-date: /home/schni2zle/colcon_ws/src/install/sam_msgs/include/sam_msgs/sam_msgs/msg/command.h
[7.063s] -- Up-to-date: /home/schni2zle/colcon_ws/src/install/sam_msgs/include/sam_msgs/sam_msgs/msg/consumed_charge_feedback.h
[7.066s] -- Up-to-date: /home/schni2zle/colcon_ws/src/install/sam_msgs/include/sam_msgs/sam_msgs/msg/array_command.h
[7.078s] -- Up-to-date: /home/schni2zle/colcon_ws/src/install/sam_msgs/include/sam_msgs/sam_msgs/msg/light_command_array.h
[7.078s] -- Up-to-date: /home/schni2zle/colcon_ws/src/install/sam_msgs/include/sam_msgs/sam_msgs/msg/ballast_angles.h
[7.078s] -- Up-to-date: /home/schni2zle/colcon_ws/src/install/sam_msgs/include/sam_msgs/sam_msgs/msg/circuit_status_stamped.h
[7.078s] -- Up-to-date: /home/schni2zle/colcon_ws/src/install/sam_msgs/include/sam_msgs/sam_msgs/msg/consumed_charge.h
[7.078s] -- Up-to-date: /home/schni2zle/colcon_ws/src/install/sam_msgs/include/sam_msgs/sam_msgs/msg/topics.h
[7.082s] -- Up-to-date: /home/schni2zle/colcon_ws/src/install/sam_msgs/include/sam_msgs/sam_msgs/srv
[7.082s] -- Up-to-date: /home/schni2zle/colcon_ws/src/install/sam_msgs/include/sam_msgs/sam_msgs/srv/detail
[7.082s] -- Up-to-date: /home/schni2zle/colcon_ws/src/install/sam_msgs/include/sam_msgs/sam_msgs/srv/detail/uavcan_update_battery__type_support.h
[7.082s] -- Up-to-date: /home/schni2zle/colcon_ws/src/install/sam_msgs/include/sam_msgs/sam_msgs/srv/detail/uavcan_update_battery__functions.c
[7.083s] -- Up-to-date: /home/schni2zle/colcon_ws/src/install/sam_msgs/include/sam_msgs/sam_msgs/srv/detail/uavcan_update_battery__struct.h
[7.083s] -- Up-to-date: /home/schni2zle/colcon_ws/src/install/sam_msgs/include/sam_msgs/sam_msgs/srv/detail/uavcan_update_battery__functions.h
[7.083s] -- Up-to-date: /home/schni2zle/colcon_ws/src/install/sam_msgs/include/sam_msgs/sam_msgs/srv/uavcan_update_battery.h
[7.083s] -- Up-to-date: /home/schni2zle/colcon_ws/src/install/sam_msgs/share/sam_msgs/environment/library_path.sh
[7.083s] -- Up-to-date: /home/schni2zle/colcon_ws/src/install/sam_msgs/share/sam_msgs/environment/library_path.dsv
[7.084s] -- Up-to-date: /home/schni2zle/colcon_ws/src/install/sam_msgs/lib/libsam_msgs__rosidl_generator_c.so
[7.084s] -- Up-to-date: /home/schni2zle/colcon_ws/src/install/sam_msgs/include/sam_msgs/sam_msgs
[7.084s] -- Up-to-date: /home/schni2zle/colcon_ws/src/install/sam_msgs/include/sam_msgs/sam_msgs/msg
[7.084s] -- Up-to-date: /home/schni2zle/colcon_ws/src/install/sam_msgs/include/sam_msgs/sam_msgs/msg/rosidl_typesupport_fastrtps_c__visibility_control.h
[7.090s] -- Up-to-date: /home/schni2zle/colcon_ws/src/install/sam_msgs/include/sam_msgs/sam_msgs/msg/detail
[7.090s] -- Up-to-date: /home/schni2zle/colcon_ws/src/install/sam_msgs/include/sam_msgs/sam_msgs/msg/detail/consumed_charge__rosidl_typesupport_fastrtps_c.h
[7.090s] -- Up-to-date: /home/schni2zle/colcon_ws/src/install/sam_msgs/include/sam_msgs/sam_msgs/msg/detail/uavcan_node_status__rosidl_typesupport_fastrtps_c.h
[7.091s] -- Up-to-date: /home/schni2zle/colcon_ws/src/install/sam_msgs/include/sam_msgs/sam_msgs/msg/detail/circuit_status_stamped_array__rosidl_typesupport_fastrtps_c.h
[7.091s] -- Up-to-date: /home/schni2zle/colcon_ws/src/install/sam_msgs/include/sam_msgs/sam_msgs/msg/detail/circuit_status__rosidl_typesupport_fastrtps_c.h
[7.091s] -- Up-to-date: /home/schni2zle/colcon_ws/src/install/sam_msgs/include/sam_msgs/sam_msgs/msg/detail/consumed_charge_array__rosidl_typesupport_fastrtps_c.h
[7.091s] -- Up-to-date: /home/schni2zle/colcon_ws/src/install/sam_msgs/include/sam_msgs/sam_msgs/msg/detail/topics__rosidl_typesupport_fastrtps_c.h
[7.091s] -- Up-to-date: /home/schni2zle/colcon_ws/src/install/sam_msgs/include/sam_msgs/sam_msgs/msg/detail/thruster_rp_ms__rosidl_typesupport_fastrtps_c.h
[7.092s] -- Up-to-date: /home/schni2zle/colcon_ws/src/install/sam_msgs/include/sam_msgs/sam_msgs/msg/detail/light_command_array__rosidl_typesupport_fastrtps_c.h
[7.092s] -- Up-to-date: /home/schni2zle/colcon_ws/src/install/sam_msgs/include/sam_msgs/sam_msgs/msg/detail/circuit_status_stamped__rosidl_typesupport_fastrtps_c.h
[7.092s] -- Up-to-date: /home/schni2zle/colcon_ws/src/install/sam_msgs/include/sam_msgs/sam_msgs/msg/detail/uavcan_node_status_named_array__rosidl_typesupport_fastrtps_c.h
[7.092s] -- Up-to-date: /home/schni2zle/colcon_ws/src/install/sam_msgs/include/sam_msgs/sam_msgs/msg/detail/ballast_angles__rosidl_typesupport_fastrtps_c.h
[7.092s] -- Up-to-date: /home/schni2zle/colcon_ws/src/install/sam_msgs/include/sam_msgs/sam_msgs/msg/detail/thruster_angles__rosidl_typesupport_fastrtps_c.h
[7.093s] -- Up-to-date: /home/schni2zle/colcon_ws/src/install/sam_msgs/include/sam_msgs/sam_msgs/msg/detail/percent_stamped__rosidl_typesupport_fastrtps_c.h
[7.093s] -- Up-to-date: /home/schni2zle/colcon_ws/src/install/sam_msgs/include/sam_msgs/sam_msgs/msg/detail/links__rosidl_typesupport_fastrtps_c.h
[7.093s] -- Up-to-date: /home/schni2zle/colcon_ws/src/install/sam_msgs/include/sam_msgs/sam_msgs/msg/detail/leak__rosidl_typesupport_fastrtps_c.h
[7.093s] -- Up-to-date: /home/schni2zle/colcon_ws/src/install/sam_msgs/include/sam_msgs/sam_msgs/msg/detail/ctp__rosidl_typesupport_fastrtps_c.h
[7.093s] -- Up-to-date: /home/schni2zle/colcon_ws/src/install/sam_msgs/include/sam_msgs/sam_msgs/msg/detail/uavcan_node_status_named__rosidl_typesupport_fastrtps_c.h
[7.097s] -- Up-to-date: /home/schni2zle/colcon_ws/src/install/sam_msgs/include/sam_msgs/sam_msgs/msg/detail/command__rosidl_typesupport_fastrtps_c.h
[7.097s] -- Up-to-date: /home/schni2zle/colcon_ws/src/install/sam_msgs/include/sam_msgs/sam_msgs/msg/detail/light_command__rosidl_typesupport_fastrtps_c.h
[7.097s] -- Up-to-date: /home/schni2zle/colcon_ws/src/install/sam_msgs/include/sam_msgs/sam_msgs/msg/detail/array_command__rosidl_typesupport_fastrtps_c.h
[7.098s] -- Up-to-date: /home/schni2zle/colcon_ws/src/install/sam_msgs/include/sam_msgs/sam_msgs/msg/detail/consumed_charge_feedback__rosidl_typesupport_fastrtps_c.h
[7.098s] -- Up-to-date: /home/schni2zle/colcon_ws/src/install/sam_msgs/include/sam_msgs/sam_msgs/srv
[7.098s] -- Up-to-date: /home/schni2zle/colcon_ws/src/install/sam_msgs/include/sam_msgs/sam_msgs/srv/detail
[7.098s] -- Up-to-date: /home/schni2zle/colcon_ws/src/install/sam_msgs/include/sam_msgs/sam_msgs/srv/detail/uavcan_update_battery__rosidl_typesupport_fastrtps_c.h
[7.098s] -- Up-to-date: /home/schni2zle/colcon_ws/src/install/sam_msgs/lib/libsam_msgs__rosidl_typesupport_fastrtps_c.so
[7.119s] -- Up-to-date: /home/schni2zle/colcon_ws/src/install/sam_msgs/include/sam_msgs/sam_msgs
[7.119s] -- Up-to-date: /home/schni2zle/colcon_ws/src/install/sam_msgs/include/sam_msgs/sam_msgs/msg
[7.119s] -- Up-to-date: /home/schni2zle/colcon_ws/src/install/sam_msgs/include/sam_msgs/sam_msgs/msg/rosidl_typesupport_introspection_c__visibility_control.h
[7.119s] -- Up-to-date: /home/schni2zle/colcon_ws/src/install/sam_msgs/include/sam_msgs/sam_msgs/msg/detail
[7.123s] -- Up-to-date: /home/schni2zle/colcon_ws/src/install/sam_msgs/include/sam_msgs/sam_msgs/msg/detail/consumed_charge_feedback__rosidl_typesupport_introspection_c.h
[7.123s] -- Up-to-date: /home/schni2zle/colcon_ws/src/install/sam_msgs/include/sam_msgs/sam_msgs/msg/detail/consumed_charge_array__rosidl_typesupport_introspection_c.h
[7.123s] -- Up-to-date: /home/schni2zle/colcon_ws/src/install/sam_msgs/include/sam_msgs/sam_msgs/msg/detail/circuit_status__rosidl_typesupport_introspection_c.h
[7.124s] -- Up-to-date: /home/schni2zle/colcon_ws/src/install/sam_msgs/include/sam_msgs/sam_msgs/msg/detail/uavcan_node_status_named__rosidl_typesupport_introspection_c.h
[7.124s] -- Up-to-date: /home/schni2zle/colcon_ws/src/install/sam_msgs/include/sam_msgs/sam_msgs/msg/detail/topics__type_support.c
[7.124s] -- Up-to-date: /home/schni2zle/colcon_ws/src/install/sam_msgs/include/sam_msgs/sam_msgs/msg/detail/leak__rosidl_typesupport_introspection_c.h
[7.124s] -- Up-to-date: /home/schni2zle/colcon_ws/src/install/sam_msgs/include/sam_msgs/sam_msgs/msg/detail/light_command_array__rosidl_typesupport_introspection_c.h
[7.124s] -- Up-to-date: /home/schni2zle/colcon_ws/src/install/sam_msgs/include/sam_msgs/sam_msgs/msg/detail/links__type_support.c
[7.125s] -- Up-to-date: /home/schni2zle/colcon_ws/src/install/sam_msgs/include/sam_msgs/sam_msgs/msg/detail/percent_stamped__rosidl_typesupport_introspection_c.h
[7.147s] -- Up-to-date: /home/schni2zle/colcon_ws/src/install/sam_msgs/include/sam_msgs/sam_msgs/msg/detail/array_command__type_support.c
[7.147s] -- Up-to-date: /home/schni2zle/colcon_ws/src/install/sam_msgs/include/sam_msgs/sam_msgs/msg/detail/consumed_charge_array__type_support.c
[7.147s] -- Up-to-date: /home/schni2zle/colcon_ws/src/install/sam_msgs/include/sam_msgs/sam_msgs/msg/detail/circuit_status_stamped__type_support.c
[7.147s] -- Up-to-date: /home/schni2zle/colcon_ws/src/install/sam_msgs/include/sam_msgs/sam_msgs/msg/detail/light_command__rosidl_typesupport_introspection_c.h
[7.148s] -- Up-to-date: /home/schni2zle/colcon_ws/src/install/sam_msgs/include/sam_msgs/sam_msgs/msg/detail/ballast_angles__type_support.c
[7.148s] -- Up-to-date: /home/schni2zle/colcon_ws/src/install/sam_msgs/include/sam_msgs/sam_msgs/msg/detail/thruster_rp_ms__rosidl_typesupport_introspection_c.h
[7.152s] -- Up-to-date: /home/schni2zle/colcon_ws/src/install/sam_msgs/include/sam_msgs/sam_msgs/msg/detail/circuit_status_stamped__rosidl_typesupport_introspection_c.h
[7.152s] -- Up-to-date: /home/schni2zle/colcon_ws/src/install/sam_msgs/include/sam_msgs/sam_msgs/msg/detail/circuit_status__type_support.c
[7.152s] -- Up-to-date: /home/schni2zle/colcon_ws/src/install/sam_msgs/include/sam_msgs/sam_msgs/msg/detail/thruster_angles__type_support.c
[7.152s] -- Up-to-date: /home/schni2zle/colcon_ws/src/install/sam_msgs/include/sam_msgs/sam_msgs/msg/detail/consumed_charge_feedback__type_support.c
[7.153s] -- Up-to-date: /home/schni2zle/colcon_ws/src/install/sam_msgs/include/sam_msgs/sam_msgs/msg/detail/uavcan_node_status_named__type_support.c
[7.153s] -- Up-to-date: /home/schni2zle/colcon_ws/src/install/sam_msgs/include/sam_msgs/sam_msgs/msg/detail/ctp__type_support.c
[7.153s] -- Up-to-date: /home/schni2zle/colcon_ws/src/install/sam_msgs/include/sam_msgs/sam_msgs/msg/detail/leak__type_support.c
[7.153s] -- Up-to-date: /home/schni2zle/colcon_ws/src/install/sam_msgs/include/sam_msgs/sam_msgs/msg/detail/circuit_status_stamped_array__rosidl_typesupport_introspection_c.h
[7.154s] -- Up-to-date: /home/schni2zle/colcon_ws/src/install/sam_msgs/include/sam_msgs/sam_msgs/msg/detail/circuit_status_stamped_array__type_support.c
[7.163s] -- Up-to-date: /home/schni2zle/colcon_ws/src/install/sam_msgs/include/sam_msgs/sam_msgs/msg/detail/command__rosidl_typesupport_introspection_c.h
[7.163s] -- Up-to-date: /home/schni2zle/colcon_ws/src/install/sam_msgs/include/sam_msgs/sam_msgs/msg/detail/consumed_charge__type_support.c
[7.163s] -- Up-to-date: /home/schni2zle/colcon_ws/src/install/sam_msgs/include/sam_msgs/sam_msgs/msg/detail/light_command__type_support.c
[7.168s] -- Up-to-date: /home/schni2zle/colcon_ws/src/install/sam_msgs/include/sam_msgs/sam_msgs/msg/detail/command__type_support.c
[7.168s] -- Up-to-date: /home/schni2zle/colcon_ws/src/install/sam_msgs/include/sam_msgs/sam_msgs/msg/detail/array_command__rosidl_typesupport_introspection_c.h
[7.168s] -- Up-to-date: /home/schni2zle/colcon_ws/src/install/sam_msgs/include/sam_msgs/sam_msgs/msg/detail/thruster_rp_ms__type_support.c
[7.169s] -- Up-to-date: /home/schni2zle/colcon_ws/src/install/sam_msgs/include/sam_msgs/sam_msgs/msg/detail/ballast_angles__rosidl_typesupport_introspection_c.h
[7.169s] -- Up-to-date: /home/schni2zle/colcon_ws/src/install/sam_msgs/include/sam_msgs/sam_msgs/msg/detail/consumed_charge__rosidl_typesupport_introspection_c.h
[7.169s] -- Up-to-date: /home/schni2zle/colcon_ws/src/install/sam_msgs/include/sam_msgs/sam_msgs/msg/detail/light_command_array__type_support.c
[7.170s] -- Up-to-date: /home/schni2zle/colcon_ws/src/install/sam_msgs/include/sam_msgs/sam_msgs/msg/detail/uavcan_node_status__rosidl_typesupport_introspection_c.h
[7.170s] -- Up-to-date: /home/schni2zle/colcon_ws/src/install/sam_msgs/include/sam_msgs/sam_msgs/msg/detail/uavcan_node_status__type_support.c
[7.170s] -- Up-to-date: /home/schni2zle/colcon_ws/src/install/sam_msgs/include/sam_msgs/sam_msgs/msg/detail/percent_stamped__type_support.c
[7.170s] -- Up-to-date: /home/schni2zle/colcon_ws/src/install/sam_msgs/include/sam_msgs/sam_msgs/msg/detail/thruster_angles__rosidl_typesupport_introspection_c.h
[7.170s] -- Up-to-date: /home/schni2zle/colcon_ws/src/install/sam_msgs/include/sam_msgs/sam_msgs/msg/detail/topics__rosidl_typesupport_introspection_c.h
[7.171s] -- Up-to-date: /home/schni2zle/colcon_ws/src/install/sam_msgs/include/sam_msgs/sam_msgs/msg/detail/links__rosidl_typesupport_introspection_c.h
[7.171s] -- Up-to-date: /home/schni2zle/colcon_ws/src/install/sam_msgs/include/sam_msgs/sam_msgs/msg/detail/ctp__rosidl_typesupport_introspection_c.h
[7.171s] -- Up-to-date: /home/schni2zle/colcon_ws/src/install/sam_msgs/include/sam_msgs/sam_msgs/msg/detail/uavcan_node_status_named_array__rosidl_typesupport_introspection_c.h
[7.171s] -- Up-to-date: /home/schni2zle/colcon_ws/src/install/sam_msgs/include/sam_msgs/sam_msgs/msg/detail/uavcan_node_status_named_array__type_support.c
[7.171s] -- Up-to-date: /home/schni2zle/colcon_ws/src/install/sam_msgs/include/sam_msgs/sam_msgs/srv
[7.175s] -- Up-to-date: /home/schni2zle/colcon_ws/src/install/sam_msgs/include/sam_msgs/sam_msgs/srv/detail
[7.175s] -- Up-to-date: /home/schni2zle/colcon_ws/src/install/sam_msgs/include/sam_msgs/sam_msgs/srv/detail/uavcan_update_battery__rosidl_typesupport_introspection_c.h
[7.175s] -- Up-to-date: /home/schni2zle/colcon_ws/src/install/sam_msgs/include/sam_msgs/sam_msgs/srv/detail/uavcan_update_battery__type_support.c
[7.175s] -- Up-to-date: /home/schni2zle/colcon_ws/src/install/sam_msgs/lib/libsam_msgs__rosidl_typesupport_introspection_c.so
[7.176s] -- Up-to-date: /home/schni2zle/colcon_ws/src/install/sam_msgs/lib/libsam_msgs__rosidl_typesupport_c.so
[7.176s] -- Up-to-date: /home/schni2zle/colcon_ws/src/install/sam_msgs/include/sam_msgs/sam_msgs
[7.176s] -- Up-to-date: /home/schni2zle/colcon_ws/src/install/sam_msgs/include/sam_msgs/sam_msgs/msg
[7.176s] -- Up-to-date: /home/schni2zle/colcon_ws/src/install/sam_msgs/include/sam_msgs/sam_msgs/msg/leak.hpp
[7.176s] -- Up-to-date: /home/schni2zle/colcon_ws/src/install/sam_msgs/include/sam_msgs/sam_msgs/msg/array_command.hpp
[7.176s] -- Up-to-date: /home/schni2zle/colcon_ws/src/install/sam_msgs/include/sam_msgs/sam_msgs/msg/consumed_charge_array.hpp
[7.177s] -- Up-to-date: /home/schni2zle/colcon_ws/src/install/sam_msgs/include/sam_msgs/sam_msgs/msg/percent_stamped.hpp
[7.177s] -- Up-to-date: /home/schni2zle/colcon_ws/src/install/sam_msgs/include/sam_msgs/sam_msgs/msg/thruster_rp_ms.hpp
[7.177s] -- Up-to-date: /home/schni2zle/colcon_ws/src/install/sam_msgs/include/sam_msgs/sam_msgs/msg/light_command_array.hpp
[7.177s] -- Up-to-date: /home/schni2zle/colcon_ws/src/install/sam_msgs/include/sam_msgs/sam_msgs/msg/thruster_angles.hpp
[7.177s] -- Up-to-date: /home/schni2zle/colcon_ws/src/install/sam_msgs/include/sam_msgs/sam_msgs/msg/ballast_angles.hpp
[7.177s] -- Up-to-date: /home/schni2zle/colcon_ws/src/install/sam_msgs/include/sam_msgs/sam_msgs/msg/circuit_status.hpp
[7.179s] -- Up-to-date: /home/schni2zle/colcon_ws/src/install/sam_msgs/include/sam_msgs/sam_msgs/msg/circuit_status_stamped_array.hpp
[7.180s] -- Up-to-date: /home/schni2zle/colcon_ws/src/install/sam_msgs/include/sam_msgs/sam_msgs/msg/consumed_charge.hpp
[7.180s] -- Up-to-date: /home/schni2zle/colcon_ws/src/install/sam_msgs/include/sam_msgs/sam_msgs/msg/detail
[7.180s] -- Up-to-date: /home/schni2zle/colcon_ws/src/install/sam_msgs/include/sam_msgs/sam_msgs/msg/detail/links__builder.hpp
[7.180s] -- Up-to-date: /home/schni2zle/colcon_ws/src/install/sam_msgs/include/sam_msgs/sam_msgs/msg/detail/uavcan_node_status__traits.hpp
[7.181s] -- Up-to-date: /home/schni2zle/colcon_ws/src/install/sam_msgs/include/sam_msgs/sam_msgs/msg/detail/percent_stamped__builder.hpp
[7.181s] -- Up-to-date: /home/schni2zle/colcon_ws/src/install/sam_msgs/include/sam_msgs/sam_msgs/msg/detail/ctp__traits.hpp
[7.181s] -- Up-to-date: /home/schni2zle/colcon_ws/src/install/sam_msgs/include/sam_msgs/sam_msgs/msg/detail/uavcan_node_status__struct.hpp
[7.181s] -- Up-to-date: /home/schni2zle/colcon_ws/src/install/sam_msgs/include/sam_msgs/sam_msgs/msg/detail/topics__struct.hpp
[7.181s] -- Up-to-date: /home/schni2zle/colcon_ws/src/install/sam_msgs/include/sam_msgs/sam_msgs/msg/detail/uavcan_node_status_named_array__struct.hpp
[7.184s] -- Up-to-date: /home/schni2zle/colcon_ws/src/install/sam_msgs/include/sam_msgs/sam_msgs/msg/detail/thruster_rp_ms__struct.hpp
[7.184s] -- Up-to-date: /home/schni2zle/colcon_ws/src/install/sam_msgs/include/sam_msgs/sam_msgs/msg/detail/consumed_charge_feedback__struct.hpp
[7.185s] -- Up-to-date: /home/schni2zle/colcon_ws/src/install/sam_msgs/include/sam_msgs/sam_msgs/msg/detail/thruster_rp_ms__builder.hpp
[7.185s] -- Up-to-date: /home/schni2zle/colcon_ws/src/install/sam_msgs/include/sam_msgs/sam_msgs/msg/detail/uavcan_node_status_named__builder.hpp
[7.185s] -- Up-to-date: /home/schni2zle/colcon_ws/src/install/sam_msgs/include/sam_msgs/sam_msgs/msg/detail/light_command__traits.hpp
[7.185s] -- Up-to-date: /home/schni2zle/colcon_ws/src/install/sam_msgs/include/sam_msgs/sam_msgs/msg/detail/light_command_array__builder.hpp
[7.201s] -- Up-to-date: /home/schni2zle/colcon_ws/src/install/sam_msgs/include/sam_msgs/sam_msgs/msg/detail/consumed_charge_array__builder.hpp
[7.201s] -- Up-to-date: /home/schni2zle/colcon_ws/src/install/sam_msgs/include/sam_msgs/sam_msgs/msg/detail/command__traits.hpp
[7.201s] -- Up-to-date: /home/schni2zle/colcon_ws/src/install/sam_msgs/include/sam_msgs/sam_msgs/msg/detail/ballast_angles__builder.hpp
[7.201s] -- Up-to-date: /home/schni2zle/colcon_ws/src/install/sam_msgs/include/sam_msgs/sam_msgs/msg/detail/thruster_rp_ms__traits.hpp
[7.201s] -- Up-to-date: /home/schni2zle/colcon_ws/src/install/sam_msgs/include/sam_msgs/sam_msgs/msg/detail/links__traits.hpp
[7.201s] -- Up-to-date: /home/schni2zle/colcon_ws/src/install/sam_msgs/include/sam_msgs/sam_msgs/msg/detail/light_command_array__traits.hpp
[7.208s] -- Up-to-date: /home/schni2zle/colcon_ws/src/install/sam_msgs/include/sam_msgs/sam_msgs/msg/detail/topics__traits.hpp
[7.213s] -- Up-to-date: /home/schni2zle/colcon_ws/src/install/sam_msgs/include/sam_msgs/sam_msgs/msg/detail/array_command__struct.hpp
[7.213s] -- Up-to-date: /home/schni2zle/colcon_ws/src/install/sam_msgs/include/sam_msgs/sam_msgs/msg/detail/consumed_charge_feedback__traits.hpp
[7.213s] -- Up-to-date: /home/schni2zle/colcon_ws/src/install/sam_msgs/include/sam_msgs/sam_msgs/msg/detail/consumed_charge_feedback__builder.hpp
[7.213s] -- Up-to-date: /home/schni2zle/colcon_ws/src/install/sam_msgs/include/sam_msgs/sam_msgs/msg/detail/command__struct.hpp
[7.214s] -- Up-to-date: /home/schni2zle/colcon_ws/src/install/sam_msgs/include/sam_msgs/sam_msgs/msg/detail/uavcan_node_status__builder.hpp
[7.216s] -- Up-to-date: /home/schni2zle/colcon_ws/src/install/sam_msgs/include/sam_msgs/sam_msgs/msg/detail/percent_stamped__struct.hpp
[7.217s] -- Up-to-date: /home/schni2zle/colcon_ws/src/install/sam_msgs/include/sam_msgs/sam_msgs/msg/detail/light_command__struct.hpp
[7.217s] -- Up-to-date: /home/schni2zle/colcon_ws/src/install/sam_msgs/include/sam_msgs/sam_msgs/msg/detail/ctp__struct.hpp
[7.217s] -- Up-to-date: /home/schni2zle/colcon_ws/src/install/sam_msgs/include/sam_msgs/sam_msgs/msg/detail/uavcan_node_status_named__struct.hpp
[7.217s] -- Up-to-date: /home/schni2zle/colcon_ws/src/install/sam_msgs/include/sam_msgs/sam_msgs/msg/detail/topics__builder.hpp
[7.217s] -- Up-to-date: /home/schni2zle/colcon_ws/src/install/sam_msgs/include/sam_msgs/sam_msgs/msg/detail/circuit_status__traits.hpp
[7.220s] -- Up-to-date: /home/schni2zle/colcon_ws/src/install/sam_msgs/include/sam_msgs/sam_msgs/msg/detail/light_command__builder.hpp
[7.220s] -- Up-to-date: /home/schni2zle/colcon_ws/src/install/sam_msgs/include/sam_msgs/sam_msgs/msg/detail/circuit_status__builder.hpp
[7.220s] -- Up-to-date: /home/schni2zle/colcon_ws/src/install/sam_msgs/include/sam_msgs/sam_msgs/msg/detail/links__struct.hpp
[7.221s] -- Up-to-date: /home/schni2zle/colcon_ws/src/install/sam_msgs/include/sam_msgs/sam_msgs/msg/detail/command__builder.hpp
[7.221s] -- Up-to-date: /home/schni2zle/colcon_ws/src/install/sam_msgs/include/sam_msgs/sam_msgs/msg/detail/consumed_charge_array__struct.hpp
[7.222s] -- Up-to-date: /home/schni2zle/colcon_ws/src/install/sam_msgs/include/sam_msgs/sam_msgs/msg/detail/leak__struct.hpp
[7.223s] -- Up-to-date: /home/schni2zle/colcon_ws/src/install/sam_msgs/include/sam_msgs/sam_msgs/msg/detail/light_command_array__struct.hpp
[7.238s] -- Up-to-date: /home/schni2zle/colcon_ws/src/install/sam_msgs/include/sam_msgs/sam_msgs/msg/detail/percent_stamped__traits.hpp
[7.238s] -- Up-to-date: /home/schni2zle/colcon_ws/src/install/sam_msgs/include/sam_msgs/sam_msgs/msg/detail/circuit_status_stamped__struct.hpp
[7.238s] -- Up-to-date: /home/schni2zle/colcon_ws/src/install/sam_msgs/include/sam_msgs/sam_msgs/msg/detail/circuit_status_stamped__traits.hpp
[7.239s] -- Up-to-date: /home/schni2zle/colcon_ws/src/install/sam_msgs/include/sam_msgs/sam_msgs/msg/detail/ballast_angles__traits.hpp
[7.239s] -- Up-to-date: /home/schni2zle/colcon_ws/src/install/sam_msgs/include/sam_msgs/sam_msgs/msg/detail/ctp__builder.hpp
[7.239s] -- Up-to-date: /home/schni2zle/colcon_ws/src/install/sam_msgs/include/sam_msgs/sam_msgs/msg/detail/consumed_charge__traits.hpp
[7.239s] -- Up-to-date: /home/schni2zle/colcon_ws/src/install/sam_msgs/include/sam_msgs/sam_msgs/msg/detail/thruster_angles__struct.hpp
[7.239s] -- Up-to-date: /home/schni2zle/colcon_ws/src/install/sam_msgs/include/sam_msgs/sam_msgs/msg/detail/consumed_charge__builder.hpp
[7.240s] -- Up-to-date: /home/schni2zle/colcon_ws/src/install/sam_msgs/include/sam_msgs/sam_msgs/msg/detail/consumed_charge__struct.hpp
[7.240s] -- Up-to-date: /home/schni2zle/colcon_ws/src/install/sam_msgs/include/sam_msgs/sam_msgs/msg/detail/thruster_angles__traits.hpp
[7.240s] -- Up-to-date: /home/schni2zle/colcon_ws/src/install/sam_msgs/include/sam_msgs/sam_msgs/msg/detail/circuit_status_stamped_array__struct.hpp
[7.240s] -- Up-to-date: /home/schni2zle/colcon_ws/src/install/sam_msgs/include/sam_msgs/sam_msgs/msg/detail/thruster_angles__builder.hpp
[7.240s] -- Up-to-date: /home/schni2zle/colcon_ws/src/install/sam_msgs/include/sam_msgs/sam_msgs/msg/detail/circuit_status__struct.hpp
[7.240s] -- Up-to-date: /home/schni2zle/colcon_ws/src/install/sam_msgs/include/sam_msgs/sam_msgs/msg/detail/circuit_status_stamped_array__traits.hpp
[7.243s] -- Up-to-date: /home/schni2zle/colcon_ws/src/install/sam_msgs/include/sam_msgs/sam_msgs/msg/detail/uavcan_node_status_named_array__builder.hpp
[7.244s] -- Up-to-date: /home/schni2zle/colcon_ws/src/install/sam_msgs/include/sam_msgs/sam_msgs/msg/detail/array_command__builder.hpp
[7.244s] -- Up-to-date: /home/schni2zle/colcon_ws/src/install/sam_msgs/include/sam_msgs/sam_msgs/msg/detail/leak__builder.hpp
[7.244s] -- Up-to-date: /home/schni2zle/colcon_ws/src/install/sam_msgs/include/sam_msgs/sam_msgs/msg/detail/leak__traits.hpp
[7.244s] -- Up-to-date: /home/schni2zle/colcon_ws/src/install/sam_msgs/include/sam_msgs/sam_msgs/msg/detail/consumed_charge_array__traits.hpp
[7.244s] -- Up-to-date: /home/schni2zle/colcon_ws/src/install/sam_msgs/include/sam_msgs/sam_msgs/msg/detail/uavcan_node_status_named_array__traits.hpp
[7.245s] -- Up-to-date: /home/schni2zle/colcon_ws/src/install/sam_msgs/include/sam_msgs/sam_msgs/msg/detail/array_command__traits.hpp
[7.245s] -- Up-to-date: /home/schni2zle/colcon_ws/src/install/sam_msgs/include/sam_msgs/sam_msgs/msg/detail/circuit_status_stamped__builder.hpp
[7.245s] -- Up-to-date: /home/schni2zle/colcon_ws/src/install/sam_msgs/include/sam_msgs/sam_msgs/msg/detail/circuit_status_stamped_array__builder.hpp
[7.245s] -- Up-to-date: /home/schni2zle/colcon_ws/src/install/sam_msgs/include/sam_msgs/sam_msgs/msg/detail/uavcan_node_status_named__traits.hpp
[7.245s] -- Up-to-date: /home/schni2zle/colcon_ws/src/install/sam_msgs/include/sam_msgs/sam_msgs/msg/detail/ballast_angles__struct.hpp
[7.245s] -- Up-to-date: /home/schni2zle/colcon_ws/src/install/sam_msgs/include/sam_msgs/sam_msgs/msg/consumed_charge_feedback.hpp
[7.246s] -- Up-to-date: /home/schni2zle/colcon_ws/src/install/sam_msgs/include/sam_msgs/sam_msgs/msg/command.hpp
[7.246s] -- Up-to-date: /home/schni2zle/colcon_ws/src/install/sam_msgs/include/sam_msgs/sam_msgs/msg/uavcan_node_status.hpp
[7.246s] -- Up-to-date: /home/schni2zle/colcon_ws/src/install/sam_msgs/include/sam_msgs/sam_msgs/msg/uavcan_node_status_named.hpp
[7.246s] -- Up-to-date: /home/schni2zle/colcon_ws/src/install/sam_msgs/include/sam_msgs/sam_msgs/msg/uavcan_node_status_named_array.hpp
[7.246s] -- Up-to-date: /home/schni2zle/colcon_ws/src/install/sam_msgs/include/sam_msgs/sam_msgs/msg/circuit_status_stamped.hpp
[7.247s] -- Up-to-date: /home/schni2zle/colcon_ws/src/install/sam_msgs/include/sam_msgs/sam_msgs/msg/ctp.hpp
[7.247s] -- Up-to-date: /home/schni2zle/colcon_ws/src/install/sam_msgs/include/sam_msgs/sam_msgs/msg/topics.hpp
[7.247s] -- Up-to-date: /home/schni2zle/colcon_ws/src/install/sam_msgs/include/sam_msgs/sam_msgs/msg/light_command.hpp
[7.248s] -- Up-to-date: /home/schni2zle/colcon_ws/src/install/sam_msgs/include/sam_msgs/sam_msgs/msg/links.hpp
[7.248s] -- Up-to-date: /home/schni2zle/colcon_ws/src/install/sam_msgs/include/sam_msgs/sam_msgs/srv
[7.248s] -- Up-to-date: /home/schni2zle/colcon_ws/src/install/sam_msgs/include/sam_msgs/sam_msgs/srv/uavcan_update_battery.hpp
[7.248s] -- Up-to-date: /home/schni2zle/colcon_ws/src/install/sam_msgs/include/sam_msgs/sam_msgs/srv/detail
[7.248s] -- Up-to-date: /home/schni2zle/colcon_ws/src/install/sam_msgs/include/sam_msgs/sam_msgs/srv/detail/uavcan_update_battery__builder.hpp
[7.248s] -- Up-to-date: /home/schni2zle/colcon_ws/src/install/sam_msgs/include/sam_msgs/sam_msgs/srv/detail/uavcan_update_battery__struct.hpp
[7.249s] -- Up-to-date: /home/schni2zle/colcon_ws/src/install/sam_msgs/include/sam_msgs/sam_msgs/srv/detail/uavcan_update_battery__traits.hpp
[7.249s] -- Up-to-date: /home/schni2zle/colcon_ws/src/install/sam_msgs/include/sam_msgs/sam_msgs
[7.249s] -- Up-to-date: /home/schni2zle/colcon_ws/src/install/sam_msgs/include/sam_msgs/sam_msgs/msg
[7.278s] -- Up-to-date: /home/schni2zle/colcon_ws/src/install/sam_msgs/include/sam_msgs/sam_msgs/msg/rosidl_typesupport_fastrtps_cpp__visibility_control.h
[7.278s] -- Up-to-date: /home/schni2zle/colcon_ws/src/install/sam_msgs/include/sam_msgs/sam_msgs/msg/detail
[7.280s] -- Up-to-date: /home/schni2zle/colcon_ws/src/install/sam_msgs/include/sam_msgs/sam_msgs/msg/detail/light_command_array__rosidl_typesupport_fastrtps_cpp.hpp
[7.280s] -- Up-to-date: /home/schni2zle/colcon_ws/src/install/sam_msgs/include/sam_msgs/sam_msgs/msg/detail/light_command__rosidl_typesupport_fastrtps_cpp.hpp
[7.280s] -- Up-to-date: /home/schni2zle/colcon_ws/src/install/sam_msgs/include/sam_msgs/sam_msgs/msg/detail/circuit_status__rosidl_typesupport_fastrtps_cpp.hpp
[7.280s] -- Up-to-date: /home/schni2zle/colcon_ws/src/install/sam_msgs/include/sam_msgs/sam_msgs/msg/detail/topics__rosidl_typesupport_fastrtps_cpp.hpp
[7.281s] -- Up-to-date: /home/schni2zle/colcon_ws/src/install/sam_msgs/include/sam_msgs/sam_msgs/msg/detail/uavcan_node_status__rosidl_typesupport_fastrtps_cpp.hpp
[7.281s] -- Up-to-date: /home/schni2zle/colcon_ws/src/install/sam_msgs/include/sam_msgs/sam_msgs/msg/detail/consumed_charge_feedback__rosidl_typesupport_fastrtps_cpp.hpp
[7.281s] -- Up-to-date: /home/schni2zle/colcon_ws/src/install/sam_msgs/include/sam_msgs/sam_msgs/msg/detail/command__rosidl_typesupport_fastrtps_cpp.hpp
[7.281s] -- Up-to-date: /home/schni2zle/colcon_ws/src/install/sam_msgs/include/sam_msgs/sam_msgs/msg/detail/uavcan_node_status_named_array__rosidl_typesupport_fastrtps_cpp.hpp
[7.281s] -- Up-to-date: /home/schni2zle/colcon_ws/src/install/sam_msgs/include/sam_msgs/sam_msgs/msg/detail/ctp__rosidl_typesupport_fastrtps_cpp.hpp
[7.285s] -- Up-to-date: /home/schni2zle/colcon_ws/src/install/sam_msgs/include/sam_msgs/sam_msgs/msg/detail/consumed_charge__rosidl_typesupport_fastrtps_cpp.hpp
[7.286s] -- Up-to-date: /home/schni2zle/colcon_ws/src/install/sam_msgs/include/sam_msgs/sam_msgs/msg/detail/thruster_rp_ms__rosidl_typesupport_fastrtps_cpp.hpp
[7.286s] -- Up-to-date: /home/schni2zle/colcon_ws/src/install/sam_msgs/include/sam_msgs/sam_msgs/msg/detail/thruster_angles__rosidl_typesupport_fastrtps_cpp.hpp
[7.286s] -- Up-to-date: /home/schni2zle/colcon_ws/src/install/sam_msgs/include/sam_msgs/sam_msgs/msg/detail/links__rosidl_typesupport_fastrtps_cpp.hpp
[7.287s] -- Up-to-date: /home/schni2zle/colcon_ws/src/install/sam_msgs/include/sam_msgs/sam_msgs/msg/detail/consumed_charge_array__rosidl_typesupport_fastrtps_cpp.hpp
[7.287s] -- Up-to-date: /home/schni2zle/colcon_ws/src/install/sam_msgs/include/sam_msgs/sam_msgs/msg/detail/dds_fastrtps
[7.287s] -- Up-to-date: /home/schni2zle/colcon_ws/src/install/sam_msgs/include/sam_msgs/sam_msgs/msg/detail/circuit_status_stamped__rosidl_typesupport_fastrtps_cpp.hpp
[7.287s] -- Up-to-date: /home/schni2zle/colcon_ws/src/install/sam_msgs/include/sam_msgs/sam_msgs/msg/detail/percent_stamped__rosidl_typesupport_fastrtps_cpp.hpp
[7.287s] -- Up-to-date: /home/schni2zle/colcon_ws/src/install/sam_msgs/include/sam_msgs/sam_msgs/msg/detail/array_command__rosidl_typesupport_fastrtps_cpp.hpp
[7.288s] -- Up-to-date: /home/schni2zle/colcon_ws/src/install/sam_msgs/include/sam_msgs/sam_msgs/msg/detail/uavcan_node_status_named__rosidl_typesupport_fastrtps_cpp.hpp
[7.288s] -- Up-to-date: /home/schni2zle/colcon_ws/src/install/sam_msgs/include/sam_msgs/sam_msgs/msg/detail/leak__rosidl_typesupport_fastrtps_cpp.hpp
[7.288s] -- Up-to-date: /home/schni2zle/colcon_ws/src/install/sam_msgs/include/sam_msgs/sam_msgs/msg/detail/circuit_status_stamped_array__rosidl_typesupport_fastrtps_cpp.hpp
[7.288s] -- Up-to-date: /home/schni2zle/colcon_ws/src/install/sam_msgs/include/sam_msgs/sam_msgs/msg/detail/ballast_angles__rosidl_typesupport_fastrtps_cpp.hpp
[7.289s] -- Up-to-date: /home/schni2zle/colcon_ws/src/install/sam_msgs/include/sam_msgs/sam_msgs/srv
[7.291s] -- Up-to-date: /home/schni2zle/colcon_ws/src/install/sam_msgs/include/sam_msgs/sam_msgs/srv/detail
[7.292s] -- Up-to-date: /home/schni2zle/colcon_ws/src/install/sam_msgs/include/sam_msgs/sam_msgs/srv/detail/dds_fastrtps
[7.297s] -- Up-to-date: /home/schni2zle/colcon_ws/src/install/sam_msgs/include/sam_msgs/sam_msgs/srv/detail/uavcan_update_battery__rosidl_typesupport_fastrtps_cpp.hpp
[7.327s] -- Up-to-date: /home/schni2zle/colcon_ws/src/install/sam_msgs/lib/libsam_msgs__rosidl_typesupport_fastrtps_cpp.so
[7.327s] -- Up-to-date: /home/schni2zle/colcon_ws/src/install/sam_msgs/include/sam_msgs/sam_msgs
[7.327s] -- Up-to-date: /home/schni2zle/colcon_ws/src/install/sam_msgs/include/sam_msgs/sam_msgs/msg
[7.327s] -- Up-to-date: /home/schni2zle/colcon_ws/src/install/sam_msgs/include/sam_msgs/sam_msgs/msg/detail
[7.331s] -- Up-to-date: /home/schni2zle/colcon_ws/src/install/sam_msgs/include/sam_msgs/sam_msgs/msg/detail/thruster_angles__rosidl_typesupport_introspection_cpp.hpp
[7.332s] -- Up-to-date: /home/schni2zle/colcon_ws/src/install/sam_msgs/include/sam_msgs/sam_msgs/msg/detail/ballast_angles__type_support.cpp
[7.332s] -- Up-to-date: /home/schni2zle/colcon_ws/src/install/sam_msgs/include/sam_msgs/sam_msgs/msg/detail/thruster_rp_ms__type_support.cpp
[7.332s] -- Up-to-date: /home/schni2zle/colcon_ws/src/install/sam_msgs/include/sam_msgs/sam_msgs/msg/detail/circuit_status_stamped_array__rosidl_typesupport_introspection_cpp.hpp
[7.332s] -- Up-to-date: /home/schni2zle/colcon_ws/src/install/sam_msgs/include/sam_msgs/sam_msgs/msg/detail/links__type_support.cpp
[7.333s] -- Up-to-date: /home/schni2zle/colcon_ws/src/install/sam_msgs/include/sam_msgs/sam_msgs/msg/detail/light_command__type_support.cpp
[7.333s] -- Up-to-date: /home/schni2zle/colcon_ws/src/install/sam_msgs/include/sam_msgs/sam_msgs/msg/detail/circuit_status__type_support.cpp
[7.333s] -- Up-to-date: /home/schni2zle/colcon_ws/src/install/sam_msgs/include/sam_msgs/sam_msgs/msg/detail/circuit_status_stamped__rosidl_typesupport_introspection_cpp.hpp
[7.333s] -- Up-to-date: /home/schni2zle/colcon_ws/src/install/sam_msgs/include/sam_msgs/sam_msgs/msg/detail/topics__type_support.cpp
[7.333s] -- Up-to-date: /home/schni2zle/colcon_ws/src/install/sam_msgs/include/sam_msgs/sam_msgs/msg/detail/consumed_charge_feedback__rosidl_typesupport_introspection_cpp.hpp
[7.334s] -- Up-to-date: /home/schni2zle/colcon_ws/src/install/sam_msgs/include/sam_msgs/sam_msgs/msg/detail/consumed_charge_array__type_support.cpp
[7.334s] -- Up-to-date: /home/schni2zle/colcon_ws/src/install/sam_msgs/include/sam_msgs/sam_msgs/msg/detail/uavcan_node_status_named_array__rosidl_typesupport_introspection_cpp.hpp
[7.334s] -- Up-to-date: /home/schni2zle/colcon_ws/src/install/sam_msgs/include/sam_msgs/sam_msgs/msg/detail/command__rosidl_typesupport_introspection_cpp.hpp
[7.334s] -- Up-to-date: /home/schni2zle/colcon_ws/src/install/sam_msgs/include/sam_msgs/sam_msgs/msg/detail/consumed_charge__type_support.cpp
[7.334s] -- Up-to-date: /home/schni2zle/colcon_ws/src/install/sam_msgs/include/sam_msgs/sam_msgs/msg/detail/links__rosidl_typesupport_introspection_cpp.hpp
[7.335s] -- Up-to-date: /home/schni2zle/colcon_ws/src/install/sam_msgs/include/sam_msgs/sam_msgs/msg/detail/circuit_status__rosidl_typesupport_introspection_cpp.hpp
[7.339s] -- Up-to-date: /home/schni2zle/colcon_ws/src/install/sam_msgs/include/sam_msgs/sam_msgs/msg/detail/percent_stamped__type_support.cpp
[7.339s] -- Up-to-date: /home/schni2zle/colcon_ws/src/install/sam_msgs/include/sam_msgs/sam_msgs/msg/detail/circuit_status_stamped_array__type_support.cpp
[7.339s] -- Up-to-date: /home/schni2zle/colcon_ws/src/install/sam_msgs/include/sam_msgs/sam_msgs/msg/detail/light_command_array__type_support.cpp
[7.339s] -- Up-to-date: /home/schni2zle/colcon_ws/src/install/sam_msgs/include/sam_msgs/sam_msgs/msg/detail/ballast_angles__rosidl_typesupport_introspection_cpp.hpp
[7.339s] -- Up-to-date: /home/schni2zle/colcon_ws/src/install/sam_msgs/include/sam_msgs/sam_msgs/msg/detail/consumed_charge__rosidl_typesupport_introspection_cpp.hpp
[7.340s] -- Up-to-date: /home/schni2zle/colcon_ws/src/install/sam_msgs/include/sam_msgs/sam_msgs/msg/detail/ctp__type_support.cpp
[7.340s] -- Up-to-date: /home/schni2zle/colcon_ws/src/install/sam_msgs/include/sam_msgs/sam_msgs/msg/detail/consumed_charge_array__rosidl_typesupport_introspection_cpp.hpp
[7.340s] -- Up-to-date: /home/schni2zle/colcon_ws/src/install/sam_msgs/include/sam_msgs/sam_msgs/msg/detail/light_command__rosidl_typesupport_introspection_cpp.hpp
[7.340s] -- Up-to-date: /home/schni2zle/colcon_ws/src/install/sam_msgs/include/sam_msgs/sam_msgs/msg/detail/uavcan_node_status__rosidl_typesupport_introspection_cpp.hpp
[7.340s] -- Up-to-date: /home/schni2zle/colcon_ws/src/install/sam_msgs/include/sam_msgs/sam_msgs/msg/detail/command__type_support.cpp
[7.340s] -- Up-to-date: /home/schni2zle/colcon_ws/src/install/sam_msgs/include/sam_msgs/sam_msgs/msg/detail/uavcan_node_status_named__rosidl_typesupport_introspection_cpp.hpp
[7.341s] -- Up-to-date: /home/schni2zle/colcon_ws/src/install/sam_msgs/include/sam_msgs/sam_msgs/msg/detail/thruster_angles__type_support.cpp
[7.341s] -- Up-to-date: /home/schni2zle/colcon_ws/src/install/sam_msgs/include/sam_msgs/sam_msgs/msg/detail/leak__rosidl_typesupport_introspection_cpp.hpp
[7.341s] -- Up-to-date: /home/schni2zle/colcon_ws/src/install/sam_msgs/include/sam_msgs/sam_msgs/msg/detail/circuit_status_stamped__type_support.cpp
[7.341s] -- Up-to-date: /home/schni2zle/colcon_ws/src/install/sam_msgs/include/sam_msgs/sam_msgs/msg/detail/array_command__rosidl_typesupport_introspection_cpp.hpp
[7.341s] -- Up-to-date: /home/schni2zle/colcon_ws/src/install/sam_msgs/include/sam_msgs/sam_msgs/msg/detail/uavcan_node_status_named_array__type_support.cpp
[7.346s] -- Up-to-date: /home/schni2zle/colcon_ws/src/install/sam_msgs/include/sam_msgs/sam_msgs/msg/detail/consumed_charge_feedback__type_support.cpp
[7.346s] -- Up-to-date: /home/schni2zle/colcon_ws/src/install/sam_msgs/include/sam_msgs/sam_msgs/msg/detail/ctp__rosidl_typesupport_introspection_cpp.hpp
[7.347s] -- Up-to-date: /home/schni2zle/colcon_ws/src/install/sam_msgs/include/sam_msgs/sam_msgs/msg/detail/uavcan_node_status_named__type_support.cpp
[7.347s] -- Up-to-date: /home/schni2zle/colcon_ws/src/install/sam_msgs/include/sam_msgs/sam_msgs/msg/detail/topics__rosidl_typesupport_introspection_cpp.hpp
[7.347s] -- Up-to-date: /home/schni2zle/colcon_ws/src/install/sam_msgs/include/sam_msgs/sam_msgs/msg/detail/percent_stamped__rosidl_typesupport_introspection_cpp.hpp
[7.347s] -- Up-to-date: /home/schni2zle/colcon_ws/src/install/sam_msgs/include/sam_msgs/sam_msgs/msg/detail/array_command__type_support.cpp
[7.347s] -- Up-to-date: /home/schni2zle/colcon_ws/src/install/sam_msgs/include/sam_msgs/sam_msgs/msg/detail/leak__type_support.cpp
[7.348s] -- Up-to-date: /home/schni2zle/colcon_ws/src/install/sam_msgs/include/sam_msgs/sam_msgs/msg/detail/light_command_array__rosidl_typesupport_introspection_cpp.hpp
[7.348s] -- Up-to-date: /home/schni2zle/colcon_ws/src/install/sam_msgs/include/sam_msgs/sam_msgs/msg/detail/thruster_rp_ms__rosidl_typesupport_introspection_cpp.hpp
[7.348s] -- Up-to-date: /home/schni2zle/colcon_ws/src/install/sam_msgs/include/sam_msgs/sam_msgs/msg/detail/uavcan_node_status__type_support.cpp
[7.348s] -- Up-to-date: /home/schni2zle/colcon_ws/src/install/sam_msgs/include/sam_msgs/sam_msgs/srv
[7.348s] -- Up-to-date: /home/schni2zle/colcon_ws/src/install/sam_msgs/include/sam_msgs/sam_msgs/srv/detail
[7.349s] -- Up-to-date: /home/schni2zle/colcon_ws/src/install/sam_msgs/include/sam_msgs/sam_msgs/srv/detail/uavcan_update_battery__rosidl_typesupport_introspection_cpp.hpp
[7.349s] -- Up-to-date: /home/schni2zle/colcon_ws/src/install/sam_msgs/include/sam_msgs/sam_msgs/srv/detail/uavcan_update_battery__type_support.cpp
[7.354s] -- Up-to-date: /home/schni2zle/colcon_ws/src/install/sam_msgs/lib/libsam_msgs__rosidl_typesupport_introspection_cpp.so
[7.369s] -- Up-to-date: /home/schni2zle/colcon_ws/src/install/sam_msgs/lib/libsam_msgs__rosidl_typesupport_cpp.so
[7.370s] -- Up-to-date: /home/schni2zle/colcon_ws/src/install/sam_msgs/share/sam_msgs/environment/pythonpath.sh
[7.370s] -- Up-to-date: /home/schni2zle/colcon_ws/src/install/sam_msgs/share/sam_msgs/environment/pythonpath.dsv
[7.370s] -- Up-to-date: /home/schni2zle/colcon_ws/src/install/sam_msgs/local/lib/python3.10/dist-packages/sam_msgs-0.1.0-py3.10.egg-info
[7.370s] -- Installing: /home/schni2zle/colcon_ws/src/install/sam_msgs/local/lib/python3.10/dist-packages/sam_msgs-0.1.0-py3.10.egg-info/PKG-INFO
[7.370s] -- Installing: /home/schni2zle/colcon_ws/src/install/sam_msgs/local/lib/python3.10/dist-packages/sam_msgs-0.1.0-py3.10.egg-info/SOURCES.txt
[7.371s] -- Installing: /home/schni2zle/colcon_ws/src/install/sam_msgs/local/lib/python3.10/dist-packages/sam_msgs-0.1.0-py3.10.egg-info/top_level.txt
[7.371s] -- Installing: /home/schni2zle/colcon_ws/src/install/sam_msgs/local/lib/python3.10/dist-packages/sam_msgs-0.1.0-py3.10.egg-info/dependency_links.txt
[7.371s] -- Up-to-date: /home/schni2zle/colcon_ws/src/install/sam_msgs/local/lib/python3.10/dist-packages/sam_msgs
[7.376s] -- Up-to-date: /home/schni2zle/colcon_ws/src/install/sam_msgs/local/lib/python3.10/dist-packages/sam_msgs/libsam_msgs__rosidl_generator_py.so
[7.376s] -- Up-to-date: /home/schni2zle/colcon_ws/src/install/sam_msgs/local/lib/python3.10/dist-packages/sam_msgs/msg
[7.376s] -- Up-to-date: /home/schni2zle/colcon_ws/src/install/sam_msgs/local/lib/python3.10/dist-packages/sam_msgs/msg/_command.py
[7.376s] -- Up-to-date: /home/schni2zle/colcon_ws/src/install/sam_msgs/local/lib/python3.10/dist-packages/sam_msgs/msg/_leak.py
[7.377s] -- Up-to-date: /home/schni2zle/colcon_ws/src/install/sam_msgs/local/lib/python3.10/dist-packages/sam_msgs/msg/_consumed_charge_s.c
[7.377s] -- Up-to-date: /home/schni2zle/colcon_ws/src/install/sam_msgs/local/lib/python3.10/dist-packages/sam_msgs/msg/_uavcan_node_status_named_array_s.c
[7.377s] -- Up-to-date: /home/schni2zle/colcon_ws/src/install/sam_msgs/local/lib/python3.10/dist-packages/sam_msgs/msg/_circuit_status_s.c
[7.377s] -- Up-to-date: /home/schni2zle/colcon_ws/src/install/sam_msgs/local/lib/python3.10/dist-packages/sam_msgs/msg/_array_command.py
[7.377s] -- Up-to-date: /home/schni2zle/colcon_ws/src/install/sam_msgs/local/lib/python3.10/dist-packages/sam_msgs/msg/_circuit_status_stamped_array.py
[7.378s] -- Up-to-date: /home/schni2zle/colcon_ws/src/install/sam_msgs/local/lib/python3.10/dist-packages/sam_msgs/msg/_consumed_charge_array.py
[7.378s] -- Up-to-date: /home/schni2zle/colcon_ws/src/install/sam_msgs/local/lib/python3.10/dist-packages/sam_msgs/msg/_ballast_angles_s.c
[7.378s] -- Up-to-date: /home/schni2zle/colcon_ws/src/install/sam_msgs/local/lib/python3.10/dist-packages/sam_msgs/msg/_consumed_charge.py
[7.378s] -- Up-to-date: /home/schni2zle/colcon_ws/src/install/sam_msgs/local/lib/python3.10/dist-packages/sam_msgs/msg/_circuit_status.py
[7.378s] -- Up-to-date: /home/schni2zle/colcon_ws/src/install/sam_msgs/local/lib/python3.10/dist-packages/sam_msgs/msg/_thruster_rp_ms.py
[7.379s] -- Up-to-date: /home/schni2zle/colcon_ws/src/install/sam_msgs/local/lib/python3.10/dist-packages/sam_msgs/msg/_circuit_status_stamped_array_s.c
[7.379s] -- Up-to-date: /home/schni2zle/colcon_ws/src/install/sam_msgs/local/lib/python3.10/dist-packages/sam_msgs/msg/_topics_s.c
[7.379s] -- Up-to-date: /home/schni2zle/colcon_ws/src/install/sam_msgs/local/lib/python3.10/dist-packages/sam_msgs/msg/_consumed_charge_feedback.py
[7.379s] -- Up-to-date: /home/schni2zle/colcon_ws/src/install/sam_msgs/local/lib/python3.10/dist-packages/sam_msgs/msg/_uavcan_node_status_s.c
[7.379s] -- Up-to-date: /home/schni2zle/colcon_ws/src/install/sam_msgs/local/lib/python3.10/dist-packages/sam_msgs/msg/_uavcan_node_status.py
[7.384s] -- Up-to-date: /home/schni2zle/colcon_ws/src/install/sam_msgs/local/lib/python3.10/dist-packages/sam_msgs/msg/_links_s.c
[7.384s] -- Up-to-date: /home/schni2zle/colcon_ws/src/install/sam_msgs/local/lib/python3.10/dist-packages/sam_msgs/msg/_light_command_array.py
[7.384s] -- Up-to-date: /home/schni2zle/colcon_ws/src/install/sam_msgs/local/lib/python3.10/dist-packages/sam_msgs/msg/_circuit_status_stamped_s.c
[7.384s] -- Up-to-date: /home/schni2zle/colcon_ws/src/install/sam_msgs/local/lib/python3.10/dist-packages/sam_msgs/msg/_percent_stamped_s.c
[7.385s] -- Up-to-date: /home/schni2zle/colcon_ws/src/install/sam_msgs/local/lib/python3.10/dist-packages/sam_msgs/msg/_leak_s.c
[7.385s] -- Up-to-date: /home/schni2zle/colcon_ws/src/install/sam_msgs/local/lib/python3.10/dist-packages/sam_msgs/msg/_ctp_s.c
[7.385s] -- Up-to-date: /home/schni2zle/colcon_ws/src/install/sam_msgs/local/lib/python3.10/dist-packages/sam_msgs/msg/_light_command_s.c
[7.385s] -- Up-to-date: /home/schni2zle/colcon_ws/src/install/sam_msgs/local/lib/python3.10/dist-packages/sam_msgs/msg/_consumed_charge_feedback_s.c
[7.385s] -- Up-to-date: /home/schni2zle/colcon_ws/src/install/sam_msgs/local/lib/python3.10/dist-packages/sam_msgs/msg/_ballast_angles.py
[7.390s] -- Up-to-date: /home/schni2zle/colcon_ws/src/install/sam_msgs/local/lib/python3.10/dist-packages/sam_msgs/msg/_topics.py
[7.390s] -- Up-to-date: /home/schni2zle/colcon_ws/src/install/sam_msgs/local/lib/python3.10/dist-packages/sam_msgs/msg/_thruster_angles_s.c
[7.390s] -- Up-to-date: /home/schni2zle/colcon_ws/src/install/sam_msgs/local/lib/python3.10/dist-packages/sam_msgs/msg/_consumed_charge_array_s.c
[7.391s] -- Up-to-date: /home/schni2zle/colcon_ws/src/install/sam_msgs/local/lib/python3.10/dist-packages/sam_msgs/msg/__init__.py
[7.391s] -- Up-to-date: /home/schni2zle/colcon_ws/src/install/sam_msgs/local/lib/python3.10/dist-packages/sam_msgs/msg/_thruster_angles.py
[7.391s] -- Up-to-date: /home/schni2zle/colcon_ws/src/install/sam_msgs/local/lib/python3.10/dist-packages/sam_msgs/msg/_circuit_status_stamped.py
[7.391s] -- Up-to-date: /home/schni2zle/colcon_ws/src/install/sam_msgs/local/lib/python3.10/dist-packages/sam_msgs/msg/_command_s.c
[7.391s] -- Up-to-date: /home/schni2zle/colcon_ws/src/install/sam_msgs/local/lib/python3.10/dist-packages/sam_msgs/msg/_light_command.py
[7.392s] -- Up-to-date: /home/schni2zle/colcon_ws/src/install/sam_msgs/local/lib/python3.10/dist-packages/sam_msgs/msg/_uavcan_node_status_named_array.py
[7.392s] -- Up-to-date: /home/schni2zle/colcon_ws/src/install/sam_msgs/local/lib/python3.10/dist-packages/sam_msgs/msg/_uavcan_node_status_named_s.c
[7.392s] -- Up-to-date: /home/schni2zle/colcon_ws/src/install/sam_msgs/local/lib/python3.10/dist-packages/sam_msgs/msg/_light_command_array_s.c
[7.392s] -- Up-to-date: /home/schni2zle/colcon_ws/src/install/sam_msgs/local/lib/python3.10/dist-packages/sam_msgs/msg/_thruster_rp_ms_s.c
[7.412s] -- Up-to-date: /home/schni2zle/colcon_ws/src/install/sam_msgs/local/lib/python3.10/dist-packages/sam_msgs/msg/_uavcan_node_status_named.py
[7.413s] -- Up-to-date: /home/schni2zle/colcon_ws/src/install/sam_msgs/local/lib/python3.10/dist-packages/sam_msgs/msg/_array_command_s.c
[7.413s] -- Up-to-date: /home/schni2zle/colcon_ws/src/install/sam_msgs/local/lib/python3.10/dist-packages/sam_msgs/msg/_links.py
[7.413s] -- Up-to-date: /home/schni2zle/colcon_ws/src/install/sam_msgs/local/lib/python3.10/dist-packages/sam_msgs/msg/_ctp.py
[7.413s] -- Up-to-date: /home/schni2zle/colcon_ws/src/install/sam_msgs/local/lib/python3.10/dist-packages/sam_msgs/msg/_percent_stamped.py
[7.413s] -- Up-to-date: /home/schni2zle/colcon_ws/src/install/sam_msgs/local/lib/python3.10/dist-packages/sam_msgs/_sam_msgs_s.ep.rosidl_typesupport_fastrtps_c.c
[7.414s] -- Up-to-date: /home/schni2zle/colcon_ws/src/install/sam_msgs/local/lib/python3.10/dist-packages/sam_msgs/srv
[7.414s] -- Up-to-date: /home/schni2zle/colcon_ws/src/install/sam_msgs/local/lib/python3.10/dist-packages/sam_msgs/srv/__init__.py
[7.415s] -- Up-to-date: /home/schni2zle/colcon_ws/src/install/sam_msgs/local/lib/python3.10/dist-packages/sam_msgs/srv/_uavcan_update_battery.py
[7.415s] -- Up-to-date: /home/schni2zle/colcon_ws/src/install/sam_msgs/local/lib/python3.10/dist-packages/sam_msgs/srv/_uavcan_update_battery_s.c
[7.415s] -- Up-to-date: /home/schni2zle/colcon_ws/src/install/sam_msgs/local/lib/python3.10/dist-packages/sam_msgs/_sam_msgs_s.ep.rosidl_typesupport_introspection_c.c
[7.416s] -- Up-to-date: /home/schni2zle/colcon_ws/src/install/sam_msgs/local/lib/python3.10/dist-packages/sam_msgs/_sam_msgs_s.ep.rosidl_typesupport_c.c
[7.416s] -- Up-to-date: /home/schni2zle/colcon_ws/src/install/sam_msgs/local/lib/python3.10/dist-packages/sam_msgs/__init__.py
[7.416s] -- Up-to-date: /home/schni2zle/colcon_ws/src/install/sam_msgs/local/lib/python3.10/dist-packages/sam_msgs/sam_msgs_s__rosidl_typesupport_c.cpython-310-x86_64-linux-gnu.so
[7.416s] -- Up-to-date: /home/schni2zle/colcon_ws/src/install/sam_msgs/local/lib/python3.10/dist-packages/sam_msgs/sam_msgs_s__rosidl_typesupport_introspection_c.cpython-310-x86_64-linux-gnu.so
[7.416s] -- Up-to-date: /home/schni2zle/colcon_ws/src/install/sam_msgs/local/lib/python3.10/dist-packages/sam_msgs/sam_msgs_s__rosidl_typesupport_fastrtps_c.cpython-310-x86_64-linux-gnu.so
[7.417s] Listing '/home/schni2zle/colcon_ws/src/install/sam_msgs/local/lib/python3.10/dist-packages/sam_msgs'...
[7.417s] Listing '/home/schni2zle/colcon_ws/src/install/sam_msgs/local/lib/python3.10/dist-packages/sam_msgs/msg'...
[7.417s] Listing '/home/schni2zle/colcon_ws/src/install/sam_msgs/local/lib/python3.10/dist-packages/sam_msgs/srv'...
[7.417s] -- Up-to-date: /home/schni2zle/colcon_ws/src/install/sam_msgs/local/lib/python3.10/dist-packages/sam_msgs/sam_msgs_s__rosidl_typesupport_fastrtps_c.cpython-310-x86_64-linux-gnu.so
[7.417s] -- Up-to-date: /home/schni2zle/colcon_ws/src/install/sam_msgs/local/lib/python3.10/dist-packages/sam_msgs/sam_msgs_s__rosidl_typesupport_introspection_c.cpython-310-x86_64-linux-gnu.so
[7.418s] -- Up-to-date: /home/schni2zle/colcon_ws/src/install/sam_msgs/local/lib/python3.10/dist-packages/sam_msgs/sam_msgs_s__rosidl_typesupport_c.cpython-310-x86_64-linux-gnu.so
[7.418s] -- Up-to-date: /home/schni2zle/colcon_ws/src/install/sam_msgs/lib/libsam_msgs__rosidl_generator_py.so
[7.418s] -- Up-to-date: /home/schni2zle/colcon_ws/src/install/sam_msgs/share/sam_msgs/msg/ArrayCommand.idl
[7.418s] -- Up-to-date: /home/schni2zle/colcon_ws/src/install/sam_msgs/share/sam_msgs/msg/BallastAngles.idl
[7.418s] -- Up-to-date: /home/schni2zle/colcon_ws/src/install/sam_msgs/share/sam_msgs/msg/CircuitStatus.idl
[7.418s] -- Up-to-date: /home/schni2zle/colcon_ws/src/install/sam_msgs/share/sam_msgs/msg/CircuitStatusStampedArray.idl
[7.423s] -- Up-to-date: /home/schni2zle/colcon_ws/src/install/sam_msgs/share/sam_msgs/msg/CircuitStatusStamped.idl
[7.423s] -- Up-to-date: /home/schni2zle/colcon_ws/src/install/sam_msgs/share/sam_msgs/msg/Command.idl
[7.423s] -- Up-to-date: /home/schni2zle/colcon_ws/src/install/sam_msgs/share/sam_msgs/msg/ConsumedChargeArray.idl
[7.424s] -- Up-to-date: /home/schni2zle/colcon_ws/src/install/sam_msgs/share/sam_msgs/msg/ConsumedChargeFeedback.idl
[7.424s] -- Up-to-date: /home/schni2zle/colcon_ws/src/install/sam_msgs/share/sam_msgs/msg/ConsumedCharge.idl
[7.424s] -- Up-to-date: /home/schni2zle/colcon_ws/src/install/sam_msgs/share/sam_msgs/msg/CTP.idl
[7.424s] -- Up-to-date: /home/schni2zle/colcon_ws/src/install/sam_msgs/share/sam_msgs/msg/Leak.idl
[7.424s] -- Up-to-date: /home/schni2zle/colcon_ws/src/install/sam_msgs/share/sam_msgs/msg/LightCommandArray.idl
[7.425s] -- Up-to-date: /home/schni2zle/colcon_ws/src/install/sam_msgs/share/sam_msgs/msg/LightCommand.idl
[7.425s] -- Up-to-date: /home/schni2zle/colcon_ws/src/install/sam_msgs/share/sam_msgs/msg/PercentStamped.idl
[7.425s] -- Up-to-date: /home/schni2zle/colcon_ws/src/install/sam_msgs/share/sam_msgs/msg/ThrusterAngles.idl
[7.425s] -- Up-to-date: /home/schni2zle/colcon_ws/src/install/sam_msgs/share/sam_msgs/msg/ThrusterRPMs.idl
[7.425s] -- Up-to-date: /home/schni2zle/colcon_ws/src/install/sam_msgs/share/sam_msgs/msg/UavcanNodeStatus.idl
[7.426s] -- Up-to-date: /home/schni2zle/colcon_ws/src/install/sam_msgs/share/sam_msgs/msg/UavcanNodeStatusNamedArray.idl
[7.426s] -- Up-to-date: /home/schni2zle/colcon_ws/src/install/sam_msgs/share/sam_msgs/msg/UavcanNodeStatusNamed.idl
[7.426s] -- Up-to-date: /home/schni2zle/colcon_ws/src/install/sam_msgs/share/sam_msgs/msg/Topics.idl
[7.426s] -- Up-to-date: /home/schni2zle/colcon_ws/src/install/sam_msgs/share/sam_msgs/msg/Links.idl
[7.426s] -- Up-to-date: /home/schni2zle/colcon_ws/src/install/sam_msgs/share/sam_msgs/srv/UavcanUpdateBattery.idl
[7.426s] -- Up-to-date: /home/schni2zle/colcon_ws/src/install/sam_msgs/share/sam_msgs/msg/ArrayCommand.msg
[7.432s] -- Up-to-date: /home/schni2zle/colcon_ws/src/install/sam_msgs/share/sam_msgs/msg/BallastAngles.msg
[7.432s] -- Up-to-date: /home/schni2zle/colcon_ws/src/install/sam_msgs/share/sam_msgs/msg/CircuitStatus.msg
[7.432s] -- Up-to-date: /home/schni2zle/colcon_ws/src/install/sam_msgs/share/sam_msgs/msg/CircuitStatusStampedArray.msg
[7.433s] -- Up-to-date: /home/schni2zle/colcon_ws/src/install/sam_msgs/share/sam_msgs/msg/CircuitStatusStamped.msg
[7.433s] -- Up-to-date: /home/schni2zle/colcon_ws/src/install/sam_msgs/share/sam_msgs/msg/Command.msg
[7.433s] -- Up-to-date: /home/schni2zle/colcon_ws/src/install/sam_msgs/share/sam_msgs/msg/ConsumedChargeArray.msg
[7.433s] -- Up-to-date: /home/schni2zle/colcon_ws/src/install/sam_msgs/share/sam_msgs/msg/ConsumedChargeFeedback.msg
[7.433s] -- Up-to-date: /home/schni2zle/colcon_ws/src/install/sam_msgs/share/sam_msgs/msg/ConsumedCharge.msg
[7.434s] -- Up-to-date: /home/schni2zle/colcon_ws/src/install/sam_msgs/share/sam_msgs/msg/CTP.msg
[7.434s] -- Up-to-date: /home/schni2zle/colcon_ws/src/install/sam_msgs/share/sam_msgs/msg/Leak.msg
[7.434s] -- Up-to-date: /home/schni2zle/colcon_ws/src/install/sam_msgs/share/sam_msgs/msg/LightCommandArray.msg
[7.438s] -- Up-to-date: /home/schni2zle/colcon_ws/src/install/sam_msgs/share/sam_msgs/msg/LightCommand.msg
[7.438s] -- Up-to-date: /home/schni2zle/colcon_ws/src/install/sam_msgs/share/sam_msgs/msg/PercentStamped.msg
[7.438s] -- Up-to-date: /home/schni2zle/colcon_ws/src/install/sam_msgs/share/sam_msgs/msg/ThrusterAngles.msg
[7.438s] -- Up-to-date: /home/schni2zle/colcon_ws/src/install/sam_msgs/share/sam_msgs/msg/ThrusterRPMs.msg
[7.439s] -- Up-to-date: /home/schni2zle/colcon_ws/src/install/sam_msgs/share/sam_msgs/msg/UavcanNodeStatus.msg
[7.439s] -- Up-to-date: /home/schni2zle/colcon_ws/src/install/sam_msgs/share/sam_msgs/msg/UavcanNodeStatusNamedArray.msg
[7.439s] -- Up-to-date: /home/schni2zle/colcon_ws/src/install/sam_msgs/share/sam_msgs/msg/UavcanNodeStatusNamed.msg
[7.440s] -- Up-to-date: /home/schni2zle/colcon_ws/src/install/sam_msgs/share/sam_msgs/msg/Topics.msg
[7.440s] -- Up-to-date: /home/schni2zle/colcon_ws/src/install/sam_msgs/share/sam_msgs/msg/Links.msg
[7.440s] -- Up-to-date: /home/schni2zle/colcon_ws/src/install/sam_msgs/share/sam_msgs/srv/UavcanUpdateBattery.srv
[7.441s] -- Up-to-date: /home/schni2zle/colcon_ws/src/install/sam_msgs/share/sam_msgs/srv/UavcanUpdateBattery_Request.msg
[7.441s] -- Up-to-date: /home/schni2zle/colcon_ws/src/install/sam_msgs/share/sam_msgs/srv/UavcanUpdateBattery_Response.msg
[7.441s] -- Up-to-date: /home/schni2zle/colcon_ws/src/install/sam_msgs/share/ament_index/resource_index/package_run_dependencies/sam_msgs
[7.441s] -- Up-to-date: /home/schni2zle/colcon_ws/src/install/sam_msgs/share/ament_index/resource_index/parent_prefix_path/sam_msgs
[7.441s] -- Up-to-date: /home/schni2zle/colcon_ws/src/install/sam_msgs/share/sam_msgs/environment/ament_prefix_path.sh
[7.445s] -- Up-to-date: /home/schni2zle/colcon_ws/src/install/sam_msgs/share/sam_msgs/environment/ament_prefix_path.dsv
[7.445s] -- Up-to-date: /home/schni2zle/colcon_ws/src/install/sam_msgs/share/sam_msgs/environment/path.sh
[7.445s] -- Up-to-date: /home/schni2zle/colcon_ws/src/install/sam_msgs/share/sam_msgs/environment/path.dsv
[7.445s] -- Up-to-date: /home/schni2zle/colcon_ws/src/install/sam_msgs/share/sam_msgs/local_setup.bash
[7.445s] -- Up-to-date: /home/schni2zle/colcon_ws/src/install/sam_msgs/share/sam_msgs/local_setup.sh
[7.446s] -- Up-to-date: /home/schni2zle/colcon_ws/src/install/sam_msgs/share/sam_msgs/local_setup.zsh
[7.446s] -- Up-to-date: /home/schni2zle/colcon_ws/src/install/sam_msgs/share/sam_msgs/local_setup.dsv
[7.446s] -- Installing: /home/schni2zle/colcon_ws/src/install/sam_msgs/share/sam_msgs/package.dsv
[7.446s] -- Up-to-date: /home/schni2zle/colcon_ws/src/install/sam_msgs/share/ament_index/resource_index/packages/sam_msgs
[7.446s] -- Up-to-date: /home/schni2zle/colcon_ws/src/install/sam_msgs/share/sam_msgs/cmake/export_sam_msgs__rosidl_generator_cExport.cmake
[7.447s] -- Up-to-date: /home/schni2zle/colcon_ws/src/install/sam_msgs/share/sam_msgs/cmake/export_sam_msgs__rosidl_generator_cExport-noconfig.cmake
[7.447s] -- Up-to-date: /home/schni2zle/colcon_ws/src/install/sam_msgs/share/sam_msgs/cmake/export_sam_msgs__rosidl_typesupport_fastrtps_cExport.cmake
[7.447s] -- Up-to-date: /home/schni2zle/colcon_ws/src/install/sam_msgs/share/sam_msgs/cmake/export_sam_msgs__rosidl_typesupport_fastrtps_cExport-noconfig.cmake
[7.447s] -- Up-to-date: /home/schni2zle/colcon_ws/src/install/sam_msgs/share/sam_msgs/cmake/sam_msgs__rosidl_typesupport_introspection_cExport.cmake
[7.447s] -- Up-to-date: /home/schni2zle/colcon_ws/src/install/sam_msgs/share/sam_msgs/cmake/sam_msgs__rosidl_typesupport_introspection_cExport-noconfig.cmake
[7.453s] -- Up-to-date: /home/schni2zle/colcon_ws/src/install/sam_msgs/share/sam_msgs/cmake/sam_msgs__rosidl_typesupport_cExport.cmake
[7.453s] -- Up-to-date: /home/schni2zle/colcon_ws/src/install/sam_msgs/share/sam_msgs/cmake/sam_msgs__rosidl_typesupport_cExport-noconfig.cmake
[7.453s] -- Up-to-date: /home/schni2zle/colcon_ws/src/install/sam_msgs/share/sam_msgs/cmake/export_sam_msgs__rosidl_generator_cppExport.cmake
[7.454s] -- Up-to-date: /home/schni2zle/colcon_ws/src/install/sam_msgs/share/sam_msgs/cmake/export_sam_msgs__rosidl_typesupport_fastrtps_cppExport.cmake
[7.454s] -- Up-to-date: /home/schni2zle/colcon_ws/src/install/sam_msgs/share/sam_msgs/cmake/export_sam_msgs__rosidl_typesupport_fastrtps_cppExport-noconfig.cmake
[7.454s] -- Up-to-date: /home/schni2zle/colcon_ws/src/install/sam_msgs/share/sam_msgs/cmake/sam_msgs__rosidl_typesupport_introspection_cppExport.cmake
[7.454s] -- Up-to-date: /home/schni2zle/colcon_ws/src/install/sam_msgs/share/sam_msgs/cmake/sam_msgs__rosidl_typesupport_introspection_cppExport-noconfig.cmake
[7.454s] -- Up-to-date: /home/schni2zle/colcon_ws/src/install/sam_msgs/share/sam_msgs/cmake/sam_msgs__rosidl_typesupport_cppExport.cmake
[7.455s] -- Up-to-date: /home/schni2zle/colcon_ws/src/install/sam_msgs/share/sam_msgs/cmake/sam_msgs__rosidl_typesupport_cppExport-noconfig.cmake
[7.455s] -- Up-to-date: /home/schni2zle/colcon_ws/src/install/sam_msgs/share/sam_msgs/cmake/export_sam_msgs__rosidl_generator_pyExport.cmake
[7.455s] -- Up-to-date: /home/schni2zle/colcon_ws/src/install/sam_msgs/share/sam_msgs/cmake/export_sam_msgs__rosidl_generator_pyExport-noconfig.cmake
[7.456s] -- Up-to-date: /home/schni2zle/colcon_ws/src/install/sam_msgs/share/sam_msgs/cmake/rosidl_cmake-extras.cmake
[7.456s] -- Up-to-date: /home/schni2zle/colcon_ws/src/install/sam_msgs/share/sam_msgs/cmake/ament_cmake_export_dependencies-extras.cmake
[7.456s] -- Up-to-date: /home/schni2zle/colcon_ws/src/install/sam_msgs/share/sam_msgs/cmake/ament_cmake_export_include_directories-extras.cmake
[7.456s] -- Up-to-date: /home/schni2zle/colcon_ws/src/install/sam_msgs/share/sam_msgs/cmake/ament_cmake_export_libraries-extras.cmake
[7.456s] -- Up-to-date: /home/schni2zle/colcon_ws/src/install/sam_msgs/share/sam_msgs/cmake/ament_cmake_export_targets-extras.cmake
[7.461s] -- Up-to-date: /home/schni2zle/colcon_ws/src/install/sam_msgs/share/sam_msgs/cmake/rosidl_cmake_export_typesupport_targets-extras.cmake
[7.461s] -- Up-to-date: /home/schni2zle/colcon_ws/src/install/sam_msgs/share/sam_msgs/cmake/rosidl_cmake_export_typesupport_libraries-extras.cmake
[7.461s] -- Up-to-date: /home/schni2zle/colcon_ws/src/install/sam_msgs/share/sam_msgs/cmake/sam_msgsConfig.cmake
[7.461s] -- Up-to-date: /home/schni2zle/colcon_ws/src/install/sam_msgs/share/sam_msgs/cmake/sam_msgsConfig-version.cmake
[7.462s] -- Up-to-date: /home/schni2zle/colcon_ws/src/install/sam_msgs/share/sam_msgs/package.xml
[7.462s] Invoked command in '/home/schni2zle/colcon_ws/src/build/sam_msgs' returned '0': CMAKE_PREFIX_PATH=${CMAKE_PREFIX_PATH}:/home/schni2zle/colcon_ws/src/install/workshopfun:/home/schni2zle/colcon_ws/src/install/utm_latlon_converter:/home/schni2zle/colcon_ws/src/install/test_package:/home/schni2zle/colcon_ws/src/install/state_estimation:/home/schni2zle/colcon_ws/src/install/smarc_nodered:/home/schni2zle/colcon_ws/src/install/smarc_bt:/home/schni2zle/colcon_ws/src/install/smarc_bringups:/home/schni2zle/colcon_ws/src/install/sam_dead_reckoning:/home/schni2zle/colcon_ws/src/install/ros_tcp_endpoint:/home/schni2zle/colcon_ws/src/install/ros2_python_examples:/home/schni2zle/colcon_ws/src/install/quadrotor_basic_controller:/home/schni2zle/colcon_ws/src/install/mqtt_bridge:/home/schni2zle/colcon_ws/src/install/dubins_planner:/home/schni2zle/colcon_ws/src/install/dive_control:/home/schni2zle/colcon_ws/src/install/basic_go_to_waypoint:/home/schni2zle/colcon_ws/src/install/basic_depth_pitch_control:/home/schni2zle/colcon_ws/install/workshopfun:/home/schni2zle/colcon_ws/install/utm_latlon_converter:/home/schni2zle/colcon_ws/install/smarc_nodered:/home/schni2zle/colcon_ws/install/smarc_bt:/home/schni2zle/colcon_ws/install/smarc_bringups:/home/schni2zle/colcon_ws/install/sam_dead_reckoning:/home/schni2zle/colcon_ws/install/ros_tcp_endpoint:/home/schni2zle/colcon_ws/install/ros2_python_examples:/home/schni2zle/colcon_ws/install/mqtt_bridge:/home/schni2zle/colcon_ws/install/dubins_planner:/home/schni2zle/colcon_ws/install/basic_go_to_waypoint:/opt/ros/humble /usr/bin/cmake --install /home/schni2zle/colcon_ws/src/build/sam_msgs
