[0.168s] DEBUG:colcon:Command line arguments: ['/usr/bin/colcon', 'build', '--packages-select', 'state_estimation']
[0.168s] DEBUG:colcon:Parsed command line arguments: Namespace(log_base=None, log_level=None, verb_name='build', build_base='build', install_base='install', merge_install=False, symlink_install=False, test_result_base=None, continue_on_error=False, executor='parallel', parallel_workers=8, event_handlers=None, ignore_user_meta=False, metas=['./colcon.meta'], base_paths=['.'], packages_ignore=None, packages_ignore_regex=None, paths=None, packages_up_to=None, packages_up_to_regex=None, packages_above=None, packages_above_and_dependencies=None, packages_above_depth=None, packages_select_by_dep=None, packages_skip_by_dep=None, packages_skip_up_to=None, packages_select_build_failed=False, packages_skip_build_finished=False, packages_select_test_failures=False, packages_skip_test_passed=False, packages_select=['state_estimation'], packages_skip=None, packages_select_regex=None, packages_skip_regex=None, packages_start=None, packages_end=None, allow_overriding=[], cmake_args=None, cmake_target=None, cmake_target_skip_unavailable=False, cmake_clean_cache=False, cmake_clean_first=False, cmake_force_configure=False, ament_cmake_args=None, catkin_cmake_args=None, catkin_skip_building_tests=False, mixin_files=None, mixin=None, verb_parser=<colcon_mixin.mixin.mixin_argument.MixinArgumentDecorator object at 0x7b3e8f409fc0>, verb_extension=<colcon_core.verb.build.BuildVerb object at 0x7b3e8f4099c0>, main=<bound method BuildVerb.main of <colcon_core.verb.build.BuildVerb object at 0x7b3e8f4099c0>>, mixin_verb=('build',))
[0.447s] Level 1:colcon.colcon_core.package_discovery:discover_packages(colcon_meta) check parameters
[0.447s] Level 1:colcon.colcon_core.package_discovery:discover_packages(recursive) check parameters
[0.447s] Level 1:colcon.colcon_core.package_discovery:discover_packages(ignore) check parameters
[0.447s] Level 1:colcon.colcon_core.package_discovery:discover_packages(path) check parameters
[0.447s] Level 1:colcon.colcon_core.package_discovery:discover_packages(colcon_meta) discover
[0.447s] Level 1:colcon.colcon_core.package_discovery:discover_packages(recursive) discover
[0.447s] INFO:colcon.colcon_core.package_discovery:Crawling recursively for packages in '/home/schni2zle/colcon_ws/src'
[0.447s] Level 1:colcon.colcon_core.package_identification:_identify(.) by extensions ['ignore', 'ignore_ament_install']
[0.447s] Level 1:colcon.colcon_core.package_identification:_identify(.) by extension 'ignore'
[0.447s] Level 1:colcon.colcon_core.package_identification:_identify(.) by extension 'ignore_ament_install'
[0.448s] Level 1:colcon.colcon_core.package_identification:_identify(.) by extensions ['colcon_pkg']
[0.448s] Level 1:colcon.colcon_core.package_identification:_identify(.) by extension 'colcon_pkg'
[0.448s] Level 1:colcon.colcon_core.package_identification:_identify(.) by extensions ['colcon_meta']
[0.448s] Level 1:colcon.colcon_core.package_identification:_identify(.) by extension 'colcon_meta'
[0.448s] Level 1:colcon.colcon_core.package_identification:_identify(.) by extensions ['ros']
[0.448s] Level 1:colcon.colcon_core.package_identification:_identify(.) by extension 'ros'
[0.476s] Level 1:colcon.colcon_core.package_identification:_identify(.) by extensions ['cmake', 'python']
[0.476s] Level 1:colcon.colcon_core.package_identification:_identify(.) by extension 'cmake'
[0.476s] Level 1:colcon.colcon_core.package_identification:_identify(.) by extension 'python'
[0.476s] Level 1:colcon.colcon_core.package_identification:_identify(.) by extensions ['python_setup_py']
[0.477s] Level 1:colcon.colcon_core.package_identification:_identify(.) by extension 'python_setup_py'
[0.477s] Level 1:colcon.colcon_core.package_identification:_identify(behaviours) by extensions ['ignore', 'ignore_ament_install']
[0.477s] Level 1:colcon.colcon_core.package_identification:_identify(behaviours) by extension 'ignore'
[0.477s] Level 1:colcon.colcon_core.package_identification:_identify(behaviours) by extension 'ignore_ament_install'
[0.477s] Level 1:colcon.colcon_core.package_identification:_identify(behaviours) by extensions ['colcon_pkg']
[0.477s] Level 1:colcon.colcon_core.package_identification:_identify(behaviours) by extension 'colcon_pkg'
[0.477s] Level 1:colcon.colcon_core.package_identification:_identify(behaviours) by extensions ['colcon_meta']
[0.477s] Level 1:colcon.colcon_core.package_identification:_identify(behaviours) by extension 'colcon_meta'
[0.477s] Level 1:colcon.colcon_core.package_identification:_identify(behaviours) by extensions ['ros']
[0.477s] Level 1:colcon.colcon_core.package_identification:_identify(behaviours) by extension 'ros'
[0.477s] Level 1:colcon.colcon_core.package_identification:_identify(behaviours) by extensions ['cmake', 'python']
[0.477s] Level 1:colcon.colcon_core.package_identification:_identify(behaviours) by extension 'cmake'
[0.477s] Level 1:colcon.colcon_core.package_identification:_identify(behaviours) by extension 'python'
[0.477s] Level 1:colcon.colcon_core.package_identification:_identify(behaviours) by extensions ['python_setup_py']
[0.477s] Level 1:colcon.colcon_core.package_identification:_identify(behaviours) by extension 'python_setup_py'
[0.477s] Level 1:colcon.colcon_core.package_identification:_identify(behaviours/basic_depth_pitch_control) by extensions ['ignore', 'ignore_ament_install']
[0.478s] Level 1:colcon.colcon_core.package_identification:_identify(behaviours/basic_depth_pitch_control) by extension 'ignore'
[0.478s] Level 1:colcon.colcon_core.package_identification:_identify(behaviours/basic_depth_pitch_control) by extension 'ignore_ament_install'
[0.478s] Level 1:colcon.colcon_core.package_identification:_identify(behaviours/basic_depth_pitch_control) by extensions ['colcon_pkg']
[0.478s] Level 1:colcon.colcon_core.package_identification:_identify(behaviours/basic_depth_pitch_control) by extension 'colcon_pkg'
[0.478s] Level 1:colcon.colcon_core.package_identification:_identify(behaviours/basic_depth_pitch_control) by extensions ['colcon_meta']
[0.478s] Level 1:colcon.colcon_core.package_identification:_identify(behaviours/basic_depth_pitch_control) by extension 'colcon_meta'
[0.478s] Level 1:colcon.colcon_core.package_identification:_identify(behaviours/basic_depth_pitch_control) by extensions ['ros']
[0.478s] Level 1:colcon.colcon_core.package_identification:_identify(behaviours/basic_depth_pitch_control) by extension 'ros'
[0.481s] DEBUG:colcon.colcon_core.package_identification:Package 'behaviours/basic_depth_pitch_control' with type 'ros.ament_python' and name 'basic_depth_pitch_control'
[0.481s] Level 1:colcon.colcon_core.package_identification:_identify(behaviours/basic_go_to_waypoint) by extensions ['ignore', 'ignore_ament_install']
[0.481s] Level 1:colcon.colcon_core.package_identification:_identify(behaviours/basic_go_to_waypoint) by extension 'ignore'
[0.481s] Level 1:colcon.colcon_core.package_identification:_identify(behaviours/basic_go_to_waypoint) by extension 'ignore_ament_install'
[0.481s] Level 1:colcon.colcon_core.package_identification:_identify(behaviours/basic_go_to_waypoint) by extensions ['colcon_pkg']
[0.481s] Level 1:colcon.colcon_core.package_identification:_identify(behaviours/basic_go_to_waypoint) by extension 'colcon_pkg'
[0.481s] Level 1:colcon.colcon_core.package_identification:_identify(behaviours/basic_go_to_waypoint) by extensions ['colcon_meta']
[0.481s] Level 1:colcon.colcon_core.package_identification:_identify(behaviours/basic_go_to_waypoint) by extension 'colcon_meta'
[0.481s] Level 1:colcon.colcon_core.package_identification:_identify(behaviours/basic_go_to_waypoint) by extensions ['ros']
[0.481s] Level 1:colcon.colcon_core.package_identification:_identify(behaviours/basic_go_to_waypoint) by extension 'ros'
[0.482s] DEBUG:colcon.colcon_core.package_identification:Package 'behaviours/basic_go_to_waypoint' with type 'ros.ament_python' and name 'basic_go_to_waypoint'
[0.482s] Level 1:colcon.colcon_core.package_identification:_identify(behaviours/dive_control) by extensions ['ignore', 'ignore_ament_install']
[0.483s] Level 1:colcon.colcon_core.package_identification:_identify(behaviours/dive_control) by extension 'ignore'
[0.483s] Level 1:colcon.colcon_core.package_identification:_identify(behaviours/dive_control) by extension 'ignore_ament_install'
[0.483s] Level 1:colcon.colcon_core.package_identification:_identify(behaviours/dive_control) by extensions ['colcon_pkg']
[0.483s] Level 1:colcon.colcon_core.package_identification:_identify(behaviours/dive_control) by extension 'colcon_pkg'
[0.483s] Level 1:colcon.colcon_core.package_identification:_identify(behaviours/dive_control) by extensions ['colcon_meta']
[0.483s] Level 1:colcon.colcon_core.package_identification:_identify(behaviours/dive_control) by extension 'colcon_meta'
[0.483s] Level 1:colcon.colcon_core.package_identification:_identify(behaviours/dive_control) by extensions ['ros']
[0.483s] Level 1:colcon.colcon_core.package_identification:_identify(behaviours/dive_control) by extension 'ros'
[0.484s] DEBUG:colcon.colcon_core.package_identification:Package 'behaviours/dive_control' with type 'ros.ament_python' and name 'dive_control'
[0.484s] Level 1:colcon.colcon_core.package_identification:_identify(behaviours/smarc_bt) by extensions ['ignore', 'ignore_ament_install']
[0.484s] Level 1:colcon.colcon_core.package_identification:_identify(behaviours/smarc_bt) by extension 'ignore'
[0.484s] Level 1:colcon.colcon_core.package_identification:_identify(behaviours/smarc_bt) by extension 'ignore_ament_install'
[0.484s] Level 1:colcon.colcon_core.package_identification:_identify(behaviours/smarc_bt) by extensions ['colcon_pkg']
[0.484s] Level 1:colcon.colcon_core.package_identification:_identify(behaviours/smarc_bt) by extension 'colcon_pkg'
[0.484s] Level 1:colcon.colcon_core.package_identification:_identify(behaviours/smarc_bt) by extensions ['colcon_meta']
[0.484s] Level 1:colcon.colcon_core.package_identification:_identify(behaviours/smarc_bt) by extension 'colcon_meta'
[0.484s] Level 1:colcon.colcon_core.package_identification:_identify(behaviours/smarc_bt) by extensions ['ros']
[0.484s] Level 1:colcon.colcon_core.package_identification:_identify(behaviours/smarc_bt) by extension 'ros'
[0.485s] DEBUG:colcon.colcon_core.package_identification:Package 'behaviours/smarc_bt' with type 'ros.ament_python' and name 'smarc_bt'
[0.485s] Level 1:colcon.colcon_core.package_identification:_identify(build) by extensions ['ignore', 'ignore_ament_install']
[0.485s] Level 1:colcon.colcon_core.package_identification:_identify(build) by extension 'ignore'
[0.485s] Level 1:colcon.colcon_core.package_identification:_identify(build) ignored
[0.485s] Level 1:colcon.colcon_core.package_identification:_identify(docker) by extensions ['ignore', 'ignore_ament_install']
[0.486s] Level 1:colcon.colcon_core.package_identification:_identify(docker) by extension 'ignore'
[0.486s] Level 1:colcon.colcon_core.package_identification:_identify(docker) by extension 'ignore_ament_install'
[0.486s] Level 1:colcon.colcon_core.package_identification:_identify(docker) by extensions ['colcon_pkg']
[0.486s] Level 1:colcon.colcon_core.package_identification:_identify(docker) by extension 'colcon_pkg'
[0.486s] Level 1:colcon.colcon_core.package_identification:_identify(docker) by extensions ['colcon_meta']
[0.486s] Level 1:colcon.colcon_core.package_identification:_identify(docker) by extension 'colcon_meta'
[0.486s] Level 1:colcon.colcon_core.package_identification:_identify(docker) by extensions ['ros']
[0.486s] Level 1:colcon.colcon_core.package_identification:_identify(docker) by extension 'ros'
[0.486s] Level 1:colcon.colcon_core.package_identification:_identify(docker) by extensions ['cmake', 'python']
[0.486s] Level 1:colcon.colcon_core.package_identification:_identify(docker) by extension 'cmake'
[0.486s] Level 1:colcon.colcon_core.package_identification:_identify(docker) by extension 'python'
[0.486s] Level 1:colcon.colcon_core.package_identification:_identify(docker) by extensions ['python_setup_py']
[0.486s] Level 1:colcon.colcon_core.package_identification:_identify(docker) by extension 'python_setup_py'
[0.486s] Level 1:colcon.colcon_core.package_identification:_identify(documentation) by extensions ['ignore', 'ignore_ament_install']
[0.486s] Level 1:colcon.colcon_core.package_identification:_identify(documentation) by extension 'ignore'
[0.486s] Level 1:colcon.colcon_core.package_identification:_identify(documentation) by extension 'ignore_ament_install'
[0.486s] Level 1:colcon.colcon_core.package_identification:_identify(documentation) by extensions ['colcon_pkg']
[0.486s] Level 1:colcon.colcon_core.package_identification:_identify(documentation) by extension 'colcon_pkg'
[0.487s] Level 1:colcon.colcon_core.package_identification:_identify(documentation) by extensions ['colcon_meta']
[0.487s] Level 1:colcon.colcon_core.package_identification:_identify(documentation) by extension 'colcon_meta'
[0.487s] Level 1:colcon.colcon_core.package_identification:_identify(documentation) by extensions ['ros']
[0.487s] Level 1:colcon.colcon_core.package_identification:_identify(documentation) by extension 'ros'
[0.487s] Level 1:colcon.colcon_core.package_identification:_identify(documentation) by extensions ['cmake', 'python']
[0.487s] Level 1:colcon.colcon_core.package_identification:_identify(documentation) by extension 'cmake'
[0.487s] Level 1:colcon.colcon_core.package_identification:_identify(documentation) by extension 'python'
[0.487s] Level 1:colcon.colcon_core.package_identification:_identify(documentation) by extensions ['python_setup_py']
[0.487s] Level 1:colcon.colcon_core.package_identification:_identify(documentation) by extension 'python_setup_py'
[0.487s] Level 1:colcon.colcon_core.package_identification:_identify(documentation/media) by extensions ['ignore', 'ignore_ament_install']
[0.487s] Level 1:colcon.colcon_core.package_identification:_identify(documentation/media) by extension 'ignore'
[0.487s] Level 1:colcon.colcon_core.package_identification:_identify(documentation/media) by extension 'ignore_ament_install'
[0.487s] Level 1:colcon.colcon_core.package_identification:_identify(documentation/media) by extensions ['colcon_pkg']
[0.487s] Level 1:colcon.colcon_core.package_identification:_identify(documentation/media) by extension 'colcon_pkg'
[0.487s] Level 1:colcon.colcon_core.package_identification:_identify(documentation/media) by extensions ['colcon_meta']
[0.487s] Level 1:colcon.colcon_core.package_identification:_identify(documentation/media) by extension 'colcon_meta'
[0.487s] Level 1:colcon.colcon_core.package_identification:_identify(documentation/media) by extensions ['ros']
[0.487s] Level 1:colcon.colcon_core.package_identification:_identify(documentation/media) by extension 'ros'
[0.488s] Level 1:colcon.colcon_core.package_identification:_identify(documentation/media) by extensions ['cmake', 'python']
[0.488s] Level 1:colcon.colcon_core.package_identification:_identify(documentation/media) by extension 'cmake'
[0.488s] Level 1:colcon.colcon_core.package_identification:_identify(documentation/media) by extension 'python'
[0.488s] Level 1:colcon.colcon_core.package_identification:_identify(documentation/media) by extensions ['python_setup_py']
[0.488s] Level 1:colcon.colcon_core.package_identification:_identify(documentation/media) by extension 'python_setup_py'
[0.488s] Level 1:colcon.colcon_core.package_identification:_identify(documentation/media/delays) by extensions ['ignore', 'ignore_ament_install']
[0.488s] Level 1:colcon.colcon_core.package_identification:_identify(documentation/media/delays) by extension 'ignore'
[0.488s] Level 1:colcon.colcon_core.package_identification:_identify(documentation/media/delays) by extension 'ignore_ament_install'
[0.488s] Level 1:colcon.colcon_core.package_identification:_identify(documentation/media/delays) by extensions ['colcon_pkg']
[0.488s] Level 1:colcon.colcon_core.package_identification:_identify(documentation/media/delays) by extension 'colcon_pkg'
[0.488s] Level 1:colcon.colcon_core.package_identification:_identify(documentation/media/delays) by extensions ['colcon_meta']
[0.488s] Level 1:colcon.colcon_core.package_identification:_identify(documentation/media/delays) by extension 'colcon_meta'
[0.488s] Level 1:colcon.colcon_core.package_identification:_identify(documentation/media/delays) by extensions ['ros']
[0.488s] Level 1:colcon.colcon_core.package_identification:_identify(documentation/media/delays) by extension 'ros'
[0.488s] Level 1:colcon.colcon_core.package_identification:_identify(documentation/media/delays) by extensions ['cmake', 'python']
[0.488s] Level 1:colcon.colcon_core.package_identification:_identify(documentation/media/delays) by extension 'cmake'
[0.489s] Level 1:colcon.colcon_core.package_identification:_identify(documentation/media/delays) by extension 'python'
[0.489s] Level 1:colcon.colcon_core.package_identification:_identify(documentation/media/delays) by extensions ['python_setup_py']
[0.489s] Level 1:colcon.colcon_core.package_identification:_identify(documentation/media/delays) by extension 'python_setup_py'
[0.489s] Level 1:colcon.colcon_core.package_identification:_identify(drivers) by extensions ['ignore', 'ignore_ament_install']
[0.489s] Level 1:colcon.colcon_core.package_identification:_identify(drivers) by extension 'ignore'
[0.489s] Level 1:colcon.colcon_core.package_identification:_identify(drivers) by extension 'ignore_ament_install'
[0.489s] Level 1:colcon.colcon_core.package_identification:_identify(drivers) by extensions ['colcon_pkg']
[0.489s] Level 1:colcon.colcon_core.package_identification:_identify(drivers) by extension 'colcon_pkg'
[0.489s] Level 1:colcon.colcon_core.package_identification:_identify(drivers) by extensions ['colcon_meta']
[0.489s] Level 1:colcon.colcon_core.package_identification:_identify(drivers) by extension 'colcon_meta'
[0.489s] Level 1:colcon.colcon_core.package_identification:_identify(drivers) by extensions ['ros']
[0.489s] Level 1:colcon.colcon_core.package_identification:_identify(drivers) by extension 'ros'
[0.489s] Level 1:colcon.colcon_core.package_identification:_identify(drivers) by extensions ['cmake', 'python']
[0.489s] Level 1:colcon.colcon_core.package_identification:_identify(drivers) by extension 'cmake'
[0.489s] Level 1:colcon.colcon_core.package_identification:_identify(drivers) by extension 'python'
[0.489s] Level 1:colcon.colcon_core.package_identification:_identify(drivers) by extensions ['python_setup_py']
[0.489s] Level 1:colcon.colcon_core.package_identification:_identify(drivers) by extension 'python_setup_py'
[0.490s] Level 1:colcon.colcon_core.package_identification:_identify(examples) by extensions ['ignore', 'ignore_ament_install']
[0.490s] Level 1:colcon.colcon_core.package_identification:_identify(examples) by extension 'ignore'
[0.490s] Level 1:colcon.colcon_core.package_identification:_identify(examples) by extension 'ignore_ament_install'
[0.490s] Level 1:colcon.colcon_core.package_identification:_identify(examples) by extensions ['colcon_pkg']
[0.490s] Level 1:colcon.colcon_core.package_identification:_identify(examples) by extension 'colcon_pkg'
[0.490s] Level 1:colcon.colcon_core.package_identification:_identify(examples) by extensions ['colcon_meta']
[0.490s] Level 1:colcon.colcon_core.package_identification:_identify(examples) by extension 'colcon_meta'
[0.490s] Level 1:colcon.colcon_core.package_identification:_identify(examples) by extensions ['ros']
[0.490s] Level 1:colcon.colcon_core.package_identification:_identify(examples) by extension 'ros'
[0.490s] Level 1:colcon.colcon_core.package_identification:_identify(examples) by extensions ['cmake', 'python']
[0.490s] Level 1:colcon.colcon_core.package_identification:_identify(examples) by extension 'cmake'
[0.490s] Level 1:colcon.colcon_core.package_identification:_identify(examples) by extension 'python'
[0.490s] Level 1:colcon.colcon_core.package_identification:_identify(examples) by extensions ['python_setup_py']
[0.490s] Level 1:colcon.colcon_core.package_identification:_identify(examples) by extension 'python_setup_py'
[0.490s] Level 1:colcon.colcon_core.package_identification:_identify(examples/ros2_python_examples) by extensions ['ignore', 'ignore_ament_install']
[0.490s] Level 1:colcon.colcon_core.package_identification:_identify(examples/ros2_python_examples) by extension 'ignore'
[0.491s] Level 1:colcon.colcon_core.package_identification:_identify(examples/ros2_python_examples) by extension 'ignore_ament_install'
[0.491s] Level 1:colcon.colcon_core.package_identification:_identify(examples/ros2_python_examples) by extensions ['colcon_pkg']
[0.491s] Level 1:colcon.colcon_core.package_identification:_identify(examples/ros2_python_examples) by extension 'colcon_pkg'
[0.491s] Level 1:colcon.colcon_core.package_identification:_identify(examples/ros2_python_examples) by extensions ['colcon_meta']
[0.491s] Level 1:colcon.colcon_core.package_identification:_identify(examples/ros2_python_examples) by extension 'colcon_meta'
[0.491s] Level 1:colcon.colcon_core.package_identification:_identify(examples/ros2_python_examples) by extensions ['ros']
[0.491s] Level 1:colcon.colcon_core.package_identification:_identify(examples/ros2_python_examples) by extension 'ros'
[0.492s] DEBUG:colcon.colcon_core.package_identification:Package 'examples/ros2_python_examples' with type 'ros.ament_python' and name 'ros2_python_examples'
[0.492s] Level 1:colcon.colcon_core.package_identification:_identify(examples/sam_basic_controllers) by extensions ['ignore', 'ignore_ament_install']
[0.492s] Level 1:colcon.colcon_core.package_identification:_identify(examples/sam_basic_controllers) by extension 'ignore'
[0.492s] Level 1:colcon.colcon_core.package_identification:_identify(examples/sam_basic_controllers) by extension 'ignore_ament_install'
[0.492s] Level 1:colcon.colcon_core.package_identification:_identify(examples/sam_basic_controllers) by extensions ['colcon_pkg']
[0.492s] Level 1:colcon.colcon_core.package_identification:_identify(examples/sam_basic_controllers) by extension 'colcon_pkg'
[0.492s] Level 1:colcon.colcon_core.package_identification:_identify(examples/sam_basic_controllers) by extensions ['colcon_meta']
[0.492s] Level 1:colcon.colcon_core.package_identification:_identify(examples/sam_basic_controllers) by extension 'colcon_meta'
[0.492s] Level 1:colcon.colcon_core.package_identification:_identify(examples/sam_basic_controllers) by extensions ['ros']
[0.492s] Level 1:colcon.colcon_core.package_identification:_identify(examples/sam_basic_controllers) by extension 'ros'
[0.493s] DEBUG:colcon.colcon_core.package_identification:Package 'examples/sam_basic_controllers' with type 'ros.ament_cmake' and name 'sam_basic_controllers'
[0.494s] Level 1:colcon.colcon_core.package_identification:_identify(examples/test_package) by extensions ['ignore', 'ignore_ament_install']
[0.494s] Level 1:colcon.colcon_core.package_identification:_identify(examples/test_package) by extension 'ignore'
[0.494s] Level 1:colcon.colcon_core.package_identification:_identify(examples/test_package) by extension 'ignore_ament_install'
[0.494s] Level 1:colcon.colcon_core.package_identification:_identify(examples/test_package) by extensions ['colcon_pkg']
[0.494s] Level 1:colcon.colcon_core.package_identification:_identify(examples/test_package) by extension 'colcon_pkg'
[0.494s] Level 1:colcon.colcon_core.package_identification:_identify(examples/test_package) by extensions ['colcon_meta']
[0.494s] Level 1:colcon.colcon_core.package_identification:_identify(examples/test_package) by extension 'colcon_meta'
[0.494s] Level 1:colcon.colcon_core.package_identification:_identify(examples/test_package) by extensions ['ros']
[0.494s] Level 1:colcon.colcon_core.package_identification:_identify(examples/test_package) by extension 'ros'
[0.495s] DEBUG:colcon.colcon_core.package_identification:Package 'examples/test_package' with type 'ros.ament_python' and name 'test_package'
[0.495s] Level 1:colcon.colcon_core.package_identification:_identify(examples/workshopfun) by extensions ['ignore', 'ignore_ament_install']
[0.495s] Level 1:colcon.colcon_core.package_identification:_identify(examples/workshopfun) by extension 'ignore'
[0.495s] Level 1:colcon.colcon_core.package_identification:_identify(examples/workshopfun) by extension 'ignore_ament_install'
[0.495s] Level 1:colcon.colcon_core.package_identification:_identify(examples/workshopfun) by extensions ['colcon_pkg']
[0.495s] Level 1:colcon.colcon_core.package_identification:_identify(examples/workshopfun) by extension 'colcon_pkg'
[0.495s] Level 1:colcon.colcon_core.package_identification:_identify(examples/workshopfun) by extensions ['colcon_meta']
[0.495s] Level 1:colcon.colcon_core.package_identification:_identify(examples/workshopfun) by extension 'colcon_meta'
[0.495s] Level 1:colcon.colcon_core.package_identification:_identify(examples/workshopfun) by extensions ['ros']
[0.495s] Level 1:colcon.colcon_core.package_identification:_identify(examples/workshopfun) by extension 'ros'
[0.496s] DEBUG:colcon.colcon_core.package_identification:Package 'examples/workshopfun' with type 'ros.ament_python' and name 'workshopfun'
[0.496s] Level 1:colcon.colcon_core.package_identification:_identify(external_equipment) by extensions ['ignore', 'ignore_ament_install']
[0.496s] Level 1:colcon.colcon_core.package_identification:_identify(external_equipment) by extension 'ignore'
[0.496s] Level 1:colcon.colcon_core.package_identification:_identify(external_equipment) by extension 'ignore_ament_install'
[0.497s] Level 1:colcon.colcon_core.package_identification:_identify(external_equipment) by extensions ['colcon_pkg']
[0.497s] Level 1:colcon.colcon_core.package_identification:_identify(external_equipment) by extension 'colcon_pkg'
[0.497s] Level 1:colcon.colcon_core.package_identification:_identify(external_equipment) by extensions ['colcon_meta']
[0.497s] Level 1:colcon.colcon_core.package_identification:_identify(external_equipment) by extension 'colcon_meta'
[0.497s] Level 1:colcon.colcon_core.package_identification:_identify(external_equipment) by extensions ['ros']
[0.497s] Level 1:colcon.colcon_core.package_identification:_identify(external_equipment) by extension 'ros'
[0.497s] Level 1:colcon.colcon_core.package_identification:_identify(external_equipment) by extensions ['cmake', 'python']
[0.497s] Level 1:colcon.colcon_core.package_identification:_identify(external_equipment) by extension 'cmake'
[0.497s] Level 1:colcon.colcon_core.package_identification:_identify(external_equipment) by extension 'python'
[0.497s] Level 1:colcon.colcon_core.package_identification:_identify(external_equipment) by extensions ['python_setup_py']
[0.497s] Level 1:colcon.colcon_core.package_identification:_identify(external_equipment) by extension 'python_setup_py'
[0.497s] Level 1:colcon.colcon_core.package_identification:_identify(external_packages) by extensions ['ignore', 'ignore_ament_install']
[0.497s] Level 1:colcon.colcon_core.package_identification:_identify(external_packages) by extension 'ignore'
[0.497s] Level 1:colcon.colcon_core.package_identification:_identify(external_packages) by extension 'ignore_ament_install'
[0.497s] Level 1:colcon.colcon_core.package_identification:_identify(external_packages) by extensions ['colcon_pkg']
[0.497s] Level 1:colcon.colcon_core.package_identification:_identify(external_packages) by extension 'colcon_pkg'
[0.497s] Level 1:colcon.colcon_core.package_identification:_identify(external_packages) by extensions ['colcon_meta']
[0.498s] Level 1:colcon.colcon_core.package_identification:_identify(external_packages) by extension 'colcon_meta'
[0.498s] Level 1:colcon.colcon_core.package_identification:_identify(external_packages) by extensions ['ros']
[0.498s] Level 1:colcon.colcon_core.package_identification:_identify(external_packages) by extension 'ros'
[0.498s] Level 1:colcon.colcon_core.package_identification:_identify(external_packages) by extensions ['cmake', 'python']
[0.498s] Level 1:colcon.colcon_core.package_identification:_identify(external_packages) by extension 'cmake'
[0.498s] Level 1:colcon.colcon_core.package_identification:_identify(external_packages) by extension 'python'
[0.498s] Level 1:colcon.colcon_core.package_identification:_identify(external_packages) by extensions ['python_setup_py']
[0.498s] Level 1:colcon.colcon_core.package_identification:_identify(external_packages) by extension 'python_setup_py'
[0.498s] Level 1:colcon.colcon_core.package_identification:_identify(external_packages/ROS-TCP-Endpoint) by extensions ['ignore', 'ignore_ament_install']
[0.498s] Level 1:colcon.colcon_core.package_identification:_identify(external_packages/ROS-TCP-Endpoint) by extension 'ignore'
[0.498s] Level 1:colcon.colcon_core.package_identification:_identify(external_packages/ROS-TCP-Endpoint) by extension 'ignore_ament_install'
[0.498s] Level 1:colcon.colcon_core.package_identification:_identify(external_packages/ROS-TCP-Endpoint) by extensions ['colcon_pkg']
[0.498s] Level 1:colcon.colcon_core.package_identification:_identify(external_packages/ROS-TCP-Endpoint) by extension 'colcon_pkg'
[0.498s] Level 1:colcon.colcon_core.package_identification:_identify(external_packages/ROS-TCP-Endpoint) by extensions ['colcon_meta']
[0.498s] Level 1:colcon.colcon_core.package_identification:_identify(external_packages/ROS-TCP-Endpoint) by extension 'colcon_meta'
[0.498s] Level 1:colcon.colcon_core.package_identification:_identify(external_packages/ROS-TCP-Endpoint) by extensions ['ros']
[0.498s] Level 1:colcon.colcon_core.package_identification:_identify(external_packages/ROS-TCP-Endpoint) by extension 'ros'
[0.499s] DEBUG:colcon.colcon_core.package_identification:Package 'external_packages/ROS-TCP-Endpoint' with type 'ros.ament_python' and name 'ros_tcp_endpoint'
[0.499s] Level 1:colcon.colcon_core.package_identification:_identify(external_packages/mqtt_bridge) by extensions ['ignore', 'ignore_ament_install']
[0.499s] Level 1:colcon.colcon_core.package_identification:_identify(external_packages/mqtt_bridge) by extension 'ignore'
[0.499s] Level 1:colcon.colcon_core.package_identification:_identify(external_packages/mqtt_bridge) by extension 'ignore_ament_install'
[0.500s] Level 1:colcon.colcon_core.package_identification:_identify(external_packages/mqtt_bridge) by extensions ['colcon_pkg']
[0.500s] Level 1:colcon.colcon_core.package_identification:_identify(external_packages/mqtt_bridge) by extension 'colcon_pkg'
[0.500s] Level 1:colcon.colcon_core.package_identification:_identify(external_packages/mqtt_bridge) by extensions ['colcon_meta']
[0.500s] Level 1:colcon.colcon_core.package_identification:_identify(external_packages/mqtt_bridge) by extension 'colcon_meta'
[0.500s] Level 1:colcon.colcon_core.package_identification:_identify(external_packages/mqtt_bridge) by extensions ['ros']
[0.500s] Level 1:colcon.colcon_core.package_identification:_identify(external_packages/mqtt_bridge) by extension 'ros'
[0.501s] DEBUG:colcon.colcon_core.package_identification:Package 'external_packages/mqtt_bridge' with type 'ros.ament_python' and name 'mqtt_bridge'
[0.501s] Level 1:colcon.colcon_core.package_identification:_identify(gui) by extensions ['ignore', 'ignore_ament_install']
[0.501s] Level 1:colcon.colcon_core.package_identification:_identify(gui) by extension 'ignore'
[0.501s] Level 1:colcon.colcon_core.package_identification:_identify(gui) by extension 'ignore_ament_install'
[0.501s] Level 1:colcon.colcon_core.package_identification:_identify(gui) by extensions ['colcon_pkg']
[0.501s] Level 1:colcon.colcon_core.package_identification:_identify(gui) by extension 'colcon_pkg'
[0.501s] Level 1:colcon.colcon_core.package_identification:_identify(gui) by extensions ['colcon_meta']
[0.501s] Level 1:colcon.colcon_core.package_identification:_identify(gui) by extension 'colcon_meta'
[0.501s] Level 1:colcon.colcon_core.package_identification:_identify(gui) by extensions ['ros']
[0.501s] Level 1:colcon.colcon_core.package_identification:_identify(gui) by extension 'ros'
[0.501s] Level 1:colcon.colcon_core.package_identification:_identify(gui) by extensions ['cmake', 'python']
[0.501s] Level 1:colcon.colcon_core.package_identification:_identify(gui) by extension 'cmake'
[0.501s] Level 1:colcon.colcon_core.package_identification:_identify(gui) by extension 'python'
[0.501s] Level 1:colcon.colcon_core.package_identification:_identify(gui) by extensions ['python_setup_py']
[0.501s] Level 1:colcon.colcon_core.package_identification:_identify(gui) by extension 'python_setup_py'
[0.502s] Level 1:colcon.colcon_core.package_identification:_identify(gui/smarc_nodered) by extensions ['ignore', 'ignore_ament_install']
[0.502s] Level 1:colcon.colcon_core.package_identification:_identify(gui/smarc_nodered) by extension 'ignore'
[0.502s] Level 1:colcon.colcon_core.package_identification:_identify(gui/smarc_nodered) by extension 'ignore_ament_install'
[0.502s] Level 1:colcon.colcon_core.package_identification:_identify(gui/smarc_nodered) by extensions ['colcon_pkg']
[0.502s] Level 1:colcon.colcon_core.package_identification:_identify(gui/smarc_nodered) by extension 'colcon_pkg'
[0.502s] Level 1:colcon.colcon_core.package_identification:_identify(gui/smarc_nodered) by extensions ['colcon_meta']
[0.502s] Level 1:colcon.colcon_core.package_identification:_identify(gui/smarc_nodered) by extension 'colcon_meta'
[0.502s] Level 1:colcon.colcon_core.package_identification:_identify(gui/smarc_nodered) by extensions ['ros']
[0.502s] Level 1:colcon.colcon_core.package_identification:_identify(gui/smarc_nodered) by extension 'ros'
[0.503s] DEBUG:colcon.colcon_core.package_identification:Package 'gui/smarc_nodered' with type 'ros.ament_python' and name 'smarc_nodered'
[0.503s] Level 1:colcon.colcon_core.package_identification:_identify(install) by extensions ['ignore', 'ignore_ament_install']
[0.503s] Level 1:colcon.colcon_core.package_identification:_identify(install) by extension 'ignore'
[0.503s] Level 1:colcon.colcon_core.package_identification:_identify(install) ignored
[0.503s] Level 1:colcon.colcon_core.package_identification:_identify(log) by extensions ['ignore', 'ignore_ament_install']
[0.503s] Level 1:colcon.colcon_core.package_identification:_identify(log) by extension 'ignore'
[0.503s] Level 1:colcon.colcon_core.package_identification:_identify(log) ignored
[0.504s] Level 1:colcon.colcon_core.package_identification:_identify(messages) by extensions ['ignore', 'ignore_ament_install']
[0.504s] Level 1:colcon.colcon_core.package_identification:_identify(messages) by extension 'ignore'
[0.504s] Level 1:colcon.colcon_core.package_identification:_identify(messages) by extension 'ignore_ament_install'
[0.504s] Level 1:colcon.colcon_core.package_identification:_identify(messages) by extensions ['colcon_pkg']
[0.504s] Level 1:colcon.colcon_core.package_identification:_identify(messages) by extension 'colcon_pkg'
[0.504s] Level 1:colcon.colcon_core.package_identification:_identify(messages) by extensions ['colcon_meta']
[0.504s] Level 1:colcon.colcon_core.package_identification:_identify(messages) by extension 'colcon_meta'
[0.504s] Level 1:colcon.colcon_core.package_identification:_identify(messages) by extensions ['ros']
[0.504s] Level 1:colcon.colcon_core.package_identification:_identify(messages) by extension 'ros'
[0.504s] Level 1:colcon.colcon_core.package_identification:_identify(messages) by extensions ['cmake', 'python']
[0.504s] Level 1:colcon.colcon_core.package_identification:_identify(messages) by extension 'cmake'
[0.504s] Level 1:colcon.colcon_core.package_identification:_identify(messages) by extension 'python'
[0.504s] Level 1:colcon.colcon_core.package_identification:_identify(messages) by extensions ['python_setup_py']
[0.504s] Level 1:colcon.colcon_core.package_identification:_identify(messages) by extension 'python_setup_py'
[0.504s] Level 1:colcon.colcon_core.package_identification:_identify(messages/dead_reckoning_msgs) by extensions ['ignore', 'ignore_ament_install']
[0.504s] Level 1:colcon.colcon_core.package_identification:_identify(messages/dead_reckoning_msgs) by extension 'ignore'
[0.505s] Level 1:colcon.colcon_core.package_identification:_identify(messages/dead_reckoning_msgs) by extension 'ignore_ament_install'
[0.505s] Level 1:colcon.colcon_core.package_identification:_identify(messages/dead_reckoning_msgs) by extensions ['colcon_pkg']
[0.505s] Level 1:colcon.colcon_core.package_identification:_identify(messages/dead_reckoning_msgs) by extension 'colcon_pkg'
[0.505s] Level 1:colcon.colcon_core.package_identification:_identify(messages/dead_reckoning_msgs) by extensions ['colcon_meta']
[0.505s] Level 1:colcon.colcon_core.package_identification:_identify(messages/dead_reckoning_msgs) by extension 'colcon_meta'
[0.505s] Level 1:colcon.colcon_core.package_identification:_identify(messages/dead_reckoning_msgs) by extensions ['ros']
[0.505s] Level 1:colcon.colcon_core.package_identification:_identify(messages/dead_reckoning_msgs) by extension 'ros'
[0.506s] DEBUG:colcon.colcon_core.package_identification:Package 'messages/dead_reckoning_msgs' with type 'ros.ament_cmake' and name 'dead_reckoning_msgs'
[0.506s] Level 1:colcon.colcon_core.package_identification:_identify(messages/sam_graph_slam_2_msgs) by extensions ['ignore', 'ignore_ament_install']
[0.506s] Level 1:colcon.colcon_core.package_identification:_identify(messages/sam_graph_slam_2_msgs) by extension 'ignore'
[0.506s] Level 1:colcon.colcon_core.package_identification:_identify(messages/sam_graph_slam_2_msgs) by extension 'ignore_ament_install'
[0.506s] Level 1:colcon.colcon_core.package_identification:_identify(messages/sam_graph_slam_2_msgs) by extensions ['colcon_pkg']
[0.506s] Level 1:colcon.colcon_core.package_identification:_identify(messages/sam_graph_slam_2_msgs) by extension 'colcon_pkg'
[0.506s] Level 1:colcon.colcon_core.package_identification:_identify(messages/sam_graph_slam_2_msgs) by extensions ['colcon_meta']
[0.506s] Level 1:colcon.colcon_core.package_identification:_identify(messages/sam_graph_slam_2_msgs) by extension 'colcon_meta'
[0.506s] Level 1:colcon.colcon_core.package_identification:_identify(messages/sam_graph_slam_2_msgs) by extensions ['ros']
[0.506s] Level 1:colcon.colcon_core.package_identification:_identify(messages/sam_graph_slam_2_msgs) by extension 'ros'
[0.507s] DEBUG:colcon.colcon_core.package_identification:Package 'messages/sam_graph_slam_2_msgs' with type 'ros.ament_cmake' and name 'sam_graph_slam_2_msgs'
[0.507s] Level 1:colcon.colcon_core.package_identification:_identify(messages/sam_msgs) by extensions ['ignore', 'ignore_ament_install']
[0.507s] Level 1:colcon.colcon_core.package_identification:_identify(messages/sam_msgs) by extension 'ignore'
[0.507s] Level 1:colcon.colcon_core.package_identification:_identify(messages/sam_msgs) by extension 'ignore_ament_install'
[0.507s] Level 1:colcon.colcon_core.package_identification:_identify(messages/sam_msgs) by extensions ['colcon_pkg']
[0.507s] Level 1:colcon.colcon_core.package_identification:_identify(messages/sam_msgs) by extension 'colcon_pkg'
[0.507s] Level 1:colcon.colcon_core.package_identification:_identify(messages/sam_msgs) by extensions ['colcon_meta']
[0.508s] Level 1:colcon.colcon_core.package_identification:_identify(messages/sam_msgs) by extension 'colcon_meta'
[0.508s] Level 1:colcon.colcon_core.package_identification:_identify(messages/sam_msgs) by extensions ['ros']
[0.508s] Level 1:colcon.colcon_core.package_identification:_identify(messages/sam_msgs) by extension 'ros'
[0.509s] DEBUG:colcon.colcon_core.package_identification:Package 'messages/sam_msgs' with type 'ros.ament_cmake' and name 'sam_msgs'
[0.509s] Level 1:colcon.colcon_core.package_identification:_identify(messages/smarc_control_msgs) by extensions ['ignore', 'ignore_ament_install']
[0.509s] Level 1:colcon.colcon_core.package_identification:_identify(messages/smarc_control_msgs) by extension 'ignore'
[0.509s] Level 1:colcon.colcon_core.package_identification:_identify(messages/smarc_control_msgs) by extension 'ignore_ament_install'
[0.509s] Level 1:colcon.colcon_core.package_identification:_identify(messages/smarc_control_msgs) by extensions ['colcon_pkg']
[0.509s] Level 1:colcon.colcon_core.package_identification:_identify(messages/smarc_control_msgs) by extension 'colcon_pkg'
[0.509s] Level 1:colcon.colcon_core.package_identification:_identify(messages/smarc_control_msgs) by extensions ['colcon_meta']
[0.509s] Level 1:colcon.colcon_core.package_identification:_identify(messages/smarc_control_msgs) by extension 'colcon_meta'
[0.509s] Level 1:colcon.colcon_core.package_identification:_identify(messages/smarc_control_msgs) by extensions ['ros']
[0.509s] Level 1:colcon.colcon_core.package_identification:_identify(messages/smarc_control_msgs) by extension 'ros'
[0.510s] DEBUG:colcon.colcon_core.package_identification:Package 'messages/smarc_control_msgs' with type 'ros.ament_cmake' and name 'smarc_control_msgs'
[0.510s] Level 1:colcon.colcon_core.package_identification:_identify(messages/smarc_mission_msgs) by extensions ['ignore', 'ignore_ament_install']
[0.510s] Level 1:colcon.colcon_core.package_identification:_identify(messages/smarc_mission_msgs) by extension 'ignore'
[0.510s] Level 1:colcon.colcon_core.package_identification:_identify(messages/smarc_mission_msgs) by extension 'ignore_ament_install'
[0.510s] Level 1:colcon.colcon_core.package_identification:_identify(messages/smarc_mission_msgs) by extensions ['colcon_pkg']
[0.510s] Level 1:colcon.colcon_core.package_identification:_identify(messages/smarc_mission_msgs) by extension 'colcon_pkg'
[0.510s] Level 1:colcon.colcon_core.package_identification:_identify(messages/smarc_mission_msgs) by extensions ['colcon_meta']
[0.510s] Level 1:colcon.colcon_core.package_identification:_identify(messages/smarc_mission_msgs) by extension 'colcon_meta'
[0.510s] Level 1:colcon.colcon_core.package_identification:_identify(messages/smarc_mission_msgs) by extensions ['ros']
[0.510s] Level 1:colcon.colcon_core.package_identification:_identify(messages/smarc_mission_msgs) by extension 'ros'
[0.512s] DEBUG:colcon.colcon_core.package_identification:Package 'messages/smarc_mission_msgs' with type 'ros.ament_cmake' and name 'smarc_mission_msgs'
[0.512s] Level 1:colcon.colcon_core.package_identification:_identify(messages/smarc_msgs) by extensions ['ignore', 'ignore_ament_install']
[0.512s] Level 1:colcon.colcon_core.package_identification:_identify(messages/smarc_msgs) by extension 'ignore'
[0.512s] Level 1:colcon.colcon_core.package_identification:_identify(messages/smarc_msgs) by extension 'ignore_ament_install'
[0.512s] Level 1:colcon.colcon_core.package_identification:_identify(messages/smarc_msgs) by extensions ['colcon_pkg']
[0.512s] Level 1:colcon.colcon_core.package_identification:_identify(messages/smarc_msgs) by extension 'colcon_pkg'
[0.512s] Level 1:colcon.colcon_core.package_identification:_identify(messages/smarc_msgs) by extensions ['colcon_meta']
[0.512s] Level 1:colcon.colcon_core.package_identification:_identify(messages/smarc_msgs) by extension 'colcon_meta'
[0.512s] Level 1:colcon.colcon_core.package_identification:_identify(messages/smarc_msgs) by extensions ['ros']
[0.512s] Level 1:colcon.colcon_core.package_identification:_identify(messages/smarc_msgs) by extension 'ros'
[0.514s] DEBUG:colcon.colcon_core.package_identification:Package 'messages/smarc_msgs' with type 'ros.ament_cmake' and name 'smarc_msgs'
[0.514s] Level 1:colcon.colcon_core.package_identification:_identify(navigation) by extensions ['ignore', 'ignore_ament_install']
[0.514s] Level 1:colcon.colcon_core.package_identification:_identify(navigation) by extension 'ignore'
[0.514s] Level 1:colcon.colcon_core.package_identification:_identify(navigation) by extension 'ignore_ament_install'
[0.514s] Level 1:colcon.colcon_core.package_identification:_identify(navigation) by extensions ['colcon_pkg']
[0.514s] Level 1:colcon.colcon_core.package_identification:_identify(navigation) by extension 'colcon_pkg'
[0.514s] Level 1:colcon.colcon_core.package_identification:_identify(navigation) by extensions ['colcon_meta']
[0.514s] Level 1:colcon.colcon_core.package_identification:_identify(navigation) by extension 'colcon_meta'
[0.514s] Level 1:colcon.colcon_core.package_identification:_identify(navigation) by extensions ['ros']
[0.514s] Level 1:colcon.colcon_core.package_identification:_identify(navigation) by extension 'ros'
[0.514s] Level 1:colcon.colcon_core.package_identification:_identify(navigation) by extensions ['cmake', 'python']
[0.514s] Level 1:colcon.colcon_core.package_identification:_identify(navigation) by extension 'cmake'
[0.514s] Level 1:colcon.colcon_core.package_identification:_identify(navigation) by extension 'python'
[0.514s] Level 1:colcon.colcon_core.package_identification:_identify(navigation) by extensions ['python_setup_py']
[0.514s] Level 1:colcon.colcon_core.package_identification:_identify(navigation) by extension 'python_setup_py'
[0.515s] Level 1:colcon.colcon_core.package_identification:_identify(navigation/dead_reckoning) by extensions ['ignore', 'ignore_ament_install']
[0.515s] Level 1:colcon.colcon_core.package_identification:_identify(navigation/dead_reckoning) by extension 'ignore'
[0.515s] Level 1:colcon.colcon_core.package_identification:_identify(navigation/dead_reckoning) by extension 'ignore_ament_install'
[0.515s] Level 1:colcon.colcon_core.package_identification:_identify(navigation/dead_reckoning) by extensions ['colcon_pkg']
[0.515s] Level 1:colcon.colcon_core.package_identification:_identify(navigation/dead_reckoning) by extension 'colcon_pkg'
[0.515s] Level 1:colcon.colcon_core.package_identification:_identify(navigation/dead_reckoning) by extensions ['colcon_meta']
[0.515s] Level 1:colcon.colcon_core.package_identification:_identify(navigation/dead_reckoning) by extension 'colcon_meta'
[0.515s] Level 1:colcon.colcon_core.package_identification:_identify(navigation/dead_reckoning) by extensions ['ros']
[0.515s] Level 1:colcon.colcon_core.package_identification:_identify(navigation/dead_reckoning) by extension 'ros'
[0.515s] Level 1:colcon.colcon_core.package_identification:_identify(navigation/dead_reckoning) by extensions ['cmake', 'python']
[0.515s] Level 1:colcon.colcon_core.package_identification:_identify(navigation/dead_reckoning) by extension 'cmake'
[0.515s] Level 1:colcon.colcon_core.package_identification:_identify(navigation/dead_reckoning) by extension 'python'
[0.515s] Level 1:colcon.colcon_core.package_identification:_identify(navigation/dead_reckoning) by extensions ['python_setup_py']
[0.515s] Level 1:colcon.colcon_core.package_identification:_identify(navigation/dead_reckoning) by extension 'python_setup_py'
[0.515s] Level 1:colcon.colcon_core.package_identification:_identify(navigation/dead_reckoning/sam_dead_reckoning) by extensions ['ignore', 'ignore_ament_install']
[0.515s] Level 1:colcon.colcon_core.package_identification:_identify(navigation/dead_reckoning/sam_dead_reckoning) by extension 'ignore'
[0.515s] Level 1:colcon.colcon_core.package_identification:_identify(navigation/dead_reckoning/sam_dead_reckoning) by extension 'ignore_ament_install'
[0.516s] Level 1:colcon.colcon_core.package_identification:_identify(navigation/dead_reckoning/sam_dead_reckoning) by extensions ['colcon_pkg']
[0.516s] Level 1:colcon.colcon_core.package_identification:_identify(navigation/dead_reckoning/sam_dead_reckoning) by extension 'colcon_pkg'
[0.516s] Level 1:colcon.colcon_core.package_identification:_identify(navigation/dead_reckoning/sam_dead_reckoning) by extensions ['colcon_meta']
[0.516s] Level 1:colcon.colcon_core.package_identification:_identify(navigation/dead_reckoning/sam_dead_reckoning) by extension 'colcon_meta'
[0.516s] Level 1:colcon.colcon_core.package_identification:_identify(navigation/dead_reckoning/sam_dead_reckoning) by extensions ['ros']
[0.516s] Level 1:colcon.colcon_core.package_identification:_identify(navigation/dead_reckoning/sam_dead_reckoning) by extension 'ros'
[0.516s] DEBUG:colcon.colcon_core.package_identification:Package 'navigation/dead_reckoning/sam_dead_reckoning' with type 'ros.ament_python' and name 'sam_dead_reckoning'
[0.517s] Level 1:colcon.colcon_core.package_identification:_identify(navigation/dead_reckoning/tf_convenience_topics) by extensions ['ignore', 'ignore_ament_install']
[0.517s] Level 1:colcon.colcon_core.package_identification:_identify(navigation/dead_reckoning/tf_convenience_topics) by extension 'ignore'
[0.517s] Level 1:colcon.colcon_core.package_identification:_identify(navigation/dead_reckoning/tf_convenience_topics) by extension 'ignore_ament_install'
[0.517s] Level 1:colcon.colcon_core.package_identification:_identify(navigation/dead_reckoning/tf_convenience_topics) by extensions ['colcon_pkg']
[0.517s] Level 1:colcon.colcon_core.package_identification:_identify(navigation/dead_reckoning/tf_convenience_topics) by extension 'colcon_pkg'
[0.517s] Level 1:colcon.colcon_core.package_identification:_identify(navigation/dead_reckoning/tf_convenience_topics) by extensions ['colcon_meta']
[0.517s] Level 1:colcon.colcon_core.package_identification:_identify(navigation/dead_reckoning/tf_convenience_topics) by extension 'colcon_meta'
[0.517s] Level 1:colcon.colcon_core.package_identification:_identify(navigation/dead_reckoning/tf_convenience_topics) by extensions ['ros']
[0.517s] Level 1:colcon.colcon_core.package_identification:_identify(navigation/dead_reckoning/tf_convenience_topics) by extension 'ros'
[0.518s] DEBUG:colcon.colcon_core.package_identification:Package 'navigation/dead_reckoning/tf_convenience_topics' with type 'ros.ament_cmake' and name 'tf_convenience_topics'
[0.519s] Level 1:colcon.colcon_core.package_identification:_identify(navigation/localization) by extensions ['ignore', 'ignore_ament_install']
[0.519s] Level 1:colcon.colcon_core.package_identification:_identify(navigation/localization) by extension 'ignore'
[0.519s] Level 1:colcon.colcon_core.package_identification:_identify(navigation/localization) by extension 'ignore_ament_install'
[0.519s] Level 1:colcon.colcon_core.package_identification:_identify(navigation/localization) by extensions ['colcon_pkg']
[0.519s] Level 1:colcon.colcon_core.package_identification:_identify(navigation/localization) by extension 'colcon_pkg'
[0.519s] Level 1:colcon.colcon_core.package_identification:_identify(navigation/localization) by extensions ['colcon_meta']
[0.519s] Level 1:colcon.colcon_core.package_identification:_identify(navigation/localization) by extension 'colcon_meta'
[0.519s] Level 1:colcon.colcon_core.package_identification:_identify(navigation/localization) by extensions ['ros']
[0.519s] Level 1:colcon.colcon_core.package_identification:_identify(navigation/localization) by extension 'ros'
[0.519s] Level 1:colcon.colcon_core.package_identification:_identify(navigation/localization) by extensions ['cmake', 'python']
[0.519s] Level 1:colcon.colcon_core.package_identification:_identify(navigation/localization) by extension 'cmake'
[0.519s] Level 1:colcon.colcon_core.package_identification:_identify(navigation/localization) by extension 'python'
[0.519s] Level 1:colcon.colcon_core.package_identification:_identify(navigation/localization) by extensions ['python_setup_py']
[0.519s] Level 1:colcon.colcon_core.package_identification:_identify(navigation/localization) by extension 'python_setup_py'
[0.519s] Level 1:colcon.colcon_core.package_identification:_identify(quadrotor) by extensions ['ignore', 'ignore_ament_install']
[0.519s] Level 1:colcon.colcon_core.package_identification:_identify(quadrotor) by extension 'ignore'
[0.520s] Level 1:colcon.colcon_core.package_identification:_identify(quadrotor) by extension 'ignore_ament_install'
[0.520s] Level 1:colcon.colcon_core.package_identification:_identify(quadrotor) by extensions ['colcon_pkg']
[0.520s] Level 1:colcon.colcon_core.package_identification:_identify(quadrotor) by extension 'colcon_pkg'
[0.520s] Level 1:colcon.colcon_core.package_identification:_identify(quadrotor) by extensions ['colcon_meta']
[0.520s] Level 1:colcon.colcon_core.package_identification:_identify(quadrotor) by extension 'colcon_meta'
[0.520s] Level 1:colcon.colcon_core.package_identification:_identify(quadrotor) by extensions ['ros']
[0.520s] Level 1:colcon.colcon_core.package_identification:_identify(quadrotor) by extension 'ros'
[0.520s] Level 1:colcon.colcon_core.package_identification:_identify(quadrotor) by extensions ['cmake', 'python']
[0.520s] Level 1:colcon.colcon_core.package_identification:_identify(quadrotor) by extension 'cmake'
[0.520s] Level 1:colcon.colcon_core.package_identification:_identify(quadrotor) by extension 'python'
[0.520s] Level 1:colcon.colcon_core.package_identification:_identify(quadrotor) by extensions ['python_setup_py']
[0.520s] Level 1:colcon.colcon_core.package_identification:_identify(quadrotor) by extension 'python_setup_py'
[0.520s] Level 1:colcon.colcon_core.package_identification:_identify(quadrotor/quadrotor_basic_controller) by extensions ['ignore', 'ignore_ament_install']
[0.520s] Level 1:colcon.colcon_core.package_identification:_identify(quadrotor/quadrotor_basic_controller) by extension 'ignore'
[0.520s] Level 1:colcon.colcon_core.package_identification:_identify(quadrotor/quadrotor_basic_controller) by extension 'ignore_ament_install'
[0.520s] Level 1:colcon.colcon_core.package_identification:_identify(quadrotor/quadrotor_basic_controller) by extensions ['colcon_pkg']
[0.520s] Level 1:colcon.colcon_core.package_identification:_identify(quadrotor/quadrotor_basic_controller) by extension 'colcon_pkg'
[0.520s] Level 1:colcon.colcon_core.package_identification:_identify(quadrotor/quadrotor_basic_controller) by extensions ['colcon_meta']
[0.521s] Level 1:colcon.colcon_core.package_identification:_identify(quadrotor/quadrotor_basic_controller) by extension 'colcon_meta'
[0.521s] Level 1:colcon.colcon_core.package_identification:_identify(quadrotor/quadrotor_basic_controller) by extensions ['ros']
[0.521s] Level 1:colcon.colcon_core.package_identification:_identify(quadrotor/quadrotor_basic_controller) by extension 'ros'
[0.521s] DEBUG:colcon.colcon_core.package_identification:Package 'quadrotor/quadrotor_basic_controller' with type 'ros.ament_python' and name 'quadrotor_basic_controller'
[0.522s] Level 1:colcon.colcon_core.package_identification:_identify(scripts) by extensions ['ignore', 'ignore_ament_install']
[0.522s] Level 1:colcon.colcon_core.package_identification:_identify(scripts) by extension 'ignore'
[0.522s] Level 1:colcon.colcon_core.package_identification:_identify(scripts) by extension 'ignore_ament_install'
[0.522s] Level 1:colcon.colcon_core.package_identification:_identify(scripts) by extensions ['colcon_pkg']
[0.522s] Level 1:colcon.colcon_core.package_identification:_identify(scripts) by extension 'colcon_pkg'
[0.522s] Level 1:colcon.colcon_core.package_identification:_identify(scripts) by extensions ['colcon_meta']
[0.522s] Level 1:colcon.colcon_core.package_identification:_identify(scripts) by extension 'colcon_meta'
[0.522s] Level 1:colcon.colcon_core.package_identification:_identify(scripts) by extensions ['ros']
[0.522s] Level 1:colcon.colcon_core.package_identification:_identify(scripts) by extension 'ros'
[0.522s] Level 1:colcon.colcon_core.package_identification:_identify(scripts) by extensions ['cmake', 'python']
[0.522s] Level 1:colcon.colcon_core.package_identification:_identify(scripts) by extension 'cmake'
[0.522s] Level 1:colcon.colcon_core.package_identification:_identify(scripts) by extension 'python'
[0.522s] Level 1:colcon.colcon_core.package_identification:_identify(scripts) by extensions ['python_setup_py']
[0.522s] Level 1:colcon.colcon_core.package_identification:_identify(scripts) by extension 'python_setup_py'
[0.522s] Level 1:colcon.colcon_core.package_identification:_identify(scripts/smarc_bringups) by extensions ['ignore', 'ignore_ament_install']
[0.522s] Level 1:colcon.colcon_core.package_identification:_identify(scripts/smarc_bringups) by extension 'ignore'
[0.523s] Level 1:colcon.colcon_core.package_identification:_identify(scripts/smarc_bringups) by extension 'ignore_ament_install'
[0.523s] Level 1:colcon.colcon_core.package_identification:_identify(scripts/smarc_bringups) by extensions ['colcon_pkg']
[0.523s] Level 1:colcon.colcon_core.package_identification:_identify(scripts/smarc_bringups) by extension 'colcon_pkg'
[0.523s] Level 1:colcon.colcon_core.package_identification:_identify(scripts/smarc_bringups) by extensions ['colcon_meta']
[0.523s] Level 1:colcon.colcon_core.package_identification:_identify(scripts/smarc_bringups) by extension 'colcon_meta'
[0.523s] Level 1:colcon.colcon_core.package_identification:_identify(scripts/smarc_bringups) by extensions ['ros']
[0.523s] Level 1:colcon.colcon_core.package_identification:_identify(scripts/smarc_bringups) by extension 'ros'
[0.523s] DEBUG:colcon.colcon_core.package_identification:Package 'scripts/smarc_bringups' with type 'ros.ament_python' and name 'smarc_bringups'
[0.523s] Level 1:colcon.colcon_core.package_identification:_identify(simulation) by extensions ['ignore', 'ignore_ament_install']
[0.524s] Level 1:colcon.colcon_core.package_identification:_identify(simulation) by extension 'ignore'
[0.524s] Level 1:colcon.colcon_core.package_identification:_identify(simulation) ignored
[0.524s] Level 1:colcon.colcon_core.package_identification:_identify(state_estimation) by extensions ['ignore', 'ignore_ament_install']
[0.524s] Level 1:colcon.colcon_core.package_identification:_identify(state_estimation) by extension 'ignore'
[0.524s] Level 1:colcon.colcon_core.package_identification:_identify(state_estimation) by extension 'ignore_ament_install'
[0.524s] Level 1:colcon.colcon_core.package_identification:_identify(state_estimation) by extensions ['colcon_pkg']
[0.524s] Level 1:colcon.colcon_core.package_identification:_identify(state_estimation) by extension 'colcon_pkg'
[0.524s] Level 1:colcon.colcon_core.package_identification:_identify(state_estimation) by extensions ['colcon_meta']
[0.524s] Level 1:colcon.colcon_core.package_identification:_identify(state_estimation) by extension 'colcon_meta'
[0.524s] Level 1:colcon.colcon_core.package_identification:_identify(state_estimation) by extensions ['ros']
[0.524s] Level 1:colcon.colcon_core.package_identification:_identify(state_estimation) by extension 'ros'
[0.525s] DEBUG:colcon.colcon_core.package_identification:Package 'state_estimation' with type 'ros.ament_python' and name 'state_estimation'
[0.525s] Level 1:colcon.colcon_core.package_identification:_identify(utilities) by extensions ['ignore', 'ignore_ament_install']
[0.525s] Level 1:colcon.colcon_core.package_identification:_identify(utilities) by extension 'ignore'
[0.525s] Level 1:colcon.colcon_core.package_identification:_identify(utilities) by extension 'ignore_ament_install'
[0.525s] Level 1:colcon.colcon_core.package_identification:_identify(utilities) by extensions ['colcon_pkg']
[0.525s] Level 1:colcon.colcon_core.package_identification:_identify(utilities) by extension 'colcon_pkg'
[0.525s] Level 1:colcon.colcon_core.package_identification:_identify(utilities) by extensions ['colcon_meta']
[0.525s] Level 1:colcon.colcon_core.package_identification:_identify(utilities) by extension 'colcon_meta'
[0.525s] Level 1:colcon.colcon_core.package_identification:_identify(utilities) by extensions ['ros']
[0.525s] Level 1:colcon.colcon_core.package_identification:_identify(utilities) by extension 'ros'
[0.525s] Level 1:colcon.colcon_core.package_identification:_identify(utilities) by extensions ['cmake', 'python']
[0.526s] Level 1:colcon.colcon_core.package_identification:_identify(utilities) by extension 'cmake'
[0.526s] Level 1:colcon.colcon_core.package_identification:_identify(utilities) by extension 'python'
[0.526s] Level 1:colcon.colcon_core.package_identification:_identify(utilities) by extensions ['python_setup_py']
[0.526s] Level 1:colcon.colcon_core.package_identification:_identify(utilities) by extension 'python_setup_py'
[0.526s] Level 1:colcon.colcon_core.package_identification:_identify(utilities/dubins_planner) by extensions ['ignore', 'ignore_ament_install']
[0.526s] Level 1:colcon.colcon_core.package_identification:_identify(utilities/dubins_planner) by extension 'ignore'
[0.526s] Level 1:colcon.colcon_core.package_identification:_identify(utilities/dubins_planner) by extension 'ignore_ament_install'
[0.526s] Level 1:colcon.colcon_core.package_identification:_identify(utilities/dubins_planner) by extensions ['colcon_pkg']
[0.526s] Level 1:colcon.colcon_core.package_identification:_identify(utilities/dubins_planner) by extension 'colcon_pkg'
[0.526s] Level 1:colcon.colcon_core.package_identification:_identify(utilities/dubins_planner) by extensions ['colcon_meta']
[0.526s] Level 1:colcon.colcon_core.package_identification:_identify(utilities/dubins_planner) by extension 'colcon_meta'
[0.526s] Level 1:colcon.colcon_core.package_identification:_identify(utilities/dubins_planner) by extensions ['ros']
[0.526s] Level 1:colcon.colcon_core.package_identification:_identify(utilities/dubins_planner) by extension 'ros'
[0.527s] DEBUG:colcon.colcon_core.package_identification:Package 'utilities/dubins_planner' with type 'ros.ament_python' and name 'dubins_planner'
[0.527s] Level 1:colcon.colcon_core.package_identification:_identify(utilities/utm_latlon_converter) by extensions ['ignore', 'ignore_ament_install']
[0.527s] Level 1:colcon.colcon_core.package_identification:_identify(utilities/utm_latlon_converter) by extension 'ignore'
[0.527s] Level 1:colcon.colcon_core.package_identification:_identify(utilities/utm_latlon_converter) by extension 'ignore_ament_install'
[0.527s] Level 1:colcon.colcon_core.package_identification:_identify(utilities/utm_latlon_converter) by extensions ['colcon_pkg']
[0.527s] Level 1:colcon.colcon_core.package_identification:_identify(utilities/utm_latlon_converter) by extension 'colcon_pkg'
[0.527s] Level 1:colcon.colcon_core.package_identification:_identify(utilities/utm_latlon_converter) by extensions ['colcon_meta']
[0.527s] Level 1:colcon.colcon_core.package_identification:_identify(utilities/utm_latlon_converter) by extension 'colcon_meta'
[0.527s] Level 1:colcon.colcon_core.package_identification:_identify(utilities/utm_latlon_converter) by extensions ['ros']
[0.527s] Level 1:colcon.colcon_core.package_identification:_identify(utilities/utm_latlon_converter) by extension 'ros'
[0.528s] DEBUG:colcon.colcon_core.package_identification:Package 'utilities/utm_latlon_converter' with type 'ros.ament_python' and name 'utm_latlon_converter'
[0.528s] Level 1:colcon.colcon_core.package_identification:_identify(vehicles) by extensions ['ignore', 'ignore_ament_install']
[0.528s] Level 1:colcon.colcon_core.package_identification:_identify(vehicles) by extension 'ignore'
[0.528s] Level 1:colcon.colcon_core.package_identification:_identify(vehicles) by extension 'ignore_ament_install'
[0.528s] Level 1:colcon.colcon_core.package_identification:_identify(vehicles) by extensions ['colcon_pkg']
[0.528s] Level 1:colcon.colcon_core.package_identification:_identify(vehicles) by extension 'colcon_pkg'
[0.528s] Level 1:colcon.colcon_core.package_identification:_identify(vehicles) by extensions ['colcon_meta']
[0.528s] Level 1:colcon.colcon_core.package_identification:_identify(vehicles) by extension 'colcon_meta'
[0.529s] Level 1:colcon.colcon_core.package_identification:_identify(vehicles) by extensions ['ros']
[0.529s] Level 1:colcon.colcon_core.package_identification:_identify(vehicles) by extension 'ros'
[0.529s] Level 1:colcon.colcon_core.package_identification:_identify(vehicles) by extensions ['cmake', 'python']
[0.529s] Level 1:colcon.colcon_core.package_identification:_identify(vehicles) by extension 'cmake'
[0.529s] Level 1:colcon.colcon_core.package_identification:_identify(vehicles) by extension 'python'
[0.529s] Level 1:colcon.colcon_core.package_identification:_identify(vehicles) by extensions ['python_setup_py']
[0.529s] Level 1:colcon.colcon_core.package_identification:_identify(vehicles) by extension 'python_setup_py'
[0.529s] Level 1:colcon.colcon_core.package_identification:_identify(vehicles/bringups) by extensions ['ignore', 'ignore_ament_install']
[0.529s] Level 1:colcon.colcon_core.package_identification:_identify(vehicles/bringups) by extension 'ignore'
[0.529s] Level 1:colcon.colcon_core.package_identification:_identify(vehicles/bringups) by extension 'ignore_ament_install'
[0.529s] Level 1:colcon.colcon_core.package_identification:_identify(vehicles/bringups) by extensions ['colcon_pkg']
[0.529s] Level 1:colcon.colcon_core.package_identification:_identify(vehicles/bringups) by extension 'colcon_pkg'
[0.529s] Level 1:colcon.colcon_core.package_identification:_identify(vehicles/bringups) by extensions ['colcon_meta']
[0.529s] Level 1:colcon.colcon_core.package_identification:_identify(vehicles/bringups) by extension 'colcon_meta'
[0.529s] Level 1:colcon.colcon_core.package_identification:_identify(vehicles/bringups) by extensions ['ros']
[0.529s] Level 1:colcon.colcon_core.package_identification:_identify(vehicles/bringups) by extension 'ros'
[0.529s] Level 1:colcon.colcon_core.package_identification:_identify(vehicles/bringups) by extensions ['cmake', 'python']
[0.530s] Level 1:colcon.colcon_core.package_identification:_identify(vehicles/bringups) by extension 'cmake'
[0.530s] Level 1:colcon.colcon_core.package_identification:_identify(vehicles/bringups) by extension 'python'
[0.530s] Level 1:colcon.colcon_core.package_identification:_identify(vehicles/bringups) by extensions ['python_setup_py']
[0.530s] Level 1:colcon.colcon_core.package_identification:_identify(vehicles/bringups) by extension 'python_setup_py'
[0.530s] Level 1:colcon.colcon_core.package_identification:_identify(vehicles/descriptions) by extensions ['ignore', 'ignore_ament_install']
[0.530s] Level 1:colcon.colcon_core.package_identification:_identify(vehicles/descriptions) by extension 'ignore'
[0.530s] Level 1:colcon.colcon_core.package_identification:_identify(vehicles/descriptions) by extension 'ignore_ament_install'
[0.530s] Level 1:colcon.colcon_core.package_identification:_identify(vehicles/descriptions) by extensions ['colcon_pkg']
[0.530s] Level 1:colcon.colcon_core.package_identification:_identify(vehicles/descriptions) by extension 'colcon_pkg'
[0.530s] Level 1:colcon.colcon_core.package_identification:_identify(vehicles/descriptions) by extensions ['colcon_meta']
[0.530s] Level 1:colcon.colcon_core.package_identification:_identify(vehicles/descriptions) by extension 'colcon_meta'
[0.530s] Level 1:colcon.colcon_core.package_identification:_identify(vehicles/descriptions) by extensions ['ros']
[0.530s] Level 1:colcon.colcon_core.package_identification:_identify(vehicles/descriptions) by extension 'ros'
[0.530s] Level 1:colcon.colcon_core.package_identification:_identify(vehicles/descriptions) by extensions ['cmake', 'python']
[0.530s] Level 1:colcon.colcon_core.package_identification:_identify(vehicles/descriptions) by extension 'cmake'
[0.530s] Level 1:colcon.colcon_core.package_identification:_identify(vehicles/descriptions) by extension 'python'
[0.530s] Level 1:colcon.colcon_core.package_identification:_identify(vehicles/descriptions) by extensions ['python_setup_py']
[0.530s] Level 1:colcon.colcon_core.package_identification:_identify(vehicles/descriptions) by extension 'python_setup_py'
[0.531s] Level 1:colcon.colcon_core.package_identification:_identify(vehicles/descriptions/cm_station_description) by extensions ['ignore', 'ignore_ament_install']
[0.531s] Level 1:colcon.colcon_core.package_identification:_identify(vehicles/descriptions/cm_station_description) by extension 'ignore'
[0.531s] Level 1:colcon.colcon_core.package_identification:_identify(vehicles/descriptions/cm_station_description) ignored
[0.531s] Level 1:colcon.colcon_core.package_identification:_identify(vehicles/descriptions/floatsam_description) by extensions ['ignore', 'ignore_ament_install']
[0.531s] Level 1:colcon.colcon_core.package_identification:_identify(vehicles/descriptions/floatsam_description) by extension 'ignore'
[0.531s] Level 1:colcon.colcon_core.package_identification:_identify(vehicles/descriptions/floatsam_description) ignored
[0.531s] Level 1:colcon.colcon_core.package_identification:_identify(vehicles/descriptions/sam_description) by extensions ['ignore', 'ignore_ament_install']
[0.531s] Level 1:colcon.colcon_core.package_identification:_identify(vehicles/descriptions/sam_description) by extension 'ignore'
[0.531s] Level 1:colcon.colcon_core.package_identification:_identify(vehicles/descriptions/sam_description) by extension 'ignore_ament_install'
[0.531s] Level 1:colcon.colcon_core.package_identification:_identify(vehicles/descriptions/sam_description) by extensions ['colcon_pkg']
[0.531s] Level 1:colcon.colcon_core.package_identification:_identify(vehicles/descriptions/sam_description) by extension 'colcon_pkg'
[0.531s] Level 1:colcon.colcon_core.package_identification:_identify(vehicles/descriptions/sam_description) by extensions ['colcon_meta']
[0.531s] Level 1:colcon.colcon_core.package_identification:_identify(vehicles/descriptions/sam_description) by extension 'colcon_meta'
[0.531s] Level 1:colcon.colcon_core.package_identification:_identify(vehicles/descriptions/sam_description) by extensions ['ros']
[0.531s] Level 1:colcon.colcon_core.package_identification:_identify(vehicles/descriptions/sam_description) by extension 'ros'
[0.532s] DEBUG:colcon.colcon_core.package_identification:Package 'vehicles/descriptions/sam_description' with type 'ros.ament_cmake' and name 'sam_description'
[0.532s] Level 1:colcon.colcon_core.package_identification:_identify(vehicles/hardware) by extensions ['ignore', 'ignore_ament_install']
[0.533s] Level 1:colcon.colcon_core.package_identification:_identify(vehicles/hardware) by extension 'ignore'
[0.533s] Level 1:colcon.colcon_core.package_identification:_identify(vehicles/hardware) by extension 'ignore_ament_install'
[0.533s] Level 1:colcon.colcon_core.package_identification:_identify(vehicles/hardware) by extensions ['colcon_pkg']
[0.533s] Level 1:colcon.colcon_core.package_identification:_identify(vehicles/hardware) by extension 'colcon_pkg'
[0.533s] Level 1:colcon.colcon_core.package_identification:_identify(vehicles/hardware) by extensions ['colcon_meta']
[0.533s] Level 1:colcon.colcon_core.package_identification:_identify(vehicles/hardware) by extension 'colcon_meta'
[0.533s] Level 1:colcon.colcon_core.package_identification:_identify(vehicles/hardware) by extensions ['ros']
[0.533s] Level 1:colcon.colcon_core.package_identification:_identify(vehicles/hardware) by extension 'ros'
[0.533s] Level 1:colcon.colcon_core.package_identification:_identify(vehicles/hardware) by extensions ['cmake', 'python']
[0.533s] Level 1:colcon.colcon_core.package_identification:_identify(vehicles/hardware) by extension 'cmake'
[0.533s] Level 1:colcon.colcon_core.package_identification:_identify(vehicles/hardware) by extension 'python'
[0.533s] Level 1:colcon.colcon_core.package_identification:_identify(vehicles/hardware) by extensions ['python_setup_py']
[0.533s] Level 1:colcon.colcon_core.package_identification:_identify(vehicles/hardware) by extension 'python_setup_py'
[0.533s] Level 1:colcon.colcon_core.package_identification:_identify(vehicles/hardware/sam) by extensions ['ignore', 'ignore_ament_install']
[0.533s] Level 1:colcon.colcon_core.package_identification:_identify(vehicles/hardware/sam) by extension 'ignore'
[0.533s] Level 1:colcon.colcon_core.package_identification:_identify(vehicles/hardware/sam) by extension 'ignore_ament_install'
[0.533s] Level 1:colcon.colcon_core.package_identification:_identify(vehicles/hardware/sam) by extensions ['colcon_pkg']
[0.533s] Level 1:colcon.colcon_core.package_identification:_identify(vehicles/hardware/sam) by extension 'colcon_pkg'
[0.534s] Level 1:colcon.colcon_core.package_identification:_identify(vehicles/hardware/sam) by extensions ['colcon_meta']
[0.534s] Level 1:colcon.colcon_core.package_identification:_identify(vehicles/hardware/sam) by extension 'colcon_meta'
[0.534s] Level 1:colcon.colcon_core.package_identification:_identify(vehicles/hardware/sam) by extensions ['ros']
[0.534s] Level 1:colcon.colcon_core.package_identification:_identify(vehicles/hardware/sam) by extension 'ros'
[0.534s] Level 1:colcon.colcon_core.package_identification:_identify(vehicles/hardware/sam) by extensions ['cmake', 'python']
[0.534s] Level 1:colcon.colcon_core.package_identification:_identify(vehicles/hardware/sam) by extension 'cmake'
[0.534s] Level 1:colcon.colcon_core.package_identification:_identify(vehicles/hardware/sam) by extension 'python'
[0.534s] Level 1:colcon.colcon_core.package_identification:_identify(vehicles/hardware/sam) by extensions ['python_setup_py']
[0.534s] Level 1:colcon.colcon_core.package_identification:_identify(vehicles/hardware/sam) by extension 'python_setup_py'
[0.534s] Level 1:colcon.colcon_core.package_discovery:discover_packages(recursive) using defaults
[0.534s] Level 1:colcon.colcon_core.package_discovery:discover_packages(ignore) discover
[0.534s] Level 1:colcon.colcon_core.package_discovery:discover_packages(ignore) using defaults
[0.534s] Level 1:colcon.colcon_core.package_discovery:discover_packages(path) discover
[0.534s] Level 1:colcon.colcon_core.package_discovery:discover_packages(path) using defaults
[0.569s] INFO:colcon.colcon_core.package_selection:Skipping not selected package 'basic_depth_pitch_control' in 'behaviours/basic_depth_pitch_control'
[0.569s] INFO:colcon.colcon_core.package_selection:Skipping not selected package 'basic_go_to_waypoint' in 'behaviours/basic_go_to_waypoint'
[0.569s] INFO:colcon.colcon_core.package_selection:Skipping not selected package 'dead_reckoning_msgs' in 'messages/dead_reckoning_msgs'
[0.569s] INFO:colcon.colcon_core.package_selection:Skipping not selected package 'dive_control' in 'behaviours/dive_control'
[0.569s] INFO:colcon.colcon_core.package_selection:Skipping not selected package 'dubins_planner' in 'utilities/dubins_planner'
[0.569s] INFO:colcon.colcon_core.package_selection:Skipping not selected package 'mqtt_bridge' in 'external_packages/mqtt_bridge'
[0.569s] INFO:colcon.colcon_core.package_selection:Skipping not selected package 'quadrotor_basic_controller' in 'quadrotor/quadrotor_basic_controller'
[0.569s] INFO:colcon.colcon_core.package_selection:Skipping not selected package 'ros2_python_examples' in 'examples/ros2_python_examples'
[0.569s] INFO:colcon.colcon_core.package_selection:Skipping not selected package 'ros_tcp_endpoint' in 'external_packages/ROS-TCP-Endpoint'
[0.569s] INFO:colcon.colcon_core.package_selection:Skipping not selected package 'sam_dead_reckoning' in 'navigation/dead_reckoning/sam_dead_reckoning'
[0.569s] INFO:colcon.colcon_core.package_selection:Skipping not selected package 'sam_description' in 'vehicles/descriptions/sam_description'
[0.569s] INFO:colcon.colcon_core.package_selection:Skipping not selected package 'sam_graph_slam_2_msgs' in 'messages/sam_graph_slam_2_msgs'
[0.569s] INFO:colcon.colcon_core.package_selection:Skipping not selected package 'sam_msgs' in 'messages/sam_msgs'
[0.569s] INFO:colcon.colcon_core.package_selection:Skipping not selected package 'smarc_bringups' in 'scripts/smarc_bringups'
[0.569s] INFO:colcon.colcon_core.package_selection:Skipping not selected package 'smarc_bt' in 'behaviours/smarc_bt'
[0.569s] INFO:colcon.colcon_core.package_selection:Skipping not selected package 'smarc_control_msgs' in 'messages/smarc_control_msgs'
[0.569s] INFO:colcon.colcon_core.package_selection:Skipping not selected package 'smarc_mission_msgs' in 'messages/smarc_mission_msgs'
[0.569s] INFO:colcon.colcon_core.package_selection:Skipping not selected package 'smarc_msgs' in 'messages/smarc_msgs'
[0.569s] INFO:colcon.colcon_core.package_selection:Skipping not selected package 'smarc_nodered' in 'gui/smarc_nodered'
[0.569s] INFO:colcon.colcon_core.package_selection:Skipping not selected package 'test_package' in 'examples/test_package'
[0.569s] INFO:colcon.colcon_core.package_selection:Skipping not selected package 'utm_latlon_converter' in 'utilities/utm_latlon_converter'
[0.569s] INFO:colcon.colcon_core.package_selection:Skipping not selected package 'workshopfun' in 'examples/workshopfun'
[0.569s] INFO:colcon.colcon_core.package_selection:Skipping not selected package 'sam_basic_controllers' in 'examples/sam_basic_controllers'
[0.569s] INFO:colcon.colcon_core.package_selection:Skipping not selected package 'tf_convenience_topics' in 'navigation/dead_reckoning/tf_convenience_topics'
[0.570s] Level 1:colcon.colcon_core.package_discovery:discover_packages(prefix_path) check parameters
[0.570s] Level 1:colcon.colcon_core.package_discovery:discover_packages(prefix_path) discover
[0.575s] DEBUG:colcon.colcon_installed_package_information.package_discovery:Found 25 installed packages in /home/schni2zle/colcon_ws/src/install
[0.576s] DEBUG:colcon.colcon_installed_package_information.package_discovery:Found 20 installed packages in /home/schni2zle/colcon_ws/install
[0.579s] DEBUG:colcon.colcon_installed_package_information.package_discovery:Found 274 installed packages in /opt/ros/humble
[0.581s] Level 1:colcon.colcon_core.package_discovery:discover_packages(prefix_path) using defaults
[0.628s] Level 5:colcon.colcon_core.verb:set package 'state_estimation' build argument 'cmake_args' from command line to 'None'
[0.628s] Level 5:colcon.colcon_core.verb:set package 'state_estimation' build argument 'cmake_target' from command line to 'None'
[0.628s] Level 5:colcon.colcon_core.verb:set package 'state_estimation' build argument 'cmake_target_skip_unavailable' from command line to 'False'
[0.628s] Level 5:colcon.colcon_core.verb:set package 'state_estimation' build argument 'cmake_clean_cache' from command line to 'False'
[0.628s] Level 5:colcon.colcon_core.verb:set package 'state_estimation' build argument 'cmake_clean_first' from command line to 'False'
[0.628s] Level 5:colcon.colcon_core.verb:set package 'state_estimation' build argument 'cmake_force_configure' from command line to 'False'
[0.628s] Level 5:colcon.colcon_core.verb:set package 'state_estimation' build argument 'ament_cmake_args' from command line to 'None'
[0.628s] Level 5:colcon.colcon_core.verb:set package 'state_estimation' build argument 'catkin_cmake_args' from command line to 'None'
[0.628s] Level 5:colcon.colcon_core.verb:set package 'state_estimation' build argument 'catkin_skip_building_tests' from command line to 'False'
[0.628s] DEBUG:colcon.colcon_core.verb:Building package 'state_estimation' with the following arguments: {'ament_cmake_args': None, 'build_base': '/home/schni2zle/colcon_ws/src/build/state_estimation', 'catkin_cmake_args': None, 'catkin_skip_building_tests': False, 'cmake_args': None, 'cmake_clean_cache': False, 'cmake_clean_first': False, 'cmake_force_configure': False, 'cmake_target': None, 'cmake_target_skip_unavailable': False, 'install_base': '/home/schni2zle/colcon_ws/src/install/state_estimation', 'merge_install': False, 'path': '/home/schni2zle/colcon_ws/src/state_estimation', 'symlink_install': False, 'test_result_base': None}
[0.628s] INFO:colcon.colcon_core.executor:Executing jobs using 'parallel' executor
[0.630s] DEBUG:colcon.colcon_parallel_executor.executor.parallel:run_until_complete
[0.630s] INFO:colcon.colcon_ros.task.ament_python.build:Building ROS package in '/home/schni2zle/colcon_ws/src/state_estimation' with build type 'ament_python'
[0.630s] Level 1:colcon.colcon_core.shell:create_environment_hook('state_estimation', 'ament_prefix_path')
[0.635s] INFO:colcon.colcon_core.plugin_system:Skipping extension 'colcon_core.shell.bat': Not used on non-Windows systems
[0.635s] INFO:colcon.colcon_core.shell:Creating environment hook '/home/schni2zle/colcon_ws/src/install/state_estimation/share/state_estimation/hook/ament_prefix_path.ps1'
[0.636s] INFO:colcon.colcon_core.shell:Creating environment descriptor '/home/schni2zle/colcon_ws/src/install/state_estimation/share/state_estimation/hook/ament_prefix_path.dsv'
[0.637s] INFO:colcon.colcon_core.shell:Creating environment hook '/home/schni2zle/colcon_ws/src/install/state_estimation/share/state_estimation/hook/ament_prefix_path.sh'
[0.638s] INFO:colcon.colcon_core.shell:Skip shell extension 'powershell' for command environment: Not usable outside of PowerShell
[0.638s] DEBUG:colcon.colcon_core.shell:Skip shell extension 'dsv' for command environment
[1.185s] INFO:colcon.colcon_core.task.python.build:Building Python package in '/home/schni2zle/colcon_ws/src/state_estimation'
[1.185s] INFO:colcon.colcon_core.shell:Skip shell extension 'powershell' for command environment: Not usable outside of PowerShell
[1.185s] DEBUG:colcon.colcon_core.shell:Skip shell extension 'dsv' for command environment
[1.794s] DEBUG:colcon.colcon_core.event_handler.log_command:Invoking command in '/home/schni2zle/colcon_ws/src/state_estimation': PYTHONPATH=/home/schni2zle/colcon_ws/src/build/state_estimation/prefix_override:/usr/lib/python3/dist-packages/colcon_core/task/python/colcon_distutils_commands:/home/schni2zle/colcon_ws/src/install/state_estimation/lib/python3.10/site-packages:${PYTHONPATH} /usr/bin/python3 -W ignore:setup.py install is deprecated setup.py egg_info --egg-base ../build/state_estimation build --build-base /home/schni2zle/colcon_ws/src/build/state_estimation/build install --record /home/schni2zle/colcon_ws/src/build/state_estimation/install.log --single-version-externally-managed install_data
[2.331s] DEBUG:colcon.colcon_core.event_handler.log_command:Invoked command in '/home/schni2zle/colcon_ws/src/state_estimation' returned '0': PYTHONPATH=/home/schni2zle/colcon_ws/src/build/state_estimation/prefix_override:/usr/lib/python3/dist-packages/colcon_core/task/python/colcon_distutils_commands:/home/schni2zle/colcon_ws/src/install/state_estimation/lib/python3.10/site-packages:${PYTHONPATH} /usr/bin/python3 -W ignore:setup.py install is deprecated setup.py egg_info --egg-base ../build/state_estimation build --build-base /home/schni2zle/colcon_ws/src/build/state_estimation/build install --record /home/schni2zle/colcon_ws/src/build/state_estimation/install.log --single-version-externally-managed install_data
[2.339s] Level 1:colcon.colcon_core.environment:checking '/home/schni2zle/colcon_ws/src/install/state_estimation' for CMake module files
[2.341s] Level 1:colcon.colcon_core.environment:checking '/home/schni2zle/colcon_ws/src/install/state_estimation' for CMake config files
[2.343s] Level 1:colcon.colcon_core.environment:checking '/home/schni2zle/colcon_ws/src/install/state_estimation/lib'
[2.344s] Level 1:colcon.colcon_core.environment:checking '/home/schni2zle/colcon_ws/src/install/state_estimation/bin'
[2.344s] Level 1:colcon.colcon_core.environment:checking '/home/schni2zle/colcon_ws/src/install/state_estimation/lib/pkgconfig/state_estimation.pc'
[2.345s] Level 1:colcon.colcon_core.environment:checking '/home/schni2zle/colcon_ws/src/install/state_estimation/lib/python3.10/site-packages'
[2.345s] Level 1:colcon.colcon_core.shell:create_environment_hook('state_estimation', 'pythonpath')
[2.346s] INFO:colcon.colcon_core.shell:Creating environment hook '/home/schni2zle/colcon_ws/src/install/state_estimation/share/state_estimation/hook/pythonpath.ps1'
[2.347s] INFO:colcon.colcon_core.shell:Creating environment descriptor '/home/schni2zle/colcon_ws/src/install/state_estimation/share/state_estimation/hook/pythonpath.dsv'
[2.348s] INFO:colcon.colcon_core.shell:Creating environment hook '/home/schni2zle/colcon_ws/src/install/state_estimation/share/state_estimation/hook/pythonpath.sh'
[2.350s] Level 1:colcon.colcon_core.environment:checking '/home/schni2zle/colcon_ws/src/install/state_estimation/bin'
[2.350s] Level 1:colcon.colcon_core.environment:create_environment_scripts_only(state_estimation)
[2.351s] INFO:colcon.colcon_core.shell:Creating package script '/home/schni2zle/colcon_ws/src/install/state_estimation/share/state_estimation/package.ps1'
[2.354s] INFO:colcon.colcon_core.shell:Creating package descriptor '/home/schni2zle/colcon_ws/src/install/state_estimation/share/state_estimation/package.dsv'
[2.356s] INFO:colcon.colcon_core.shell:Creating package script '/home/schni2zle/colcon_ws/src/install/state_estimation/share/state_estimation/package.sh'
[2.359s] INFO:colcon.colcon_core.shell:Creating package script '/home/schni2zle/colcon_ws/src/install/state_estimation/share/state_estimation/package.bash'
[2.361s] INFO:colcon.colcon_core.shell:Creating package script '/home/schni2zle/colcon_ws/src/install/state_estimation/share/state_estimation/package.zsh'
[2.363s] Level 1:colcon.colcon_core.environment:create_file_with_runtime_dependencies(/home/schni2zle/colcon_ws/src/install/state_estimation/share/colcon-core/packages/state_estimation)
[2.364s] DEBUG:colcon.colcon_parallel_executor.executor.parallel:closing loop
[2.364s] DEBUG:colcon.colcon_parallel_executor.executor.parallel:loop closed
[2.365s] DEBUG:colcon.colcon_parallel_executor.executor.parallel:run_until_complete finished with '0'
[2.365s] DEBUG:colcon.colcon_core.event_reactor:joining thread
[2.383s] INFO:colcon.colcon_core.plugin_system:Skipping extension 'colcon_notification.desktop_notification.terminal_notifier': Not used on non-Darwin systems
[2.384s] INFO:colcon.colcon_core.plugin_system:Skipping extension 'colcon_notification.desktop_notification.win32': Not used on non-Windows systems
[2.384s] INFO:colcon.colcon_notification.desktop_notification:Sending desktop notification using 'notify2'
[2.414s] DEBUG:colcon.colcon_core.event_reactor:joined thread
[2.415s] INFO:colcon.colcon_core.shell:Creating prefix script '/home/schni2zle/colcon_ws/src/install/local_setup.ps1'
[2.418s] INFO:colcon.colcon_core.shell:Creating prefix util module '/home/schni2zle/colcon_ws/src/install/_local_setup_util_ps1.py'
[2.422s] INFO:colcon.colcon_core.shell:Creating prefix chain script '/home/schni2zle/colcon_ws/src/install/setup.ps1'
[2.433s] INFO:colcon.colcon_core.shell:Creating prefix script '/home/schni2zle/colcon_ws/src/install/local_setup.sh'
[2.435s] INFO:colcon.colcon_core.shell:Creating prefix util module '/home/schni2zle/colcon_ws/src/install/_local_setup_util_sh.py'
[2.436s] INFO:colcon.colcon_core.shell:Creating prefix chain script '/home/schni2zle/colcon_ws/src/install/setup.sh'
[2.445s] INFO:colcon.colcon_core.shell:Creating prefix script '/home/schni2zle/colcon_ws/src/install/local_setup.bash'
[2.445s] INFO:colcon.colcon_core.shell:Creating prefix chain script '/home/schni2zle/colcon_ws/src/install/setup.bash'
[2.449s] INFO:colcon.colcon_core.shell:Creating prefix script '/home/schni2zle/colcon_ws/src/install/local_setup.zsh'
[2.450s] INFO:colcon.colcon_core.shell:Creating prefix chain script '/home/schni2zle/colcon_ws/src/install/setup.zsh'
