[1.051s] Invoking command in '/home/schni2zle/colcon_ws/src/build/sam_graph_slam_2_msgs': CMAKE_PREFIX_PATH=${CMAKE_PREFIX_PATH}:/home/schni2zle/colcon_ws/src/install/workshopfun:/home/schni2zle/colcon_ws/src/install/utm_latlon_converter:/home/schni2zle/colcon_ws/src/install/test_package:/home/schni2zle/colcon_ws/src/install/state_estimation:/home/schni2zle/colcon_ws/src/install/smarc_nodered:/home/schni2zle/colcon_ws/src/install/smarc_bt:/home/schni2zle/colcon_ws/src/install/smarc_bringups:/home/schni2zle/colcon_ws/src/install/sam_dead_reckoning:/home/schni2zle/colcon_ws/src/install/ros_tcp_endpoint:/home/schni2zle/colcon_ws/src/install/ros2_python_examples:/home/schni2zle/colcon_ws/src/install/quadrotor_basic_controller:/home/schni2zle/colcon_ws/src/install/mqtt_bridge:/home/schni2zle/colcon_ws/src/install/dubins_planner:/home/schni2zle/colcon_ws/src/install/dive_control:/home/schni2zle/colcon_ws/src/install/basic_go_to_waypoint:/home/schni2zle/colcon_ws/src/install/basic_depth_pitch_control:/home/schni2zle/colcon_ws/install/workshopfun:/home/schni2zle/colcon_ws/install/utm_latlon_converter:/home/schni2zle/colcon_ws/install/smarc_nodered:/home/schni2zle/colcon_ws/install/smarc_bt:/home/schni2zle/colcon_ws/install/smarc_bringups:/home/schni2zle/colcon_ws/install/sam_dead_reckoning:/home/schni2zle/colcon_ws/install/ros_tcp_endpoint:/home/schni2zle/colcon_ws/install/ros2_python_examples:/home/schni2zle/colcon_ws/install/mqtt_bridge:/home/schni2zle/colcon_ws/install/dubins_planner:/home/schni2zle/colcon_ws/install/basic_go_to_waypoint:/opt/ros/humble /usr/bin/cmake --build /home/schni2zle/colcon_ws/src/build/sam_graph_slam_2_msgs -- -j8 -l8
[1.238s] [  3%] Built target sam_graph_slam_2_msgs__cpp
[1.243s] [ 12%] Built target sam_graph_slam_2_msgs__rosidl_generator_c
[1.273s] [ 12%] Built target ament_cmake_python_copy_sam_graph_slam_2_msgs
[1.352s] [ 22%] Built target sam_graph_slam_2_msgs__rosidl_typesupport_cpp
[1.362s] [ 32%] Built target sam_graph_slam_2_msgs__rosidl_typesupport_fastrtps_cpp
[1.368s] [ 41%] Built target sam_graph_slam_2_msgs__rosidl_typesupport_introspection_cpp
[1.378s] [ 51%] Built target sam_graph_slam_2_msgs__rosidl_typesupport_introspection_c
[1.394s] [ 61%] Built target sam_graph_slam_2_msgs__rosidl_typesupport_c
[1.399s] [ 70%] Built target sam_graph_slam_2_msgs__rosidl_typesupport_fastrtps_c
[1.468s] [ 70%] Built target sam_graph_slam_2_msgs
[1.542s] [ 74%] Built target sam_graph_slam_2_msgs__py
[1.634s] [ 80%] Built target sam_graph_slam_2_msgs__rosidl_generator_py
[1.747s] [ 87%] Built target sam_graph_slam_2_msgs__rosidl_typesupport_introspection_c__pyext
[1.748s] [ 93%] Built target sam_graph_slam_2_msgs__rosidl_typesupport_c__pyext
[1.794s] [100%] Built target sam_graph_slam_2_msgs__rosidl_typesupport_fastrtps_c__pyext
[2.425s] running egg_info
[2.427s] writing sam_graph_slam_2_msgs.egg-info/PKG-INFO
[2.428s] writing dependency_links to sam_graph_slam_2_msgs.egg-info/dependency_links.txt
[2.428s] writing top-level names to sam_graph_slam_2_msgs.egg-info/top_level.txt
[2.435s] reading manifest file 'sam_graph_slam_2_msgs.egg-info/SOURCES.txt'
[2.437s] writing manifest file 'sam_graph_slam_2_msgs.egg-info/SOURCES.txt'
[2.515s] [100%] Built target ament_cmake_python_build_sam_graph_slam_2_msgs_egg
[3.336s] Invoked command in '/home/schni2zle/colcon_ws/src/build/sam_graph_slam_2_msgs' returned '0': CMAKE_PREFIX_PATH=${CMAKE_PREFIX_PATH}:/home/schni2zle/colcon_ws/src/install/workshopfun:/home/schni2zle/colcon_ws/src/install/utm_latlon_converter:/home/schni2zle/colcon_ws/src/install/test_package:/home/schni2zle/colcon_ws/src/install/state_estimation:/home/schni2zle/colcon_ws/src/install/smarc_nodered:/home/schni2zle/colcon_ws/src/install/smarc_bt:/home/schni2zle/colcon_ws/src/install/smarc_bringups:/home/schni2zle/colcon_ws/src/install/sam_dead_reckoning:/home/schni2zle/colcon_ws/src/install/ros_tcp_endpoint:/home/schni2zle/colcon_ws/src/install/ros2_python_examples:/home/schni2zle/colcon_ws/src/install/quadrotor_basic_controller:/home/schni2zle/colcon_ws/src/install/mqtt_bridge:/home/schni2zle/colcon_ws/src/install/dubins_planner:/home/schni2zle/colcon_ws/src/install/dive_control:/home/schni2zle/colcon_ws/src/install/basic_go_to_waypoint:/home/schni2zle/colcon_ws/src/install/basic_depth_pitch_control:/home/schni2zle/colcon_ws/install/workshopfun:/home/schni2zle/colcon_ws/install/utm_latlon_converter:/home/schni2zle/colcon_ws/install/smarc_nodered:/home/schni2zle/colcon_ws/install/smarc_bt:/home/schni2zle/colcon_ws/install/smarc_bringups:/home/schni2zle/colcon_ws/install/sam_dead_reckoning:/home/schni2zle/colcon_ws/install/ros_tcp_endpoint:/home/schni2zle/colcon_ws/install/ros2_python_examples:/home/schni2zle/colcon_ws/install/mqtt_bridge:/home/schni2zle/colcon_ws/install/dubins_planner:/home/schni2zle/colcon_ws/install/basic_go_to_waypoint:/opt/ros/humble /usr/bin/cmake --build /home/schni2zle/colcon_ws/src/build/sam_graph_slam_2_msgs -- -j8 -l8
[3.792s] Invoking command in '/home/schni2zle/colcon_ws/src/build/sam_graph_slam_2_msgs': CMAKE_PREFIX_PATH=${CMAKE_PREFIX_PATH}:/home/schni2zle/colcon_ws/src/install/workshopfun:/home/schni2zle/colcon_ws/src/install/utm_latlon_converter:/home/schni2zle/colcon_ws/src/install/test_package:/home/schni2zle/colcon_ws/src/install/state_estimation:/home/schni2zle/colcon_ws/src/install/smarc_nodered:/home/schni2zle/colcon_ws/src/install/smarc_bt:/home/schni2zle/colcon_ws/src/install/smarc_bringups:/home/schni2zle/colcon_ws/src/install/sam_dead_reckoning:/home/schni2zle/colcon_ws/src/install/ros_tcp_endpoint:/home/schni2zle/colcon_ws/src/install/ros2_python_examples:/home/schni2zle/colcon_ws/src/install/quadrotor_basic_controller:/home/schni2zle/colcon_ws/src/install/mqtt_bridge:/home/schni2zle/colcon_ws/src/install/dubins_planner:/home/schni2zle/colcon_ws/src/install/dive_control:/home/schni2zle/colcon_ws/src/install/basic_go_to_waypoint:/home/schni2zle/colcon_ws/src/install/basic_depth_pitch_control:/home/schni2zle/colcon_ws/install/workshopfun:/home/schni2zle/colcon_ws/install/utm_latlon_converter:/home/schni2zle/colcon_ws/install/smarc_nodered:/home/schni2zle/colcon_ws/install/smarc_bt:/home/schni2zle/colcon_ws/install/smarc_bringups:/home/schni2zle/colcon_ws/install/sam_dead_reckoning:/home/schni2zle/colcon_ws/install/ros_tcp_endpoint:/home/schni2zle/colcon_ws/install/ros2_python_examples:/home/schni2zle/colcon_ws/install/mqtt_bridge:/home/schni2zle/colcon_ws/install/dubins_planner:/home/schni2zle/colcon_ws/install/basic_go_to_waypoint:/opt/ros/humble /usr/bin/cmake --install /home/schni2zle/colcon_ws/src/build/sam_graph_slam_2_msgs
[3.849s] -- Install configuration: ""
[3.850s] -- Up-to-date: /home/schni2zle/colcon_ws/src/install/sam_graph_slam_2_msgs/share/ament_index/resource_index/rosidl_interfaces/sam_graph_slam_2_msgs
[3.856s] -- Up-to-date: /home/schni2zle/colcon_ws/src/install/sam_graph_slam_2_msgs/include/sam_graph_slam_2_msgs/sam_graph_slam_2_msgs
[3.856s] -- Up-to-date: /home/schni2zle/colcon_ws/src/install/sam_graph_slam_2_msgs/include/sam_graph_slam_2_msgs/sam_graph_slam_2_msgs/msg
[3.857s] -- Up-to-date: /home/schni2zle/colcon_ws/src/install/sam_graph_slam_2_msgs/include/sam_graph_slam_2_msgs/sam_graph_slam_2_msgs/msg/rosidl_generator_c__visibility_control.h
[3.857s] -- Up-to-date: /home/schni2zle/colcon_ws/src/install/sam_graph_slam_2_msgs/include/sam_graph_slam_2_msgs/sam_graph_slam_2_msgs/msg/detail
[3.857s] -- Up-to-date: /home/schni2zle/colcon_ws/src/install/sam_graph_slam_2_msgs/include/sam_graph_slam_2_msgs/sam_graph_slam_2_msgs/msg/detail/topics__struct.h
[3.857s] -- Up-to-date: /home/schni2zle/colcon_ws/src/install/sam_graph_slam_2_msgs/include/sam_graph_slam_2_msgs/sam_graph_slam_2_msgs/msg/detail/topics__type_support.h
[3.857s] -- Up-to-date: /home/schni2zle/colcon_ws/src/install/sam_graph_slam_2_msgs/include/sam_graph_slam_2_msgs/sam_graph_slam_2_msgs/msg/detail/topics__functions.h
[3.858s] -- Up-to-date: /home/schni2zle/colcon_ws/src/install/sam_graph_slam_2_msgs/include/sam_graph_slam_2_msgs/sam_graph_slam_2_msgs/msg/detail/topics__functions.c
[3.858s] -- Up-to-date: /home/schni2zle/colcon_ws/src/install/sam_graph_slam_2_msgs/include/sam_graph_slam_2_msgs/sam_graph_slam_2_msgs/msg/topics.h
[3.859s] -- Up-to-date: /home/schni2zle/colcon_ws/src/install/sam_graph_slam_2_msgs/share/sam_graph_slam_2_msgs/environment/library_path.sh
[3.859s] -- Up-to-date: /home/schni2zle/colcon_ws/src/install/sam_graph_slam_2_msgs/share/sam_graph_slam_2_msgs/environment/library_path.dsv
[3.859s] -- Up-to-date: /home/schni2zle/colcon_ws/src/install/sam_graph_slam_2_msgs/lib/libsam_graph_slam_2_msgs__rosidl_generator_c.so
[3.864s] -- Up-to-date: /home/schni2zle/colcon_ws/src/install/sam_graph_slam_2_msgs/include/sam_graph_slam_2_msgs/sam_graph_slam_2_msgs
[3.864s] -- Up-to-date: /home/schni2zle/colcon_ws/src/install/sam_graph_slam_2_msgs/include/sam_graph_slam_2_msgs/sam_graph_slam_2_msgs/msg
[3.865s] -- Up-to-date: /home/schni2zle/colcon_ws/src/install/sam_graph_slam_2_msgs/include/sam_graph_slam_2_msgs/sam_graph_slam_2_msgs/msg/rosidl_typesupport_fastrtps_c__visibility_control.h
[3.865s] -- Up-to-date: /home/schni2zle/colcon_ws/src/install/sam_graph_slam_2_msgs/include/sam_graph_slam_2_msgs/sam_graph_slam_2_msgs/msg/detail
[3.865s] -- Up-to-date: /home/schni2zle/colcon_ws/src/install/sam_graph_slam_2_msgs/include/sam_graph_slam_2_msgs/sam_graph_slam_2_msgs/msg/detail/topics__rosidl_typesupport_fastrtps_c.h
[3.867s] -- Up-to-date: /home/schni2zle/colcon_ws/src/install/sam_graph_slam_2_msgs/lib/libsam_graph_slam_2_msgs__rosidl_typesupport_fastrtps_c.so
[3.868s] -- Up-to-date: /home/schni2zle/colcon_ws/src/install/sam_graph_slam_2_msgs/include/sam_graph_slam_2_msgs/sam_graph_slam_2_msgs
[3.868s] -- Up-to-date: /home/schni2zle/colcon_ws/src/install/sam_graph_slam_2_msgs/include/sam_graph_slam_2_msgs/sam_graph_slam_2_msgs/msg
[3.873s] -- Up-to-date: /home/schni2zle/colcon_ws/src/install/sam_graph_slam_2_msgs/include/sam_graph_slam_2_msgs/sam_graph_slam_2_msgs/msg/rosidl_typesupport_introspection_c__visibility_control.h
[3.874s] -- Up-to-date: /home/schni2zle/colcon_ws/src/install/sam_graph_slam_2_msgs/include/sam_graph_slam_2_msgs/sam_graph_slam_2_msgs/msg/detail
[3.874s] -- Up-to-date: /home/schni2zle/colcon_ws/src/install/sam_graph_slam_2_msgs/include/sam_graph_slam_2_msgs/sam_graph_slam_2_msgs/msg/detail/topics__type_support.c
[3.874s] -- Up-to-date: /home/schni2zle/colcon_ws/src/install/sam_graph_slam_2_msgs/include/sam_graph_slam_2_msgs/sam_graph_slam_2_msgs/msg/detail/topics__rosidl_typesupport_introspection_c.h
[3.875s] -- Up-to-date: /home/schni2zle/colcon_ws/src/install/sam_graph_slam_2_msgs/lib/libsam_graph_slam_2_msgs__rosidl_typesupport_introspection_c.so
[3.879s] -- Up-to-date: /home/schni2zle/colcon_ws/src/install/sam_graph_slam_2_msgs/lib/libsam_graph_slam_2_msgs__rosidl_typesupport_c.so
[3.879s] -- Up-to-date: /home/schni2zle/colcon_ws/src/install/sam_graph_slam_2_msgs/include/sam_graph_slam_2_msgs/sam_graph_slam_2_msgs
[3.880s] -- Up-to-date: /home/schni2zle/colcon_ws/src/install/sam_graph_slam_2_msgs/include/sam_graph_slam_2_msgs/sam_graph_slam_2_msgs/msg
[3.880s] -- Up-to-date: /home/schni2zle/colcon_ws/src/install/sam_graph_slam_2_msgs/include/sam_graph_slam_2_msgs/sam_graph_slam_2_msgs/msg/detail
[3.883s] -- Up-to-date: /home/schni2zle/colcon_ws/src/install/sam_graph_slam_2_msgs/include/sam_graph_slam_2_msgs/sam_graph_slam_2_msgs/msg/detail/topics__struct.hpp
[3.884s] -- Up-to-date: /home/schni2zle/colcon_ws/src/install/sam_graph_slam_2_msgs/include/sam_graph_slam_2_msgs/sam_graph_slam_2_msgs/msg/detail/topics__traits.hpp
[3.884s] -- Up-to-date: /home/schni2zle/colcon_ws/src/install/sam_graph_slam_2_msgs/include/sam_graph_slam_2_msgs/sam_graph_slam_2_msgs/msg/detail/topics__builder.hpp
[3.884s] -- Up-to-date: /home/schni2zle/colcon_ws/src/install/sam_graph_slam_2_msgs/include/sam_graph_slam_2_msgs/sam_graph_slam_2_msgs/msg/topics.hpp
[3.884s] -- Up-to-date: /home/schni2zle/colcon_ws/src/install/sam_graph_slam_2_msgs/include/sam_graph_slam_2_msgs/sam_graph_slam_2_msgs
[3.885s] -- Up-to-date: /home/schni2zle/colcon_ws/src/install/sam_graph_slam_2_msgs/include/sam_graph_slam_2_msgs/sam_graph_slam_2_msgs/msg
[3.885s] -- Up-to-date: /home/schni2zle/colcon_ws/src/install/sam_graph_slam_2_msgs/include/sam_graph_slam_2_msgs/sam_graph_slam_2_msgs/msg/rosidl_typesupport_fastrtps_cpp__visibility_control.h
[3.885s] -- Up-to-date: /home/schni2zle/colcon_ws/src/install/sam_graph_slam_2_msgs/include/sam_graph_slam_2_msgs/sam_graph_slam_2_msgs/msg/detail
[3.886s] -- Up-to-date: /home/schni2zle/colcon_ws/src/install/sam_graph_slam_2_msgs/include/sam_graph_slam_2_msgs/sam_graph_slam_2_msgs/msg/detail/topics__rosidl_typesupport_fastrtps_cpp.hpp
[3.886s] -- Up-to-date: /home/schni2zle/colcon_ws/src/install/sam_graph_slam_2_msgs/include/sam_graph_slam_2_msgs/sam_graph_slam_2_msgs/msg/detail/dds_fastrtps
[3.886s] -- Up-to-date: /home/schni2zle/colcon_ws/src/install/sam_graph_slam_2_msgs/lib/libsam_graph_slam_2_msgs__rosidl_typesupport_fastrtps_cpp.so
[3.891s] -- Up-to-date: /home/schni2zle/colcon_ws/src/install/sam_graph_slam_2_msgs/include/sam_graph_slam_2_msgs/sam_graph_slam_2_msgs
[3.892s] -- Up-to-date: /home/schni2zle/colcon_ws/src/install/sam_graph_slam_2_msgs/include/sam_graph_slam_2_msgs/sam_graph_slam_2_msgs/msg
[3.892s] -- Up-to-date: /home/schni2zle/colcon_ws/src/install/sam_graph_slam_2_msgs/include/sam_graph_slam_2_msgs/sam_graph_slam_2_msgs/msg/detail
[3.892s] -- Up-to-date: /home/schni2zle/colcon_ws/src/install/sam_graph_slam_2_msgs/include/sam_graph_slam_2_msgs/sam_graph_slam_2_msgs/msg/detail/topics__type_support.cpp
[3.892s] -- Up-to-date: /home/schni2zle/colcon_ws/src/install/sam_graph_slam_2_msgs/include/sam_graph_slam_2_msgs/sam_graph_slam_2_msgs/msg/detail/topics__rosidl_typesupport_introspection_cpp.hpp
[3.893s] -- Up-to-date: /home/schni2zle/colcon_ws/src/install/sam_graph_slam_2_msgs/lib/libsam_graph_slam_2_msgs__rosidl_typesupport_introspection_cpp.so
[3.898s] -- Up-to-date: /home/schni2zle/colcon_ws/src/install/sam_graph_slam_2_msgs/lib/libsam_graph_slam_2_msgs__rosidl_typesupport_cpp.so
[3.899s] -- Up-to-date: /home/schni2zle/colcon_ws/src/install/sam_graph_slam_2_msgs/share/sam_graph_slam_2_msgs/environment/pythonpath.sh
[3.899s] -- Up-to-date: /home/schni2zle/colcon_ws/src/install/sam_graph_slam_2_msgs/share/sam_graph_slam_2_msgs/environment/pythonpath.dsv
[3.899s] -- Up-to-date: /home/schni2zle/colcon_ws/src/install/sam_graph_slam_2_msgs/local/lib/python3.10/dist-packages/sam_graph_slam_2_msgs-0.0.0-py3.10.egg-info
[3.900s] -- Installing: /home/schni2zle/colcon_ws/src/install/sam_graph_slam_2_msgs/local/lib/python3.10/dist-packages/sam_graph_slam_2_msgs-0.0.0-py3.10.egg-info/PKG-INFO
[3.900s] -- Installing: /home/schni2zle/colcon_ws/src/install/sam_graph_slam_2_msgs/local/lib/python3.10/dist-packages/sam_graph_slam_2_msgs-0.0.0-py3.10.egg-info/SOURCES.txt
[3.908s] -- Installing: /home/schni2zle/colcon_ws/src/install/sam_graph_slam_2_msgs/local/lib/python3.10/dist-packages/sam_graph_slam_2_msgs-0.0.0-py3.10.egg-info/top_level.txt
[3.911s] -- Installing: /home/schni2zle/colcon_ws/src/install/sam_graph_slam_2_msgs/local/lib/python3.10/dist-packages/sam_graph_slam_2_msgs-0.0.0-py3.10.egg-info/dependency_links.txt
[3.917s] -- Up-to-date: /home/schni2zle/colcon_ws/src/install/sam_graph_slam_2_msgs/local/lib/python3.10/dist-packages/sam_graph_slam_2_msgs
[3.917s] -- Up-to-date: /home/schni2zle/colcon_ws/src/install/sam_graph_slam_2_msgs/local/lib/python3.10/dist-packages/sam_graph_slam_2_msgs/libsam_graph_slam_2_msgs__rosidl_generator_py.so
[3.917s] -- Up-to-date: /home/schni2zle/colcon_ws/src/install/sam_graph_slam_2_msgs/local/lib/python3.10/dist-packages/sam_graph_slam_2_msgs/msg
[3.918s] -- Up-to-date: /home/schni2zle/colcon_ws/src/install/sam_graph_slam_2_msgs/local/lib/python3.10/dist-packages/sam_graph_slam_2_msgs/msg/_topics_s.c
[3.922s] -- Up-to-date: /home/schni2zle/colcon_ws/src/install/sam_graph_slam_2_msgs/local/lib/python3.10/dist-packages/sam_graph_slam_2_msgs/msg/_topics.py
[3.923s] -- Up-to-date: /home/schni2zle/colcon_ws/src/install/sam_graph_slam_2_msgs/local/lib/python3.10/dist-packages/sam_graph_slam_2_msgs/msg/__init__.py
[3.923s] -- Up-to-date: /home/schni2zle/colcon_ws/src/install/sam_graph_slam_2_msgs/local/lib/python3.10/dist-packages/sam_graph_slam_2_msgs/sam_graph_slam_2_msgs_s__rosidl_typesupport_fastrtps_c.cpython-310-x86_64-linux-gnu.so
[3.923s] -- Up-to-date: /home/schni2zle/colcon_ws/src/install/sam_graph_slam_2_msgs/local/lib/python3.10/dist-packages/sam_graph_slam_2_msgs/_sam_graph_slam_2_msgs_s.ep.rosidl_typesupport_fastrtps_c.c
[3.923s] -- Up-to-date: /home/schni2zle/colcon_ws/src/install/sam_graph_slam_2_msgs/local/lib/python3.10/dist-packages/sam_graph_slam_2_msgs/sam_graph_slam_2_msgs_s__rosidl_typesupport_introspection_c.cpython-310-x86_64-linux-gnu.so
[3.923s] -- Up-to-date: /home/schni2zle/colcon_ws/src/install/sam_graph_slam_2_msgs/local/lib/python3.10/dist-packages/sam_graph_slam_2_msgs/_sam_graph_slam_2_msgs_s.ep.rosidl_typesupport_c.c
[3.924s] -- Up-to-date: /home/schni2zle/colcon_ws/src/install/sam_graph_slam_2_msgs/local/lib/python3.10/dist-packages/sam_graph_slam_2_msgs/__init__.py
[3.924s] -- Up-to-date: /home/schni2zle/colcon_ws/src/install/sam_graph_slam_2_msgs/local/lib/python3.10/dist-packages/sam_graph_slam_2_msgs/_sam_graph_slam_2_msgs_s.ep.rosidl_typesupport_introspection_c.c
[3.924s] -- Up-to-date: /home/schni2zle/colcon_ws/src/install/sam_graph_slam_2_msgs/local/lib/python3.10/dist-packages/sam_graph_slam_2_msgs/sam_graph_slam_2_msgs_s__rosidl_typesupport_c.cpython-310-x86_64-linux-gnu.so
[4.171s] Listing '/home/schni2zle/colcon_ws/src/install/sam_graph_slam_2_msgs/local/lib/python3.10/dist-packages/sam_graph_slam_2_msgs'...
[4.171s] Listing '/home/schni2zle/colcon_ws/src/install/sam_graph_slam_2_msgs/local/lib/python3.10/dist-packages/sam_graph_slam_2_msgs/msg'...
[4.194s] -- Up-to-date: /home/schni2zle/colcon_ws/src/install/sam_graph_slam_2_msgs/local/lib/python3.10/dist-packages/sam_graph_slam_2_msgs/sam_graph_slam_2_msgs_s__rosidl_typesupport_fastrtps_c.cpython-310-x86_64-linux-gnu.so
[4.195s] -- Up-to-date: /home/schni2zle/colcon_ws/src/install/sam_graph_slam_2_msgs/local/lib/python3.10/dist-packages/sam_graph_slam_2_msgs/sam_graph_slam_2_msgs_s__rosidl_typesupport_introspection_c.cpython-310-x86_64-linux-gnu.so
[4.195s] -- Up-to-date: /home/schni2zle/colcon_ws/src/install/sam_graph_slam_2_msgs/local/lib/python3.10/dist-packages/sam_graph_slam_2_msgs/sam_graph_slam_2_msgs_s__rosidl_typesupport_c.cpython-310-x86_64-linux-gnu.so
[4.200s] -- Up-to-date: /home/schni2zle/colcon_ws/src/install/sam_graph_slam_2_msgs/lib/libsam_graph_slam_2_msgs__rosidl_generator_py.so
[4.206s] -- Up-to-date: /home/schni2zle/colcon_ws/src/install/sam_graph_slam_2_msgs/share/sam_graph_slam_2_msgs/msg/Topics.idl
[4.206s] -- Up-to-date: /home/schni2zle/colcon_ws/src/install/sam_graph_slam_2_msgs/share/sam_graph_slam_2_msgs/msg/Topics.msg
[4.206s] -- Up-to-date: /home/schni2zle/colcon_ws/src/install/sam_graph_slam_2_msgs/share/ament_index/resource_index/package_run_dependencies/sam_graph_slam_2_msgs
[4.206s] -- Up-to-date: /home/schni2zle/colcon_ws/src/install/sam_graph_slam_2_msgs/share/ament_index/resource_index/parent_prefix_path/sam_graph_slam_2_msgs
[4.207s] -- Up-to-date: /home/schni2zle/colcon_ws/src/install/sam_graph_slam_2_msgs/share/sam_graph_slam_2_msgs/environment/ament_prefix_path.sh
[4.207s] -- Up-to-date: /home/schni2zle/colcon_ws/src/install/sam_graph_slam_2_msgs/share/sam_graph_slam_2_msgs/environment/ament_prefix_path.dsv
[4.207s] -- Up-to-date: /home/schni2zle/colcon_ws/src/install/sam_graph_slam_2_msgs/share/sam_graph_slam_2_msgs/environment/path.sh
[4.212s] -- Up-to-date: /home/schni2zle/colcon_ws/src/install/sam_graph_slam_2_msgs/share/sam_graph_slam_2_msgs/environment/path.dsv
[4.212s] -- Up-to-date: /home/schni2zle/colcon_ws/src/install/sam_graph_slam_2_msgs/share/sam_graph_slam_2_msgs/local_setup.bash
[4.213s] -- Up-to-date: /home/schni2zle/colcon_ws/src/install/sam_graph_slam_2_msgs/share/sam_graph_slam_2_msgs/local_setup.sh
[4.213s] -- Up-to-date: /home/schni2zle/colcon_ws/src/install/sam_graph_slam_2_msgs/share/sam_graph_slam_2_msgs/local_setup.zsh
[4.213s] -- Up-to-date: /home/schni2zle/colcon_ws/src/install/sam_graph_slam_2_msgs/share/sam_graph_slam_2_msgs/local_setup.dsv
[4.225s] -- Installing: /home/schni2zle/colcon_ws/src/install/sam_graph_slam_2_msgs/share/sam_graph_slam_2_msgs/package.dsv
[4.226s] -- Up-to-date: /home/schni2zle/colcon_ws/src/install/sam_graph_slam_2_msgs/share/ament_index/resource_index/packages/sam_graph_slam_2_msgs
[4.226s] -- Up-to-date: /home/schni2zle/colcon_ws/src/install/sam_graph_slam_2_msgs/share/sam_graph_slam_2_msgs/cmake/export_sam_graph_slam_2_msgs__rosidl_generator_cExport.cmake
[4.226s] -- Up-to-date: /home/schni2zle/colcon_ws/src/install/sam_graph_slam_2_msgs/share/sam_graph_slam_2_msgs/cmake/export_sam_graph_slam_2_msgs__rosidl_generator_cExport-noconfig.cmake
[4.226s] -- Up-to-date: /home/schni2zle/colcon_ws/src/install/sam_graph_slam_2_msgs/share/sam_graph_slam_2_msgs/cmake/export_sam_graph_slam_2_msgs__rosidl_typesupport_fastrtps_cExport.cmake
[4.227s] -- Up-to-date: /home/schni2zle/colcon_ws/src/install/sam_graph_slam_2_msgs/share/sam_graph_slam_2_msgs/cmake/export_sam_graph_slam_2_msgs__rosidl_typesupport_fastrtps_cExport-noconfig.cmake
[4.227s] -- Up-to-date: /home/schni2zle/colcon_ws/src/install/sam_graph_slam_2_msgs/share/sam_graph_slam_2_msgs/cmake/sam_graph_slam_2_msgs__rosidl_typesupport_introspection_cExport.cmake
[4.227s] -- Up-to-date: /home/schni2zle/colcon_ws/src/install/sam_graph_slam_2_msgs/share/sam_graph_slam_2_msgs/cmake/sam_graph_slam_2_msgs__rosidl_typesupport_introspection_cExport-noconfig.cmake
[4.227s] -- Up-to-date: /home/schni2zle/colcon_ws/src/install/sam_graph_slam_2_msgs/share/sam_graph_slam_2_msgs/cmake/sam_graph_slam_2_msgs__rosidl_typesupport_cExport.cmake
[4.228s] -- Up-to-date: /home/schni2zle/colcon_ws/src/install/sam_graph_slam_2_msgs/share/sam_graph_slam_2_msgs/cmake/sam_graph_slam_2_msgs__rosidl_typesupport_cExport-noconfig.cmake
[4.228s] -- Up-to-date: /home/schni2zle/colcon_ws/src/install/sam_graph_slam_2_msgs/share/sam_graph_slam_2_msgs/cmake/export_sam_graph_slam_2_msgs__rosidl_generator_cppExport.cmake
[4.228s] -- Up-to-date: /home/schni2zle/colcon_ws/src/install/sam_graph_slam_2_msgs/share/sam_graph_slam_2_msgs/cmake/export_sam_graph_slam_2_msgs__rosidl_typesupport_fastrtps_cppExport.cmake
[4.228s] -- Up-to-date: /home/schni2zle/colcon_ws/src/install/sam_graph_slam_2_msgs/share/sam_graph_slam_2_msgs/cmake/export_sam_graph_slam_2_msgs__rosidl_typesupport_fastrtps_cppExport-noconfig.cmake
[4.228s] -- Up-to-date: /home/schni2zle/colcon_ws/src/install/sam_graph_slam_2_msgs/share/sam_graph_slam_2_msgs/cmake/sam_graph_slam_2_msgs__rosidl_typesupport_introspection_cppExport.cmake
[4.247s] -- Up-to-date: /home/schni2zle/colcon_ws/src/install/sam_graph_slam_2_msgs/share/sam_graph_slam_2_msgs/cmake/sam_graph_slam_2_msgs__rosidl_typesupport_introspection_cppExport-noconfig.cmake
[4.248s] -- Up-to-date: /home/schni2zle/colcon_ws/src/install/sam_graph_slam_2_msgs/share/sam_graph_slam_2_msgs/cmake/sam_graph_slam_2_msgs__rosidl_typesupport_cppExport.cmake
[4.248s] -- Up-to-date: /home/schni2zle/colcon_ws/src/install/sam_graph_slam_2_msgs/share/sam_graph_slam_2_msgs/cmake/sam_graph_slam_2_msgs__rosidl_typesupport_cppExport-noconfig.cmake
[4.248s] -- Up-to-date: /home/schni2zle/colcon_ws/src/install/sam_graph_slam_2_msgs/share/sam_graph_slam_2_msgs/cmake/export_sam_graph_slam_2_msgs__rosidl_generator_pyExport.cmake
[4.248s] -- Up-to-date: /home/schni2zle/colcon_ws/src/install/sam_graph_slam_2_msgs/share/sam_graph_slam_2_msgs/cmake/export_sam_graph_slam_2_msgs__rosidl_generator_pyExport-noconfig.cmake
[4.249s] -- Up-to-date: /home/schni2zle/colcon_ws/src/install/sam_graph_slam_2_msgs/share/sam_graph_slam_2_msgs/cmake/rosidl_cmake-extras.cmake
[4.249s] -- Up-to-date: /home/schni2zle/colcon_ws/src/install/sam_graph_slam_2_msgs/share/sam_graph_slam_2_msgs/cmake/ament_cmake_export_dependencies-extras.cmake
[4.249s] -- Up-to-date: /home/schni2zle/colcon_ws/src/install/sam_graph_slam_2_msgs/share/sam_graph_slam_2_msgs/cmake/ament_cmake_export_include_directories-extras.cmake
[4.249s] -- Up-to-date: /home/schni2zle/colcon_ws/src/install/sam_graph_slam_2_msgs/share/sam_graph_slam_2_msgs/cmake/ament_cmake_export_libraries-extras.cmake
[4.249s] -- Up-to-date: /home/schni2zle/colcon_ws/src/install/sam_graph_slam_2_msgs/share/sam_graph_slam_2_msgs/cmake/ament_cmake_export_targets-extras.cmake
[4.250s] -- Up-to-date: /home/schni2zle/colcon_ws/src/install/sam_graph_slam_2_msgs/share/sam_graph_slam_2_msgs/cmake/rosidl_cmake_export_typesupport_targets-extras.cmake
[4.250s] -- Up-to-date: /home/schni2zle/colcon_ws/src/install/sam_graph_slam_2_msgs/share/sam_graph_slam_2_msgs/cmake/rosidl_cmake_export_typesupport_libraries-extras.cmake
[4.250s] -- Up-to-date: /home/schni2zle/colcon_ws/src/install/sam_graph_slam_2_msgs/share/sam_graph_slam_2_msgs/cmake/sam_graph_slam_2_msgsConfig.cmake
[4.250s] -- Up-to-date: /home/schni2zle/colcon_ws/src/install/sam_graph_slam_2_msgs/share/sam_graph_slam_2_msgs/cmake/sam_graph_slam_2_msgsConfig-version.cmake
[4.250s] -- Up-to-date: /home/schni2zle/colcon_ws/src/install/sam_graph_slam_2_msgs/share/sam_graph_slam_2_msgs/package.xml
[4.273s] Invoked command in '/home/schni2zle/colcon_ws/src/build/sam_graph_slam_2_msgs' returned '0': CMAKE_PREFIX_PATH=${CMAKE_PREFIX_PATH}:/home/schni2zle/colcon_ws/src/install/workshopfun:/home/schni2zle/colcon_ws/src/install/utm_latlon_converter:/home/schni2zle/colcon_ws/src/install/test_package:/home/schni2zle/colcon_ws/src/install/state_estimation:/home/schni2zle/colcon_ws/src/install/smarc_nodered:/home/schni2zle/colcon_ws/src/install/smarc_bt:/home/schni2zle/colcon_ws/src/install/smarc_bringups:/home/schni2zle/colcon_ws/src/install/sam_dead_reckoning:/home/schni2zle/colcon_ws/src/install/ros_tcp_endpoint:/home/schni2zle/colcon_ws/src/install/ros2_python_examples:/home/schni2zle/colcon_ws/src/install/quadrotor_basic_controller:/home/schni2zle/colcon_ws/src/install/mqtt_bridge:/home/schni2zle/colcon_ws/src/install/dubins_planner:/home/schni2zle/colcon_ws/src/install/dive_control:/home/schni2zle/colcon_ws/src/install/basic_go_to_waypoint:/home/schni2zle/colcon_ws/src/install/basic_depth_pitch_control:/home/schni2zle/colcon_ws/install/workshopfun:/home/schni2zle/colcon_ws/install/utm_latlon_converter:/home/schni2zle/colcon_ws/install/smarc_nodered:/home/schni2zle/colcon_ws/install/smarc_bt:/home/schni2zle/colcon_ws/install/smarc_bringups:/home/schni2zle/colcon_ws/install/sam_dead_reckoning:/home/schni2zle/colcon_ws/install/ros_tcp_endpoint:/home/schni2zle/colcon_ws/install/ros2_python_examples:/home/schni2zle/colcon_ws/install/mqtt_bridge:/home/schni2zle/colcon_ws/install/dubins_planner:/home/schni2zle/colcon_ws/install/basic_go_to_waypoint:/opt/ros/humble /usr/bin/cmake --install /home/schni2zle/colcon_ws/src/build/sam_graph_slam_2_msgs
