-- The C compiler identification is GNU 11.4.0
-- The CXX compiler identification is GNU 11.4.0
-- Detecting C compiler ABI info
-- Detecting C compiler ABI info - done
-- Check for working C compiler: /usr/bin/cc - skipped
-- Detecting C compile features
-- Detecting C compile features - done
-- Detecting CXX compiler ABI info
-- Detecting CXX compiler ABI info - done
-- Check for working CXX compiler: /usr/bin/c++ - skipped
-- Detecting CXX compile features
-- Detecting CXX compile features - done
-- Found ament_cmake_python: 1.3.10 (/opt/ros/humble/share/ament_cmake_python/cmake)
-- Found rclcpp: 16.0.10 (/opt/ros/humble/share/rclcpp/cmake)
-- Found Python3: /usr/bin/python3 (found version "3.10.12") found components: Interpreter 
-- Found rosidl_generator_c: 3.1.5 (/opt/ros/humble/share/rosidl_generator_c/cmake)
-- Found rosidl_adapter: 3.1.5 (/opt/ros/humble/share/rosidl_adapter/cmake)
-- Found rosidl_generator_cpp: 3.1.5 (/opt/ros/humble/share/rosidl_generator_cpp/cmake)
-- Using all available rosidl_typesupport_c: rosidl_typesupport_fastrtps_c;rosidl_typesupport_introspection_c
-- Using all available rosidl_typesupport_cpp: rosidl_typesupport_fastrtps_cpp;rosidl_typesupport_introspection_cpp
-- Found rmw_implementation_cmake: 6.1.2 (/opt/ros/humble/share/rmw_implementation_cmake/cmake)
-- Found rmw_fastrtps_cpp: 6.2.7 (/opt/ros/humble/share/rmw_fastrtps_cpp/cmake)
-- Found OpenSSL: /usr/lib/x86_64-linux-gnu/libcrypto.so (found version "3.0.2")  
-- Found FastRTPS: /opt/ros/humble/include  
-- Using RMW implementation 'rmw_fastrtps_cpp' as default
-- Looking for pthread.h
-- Looking for pthread.h - found
-- Performing Test CMAKE_HAVE_LIBC_PTHREAD
-- Performing Test CMAKE_HAVE_LIBC_PTHREAD - Success
-- Found Threads: TRUE  
-- Found rclpy: 3.3.14 (/opt/ros/humble/share/rclpy/cmake)
-- Found sam_msgs: 0.1.0 (/home/schni2zle/colcon_ws/src/install/sam_msgs/share/sam_msgs/cmake)
-- Configuring done
-- Generating done
-- Build files have been written to: /home/schni2zle/colcon_ws/src/build/sam_basic_controllers
[ 50%] [32mBuilding CXX object CMakeFiles/pid_actuator_trim.dir/src/pid_utils/pid_actuator_trim.cpp.o[0m
[100%] [32m[1mLinking CXX executable pid_actuator_trim[0m
[100%] Built target pid_actuator_trim
[100%] Built target ament_cmake_python_copy_sam_basic_controllers
running egg_info
creating sam_basic_controllers.egg-info
writing sam_basic_controllers.egg-info/PKG-INFO
writing dependency_links to sam_basic_controllers.egg-info/dependency_links.txt
writing top-level names to sam_basic_controllers.egg-info/top_level.txt
writing manifest file 'sam_basic_controllers.egg-info/SOURCES.txt'
reading manifest file 'sam_basic_controllers.egg-info/SOURCES.txt'
writing manifest file 'sam_basic_controllers.egg-info/SOURCES.txt'
[100%] Built target ament_cmake_python_build_sam_basic_controllers_egg
-- Install configuration: ""
-- Installing: /home/schni2zle/colcon_ws/src/install/sam_basic_controllers/lib/sam_basic_controllers/pid_actuator_trim
-- Set runtime path of "/home/schni2zle/colcon_ws/src/install/sam_basic_controllers/lib/sam_basic_controllers/pid_actuator_trim" to ""
-- Installing: /home/schni2zle/colcon_ws/src/install/sam_basic_controllers/share/sam_basic_controllers/environment/pythonpath.sh
-- Installing: /home/schni2zle/colcon_ws/src/install/sam_basic_controllers/share/sam_basic_controllers/environment/pythonpath.dsv
-- Installing: /home/schni2zle/colcon_ws/src/install/sam_basic_controllers/local/lib/python3.10/dist-packages/sam_basic_controllers-0.1.0-py3.10.egg-info
-- Installing: /home/schni2zle/colcon_ws/src/install/sam_basic_controllers/local/lib/python3.10/dist-packages/sam_basic_controllers-0.1.0-py3.10.egg-info/PKG-INFO
-- Installing: /home/schni2zle/colcon_ws/src/install/sam_basic_controllers/local/lib/python3.10/dist-packages/sam_basic_controllers-0.1.0-py3.10.egg-info/SOURCES.txt
-- Installing: /home/schni2zle/colcon_ws/src/install/sam_basic_controllers/local/lib/python3.10/dist-packages/sam_basic_controllers-0.1.0-py3.10.egg-info/top_level.txt
-- Installing: /home/schni2zle/colcon_ws/src/install/sam_basic_controllers/local/lib/python3.10/dist-packages/sam_basic_controllers-0.1.0-py3.10.egg-info/dependency_links.txt
-- Installing: /home/schni2zle/colcon_ws/src/install/sam_basic_controllers/local/lib/python3.10/dist-packages/sam_basic_controllers
-- Installing: /home/schni2zle/colcon_ws/src/install/sam_basic_controllers/local/lib/python3.10/dist-packages/sam_basic_controllers/depth_lookahead_node.py
-- Installing: /home/schni2zle/colcon_ws/src/install/sam_basic_controllers/local/lib/python3.10/dist-packages/sam_basic_controllers/__init__.py
-- Installing: /home/schni2zle/colcon_ws/src/install/sam_basic_controllers/local/lib/python3.10/dist-packages/sam_basic_controllers/thruster_ctrl_node.py
Listing '/home/schni2zle/colcon_ws/src/install/sam_basic_controllers/local/lib/python3.10/dist-packages/sam_basic_controllers'...
Compiling '/home/schni2zle/colcon_ws/src/install/sam_basic_controllers/local/lib/python3.10/dist-packages/sam_basic_controllers/__init__.py'...
Compiling '/home/schni2zle/colcon_ws/src/install/sam_basic_controllers/local/lib/python3.10/dist-packages/sam_basic_controllers/depth_lookahead_node.py'...
Compiling '/home/schni2zle/colcon_ws/src/install/sam_basic_controllers/local/lib/python3.10/dist-packages/sam_basic_controllers/thruster_ctrl_node.py'...
-- Installing: /home/schni2zle/colcon_ws/src/install/sam_basic_controllers/lib/sam_basic_controllers/depth_lookahead_node.py
-- Installing: /home/schni2zle/colcon_ws/src/install/sam_basic_controllers/lib/sam_basic_controllers/thruster_ctrl_node.py
-- Installing: /home/schni2zle/colcon_ws/src/install/sam_basic_controllers/share/sam_basic_controllers/launch/
-- Installing: /home/schni2zle/colcon_ws/src/install/sam_basic_controllers/share/sam_basic_controllers/launch//.DS_Store
-- Installing: /home/schni2zle/colcon_ws/src/install/sam_basic_controllers/share/sam_basic_controllers/launch//sam_control.launch
-- Installing: /home/schni2zle/colcon_ws/src/install/sam_basic_controllers/share/ament_index/resource_index/package_run_dependencies/sam_basic_controllers
-- Installing: /home/schni2zle/colcon_ws/src/install/sam_basic_controllers/share/ament_index/resource_index/parent_prefix_path/sam_basic_controllers
-- Installing: /home/schni2zle/colcon_ws/src/install/sam_basic_controllers/share/sam_basic_controllers/environment/ament_prefix_path.sh
-- Installing: /home/schni2zle/colcon_ws/src/install/sam_basic_controllers/share/sam_basic_controllers/environment/ament_prefix_path.dsv
-- Installing: /home/schni2zle/colcon_ws/src/install/sam_basic_controllers/share/sam_basic_controllers/environment/path.sh
-- Installing: /home/schni2zle/colcon_ws/src/install/sam_basic_controllers/share/sam_basic_controllers/environment/path.dsv
-- Installing: /home/schni2zle/colcon_ws/src/install/sam_basic_controllers/share/sam_basic_controllers/local_setup.bash
-- Installing: /home/schni2zle/colcon_ws/src/install/sam_basic_controllers/share/sam_basic_controllers/local_setup.sh
-- Installing: /home/schni2zle/colcon_ws/src/install/sam_basic_controllers/share/sam_basic_controllers/local_setup.zsh
-- Installing: /home/schni2zle/colcon_ws/src/install/sam_basic_controllers/share/sam_basic_controllers/local_setup.dsv
-- Installing: /home/schni2zle/colcon_ws/src/install/sam_basic_controllers/share/sam_basic_controllers/package.dsv
-- Installing: /home/schni2zle/colcon_ws/src/install/sam_basic_controllers/share/ament_index/resource_index/packages/sam_basic_controllers
-- Installing: /home/schni2zle/colcon_ws/src/install/sam_basic_controllers/share/sam_basic_controllers/cmake/sam_basic_controllersConfig.cmake
-- Installing: /home/schni2zle/colcon_ws/src/install/sam_basic_controllers/share/sam_basic_controllers/cmake/sam_basic_controllersConfig-version.cmake
-- Installing: /home/schni2zle/colcon_ws/src/install/sam_basic_controllers/share/sam_basic_controllers/package.xml
