[0.030s] Invoking command in '/home/schni2zle/colcon_ws/src/build/sam_basic_controllers': AMENT_PREFIX_PATH=/home/schni2zle/colcon_ws/src/install/sam_msgs:${AMENT_PREFIX_PATH} CMAKE_PREFIX_PATH=/home/schni2zle/colcon_ws/src/install/sam_msgs:/home/schni2zle/colcon_ws/install/tf_convenience_topics:/home/schni2zle/colcon_ws/install/smarc_msgs:/home/schni2zle/colcon_ws/install/smarc_mission_msgs:/home/schni2zle/colcon_ws/install/sam_basic_controllers:/home/schni2zle/colcon_ws/install/sam_msgs:/home/schni2zle/colcon_ws/install/sam_graph_slam_2_msgs:/home/schni2zle/colcon_ws/install/sam_description:/home/schni2zle/colcon_ws/install/dead_reckoning_msgs:/home/schni2zle/colcon_ws/src/install/state_estimation:/home/schni2zle/colcon_ws/src/install/quadrotor_basic_controller:/home/schni2zle/colcon_ws/install/workshopfun:/home/schni2zle/colcon_ws/install/utm_latlon_converter:/home/schni2zle/colcon_ws/install/smarc_nodered:/home/schni2zle/colcon_ws/install/smarc_bt:/home/schni2zle/colcon_ws/install/smarc_bringups:/home/schni2zle/colcon_ws/install/sam_dead_reckoning:/home/schni2zle/colcon_ws/install/ros_tcp_endpoint:/home/schni2zle/colcon_ws/install/ros2_python_examples:/home/schni2zle/colcon_ws/install/mqtt_bridge:/home/schni2zle/colcon_ws/install/dubins_planner:/home/schni2zle/colcon_ws/install/basic_go_to_waypoint:/opt/ros/humble LD_LIBRARY_PATH=/home/schni2zle/colcon_ws/src/install/sam_msgs/lib:${LD_LIBRARY_PATH} PYTHONPATH=/home/schni2zle/colcon_ws/src/install/sam_msgs/local/lib/python3.10/dist-packages:${PYTHONPATH} /usr/bin/cmake /home/schni2zle/colcon_ws/src/examples/sam_basic_controllers -DCMAKE_INSTALL_PREFIX=/home/schni2zle/colcon_ws/src/install/sam_basic_controllers
[0.175s] -- The C compiler identification is GNU 11.4.0
[0.320s] -- The CXX compiler identification is GNU 11.4.0
[0.337s] -- Detecting C compiler ABI info
[0.518s] -- Detecting C compiler ABI info - done
[0.538s] -- Check for working C compiler: /usr/bin/cc - skipped
[0.538s] -- Detecting C compile features
[0.540s] -- Detecting C compile features - done
[0.548s] -- Detecting CXX compiler ABI info
[0.758s] -- Detecting CXX compiler ABI info - done
[0.779s] -- Check for working CXX compiler: /usr/bin/c++ - skipped
[0.779s] -- Detecting CXX compile features
[0.780s] -- Detecting CXX compile features - done
[0.791s] -- Found ament_cmake_python: 1.3.10 (/opt/ros/humble/share/ament_cmake_python/cmake)
[0.805s] -- Found rclcpp: 16.0.10 (/opt/ros/humble/share/rclcpp/cmake)
[1.318s] -- Found Python3: /usr/bin/python3 (found version "3.10.12") found components: Interpreter 
[1.871s] -- Found rosidl_generator_c: 3.1.5 (/opt/ros/humble/share/rosidl_generator_c/cmake)
[1.897s] -- Found rosidl_adapter: 3.1.5 (/opt/ros/humble/share/rosidl_adapter/cmake)
[1.928s] -- Found rosidl_generator_cpp: 3.1.5 (/opt/ros/humble/share/rosidl_generator_cpp/cmake)
[1.969s] -- Using all available rosidl_typesupport_c: rosidl_typesupport_fastrtps_c;rosidl_typesupport_introspection_c
[2.026s] -- Using all available rosidl_typesupport_cpp: rosidl_typesupport_fastrtps_cpp;rosidl_typesupport_introspection_cpp
[2.222s] -- Found rmw_implementation_cmake: 6.1.2 (/opt/ros/humble/share/rmw_implementation_cmake/cmake)
[2.239s] -- Found rmw_fastrtps_cpp: 6.2.7 (/opt/ros/humble/share/rmw_fastrtps_cpp/cmake)
[2.564s] -- Found OpenSSL: /usr/lib/x86_64-linux-gnu/libcrypto.so (found version "3.0.2")  
[2.652s] -- Found FastRTPS: /opt/ros/humble/include  
[2.768s] -- Using RMW implementation 'rmw_fastrtps_cpp' as default
[2.815s] -- Looking for pthread.h
[3.006s] -- Looking for pthread.h - found
[3.007s] -- Performing Test CMAKE_HAVE_LIBC_PTHREAD
[3.188s] -- Performing Test CMAKE_HAVE_LIBC_PTHREAD - Success
[3.193s] -- Found Threads: TRUE  
[3.370s] -- Found rclpy: 3.3.14 (/opt/ros/humble/share/rclpy/cmake)
[3.371s] -- Found sam_msgs: 0.1.0 (/home/schni2zle/colcon_ws/src/install/sam_msgs/share/sam_msgs/cmake)
[3.920s] -- Configuring done
[3.950s] -- Generating done
[3.954s] -- Build files have been written to: /home/schni2zle/colcon_ws/src/build/sam_basic_controllers
[3.973s] Invoked command in '/home/schni2zle/colcon_ws/src/build/sam_basic_controllers' returned '0': AMENT_PREFIX_PATH=/home/schni2zle/colcon_ws/src/install/sam_msgs:${AMENT_PREFIX_PATH} CMAKE_PREFIX_PATH=/home/schni2zle/colcon_ws/src/install/sam_msgs:/home/schni2zle/colcon_ws/install/tf_convenience_topics:/home/schni2zle/colcon_ws/install/smarc_msgs:/home/schni2zle/colcon_ws/install/smarc_mission_msgs:/home/schni2zle/colcon_ws/install/sam_basic_controllers:/home/schni2zle/colcon_ws/install/sam_msgs:/home/schni2zle/colcon_ws/install/sam_graph_slam_2_msgs:/home/schni2zle/colcon_ws/install/sam_description:/home/schni2zle/colcon_ws/install/dead_reckoning_msgs:/home/schni2zle/colcon_ws/src/install/state_estimation:/home/schni2zle/colcon_ws/src/install/quadrotor_basic_controller:/home/schni2zle/colcon_ws/install/workshopfun:/home/schni2zle/colcon_ws/install/utm_latlon_converter:/home/schni2zle/colcon_ws/install/smarc_nodered:/home/schni2zle/colcon_ws/install/smarc_bt:/home/schni2zle/colcon_ws/install/smarc_bringups:/home/schni2zle/colcon_ws/install/sam_dead_reckoning:/home/schni2zle/colcon_ws/install/ros_tcp_endpoint:/home/schni2zle/colcon_ws/install/ros2_python_examples:/home/schni2zle/colcon_ws/install/mqtt_bridge:/home/schni2zle/colcon_ws/install/dubins_planner:/home/schni2zle/colcon_ws/install/basic_go_to_waypoint:/opt/ros/humble LD_LIBRARY_PATH=/home/schni2zle/colcon_ws/src/install/sam_msgs/lib:${LD_LIBRARY_PATH} PYTHONPATH=/home/schni2zle/colcon_ws/src/install/sam_msgs/local/lib/python3.10/dist-packages:${PYTHONPATH} /usr/bin/cmake /home/schni2zle/colcon_ws/src/examples/sam_basic_controllers -DCMAKE_INSTALL_PREFIX=/home/schni2zle/colcon_ws/src/install/sam_basic_controllers
[3.976s] Invoking command in '/home/schni2zle/colcon_ws/src/build/sam_basic_controllers': AMENT_PREFIX_PATH=/home/schni2zle/colcon_ws/src/install/sam_msgs:${AMENT_PREFIX_PATH} CMAKE_PREFIX_PATH=/home/schni2zle/colcon_ws/src/install/sam_msgs:/home/schni2zle/colcon_ws/install/tf_convenience_topics:/home/schni2zle/colcon_ws/install/smarc_msgs:/home/schni2zle/colcon_ws/install/smarc_mission_msgs:/home/schni2zle/colcon_ws/install/sam_basic_controllers:/home/schni2zle/colcon_ws/install/sam_msgs:/home/schni2zle/colcon_ws/install/sam_graph_slam_2_msgs:/home/schni2zle/colcon_ws/install/sam_description:/home/schni2zle/colcon_ws/install/dead_reckoning_msgs:/home/schni2zle/colcon_ws/src/install/state_estimation:/home/schni2zle/colcon_ws/src/install/quadrotor_basic_controller:/home/schni2zle/colcon_ws/install/workshopfun:/home/schni2zle/colcon_ws/install/utm_latlon_converter:/home/schni2zle/colcon_ws/install/smarc_nodered:/home/schni2zle/colcon_ws/install/smarc_bt:/home/schni2zle/colcon_ws/install/smarc_bringups:/home/schni2zle/colcon_ws/install/sam_dead_reckoning:/home/schni2zle/colcon_ws/install/ros_tcp_endpoint:/home/schni2zle/colcon_ws/install/ros2_python_examples:/home/schni2zle/colcon_ws/install/mqtt_bridge:/home/schni2zle/colcon_ws/install/dubins_planner:/home/schni2zle/colcon_ws/install/basic_go_to_waypoint:/opt/ros/humble LD_LIBRARY_PATH=/home/schni2zle/colcon_ws/src/install/sam_msgs/lib:${LD_LIBRARY_PATH} PYTHONPATH=/home/schni2zle/colcon_ws/src/install/sam_msgs/local/lib/python3.10/dist-packages:${PYTHONPATH} /usr/bin/cmake --build /home/schni2zle/colcon_ws/src/build/sam_basic_controllers -- -j8 -l8
[4.102s] [ 50%] [32mBuilding CXX object CMakeFiles/pid_actuator_trim.dir/src/pid_utils/pid_actuator_trim.cpp.o[0m
[25.613s] [100%] [32m[1mLinking CXX executable pid_actuator_trim[0m
[26.731s] [100%] Built target pid_actuator_trim
[26.804s] [100%] Built target ament_cmake_python_copy_sam_basic_controllers
[27.547s] running egg_info
[27.549s] creating sam_basic_controllers.egg-info
[27.549s] writing sam_basic_controllers.egg-info/PKG-INFO
[27.549s] writing dependency_links to sam_basic_controllers.egg-info/dependency_links.txt
[27.550s] writing top-level names to sam_basic_controllers.egg-info/top_level.txt
[27.550s] writing manifest file 'sam_basic_controllers.egg-info/SOURCES.txt'
[27.556s] reading manifest file 'sam_basic_controllers.egg-info/SOURCES.txt'
[27.557s] writing manifest file 'sam_basic_controllers.egg-info/SOURCES.txt'
[27.629s] [100%] Built target ament_cmake_python_build_sam_basic_controllers_egg
[27.658s] Invoked command in '/home/schni2zle/colcon_ws/src/build/sam_basic_controllers' returned '0': AMENT_PREFIX_PATH=/home/schni2zle/colcon_ws/src/install/sam_msgs:${AMENT_PREFIX_PATH} CMAKE_PREFIX_PATH=/home/schni2zle/colcon_ws/src/install/sam_msgs:/home/schni2zle/colcon_ws/install/tf_convenience_topics:/home/schni2zle/colcon_ws/install/smarc_msgs:/home/schni2zle/colcon_ws/install/smarc_mission_msgs:/home/schni2zle/colcon_ws/install/sam_basic_controllers:/home/schni2zle/colcon_ws/install/sam_msgs:/home/schni2zle/colcon_ws/install/sam_graph_slam_2_msgs:/home/schni2zle/colcon_ws/install/sam_description:/home/schni2zle/colcon_ws/install/dead_reckoning_msgs:/home/schni2zle/colcon_ws/src/install/state_estimation:/home/schni2zle/colcon_ws/src/install/quadrotor_basic_controller:/home/schni2zle/colcon_ws/install/workshopfun:/home/schni2zle/colcon_ws/install/utm_latlon_converter:/home/schni2zle/colcon_ws/install/smarc_nodered:/home/schni2zle/colcon_ws/install/smarc_bt:/home/schni2zle/colcon_ws/install/smarc_bringups:/home/schni2zle/colcon_ws/install/sam_dead_reckoning:/home/schni2zle/colcon_ws/install/ros_tcp_endpoint:/home/schni2zle/colcon_ws/install/ros2_python_examples:/home/schni2zle/colcon_ws/install/mqtt_bridge:/home/schni2zle/colcon_ws/install/dubins_planner:/home/schni2zle/colcon_ws/install/basic_go_to_waypoint:/opt/ros/humble LD_LIBRARY_PATH=/home/schni2zle/colcon_ws/src/install/sam_msgs/lib:${LD_LIBRARY_PATH} PYTHONPATH=/home/schni2zle/colcon_ws/src/install/sam_msgs/local/lib/python3.10/dist-packages:${PYTHONPATH} /usr/bin/cmake --build /home/schni2zle/colcon_ws/src/build/sam_basic_controllers -- -j8 -l8
[27.737s] Invoking command in '/home/schni2zle/colcon_ws/src/build/sam_basic_controllers': AMENT_PREFIX_PATH=/home/schni2zle/colcon_ws/src/install/sam_msgs:${AMENT_PREFIX_PATH} CMAKE_PREFIX_PATH=/home/schni2zle/colcon_ws/src/install/sam_msgs:/home/schni2zle/colcon_ws/install/tf_convenience_topics:/home/schni2zle/colcon_ws/install/smarc_msgs:/home/schni2zle/colcon_ws/install/smarc_mission_msgs:/home/schni2zle/colcon_ws/install/sam_basic_controllers:/home/schni2zle/colcon_ws/install/sam_msgs:/home/schni2zle/colcon_ws/install/sam_graph_slam_2_msgs:/home/schni2zle/colcon_ws/install/sam_description:/home/schni2zle/colcon_ws/install/dead_reckoning_msgs:/home/schni2zle/colcon_ws/src/install/state_estimation:/home/schni2zle/colcon_ws/src/install/quadrotor_basic_controller:/home/schni2zle/colcon_ws/install/workshopfun:/home/schni2zle/colcon_ws/install/utm_latlon_converter:/home/schni2zle/colcon_ws/install/smarc_nodered:/home/schni2zle/colcon_ws/install/smarc_bt:/home/schni2zle/colcon_ws/install/smarc_bringups:/home/schni2zle/colcon_ws/install/sam_dead_reckoning:/home/schni2zle/colcon_ws/install/ros_tcp_endpoint:/home/schni2zle/colcon_ws/install/ros2_python_examples:/home/schni2zle/colcon_ws/install/mqtt_bridge:/home/schni2zle/colcon_ws/install/dubins_planner:/home/schni2zle/colcon_ws/install/basic_go_to_waypoint:/opt/ros/humble LD_LIBRARY_PATH=/home/schni2zle/colcon_ws/src/install/sam_msgs/lib:${LD_LIBRARY_PATH} PYTHONPATH=/home/schni2zle/colcon_ws/src/install/sam_msgs/local/lib/python3.10/dist-packages:${PYTHONPATH} /usr/bin/cmake --install /home/schni2zle/colcon_ws/src/build/sam_basic_controllers
[27.754s] -- Install configuration: ""
[27.755s] -- Installing: /home/schni2zle/colcon_ws/src/install/sam_basic_controllers/lib/sam_basic_controllers/pid_actuator_trim
[27.765s] -- Set runtime path of "/home/schni2zle/colcon_ws/src/install/sam_basic_controllers/lib/sam_basic_controllers/pid_actuator_trim" to ""
[27.765s] -- Installing: /home/schni2zle/colcon_ws/src/install/sam_basic_controllers/share/sam_basic_controllers/environment/pythonpath.sh
[27.766s] -- Installing: /home/schni2zle/colcon_ws/src/install/sam_basic_controllers/share/sam_basic_controllers/environment/pythonpath.dsv
[27.766s] -- Installing: /home/schni2zle/colcon_ws/src/install/sam_basic_controllers/local/lib/python3.10/dist-packages/sam_basic_controllers-0.1.0-py3.10.egg-info
[27.767s] -- Installing: /home/schni2zle/colcon_ws/src/install/sam_basic_controllers/local/lib/python3.10/dist-packages/sam_basic_controllers-0.1.0-py3.10.egg-info/PKG-INFO
[27.767s] -- Installing: /home/schni2zle/colcon_ws/src/install/sam_basic_controllers/local/lib/python3.10/dist-packages/sam_basic_controllers-0.1.0-py3.10.egg-info/SOURCES.txt
[27.767s] -- Installing: /home/schni2zle/colcon_ws/src/install/sam_basic_controllers/local/lib/python3.10/dist-packages/sam_basic_controllers-0.1.0-py3.10.egg-info/top_level.txt
[27.767s] -- Installing: /home/schni2zle/colcon_ws/src/install/sam_basic_controllers/local/lib/python3.10/dist-packages/sam_basic_controllers-0.1.0-py3.10.egg-info/dependency_links.txt
[27.768s] -- Installing: /home/schni2zle/colcon_ws/src/install/sam_basic_controllers/local/lib/python3.10/dist-packages/sam_basic_controllers
[27.768s] -- Installing: /home/schni2zle/colcon_ws/src/install/sam_basic_controllers/local/lib/python3.10/dist-packages/sam_basic_controllers/depth_lookahead_node.py
[27.768s] -- Installing: /home/schni2zle/colcon_ws/src/install/sam_basic_controllers/local/lib/python3.10/dist-packages/sam_basic_controllers/__init__.py
[27.769s] -- Installing: /home/schni2zle/colcon_ws/src/install/sam_basic_controllers/local/lib/python3.10/dist-packages/sam_basic_controllers/thruster_ctrl_node.py
[27.873s] Listing '/home/schni2zle/colcon_ws/src/install/sam_basic_controllers/local/lib/python3.10/dist-packages/sam_basic_controllers'...
[27.873s] Compiling '/home/schni2zle/colcon_ws/src/install/sam_basic_controllers/local/lib/python3.10/dist-packages/sam_basic_controllers/__init__.py'...
[27.874s] Compiling '/home/schni2zle/colcon_ws/src/install/sam_basic_controllers/local/lib/python3.10/dist-packages/sam_basic_controllers/depth_lookahead_node.py'...
[27.874s] Compiling '/home/schni2zle/colcon_ws/src/install/sam_basic_controllers/local/lib/python3.10/dist-packages/sam_basic_controllers/thruster_ctrl_node.py'...
[27.884s] -- Installing: /home/schni2zle/colcon_ws/src/install/sam_basic_controllers/lib/sam_basic_controllers/depth_lookahead_node.py
[27.885s] -- Installing: /home/schni2zle/colcon_ws/src/install/sam_basic_controllers/lib/sam_basic_controllers/thruster_ctrl_node.py
[27.885s] -- Installing: /home/schni2zle/colcon_ws/src/install/sam_basic_controllers/share/sam_basic_controllers/launch/
[27.885s] -- Installing: /home/schni2zle/colcon_ws/src/install/sam_basic_controllers/share/sam_basic_controllers/launch//.DS_Store
[27.886s] -- Installing: /home/schni2zle/colcon_ws/src/install/sam_basic_controllers/share/sam_basic_controllers/launch//sam_control.launch
[27.887s] -- Installing: /home/schni2zle/colcon_ws/src/install/sam_basic_controllers/share/ament_index/resource_index/package_run_dependencies/sam_basic_controllers
[27.888s] -- Installing: /home/schni2zle/colcon_ws/src/install/sam_basic_controllers/share/ament_index/resource_index/parent_prefix_path/sam_basic_controllers
[27.888s] -- Installing: /home/schni2zle/colcon_ws/src/install/sam_basic_controllers/share/sam_basic_controllers/environment/ament_prefix_path.sh
[27.888s] -- Installing: /home/schni2zle/colcon_ws/src/install/sam_basic_controllers/share/sam_basic_controllers/environment/ament_prefix_path.dsv
[27.889s] -- Installing: /home/schni2zle/colcon_ws/src/install/sam_basic_controllers/share/sam_basic_controllers/environment/path.sh
[27.889s] -- Installing: /home/schni2zle/colcon_ws/src/install/sam_basic_controllers/share/sam_basic_controllers/environment/path.dsv
[27.890s] -- Installing: /home/schni2zle/colcon_ws/src/install/sam_basic_controllers/share/sam_basic_controllers/local_setup.bash
[27.890s] -- Installing: /home/schni2zle/colcon_ws/src/install/sam_basic_controllers/share/sam_basic_controllers/local_setup.sh
[27.891s] -- Installing: /home/schni2zle/colcon_ws/src/install/sam_basic_controllers/share/sam_basic_controllers/local_setup.zsh
[27.891s] -- Installing: /home/schni2zle/colcon_ws/src/install/sam_basic_controllers/share/sam_basic_controllers/local_setup.dsv
[27.892s] -- Installing: /home/schni2zle/colcon_ws/src/install/sam_basic_controllers/share/sam_basic_controllers/package.dsv
[27.892s] -- Installing: /home/schni2zle/colcon_ws/src/install/sam_basic_controllers/share/ament_index/resource_index/packages/sam_basic_controllers
[27.893s] -- Installing: /home/schni2zle/colcon_ws/src/install/sam_basic_controllers/share/sam_basic_controllers/cmake/sam_basic_controllersConfig.cmake
[27.893s] -- Installing: /home/schni2zle/colcon_ws/src/install/sam_basic_controllers/share/sam_basic_controllers/cmake/sam_basic_controllersConfig-version.cmake
[27.894s] -- Installing: /home/schni2zle/colcon_ws/src/install/sam_basic_controllers/share/sam_basic_controllers/package.xml
[27.901s] Invoked command in '/home/schni2zle/colcon_ws/src/build/sam_basic_controllers' returned '0': AMENT_PREFIX_PATH=/home/schni2zle/colcon_ws/src/install/sam_msgs:${AMENT_PREFIX_PATH} CMAKE_PREFIX_PATH=/home/schni2zle/colcon_ws/src/install/sam_msgs:/home/schni2zle/colcon_ws/install/tf_convenience_topics:/home/schni2zle/colcon_ws/install/smarc_msgs:/home/schni2zle/colcon_ws/install/smarc_mission_msgs:/home/schni2zle/colcon_ws/install/sam_basic_controllers:/home/schni2zle/colcon_ws/install/sam_msgs:/home/schni2zle/colcon_ws/install/sam_graph_slam_2_msgs:/home/schni2zle/colcon_ws/install/sam_description:/home/schni2zle/colcon_ws/install/dead_reckoning_msgs:/home/schni2zle/colcon_ws/src/install/state_estimation:/home/schni2zle/colcon_ws/src/install/quadrotor_basic_controller:/home/schni2zle/colcon_ws/install/workshopfun:/home/schni2zle/colcon_ws/install/utm_latlon_converter:/home/schni2zle/colcon_ws/install/smarc_nodered:/home/schni2zle/colcon_ws/install/smarc_bt:/home/schni2zle/colcon_ws/install/smarc_bringups:/home/schni2zle/colcon_ws/install/sam_dead_reckoning:/home/schni2zle/colcon_ws/install/ros_tcp_endpoint:/home/schni2zle/colcon_ws/install/ros2_python_examples:/home/schni2zle/colcon_ws/install/mqtt_bridge:/home/schni2zle/colcon_ws/install/dubins_planner:/home/schni2zle/colcon_ws/install/basic_go_to_waypoint:/opt/ros/humble LD_LIBRARY_PATH=/home/schni2zle/colcon_ws/src/install/sam_msgs/lib:${LD_LIBRARY_PATH} PYTHONPATH=/home/schni2zle/colcon_ws/src/install/sam_msgs/local/lib/python3.10/dist-packages:${PYTHONPATH} /usr/bin/cmake --install /home/schni2zle/colcon_ws/src/build/sam_basic_controllers
