running egg_info
writing ../../build/ros2_python_examples/ros2_python_examples.egg-info/PKG-INFO
writing dependency_links to ../../build/ros2_python_examples/ros2_python_examples.egg-info/dependency_links.txt
writing entry points to ../../build/ros2_python_examples/ros2_python_examples.egg-info/entry_points.txt
writing requirements to ../../build/ros2_python_examples/ros2_python_examples.egg-info/requires.txt
writing top-level names to ../../build/ros2_python_examples/ros2_python_examples.egg-info/top_level.txt
reading manifest file '../../build/ros2_python_examples/ros2_python_examples.egg-info/SOURCES.txt'
adding license file 'LICENSE'
writing manifest file '../../build/ros2_python_examples/ros2_python_examples.egg-info/SOURCES.txt'
running build
running build_py
running install
running install_lib
running install_data
running install_egg_info
removing '/home/schni2zle/colcon_ws/src/install/ros2_python_examples/lib/python3.10/site-packages/ros2_python_examples-0.0.0-py3.10.egg-info' (and everything under it)
Copying ../../build/ros2_python_examples/ros2_python_examples.egg-info to /home/schni2zle/colcon_ws/src/install/ros2_python_examples/lib/python3.10/site-packages/ros2_python_examples-0.0.0-py3.10.egg-info
running install_scripts
Installing example_node script to /home/schni2zle/colcon_ws/src/install/ros2_python_examples/lib/ros2_python_examples
writing list of installed files to '/home/schni2zle/colcon_ws/src/build/ros2_python_examples/install.log'
