[5.378s] Invoking command in '/home/schni2zle/colcon_ws/src/external_packages/mqtt_bridge': PYTHONPATH=/home/schni2zle/colcon_ws/src/build/mqtt_bridge/prefix_override:/usr/lib/python3/dist-packages/colcon_core/task/python/colcon_distutils_commands:/home/schni2zle/colcon_ws/src/install/mqtt_bridge/lib/python3.10/site-packages:${PYTHONPATH} /usr/bin/python3 -W ignore:setup.py install is deprecated setup.py egg_info --egg-base ../../build/mqtt_bridge build --build-base /home/schni2zle/colcon_ws/src/build/mqtt_bridge/build install --record /home/schni2zle/colcon_ws/src/build/mqtt_bridge/install.log --single-version-externally-managed install_data
[6.774s] running egg_info
[6.779s] writing ../../build/mqtt_bridge/mqtt_bridge.egg-info/PKG-INFO
[6.779s] writing dependency_links to ../../build/mqtt_bridge/mqtt_bridge.egg-info/dependency_links.txt
[6.780s] writing entry points to ../../build/mqtt_bridge/mqtt_bridge.egg-info/entry_points.txt
[6.780s] writing requirements to ../../build/mqtt_bridge/mqtt_bridge.egg-info/requires.txt
[6.780s] writing top-level names to ../../build/mqtt_bridge/mqtt_bridge.egg-info/top_level.txt
[6.787s] reading manifest file '../../build/mqtt_bridge/mqtt_bridge.egg-info/SOURCES.txt'
[6.788s] adding license file 'LICENSE.txt'
[6.788s] writing manifest file '../../build/mqtt_bridge/mqtt_bridge.egg-info/SOURCES.txt'
[6.789s] running build
[6.789s] running build_py
[6.789s] running install
[6.792s] running install_lib
[6.798s] running install_data
[6.798s] running install_egg_info
[6.805s] removing '/home/schni2zle/colcon_ws/src/install/mqtt_bridge/lib/python3.10/site-packages/mqtt_bridge-0.1.1-py3.10.egg-info' (and everything under it)
[6.806s] Copying ../../build/mqtt_bridge/mqtt_bridge.egg-info to /home/schni2zle/colcon_ws/src/install/mqtt_bridge/lib/python3.10/site-packages/mqtt_bridge-0.1.1-py3.10.egg-info
[6.812s] running install_scripts
[6.923s] Installing mqtt_bridge_node script to /home/schni2zle/colcon_ws/src/install/mqtt_bridge/lib/mqtt_bridge
[6.923s] writing list of installed files to '/home/schni2zle/colcon_ws/src/build/mqtt_bridge/install.log'
[8.016s] Invoked command in '/home/schni2zle/colcon_ws/src/external_packages/mqtt_bridge' returned '0': PYTHONPATH=/home/schni2zle/colcon_ws/src/build/mqtt_bridge/prefix_override:/usr/lib/python3/dist-packages/colcon_core/task/python/colcon_distutils_commands:/home/schni2zle/colcon_ws/src/install/mqtt_bridge/lib/python3.10/site-packages:${PYTHONPATH} /usr/bin/python3 -W ignore:setup.py install is deprecated setup.py egg_info --egg-base ../../build/mqtt_bridge build --build-base /home/schni2zle/colcon_ws/src/build/mqtt_bridge/build install --record /home/schni2zle/colcon_ws/src/build/mqtt_bridge/install.log --single-version-externally-managed install_data
