/home/schni2zle/colcon_ws/src/install/basic_go_to_waypoint/lib/python3.10/site-packages/basic_go_to_waypoint/Node.py
/home/schni2zle/colcon_ws/src/install/basic_go_to_waypoint/lib/python3.10/site-packages/basic_go_to_waypoint/ActionserverControllerNode.py
/home/schni2zle/colcon_ws/src/install/basic_go_to_waypoint/lib/python3.10/site-packages/basic_go_to_waypoint/ConvenienceView.py
/home/schni2zle/colcon_ws/src/install/basic_go_to_waypoint/lib/python3.10/site-packages/basic_go_to_waypoint/SAMThrustView.py
/home/schni2zle/colcon_ws/src/install/basic_go_to_waypoint/lib/python3.10/site-packages/basic_go_to_waypoint/__init__.py
/home/schni2zle/colcon_ws/src/install/basic_go_to_waypoint/lib/python3.10/site-packages/basic_go_to_waypoint/WaypointFollowingModel.py
/home/schni2zle/colcon_ws/src/install/basic_go_to_waypoint/lib/python3.10/site-packages/basic_go_to_waypoint/ActionClientNode.py
/home/schni2zle/colcon_ws/src/install/basic_go_to_waypoint/lib/python3.10/site-packages/basic_go_to_waypoint/ThrustyControllerNode.py
/home/schni2zle/colcon_ws/src/install/basic_go_to_waypoint/lib/python3.10/site-packages/basic_go_to_waypoint/IThrustView.py
/home/schni2zle/colcon_ws/src/install/basic_go_to_waypoint/lib/python3.10/site-packages/basic_go_to_waypoint/__pycache__/Node.cpython-310.pyc
/home/schni2zle/colcon_ws/src/install/basic_go_to_waypoint/lib/python3.10/site-packages/basic_go_to_waypoint/__pycache__/ActionserverControllerNode.cpython-310.pyc
/home/schni2zle/colcon_ws/src/install/basic_go_to_waypoint/lib/python3.10/site-packages/basic_go_to_waypoint/__pycache__/ConvenienceView.cpython-310.pyc
/home/schni2zle/colcon_ws/src/install/basic_go_to_waypoint/lib/python3.10/site-packages/basic_go_to_waypoint/__pycache__/SAMThrustView.cpython-310.pyc
/home/schni2zle/colcon_ws/src/install/basic_go_to_waypoint/lib/python3.10/site-packages/basic_go_to_waypoint/__pycache__/__init__.cpython-310.pyc
/home/schni2zle/colcon_ws/src/install/basic_go_to_waypoint/lib/python3.10/site-packages/basic_go_to_waypoint/__pycache__/WaypointFollowingModel.cpython-310.pyc
/home/schni2zle/colcon_ws/src/install/basic_go_to_waypoint/lib/python3.10/site-packages/basic_go_to_waypoint/__pycache__/ActionClientNode.cpython-310.pyc
/home/schni2zle/colcon_ws/src/install/basic_go_to_waypoint/lib/python3.10/site-packages/basic_go_to_waypoint/__pycache__/ThrustyControllerNode.cpython-310.pyc
/home/schni2zle/colcon_ws/src/install/basic_go_to_waypoint/lib/python3.10/site-packages/basic_go_to_waypoint/__pycache__/IThrustView.cpython-310.pyc
/home/schni2zle/colcon_ws/src/install/basic_go_to_waypoint/share/ament_index/resource_index/packages/basic_go_to_waypoint
/home/schni2zle/colcon_ws/src/install/basic_go_to_waypoint/share/basic_go_to_waypoint/package.xml
/home/schni2zle/colcon_ws/src/install/basic_go_to_waypoint/share/basic_go_to_waypoint/config
/home/schni2zle/colcon_ws/src/install/basic_go_to_waypoint/share/basic_go_to_waypoint/launch/actionserver.launch
/home/schni2zle/colcon_ws/src/install/basic_go_to_waypoint/lib/python3.10/site-packages/basic_go_to_waypoint-0.0.0-py3.10.egg-info/entry_points.txt
/home/schni2zle/colcon_ws/src/install/basic_go_to_waypoint/lib/python3.10/site-packages/basic_go_to_waypoint-0.0.0-py3.10.egg-info/requires.txt
/home/schni2zle/colcon_ws/src/install/basic_go_to_waypoint/lib/python3.10/site-packages/basic_go_to_waypoint-0.0.0-py3.10.egg-info/PKG-INFO
/home/schni2zle/colcon_ws/src/install/basic_go_to_waypoint/lib/python3.10/site-packages/basic_go_to_waypoint-0.0.0-py3.10.egg-info/SOURCES.txt
/home/schni2zle/colcon_ws/src/install/basic_go_to_waypoint/lib/python3.10/site-packages/basic_go_to_waypoint-0.0.0-py3.10.egg-info/zip-safe
/home/schni2zle/colcon_ws/src/install/basic_go_to_waypoint/lib/python3.10/site-packages/basic_go_to_waypoint-0.0.0-py3.10.egg-info/top_level.txt
/home/schni2zle/colcon_ws/src/install/basic_go_to_waypoint/lib/python3.10/site-packages/basic_go_to_waypoint-0.0.0-py3.10.egg-info/dependency_links.txt
/home/schni2zle/colcon_ws/src/install/basic_go_to_waypoint/lib/basic_go_to_waypoint/action_client_node
/home/schni2zle/colcon_ws/src/install/basic_go_to_waypoint/lib/basic_go_to_waypoint/action_server_node
/home/schni2zle/colcon_ws/src/install/basic_go_to_waypoint/lib/basic_go_to_waypoint/view_test
/home/schni2zle/colcon_ws/src/install/basic_go_to_waypoint/lib/basic_go_to_waypoint/waypoint_following
