/home/schni2zle/colcon_ws/src/install/mqtt_bridge/lib/python3.10/site-packages/mqtt_bridge/util.py
/home/schni2zle/colcon_ws/src/install/mqtt_bridge/lib/python3.10/site-packages/mqtt_bridge/mqtt_bridge_node.py
/home/schni2zle/colcon_ws/src/install/mqtt_bridge/lib/python3.10/site-packages/mqtt_bridge/bridge.py
/home/schni2zle/colcon_ws/src/install/mqtt_bridge/lib/python3.10/site-packages/mqtt_bridge/app.py
/home/schni2zle/colcon_ws/src/install/mqtt_bridge/lib/python3.10/site-packages/mqtt_bridge/__init__.py
/home/schni2zle/colcon_ws/src/install/mqtt_bridge/lib/python3.10/site-packages/mqtt_bridge/mqtt_client.py
/home/schni2zle/colcon_ws/src/install/mqtt_bridge/lib/python3.10/site-packages/mqtt_bridge/__pycache__/util.cpython-310.pyc
/home/schni2zle/colcon_ws/src/install/mqtt_bridge/lib/python3.10/site-packages/mqtt_bridge/__pycache__/mqtt_bridge_node.cpython-310.pyc
/home/schni2zle/colcon_ws/src/install/mqtt_bridge/lib/python3.10/site-packages/mqtt_bridge/__pycache__/bridge.cpython-310.pyc
/home/schni2zle/colcon_ws/src/install/mqtt_bridge/lib/python3.10/site-packages/mqtt_bridge/__pycache__/app.cpython-310.pyc
/home/schni2zle/colcon_ws/src/install/mqtt_bridge/lib/python3.10/site-packages/mqtt_bridge/__pycache__/__init__.cpython-310.pyc
/home/schni2zle/colcon_ws/src/install/mqtt_bridge/lib/python3.10/site-packages/mqtt_bridge/__pycache__/mqtt_client.cpython-310.pyc
/home/schni2zle/colcon_ws/src/install/mqtt_bridge/share/ament_index/resource_index/packages/mqtt_bridge
/home/schni2zle/colcon_ws/src/install/mqtt_bridge/share/mqtt_bridge/package.xml
/home/schni2zle/colcon_ws/src/install/mqtt_bridge/share/mqtt_bridge/launch/demo.launch.py
/home/schni2zle/colcon_ws/src/install/mqtt_bridge/share/mqtt_bridge/config/demo_params.yaml
/home/schni2zle/colcon_ws/src/install/mqtt_bridge/share/mqtt_bridge/config/tls_params.yaml
/home/schni2zle/colcon_ws/src/install/mqtt_bridge/lib/python3.10/site-packages/mqtt_bridge-0.1.1-py3.10.egg-info/entry_points.txt
/home/schni2zle/colcon_ws/src/install/mqtt_bridge/lib/python3.10/site-packages/mqtt_bridge-0.1.1-py3.10.egg-info/requires.txt
/home/schni2zle/colcon_ws/src/install/mqtt_bridge/lib/python3.10/site-packages/mqtt_bridge-0.1.1-py3.10.egg-info/PKG-INFO
/home/schni2zle/colcon_ws/src/install/mqtt_bridge/lib/python3.10/site-packages/mqtt_bridge-0.1.1-py3.10.egg-info/SOURCES.txt
/home/schni2zle/colcon_ws/src/install/mqtt_bridge/lib/python3.10/site-packages/mqtt_bridge-0.1.1-py3.10.egg-info/zip-safe
/home/schni2zle/colcon_ws/src/install/mqtt_bridge/lib/python3.10/site-packages/mqtt_bridge-0.1.1-py3.10.egg-info/top_level.txt
/home/schni2zle/colcon_ws/src/install/mqtt_bridge/lib/python3.10/site-packages/mqtt_bridge-0.1.1-py3.10.egg-info/dependency_links.txt
/home/schni2zle/colcon_ws/src/install/mqtt_bridge/lib/mqtt_bridge/mqtt_bridge_node
