[3.536s] Invoking command in '/home/schni2zle/colcon_ws/src/gui/smarc_nodered': PYTHONPATH=/home/schni2zle/colcon_ws/src/build/smarc_nodered/prefix_override:/usr/lib/python3/dist-packages/colcon_core/task/python/colcon_distutils_commands:/home/schni2zle/colcon_ws/src/install/smarc_nodered/lib/python3.10/site-packages:${PYTHONPATH} /usr/bin/python3 -W ignore:setup.py install is deprecated setup.py egg_info --egg-base ../../build/smarc_nodered build --build-base /home/schni2zle/colcon_ws/src/build/smarc_nodered/build install --record /home/schni2zle/colcon_ws/src/build/smarc_nodered/install.log --single-version-externally-managed install_data
[4.544s] running egg_info
[4.545s] writing ../../build/smarc_nodered/smarc_nodered.egg-info/PKG-INFO
[4.547s] writing dependency_links to ../../build/smarc_nodered/smarc_nodered.egg-info/dependency_links.txt
[4.547s] writing entry points to ../../build/smarc_nodered/smarc_nodered.egg-info/entry_points.txt
[4.548s] writing requirements to ../../build/smarc_nodered/smarc_nodered.egg-info/requires.txt
[4.549s] writing top-level names to ../../build/smarc_nodered/smarc_nodered.egg-info/top_level.txt
[4.554s] reading manifest file '../../build/smarc_nodered/smarc_nodered.egg-info/SOURCES.txt'
[4.554s] adding license file 'LICENSE'
[4.556s] writing manifest file '../../build/smarc_nodered/smarc_nodered.egg-info/SOURCES.txt'
[4.556s] running build
[4.556s] running build_py
[4.556s] running install
[4.557s] running install_lib
[4.562s] running install_data
[4.562s] running install_egg_info
[4.568s] removing '/home/schni2zle/colcon_ws/src/install/smarc_nodered/lib/python3.10/site-packages/smarc_nodered-0.1.0-py3.10.egg-info' (and everything under it)
[4.569s] Copying ../../build/smarc_nodered/smarc_nodered.egg-info to /home/schni2zle/colcon_ws/src/install/smarc_nodered/lib/python3.10/site-packages/smarc_nodered-0.1.0-py3.10.egg-info
[4.571s] running install_scripts
[4.628s] writing list of installed files to '/home/schni2zle/colcon_ws/src/build/smarc_nodered/install.log'
[5.587s] Invoked command in '/home/schni2zle/colcon_ws/src/gui/smarc_nodered' returned '0': PYTHONPATH=/home/schni2zle/colcon_ws/src/build/smarc_nodered/prefix_override:/usr/lib/python3/dist-packages/colcon_core/task/python/colcon_distutils_commands:/home/schni2zle/colcon_ws/src/install/smarc_nodered/lib/python3.10/site-packages:${PYTHONPATH} /usr/bin/python3 -W ignore:setup.py install is deprecated setup.py egg_info --egg-base ../../build/smarc_nodered build --build-base /home/schni2zle/colcon_ws/src/build/smarc_nodered/build install --record /home/schni2zle/colcon_ws/src/build/smarc_nodered/install.log --single-version-externally-managed install_data
