-- The C compiler identification is GNU 11.4.0
-- The CXX compiler identification is GNU 11.4.0
-- Detecting C compiler ABI info
-- Detecting C compiler ABI info - done
-- Check for working C compiler: /usr/bin/cc - skipped
-- Detecting C compile features
-- Detecting C compile features - done
-- Detecting CXX compiler ABI info
-- Detecting CXX compiler ABI info - done
-- Check for working CXX compiler: /usr/bin/c++ - skipped
-- Detecting CXX compile features
-- Detecting CXX compile features - done
-- Found ament_cmake: 1.3.10 (/opt/ros/humble/share/ament_cmake/cmake)
-- Found Python3: /usr/bin/python3 (found version "3.10.12") found components: Interpreter 
-- Found rosidl_default_generators: 1.2.0 (/opt/ros/humble/share/rosidl_default_generators/cmake)
-- Using all available rosidl_typesupport_c: rosidl_typesupport_fastrtps_c;rosidl_typesupport_introspection_c
-- Found rosidl_adapter: 3.1.5 (/opt/ros/humble/share/rosidl_adapter/cmake)
-- Using all available rosidl_typesupport_cpp: rosidl_typesupport_fastrtps_cpp;rosidl_typesupport_introspection_cpp
-- Found std_msgs: 4.2.4 (/opt/ros/humble/share/std_msgs/cmake)
-- Found ament_cmake_ros: 0.10.0 (/opt/ros/humble/share/ament_cmake_ros/cmake)
-- Using all available rosidl_typesupport_c: rosidl_typesupport_fastrtps_c;rosidl_typesupport_introspection_c
-- Using all available rosidl_typesupport_cpp: rosidl_typesupport_fastrtps_cpp;rosidl_typesupport_introspection_cpp
-- Found PythonInterp: /usr/bin/python3 (found suitable version "3.10.12", minimum required is "3.6") 
-- Found python_cmake_module: 0.10.0 (/opt/ros/humble/share/python_cmake_module/cmake)
-- Found PythonLibs: /usr/lib/x86_64-linux-gnu/libpython3.10.so (found suitable version "3.10.12", minimum required is "3.5") 
-- Using PYTHON_EXECUTABLE: /usr/bin/python3
-- Using PYTHON_INCLUDE_DIRS: /usr/include/python3.10
-- Using PYTHON_LIBRARIES: /usr/lib/x86_64-linux-gnu/libpython3.10.so
-- Found PythonExtra: .so  
-- Found ament_lint_auto: 0.12.11 (/opt/ros/humble/share/ament_lint_auto/cmake)
-- Added test 'lint_cmake' to check CMake code style
-- Added test 'xmllint' to check XML markup files
-- Configuring done
-- Generating done
-- Build files have been written to: /home/schni2zle/colcon_ws/src/build/smarc_control_msgs
[  1%] [34m[1mGenerating C++ code for ROS interfaces[0m
[  1%] Built target smarc_control_msgs__cpp
[  1%] Built target ament_cmake_python_copy_smarc_control_msgs
[  2%] [34m[1mGenerating C++ introspection for ROS interfaces[0m
[  4%] [32mBuilding CXX object CMakeFiles/smarc_control_msgs__rosidl_typesupport_introspection_cpp.dir/rosidl_typesupport_introspection_cpp/smarc_control_msgs/msg/detail/topics__type_support.cpp.o[0m
[  5%] [32mBuilding CXX object CMakeFiles/smarc_control_msgs__rosidl_typesupport_introspection_cpp.dir/rosidl_typesupport_introspection_cpp/smarc_control_msgs/msg/detail/control_reference__type_support.cpp.o[0m
[  7%] [32mBuilding CXX object CMakeFiles/smarc_control_msgs__rosidl_typesupport_introspection_cpp.dir/rosidl_typesupport_introspection_cpp/smarc_control_msgs/msg/detail/control_state__type_support.cpp.o[0m
[  8%] [32mBuilding CXX object CMakeFiles/smarc_control_msgs__rosidl_typesupport_introspection_cpp.dir/rosidl_typesupport_introspection_cpp/smarc_control_msgs/msg/detail/state__type_support.cpp.o[0m
[  9%] [32mBuilding CXX object CMakeFiles/smarc_control_msgs__rosidl_typesupport_introspection_cpp.dir/rosidl_typesupport_introspection_cpp/smarc_control_msgs/msg/detail/control_input__type_support.cpp.o[0m
[ 11%] [32mBuilding CXX object CMakeFiles/smarc_control_msgs__rosidl_typesupport_introspection_cpp.dir/rosidl_typesupport_introspection_cpp/smarc_control_msgs/msg/detail/control_error__type_support.cpp.o[0m
[ 12%] [32m[1mLinking CXX shared library libsmarc_control_msgs__rosidl_typesupport_introspection_cpp.so[0m
[ 12%] Built target smarc_control_msgs__rosidl_typesupport_introspection_cpp
running egg_info
creating smarc_control_msgs.egg-info
writing smarc_control_msgs.egg-info/PKG-INFO
writing dependency_links to smarc_control_msgs.egg-info/dependency_links.txt
writing top-level names to smarc_control_msgs.egg-info/top_level.txt
writing manifest file 'smarc_control_msgs.egg-info/SOURCES.txt'
reading manifest file 'smarc_control_msgs.egg-info/SOURCES.txt'
writing manifest file 'smarc_control_msgs.egg-info/SOURCES.txt'
[ 12%] Built target ament_cmake_python_build_smarc_control_msgs_egg
[ 14%] [34m[1mGenerating C++ type support for eProsima Fast-RTPS[0m
[ 15%] [32mBuilding CXX object CMakeFiles/smarc_control_msgs__rosidl_typesupport_fastrtps_cpp.dir/rosidl_typesupport_fastrtps_cpp/smarc_control_msgs/msg/detail/dds_fastrtps/topics__type_support.cpp.o[0m
[ 16%] [32mBuilding CXX object CMakeFiles/smarc_control_msgs__rosidl_typesupport_fastrtps_cpp.dir/rosidl_typesupport_fastrtps_cpp/smarc_control_msgs/msg/detail/dds_fastrtps/state__type_support.cpp.o[0m
[ 18%] [32mBuilding CXX object CMakeFiles/smarc_control_msgs__rosidl_typesupport_fastrtps_cpp.dir/rosidl_typesupport_fastrtps_cpp/smarc_control_msgs/msg/detail/dds_fastrtps/control_state__type_support.cpp.o[0m
[ 19%] [32mBuilding CXX object CMakeFiles/smarc_control_msgs__rosidl_typesupport_fastrtps_cpp.dir/rosidl_typesupport_fastrtps_cpp/smarc_control_msgs/msg/detail/dds_fastrtps/control_reference__type_support.cpp.o[0m
[ 21%] [32mBuilding CXX object CMakeFiles/smarc_control_msgs__rosidl_typesupport_fastrtps_cpp.dir/rosidl_typesupport_fastrtps_cpp/smarc_control_msgs/msg/detail/dds_fastrtps/control_input__type_support.cpp.o[0m
[ 22%] [32mBuilding CXX object CMakeFiles/smarc_control_msgs__rosidl_typesupport_fastrtps_cpp.dir/rosidl_typesupport_fastrtps_cpp/smarc_control_msgs/msg/detail/dds_fastrtps/control_error__type_support.cpp.o[0m
[ 23%] [32m[1mLinking CXX shared library libsmarc_control_msgs__rosidl_typesupport_fastrtps_cpp.so[0m
[ 23%] Built target smarc_control_msgs__rosidl_typesupport_fastrtps_cpp
[ 25%] [34m[1mGenerating C++ type support dispatch for ROS interfaces[0m
[ 26%] [32mBuilding CXX object CMakeFiles/smarc_control_msgs__rosidl_typesupport_cpp.dir/rosidl_typesupport_cpp/smarc_control_msgs/msg/topics__type_support.cpp.o[0m
[ 28%] [32mBuilding CXX object CMakeFiles/smarc_control_msgs__rosidl_typesupport_cpp.dir/rosidl_typesupport_cpp/smarc_control_msgs/msg/state__type_support.cpp.o[0m
[ 29%] [32mBuilding CXX object CMakeFiles/smarc_control_msgs__rosidl_typesupport_cpp.dir/rosidl_typesupport_cpp/smarc_control_msgs/msg/control_state__type_support.cpp.o[0m
[ 30%] [32mBuilding CXX object CMakeFiles/smarc_control_msgs__rosidl_typesupport_cpp.dir/rosidl_typesupport_cpp/smarc_control_msgs/msg/control_reference__type_support.cpp.o[0m
[ 32%] [32mBuilding CXX object CMakeFiles/smarc_control_msgs__rosidl_typesupport_cpp.dir/rosidl_typesupport_cpp/smarc_control_msgs/msg/control_input__type_support.cpp.o[0m
[ 33%] [32mBuilding CXX object CMakeFiles/smarc_control_msgs__rosidl_typesupport_cpp.dir/rosidl_typesupport_cpp/smarc_control_msgs/msg/control_error__type_support.cpp.o[0m
[ 35%] [32m[1mLinking CXX shared library libsmarc_control_msgs__rosidl_typesupport_cpp.so[0m
[ 35%] Built target smarc_control_msgs__rosidl_typesupport_cpp
[ 36%] [34m[1mGenerating C code for ROS interfaces[0m
[ 38%] [32mBuilding C object CMakeFiles/smarc_control_msgs__rosidl_generator_c.dir/rosidl_generator_c/smarc_control_msgs/msg/detail/topics__functions.c.o[0m
[ 39%] [32mBuilding C object CMakeFiles/smarc_control_msgs__rosidl_generator_c.dir/rosidl_generator_c/smarc_control_msgs/msg/detail/state__functions.c.o[0m
[ 40%] [32mBuilding C object CMakeFiles/smarc_control_msgs__rosidl_generator_c.dir/rosidl_generator_c/smarc_control_msgs/msg/detail/control_state__functions.c.o[0m
[ 42%] [32mBuilding C object CMakeFiles/smarc_control_msgs__rosidl_generator_c.dir/rosidl_generator_c/smarc_control_msgs/msg/detail/control_reference__functions.c.o[0m
[ 43%] [32mBuilding C object CMakeFiles/smarc_control_msgs__rosidl_generator_c.dir/rosidl_generator_c/smarc_control_msgs/msg/detail/control_input__functions.c.o[0m
[ 45%] [32mBuilding C object CMakeFiles/smarc_control_msgs__rosidl_generator_c.dir/rosidl_generator_c/smarc_control_msgs/msg/detail/control_error__functions.c.o[0m
[ 46%] [32m[1mLinking C shared library libsmarc_control_msgs__rosidl_generator_c.so[0m
[ 46%] Built target smarc_control_msgs__rosidl_generator_c
[ 47%] [34m[1mGenerating C type support for eProsima Fast-RTPS[0m
[ 49%] [32mBuilding CXX object CMakeFiles/smarc_control_msgs__rosidl_typesupport_fastrtps_c.dir/rosidl_typesupport_fastrtps_c/smarc_control_msgs/msg/detail/topics__type_support_c.cpp.o[0m
[ 50%] [32mBuilding CXX object CMakeFiles/smarc_control_msgs__rosidl_typesupport_fastrtps_c.dir/rosidl_typesupport_fastrtps_c/smarc_control_msgs/msg/detail/state__type_support_c.cpp.o[0m
[ 52%] [32mBuilding CXX object CMakeFiles/smarc_control_msgs__rosidl_typesupport_fastrtps_c.dir/rosidl_typesupport_fastrtps_c/smarc_control_msgs/msg/detail/control_state__type_support_c.cpp.o[0m
[ 53%] [32mBuilding CXX object CMakeFiles/smarc_control_msgs__rosidl_typesupport_fastrtps_c.dir/rosidl_typesupport_fastrtps_c/smarc_control_msgs/msg/detail/control_reference__type_support_c.cpp.o[0m
[ 54%] [32mBuilding CXX object CMakeFiles/smarc_control_msgs__rosidl_typesupport_fastrtps_c.dir/rosidl_typesupport_fastrtps_c/smarc_control_msgs/msg/detail/control_input__type_support_c.cpp.o[0m
[ 56%] [32mBuilding CXX object CMakeFiles/smarc_control_msgs__rosidl_typesupport_fastrtps_c.dir/rosidl_typesupport_fastrtps_c/smarc_control_msgs/msg/detail/control_error__type_support_c.cpp.o[0m
[ 57%] [32m[1mLinking CXX shared library libsmarc_control_msgs__rosidl_typesupport_fastrtps_c.so[0m
[ 57%] Built target smarc_control_msgs__rosidl_typesupport_fastrtps_c
[ 59%] [34m[1mGenerating C type support dispatch for ROS interfaces[0m
[ 60%] [32mBuilding CXX object CMakeFiles/smarc_control_msgs__rosidl_typesupport_c.dir/rosidl_typesupport_c/smarc_control_msgs/msg/topics__type_support.cpp.o[0m
[ 61%] [32mBuilding CXX object CMakeFiles/smarc_control_msgs__rosidl_typesupport_c.dir/rosidl_typesupport_c/smarc_control_msgs/msg/state__type_support.cpp.o[0m
[ 63%] [32mBuilding CXX object CMakeFiles/smarc_control_msgs__rosidl_typesupport_c.dir/rosidl_typesupport_c/smarc_control_msgs/msg/control_state__type_support.cpp.o[0m
[ 64%] [32mBuilding CXX object CMakeFiles/smarc_control_msgs__rosidl_typesupport_c.dir/rosidl_typesupport_c/smarc_control_msgs/msg/control_reference__type_support.cpp.o[0m
[ 66%] [32mBuilding CXX object CMakeFiles/smarc_control_msgs__rosidl_typesupport_c.dir/rosidl_typesupport_c/smarc_control_msgs/msg/control_input__type_support.cpp.o[0m
[ 67%] [32mBuilding CXX object CMakeFiles/smarc_control_msgs__rosidl_typesupport_c.dir/rosidl_typesupport_c/smarc_control_msgs/msg/control_error__type_support.cpp.o[0m
[ 69%] [32m[1mLinking CXX shared library libsmarc_control_msgs__rosidl_typesupport_c.so[0m
[ 69%] Built target smarc_control_msgs__rosidl_typesupport_c
[ 70%] [34m[1mGenerating C introspection for ROS interfaces[0m
[ 71%] [32mBuilding C object CMakeFiles/smarc_control_msgs__rosidl_typesupport_introspection_c.dir/rosidl_typesupport_introspection_c/smarc_control_msgs/msg/detail/topics__type_support.c.o[0m
[ 73%] [32mBuilding C object CMakeFiles/smarc_control_msgs__rosidl_typesupport_introspection_c.dir/rosidl_typesupport_introspection_c/smarc_control_msgs/msg/detail/state__type_support.c.o[0m
[ 74%] [32mBuilding C object CMakeFiles/smarc_control_msgs__rosidl_typesupport_introspection_c.dir/rosidl_typesupport_introspection_c/smarc_control_msgs/msg/detail/control_state__type_support.c.o[0m
[ 76%] [32mBuilding C object CMakeFiles/smarc_control_msgs__rosidl_typesupport_introspection_c.dir/rosidl_typesupport_introspection_c/smarc_control_msgs/msg/detail/control_reference__type_support.c.o[0m
[ 77%] [32mBuilding C object CMakeFiles/smarc_control_msgs__rosidl_typesupport_introspection_c.dir/rosidl_typesupport_introspection_c/smarc_control_msgs/msg/detail/control_input__type_support.c.o[0m
[ 78%] [32mBuilding C object CMakeFiles/smarc_control_msgs__rosidl_typesupport_introspection_c.dir/rosidl_typesupport_introspection_c/smarc_control_msgs/msg/detail/control_error__type_support.c.o[0m
[ 80%] [32m[1mLinking C shared library libsmarc_control_msgs__rosidl_typesupport_introspection_c.so[0m
[ 80%] Built target smarc_control_msgs__rosidl_typesupport_introspection_c
[ 80%] Built target smarc_control_msgs
[ 81%] [34m[1mGenerating Python code for ROS interfaces[0m
[ 81%] Built target smarc_control_msgs__py
[ 83%] [32mBuilding C object CMakeFiles/smarc_control_msgs__rosidl_generator_py.dir/rosidl_generator_py/smarc_control_msgs/msg/_topics_s.c.o[0m
[ 84%] [32mBuilding C object CMakeFiles/smarc_control_msgs__rosidl_generator_py.dir/rosidl_generator_py/smarc_control_msgs/msg/_state_s.c.o[0m
[ 85%] [32mBuilding C object CMakeFiles/smarc_control_msgs__rosidl_generator_py.dir/rosidl_generator_py/smarc_control_msgs/msg/_control_state_s.c.o[0m
[ 87%] [32mBuilding C object CMakeFiles/smarc_control_msgs__rosidl_generator_py.dir/rosidl_generator_py/smarc_control_msgs/msg/_control_reference_s.c.o[0m
[ 88%] [32mBuilding C object CMakeFiles/smarc_control_msgs__rosidl_generator_py.dir/rosidl_generator_py/smarc_control_msgs/msg/_control_input_s.c.o[0m
[ 90%] [32mBuilding C object CMakeFiles/smarc_control_msgs__rosidl_generator_py.dir/rosidl_generator_py/smarc_control_msgs/msg/_control_error_s.c.o[0m
[ 91%] [32m[1mLinking C shared library rosidl_generator_py/smarc_control_msgs/libsmarc_control_msgs__rosidl_generator_py.so[0m
[ 91%] Built target smarc_control_msgs__rosidl_generator_py
[ 92%] [32mBuilding C object CMakeFiles/smarc_control_msgs__rosidl_typesupport_fastrtps_c__pyext.dir/rosidl_generator_py/smarc_control_msgs/_smarc_control_msgs_s.ep.rosidl_typesupport_fastrtps_c.c.o[0m
[ 94%] [32m[1mLinking C shared library rosidl_generator_py/smarc_control_msgs/smarc_control_msgs_s__rosidl_typesupport_fastrtps_c.cpython-310-x86_64-linux-gnu.so[0m
[ 94%] Built target smarc_control_msgs__rosidl_typesupport_fastrtps_c__pyext
[ 95%] [32mBuilding C object CMakeFiles/smarc_control_msgs__rosidl_typesupport_c__pyext.dir/rosidl_generator_py/smarc_control_msgs/_smarc_control_msgs_s.ep.rosidl_typesupport_c.c.o[0m
[ 97%] [32m[1mLinking C shared library rosidl_generator_py/smarc_control_msgs/smarc_control_msgs_s__rosidl_typesupport_c.cpython-310-x86_64-linux-gnu.so[0m
[ 97%] Built target smarc_control_msgs__rosidl_typesupport_c__pyext
[ 98%] [32mBuilding C object CMakeFiles/smarc_control_msgs__rosidl_typesupport_introspection_c__pyext.dir/rosidl_generator_py/smarc_control_msgs/_smarc_control_msgs_s.ep.rosidl_typesupport_introspection_c.c.o[0m
[100%] [32m[1mLinking C shared library rosidl_generator_py/smarc_control_msgs/smarc_control_msgs_s__rosidl_typesupport_introspection_c.cpython-310-x86_64-linux-gnu.so[0m
[100%] Built target smarc_control_msgs__rosidl_typesupport_introspection_c__pyext
-- Install configuration: ""
-- Installing: /home/schni2zle/colcon_ws/src/install/smarc_control_msgs/share/ament_index/resource_index/rosidl_interfaces/smarc_control_msgs
-- Installing: /home/schni2zle/colcon_ws/src/install/smarc_control_msgs/include/smarc_control_msgs/smarc_control_msgs
-- Installing: /home/schni2zle/colcon_ws/src/install/smarc_control_msgs/include/smarc_control_msgs/smarc_control_msgs/msg
-- Installing: /home/schni2zle/colcon_ws/src/install/smarc_control_msgs/include/smarc_control_msgs/smarc_control_msgs/msg/rosidl_generator_c__visibility_control.h
-- Installing: /home/schni2zle/colcon_ws/src/install/smarc_control_msgs/include/smarc_control_msgs/smarc_control_msgs/msg/state.h
-- Installing: /home/schni2zle/colcon_ws/src/install/smarc_control_msgs/include/smarc_control_msgs/smarc_control_msgs/msg/control_reference.h
-- Installing: /home/schni2zle/colcon_ws/src/install/smarc_control_msgs/include/smarc_control_msgs/smarc_control_msgs/msg/detail
-- Installing: /home/schni2zle/colcon_ws/src/install/smarc_control_msgs/include/smarc_control_msgs/smarc_control_msgs/msg/detail/control_reference__functions.h
-- Installing: /home/schni2zle/colcon_ws/src/install/smarc_control_msgs/include/smarc_control_msgs/smarc_control_msgs/msg/detail/state__type_support.h
-- Installing: /home/schni2zle/colcon_ws/src/install/smarc_control_msgs/include/smarc_control_msgs/smarc_control_msgs/msg/detail/control_reference__functions.c
-- Installing: /home/schni2zle/colcon_ws/src/install/smarc_control_msgs/include/smarc_control_msgs/smarc_control_msgs/msg/detail/topics__struct.h
-- Installing: /home/schni2zle/colcon_ws/src/install/smarc_control_msgs/include/smarc_control_msgs/smarc_control_msgs/msg/detail/control_input__struct.h
-- Installing: /home/schni2zle/colcon_ws/src/install/smarc_control_msgs/include/smarc_control_msgs/smarc_control_msgs/msg/detail/control_state__struct.h
-- Installing: /home/schni2zle/colcon_ws/src/install/smarc_control_msgs/include/smarc_control_msgs/smarc_control_msgs/msg/detail/control_input__functions.c
-- Installing: /home/schni2zle/colcon_ws/src/install/smarc_control_msgs/include/smarc_control_msgs/smarc_control_msgs/msg/detail/topics__type_support.h
-- Installing: /home/schni2zle/colcon_ws/src/install/smarc_control_msgs/include/smarc_control_msgs/smarc_control_msgs/msg/detail/control_error__functions.h
-- Installing: /home/schni2zle/colcon_ws/src/install/smarc_control_msgs/include/smarc_control_msgs/smarc_control_msgs/msg/detail/control_state__functions.h
-- Installing: /home/schni2zle/colcon_ws/src/install/smarc_control_msgs/include/smarc_control_msgs/smarc_control_msgs/msg/detail/topics__functions.h
-- Installing: /home/schni2zle/colcon_ws/src/install/smarc_control_msgs/include/smarc_control_msgs/smarc_control_msgs/msg/detail/control_error__struct.h
-- Installing: /home/schni2zle/colcon_ws/src/install/smarc_control_msgs/include/smarc_control_msgs/smarc_control_msgs/msg/detail/topics__functions.c
-- Installing: /home/schni2zle/colcon_ws/src/install/smarc_control_msgs/include/smarc_control_msgs/smarc_control_msgs/msg/detail/state__functions.h
-- Installing: /home/schni2zle/colcon_ws/src/install/smarc_control_msgs/include/smarc_control_msgs/smarc_control_msgs/msg/detail/control_reference__struct.h
-- Installing: /home/schni2zle/colcon_ws/src/install/smarc_control_msgs/include/smarc_control_msgs/smarc_control_msgs/msg/detail/state__struct.h
-- Installing: /home/schni2zle/colcon_ws/src/install/smarc_control_msgs/include/smarc_control_msgs/smarc_control_msgs/msg/detail/control_reference__type_support.h
-- Installing: /home/schni2zle/colcon_ws/src/install/smarc_control_msgs/include/smarc_control_msgs/smarc_control_msgs/msg/detail/control_state__type_support.h
-- Installing: /home/schni2zle/colcon_ws/src/install/smarc_control_msgs/include/smarc_control_msgs/smarc_control_msgs/msg/detail/state__functions.c
-- Installing: /home/schni2zle/colcon_ws/src/install/smarc_control_msgs/include/smarc_control_msgs/smarc_control_msgs/msg/detail/control_state__functions.c
-- Installing: /home/schni2zle/colcon_ws/src/install/smarc_control_msgs/include/smarc_control_msgs/smarc_control_msgs/msg/detail/control_input__functions.h
-- Installing: /home/schni2zle/colcon_ws/src/install/smarc_control_msgs/include/smarc_control_msgs/smarc_control_msgs/msg/detail/control_input__type_support.h
-- Installing: /home/schni2zle/colcon_ws/src/install/smarc_control_msgs/include/smarc_control_msgs/smarc_control_msgs/msg/detail/control_error__functions.c
-- Installing: /home/schni2zle/colcon_ws/src/install/smarc_control_msgs/include/smarc_control_msgs/smarc_control_msgs/msg/detail/control_error__type_support.h
-- Installing: /home/schni2zle/colcon_ws/src/install/smarc_control_msgs/include/smarc_control_msgs/smarc_control_msgs/msg/control_state.h
-- Installing: /home/schni2zle/colcon_ws/src/install/smarc_control_msgs/include/smarc_control_msgs/smarc_control_msgs/msg/control_error.h
-- Installing: /home/schni2zle/colcon_ws/src/install/smarc_control_msgs/include/smarc_control_msgs/smarc_control_msgs/msg/control_input.h
-- Installing: /home/schni2zle/colcon_ws/src/install/smarc_control_msgs/include/smarc_control_msgs/smarc_control_msgs/msg/topics.h
-- Installing: /home/schni2zle/colcon_ws/src/install/smarc_control_msgs/share/smarc_control_msgs/environment/library_path.sh
-- Installing: /home/schni2zle/colcon_ws/src/install/smarc_control_msgs/share/smarc_control_msgs/environment/library_path.dsv
-- Installing: /home/schni2zle/colcon_ws/src/install/smarc_control_msgs/lib/libsmarc_control_msgs__rosidl_generator_c.so
-- Set runtime path of "/home/schni2zle/colcon_ws/src/install/smarc_control_msgs/lib/libsmarc_control_msgs__rosidl_generator_c.so" to ""
-- Up-to-date: /home/schni2zle/colcon_ws/src/install/smarc_control_msgs/include/smarc_control_msgs/smarc_control_msgs
-- Up-to-date: /home/schni2zle/colcon_ws/src/install/smarc_control_msgs/include/smarc_control_msgs/smarc_control_msgs/msg
-- Installing: /home/schni2zle/colcon_ws/src/install/smarc_control_msgs/include/smarc_control_msgs/smarc_control_msgs/msg/rosidl_typesupport_fastrtps_c__visibility_control.h
-- Up-to-date: /home/schni2zle/colcon_ws/src/install/smarc_control_msgs/include/smarc_control_msgs/smarc_control_msgs/msg/detail
-- Installing: /home/schni2zle/colcon_ws/src/install/smarc_control_msgs/include/smarc_control_msgs/smarc_control_msgs/msg/detail/control_input__rosidl_typesupport_fastrtps_c.h
-- Installing: /home/schni2zle/colcon_ws/src/install/smarc_control_msgs/include/smarc_control_msgs/smarc_control_msgs/msg/detail/topics__rosidl_typesupport_fastrtps_c.h
-- Installing: /home/schni2zle/colcon_ws/src/install/smarc_control_msgs/include/smarc_control_msgs/smarc_control_msgs/msg/detail/state__rosidl_typesupport_fastrtps_c.h
-- Installing: /home/schni2zle/colcon_ws/src/install/smarc_control_msgs/include/smarc_control_msgs/smarc_control_msgs/msg/detail/control_error__rosidl_typesupport_fastrtps_c.h
-- Installing: /home/schni2zle/colcon_ws/src/install/smarc_control_msgs/include/smarc_control_msgs/smarc_control_msgs/msg/detail/control_state__rosidl_typesupport_fastrtps_c.h
-- Installing: /home/schni2zle/colcon_ws/src/install/smarc_control_msgs/include/smarc_control_msgs/smarc_control_msgs/msg/detail/control_reference__rosidl_typesupport_fastrtps_c.h
-- Installing: /home/schni2zle/colcon_ws/src/install/smarc_control_msgs/lib/libsmarc_control_msgs__rosidl_typesupport_fastrtps_c.so
-- Set runtime path of "/home/schni2zle/colcon_ws/src/install/smarc_control_msgs/lib/libsmarc_control_msgs__rosidl_typesupport_fastrtps_c.so" to ""
-- Up-to-date: /home/schni2zle/colcon_ws/src/install/smarc_control_msgs/include/smarc_control_msgs/smarc_control_msgs
-- Up-to-date: /home/schni2zle/colcon_ws/src/install/smarc_control_msgs/include/smarc_control_msgs/smarc_control_msgs/msg
-- Installing: /home/schni2zle/colcon_ws/src/install/smarc_control_msgs/include/smarc_control_msgs/smarc_control_msgs/msg/rosidl_typesupport_introspection_c__visibility_control.h
-- Up-to-date: /home/schni2zle/colcon_ws/src/install/smarc_control_msgs/include/smarc_control_msgs/smarc_control_msgs/msg/detail
-- Installing: /home/schni2zle/colcon_ws/src/install/smarc_control_msgs/include/smarc_control_msgs/smarc_control_msgs/msg/detail/topics__type_support.c
-- Installing: /home/schni2zle/colcon_ws/src/install/smarc_control_msgs/include/smarc_control_msgs/smarc_control_msgs/msg/detail/control_reference__type_support.c
-- Installing: /home/schni2zle/colcon_ws/src/install/smarc_control_msgs/include/smarc_control_msgs/smarc_control_msgs/msg/detail/control_input__rosidl_typesupport_introspection_c.h
-- Installing: /home/schni2zle/colcon_ws/src/install/smarc_control_msgs/include/smarc_control_msgs/smarc_control_msgs/msg/detail/control_state__rosidl_typesupport_introspection_c.h
-- Installing: /home/schni2zle/colcon_ws/src/install/smarc_control_msgs/include/smarc_control_msgs/smarc_control_msgs/msg/detail/control_error__rosidl_typesupport_introspection_c.h
-- Installing: /home/schni2zle/colcon_ws/src/install/smarc_control_msgs/include/smarc_control_msgs/smarc_control_msgs/msg/detail/state__type_support.c
-- Installing: /home/schni2zle/colcon_ws/src/install/smarc_control_msgs/include/smarc_control_msgs/smarc_control_msgs/msg/detail/control_input__type_support.c
-- Installing: /home/schni2zle/colcon_ws/src/install/smarc_control_msgs/include/smarc_control_msgs/smarc_control_msgs/msg/detail/state__rosidl_typesupport_introspection_c.h
-- Installing: /home/schni2zle/colcon_ws/src/install/smarc_control_msgs/include/smarc_control_msgs/smarc_control_msgs/msg/detail/control_state__type_support.c
-- Installing: /home/schni2zle/colcon_ws/src/install/smarc_control_msgs/include/smarc_control_msgs/smarc_control_msgs/msg/detail/control_error__type_support.c
-- Installing: /home/schni2zle/colcon_ws/src/install/smarc_control_msgs/include/smarc_control_msgs/smarc_control_msgs/msg/detail/topics__rosidl_typesupport_introspection_c.h
-- Installing: /home/schni2zle/colcon_ws/src/install/smarc_control_msgs/include/smarc_control_msgs/smarc_control_msgs/msg/detail/control_reference__rosidl_typesupport_introspection_c.h
-- Installing: /home/schni2zle/colcon_ws/src/install/smarc_control_msgs/lib/libsmarc_control_msgs__rosidl_typesupport_introspection_c.so
-- Set runtime path of "/home/schni2zle/colcon_ws/src/install/smarc_control_msgs/lib/libsmarc_control_msgs__rosidl_typesupport_introspection_c.so" to ""
-- Installing: /home/schni2zle/colcon_ws/src/install/smarc_control_msgs/lib/libsmarc_control_msgs__rosidl_typesupport_c.so
-- Set runtime path of "/home/schni2zle/colcon_ws/src/install/smarc_control_msgs/lib/libsmarc_control_msgs__rosidl_typesupport_c.so" to ""
-- Up-to-date: /home/schni2zle/colcon_ws/src/install/smarc_control_msgs/include/smarc_control_msgs/smarc_control_msgs
-- Up-to-date: /home/schni2zle/colcon_ws/src/install/smarc_control_msgs/include/smarc_control_msgs/smarc_control_msgs/msg
-- Installing: /home/schni2zle/colcon_ws/src/install/smarc_control_msgs/include/smarc_control_msgs/smarc_control_msgs/msg/state.hpp
-- Installing: /home/schni2zle/colcon_ws/src/install/smarc_control_msgs/include/smarc_control_msgs/smarc_control_msgs/msg/control_reference.hpp
-- Installing: /home/schni2zle/colcon_ws/src/install/smarc_control_msgs/include/smarc_control_msgs/smarc_control_msgs/msg/control_error.hpp
-- Installing: /home/schni2zle/colcon_ws/src/install/smarc_control_msgs/include/smarc_control_msgs/smarc_control_msgs/msg/control_input.hpp
-- Up-to-date: /home/schni2zle/colcon_ws/src/install/smarc_control_msgs/include/smarc_control_msgs/smarc_control_msgs/msg/detail
-- Installing: /home/schni2zle/colcon_ws/src/install/smarc_control_msgs/include/smarc_control_msgs/smarc_control_msgs/msg/detail/control_error__traits.hpp
-- Installing: /home/schni2zle/colcon_ws/src/install/smarc_control_msgs/include/smarc_control_msgs/smarc_control_msgs/msg/detail/control_input__struct.hpp
-- Installing: /home/schni2zle/colcon_ws/src/install/smarc_control_msgs/include/smarc_control_msgs/smarc_control_msgs/msg/detail/control_input__builder.hpp
-- Installing: /home/schni2zle/colcon_ws/src/install/smarc_control_msgs/include/smarc_control_msgs/smarc_control_msgs/msg/detail/topics__struct.hpp
-- Installing: /home/schni2zle/colcon_ws/src/install/smarc_control_msgs/include/smarc_control_msgs/smarc_control_msgs/msg/detail/state__builder.hpp
-- Installing: /home/schni2zle/colcon_ws/src/install/smarc_control_msgs/include/smarc_control_msgs/smarc_control_msgs/msg/detail/topics__traits.hpp
-- Installing: /home/schni2zle/colcon_ws/src/install/smarc_control_msgs/include/smarc_control_msgs/smarc_control_msgs/msg/detail/control_reference__traits.hpp
-- Installing: /home/schni2zle/colcon_ws/src/install/smarc_control_msgs/include/smarc_control_msgs/smarc_control_msgs/msg/detail/control_error__struct.hpp
-- Installing: /home/schni2zle/colcon_ws/src/install/smarc_control_msgs/include/smarc_control_msgs/smarc_control_msgs/msg/detail/topics__builder.hpp
-- Installing: /home/schni2zle/colcon_ws/src/install/smarc_control_msgs/include/smarc_control_msgs/smarc_control_msgs/msg/detail/control_state__builder.hpp
-- Installing: /home/schni2zle/colcon_ws/src/install/smarc_control_msgs/include/smarc_control_msgs/smarc_control_msgs/msg/detail/control_reference__struct.hpp
-- Installing: /home/schni2zle/colcon_ws/src/install/smarc_control_msgs/include/smarc_control_msgs/smarc_control_msgs/msg/detail/control_state__struct.hpp
-- Installing: /home/schni2zle/colcon_ws/src/install/smarc_control_msgs/include/smarc_control_msgs/smarc_control_msgs/msg/detail/state__struct.hpp
-- Installing: /home/schni2zle/colcon_ws/src/install/smarc_control_msgs/include/smarc_control_msgs/smarc_control_msgs/msg/detail/state__traits.hpp
-- Installing: /home/schni2zle/colcon_ws/src/install/smarc_control_msgs/include/smarc_control_msgs/smarc_control_msgs/msg/detail/control_state__traits.hpp
-- Installing: /home/schni2zle/colcon_ws/src/install/smarc_control_msgs/include/smarc_control_msgs/smarc_control_msgs/msg/detail/control_error__builder.hpp
-- Installing: /home/schni2zle/colcon_ws/src/install/smarc_control_msgs/include/smarc_control_msgs/smarc_control_msgs/msg/detail/control_reference__builder.hpp
-- Installing: /home/schni2zle/colcon_ws/src/install/smarc_control_msgs/include/smarc_control_msgs/smarc_control_msgs/msg/detail/control_input__traits.hpp
-- Installing: /home/schni2zle/colcon_ws/src/install/smarc_control_msgs/include/smarc_control_msgs/smarc_control_msgs/msg/control_state.hpp
-- Installing: /home/schni2zle/colcon_ws/src/install/smarc_control_msgs/include/smarc_control_msgs/smarc_control_msgs/msg/topics.hpp
-- Up-to-date: /home/schni2zle/colcon_ws/src/install/smarc_control_msgs/include/smarc_control_msgs/smarc_control_msgs
-- Up-to-date: /home/schni2zle/colcon_ws/src/install/smarc_control_msgs/include/smarc_control_msgs/smarc_control_msgs/msg
-- Installing: /home/schni2zle/colcon_ws/src/install/smarc_control_msgs/include/smarc_control_msgs/smarc_control_msgs/msg/rosidl_typesupport_fastrtps_cpp__visibility_control.h
-- Up-to-date: /home/schni2zle/colcon_ws/src/install/smarc_control_msgs/include/smarc_control_msgs/smarc_control_msgs/msg/detail
-- Installing: /home/schni2zle/colcon_ws/src/install/smarc_control_msgs/include/smarc_control_msgs/smarc_control_msgs/msg/detail/control_error__rosidl_typesupport_fastrtps_cpp.hpp
-- Installing: /home/schni2zle/colcon_ws/src/install/smarc_control_msgs/include/smarc_control_msgs/smarc_control_msgs/msg/detail/topics__rosidl_typesupport_fastrtps_cpp.hpp
-- Installing: /home/schni2zle/colcon_ws/src/install/smarc_control_msgs/include/smarc_control_msgs/smarc_control_msgs/msg/detail/control_input__rosidl_typesupport_fastrtps_cpp.hpp
-- Installing: /home/schni2zle/colcon_ws/src/install/smarc_control_msgs/include/smarc_control_msgs/smarc_control_msgs/msg/detail/state__rosidl_typesupport_fastrtps_cpp.hpp
-- Installing: /home/schni2zle/colcon_ws/src/install/smarc_control_msgs/include/smarc_control_msgs/smarc_control_msgs/msg/detail/dds_fastrtps
-- Installing: /home/schni2zle/colcon_ws/src/install/smarc_control_msgs/include/smarc_control_msgs/smarc_control_msgs/msg/detail/control_state__rosidl_typesupport_fastrtps_cpp.hpp
-- Installing: /home/schni2zle/colcon_ws/src/install/smarc_control_msgs/include/smarc_control_msgs/smarc_control_msgs/msg/detail/control_reference__rosidl_typesupport_fastrtps_cpp.hpp
-- Installing: /home/schni2zle/colcon_ws/src/install/smarc_control_msgs/lib/libsmarc_control_msgs__rosidl_typesupport_fastrtps_cpp.so
-- Set runtime path of "/home/schni2zle/colcon_ws/src/install/smarc_control_msgs/lib/libsmarc_control_msgs__rosidl_typesupport_fastrtps_cpp.so" to ""
-- Up-to-date: /home/schni2zle/colcon_ws/src/install/smarc_control_msgs/include/smarc_control_msgs/smarc_control_msgs
-- Up-to-date: /home/schni2zle/colcon_ws/src/install/smarc_control_msgs/include/smarc_control_msgs/smarc_control_msgs/msg
-- Up-to-date: /home/schni2zle/colcon_ws/src/install/smarc_control_msgs/include/smarc_control_msgs/smarc_control_msgs/msg/detail
-- Installing: /home/schni2zle/colcon_ws/src/install/smarc_control_msgs/include/smarc_control_msgs/smarc_control_msgs/msg/detail/control_state__type_support.cpp
-- Installing: /home/schni2zle/colcon_ws/src/install/smarc_control_msgs/include/smarc_control_msgs/smarc_control_msgs/msg/detail/topics__type_support.cpp
-- Installing: /home/schni2zle/colcon_ws/src/install/smarc_control_msgs/include/smarc_control_msgs/smarc_control_msgs/msg/detail/control_error__type_support.cpp
-- Installing: /home/schni2zle/colcon_ws/src/install/smarc_control_msgs/include/smarc_control_msgs/smarc_control_msgs/msg/detail/control_state__rosidl_typesupport_introspection_cpp.hpp
-- Installing: /home/schni2zle/colcon_ws/src/install/smarc_control_msgs/include/smarc_control_msgs/smarc_control_msgs/msg/detail/state__type_support.cpp
-- Installing: /home/schni2zle/colcon_ws/src/install/smarc_control_msgs/include/smarc_control_msgs/smarc_control_msgs/msg/detail/control_reference__rosidl_typesupport_introspection_cpp.hpp
-- Installing: /home/schni2zle/colcon_ws/src/install/smarc_control_msgs/include/smarc_control_msgs/smarc_control_msgs/msg/detail/control_reference__type_support.cpp
-- Installing: /home/schni2zle/colcon_ws/src/install/smarc_control_msgs/include/smarc_control_msgs/smarc_control_msgs/msg/detail/topics__rosidl_typesupport_introspection_cpp.hpp
-- Installing: /home/schni2zle/colcon_ws/src/install/smarc_control_msgs/include/smarc_control_msgs/smarc_control_msgs/msg/detail/control_error__rosidl_typesupport_introspection_cpp.hpp
-- Installing: /home/schni2zle/colcon_ws/src/install/smarc_control_msgs/include/smarc_control_msgs/smarc_control_msgs/msg/detail/control_input__rosidl_typesupport_introspection_cpp.hpp
-- Installing: /home/schni2zle/colcon_ws/src/install/smarc_control_msgs/include/smarc_control_msgs/smarc_control_msgs/msg/detail/state__rosidl_typesupport_introspection_cpp.hpp
-- Installing: /home/schni2zle/colcon_ws/src/install/smarc_control_msgs/include/smarc_control_msgs/smarc_control_msgs/msg/detail/control_input__type_support.cpp
-- Installing: /home/schni2zle/colcon_ws/src/install/smarc_control_msgs/lib/libsmarc_control_msgs__rosidl_typesupport_introspection_cpp.so
-- Set runtime path of "/home/schni2zle/colcon_ws/src/install/smarc_control_msgs/lib/libsmarc_control_msgs__rosidl_typesupport_introspection_cpp.so" to ""
-- Installing: /home/schni2zle/colcon_ws/src/install/smarc_control_msgs/lib/libsmarc_control_msgs__rosidl_typesupport_cpp.so
-- Set runtime path of "/home/schni2zle/colcon_ws/src/install/smarc_control_msgs/lib/libsmarc_control_msgs__rosidl_typesupport_cpp.so" to ""
-- Installing: /home/schni2zle/colcon_ws/src/install/smarc_control_msgs/share/smarc_control_msgs/environment/pythonpath.sh
-- Installing: /home/schni2zle/colcon_ws/src/install/smarc_control_msgs/share/smarc_control_msgs/environment/pythonpath.dsv
-- Installing: /home/schni2zle/colcon_ws/src/install/smarc_control_msgs/local/lib/python3.10/dist-packages/smarc_control_msgs-0.0.0-py3.10.egg-info
-- Installing: /home/schni2zle/colcon_ws/src/install/smarc_control_msgs/local/lib/python3.10/dist-packages/smarc_control_msgs-0.0.0-py3.10.egg-info/PKG-INFO
-- Installing: /home/schni2zle/colcon_ws/src/install/smarc_control_msgs/local/lib/python3.10/dist-packages/smarc_control_msgs-0.0.0-py3.10.egg-info/SOURCES.txt
-- Installing: /home/schni2zle/colcon_ws/src/install/smarc_control_msgs/local/lib/python3.10/dist-packages/smarc_control_msgs-0.0.0-py3.10.egg-info/top_level.txt
-- Installing: /home/schni2zle/colcon_ws/src/install/smarc_control_msgs/local/lib/python3.10/dist-packages/smarc_control_msgs-0.0.0-py3.10.egg-info/dependency_links.txt
-- Installing: /home/schni2zle/colcon_ws/src/install/smarc_control_msgs/local/lib/python3.10/dist-packages/smarc_control_msgs
-- Installing: /home/schni2zle/colcon_ws/src/install/smarc_control_msgs/local/lib/python3.10/dist-packages/smarc_control_msgs/_smarc_control_msgs_s.ep.rosidl_typesupport_fastrtps_c.c
-- Installing: /home/schni2zle/colcon_ws/src/install/smarc_control_msgs/local/lib/python3.10/dist-packages/smarc_control_msgs/msg
-- Installing: /home/schni2zle/colcon_ws/src/install/smarc_control_msgs/local/lib/python3.10/dist-packages/smarc_control_msgs/msg/_control_reference.py
-- Installing: /home/schni2zle/colcon_ws/src/install/smarc_control_msgs/local/lib/python3.10/dist-packages/smarc_control_msgs/msg/_control_error.py
-- Installing: /home/schni2zle/colcon_ws/src/install/smarc_control_msgs/local/lib/python3.10/dist-packages/smarc_control_msgs/msg/_control_input.py
-- Installing: /home/schni2zle/colcon_ws/src/install/smarc_control_msgs/local/lib/python3.10/dist-packages/smarc_control_msgs/msg/_topics_s.c
-- Installing: /home/schni2zle/colcon_ws/src/install/smarc_control_msgs/local/lib/python3.10/dist-packages/smarc_control_msgs/msg/_control_reference_s.c
-- Installing: /home/schni2zle/colcon_ws/src/install/smarc_control_msgs/local/lib/python3.10/dist-packages/smarc_control_msgs/msg/_control_error_s.c
-- Installing: /home/schni2zle/colcon_ws/src/install/smarc_control_msgs/local/lib/python3.10/dist-packages/smarc_control_msgs/msg/_topics.py
-- Installing: /home/schni2zle/colcon_ws/src/install/smarc_control_msgs/local/lib/python3.10/dist-packages/smarc_control_msgs/msg/_control_state.py
-- Installing: /home/schni2zle/colcon_ws/src/install/smarc_control_msgs/local/lib/python3.10/dist-packages/smarc_control_msgs/msg/__init__.py
-- Installing: /home/schni2zle/colcon_ws/src/install/smarc_control_msgs/local/lib/python3.10/dist-packages/smarc_control_msgs/msg/_state.py
-- Installing: /home/schni2zle/colcon_ws/src/install/smarc_control_msgs/local/lib/python3.10/dist-packages/smarc_control_msgs/msg/_control_input_s.c
-- Installing: /home/schni2zle/colcon_ws/src/install/smarc_control_msgs/local/lib/python3.10/dist-packages/smarc_control_msgs/msg/_state_s.c
-- Installing: /home/schni2zle/colcon_ws/src/install/smarc_control_msgs/local/lib/python3.10/dist-packages/smarc_control_msgs/msg/_control_state_s.c
-- Installing: /home/schni2zle/colcon_ws/src/install/smarc_control_msgs/local/lib/python3.10/dist-packages/smarc_control_msgs/libsmarc_control_msgs__rosidl_generator_py.so
-- Installing: /home/schni2zle/colcon_ws/src/install/smarc_control_msgs/local/lib/python3.10/dist-packages/smarc_control_msgs/smarc_control_msgs_s__rosidl_typesupport_fastrtps_c.cpython-310-x86_64-linux-gnu.so
-- Installing: /home/schni2zle/colcon_ws/src/install/smarc_control_msgs/local/lib/python3.10/dist-packages/smarc_control_msgs/_smarc_control_msgs_s.ep.rosidl_typesupport_introspection_c.c
-- Installing: /home/schni2zle/colcon_ws/src/install/smarc_control_msgs/local/lib/python3.10/dist-packages/smarc_control_msgs/__init__.py
-- Installing: /home/schni2zle/colcon_ws/src/install/smarc_control_msgs/local/lib/python3.10/dist-packages/smarc_control_msgs/_smarc_control_msgs_s.ep.rosidl_typesupport_c.c
-- Installing: /home/schni2zle/colcon_ws/src/install/smarc_control_msgs/local/lib/python3.10/dist-packages/smarc_control_msgs/smarc_control_msgs_s__rosidl_typesupport_c.cpython-310-x86_64-linux-gnu.so
-- Installing: /home/schni2zle/colcon_ws/src/install/smarc_control_msgs/local/lib/python3.10/dist-packages/smarc_control_msgs/smarc_control_msgs_s__rosidl_typesupport_introspection_c.cpython-310-x86_64-linux-gnu.so
Listing '/home/schni2zle/colcon_ws/src/install/smarc_control_msgs/local/lib/python3.10/dist-packages/smarc_control_msgs'...
Compiling '/home/schni2zle/colcon_ws/src/install/smarc_control_msgs/local/lib/python3.10/dist-packages/smarc_control_msgs/__init__.py'...
Listing '/home/schni2zle/colcon_ws/src/install/smarc_control_msgs/local/lib/python3.10/dist-packages/smarc_control_msgs/msg'...
Compiling '/home/schni2zle/colcon_ws/src/install/smarc_control_msgs/local/lib/python3.10/dist-packages/smarc_control_msgs/msg/__init__.py'...
Compiling '/home/schni2zle/colcon_ws/src/install/smarc_control_msgs/local/lib/python3.10/dist-packages/smarc_control_msgs/msg/_control_error.py'...
Compiling '/home/schni2zle/colcon_ws/src/install/smarc_control_msgs/local/lib/python3.10/dist-packages/smarc_control_msgs/msg/_control_input.py'...
Compiling '/home/schni2zle/colcon_ws/src/install/smarc_control_msgs/local/lib/python3.10/dist-packages/smarc_control_msgs/msg/_control_reference.py'...
Compiling '/home/schni2zle/colcon_ws/src/install/smarc_control_msgs/local/lib/python3.10/dist-packages/smarc_control_msgs/msg/_control_state.py'...
Compiling '/home/schni2zle/colcon_ws/src/install/smarc_control_msgs/local/lib/python3.10/dist-packages/smarc_control_msgs/msg/_state.py'...
Compiling '/home/schni2zle/colcon_ws/src/install/smarc_control_msgs/local/lib/python3.10/dist-packages/smarc_control_msgs/msg/_topics.py'...
-- Installing: /home/schni2zle/colcon_ws/src/install/smarc_control_msgs/local/lib/python3.10/dist-packages/smarc_control_msgs/smarc_control_msgs_s__rosidl_typesupport_fastrtps_c.cpython-310-x86_64-linux-gnu.so
-- Set runtime path of "/home/schni2zle/colcon_ws/src/install/smarc_control_msgs/local/lib/python3.10/dist-packages/smarc_control_msgs/smarc_control_msgs_s__rosidl_typesupport_fastrtps_c.cpython-310-x86_64-linux-gnu.so" to ""
-- Installing: /home/schni2zle/colcon_ws/src/install/smarc_control_msgs/local/lib/python3.10/dist-packages/smarc_control_msgs/smarc_control_msgs_s__rosidl_typesupport_introspection_c.cpython-310-x86_64-linux-gnu.so
-- Set runtime path of "/home/schni2zle/colcon_ws/src/install/smarc_control_msgs/local/lib/python3.10/dist-packages/smarc_control_msgs/smarc_control_msgs_s__rosidl_typesupport_introspection_c.cpython-310-x86_64-linux-gnu.so" to ""
-- Installing: /home/schni2zle/colcon_ws/src/install/smarc_control_msgs/local/lib/python3.10/dist-packages/smarc_control_msgs/smarc_control_msgs_s__rosidl_typesupport_c.cpython-310-x86_64-linux-gnu.so
-- Set runtime path of "/home/schni2zle/colcon_ws/src/install/smarc_control_msgs/local/lib/python3.10/dist-packages/smarc_control_msgs/smarc_control_msgs_s__rosidl_typesupport_c.cpython-310-x86_64-linux-gnu.so" to ""
-- Installing: /home/schni2zle/colcon_ws/src/install/smarc_control_msgs/lib/libsmarc_control_msgs__rosidl_generator_py.so
-- Set runtime path of "/home/schni2zle/colcon_ws/src/install/smarc_control_msgs/lib/libsmarc_control_msgs__rosidl_generator_py.so" to ""
-- Installing: /home/schni2zle/colcon_ws/src/install/smarc_control_msgs/share/smarc_control_msgs/msg/Topics.idl
-- Installing: /home/schni2zle/colcon_ws/src/install/smarc_control_msgs/share/smarc_control_msgs/msg/ControlError.idl
-- Installing: /home/schni2zle/colcon_ws/src/install/smarc_control_msgs/share/smarc_control_msgs/msg/ControlInput.idl
-- Installing: /home/schni2zle/colcon_ws/src/install/smarc_control_msgs/share/smarc_control_msgs/msg/ControlReference.idl
-- Installing: /home/schni2zle/colcon_ws/src/install/smarc_control_msgs/share/smarc_control_msgs/msg/ControlState.idl
-- Installing: /home/schni2zle/colcon_ws/src/install/smarc_control_msgs/share/smarc_control_msgs/msg/State.idl
-- Installing: /home/schni2zle/colcon_ws/src/install/smarc_control_msgs/share/smarc_control_msgs/msg/Topics.msg
-- Installing: /home/schni2zle/colcon_ws/src/install/smarc_control_msgs/share/smarc_control_msgs/msg/ControlError.msg
-- Installing: /home/schni2zle/colcon_ws/src/install/smarc_control_msgs/share/smarc_control_msgs/msg/ControlInput.msg
-- Installing: /home/schni2zle/colcon_ws/src/install/smarc_control_msgs/share/smarc_control_msgs/msg/ControlReference.msg
-- Installing: /home/schni2zle/colcon_ws/src/install/smarc_control_msgs/share/smarc_control_msgs/msg/ControlState.msg
-- Installing: /home/schni2zle/colcon_ws/src/install/smarc_control_msgs/share/smarc_control_msgs/msg/State.msg
-- Installing: /home/schni2zle/colcon_ws/src/install/smarc_control_msgs/share/ament_index/resource_index/package_run_dependencies/smarc_control_msgs
-- Installing: /home/schni2zle/colcon_ws/src/install/smarc_control_msgs/share/ament_index/resource_index/parent_prefix_path/smarc_control_msgs
-- Installing: /home/schni2zle/colcon_ws/src/install/smarc_control_msgs/share/smarc_control_msgs/environment/ament_prefix_path.sh
-- Installing: /home/schni2zle/colcon_ws/src/install/smarc_control_msgs/share/smarc_control_msgs/environment/ament_prefix_path.dsv
-- Installing: /home/schni2zle/colcon_ws/src/install/smarc_control_msgs/share/smarc_control_msgs/environment/path.sh
-- Installing: /home/schni2zle/colcon_ws/src/install/smarc_control_msgs/share/smarc_control_msgs/environment/path.dsv
-- Installing: /home/schni2zle/colcon_ws/src/install/smarc_control_msgs/share/smarc_control_msgs/local_setup.bash
-- Installing: /home/schni2zle/colcon_ws/src/install/smarc_control_msgs/share/smarc_control_msgs/local_setup.sh
-- Installing: /home/schni2zle/colcon_ws/src/install/smarc_control_msgs/share/smarc_control_msgs/local_setup.zsh
-- Installing: /home/schni2zle/colcon_ws/src/install/smarc_control_msgs/share/smarc_control_msgs/local_setup.dsv
-- Installing: /home/schni2zle/colcon_ws/src/install/smarc_control_msgs/share/smarc_control_msgs/package.dsv
-- Installing: /home/schni2zle/colcon_ws/src/install/smarc_control_msgs/share/ament_index/resource_index/packages/smarc_control_msgs
-- Installing: /home/schni2zle/colcon_ws/src/install/smarc_control_msgs/share/smarc_control_msgs/cmake/export_smarc_control_msgs__rosidl_generator_cExport.cmake
-- Installing: /home/schni2zle/colcon_ws/src/install/smarc_control_msgs/share/smarc_control_msgs/cmake/export_smarc_control_msgs__rosidl_generator_cExport-noconfig.cmake
-- Installing: /home/schni2zle/colcon_ws/src/install/smarc_control_msgs/share/smarc_control_msgs/cmake/export_smarc_control_msgs__rosidl_typesupport_fastrtps_cExport.cmake
-- Installing: /home/schni2zle/colcon_ws/src/install/smarc_control_msgs/share/smarc_control_msgs/cmake/export_smarc_control_msgs__rosidl_typesupport_fastrtps_cExport-noconfig.cmake
-- Installing: /home/schni2zle/colcon_ws/src/install/smarc_control_msgs/share/smarc_control_msgs/cmake/smarc_control_msgs__rosidl_typesupport_introspection_cExport.cmake
-- Installing: /home/schni2zle/colcon_ws/src/install/smarc_control_msgs/share/smarc_control_msgs/cmake/smarc_control_msgs__rosidl_typesupport_introspection_cExport-noconfig.cmake
-- Installing: /home/schni2zle/colcon_ws/src/install/smarc_control_msgs/share/smarc_control_msgs/cmake/smarc_control_msgs__rosidl_typesupport_cExport.cmake
-- Installing: /home/schni2zle/colcon_ws/src/install/smarc_control_msgs/share/smarc_control_msgs/cmake/smarc_control_msgs__rosidl_typesupport_cExport-noconfig.cmake
-- Installing: /home/schni2zle/colcon_ws/src/install/smarc_control_msgs/share/smarc_control_msgs/cmake/export_smarc_control_msgs__rosidl_generator_cppExport.cmake
-- Installing: /home/schni2zle/colcon_ws/src/install/smarc_control_msgs/share/smarc_control_msgs/cmake/export_smarc_control_msgs__rosidl_typesupport_fastrtps_cppExport.cmake
-- Installing: /home/schni2zle/colcon_ws/src/install/smarc_control_msgs/share/smarc_control_msgs/cmake/export_smarc_control_msgs__rosidl_typesupport_fastrtps_cppExport-noconfig.cmake
-- Installing: /home/schni2zle/colcon_ws/src/install/smarc_control_msgs/share/smarc_control_msgs/cmake/smarc_control_msgs__rosidl_typesupport_introspection_cppExport.cmake
-- Installing: /home/schni2zle/colcon_ws/src/install/smarc_control_msgs/share/smarc_control_msgs/cmake/smarc_control_msgs__rosidl_typesupport_introspection_cppExport-noconfig.cmake
-- Installing: /home/schni2zle/colcon_ws/src/install/smarc_control_msgs/share/smarc_control_msgs/cmake/smarc_control_msgs__rosidl_typesupport_cppExport.cmake
-- Installing: /home/schni2zle/colcon_ws/src/install/smarc_control_msgs/share/smarc_control_msgs/cmake/smarc_control_msgs__rosidl_typesupport_cppExport-noconfig.cmake
-- Installing: /home/schni2zle/colcon_ws/src/install/smarc_control_msgs/share/smarc_control_msgs/cmake/export_smarc_control_msgs__rosidl_generator_pyExport.cmake
-- Installing: /home/schni2zle/colcon_ws/src/install/smarc_control_msgs/share/smarc_control_msgs/cmake/export_smarc_control_msgs__rosidl_generator_pyExport-noconfig.cmake
-- Installing: /home/schni2zle/colcon_ws/src/install/smarc_control_msgs/share/smarc_control_msgs/cmake/rosidl_cmake-extras.cmake
-- Installing: /home/schni2zle/colcon_ws/src/install/smarc_control_msgs/share/smarc_control_msgs/cmake/ament_cmake_export_dependencies-extras.cmake
-- Installing: /home/schni2zle/colcon_ws/src/install/smarc_control_msgs/share/smarc_control_msgs/cmake/ament_cmake_export_include_directories-extras.cmake
-- Installing: /home/schni2zle/colcon_ws/src/install/smarc_control_msgs/share/smarc_control_msgs/cmake/ament_cmake_export_libraries-extras.cmake
-- Installing: /home/schni2zle/colcon_ws/src/install/smarc_control_msgs/share/smarc_control_msgs/cmake/ament_cmake_export_targets-extras.cmake
-- Installing: /home/schni2zle/colcon_ws/src/install/smarc_control_msgs/share/smarc_control_msgs/cmake/rosidl_cmake_export_typesupport_targets-extras.cmake
-- Installing: /home/schni2zle/colcon_ws/src/install/smarc_control_msgs/share/smarc_control_msgs/cmake/rosidl_cmake_export_typesupport_libraries-extras.cmake
-- Installing: /home/schni2zle/colcon_ws/src/install/smarc_control_msgs/share/smarc_control_msgs/cmake/smarc_control_msgsConfig.cmake
-- Installing: /home/schni2zle/colcon_ws/src/install/smarc_control_msgs/share/smarc_control_msgs/cmake/smarc_control_msgsConfig-version.cmake
-- Installing: /home/schni2zle/colcon_ws/src/install/smarc_control_msgs/share/smarc_control_msgs/package.xml
