[3.682s] Invoking command in '/home/schni2zle/colcon_ws/src/utilities/utm_latlon_converter': PYTHONPATH=/home/schni2zle/colcon_ws/src/build/utm_latlon_converter/prefix_override:/usr/lib/python3/dist-packages/colcon_core/task/python/colcon_distutils_commands:/home/schni2zle/colcon_ws/src/install/utm_latlon_converter/lib/python3.10/site-packages:${PYTHONPATH} /usr/bin/python3 -W ignore:setup.py install is deprecated setup.py egg_info --egg-base ../../build/utm_latlon_converter build --build-base /home/schni2zle/colcon_ws/src/build/utm_latlon_converter/build install --record /home/schni2zle/colcon_ws/src/build/utm_latlon_converter/install.log --single-version-externally-managed install_data
[4.468s] running egg_info
[4.470s] writing ../../build/utm_latlon_converter/utm_latlon_converter.egg-info/PKG-INFO
[4.470s] writing dependency_links to ../../build/utm_latlon_converter/utm_latlon_converter.egg-info/dependency_links.txt
[4.471s] writing entry points to ../../build/utm_latlon_converter/utm_latlon_converter.egg-info/entry_points.txt
[4.471s] writing requirements to ../../build/utm_latlon_converter/utm_latlon_converter.egg-info/requires.txt
[4.471s] writing top-level names to ../../build/utm_latlon_converter/utm_latlon_converter.egg-info/top_level.txt
[4.475s] reading manifest file '../../build/utm_latlon_converter/utm_latlon_converter.egg-info/SOURCES.txt'
[4.476s] adding license file 'LICENSE'
[4.478s] writing manifest file '../../build/utm_latlon_converter/utm_latlon_converter.egg-info/SOURCES.txt'
[4.478s] running build
[4.478s] running build_py
[4.479s] running install
[4.479s] running install_lib
[4.483s] running install_data
[4.483s] running install_egg_info
[4.488s] removing '/home/schni2zle/colcon_ws/src/install/utm_latlon_converter/lib/python3.10/site-packages/utm_latlon_converter-0.0.0-py3.10.egg-info' (and everything under it)
[4.489s] Copying ../../build/utm_latlon_converter/utm_latlon_converter.egg-info to /home/schni2zle/colcon_ws/src/install/utm_latlon_converter/lib/python3.10/site-packages/utm_latlon_converter-0.0.0-py3.10.egg-info
[4.491s] running install_scripts
[4.547s] Installing converter script to /home/schni2zle/colcon_ws/src/install/utm_latlon_converter/lib/utm_latlon_converter
[4.547s] Installing test_converter script to /home/schni2zle/colcon_ws/src/install/utm_latlon_converter/lib/utm_latlon_converter
[4.548s] writing list of installed files to '/home/schni2zle/colcon_ws/src/build/utm_latlon_converter/install.log'
[4.608s] Invoked command in '/home/schni2zle/colcon_ws/src/utilities/utm_latlon_converter' returned '0': PYTHONPATH=/home/schni2zle/colcon_ws/src/build/utm_latlon_converter/prefix_override:/usr/lib/python3/dist-packages/colcon_core/task/python/colcon_distutils_commands:/home/schni2zle/colcon_ws/src/install/utm_latlon_converter/lib/python3.10/site-packages:${PYTHONPATH} /usr/bin/python3 -W ignore:setup.py install is deprecated setup.py egg_info --egg-base ../../build/utm_latlon_converter build --build-base /home/schni2zle/colcon_ws/src/build/utm_latlon_converter/build install --record /home/schni2zle/colcon_ws/src/build/utm_latlon_converter/install.log --single-version-externally-managed install_data
