[0.146s] Invoking command in '/home/schni2zle/colcon_ws/src/build/smarc_msgs': CMAKE_PREFIX_PATH=${CMAKE_PREFIX_PATH}:/home/schni2zle/colcon_ws/src/install/workshopfun:/home/schni2zle/colcon_ws/src/install/utm_latlon_converter:/home/schni2zle/colcon_ws/src/install/test_package:/home/schni2zle/colcon_ws/src/install/state_estimation:/home/schni2zle/colcon_ws/src/install/smarc_nodered:/home/schni2zle/colcon_ws/src/install/smarc_bt:/home/schni2zle/colcon_ws/src/install/smarc_bringups:/home/schni2zle/colcon_ws/src/install/sam_dead_reckoning:/home/schni2zle/colcon_ws/src/install/ros_tcp_endpoint:/home/schni2zle/colcon_ws/src/install/ros2_python_examples:/home/schni2zle/colcon_ws/src/install/quadrotor_basic_controller:/home/schni2zle/colcon_ws/src/install/mqtt_bridge:/home/schni2zle/colcon_ws/src/install/dubins_planner:/home/schni2zle/colcon_ws/src/install/dive_control:/home/schni2zle/colcon_ws/src/install/basic_go_to_waypoint:/home/schni2zle/colcon_ws/src/install/basic_depth_pitch_control:/home/schni2zle/colcon_ws/install/workshopfun:/home/schni2zle/colcon_ws/install/utm_latlon_converter:/home/schni2zle/colcon_ws/install/smarc_nodered:/home/schni2zle/colcon_ws/install/smarc_bt:/home/schni2zle/colcon_ws/install/smarc_bringups:/home/schni2zle/colcon_ws/install/sam_dead_reckoning:/home/schni2zle/colcon_ws/install/ros_tcp_endpoint:/home/schni2zle/colcon_ws/install/ros2_python_examples:/home/schni2zle/colcon_ws/install/mqtt_bridge:/home/schni2zle/colcon_ws/install/dubins_planner:/home/schni2zle/colcon_ws/install/basic_go_to_waypoint:/opt/ros/humble /usr/bin/cmake --build /home/schni2zle/colcon_ws/src/build/smarc_msgs -- -j8 -l8
[4.382s] [  0%] Built target smarc_msgs__cpp
[4.382s] [ 12%] Built target smarc_msgs__rosidl_generator_c
[4.382s] [ 12%] Built target ament_cmake_python_copy_smarc_msgs
[4.383s] [ 24%] Built target smarc_msgs__rosidl_typesupport_cpp
[4.383s] [ 36%] Built target smarc_msgs__rosidl_typesupport_fastrtps_cpp
[4.383s] [ 49%] Built target smarc_msgs__rosidl_typesupport_introspection_cpp
[4.383s] [ 61%] Built target smarc_msgs__rosidl_typesupport_c
[4.383s] [ 74%] Built target smarc_msgs__rosidl_typesupport_introspection_c
[4.384s] [ 86%] Built target smarc_msgs__rosidl_typesupport_fastrtps_c
[4.384s] [ 86%] Built target smarc_msgs
[4.384s] [ 86%] Built target smarc_msgs__py
[4.384s] [ 98%] Built target smarc_msgs__rosidl_generator_py
[4.384s] [ 99%] Built target smarc_msgs__rosidl_typesupport_c__pyext
[4.385s] [100%] Built target smarc_msgs__rosidl_typesupport_fastrtps_c__pyext
[4.385s] [100%] Built target smarc_msgs__rosidl_typesupport_introspection_c__pyext
[4.385s] running egg_info
[4.385s] writing smarc_msgs.egg-info/PKG-INFO
[4.385s] writing dependency_links to smarc_msgs.egg-info/dependency_links.txt
[4.385s] writing top-level names to smarc_msgs.egg-info/top_level.txt
[4.386s] reading manifest file 'smarc_msgs.egg-info/SOURCES.txt'
[4.386s] writing manifest file 'smarc_msgs.egg-info/SOURCES.txt'
[4.386s] [100%] Built target ament_cmake_python_build_smarc_msgs_egg
[4.388s] Invoked command in '/home/schni2zle/colcon_ws/src/build/smarc_msgs' returned '0': CMAKE_PREFIX_PATH=${CMAKE_PREFIX_PATH}:/home/schni2zle/colcon_ws/src/install/workshopfun:/home/schni2zle/colcon_ws/src/install/utm_latlon_converter:/home/schni2zle/colcon_ws/src/install/test_package:/home/schni2zle/colcon_ws/src/install/state_estimation:/home/schni2zle/colcon_ws/src/install/smarc_nodered:/home/schni2zle/colcon_ws/src/install/smarc_bt:/home/schni2zle/colcon_ws/src/install/smarc_bringups:/home/schni2zle/colcon_ws/src/install/sam_dead_reckoning:/home/schni2zle/colcon_ws/src/install/ros_tcp_endpoint:/home/schni2zle/colcon_ws/src/install/ros2_python_examples:/home/schni2zle/colcon_ws/src/install/quadrotor_basic_controller:/home/schni2zle/colcon_ws/src/install/mqtt_bridge:/home/schni2zle/colcon_ws/src/install/dubins_planner:/home/schni2zle/colcon_ws/src/install/dive_control:/home/schni2zle/colcon_ws/src/install/basic_go_to_waypoint:/home/schni2zle/colcon_ws/src/install/basic_depth_pitch_control:/home/schni2zle/colcon_ws/install/workshopfun:/home/schni2zle/colcon_ws/install/utm_latlon_converter:/home/schni2zle/colcon_ws/install/smarc_nodered:/home/schni2zle/colcon_ws/install/smarc_bt:/home/schni2zle/colcon_ws/install/smarc_bringups:/home/schni2zle/colcon_ws/install/sam_dead_reckoning:/home/schni2zle/colcon_ws/install/ros_tcp_endpoint:/home/schni2zle/colcon_ws/install/ros2_python_examples:/home/schni2zle/colcon_ws/install/mqtt_bridge:/home/schni2zle/colcon_ws/install/dubins_planner:/home/schni2zle/colcon_ws/install/basic_go_to_waypoint:/opt/ros/humble /usr/bin/cmake --build /home/schni2zle/colcon_ws/src/build/smarc_msgs -- -j8 -l8
[7.347s] Invoking command in '/home/schni2zle/colcon_ws/src/build/smarc_msgs': CMAKE_PREFIX_PATH=${CMAKE_PREFIX_PATH}:/home/schni2zle/colcon_ws/src/install/workshopfun:/home/schni2zle/colcon_ws/src/install/utm_latlon_converter:/home/schni2zle/colcon_ws/src/install/test_package:/home/schni2zle/colcon_ws/src/install/state_estimation:/home/schni2zle/colcon_ws/src/install/smarc_nodered:/home/schni2zle/colcon_ws/src/install/smarc_bt:/home/schni2zle/colcon_ws/src/install/smarc_bringups:/home/schni2zle/colcon_ws/src/install/sam_dead_reckoning:/home/schni2zle/colcon_ws/src/install/ros_tcp_endpoint:/home/schni2zle/colcon_ws/src/install/ros2_python_examples:/home/schni2zle/colcon_ws/src/install/quadrotor_basic_controller:/home/schni2zle/colcon_ws/src/install/mqtt_bridge:/home/schni2zle/colcon_ws/src/install/dubins_planner:/home/schni2zle/colcon_ws/src/install/dive_control:/home/schni2zle/colcon_ws/src/install/basic_go_to_waypoint:/home/schni2zle/colcon_ws/src/install/basic_depth_pitch_control:/home/schni2zle/colcon_ws/install/workshopfun:/home/schni2zle/colcon_ws/install/utm_latlon_converter:/home/schni2zle/colcon_ws/install/smarc_nodered:/home/schni2zle/colcon_ws/install/smarc_bt:/home/schni2zle/colcon_ws/install/smarc_bringups:/home/schni2zle/colcon_ws/install/sam_dead_reckoning:/home/schni2zle/colcon_ws/install/ros_tcp_endpoint:/home/schni2zle/colcon_ws/install/ros2_python_examples:/home/schni2zle/colcon_ws/install/mqtt_bridge:/home/schni2zle/colcon_ws/install/dubins_planner:/home/schni2zle/colcon_ws/install/basic_go_to_waypoint:/opt/ros/humble /usr/bin/cmake --install /home/schni2zle/colcon_ws/src/build/smarc_msgs
[7.391s] -- Install configuration: ""
[7.391s] -- Up-to-date: /home/schni2zle/colcon_ws/src/install/smarc_msgs/share/ament_index/resource_index/rosidl_interfaces/smarc_msgs
[7.391s] -- Up-to-date: /home/schni2zle/colcon_ws/src/install/smarc_msgs/include/smarc_msgs/smarc_msgs
[7.391s] -- Up-to-date: /home/schni2zle/colcon_ws/src/install/smarc_msgs/include/smarc_msgs/smarc_msgs/msg
[7.392s] -- Up-to-date: /home/schni2zle/colcon_ws/src/install/smarc_msgs/include/smarc_msgs/smarc_msgs/msg/string_array.h
[7.392s] -- Up-to-date: /home/schni2zle/colcon_ws/src/install/smarc_msgs/include/smarc_msgs/smarc_msgs/msg/rosidl_generator_c__visibility_control.h
[7.392s] -- Up-to-date: /home/schni2zle/colcon_ws/src/install/smarc_msgs/include/smarc_msgs/smarc_msgs/msg/ctd.h
[7.396s] -- Up-to-date: /home/schni2zle/colcon_ws/src/install/smarc_msgs/include/smarc_msgs/smarc_msgs/msg/comms_message.h
[7.405s] -- Up-to-date: /home/schni2zle/colcon_ws/src/install/smarc_msgs/include/smarc_msgs/smarc_msgs/msg/sidescan.h
[7.411s] -- Up-to-date: /home/schni2zle/colcon_ws/src/install/smarc_msgs/include/smarc_msgs/smarc_msgs/msg/execution_status.h
[7.415s] -- Up-to-date: /home/schni2zle/colcon_ws/src/install/smarc_msgs/include/smarc_msgs/smarc_msgs/msg/dvl_beam.h
[7.415s] -- Up-to-date: /home/schni2zle/colcon_ws/src/install/smarc_msgs/include/smarc_msgs/smarc_msgs/msg/thruster_rpm.h
[7.416s] -- Up-to-date: /home/schni2zle/colcon_ws/src/install/smarc_msgs/include/smarc_msgs/smarc_msgs/msg/sm_task.h
[7.416s] -- Up-to-date: /home/schni2zle/colcon_ws/src/install/smarc_msgs/include/smarc_msgs/smarc_msgs/msg/controller_status.h
[7.416s] -- Up-to-date: /home/schni2zle/colcon_ws/src/install/smarc_msgs/include/smarc_msgs/smarc_msgs/msg/leak.h
[7.416s] -- Up-to-date: /home/schni2zle/colcon_ws/src/install/smarc_msgs/include/smarc_msgs/smarc_msgs/msg/dual_thruster_feedback.h
[7.417s] -- Up-to-date: /home/schni2zle/colcon_ws/src/install/smarc_msgs/include/smarc_msgs/smarc_msgs/msg/detail
[7.417s] -- Up-to-date: /home/schni2zle/colcon_ws/src/install/smarc_msgs/include/smarc_msgs/smarc_msgs/msg/detail/string_pair__functions.c
[7.417s] -- Up-to-date: /home/schni2zle/colcon_ws/src/install/smarc_msgs/include/smarc_msgs/smarc_msgs/msg/detail/float_stamped__functions.c
[7.417s] -- Up-to-date: /home/schni2zle/colcon_ws/src/install/smarc_msgs/include/smarc_msgs/smarc_msgs/msg/detail/dual_thruster_feedback__type_support.h
[7.417s] -- Up-to-date: /home/schni2zle/colcon_ws/src/install/smarc_msgs/include/smarc_msgs/smarc_msgs/msg/detail/string_array__functions.h
[7.418s] -- Up-to-date: /home/schni2zle/colcon_ws/src/install/smarc_msgs/include/smarc_msgs/smarc_msgs/msg/detail/thruster_dc__functions.c
[7.418s] -- Up-to-date: /home/schni2zle/colcon_ws/src/install/smarc_msgs/include/smarc_msgs/smarc_msgs/msg/detail/comms_message__functions.h
[7.427s] -- Up-to-date: /home/schni2zle/colcon_ws/src/install/smarc_msgs/include/smarc_msgs/smarc_msgs/msg/detail/execution_status__functions.h
[7.428s] -- Up-to-date: /home/schni2zle/colcon_ws/src/install/smarc_msgs/include/smarc_msgs/smarc_msgs/msg/detail/controller_status__functions.h
[7.429s] -- Up-to-date: /home/schni2zle/colcon_ws/src/install/smarc_msgs/include/smarc_msgs/smarc_msgs/msg/detail/leak__functions.h
[7.435s] -- Up-to-date: /home/schni2zle/colcon_ws/src/install/smarc_msgs/include/smarc_msgs/smarc_msgs/msg/detail/thruster_feedback__functions.c
[7.436s] -- Up-to-date: /home/schni2zle/colcon_ws/src/install/smarc_msgs/include/smarc_msgs/smarc_msgs/msg/detail/leak__functions.c
[7.438s] -- Up-to-date: /home/schni2zle/colcon_ws/src/install/smarc_msgs/include/smarc_msgs/smarc_msgs/msg/detail/topics__struct.h
[7.438s] -- Up-to-date: /home/schni2zle/colcon_ws/src/install/smarc_msgs/include/smarc_msgs/smarc_msgs/msg/detail/execution_status__functions.c
[7.439s] -- Up-to-date: /home/schni2zle/colcon_ws/src/install/smarc_msgs/include/smarc_msgs/smarc_msgs/msg/detail/sensor_status__functions.c
[7.439s] -- Up-to-date: /home/schni2zle/colcon_ws/src/install/smarc_msgs/include/smarc_msgs/smarc_msgs/msg/detail/dvl_beam__type_support.h
[7.442s] -- Up-to-date: /home/schni2zle/colcon_ws/src/install/smarc_msgs/include/smarc_msgs/smarc_msgs/msg/detail/dvl_beam__functions.h
[7.442s] -- Up-to-date: /home/schni2zle/colcon_ws/src/install/smarc_msgs/include/smarc_msgs/smarc_msgs/msg/detail/dual_thruster_feedback__struct.h
[7.442s] -- Up-to-date: /home/schni2zle/colcon_ws/src/install/smarc_msgs/include/smarc_msgs/smarc_msgs/msg/detail/leak__type_support.h
[7.442s] -- Up-to-date: /home/schni2zle/colcon_ws/src/install/smarc_msgs/include/smarc_msgs/smarc_msgs/msg/detail/ctd__type_support.h
[7.443s] -- Up-to-date: /home/schni2zle/colcon_ws/src/install/smarc_msgs/include/smarc_msgs/smarc_msgs/msg/detail/lat_lon_stamped__type_support.h
[7.443s] -- Up-to-date: /home/schni2zle/colcon_ws/src/install/smarc_msgs/include/smarc_msgs/smarc_msgs/msg/detail/dvl__struct.h
[7.443s] -- Up-to-date: /home/schni2zle/colcon_ws/src/install/smarc_msgs/include/smarc_msgs/smarc_msgs/msg/detail/dvl__type_support.h
[7.443s] -- Up-to-date: /home/schni2zle/colcon_ws/src/install/smarc_msgs/include/smarc_msgs/smarc_msgs/msg/detail/dual_thruster_rpm__functions.h
[7.443s] -- Up-to-date: /home/schni2zle/colcon_ws/src/install/smarc_msgs/include/smarc_msgs/smarc_msgs/msg/detail/float_stamped__struct.h
[7.443s] -- Up-to-date: /home/schni2zle/colcon_ws/src/install/smarc_msgs/include/smarc_msgs/smarc_msgs/msg/detail/sensor_status__type_support.h
[7.444s] -- Up-to-date: /home/schni2zle/colcon_ws/src/install/smarc_msgs/include/smarc_msgs/smarc_msgs/msg/detail/string_array__functions.c
[7.444s] -- Up-to-date: /home/schni2zle/colcon_ws/src/install/smarc_msgs/include/smarc_msgs/smarc_msgs/msg/detail/topics__type_support.h
[7.444s] -- Up-to-date: /home/schni2zle/colcon_ws/src/install/smarc_msgs/include/smarc_msgs/smarc_msgs/msg/detail/controller_status__type_support.h
[7.450s] -- Up-to-date: /home/schni2zle/colcon_ws/src/install/smarc_msgs/include/smarc_msgs/smarc_msgs/msg/detail/thruster_dc__type_support.h
[7.451s] -- Up-to-date: /home/schni2zle/colcon_ws/src/install/smarc_msgs/include/smarc_msgs/smarc_msgs/msg/detail/thruster_feedback__functions.h
[7.451s] -- Up-to-date: /home/schni2zle/colcon_ws/src/install/smarc_msgs/include/smarc_msgs/smarc_msgs/msg/detail/lat_lon_odometry__struct.h
[7.451s] -- Up-to-date: /home/schni2zle/colcon_ws/src/install/smarc_msgs/include/smarc_msgs/smarc_msgs/msg/detail/execution_status__type_support.h
[7.451s] -- Up-to-date: /home/schni2zle/colcon_ws/src/install/smarc_msgs/include/smarc_msgs/smarc_msgs/msg/detail/lat_lon_odometry__type_support.h
[7.453s] -- Up-to-date: /home/schni2zle/colcon_ws/src/install/smarc_msgs/include/smarc_msgs/smarc_msgs/msg/detail/string_stamped__functions.h
[7.454s] -- Up-to-date: /home/schni2zle/colcon_ws/src/install/smarc_msgs/include/smarc_msgs/smarc_msgs/msg/detail/execution_status__struct.h
[7.454s] -- Up-to-date: /home/schni2zle/colcon_ws/src/install/smarc_msgs/include/smarc_msgs/smarc_msgs/msg/detail/topics__functions.h
[7.455s] -- Up-to-date: /home/schni2zle/colcon_ws/src/install/smarc_msgs/include/smarc_msgs/smarc_msgs/msg/detail/float_stamped__type_support.h
[7.455s] -- Up-to-date: /home/schni2zle/colcon_ws/src/install/smarc_msgs/include/smarc_msgs/smarc_msgs/msg/detail/sm_task__struct.h
[7.456s] -- Up-to-date: /home/schni2zle/colcon_ws/src/install/smarc_msgs/include/smarc_msgs/smarc_msgs/msg/detail/lat_lon_stamped__functions.h
[7.456s] -- Up-to-date: /home/schni2zle/colcon_ws/src/install/smarc_msgs/include/smarc_msgs/smarc_msgs/msg/detail/float_stamped__functions.h
[7.456s] -- Up-to-date: /home/schni2zle/colcon_ws/src/install/smarc_msgs/include/smarc_msgs/smarc_msgs/msg/detail/sensor_status__functions.h
[7.456s] -- Up-to-date: /home/schni2zle/colcon_ws/src/install/smarc_msgs/include/smarc_msgs/smarc_msgs/msg/detail/dual_thruster_feedback__functions.h
[7.457s] -- Up-to-date: /home/schni2zle/colcon_ws/src/install/smarc_msgs/include/smarc_msgs/smarc_msgs/msg/detail/topics__functions.c
[7.457s] -- Up-to-date: /home/schni2zle/colcon_ws/src/install/smarc_msgs/include/smarc_msgs/smarc_msgs/msg/detail/sidescan__type_support.h
[7.457s] -- Up-to-date: /home/schni2zle/colcon_ws/src/install/smarc_msgs/include/smarc_msgs/smarc_msgs/msg/detail/string_pair__type_support.h
[7.458s] -- Up-to-date: /home/schni2zle/colcon_ws/src/install/smarc_msgs/include/smarc_msgs/smarc_msgs/msg/detail/thruster_dc__functions.h
[7.458s] -- Up-to-date: /home/schni2zle/colcon_ws/src/install/smarc_msgs/include/smarc_msgs/smarc_msgs/msg/detail/lat_lon_odometry__functions.c
[7.476s] -- Up-to-date: /home/schni2zle/colcon_ws/src/install/smarc_msgs/include/smarc_msgs/smarc_msgs/msg/detail/thruster_feedback__struct.h
[7.476s] -- Up-to-date: /home/schni2zle/colcon_ws/src/install/smarc_msgs/include/smarc_msgs/smarc_msgs/msg/detail/ctd__functions.c
[7.477s] -- Up-to-date: /home/schni2zle/colcon_ws/src/install/smarc_msgs/include/smarc_msgs/smarc_msgs/msg/detail/sm_task__functions.c
[7.477s] -- Up-to-date: /home/schni2zle/colcon_ws/src/install/smarc_msgs/include/smarc_msgs/smarc_msgs/msg/detail/controller_status__functions.c
[7.477s] -- Up-to-date: /home/schni2zle/colcon_ws/src/install/smarc_msgs/include/smarc_msgs/smarc_msgs/msg/detail/thruster_rpm__functions.h
[7.477s] -- Up-to-date: /home/schni2zle/colcon_ws/src/install/smarc_msgs/include/smarc_msgs/smarc_msgs/msg/detail/string_pair__functions.h
[7.477s] -- Up-to-date: /home/schni2zle/colcon_ws/src/install/smarc_msgs/include/smarc_msgs/smarc_msgs/msg/detail/sm_task__functions.h
[7.478s] -- Up-to-date: /home/schni2zle/colcon_ws/src/install/smarc_msgs/include/smarc_msgs/smarc_msgs/msg/detail/comms_message__type_support.h
[7.478s] -- Up-to-date: /home/schni2zle/colcon_ws/src/install/smarc_msgs/include/smarc_msgs/smarc_msgs/msg/detail/sidescan__functions.h
[7.478s] -- Up-to-date: /home/schni2zle/colcon_ws/src/install/smarc_msgs/include/smarc_msgs/smarc_msgs/msg/detail/comms_message__functions.c
[7.478s] -- Up-to-date: /home/schni2zle/colcon_ws/src/install/smarc_msgs/include/smarc_msgs/smarc_msgs/msg/detail/string_stamped__struct.h
[7.478s] -- Up-to-date: /home/schni2zle/colcon_ws/src/install/smarc_msgs/include/smarc_msgs/smarc_msgs/msg/detail/dvl_beam__functions.c
[7.479s] -- Up-to-date: /home/schni2zle/colcon_ws/src/install/smarc_msgs/include/smarc_msgs/smarc_msgs/msg/detail/dvl_beam__struct.h
[7.479s] -- Up-to-date: /home/schni2zle/colcon_ws/src/install/smarc_msgs/include/smarc_msgs/smarc_msgs/msg/detail/lat_lon_stamped__functions.c
[7.479s] -- Up-to-date: /home/schni2zle/colcon_ws/src/install/smarc_msgs/include/smarc_msgs/smarc_msgs/msg/detail/string_array__struct.h
[7.479s] -- Up-to-date: /home/schni2zle/colcon_ws/src/install/smarc_msgs/include/smarc_msgs/smarc_msgs/msg/detail/lat_lon_odometry__functions.h
[7.479s] -- Up-to-date: /home/schni2zle/colcon_ws/src/install/smarc_msgs/include/smarc_msgs/smarc_msgs/msg/detail/string_pair__struct.h
[7.480s] -- Up-to-date: /home/schni2zle/colcon_ws/src/install/smarc_msgs/include/smarc_msgs/smarc_msgs/msg/detail/sensor_status__struct.h
[7.480s] -- Up-to-date: /home/schni2zle/colcon_ws/src/install/smarc_msgs/include/smarc_msgs/smarc_msgs/msg/detail/dvl__functions.c
[7.480s] -- Up-to-date: /home/schni2zle/colcon_ws/src/install/smarc_msgs/include/smarc_msgs/smarc_msgs/msg/detail/ctd__struct.h
[7.480s] -- Up-to-date: /home/schni2zle/colcon_ws/src/install/smarc_msgs/include/smarc_msgs/smarc_msgs/msg/detail/string_stamped__functions.c
[7.480s] -- Up-to-date: /home/schni2zle/colcon_ws/src/install/smarc_msgs/include/smarc_msgs/smarc_msgs/msg/detail/thruster_rpm__type_support.h
[7.480s] -- Up-to-date: /home/schni2zle/colcon_ws/src/install/smarc_msgs/include/smarc_msgs/smarc_msgs/msg/detail/dual_thruster_feedback__functions.c
[7.481s] -- Up-to-date: /home/schni2zle/colcon_ws/src/install/smarc_msgs/include/smarc_msgs/smarc_msgs/msg/detail/lat_lon_stamped__struct.h
[7.481s] -- Up-to-date: /home/schni2zle/colcon_ws/src/install/smarc_msgs/include/smarc_msgs/smarc_msgs/msg/detail/thruster_rpm__functions.c
[7.481s] -- Up-to-date: /home/schni2zle/colcon_ws/src/install/smarc_msgs/include/smarc_msgs/smarc_msgs/msg/detail/dual_thruster_rpm__functions.c
[7.481s] -- Up-to-date: /home/schni2zle/colcon_ws/src/install/smarc_msgs/include/smarc_msgs/smarc_msgs/msg/detail/dvl__functions.h
[7.481s] -- Up-to-date: /home/schni2zle/colcon_ws/src/install/smarc_msgs/include/smarc_msgs/smarc_msgs/msg/detail/thruster_dc__struct.h
[7.482s] -- Up-to-date: /home/schni2zle/colcon_ws/src/install/smarc_msgs/include/smarc_msgs/smarc_msgs/msg/detail/string_stamped__type_support.h
[7.482s] -- Up-to-date: /home/schni2zle/colcon_ws/src/install/smarc_msgs/include/smarc_msgs/smarc_msgs/msg/detail/thruster_feedback__type_support.h
[7.482s] -- Up-to-date: /home/schni2zle/colcon_ws/src/install/smarc_msgs/include/smarc_msgs/smarc_msgs/msg/detail/comms_message__struct.h
[7.482s] -- Up-to-date: /home/schni2zle/colcon_ws/src/install/smarc_msgs/include/smarc_msgs/smarc_msgs/msg/detail/ctd__functions.h
[7.508s] -- Up-to-date: /home/schni2zle/colcon_ws/src/install/smarc_msgs/include/smarc_msgs/smarc_msgs/msg/detail/thruster_rpm__struct.h
[7.508s] -- Up-to-date: /home/schni2zle/colcon_ws/src/install/smarc_msgs/include/smarc_msgs/smarc_msgs/msg/detail/string_array__type_support.h
[7.508s] -- Up-to-date: /home/schni2zle/colcon_ws/src/install/smarc_msgs/include/smarc_msgs/smarc_msgs/msg/detail/sm_task__type_support.h
[7.512s] -- Up-to-date: /home/schni2zle/colcon_ws/src/install/smarc_msgs/include/smarc_msgs/smarc_msgs/msg/detail/sidescan__struct.h
[7.512s] -- Up-to-date: /home/schni2zle/colcon_ws/src/install/smarc_msgs/include/smarc_msgs/smarc_msgs/msg/detail/sidescan__functions.c
[7.512s] -- Up-to-date: /home/schni2zle/colcon_ws/src/install/smarc_msgs/include/smarc_msgs/smarc_msgs/msg/detail/leak__struct.h
[7.512s] -- Up-to-date: /home/schni2zle/colcon_ws/src/install/smarc_msgs/include/smarc_msgs/smarc_msgs/msg/detail/dual_thruster_rpm__struct.h
[7.513s] -- Up-to-date: /home/schni2zle/colcon_ws/src/install/smarc_msgs/include/smarc_msgs/smarc_msgs/msg/detail/dual_thruster_rpm__type_support.h
[7.513s] -- Up-to-date: /home/schni2zle/colcon_ws/src/install/smarc_msgs/include/smarc_msgs/smarc_msgs/msg/detail/controller_status__struct.h
[7.513s] -- Up-to-date: /home/schni2zle/colcon_ws/src/install/smarc_msgs/include/smarc_msgs/smarc_msgs/msg/dual_thruster_rpm.h
[7.513s] -- Up-to-date: /home/schni2zle/colcon_ws/src/install/smarc_msgs/include/smarc_msgs/smarc_msgs/msg/lat_lon_odometry.h
[7.513s] -- Up-to-date: /home/schni2zle/colcon_ws/src/install/smarc_msgs/include/smarc_msgs/smarc_msgs/msg/thruster_feedback.h
[7.514s] -- Up-to-date: /home/schni2zle/colcon_ws/src/install/smarc_msgs/include/smarc_msgs/smarc_msgs/msg/dvl.h
[7.514s] -- Up-to-date: /home/schni2zle/colcon_ws/src/install/smarc_msgs/include/smarc_msgs/smarc_msgs/msg/float_stamped.h
[7.514s] -- Up-to-date: /home/schni2zle/colcon_ws/src/install/smarc_msgs/include/smarc_msgs/smarc_msgs/msg/lat_lon_stamped.h
[7.514s] -- Up-to-date: /home/schni2zle/colcon_ws/src/install/smarc_msgs/include/smarc_msgs/smarc_msgs/msg/sensor_status.h
[7.514s] -- Up-to-date: /home/schni2zle/colcon_ws/src/install/smarc_msgs/include/smarc_msgs/smarc_msgs/msg/thruster_dc.h
[7.515s] -- Up-to-date: /home/schni2zle/colcon_ws/src/install/smarc_msgs/include/smarc_msgs/smarc_msgs/msg/string_stamped.h
[7.515s] -- Up-to-date: /home/schni2zle/colcon_ws/src/install/smarc_msgs/include/smarc_msgs/smarc_msgs/msg/string_pair.h
[7.516s] -- Up-to-date: /home/schni2zle/colcon_ws/src/install/smarc_msgs/include/smarc_msgs/smarc_msgs/msg/topics.h
[7.516s] -- Up-to-date: /home/schni2zle/colcon_ws/src/install/smarc_msgs/include/smarc_msgs/smarc_msgs/srv
[7.518s] -- Up-to-date: /home/schni2zle/colcon_ws/src/install/smarc_msgs/include/smarc_msgs/smarc_msgs/srv/nedenu_rotation.h
[7.519s] -- Up-to-date: /home/schni2zle/colcon_ws/src/install/smarc_msgs/include/smarc_msgs/smarc_msgs/srv/lat_lon_to_utm_odometry.h
[7.519s] -- Up-to-date: /home/schni2zle/colcon_ws/src/install/smarc_msgs/include/smarc_msgs/smarc_msgs/srv/cell_occupied.h
[7.519s] -- Up-to-date: /home/schni2zle/colcon_ws/src/install/smarc_msgs/include/smarc_msgs/smarc_msgs/srv/add_tasks.h
[7.520s] -- Up-to-date: /home/schni2zle/colcon_ws/src/install/smarc_msgs/include/smarc_msgs/smarc_msgs/srv/detail
[7.520s] -- Up-to-date: /home/schni2zle/colcon_ws/src/install/smarc_msgs/include/smarc_msgs/smarc_msgs/srv/detail/nedenu_rotation__type_support.h
[7.520s] -- Up-to-date: /home/schni2zle/colcon_ws/src/install/smarc_msgs/include/smarc_msgs/smarc_msgs/srv/detail/nedenu_rotation__struct.h
[7.520s] -- Up-to-date: /home/schni2zle/colcon_ws/src/install/smarc_msgs/include/smarc_msgs/smarc_msgs/srv/detail/lat_lon_to_utm_odometry__functions.h
[7.521s] -- Up-to-date: /home/schni2zle/colcon_ws/src/install/smarc_msgs/include/smarc_msgs/smarc_msgs/srv/detail/lat_lon_to_utm_odometry__type_support.h
[7.521s] -- Up-to-date: /home/schni2zle/colcon_ws/src/install/smarc_msgs/include/smarc_msgs/smarc_msgs/srv/detail/cell_occupied__functions.h
[7.522s] -- Up-to-date: /home/schni2zle/colcon_ws/src/install/smarc_msgs/include/smarc_msgs/smarc_msgs/srv/detail/nedenu_rotation__functions.c
[7.522s] -- Up-to-date: /home/schni2zle/colcon_ws/src/install/smarc_msgs/include/smarc_msgs/smarc_msgs/srv/detail/add_tasks__functions.c
[7.536s] -- Up-to-date: /home/schni2zle/colcon_ws/src/install/smarc_msgs/include/smarc_msgs/smarc_msgs/srv/detail/add_task__functions.h
[7.536s] -- Up-to-date: /home/schni2zle/colcon_ws/src/install/smarc_msgs/include/smarc_msgs/smarc_msgs/srv/detail/add_task__struct.h
[7.537s] -- Up-to-date: /home/schni2zle/colcon_ws/src/install/smarc_msgs/include/smarc_msgs/smarc_msgs/srv/detail/lat_lon_to_utm_odometry__struct.h
[7.537s] -- Up-to-date: /home/schni2zle/colcon_ws/src/install/smarc_msgs/include/smarc_msgs/smarc_msgs/srv/detail/lat_lon_to_utm_odometry__functions.c
[7.537s] -- Up-to-date: /home/schni2zle/colcon_ws/src/install/smarc_msgs/include/smarc_msgs/smarc_msgs/srv/detail/add_tasks__type_support.h
[7.537s] -- Up-to-date: /home/schni2zle/colcon_ws/src/install/smarc_msgs/include/smarc_msgs/smarc_msgs/srv/detail/add_tasks__struct.h
[7.537s] -- Up-to-date: /home/schni2zle/colcon_ws/src/install/smarc_msgs/include/smarc_msgs/smarc_msgs/srv/detail/nedenu_rotation__functions.h
[7.538s] -- Up-to-date: /home/schni2zle/colcon_ws/src/install/smarc_msgs/include/smarc_msgs/smarc_msgs/srv/detail/add_tasks__functions.h
[7.538s] -- Up-to-date: /home/schni2zle/colcon_ws/src/install/smarc_msgs/include/smarc_msgs/smarc_msgs/srv/detail/add_task__functions.c
[7.538s] -- Up-to-date: /home/schni2zle/colcon_ws/src/install/smarc_msgs/include/smarc_msgs/smarc_msgs/srv/detail/cell_occupied__struct.h
[7.538s] -- Up-to-date: /home/schni2zle/colcon_ws/src/install/smarc_msgs/include/smarc_msgs/smarc_msgs/srv/detail/cell_occupied__functions.c
[7.538s] -- Up-to-date: /home/schni2zle/colcon_ws/src/install/smarc_msgs/include/smarc_msgs/smarc_msgs/srv/detail/add_task__type_support.h
[7.539s] -- Up-to-date: /home/schni2zle/colcon_ws/src/install/smarc_msgs/include/smarc_msgs/smarc_msgs/srv/detail/cell_occupied__type_support.h
[7.539s] -- Up-to-date: /home/schni2zle/colcon_ws/src/install/smarc_msgs/include/smarc_msgs/smarc_msgs/srv/add_task.h
[7.539s] -- Up-to-date: /home/schni2zle/colcon_ws/src/install/smarc_msgs/share/smarc_msgs/environment/library_path.sh
[7.539s] -- Up-to-date: /home/schni2zle/colcon_ws/src/install/smarc_msgs/share/smarc_msgs/environment/library_path.dsv
[7.539s] -- Up-to-date: /home/schni2zle/colcon_ws/src/install/smarc_msgs/lib/libsmarc_msgs__rosidl_generator_c.so
[7.540s] -- Up-to-date: /home/schni2zle/colcon_ws/src/install/smarc_msgs/include/smarc_msgs/smarc_msgs
[7.540s] -- Up-to-date: /home/schni2zle/colcon_ws/src/install/smarc_msgs/include/smarc_msgs/smarc_msgs/msg
[7.540s] -- Up-to-date: /home/schni2zle/colcon_ws/src/install/smarc_msgs/include/smarc_msgs/smarc_msgs/msg/rosidl_typesupport_fastrtps_c__visibility_control.h
[7.540s] -- Up-to-date: /home/schni2zle/colcon_ws/src/install/smarc_msgs/include/smarc_msgs/smarc_msgs/msg/detail
[7.540s] -- Up-to-date: /home/schni2zle/colcon_ws/src/install/smarc_msgs/include/smarc_msgs/smarc_msgs/msg/detail/lat_lon_odometry__rosidl_typesupport_fastrtps_c.h
[7.541s] -- Up-to-date: /home/schni2zle/colcon_ws/src/install/smarc_msgs/include/smarc_msgs/smarc_msgs/msg/detail/float_stamped__rosidl_typesupport_fastrtps_c.h
[7.543s] -- Up-to-date: /home/schni2zle/colcon_ws/src/install/smarc_msgs/include/smarc_msgs/smarc_msgs/msg/detail/dvl_beam__rosidl_typesupport_fastrtps_c.h
[7.543s] -- Up-to-date: /home/schni2zle/colcon_ws/src/install/smarc_msgs/include/smarc_msgs/smarc_msgs/msg/detail/dual_thruster_feedback__rosidl_typesupport_fastrtps_c.h
[7.545s] -- Up-to-date: /home/schni2zle/colcon_ws/src/install/smarc_msgs/include/smarc_msgs/smarc_msgs/msg/detail/ctd__rosidl_typesupport_fastrtps_c.h
[7.545s] -- Up-to-date: /home/schni2zle/colcon_ws/src/install/smarc_msgs/include/smarc_msgs/smarc_msgs/msg/detail/topics__rosidl_typesupport_fastrtps_c.h
[7.546s] -- Up-to-date: /home/schni2zle/colcon_ws/src/install/smarc_msgs/include/smarc_msgs/smarc_msgs/msg/detail/comms_message__rosidl_typesupport_fastrtps_c.h
[7.546s] -- Up-to-date: /home/schni2zle/colcon_ws/src/install/smarc_msgs/include/smarc_msgs/smarc_msgs/msg/detail/thruster_feedback__rosidl_typesupport_fastrtps_c.h
[7.546s] -- Up-to-date: /home/schni2zle/colcon_ws/src/install/smarc_msgs/include/smarc_msgs/smarc_msgs/msg/detail/string_stamped__rosidl_typesupport_fastrtps_c.h
[7.546s] -- Up-to-date: /home/schni2zle/colcon_ws/src/install/smarc_msgs/include/smarc_msgs/smarc_msgs/msg/detail/string_pair__rosidl_typesupport_fastrtps_c.h
[7.546s] -- Up-to-date: /home/schni2zle/colcon_ws/src/install/smarc_msgs/include/smarc_msgs/smarc_msgs/msg/detail/lat_lon_stamped__rosidl_typesupport_fastrtps_c.h
[7.547s] -- Up-to-date: /home/schni2zle/colcon_ws/src/install/smarc_msgs/include/smarc_msgs/smarc_msgs/msg/detail/thruster_rpm__rosidl_typesupport_fastrtps_c.h
[7.547s] -- Up-to-date: /home/schni2zle/colcon_ws/src/install/smarc_msgs/include/smarc_msgs/smarc_msgs/msg/detail/controller_status__rosidl_typesupport_fastrtps_c.h
[7.547s] -- Up-to-date: /home/schni2zle/colcon_ws/src/install/smarc_msgs/include/smarc_msgs/smarc_msgs/msg/detail/dual_thruster_rpm__rosidl_typesupport_fastrtps_c.h
[7.547s] -- Up-to-date: /home/schni2zle/colcon_ws/src/install/smarc_msgs/include/smarc_msgs/smarc_msgs/msg/detail/dvl__rosidl_typesupport_fastrtps_c.h
[7.547s] -- Up-to-date: /home/schni2zle/colcon_ws/src/install/smarc_msgs/include/smarc_msgs/smarc_msgs/msg/detail/leak__rosidl_typesupport_fastrtps_c.h
[7.548s] -- Up-to-date: /home/schni2zle/colcon_ws/src/install/smarc_msgs/include/smarc_msgs/smarc_msgs/msg/detail/string_array__rosidl_typesupport_fastrtps_c.h
[7.548s] -- Up-to-date: /home/schni2zle/colcon_ws/src/install/smarc_msgs/include/smarc_msgs/smarc_msgs/msg/detail/sensor_status__rosidl_typesupport_fastrtps_c.h
[7.549s] -- Up-to-date: /home/schni2zle/colcon_ws/src/install/smarc_msgs/include/smarc_msgs/smarc_msgs/msg/detail/thruster_dc__rosidl_typesupport_fastrtps_c.h
[7.549s] -- Up-to-date: /home/schni2zle/colcon_ws/src/install/smarc_msgs/include/smarc_msgs/smarc_msgs/msg/detail/sm_task__rosidl_typesupport_fastrtps_c.h
[7.550s] -- Up-to-date: /home/schni2zle/colcon_ws/src/install/smarc_msgs/include/smarc_msgs/smarc_msgs/msg/detail/execution_status__rosidl_typesupport_fastrtps_c.h
[7.550s] -- Up-to-date: /home/schni2zle/colcon_ws/src/install/smarc_msgs/include/smarc_msgs/smarc_msgs/msg/detail/sidescan__rosidl_typesupport_fastrtps_c.h
[7.550s] -- Up-to-date: /home/schni2zle/colcon_ws/src/install/smarc_msgs/include/smarc_msgs/smarc_msgs/srv
[7.550s] -- Up-to-date: /home/schni2zle/colcon_ws/src/install/smarc_msgs/include/smarc_msgs/smarc_msgs/srv/detail
[7.551s] -- Up-to-date: /home/schni2zle/colcon_ws/src/install/smarc_msgs/include/smarc_msgs/smarc_msgs/srv/detail/lat_lon_to_utm_odometry__rosidl_typesupport_fastrtps_c.h
[7.551s] -- Up-to-date: /home/schni2zle/colcon_ws/src/install/smarc_msgs/include/smarc_msgs/smarc_msgs/srv/detail/add_tasks__rosidl_typesupport_fastrtps_c.h
[7.552s] -- Up-to-date: /home/schni2zle/colcon_ws/src/install/smarc_msgs/include/smarc_msgs/smarc_msgs/srv/detail/nedenu_rotation__rosidl_typesupport_fastrtps_c.h
[7.552s] -- Up-to-date: /home/schni2zle/colcon_ws/src/install/smarc_msgs/include/smarc_msgs/smarc_msgs/srv/detail/cell_occupied__rosidl_typesupport_fastrtps_c.h
[7.552s] -- Up-to-date: /home/schni2zle/colcon_ws/src/install/smarc_msgs/include/smarc_msgs/smarc_msgs/srv/detail/add_task__rosidl_typesupport_fastrtps_c.h
[7.552s] -- Up-to-date: /home/schni2zle/colcon_ws/src/install/smarc_msgs/lib/libsmarc_msgs__rosidl_typesupport_fastrtps_c.so
[7.555s] -- Up-to-date: /home/schni2zle/colcon_ws/src/install/smarc_msgs/include/smarc_msgs/smarc_msgs
[7.555s] -- Up-to-date: /home/schni2zle/colcon_ws/src/install/smarc_msgs/include/smarc_msgs/smarc_msgs/msg
[7.556s] -- Up-to-date: /home/schni2zle/colcon_ws/src/install/smarc_msgs/include/smarc_msgs/smarc_msgs/msg/rosidl_typesupport_introspection_c__visibility_control.h
[7.556s] -- Up-to-date: /home/schni2zle/colcon_ws/src/install/smarc_msgs/include/smarc_msgs/smarc_msgs/msg/detail
[7.556s] -- Up-to-date: /home/schni2zle/colcon_ws/src/install/smarc_msgs/include/smarc_msgs/smarc_msgs/msg/detail/string_pair__rosidl_typesupport_introspection_c.h
[7.556s] -- Up-to-date: /home/schni2zle/colcon_ws/src/install/smarc_msgs/include/smarc_msgs/smarc_msgs/msg/detail/dvl_beam__rosidl_typesupport_introspection_c.h
[7.557s] -- Up-to-date: /home/schni2zle/colcon_ws/src/install/smarc_msgs/include/smarc_msgs/smarc_msgs/msg/detail/sidescan__rosidl_typesupport_introspection_c.h
[7.557s] -- Up-to-date: /home/schni2zle/colcon_ws/src/install/smarc_msgs/include/smarc_msgs/smarc_msgs/msg/detail/topics__type_support.c
[7.557s] -- Up-to-date: /home/schni2zle/colcon_ws/src/install/smarc_msgs/include/smarc_msgs/smarc_msgs/msg/detail/controller_status__type_support.c
[7.557s] -- Up-to-date: /home/schni2zle/colcon_ws/src/install/smarc_msgs/include/smarc_msgs/smarc_msgs/msg/detail/string_stamped__type_support.c
[7.557s] -- Up-to-date: /home/schni2zle/colcon_ws/src/install/smarc_msgs/include/smarc_msgs/smarc_msgs/msg/detail/ctd__rosidl_typesupport_introspection_c.h
[7.558s] -- Up-to-date: /home/schni2zle/colcon_ws/src/install/smarc_msgs/include/smarc_msgs/smarc_msgs/msg/detail/dual_thruster_feedback__type_support.c
[7.558s] -- Up-to-date: /home/schni2zle/colcon_ws/src/install/smarc_msgs/include/smarc_msgs/smarc_msgs/msg/detail/sm_task__type_support.c
[7.558s] -- Up-to-date: /home/schni2zle/colcon_ws/src/install/smarc_msgs/include/smarc_msgs/smarc_msgs/msg/detail/execution_status__rosidl_typesupport_introspection_c.h
[7.558s] -- Up-to-date: /home/schni2zle/colcon_ws/src/install/smarc_msgs/include/smarc_msgs/smarc_msgs/msg/detail/leak__rosidl_typesupport_introspection_c.h
[7.559s] -- Up-to-date: /home/schni2zle/colcon_ws/src/install/smarc_msgs/include/smarc_msgs/smarc_msgs/msg/detail/dvl__rosidl_typesupport_introspection_c.h
[7.559s] -- Up-to-date: /home/schni2zle/colcon_ws/src/install/smarc_msgs/include/smarc_msgs/smarc_msgs/msg/detail/float_stamped__type_support.c
[7.560s] -- Up-to-date: /home/schni2zle/colcon_ws/src/install/smarc_msgs/include/smarc_msgs/smarc_msgs/msg/detail/thruster_rpm__rosidl_typesupport_introspection_c.h
[7.560s] -- Up-to-date: /home/schni2zle/colcon_ws/src/install/smarc_msgs/include/smarc_msgs/smarc_msgs/msg/detail/sensor_status__type_support.c
[7.560s] -- Up-to-date: /home/schni2zle/colcon_ws/src/install/smarc_msgs/include/smarc_msgs/smarc_msgs/msg/detail/dvl_beam__type_support.c
[7.561s] -- Up-to-date: /home/schni2zle/colcon_ws/src/install/smarc_msgs/include/smarc_msgs/smarc_msgs/msg/detail/lat_lon_stamped__type_support.c
[7.561s] -- Up-to-date: /home/schni2zle/colcon_ws/src/install/smarc_msgs/include/smarc_msgs/smarc_msgs/msg/detail/ctd__type_support.c
[7.561s] -- Up-to-date: /home/schni2zle/colcon_ws/src/install/smarc_msgs/include/smarc_msgs/smarc_msgs/msg/detail/execution_status__type_support.c
[7.561s] -- Up-to-date: /home/schni2zle/colcon_ws/src/install/smarc_msgs/include/smarc_msgs/smarc_msgs/msg/detail/thruster_dc__rosidl_typesupport_introspection_c.h
[7.562s] -- Up-to-date: /home/schni2zle/colcon_ws/src/install/smarc_msgs/include/smarc_msgs/smarc_msgs/msg/detail/dvl__type_support.c
[7.562s] -- Up-to-date: /home/schni2zle/colcon_ws/src/install/smarc_msgs/include/smarc_msgs/smarc_msgs/msg/detail/string_array__rosidl_typesupport_introspection_c.h
[7.563s] -- Up-to-date: /home/schni2zle/colcon_ws/src/install/smarc_msgs/include/smarc_msgs/smarc_msgs/msg/detail/dual_thruster_rpm__type_support.c
[7.563s] -- Up-to-date: /home/schni2zle/colcon_ws/src/install/smarc_msgs/include/smarc_msgs/smarc_msgs/msg/detail/leak__type_support.c
[7.563s] -- Up-to-date: /home/schni2zle/colcon_ws/src/install/smarc_msgs/include/smarc_msgs/smarc_msgs/msg/detail/float_stamped__rosidl_typesupport_introspection_c.h
[7.563s] -- Up-to-date: /home/schni2zle/colcon_ws/src/install/smarc_msgs/include/smarc_msgs/smarc_msgs/msg/detail/sensor_status__rosidl_typesupport_introspection_c.h
[7.563s] -- Up-to-date: /home/schni2zle/colcon_ws/src/install/smarc_msgs/include/smarc_msgs/smarc_msgs/msg/detail/comms_message__type_support.c
[7.564s] -- Up-to-date: /home/schni2zle/colcon_ws/src/install/smarc_msgs/include/smarc_msgs/smarc_msgs/msg/detail/controller_status__rosidl_typesupport_introspection_c.h
[7.564s] -- Up-to-date: /home/schni2zle/colcon_ws/src/install/smarc_msgs/include/smarc_msgs/smarc_msgs/msg/detail/comms_message__rosidl_typesupport_introspection_c.h
[7.564s] -- Up-to-date: /home/schni2zle/colcon_ws/src/install/smarc_msgs/include/smarc_msgs/smarc_msgs/msg/detail/dual_thruster_rpm__rosidl_typesupport_introspection_c.h
[7.564s] -- Up-to-date: /home/schni2zle/colcon_ws/src/install/smarc_msgs/include/smarc_msgs/smarc_msgs/msg/detail/string_stamped__rosidl_typesupport_introspection_c.h
[7.565s] -- Up-to-date: /home/schni2zle/colcon_ws/src/install/smarc_msgs/include/smarc_msgs/smarc_msgs/msg/detail/dual_thruster_feedback__rosidl_typesupport_introspection_c.h
[7.565s] -- Up-to-date: /home/schni2zle/colcon_ws/src/install/smarc_msgs/include/smarc_msgs/smarc_msgs/msg/detail/thruster_rpm__type_support.c
[7.565s] -- Up-to-date: /home/schni2zle/colcon_ws/src/install/smarc_msgs/include/smarc_msgs/smarc_msgs/msg/detail/lat_lon_odometry__rosidl_typesupport_introspection_c.h
[7.565s] -- Up-to-date: /home/schni2zle/colcon_ws/src/install/smarc_msgs/include/smarc_msgs/smarc_msgs/msg/detail/sidescan__type_support.c
[7.570s] -- Up-to-date: /home/schni2zle/colcon_ws/src/install/smarc_msgs/include/smarc_msgs/smarc_msgs/msg/detail/topics__rosidl_typesupport_introspection_c.h
[7.570s] -- Up-to-date: /home/schni2zle/colcon_ws/src/install/smarc_msgs/include/smarc_msgs/smarc_msgs/msg/detail/string_array__type_support.c
[7.571s] -- Up-to-date: /home/schni2zle/colcon_ws/src/install/smarc_msgs/include/smarc_msgs/smarc_msgs/msg/detail/string_pair__type_support.c
[7.571s] -- Up-to-date: /home/schni2zle/colcon_ws/src/install/smarc_msgs/include/smarc_msgs/smarc_msgs/msg/detail/lat_lon_odometry__type_support.c
[7.574s] -- Up-to-date: /home/schni2zle/colcon_ws/src/install/smarc_msgs/include/smarc_msgs/smarc_msgs/msg/detail/thruster_dc__type_support.c
[7.574s] -- Up-to-date: /home/schni2zle/colcon_ws/src/install/smarc_msgs/include/smarc_msgs/smarc_msgs/msg/detail/sm_task__rosidl_typesupport_introspection_c.h
[7.574s] -- Up-to-date: /home/schni2zle/colcon_ws/src/install/smarc_msgs/include/smarc_msgs/smarc_msgs/msg/detail/thruster_feedback__type_support.c
[7.574s] -- Up-to-date: /home/schni2zle/colcon_ws/src/install/smarc_msgs/include/smarc_msgs/smarc_msgs/msg/detail/thruster_feedback__rosidl_typesupport_introspection_c.h
[7.574s] -- Up-to-date: /home/schni2zle/colcon_ws/src/install/smarc_msgs/include/smarc_msgs/smarc_msgs/msg/detail/lat_lon_stamped__rosidl_typesupport_introspection_c.h
[7.575s] -- Up-to-date: /home/schni2zle/colcon_ws/src/install/smarc_msgs/include/smarc_msgs/smarc_msgs/srv
[7.575s] -- Up-to-date: /home/schni2zle/colcon_ws/src/install/smarc_msgs/include/smarc_msgs/smarc_msgs/srv/detail
[7.592s] -- Up-to-date: /home/schni2zle/colcon_ws/src/install/smarc_msgs/include/smarc_msgs/smarc_msgs/srv/detail/cell_occupied__rosidl_typesupport_introspection_c.h
[7.592s] -- Up-to-date: /home/schni2zle/colcon_ws/src/install/smarc_msgs/include/smarc_msgs/smarc_msgs/srv/detail/add_task__type_support.c
[7.593s] -- Up-to-date: /home/schni2zle/colcon_ws/src/install/smarc_msgs/include/smarc_msgs/smarc_msgs/srv/detail/add_tasks__rosidl_typesupport_introspection_c.h
[7.593s] -- Up-to-date: /home/schni2zle/colcon_ws/src/install/smarc_msgs/include/smarc_msgs/smarc_msgs/srv/detail/add_tasks__type_support.c
[7.594s] -- Up-to-date: /home/schni2zle/colcon_ws/src/install/smarc_msgs/include/smarc_msgs/smarc_msgs/srv/detail/lat_lon_to_utm_odometry__rosidl_typesupport_introspection_c.h
[7.594s] -- Up-to-date: /home/schni2zle/colcon_ws/src/install/smarc_msgs/include/smarc_msgs/smarc_msgs/srv/detail/lat_lon_to_utm_odometry__type_support.c
[7.594s] -- Up-to-date: /home/schni2zle/colcon_ws/src/install/smarc_msgs/include/smarc_msgs/smarc_msgs/srv/detail/nedenu_rotation__rosidl_typesupport_introspection_c.h
[7.594s] -- Up-to-date: /home/schni2zle/colcon_ws/src/install/smarc_msgs/include/smarc_msgs/smarc_msgs/srv/detail/add_task__rosidl_typesupport_introspection_c.h
[7.595s] -- Up-to-date: /home/schni2zle/colcon_ws/src/install/smarc_msgs/include/smarc_msgs/smarc_msgs/srv/detail/nedenu_rotation__type_support.c
[7.595s] -- Up-to-date: /home/schni2zle/colcon_ws/src/install/smarc_msgs/include/smarc_msgs/smarc_msgs/srv/detail/cell_occupied__type_support.c
[7.595s] -- Up-to-date: /home/schni2zle/colcon_ws/src/install/smarc_msgs/lib/libsmarc_msgs__rosidl_typesupport_introspection_c.so
[7.595s] -- Up-to-date: /home/schni2zle/colcon_ws/src/install/smarc_msgs/lib/libsmarc_msgs__rosidl_typesupport_c.so
[7.596s] -- Up-to-date: /home/schni2zle/colcon_ws/src/install/smarc_msgs/include/smarc_msgs/smarc_msgs
[7.596s] -- Up-to-date: /home/schni2zle/colcon_ws/src/install/smarc_msgs/include/smarc_msgs/smarc_msgs/msg
[7.596s] -- Up-to-date: /home/schni2zle/colcon_ws/src/install/smarc_msgs/include/smarc_msgs/smarc_msgs/msg/leak.hpp
[7.596s] -- Up-to-date: /home/schni2zle/colcon_ws/src/install/smarc_msgs/include/smarc_msgs/smarc_msgs/msg/thruster_dc.hpp
[7.596s] -- Up-to-date: /home/schni2zle/colcon_ws/src/install/smarc_msgs/include/smarc_msgs/smarc_msgs/msg/sensor_status.hpp
[7.597s] -- Up-to-date: /home/schni2zle/colcon_ws/src/install/smarc_msgs/include/smarc_msgs/smarc_msgs/msg/ctd.hpp
[7.597s] -- Up-to-date: /home/schni2zle/colcon_ws/src/install/smarc_msgs/include/smarc_msgs/smarc_msgs/msg/dual_thruster_rpm.hpp
[7.597s] -- Up-to-date: /home/schni2zle/colcon_ws/src/install/smarc_msgs/include/smarc_msgs/smarc_msgs/msg/string_stamped.hpp
[7.597s] -- Up-to-date: /home/schni2zle/colcon_ws/src/install/smarc_msgs/include/smarc_msgs/smarc_msgs/msg/string_array.hpp
[7.597s] -- Up-to-date: /home/schni2zle/colcon_ws/src/install/smarc_msgs/include/smarc_msgs/smarc_msgs/msg/dual_thruster_feedback.hpp
[7.598s] -- Up-to-date: /home/schni2zle/colcon_ws/src/install/smarc_msgs/include/smarc_msgs/smarc_msgs/msg/comms_message.hpp
[7.598s] -- Up-to-date: /home/schni2zle/colcon_ws/src/install/smarc_msgs/include/smarc_msgs/smarc_msgs/msg/dvl_beam.hpp
[7.598s] -- Up-to-date: /home/schni2zle/colcon_ws/src/install/smarc_msgs/include/smarc_msgs/smarc_msgs/msg/controller_status.hpp
[7.598s] -- Up-to-date: /home/schni2zle/colcon_ws/src/install/smarc_msgs/include/smarc_msgs/smarc_msgs/msg/lat_lon_odometry.hpp
[7.629s] -- Up-to-date: /home/schni2zle/colcon_ws/src/install/smarc_msgs/include/smarc_msgs/smarc_msgs/msg/thruster_rpm.hpp
[7.630s] -- Up-to-date: /home/schni2zle/colcon_ws/src/install/smarc_msgs/include/smarc_msgs/smarc_msgs/msg/detail
[7.630s] -- Up-to-date: /home/schni2zle/colcon_ws/src/install/smarc_msgs/include/smarc_msgs/smarc_msgs/msg/detail/execution_status__traits.hpp
[7.630s] -- Up-to-date: /home/schni2zle/colcon_ws/src/install/smarc_msgs/include/smarc_msgs/smarc_msgs/msg/detail/controller_status__traits.hpp
[7.630s] -- Up-to-date: /home/schni2zle/colcon_ws/src/install/smarc_msgs/include/smarc_msgs/smarc_msgs/msg/detail/controller_status__builder.hpp
[7.631s] -- Up-to-date: /home/schni2zle/colcon_ws/src/install/smarc_msgs/include/smarc_msgs/smarc_msgs/msg/detail/string_array__traits.hpp
[7.631s] -- Up-to-date: /home/schni2zle/colcon_ws/src/install/smarc_msgs/include/smarc_msgs/smarc_msgs/msg/detail/float_stamped__struct.hpp
[7.631s] -- Up-to-date: /home/schni2zle/colcon_ws/src/install/smarc_msgs/include/smarc_msgs/smarc_msgs/msg/detail/topics__struct.hpp
[7.631s] -- Up-to-date: /home/schni2zle/colcon_ws/src/install/smarc_msgs/include/smarc_msgs/smarc_msgs/msg/detail/comms_message__traits.hpp
[7.631s] -- Up-to-date: /home/schni2zle/colcon_ws/src/install/smarc_msgs/include/smarc_msgs/smarc_msgs/msg/detail/sm_task__struct.hpp
[7.632s] -- Up-to-date: /home/schni2zle/colcon_ws/src/install/smarc_msgs/include/smarc_msgs/smarc_msgs/msg/detail/sm_task__traits.hpp
[7.632s] -- Up-to-date: /home/schni2zle/colcon_ws/src/install/smarc_msgs/include/smarc_msgs/smarc_msgs/msg/detail/thruster_feedback__traits.hpp
[7.632s] -- Up-to-date: /home/schni2zle/colcon_ws/src/install/smarc_msgs/include/smarc_msgs/smarc_msgs/msg/detail/sidescan__builder.hpp
[7.634s] -- Up-to-date: /home/schni2zle/colcon_ws/src/install/smarc_msgs/include/smarc_msgs/smarc_msgs/msg/detail/dual_thruster_rpm__builder.hpp
[7.634s] -- Up-to-date: /home/schni2zle/colcon_ws/src/install/smarc_msgs/include/smarc_msgs/smarc_msgs/msg/detail/string_pair__builder.hpp
[7.635s] -- Up-to-date: /home/schni2zle/colcon_ws/src/install/smarc_msgs/include/smarc_msgs/smarc_msgs/msg/detail/comms_message__builder.hpp
[7.635s] -- Up-to-date: /home/schni2zle/colcon_ws/src/install/smarc_msgs/include/smarc_msgs/smarc_msgs/msg/detail/string_array__builder.hpp
[7.635s] -- Up-to-date: /home/schni2zle/colcon_ws/src/install/smarc_msgs/include/smarc_msgs/smarc_msgs/msg/detail/dvl__builder.hpp
[7.635s] -- Up-to-date: /home/schni2zle/colcon_ws/src/install/smarc_msgs/include/smarc_msgs/smarc_msgs/msg/detail/sm_task__builder.hpp
[7.635s] -- Up-to-date: /home/schni2zle/colcon_ws/src/install/smarc_msgs/include/smarc_msgs/smarc_msgs/msg/detail/topics__traits.hpp
[7.636s] -- Up-to-date: /home/schni2zle/colcon_ws/src/install/smarc_msgs/include/smarc_msgs/smarc_msgs/msg/detail/ctd__struct.hpp
[7.636s] -- Up-to-date: /home/schni2zle/colcon_ws/src/install/smarc_msgs/include/smarc_msgs/smarc_msgs/msg/detail/float_stamped__traits.hpp
[7.636s] -- Up-to-date: /home/schni2zle/colcon_ws/src/install/smarc_msgs/include/smarc_msgs/smarc_msgs/msg/detail/dvl_beam__struct.hpp
[7.636s] -- Up-to-date: /home/schni2zle/colcon_ws/src/install/smarc_msgs/include/smarc_msgs/smarc_msgs/msg/detail/string_array__struct.hpp
[7.636s] -- Up-to-date: /home/schni2zle/colcon_ws/src/install/smarc_msgs/include/smarc_msgs/smarc_msgs/msg/detail/sensor_status__struct.hpp
[7.637s] -- Up-to-date: /home/schni2zle/colcon_ws/src/install/smarc_msgs/include/smarc_msgs/smarc_msgs/msg/detail/dvl_beam__builder.hpp
[7.637s] -- Up-to-date: /home/schni2zle/colcon_ws/src/install/smarc_msgs/include/smarc_msgs/smarc_msgs/msg/detail/sensor_status__builder.hpp
[7.637s] -- Up-to-date: /home/schni2zle/colcon_ws/src/install/smarc_msgs/include/smarc_msgs/smarc_msgs/msg/detail/lat_lon_odometry__traits.hpp
[7.637s] -- Up-to-date: /home/schni2zle/colcon_ws/src/install/smarc_msgs/include/smarc_msgs/smarc_msgs/msg/detail/dual_thruster_feedback__builder.hpp
[7.638s] -- Up-to-date: /home/schni2zle/colcon_ws/src/install/smarc_msgs/include/smarc_msgs/smarc_msgs/msg/detail/lat_lon_odometry__builder.hpp
[7.638s] -- Up-to-date: /home/schni2zle/colcon_ws/src/install/smarc_msgs/include/smarc_msgs/smarc_msgs/msg/detail/topics__builder.hpp
[7.638s] -- Up-to-date: /home/schni2zle/colcon_ws/src/install/smarc_msgs/include/smarc_msgs/smarc_msgs/msg/detail/dvl__traits.hpp
[7.638s] -- Up-to-date: /home/schni2zle/colcon_ws/src/install/smarc_msgs/include/smarc_msgs/smarc_msgs/msg/detail/thruster_dc__traits.hpp
[7.638s] -- Up-to-date: /home/schni2zle/colcon_ws/src/install/smarc_msgs/include/smarc_msgs/smarc_msgs/msg/detail/ctd__builder.hpp
[7.639s] -- Up-to-date: /home/schni2zle/colcon_ws/src/install/smarc_msgs/include/smarc_msgs/smarc_msgs/msg/detail/thruster_dc__builder.hpp
[7.639s] -- Up-to-date: /home/schni2zle/colcon_ws/src/install/smarc_msgs/include/smarc_msgs/smarc_msgs/msg/detail/thruster_rpm__struct.hpp
[7.639s] -- Up-to-date: /home/schni2zle/colcon_ws/src/install/smarc_msgs/include/smarc_msgs/smarc_msgs/msg/detail/lat_lon_stamped__traits.hpp
[7.639s] -- Up-to-date: /home/schni2zle/colcon_ws/src/install/smarc_msgs/include/smarc_msgs/smarc_msgs/msg/detail/string_pair__traits.hpp
[7.640s] -- Up-to-date: /home/schni2zle/colcon_ws/src/install/smarc_msgs/include/smarc_msgs/smarc_msgs/msg/detail/lat_lon_stamped__struct.hpp
[7.640s] -- Up-to-date: /home/schni2zle/colcon_ws/src/install/smarc_msgs/include/smarc_msgs/smarc_msgs/msg/detail/comms_message__struct.hpp
[7.640s] -- Up-to-date: /home/schni2zle/colcon_ws/src/install/smarc_msgs/include/smarc_msgs/smarc_msgs/msg/detail/leak__struct.hpp
[7.640s] -- Up-to-date: /home/schni2zle/colcon_ws/src/install/smarc_msgs/include/smarc_msgs/smarc_msgs/msg/detail/string_pair__struct.hpp
[7.640s] -- Up-to-date: /home/schni2zle/colcon_ws/src/install/smarc_msgs/include/smarc_msgs/smarc_msgs/msg/detail/thruster_dc__struct.hpp
[7.641s] -- Up-to-date: /home/schni2zle/colcon_ws/src/install/smarc_msgs/include/smarc_msgs/smarc_msgs/msg/detail/execution_status__builder.hpp
[7.641s] -- Up-to-date: /home/schni2zle/colcon_ws/src/install/smarc_msgs/include/smarc_msgs/smarc_msgs/msg/detail/lat_lon_stamped__builder.hpp
[7.641s] -- Up-to-date: /home/schni2zle/colcon_ws/src/install/smarc_msgs/include/smarc_msgs/smarc_msgs/msg/detail/sidescan__struct.hpp
[7.641s] -- Up-to-date: /home/schni2zle/colcon_ws/src/install/smarc_msgs/include/smarc_msgs/smarc_msgs/msg/detail/lat_lon_odometry__struct.hpp
[7.641s] -- Up-to-date: /home/schni2zle/colcon_ws/src/install/smarc_msgs/include/smarc_msgs/smarc_msgs/msg/detail/dvl_beam__traits.hpp
[7.642s] -- Up-to-date: /home/schni2zle/colcon_ws/src/install/smarc_msgs/include/smarc_msgs/smarc_msgs/msg/detail/dual_thruster_rpm__traits.hpp
[7.642s] -- Up-to-date: /home/schni2zle/colcon_ws/src/install/smarc_msgs/include/smarc_msgs/smarc_msgs/msg/detail/sensor_status__traits.hpp
[7.642s] -- Up-to-date: /home/schni2zle/colcon_ws/src/install/smarc_msgs/include/smarc_msgs/smarc_msgs/msg/detail/thruster_feedback__struct.hpp
[7.642s] -- Up-to-date: /home/schni2zle/colcon_ws/src/install/smarc_msgs/include/smarc_msgs/smarc_msgs/msg/detail/ctd__traits.hpp
[7.642s] -- Up-to-date: /home/schni2zle/colcon_ws/src/install/smarc_msgs/include/smarc_msgs/smarc_msgs/msg/detail/thruster_feedback__builder.hpp
[7.643s] -- Up-to-date: /home/schni2zle/colcon_ws/src/install/smarc_msgs/include/smarc_msgs/smarc_msgs/msg/detail/thruster_rpm__traits.hpp
[7.643s] -- Up-to-date: /home/schni2zle/colcon_ws/src/install/smarc_msgs/include/smarc_msgs/smarc_msgs/msg/detail/string_stamped__struct.hpp
[7.643s] -- Up-to-date: /home/schni2zle/colcon_ws/src/install/smarc_msgs/include/smarc_msgs/smarc_msgs/msg/detail/dual_thruster_feedback__traits.hpp
[7.643s] -- Up-to-date: /home/schni2zle/colcon_ws/src/install/smarc_msgs/include/smarc_msgs/smarc_msgs/msg/detail/leak__builder.hpp
[7.643s] -- Up-to-date: /home/schni2zle/colcon_ws/src/install/smarc_msgs/include/smarc_msgs/smarc_msgs/msg/detail/leak__traits.hpp
[7.644s] -- Up-to-date: /home/schni2zle/colcon_ws/src/install/smarc_msgs/include/smarc_msgs/smarc_msgs/msg/detail/sidescan__traits.hpp
[7.644s] -- Up-to-date: /home/schni2zle/colcon_ws/src/install/smarc_msgs/include/smarc_msgs/smarc_msgs/msg/detail/controller_status__struct.hpp
[7.644s] -- Up-to-date: /home/schni2zle/colcon_ws/src/install/smarc_msgs/include/smarc_msgs/smarc_msgs/msg/detail/execution_status__struct.hpp
[7.644s] -- Up-to-date: /home/schni2zle/colcon_ws/src/install/smarc_msgs/include/smarc_msgs/smarc_msgs/msg/detail/string_stamped__builder.hpp
[7.644s] -- Up-to-date: /home/schni2zle/colcon_ws/src/install/smarc_msgs/include/smarc_msgs/smarc_msgs/msg/detail/dvl__struct.hpp
[7.645s] -- Up-to-date: /home/schni2zle/colcon_ws/src/install/smarc_msgs/include/smarc_msgs/smarc_msgs/msg/detail/thruster_rpm__builder.hpp
[7.645s] -- Up-to-date: /home/schni2zle/colcon_ws/src/install/smarc_msgs/include/smarc_msgs/smarc_msgs/msg/detail/float_stamped__builder.hpp
[7.645s] -- Up-to-date: /home/schni2zle/colcon_ws/src/install/smarc_msgs/include/smarc_msgs/smarc_msgs/msg/detail/dual_thruster_rpm__struct.hpp
[7.645s] -- Up-to-date: /home/schni2zle/colcon_ws/src/install/smarc_msgs/include/smarc_msgs/smarc_msgs/msg/detail/string_stamped__traits.hpp
[7.645s] -- Up-to-date: /home/schni2zle/colcon_ws/src/install/smarc_msgs/include/smarc_msgs/smarc_msgs/msg/detail/dual_thruster_feedback__struct.hpp
[7.646s] -- Up-to-date: /home/schni2zle/colcon_ws/src/install/smarc_msgs/include/smarc_msgs/smarc_msgs/msg/lat_lon_stamped.hpp
[7.646s] -- Up-to-date: /home/schni2zle/colcon_ws/src/install/smarc_msgs/include/smarc_msgs/smarc_msgs/msg/thruster_feedback.hpp
[7.646s] -- Up-to-date: /home/schni2zle/colcon_ws/src/install/smarc_msgs/include/smarc_msgs/smarc_msgs/msg/float_stamped.hpp
[7.646s] -- Up-to-date: /home/schni2zle/colcon_ws/src/install/smarc_msgs/include/smarc_msgs/smarc_msgs/msg/dvl.hpp
[7.646s] -- Up-to-date: /home/schni2zle/colcon_ws/src/install/smarc_msgs/include/smarc_msgs/smarc_msgs/msg/sidescan.hpp
[7.647s] -- Up-to-date: /home/schni2zle/colcon_ws/src/install/smarc_msgs/include/smarc_msgs/smarc_msgs/msg/topics.hpp
[7.647s] -- Up-to-date: /home/schni2zle/colcon_ws/src/install/smarc_msgs/include/smarc_msgs/smarc_msgs/msg/execution_status.hpp
[7.648s] -- Up-to-date: /home/schni2zle/colcon_ws/src/install/smarc_msgs/include/smarc_msgs/smarc_msgs/msg/string_pair.hpp
[7.649s] -- Up-to-date: /home/schni2zle/colcon_ws/src/install/smarc_msgs/include/smarc_msgs/smarc_msgs/msg/sm_task.hpp
[7.649s] -- Up-to-date: /home/schni2zle/colcon_ws/src/install/smarc_msgs/include/smarc_msgs/smarc_msgs/srv
[7.656s] -- Up-to-date: /home/schni2zle/colcon_ws/src/install/smarc_msgs/include/smarc_msgs/smarc_msgs/srv/add_tasks.hpp
[7.656s] -- Up-to-date: /home/schni2zle/colcon_ws/src/install/smarc_msgs/include/smarc_msgs/smarc_msgs/srv/nedenu_rotation.hpp
[7.658s] -- Up-to-date: /home/schni2zle/colcon_ws/src/install/smarc_msgs/include/smarc_msgs/smarc_msgs/srv/detail
[7.661s] -- Up-to-date: /home/schni2zle/colcon_ws/src/install/smarc_msgs/include/smarc_msgs/smarc_msgs/srv/detail/cell_occupied__builder.hpp
[7.661s] -- Up-to-date: /home/schni2zle/colcon_ws/src/install/smarc_msgs/include/smarc_msgs/smarc_msgs/srv/detail/nedenu_rotation__struct.hpp
[7.662s] -- Up-to-date: /home/schni2zle/colcon_ws/src/install/smarc_msgs/include/smarc_msgs/smarc_msgs/srv/detail/cell_occupied__traits.hpp
[7.662s] -- Up-to-date: /home/schni2zle/colcon_ws/src/install/smarc_msgs/include/smarc_msgs/smarc_msgs/srv/detail/add_task__builder.hpp
[7.663s] -- Up-to-date: /home/schni2zle/colcon_ws/src/install/smarc_msgs/include/smarc_msgs/smarc_msgs/srv/detail/nedenu_rotation__traits.hpp
[7.663s] -- Up-to-date: /home/schni2zle/colcon_ws/src/install/smarc_msgs/include/smarc_msgs/smarc_msgs/srv/detail/lat_lon_to_utm_odometry__traits.hpp
[7.663s] -- Up-to-date: /home/schni2zle/colcon_ws/src/install/smarc_msgs/include/smarc_msgs/smarc_msgs/srv/detail/cell_occupied__struct.hpp
[7.663s] -- Up-to-date: /home/schni2zle/colcon_ws/src/install/smarc_msgs/include/smarc_msgs/smarc_msgs/srv/detail/add_task__struct.hpp
[7.663s] -- Up-to-date: /home/schni2zle/colcon_ws/src/install/smarc_msgs/include/smarc_msgs/smarc_msgs/srv/detail/lat_lon_to_utm_odometry__struct.hpp
[7.664s] -- Up-to-date: /home/schni2zle/colcon_ws/src/install/smarc_msgs/include/smarc_msgs/smarc_msgs/srv/detail/add_tasks__struct.hpp
[7.664s] -- Up-to-date: /home/schni2zle/colcon_ws/src/install/smarc_msgs/include/smarc_msgs/smarc_msgs/srv/detail/lat_lon_to_utm_odometry__builder.hpp
[7.664s] -- Up-to-date: /home/schni2zle/colcon_ws/src/install/smarc_msgs/include/smarc_msgs/smarc_msgs/srv/detail/add_tasks__builder.hpp
[7.665s] -- Up-to-date: /home/schni2zle/colcon_ws/src/install/smarc_msgs/include/smarc_msgs/smarc_msgs/srv/detail/add_tasks__traits.hpp
[7.665s] -- Up-to-date: /home/schni2zle/colcon_ws/src/install/smarc_msgs/include/smarc_msgs/smarc_msgs/srv/detail/add_task__traits.hpp
[7.669s] -- Up-to-date: /home/schni2zle/colcon_ws/src/install/smarc_msgs/include/smarc_msgs/smarc_msgs/srv/detail/nedenu_rotation__builder.hpp
[7.669s] -- Up-to-date: /home/schni2zle/colcon_ws/src/install/smarc_msgs/include/smarc_msgs/smarc_msgs/srv/add_task.hpp
[7.669s] -- Up-to-date: /home/schni2zle/colcon_ws/src/install/smarc_msgs/include/smarc_msgs/smarc_msgs/srv/lat_lon_to_utm_odometry.hpp
[7.669s] -- Up-to-date: /home/schni2zle/colcon_ws/src/install/smarc_msgs/include/smarc_msgs/smarc_msgs/srv/cell_occupied.hpp
[7.670s] -- Up-to-date: /home/schni2zle/colcon_ws/src/install/smarc_msgs/include/smarc_msgs/smarc_msgs
[7.670s] -- Up-to-date: /home/schni2zle/colcon_ws/src/install/smarc_msgs/include/smarc_msgs/smarc_msgs/msg
[7.670s] -- Up-to-date: /home/schni2zle/colcon_ws/src/install/smarc_msgs/include/smarc_msgs/smarc_msgs/msg/rosidl_typesupport_fastrtps_cpp__visibility_control.h
[7.670s] -- Up-to-date: /home/schni2zle/colcon_ws/src/install/smarc_msgs/include/smarc_msgs/smarc_msgs/msg/detail
[7.670s] -- Up-to-date: /home/schni2zle/colcon_ws/src/install/smarc_msgs/include/smarc_msgs/smarc_msgs/msg/detail/float_stamped__rosidl_typesupport_fastrtps_cpp.hpp
[7.671s] -- Up-to-date: /home/schni2zle/colcon_ws/src/install/smarc_msgs/include/smarc_msgs/smarc_msgs/msg/detail/string_array__rosidl_typesupport_fastrtps_cpp.hpp
[7.671s] -- Up-to-date: /home/schni2zle/colcon_ws/src/install/smarc_msgs/include/smarc_msgs/smarc_msgs/msg/detail/sm_task__rosidl_typesupport_fastrtps_cpp.hpp
[7.671s] -- Up-to-date: /home/schni2zle/colcon_ws/src/install/smarc_msgs/include/smarc_msgs/smarc_msgs/msg/detail/lat_lon_stamped__rosidl_typesupport_fastrtps_cpp.hpp
[7.671s] -- Up-to-date: /home/schni2zle/colcon_ws/src/install/smarc_msgs/include/smarc_msgs/smarc_msgs/msg/detail/dual_thruster_rpm__rosidl_typesupport_fastrtps_cpp.hpp
[7.671s] -- Up-to-date: /home/schni2zle/colcon_ws/src/install/smarc_msgs/include/smarc_msgs/smarc_msgs/msg/detail/string_pair__rosidl_typesupport_fastrtps_cpp.hpp
[7.672s] -- Up-to-date: /home/schni2zle/colcon_ws/src/install/smarc_msgs/include/smarc_msgs/smarc_msgs/msg/detail/thruster_dc__rosidl_typesupport_fastrtps_cpp.hpp
[7.675s] -- Up-to-date: /home/schni2zle/colcon_ws/src/install/smarc_msgs/include/smarc_msgs/smarc_msgs/msg/detail/thruster_feedback__rosidl_typesupport_fastrtps_cpp.hpp
[7.675s] -- Up-to-date: /home/schni2zle/colcon_ws/src/install/smarc_msgs/include/smarc_msgs/smarc_msgs/msg/detail/topics__rosidl_typesupport_fastrtps_cpp.hpp
[7.676s] -- Up-to-date: /home/schni2zle/colcon_ws/src/install/smarc_msgs/include/smarc_msgs/smarc_msgs/msg/detail/dvl_beam__rosidl_typesupport_fastrtps_cpp.hpp
[7.676s] -- Up-to-date: /home/schni2zle/colcon_ws/src/install/smarc_msgs/include/smarc_msgs/smarc_msgs/msg/detail/dvl__rosidl_typesupport_fastrtps_cpp.hpp
[7.676s] -- Up-to-date: /home/schni2zle/colcon_ws/src/install/smarc_msgs/include/smarc_msgs/smarc_msgs/msg/detail/sidescan__rosidl_typesupport_fastrtps_cpp.hpp
[7.676s] -- Up-to-date: /home/schni2zle/colcon_ws/src/install/smarc_msgs/include/smarc_msgs/smarc_msgs/msg/detail/execution_status__rosidl_typesupport_fastrtps_cpp.hpp
[7.685s] -- Up-to-date: /home/schni2zle/colcon_ws/src/install/smarc_msgs/include/smarc_msgs/smarc_msgs/msg/detail/ctd__rosidl_typesupport_fastrtps_cpp.hpp
[7.685s] -- Up-to-date: /home/schni2zle/colcon_ws/src/install/smarc_msgs/include/smarc_msgs/smarc_msgs/msg/detail/comms_message__rosidl_typesupport_fastrtps_cpp.hpp
[7.686s] -- Up-to-date: /home/schni2zle/colcon_ws/src/install/smarc_msgs/include/smarc_msgs/smarc_msgs/msg/detail/sensor_status__rosidl_typesupport_fastrtps_cpp.hpp
[7.686s] -- Up-to-date: /home/schni2zle/colcon_ws/src/install/smarc_msgs/include/smarc_msgs/smarc_msgs/msg/detail/string_stamped__rosidl_typesupport_fastrtps_cpp.hpp
[7.686s] -- Up-to-date: /home/schni2zle/colcon_ws/src/install/smarc_msgs/include/smarc_msgs/smarc_msgs/msg/detail/dds_fastrtps
[7.686s] -- Up-to-date: /home/schni2zle/colcon_ws/src/install/smarc_msgs/include/smarc_msgs/smarc_msgs/msg/detail/controller_status__rosidl_typesupport_fastrtps_cpp.hpp
[7.687s] -- Up-to-date: /home/schni2zle/colcon_ws/src/install/smarc_msgs/include/smarc_msgs/smarc_msgs/msg/detail/thruster_rpm__rosidl_typesupport_fastrtps_cpp.hpp
[7.687s] -- Up-to-date: /home/schni2zle/colcon_ws/src/install/smarc_msgs/include/smarc_msgs/smarc_msgs/msg/detail/lat_lon_odometry__rosidl_typesupport_fastrtps_cpp.hpp
[7.688s] -- Up-to-date: /home/schni2zle/colcon_ws/src/install/smarc_msgs/include/smarc_msgs/smarc_msgs/msg/detail/dual_thruster_feedback__rosidl_typesupport_fastrtps_cpp.hpp
[7.688s] -- Up-to-date: /home/schni2zle/colcon_ws/src/install/smarc_msgs/include/smarc_msgs/smarc_msgs/msg/detail/leak__rosidl_typesupport_fastrtps_cpp.hpp
[7.689s] -- Up-to-date: /home/schni2zle/colcon_ws/src/install/smarc_msgs/include/smarc_msgs/smarc_msgs/srv
[7.690s] -- Up-to-date: /home/schni2zle/colcon_ws/src/install/smarc_msgs/include/smarc_msgs/smarc_msgs/srv/detail
[7.694s] -- Up-to-date: /home/schni2zle/colcon_ws/src/install/smarc_msgs/include/smarc_msgs/smarc_msgs/srv/detail/add_tasks__rosidl_typesupport_fastrtps_cpp.hpp
[7.694s] -- Up-to-date: /home/schni2zle/colcon_ws/src/install/smarc_msgs/include/smarc_msgs/smarc_msgs/srv/detail/add_task__rosidl_typesupport_fastrtps_cpp.hpp
[7.694s] -- Up-to-date: /home/schni2zle/colcon_ws/src/install/smarc_msgs/include/smarc_msgs/smarc_msgs/srv/detail/cell_occupied__rosidl_typesupport_fastrtps_cpp.hpp
[7.695s] -- Up-to-date: /home/schni2zle/colcon_ws/src/install/smarc_msgs/include/smarc_msgs/smarc_msgs/srv/detail/dds_fastrtps
[7.695s] -- Up-to-date: /home/schni2zle/colcon_ws/src/install/smarc_msgs/include/smarc_msgs/smarc_msgs/srv/detail/nedenu_rotation__rosidl_typesupport_fastrtps_cpp.hpp
[7.695s] -- Up-to-date: /home/schni2zle/colcon_ws/src/install/smarc_msgs/include/smarc_msgs/smarc_msgs/srv/detail/lat_lon_to_utm_odometry__rosidl_typesupport_fastrtps_cpp.hpp
[7.695s] -- Up-to-date: /home/schni2zle/colcon_ws/src/install/smarc_msgs/lib/libsmarc_msgs__rosidl_typesupport_fastrtps_cpp.so
[7.695s] -- Up-to-date: /home/schni2zle/colcon_ws/src/install/smarc_msgs/include/smarc_msgs/smarc_msgs
[7.696s] -- Up-to-date: /home/schni2zle/colcon_ws/src/install/smarc_msgs/include/smarc_msgs/smarc_msgs/msg
[7.696s] -- Up-to-date: /home/schni2zle/colcon_ws/src/install/smarc_msgs/include/smarc_msgs/smarc_msgs/msg/detail
[7.696s] -- Up-to-date: /home/schni2zle/colcon_ws/src/install/smarc_msgs/include/smarc_msgs/smarc_msgs/msg/detail/dvl__type_support.cpp
[7.696s] -- Up-to-date: /home/schni2zle/colcon_ws/src/install/smarc_msgs/include/smarc_msgs/smarc_msgs/msg/detail/dual_thruster_feedback__rosidl_typesupport_introspection_cpp.hpp
[7.696s] -- Up-to-date: /home/schni2zle/colcon_ws/src/install/smarc_msgs/include/smarc_msgs/smarc_msgs/msg/detail/sensor_status__type_support.cpp
[7.697s] -- Up-to-date: /home/schni2zle/colcon_ws/src/install/smarc_msgs/include/smarc_msgs/smarc_msgs/msg/detail/string_pair__rosidl_typesupport_introspection_cpp.hpp
[7.697s] -- Up-to-date: /home/schni2zle/colcon_ws/src/install/smarc_msgs/include/smarc_msgs/smarc_msgs/msg/detail/lat_lon_stamped__rosidl_typesupport_introspection_cpp.hpp
[7.698s] -- Up-to-date: /home/schni2zle/colcon_ws/src/install/smarc_msgs/include/smarc_msgs/smarc_msgs/msg/detail/dvl__rosidl_typesupport_introspection_cpp.hpp
[7.699s] -- Up-to-date: /home/schni2zle/colcon_ws/src/install/smarc_msgs/include/smarc_msgs/smarc_msgs/msg/detail/sidescan__rosidl_typesupport_introspection_cpp.hpp
[7.699s] -- Up-to-date: /home/schni2zle/colcon_ws/src/install/smarc_msgs/include/smarc_msgs/smarc_msgs/msg/detail/topics__type_support.cpp
[7.700s] -- Up-to-date: /home/schni2zle/colcon_ws/src/install/smarc_msgs/include/smarc_msgs/smarc_msgs/msg/detail/sm_task__rosidl_typesupport_introspection_cpp.hpp
[7.700s] -- Up-to-date: /home/schni2zle/colcon_ws/src/install/smarc_msgs/include/smarc_msgs/smarc_msgs/msg/detail/string_stamped__rosidl_typesupport_introspection_cpp.hpp
[7.700s] -- Up-to-date: /home/schni2zle/colcon_ws/src/install/smarc_msgs/include/smarc_msgs/smarc_msgs/msg/detail/sm_task__type_support.cpp
[7.700s] -- Up-to-date: /home/schni2zle/colcon_ws/src/install/smarc_msgs/include/smarc_msgs/smarc_msgs/msg/detail/dvl_beam__rosidl_typesupport_introspection_cpp.hpp
[7.701s] -- Up-to-date: /home/schni2zle/colcon_ws/src/install/smarc_msgs/include/smarc_msgs/smarc_msgs/msg/detail/dual_thruster_rpm__rosidl_typesupport_introspection_cpp.hpp
[7.701s] -- Up-to-date: /home/schni2zle/colcon_ws/src/install/smarc_msgs/include/smarc_msgs/smarc_msgs/msg/detail/dual_thruster_rpm__type_support.cpp
[7.701s] -- Up-to-date: /home/schni2zle/colcon_ws/src/install/smarc_msgs/include/smarc_msgs/smarc_msgs/msg/detail/string_array__rosidl_typesupport_introspection_cpp.hpp
[7.701s] -- Up-to-date: /home/schni2zle/colcon_ws/src/install/smarc_msgs/include/smarc_msgs/smarc_msgs/msg/detail/controller_status__type_support.cpp
[7.701s] -- Up-to-date: /home/schni2zle/colcon_ws/src/install/smarc_msgs/include/smarc_msgs/smarc_msgs/msg/detail/thruster_feedback__rosidl_typesupport_introspection_cpp.hpp
[7.701s] -- Up-to-date: /home/schni2zle/colcon_ws/src/install/smarc_msgs/include/smarc_msgs/smarc_msgs/msg/detail/dual_thruster_feedback__type_support.cpp
[7.702s] -- Up-to-date: /home/schni2zle/colcon_ws/src/install/smarc_msgs/include/smarc_msgs/smarc_msgs/msg/detail/controller_status__rosidl_typesupport_introspection_cpp.hpp
[7.702s] -- Up-to-date: /home/schni2zle/colcon_ws/src/install/smarc_msgs/include/smarc_msgs/smarc_msgs/msg/detail/string_stamped__type_support.cpp
[7.702s] -- Up-to-date: /home/schni2zle/colcon_ws/src/install/smarc_msgs/include/smarc_msgs/smarc_msgs/msg/detail/lat_lon_stamped__type_support.cpp
[7.702s] -- Up-to-date: /home/schni2zle/colcon_ws/src/install/smarc_msgs/include/smarc_msgs/smarc_msgs/msg/detail/string_array__type_support.cpp
[7.703s] -- Up-to-date: /home/schni2zle/colcon_ws/src/install/smarc_msgs/include/smarc_msgs/smarc_msgs/msg/detail/dvl_beam__type_support.cpp
[7.703s] -- Up-to-date: /home/schni2zle/colcon_ws/src/install/smarc_msgs/include/smarc_msgs/smarc_msgs/msg/detail/float_stamped__rosidl_typesupport_introspection_cpp.hpp
[7.703s] -- Up-to-date: /home/schni2zle/colcon_ws/src/install/smarc_msgs/include/smarc_msgs/smarc_msgs/msg/detail/execution_status__rosidl_typesupport_introspection_cpp.hpp
[7.704s] -- Up-to-date: /home/schni2zle/colcon_ws/src/install/smarc_msgs/include/smarc_msgs/smarc_msgs/msg/detail/sidescan__type_support.cpp
[7.704s] -- Up-to-date: /home/schni2zle/colcon_ws/src/install/smarc_msgs/include/smarc_msgs/smarc_msgs/msg/detail/ctd__rosidl_typesupport_introspection_cpp.hpp
[7.704s] -- Up-to-date: /home/schni2zle/colcon_ws/src/install/smarc_msgs/include/smarc_msgs/smarc_msgs/msg/detail/leak__rosidl_typesupport_introspection_cpp.hpp
[7.704s] -- Up-to-date: /home/schni2zle/colcon_ws/src/install/smarc_msgs/include/smarc_msgs/smarc_msgs/msg/detail/thruster_dc__type_support.cpp
[7.704s] -- Up-to-date: /home/schni2zle/colcon_ws/src/install/smarc_msgs/include/smarc_msgs/smarc_msgs/msg/detail/thruster_rpm__type_support.cpp
[7.705s] -- Up-to-date: /home/schni2zle/colcon_ws/src/install/smarc_msgs/include/smarc_msgs/smarc_msgs/msg/detail/lat_lon_odometry__rosidl_typesupport_introspection_cpp.hpp
[7.705s] -- Up-to-date: /home/schni2zle/colcon_ws/src/install/smarc_msgs/include/smarc_msgs/smarc_msgs/msg/detail/topics__rosidl_typesupport_introspection_cpp.hpp
[7.705s] -- Up-to-date: /home/schni2zle/colcon_ws/src/install/smarc_msgs/include/smarc_msgs/smarc_msgs/msg/detail/thruster_dc__rosidl_typesupport_introspection_cpp.hpp
[7.705s] -- Up-to-date: /home/schni2zle/colcon_ws/src/install/smarc_msgs/include/smarc_msgs/smarc_msgs/msg/detail/thruster_feedback__type_support.cpp
[7.705s] -- Up-to-date: /home/schni2zle/colcon_ws/src/install/smarc_msgs/include/smarc_msgs/smarc_msgs/msg/detail/execution_status__type_support.cpp
[7.706s] -- Up-to-date: /home/schni2zle/colcon_ws/src/install/smarc_msgs/include/smarc_msgs/smarc_msgs/msg/detail/float_stamped__type_support.cpp
[7.706s] -- Up-to-date: /home/schni2zle/colcon_ws/src/install/smarc_msgs/include/smarc_msgs/smarc_msgs/msg/detail/lat_lon_odometry__type_support.cpp
[7.706s] -- Up-to-date: /home/schni2zle/colcon_ws/src/install/smarc_msgs/include/smarc_msgs/smarc_msgs/msg/detail/string_pair__type_support.cpp
[7.706s] -- Up-to-date: /home/schni2zle/colcon_ws/src/install/smarc_msgs/include/smarc_msgs/smarc_msgs/msg/detail/comms_message__rosidl_typesupport_introspection_cpp.hpp
[7.706s] -- Up-to-date: /home/schni2zle/colcon_ws/src/install/smarc_msgs/include/smarc_msgs/smarc_msgs/msg/detail/ctd__type_support.cpp
[7.707s] -- Up-to-date: /home/schni2zle/colcon_ws/src/install/smarc_msgs/include/smarc_msgs/smarc_msgs/msg/detail/leak__type_support.cpp
[7.707s] -- Up-to-date: /home/schni2zle/colcon_ws/src/install/smarc_msgs/include/smarc_msgs/smarc_msgs/msg/detail/sensor_status__rosidl_typesupport_introspection_cpp.hpp
[7.711s] -- Up-to-date: /home/schni2zle/colcon_ws/src/install/smarc_msgs/include/smarc_msgs/smarc_msgs/msg/detail/thruster_rpm__rosidl_typesupport_introspection_cpp.hpp
[7.712s] -- Up-to-date: /home/schni2zle/colcon_ws/src/install/smarc_msgs/include/smarc_msgs/smarc_msgs/msg/detail/comms_message__type_support.cpp
[7.712s] -- Up-to-date: /home/schni2zle/colcon_ws/src/install/smarc_msgs/include/smarc_msgs/smarc_msgs/srv
[7.712s] -- Up-to-date: /home/schni2zle/colcon_ws/src/install/smarc_msgs/include/smarc_msgs/smarc_msgs/srv/detail
[7.712s] -- Up-to-date: /home/schni2zle/colcon_ws/src/install/smarc_msgs/include/smarc_msgs/smarc_msgs/srv/detail/nedenu_rotation__rosidl_typesupport_introspection_cpp.hpp
[7.712s] -- Up-to-date: /home/schni2zle/colcon_ws/src/install/smarc_msgs/include/smarc_msgs/smarc_msgs/srv/detail/cell_occupied__type_support.cpp
[7.713s] -- Up-to-date: /home/schni2zle/colcon_ws/src/install/smarc_msgs/include/smarc_msgs/smarc_msgs/srv/detail/add_tasks__rosidl_typesupport_introspection_cpp.hpp
[7.713s] -- Up-to-date: /home/schni2zle/colcon_ws/src/install/smarc_msgs/include/smarc_msgs/smarc_msgs/srv/detail/lat_lon_to_utm_odometry__type_support.cpp
[7.722s] -- Up-to-date: /home/schni2zle/colcon_ws/src/install/smarc_msgs/include/smarc_msgs/smarc_msgs/srv/detail/add_task__rosidl_typesupport_introspection_cpp.hpp
[7.729s] -- Up-to-date: /home/schni2zle/colcon_ws/src/install/smarc_msgs/include/smarc_msgs/smarc_msgs/srv/detail/cell_occupied__rosidl_typesupport_introspection_cpp.hpp
[7.730s] -- Up-to-date: /home/schni2zle/colcon_ws/src/install/smarc_msgs/include/smarc_msgs/smarc_msgs/srv/detail/nedenu_rotation__type_support.cpp
[7.730s] -- Up-to-date: /home/schni2zle/colcon_ws/src/install/smarc_msgs/include/smarc_msgs/smarc_msgs/srv/detail/add_task__type_support.cpp
[7.735s] -- Up-to-date: /home/schni2zle/colcon_ws/src/install/smarc_msgs/include/smarc_msgs/smarc_msgs/srv/detail/add_tasks__type_support.cpp
[7.735s] -- Up-to-date: /home/schni2zle/colcon_ws/src/install/smarc_msgs/include/smarc_msgs/smarc_msgs/srv/detail/lat_lon_to_utm_odometry__rosidl_typesupport_introspection_cpp.hpp
[7.736s] -- Up-to-date: /home/schni2zle/colcon_ws/src/install/smarc_msgs/lib/libsmarc_msgs__rosidl_typesupport_introspection_cpp.so
[7.737s] -- Up-to-date: /home/schni2zle/colcon_ws/src/install/smarc_msgs/lib/libsmarc_msgs__rosidl_typesupport_cpp.so
[7.738s] -- Up-to-date: /home/schni2zle/colcon_ws/src/install/smarc_msgs/share/smarc_msgs/environment/pythonpath.sh
[7.742s] -- Up-to-date: /home/schni2zle/colcon_ws/src/install/smarc_msgs/share/smarc_msgs/environment/pythonpath.dsv
[7.743s] -- Up-to-date: /home/schni2zle/colcon_ws/src/install/smarc_msgs/local/lib/python3.10/dist-packages/smarc_msgs-0.1.0-py3.10.egg-info
[7.744s] -- Installing: /home/schni2zle/colcon_ws/src/install/smarc_msgs/local/lib/python3.10/dist-packages/smarc_msgs-0.1.0-py3.10.egg-info/PKG-INFO
[7.745s] -- Installing: /home/schni2zle/colcon_ws/src/install/smarc_msgs/local/lib/python3.10/dist-packages/smarc_msgs-0.1.0-py3.10.egg-info/SOURCES.txt
[7.746s] -- Installing: /home/schni2zle/colcon_ws/src/install/smarc_msgs/local/lib/python3.10/dist-packages/smarc_msgs-0.1.0-py3.10.egg-info/top_level.txt
[7.746s] -- Installing: /home/schni2zle/colcon_ws/src/install/smarc_msgs/local/lib/python3.10/dist-packages/smarc_msgs-0.1.0-py3.10.egg-info/dependency_links.txt
[7.747s] -- Up-to-date: /home/schni2zle/colcon_ws/src/install/smarc_msgs/local/lib/python3.10/dist-packages/smarc_msgs
[7.750s] -- Up-to-date: /home/schni2zle/colcon_ws/src/install/smarc_msgs/local/lib/python3.10/dist-packages/smarc_msgs/msg
[7.750s] -- Up-to-date: /home/schni2zle/colcon_ws/src/install/smarc_msgs/local/lib/python3.10/dist-packages/smarc_msgs/msg/_leak.py
[7.750s] -- Up-to-date: /home/schni2zle/colcon_ws/src/install/smarc_msgs/local/lib/python3.10/dist-packages/smarc_msgs/msg/_sensor_status_s.c
[7.754s] -- Up-to-date: /home/schni2zle/colcon_ws/src/install/smarc_msgs/local/lib/python3.10/dist-packages/smarc_msgs/msg/_string_pair.py
[7.754s] -- Up-to-date: /home/schni2zle/colcon_ws/src/install/smarc_msgs/local/lib/python3.10/dist-packages/smarc_msgs/msg/_lat_lon_odometry_s.c
[7.755s] -- Up-to-date: /home/schni2zle/colcon_ws/src/install/smarc_msgs/local/lib/python3.10/dist-packages/smarc_msgs/msg/_dual_thruster_feedback_s.c
[7.755s] -- Up-to-date: /home/schni2zle/colcon_ws/src/install/smarc_msgs/local/lib/python3.10/dist-packages/smarc_msgs/msg/_comms_message.py
[7.755s] -- Up-to-date: /home/schni2zle/colcon_ws/src/install/smarc_msgs/local/lib/python3.10/dist-packages/smarc_msgs/msg/_controller_status_s.c
[7.756s] -- Up-to-date: /home/schni2zle/colcon_ws/src/install/smarc_msgs/local/lib/python3.10/dist-packages/smarc_msgs/msg/_lat_lon_stamped_s.c
[7.756s] -- Up-to-date: /home/schni2zle/colcon_ws/src/install/smarc_msgs/local/lib/python3.10/dist-packages/smarc_msgs/msg/_thruster_feedback.py
[7.756s] -- Up-to-date: /home/schni2zle/colcon_ws/src/install/smarc_msgs/local/lib/python3.10/dist-packages/smarc_msgs/msg/_dvl_beam_s.c
[7.757s] -- Up-to-date: /home/schni2zle/colcon_ws/src/install/smarc_msgs/local/lib/python3.10/dist-packages/smarc_msgs/msg/_string_array.py
[7.757s] -- Up-to-date: /home/schni2zle/colcon_ws/src/install/smarc_msgs/local/lib/python3.10/dist-packages/smarc_msgs/msg/_lat_lon_stamped.py
[7.757s] -- Up-to-date: /home/schni2zle/colcon_ws/src/install/smarc_msgs/local/lib/python3.10/dist-packages/smarc_msgs/msg/_thruster_feedback_s.c
[7.757s] -- Up-to-date: /home/schni2zle/colcon_ws/src/install/smarc_msgs/local/lib/python3.10/dist-packages/smarc_msgs/msg/_dvl_s.c
[7.760s] -- Up-to-date: /home/schni2zle/colcon_ws/src/install/smarc_msgs/local/lib/python3.10/dist-packages/smarc_msgs/msg/_float_stamped_s.c
[7.760s] -- Up-to-date: /home/schni2zle/colcon_ws/src/install/smarc_msgs/local/lib/python3.10/dist-packages/smarc_msgs/msg/_dual_thruster_feedback.py
[7.760s] -- Up-to-date: /home/schni2zle/colcon_ws/src/install/smarc_msgs/local/lib/python3.10/dist-packages/smarc_msgs/msg/_comms_message_s.c
[7.761s] -- Up-to-date: /home/schni2zle/colcon_ws/src/install/smarc_msgs/local/lib/python3.10/dist-packages/smarc_msgs/msg/_topics_s.c
[7.761s] -- Up-to-date: /home/schni2zle/colcon_ws/src/install/smarc_msgs/local/lib/python3.10/dist-packages/smarc_msgs/msg/_float_stamped.py
[7.761s] -- Up-to-date: /home/schni2zle/colcon_ws/src/install/smarc_msgs/local/lib/python3.10/dist-packages/smarc_msgs/msg/_execution_status_s.c
[7.761s] -- Up-to-date: /home/schni2zle/colcon_ws/src/install/smarc_msgs/local/lib/python3.10/dist-packages/smarc_msgs/msg/_execution_status.py
[7.762s] -- Up-to-date: /home/schni2zle/colcon_ws/src/install/smarc_msgs/local/lib/python3.10/dist-packages/smarc_msgs/msg/_sm_task.py
[7.762s] -- Up-to-date: /home/schni2zle/colcon_ws/src/install/smarc_msgs/local/lib/python3.10/dist-packages/smarc_msgs/msg/_ctd.py
[7.762s] -- Up-to-date: /home/schni2zle/colcon_ws/src/install/smarc_msgs/local/lib/python3.10/dist-packages/smarc_msgs/msg/_sm_task_s.c
[7.762s] -- Up-to-date: /home/schni2zle/colcon_ws/src/install/smarc_msgs/local/lib/python3.10/dist-packages/smarc_msgs/msg/_thruster_dc_s.c
[7.762s] -- Up-to-date: /home/schni2zle/colcon_ws/src/install/smarc_msgs/local/lib/python3.10/dist-packages/smarc_msgs/msg/_sidescan.py
[7.763s] -- Up-to-date: /home/schni2zle/colcon_ws/src/install/smarc_msgs/local/lib/python3.10/dist-packages/smarc_msgs/msg/_leak_s.c
[7.763s] -- Up-to-date: /home/schni2zle/colcon_ws/src/install/smarc_msgs/local/lib/python3.10/dist-packages/smarc_msgs/msg/_controller_status.py
[7.763s] -- Up-to-date: /home/schni2zle/colcon_ws/src/install/smarc_msgs/local/lib/python3.10/dist-packages/smarc_msgs/msg/_string_stamped.py
[7.763s] -- Up-to-date: /home/schni2zle/colcon_ws/src/install/smarc_msgs/local/lib/python3.10/dist-packages/smarc_msgs/msg/_dual_thruster_rpm.py
[7.763s] -- Up-to-date: /home/schni2zle/colcon_ws/src/install/smarc_msgs/local/lib/python3.10/dist-packages/smarc_msgs/msg/_topics.py
[7.764s] -- Up-to-date: /home/schni2zle/colcon_ws/src/install/smarc_msgs/local/lib/python3.10/dist-packages/smarc_msgs/msg/__init__.py
[7.764s] -- Up-to-date: /home/schni2zle/colcon_ws/src/install/smarc_msgs/local/lib/python3.10/dist-packages/smarc_msgs/msg/_dvl.py
[7.764s] -- Up-to-date: /home/schni2zle/colcon_ws/src/install/smarc_msgs/local/lib/python3.10/dist-packages/smarc_msgs/msg/_sensor_status.py
[7.769s] -- Up-to-date: /home/schni2zle/colcon_ws/src/install/smarc_msgs/local/lib/python3.10/dist-packages/smarc_msgs/msg/_string_array_s.c
[7.769s] -- Up-to-date: /home/schni2zle/colcon_ws/src/install/smarc_msgs/local/lib/python3.10/dist-packages/smarc_msgs/msg/_ctd_s.c
[7.770s] -- Up-to-date: /home/schni2zle/colcon_ws/src/install/smarc_msgs/local/lib/python3.10/dist-packages/smarc_msgs/msg/_thruster_rpm.py
[7.770s] -- Up-to-date: /home/schni2zle/colcon_ws/src/install/smarc_msgs/local/lib/python3.10/dist-packages/smarc_msgs/msg/_lat_lon_odometry.py
[7.770s] -- Up-to-date: /home/schni2zle/colcon_ws/src/install/smarc_msgs/local/lib/python3.10/dist-packages/smarc_msgs/msg/_dvl_beam.py
[7.770s] -- Up-to-date: /home/schni2zle/colcon_ws/src/install/smarc_msgs/local/lib/python3.10/dist-packages/smarc_msgs/msg/_string_stamped_s.c
[7.771s] -- Up-to-date: /home/schni2zle/colcon_ws/src/install/smarc_msgs/local/lib/python3.10/dist-packages/smarc_msgs/msg/_sidescan_s.c
[7.771s] -- Up-to-date: /home/schni2zle/colcon_ws/src/install/smarc_msgs/local/lib/python3.10/dist-packages/smarc_msgs/msg/_thruster_dc.py
[7.771s] -- Up-to-date: /home/schni2zle/colcon_ws/src/install/smarc_msgs/local/lib/python3.10/dist-packages/smarc_msgs/msg/_dual_thruster_rpm_s.c
[7.771s] -- Up-to-date: /home/schni2zle/colcon_ws/src/install/smarc_msgs/local/lib/python3.10/dist-packages/smarc_msgs/msg/_string_pair_s.c
[7.771s] -- Up-to-date: /home/schni2zle/colcon_ws/src/install/smarc_msgs/local/lib/python3.10/dist-packages/smarc_msgs/msg/_thruster_rpm_s.c
[7.772s] -- Up-to-date: /home/schni2zle/colcon_ws/src/install/smarc_msgs/local/lib/python3.10/dist-packages/smarc_msgs/_smarc_msgs_s.ep.rosidl_typesupport_c.c
[7.772s] -- Up-to-date: /home/schni2zle/colcon_ws/src/install/smarc_msgs/local/lib/python3.10/dist-packages/smarc_msgs/srv
[7.772s] -- Up-to-date: /home/schni2zle/colcon_ws/src/install/smarc_msgs/local/lib/python3.10/dist-packages/smarc_msgs/srv/_add_tasks.py
[7.772s] -- Up-to-date: /home/schni2zle/colcon_ws/src/install/smarc_msgs/local/lib/python3.10/dist-packages/smarc_msgs/srv/_lat_lon_to_utm_odometry.py
[7.772s] -- Up-to-date: /home/schni2zle/colcon_ws/src/install/smarc_msgs/local/lib/python3.10/dist-packages/smarc_msgs/srv/_add_task.py
[7.773s] -- Up-to-date: /home/schni2zle/colcon_ws/src/install/smarc_msgs/local/lib/python3.10/dist-packages/smarc_msgs/srv/_cell_occupied_s.c
[7.773s] -- Up-to-date: /home/schni2zle/colcon_ws/src/install/smarc_msgs/local/lib/python3.10/dist-packages/smarc_msgs/srv/_nedenu_rotation_s.c
[7.777s] -- Up-to-date: /home/schni2zle/colcon_ws/src/install/smarc_msgs/local/lib/python3.10/dist-packages/smarc_msgs/srv/_lat_lon_to_utm_odometry_s.c
[7.778s] -- Up-to-date: /home/schni2zle/colcon_ws/src/install/smarc_msgs/local/lib/python3.10/dist-packages/smarc_msgs/srv/_add_tasks_s.c
[7.779s] -- Up-to-date: /home/schni2zle/colcon_ws/src/install/smarc_msgs/local/lib/python3.10/dist-packages/smarc_msgs/srv/__init__.py
[7.779s] -- Up-to-date: /home/schni2zle/colcon_ws/src/install/smarc_msgs/local/lib/python3.10/dist-packages/smarc_msgs/srv/_nedenu_rotation.py
[7.779s] -- Up-to-date: /home/schni2zle/colcon_ws/src/install/smarc_msgs/local/lib/python3.10/dist-packages/smarc_msgs/srv/_add_task_s.c
[7.779s] -- Up-to-date: /home/schni2zle/colcon_ws/src/install/smarc_msgs/local/lib/python3.10/dist-packages/smarc_msgs/srv/_cell_occupied.py
[7.779s] -- Up-to-date: /home/schni2zle/colcon_ws/src/install/smarc_msgs/local/lib/python3.10/dist-packages/smarc_msgs/smarc_msgs_s__rosidl_typesupport_c.cpython-310-x86_64-linux-gnu.so
[7.780s] -- Up-to-date: /home/schni2zle/colcon_ws/src/install/smarc_msgs/local/lib/python3.10/dist-packages/smarc_msgs/smarc_msgs_s__rosidl_typesupport_introspection_c.cpython-310-x86_64-linux-gnu.so
[7.780s] -- Up-to-date: /home/schni2zle/colcon_ws/src/install/smarc_msgs/local/lib/python3.10/dist-packages/smarc_msgs/__init__.py
[7.780s] -- Up-to-date: /home/schni2zle/colcon_ws/src/install/smarc_msgs/local/lib/python3.10/dist-packages/smarc_msgs/smarc_msgs_s__rosidl_typesupport_fastrtps_c.cpython-310-x86_64-linux-gnu.so
[7.780s] -- Up-to-date: /home/schni2zle/colcon_ws/src/install/smarc_msgs/local/lib/python3.10/dist-packages/smarc_msgs/libsmarc_msgs__rosidl_generator_py.so
[7.780s] -- Up-to-date: /home/schni2zle/colcon_ws/src/install/smarc_msgs/local/lib/python3.10/dist-packages/smarc_msgs/_smarc_msgs_s.ep.rosidl_typesupport_fastrtps_c.c
[7.781s] -- Up-to-date: /home/schni2zle/colcon_ws/src/install/smarc_msgs/local/lib/python3.10/dist-packages/smarc_msgs/_smarc_msgs_s.ep.rosidl_typesupport_introspection_c.c
[7.868s] Listing '/home/schni2zle/colcon_ws/src/install/smarc_msgs/local/lib/python3.10/dist-packages/smarc_msgs'...
[7.868s] Listing '/home/schni2zle/colcon_ws/src/install/smarc_msgs/local/lib/python3.10/dist-packages/smarc_msgs/msg'...
[7.872s] Listing '/home/schni2zle/colcon_ws/src/install/smarc_msgs/local/lib/python3.10/dist-packages/smarc_msgs/srv'...
[7.873s] -- Up-to-date: /home/schni2zle/colcon_ws/src/install/smarc_msgs/local/lib/python3.10/dist-packages/smarc_msgs/smarc_msgs_s__rosidl_typesupport_fastrtps_c.cpython-310-x86_64-linux-gnu.so
[7.874s] -- Up-to-date: /home/schni2zle/colcon_ws/src/install/smarc_msgs/local/lib/python3.10/dist-packages/smarc_msgs/smarc_msgs_s__rosidl_typesupport_introspection_c.cpython-310-x86_64-linux-gnu.so
[7.875s] -- Up-to-date: /home/schni2zle/colcon_ws/src/install/smarc_msgs/local/lib/python3.10/dist-packages/smarc_msgs/smarc_msgs_s__rosidl_typesupport_c.cpython-310-x86_64-linux-gnu.so
[7.876s] -- Up-to-date: /home/schni2zle/colcon_ws/src/install/smarc_msgs/lib/libsmarc_msgs__rosidl_generator_py.so
[7.876s] -- Up-to-date: /home/schni2zle/colcon_ws/src/install/smarc_msgs/share/smarc_msgs/srv/CellOccupied.idl
[7.877s] -- Up-to-date: /home/schni2zle/colcon_ws/src/install/smarc_msgs/share/smarc_msgs/srv/AddTask.idl
[7.877s] -- Up-to-date: /home/schni2zle/colcon_ws/src/install/smarc_msgs/share/smarc_msgs/srv/AddTasks.idl
[7.878s] -- Up-to-date: /home/schni2zle/colcon_ws/src/install/smarc_msgs/share/smarc_msgs/srv/NEDENURotation.idl
[7.878s] -- Up-to-date: /home/schni2zle/colcon_ws/src/install/smarc_msgs/share/smarc_msgs/srv/LatLonToUTMOdometry.idl
[7.885s] -- Up-to-date: /home/schni2zle/colcon_ws/src/install/smarc_msgs/share/smarc_msgs/msg/CommsMessage.idl
[7.886s] -- Up-to-date: /home/schni2zle/colcon_ws/src/install/smarc_msgs/share/smarc_msgs/msg/ControllerStatus.idl
[7.886s] -- Up-to-date: /home/schni2zle/colcon_ws/src/install/smarc_msgs/share/smarc_msgs/msg/CTD.idl
[7.887s] -- Up-to-date: /home/schni2zle/colcon_ws/src/install/smarc_msgs/share/smarc_msgs/msg/DualThrusterFeedback.idl
[7.887s] -- Up-to-date: /home/schni2zle/colcon_ws/src/install/smarc_msgs/share/smarc_msgs/msg/DualThrusterRPM.idl
[7.888s] -- Up-to-date: /home/schni2zle/colcon_ws/src/install/smarc_msgs/share/smarc_msgs/msg/DVLBeam.idl
[7.888s] -- Up-to-date: /home/schni2zle/colcon_ws/src/install/smarc_msgs/share/smarc_msgs/msg/DVL.idl
[7.889s] -- Up-to-date: /home/schni2zle/colcon_ws/src/install/smarc_msgs/share/smarc_msgs/msg/ExecutionStatus.idl
[7.889s] -- Up-to-date: /home/schni2zle/colcon_ws/src/install/smarc_msgs/share/smarc_msgs/msg/FloatStamped.idl
[7.889s] -- Up-to-date: /home/schni2zle/colcon_ws/src/install/smarc_msgs/share/smarc_msgs/msg/LatLonOdometry.idl
[7.889s] -- Up-to-date: /home/schni2zle/colcon_ws/src/install/smarc_msgs/share/smarc_msgs/msg/LatLonStamped.idl
[7.889s] -- Up-to-date: /home/schni2zle/colcon_ws/src/install/smarc_msgs/share/smarc_msgs/msg/Leak.idl
[7.890s] -- Up-to-date: /home/schni2zle/colcon_ws/src/install/smarc_msgs/share/smarc_msgs/msg/SensorStatus.idl
[7.890s] -- Up-to-date: /home/schni2zle/colcon_ws/src/install/smarc_msgs/share/smarc_msgs/msg/Sidescan.idl
[7.893s] -- Up-to-date: /home/schni2zle/colcon_ws/src/install/smarc_msgs/share/smarc_msgs/msg/SMTask.idl
[7.895s] -- Up-to-date: /home/schni2zle/colcon_ws/src/install/smarc_msgs/share/smarc_msgs/msg/StringArray.idl
[7.896s] -- Up-to-date: /home/schni2zle/colcon_ws/src/install/smarc_msgs/share/smarc_msgs/msg/StringPair.idl
[7.896s] -- Up-to-date: /home/schni2zle/colcon_ws/src/install/smarc_msgs/share/smarc_msgs/msg/ThrusterDC.idl
[7.899s] -- Up-to-date: /home/schni2zle/colcon_ws/src/install/smarc_msgs/share/smarc_msgs/msg/ThrusterFeedback.idl
[7.900s] -- Up-to-date: /home/schni2zle/colcon_ws/src/install/smarc_msgs/share/smarc_msgs/msg/ThrusterRPM.idl
[7.900s] -- Up-to-date: /home/schni2zle/colcon_ws/src/install/smarc_msgs/share/smarc_msgs/msg/Topics.idl
[7.900s] -- Up-to-date: /home/schni2zle/colcon_ws/src/install/smarc_msgs/share/smarc_msgs/msg/StringStamped.idl
[7.900s] -- Up-to-date: /home/schni2zle/colcon_ws/src/install/smarc_msgs/share/smarc_msgs/srv/CellOccupied.srv
[7.901s] -- Up-to-date: /home/schni2zle/colcon_ws/src/install/smarc_msgs/share/smarc_msgs/srv/CellOccupied_Request.msg
[7.901s] -- Up-to-date: /home/schni2zle/colcon_ws/src/install/smarc_msgs/share/smarc_msgs/srv/CellOccupied_Response.msg
[7.901s] -- Up-to-date: /home/schni2zle/colcon_ws/src/install/smarc_msgs/share/smarc_msgs/srv/AddTask.srv
[7.901s] -- Up-to-date: /home/schni2zle/colcon_ws/src/install/smarc_msgs/share/smarc_msgs/srv/AddTask_Request.msg
[7.901s] -- Up-to-date: /home/schni2zle/colcon_ws/src/install/smarc_msgs/share/smarc_msgs/srv/AddTask_Response.msg
[7.901s] -- Up-to-date: /home/schni2zle/colcon_ws/src/install/smarc_msgs/share/smarc_msgs/srv/AddTasks.srv
[7.902s] -- Up-to-date: /home/schni2zle/colcon_ws/src/install/smarc_msgs/share/smarc_msgs/srv/AddTasks_Request.msg
[7.902s] -- Up-to-date: /home/schni2zle/colcon_ws/src/install/smarc_msgs/share/smarc_msgs/srv/AddTasks_Response.msg
[7.902s] -- Up-to-date: /home/schni2zle/colcon_ws/src/install/smarc_msgs/share/smarc_msgs/srv/NEDENURotation.srv
[7.902s] -- Up-to-date: /home/schni2zle/colcon_ws/src/install/smarc_msgs/share/smarc_msgs/srv/NEDENURotation_Request.msg
[7.902s] -- Up-to-date: /home/schni2zle/colcon_ws/src/install/smarc_msgs/share/smarc_msgs/srv/NEDENURotation_Response.msg
[7.903s] -- Up-to-date: /home/schni2zle/colcon_ws/src/install/smarc_msgs/share/smarc_msgs/srv/LatLonToUTMOdometry.srv
[7.903s] -- Up-to-date: /home/schni2zle/colcon_ws/src/install/smarc_msgs/share/smarc_msgs/srv/LatLonToUTMOdometry_Request.msg
[7.907s] -- Up-to-date: /home/schni2zle/colcon_ws/src/install/smarc_msgs/share/smarc_msgs/srv/LatLonToUTMOdometry_Response.msg
[7.907s] -- Up-to-date: /home/schni2zle/colcon_ws/src/install/smarc_msgs/share/smarc_msgs/msg/CommsMessage.msg
[7.908s] -- Up-to-date: /home/schni2zle/colcon_ws/src/install/smarc_msgs/share/smarc_msgs/msg/ControllerStatus.msg
[7.908s] -- Up-to-date: /home/schni2zle/colcon_ws/src/install/smarc_msgs/share/smarc_msgs/msg/CTD.msg
[7.908s] -- Up-to-date: /home/schni2zle/colcon_ws/src/install/smarc_msgs/share/smarc_msgs/msg/DualThrusterFeedback.msg
[7.908s] -- Up-to-date: /home/schni2zle/colcon_ws/src/install/smarc_msgs/share/smarc_msgs/msg/DualThrusterRPM.msg
[7.908s] -- Up-to-date: /home/schni2zle/colcon_ws/src/install/smarc_msgs/share/smarc_msgs/msg/DVLBeam.msg
[7.909s] -- Up-to-date: /home/schni2zle/colcon_ws/src/install/smarc_msgs/share/smarc_msgs/msg/DVL.msg
[7.909s] -- Up-to-date: /home/schni2zle/colcon_ws/src/install/smarc_msgs/share/smarc_msgs/msg/ExecutionStatus.msg
[7.909s] -- Up-to-date: /home/schni2zle/colcon_ws/src/install/smarc_msgs/share/smarc_msgs/msg/FloatStamped.msg
[7.909s] -- Up-to-date: /home/schni2zle/colcon_ws/src/install/smarc_msgs/share/smarc_msgs/msg/LatLonOdometry.msg
[7.909s] -- Up-to-date: /home/schni2zle/colcon_ws/src/install/smarc_msgs/share/smarc_msgs/msg/LatLonStamped.msg
[7.910s] -- Up-to-date: /home/schni2zle/colcon_ws/src/install/smarc_msgs/share/smarc_msgs/msg/Leak.msg
[7.910s] -- Up-to-date: /home/schni2zle/colcon_ws/src/install/smarc_msgs/share/smarc_msgs/msg/SensorStatus.msg
[7.910s] -- Up-to-date: /home/schni2zle/colcon_ws/src/install/smarc_msgs/share/smarc_msgs/msg/Sidescan.msg
[7.910s] -- Up-to-date: /home/schni2zle/colcon_ws/src/install/smarc_msgs/share/smarc_msgs/msg/SMTask.msg
[7.910s] -- Up-to-date: /home/schni2zle/colcon_ws/src/install/smarc_msgs/share/smarc_msgs/msg/StringArray.msg
[7.911s] -- Up-to-date: /home/schni2zle/colcon_ws/src/install/smarc_msgs/share/smarc_msgs/msg/StringPair.msg
[7.911s] -- Up-to-date: /home/schni2zle/colcon_ws/src/install/smarc_msgs/share/smarc_msgs/msg/ThrusterDC.msg
[7.911s] -- Up-to-date: /home/schni2zle/colcon_ws/src/install/smarc_msgs/share/smarc_msgs/msg/ThrusterFeedback.msg
[7.913s] -- Up-to-date: /home/schni2zle/colcon_ws/src/install/smarc_msgs/share/smarc_msgs/msg/ThrusterRPM.msg
[7.913s] -- Up-to-date: /home/schni2zle/colcon_ws/src/install/smarc_msgs/share/smarc_msgs/msg/Topics.msg
[7.913s] -- Up-to-date: /home/schni2zle/colcon_ws/src/install/smarc_msgs/share/smarc_msgs/msg/StringStamped.msg
[7.913s] -- Up-to-date: /home/schni2zle/colcon_ws/src/install/smarc_msgs/share/ament_index/resource_index/package_run_dependencies/smarc_msgs
[7.913s] -- Up-to-date: /home/schni2zle/colcon_ws/src/install/smarc_msgs/share/ament_index/resource_index/parent_prefix_path/smarc_msgs
[7.914s] -- Up-to-date: /home/schni2zle/colcon_ws/src/install/smarc_msgs/share/smarc_msgs/environment/ament_prefix_path.sh
[7.914s] -- Up-to-date: /home/schni2zle/colcon_ws/src/install/smarc_msgs/share/smarc_msgs/environment/ament_prefix_path.dsv
[7.914s] -- Up-to-date: /home/schni2zle/colcon_ws/src/install/smarc_msgs/share/smarc_msgs/environment/path.sh
[7.914s] -- Up-to-date: /home/schni2zle/colcon_ws/src/install/smarc_msgs/share/smarc_msgs/environment/path.dsv
[7.914s] -- Up-to-date: /home/schni2zle/colcon_ws/src/install/smarc_msgs/share/smarc_msgs/local_setup.bash
[7.915s] -- Up-to-date: /home/schni2zle/colcon_ws/src/install/smarc_msgs/share/smarc_msgs/local_setup.sh
[7.915s] -- Up-to-date: /home/schni2zle/colcon_ws/src/install/smarc_msgs/share/smarc_msgs/local_setup.zsh
[7.915s] -- Up-to-date: /home/schni2zle/colcon_ws/src/install/smarc_msgs/share/smarc_msgs/local_setup.dsv
[7.915s] -- Installing: /home/schni2zle/colcon_ws/src/install/smarc_msgs/share/smarc_msgs/package.dsv
[7.916s] -- Up-to-date: /home/schni2zle/colcon_ws/src/install/smarc_msgs/share/ament_index/resource_index/packages/smarc_msgs
[7.916s] -- Up-to-date: /home/schni2zle/colcon_ws/src/install/smarc_msgs/share/smarc_msgs/cmake/export_smarc_msgs__rosidl_generator_cExport.cmake
[7.919s] -- Up-to-date: /home/schni2zle/colcon_ws/src/install/smarc_msgs/share/smarc_msgs/cmake/export_smarc_msgs__rosidl_generator_cExport-noconfig.cmake
[7.920s] -- Up-to-date: /home/schni2zle/colcon_ws/src/install/smarc_msgs/share/smarc_msgs/cmake/export_smarc_msgs__rosidl_typesupport_fastrtps_cExport.cmake
[7.920s] -- Up-to-date: /home/schni2zle/colcon_ws/src/install/smarc_msgs/share/smarc_msgs/cmake/export_smarc_msgs__rosidl_typesupport_fastrtps_cExport-noconfig.cmake
[7.924s] -- Up-to-date: /home/schni2zle/colcon_ws/src/install/smarc_msgs/share/smarc_msgs/cmake/smarc_msgs__rosidl_typesupport_introspection_cExport.cmake
[7.924s] -- Up-to-date: /home/schni2zle/colcon_ws/src/install/smarc_msgs/share/smarc_msgs/cmake/smarc_msgs__rosidl_typesupport_introspection_cExport-noconfig.cmake
[7.925s] -- Up-to-date: /home/schni2zle/colcon_ws/src/install/smarc_msgs/share/smarc_msgs/cmake/smarc_msgs__rosidl_typesupport_cExport.cmake
[7.925s] -- Up-to-date: /home/schni2zle/colcon_ws/src/install/smarc_msgs/share/smarc_msgs/cmake/smarc_msgs__rosidl_typesupport_cExport-noconfig.cmake
[7.925s] -- Up-to-date: /home/schni2zle/colcon_ws/src/install/smarc_msgs/share/smarc_msgs/cmake/export_smarc_msgs__rosidl_generator_cppExport.cmake
[7.925s] -- Up-to-date: /home/schni2zle/colcon_ws/src/install/smarc_msgs/share/smarc_msgs/cmake/export_smarc_msgs__rosidl_typesupport_fastrtps_cppExport.cmake
[7.925s] -- Up-to-date: /home/schni2zle/colcon_ws/src/install/smarc_msgs/share/smarc_msgs/cmake/export_smarc_msgs__rosidl_typesupport_fastrtps_cppExport-noconfig.cmake
[7.926s] -- Up-to-date: /home/schni2zle/colcon_ws/src/install/smarc_msgs/share/smarc_msgs/cmake/smarc_msgs__rosidl_typesupport_introspection_cppExport.cmake
[7.926s] -- Up-to-date: /home/schni2zle/colcon_ws/src/install/smarc_msgs/share/smarc_msgs/cmake/smarc_msgs__rosidl_typesupport_introspection_cppExport-noconfig.cmake
[7.926s] -- Up-to-date: /home/schni2zle/colcon_ws/src/install/smarc_msgs/share/smarc_msgs/cmake/smarc_msgs__rosidl_typesupport_cppExport.cmake
[7.926s] -- Up-to-date: /home/schni2zle/colcon_ws/src/install/smarc_msgs/share/smarc_msgs/cmake/smarc_msgs__rosidl_typesupport_cppExport-noconfig.cmake
[7.927s] -- Up-to-date: /home/schni2zle/colcon_ws/src/install/smarc_msgs/share/smarc_msgs/cmake/export_smarc_msgs__rosidl_generator_pyExport.cmake
[7.927s] -- Up-to-date: /home/schni2zle/colcon_ws/src/install/smarc_msgs/share/smarc_msgs/cmake/export_smarc_msgs__rosidl_generator_pyExport-noconfig.cmake
[7.927s] -- Up-to-date: /home/schni2zle/colcon_ws/src/install/smarc_msgs/share/smarc_msgs/cmake/rosidl_cmake-extras.cmake
[7.927s] -- Up-to-date: /home/schni2zle/colcon_ws/src/install/smarc_msgs/share/smarc_msgs/cmake/ament_cmake_export_dependencies-extras.cmake
[7.927s] -- Up-to-date: /home/schni2zle/colcon_ws/src/install/smarc_msgs/share/smarc_msgs/cmake/ament_cmake_export_include_directories-extras.cmake
[7.928s] -- Up-to-date: /home/schni2zle/colcon_ws/src/install/smarc_msgs/share/smarc_msgs/cmake/ament_cmake_export_libraries-extras.cmake
[7.928s] -- Up-to-date: /home/schni2zle/colcon_ws/src/install/smarc_msgs/share/smarc_msgs/cmake/ament_cmake_export_targets-extras.cmake
[7.932s] -- Up-to-date: /home/schni2zle/colcon_ws/src/install/smarc_msgs/share/smarc_msgs/cmake/rosidl_cmake_export_typesupport_targets-extras.cmake
[7.933s] -- Up-to-date: /home/schni2zle/colcon_ws/src/install/smarc_msgs/share/smarc_msgs/cmake/rosidl_cmake_export_typesupport_libraries-extras.cmake
[7.933s] -- Up-to-date: /home/schni2zle/colcon_ws/src/install/smarc_msgs/share/smarc_msgs/cmake/smarc_msgsConfig.cmake
[7.933s] -- Up-to-date: /home/schni2zle/colcon_ws/src/install/smarc_msgs/share/smarc_msgs/cmake/smarc_msgsConfig-version.cmake
[7.933s] -- Up-to-date: /home/schni2zle/colcon_ws/src/install/smarc_msgs/share/smarc_msgs/package.xml
[7.941s] Invoked command in '/home/schni2zle/colcon_ws/src/build/smarc_msgs' returned '0': CMAKE_PREFIX_PATH=${CMAKE_PREFIX_PATH}:/home/schni2zle/colcon_ws/src/install/workshopfun:/home/schni2zle/colcon_ws/src/install/utm_latlon_converter:/home/schni2zle/colcon_ws/src/install/test_package:/home/schni2zle/colcon_ws/src/install/state_estimation:/home/schni2zle/colcon_ws/src/install/smarc_nodered:/home/schni2zle/colcon_ws/src/install/smarc_bt:/home/schni2zle/colcon_ws/src/install/smarc_bringups:/home/schni2zle/colcon_ws/src/install/sam_dead_reckoning:/home/schni2zle/colcon_ws/src/install/ros_tcp_endpoint:/home/schni2zle/colcon_ws/src/install/ros2_python_examples:/home/schni2zle/colcon_ws/src/install/quadrotor_basic_controller:/home/schni2zle/colcon_ws/src/install/mqtt_bridge:/home/schni2zle/colcon_ws/src/install/dubins_planner:/home/schni2zle/colcon_ws/src/install/dive_control:/home/schni2zle/colcon_ws/src/install/basic_go_to_waypoint:/home/schni2zle/colcon_ws/src/install/basic_depth_pitch_control:/home/schni2zle/colcon_ws/install/workshopfun:/home/schni2zle/colcon_ws/install/utm_latlon_converter:/home/schni2zle/colcon_ws/install/smarc_nodered:/home/schni2zle/colcon_ws/install/smarc_bt:/home/schni2zle/colcon_ws/install/smarc_bringups:/home/schni2zle/colcon_ws/install/sam_dead_reckoning:/home/schni2zle/colcon_ws/install/ros_tcp_endpoint:/home/schni2zle/colcon_ws/install/ros2_python_examples:/home/schni2zle/colcon_ws/install/mqtt_bridge:/home/schni2zle/colcon_ws/install/dubins_planner:/home/schni2zle/colcon_ws/install/basic_go_to_waypoint:/opt/ros/humble /usr/bin/cmake --install /home/schni2zle/colcon_ws/src/build/smarc_msgs
