[4.052s] Invoking command in '/home/schni2zle/colcon_ws/src/external_packages/mqtt_bridge': PYTHONPATH=/home/schni2zle/colcon_ws/src/build/mqtt_bridge/prefix_override:/usr/lib/python3/dist-packages/colcon_core/task/python/colcon_distutils_commands:/home/schni2zle/colcon_ws/src/install/mqtt_bridge/lib/python3.10/site-packages:${PYTHONPATH} /usr/bin/python3 -W ignore:setup.py install is deprecated setup.py egg_info --egg-base ../../build/mqtt_bridge build --build-base /home/schni2zle/colcon_ws/src/build/mqtt_bridge/build install --record /home/schni2zle/colcon_ws/src/build/mqtt_bridge/install.log --single-version-externally-managed install_data
[5.436s] running egg_info
[5.437s] creating ../../build/mqtt_bridge/mqtt_bridge.egg-info
[5.437s] writing ../../build/mqtt_bridge/mqtt_bridge.egg-info/PKG-INFO
[5.437s] writing dependency_links to ../../build/mqtt_bridge/mqtt_bridge.egg-info/dependency_links.txt
[5.437s] writing entry points to ../../build/mqtt_bridge/mqtt_bridge.egg-info/entry_points.txt
[5.438s] writing requirements to ../../build/mqtt_bridge/mqtt_bridge.egg-info/requires.txt
[5.438s] writing top-level names to ../../build/mqtt_bridge/mqtt_bridge.egg-info/top_level.txt
[5.450s] writing manifest file '../../build/mqtt_bridge/mqtt_bridge.egg-info/SOURCES.txt'
[5.451s] reading manifest file '../../build/mqtt_bridge/mqtt_bridge.egg-info/SOURCES.txt'
[5.451s] adding license file 'LICENSE.txt'
[5.451s] writing manifest file '../../build/mqtt_bridge/mqtt_bridge.egg-info/SOURCES.txt'
[5.451s] running build
[5.451s] running build_py
[5.451s] creating /home/schni2zle/colcon_ws/src/build/mqtt_bridge/build
[5.452s] creating /home/schni2zle/colcon_ws/src/build/mqtt_bridge/build/lib
[5.452s] creating /home/schni2zle/colcon_ws/src/build/mqtt_bridge/build/lib/mqtt_bridge
[5.452s] copying mqtt_bridge/util.py -> /home/schni2zle/colcon_ws/src/build/mqtt_bridge/build/lib/mqtt_bridge
[5.452s] copying mqtt_bridge/mqtt_bridge_node.py -> /home/schni2zle/colcon_ws/src/build/mqtt_bridge/build/lib/mqtt_bridge
[5.452s] copying mqtt_bridge/bridge.py -> /home/schni2zle/colcon_ws/src/build/mqtt_bridge/build/lib/mqtt_bridge
[5.453s] copying mqtt_bridge/app.py -> /home/schni2zle/colcon_ws/src/build/mqtt_bridge/build/lib/mqtt_bridge
[5.453s] copying mqtt_bridge/__init__.py -> /home/schni2zle/colcon_ws/src/build/mqtt_bridge/build/lib/mqtt_bridge
[5.453s] copying mqtt_bridge/mqtt_client.py -> /home/schni2zle/colcon_ws/src/build/mqtt_bridge/build/lib/mqtt_bridge
[5.453s] running install
[5.453s] running install_lib
[5.453s] creating /home/schni2zle/colcon_ws/src/install/mqtt_bridge/lib/python3.10/site-packages/mqtt_bridge
[5.454s] copying /home/schni2zle/colcon_ws/src/build/mqtt_bridge/build/lib/mqtt_bridge/util.py -> /home/schni2zle/colcon_ws/src/install/mqtt_bridge/lib/python3.10/site-packages/mqtt_bridge
[5.454s] copying /home/schni2zle/colcon_ws/src/build/mqtt_bridge/build/lib/mqtt_bridge/mqtt_bridge_node.py -> /home/schni2zle/colcon_ws/src/install/mqtt_bridge/lib/python3.10/site-packages/mqtt_bridge
[5.454s] copying /home/schni2zle/colcon_ws/src/build/mqtt_bridge/build/lib/mqtt_bridge/bridge.py -> /home/schni2zle/colcon_ws/src/install/mqtt_bridge/lib/python3.10/site-packages/mqtt_bridge
[5.454s] copying /home/schni2zle/colcon_ws/src/build/mqtt_bridge/build/lib/mqtt_bridge/app.py -> /home/schni2zle/colcon_ws/src/install/mqtt_bridge/lib/python3.10/site-packages/mqtt_bridge
[5.454s] copying /home/schni2zle/colcon_ws/src/build/mqtt_bridge/build/lib/mqtt_bridge/__init__.py -> /home/schni2zle/colcon_ws/src/install/mqtt_bridge/lib/python3.10/site-packages/mqtt_bridge
[5.454s] copying /home/schni2zle/colcon_ws/src/build/mqtt_bridge/build/lib/mqtt_bridge/mqtt_client.py -> /home/schni2zle/colcon_ws/src/install/mqtt_bridge/lib/python3.10/site-packages/mqtt_bridge
[5.454s] byte-compiling /home/schni2zle/colcon_ws/src/install/mqtt_bridge/lib/python3.10/site-packages/mqtt_bridge/util.py to util.cpython-310.pyc
[5.455s] byte-compiling /home/schni2zle/colcon_ws/src/install/mqtt_bridge/lib/python3.10/site-packages/mqtt_bridge/mqtt_bridge_node.py to mqtt_bridge_node.cpython-310.pyc
[5.455s] byte-compiling /home/schni2zle/colcon_ws/src/install/mqtt_bridge/lib/python3.10/site-packages/mqtt_bridge/bridge.py to bridge.cpython-310.pyc
[5.455s] byte-compiling /home/schni2zle/colcon_ws/src/install/mqtt_bridge/lib/python3.10/site-packages/mqtt_bridge/app.py to app.cpython-310.pyc
[5.455s] byte-compiling /home/schni2zle/colcon_ws/src/install/mqtt_bridge/lib/python3.10/site-packages/mqtt_bridge/__init__.py to __init__.cpython-310.pyc
[5.455s] byte-compiling /home/schni2zle/colcon_ws/src/install/mqtt_bridge/lib/python3.10/site-packages/mqtt_bridge/mqtt_client.py to mqtt_client.cpython-310.pyc
[5.455s] running install_data
[5.455s] creating /home/schni2zle/colcon_ws/src/install/mqtt_bridge/share/ament_index
[5.456s] creating /home/schni2zle/colcon_ws/src/install/mqtt_bridge/share/ament_index/resource_index
[5.456s] creating /home/schni2zle/colcon_ws/src/install/mqtt_bridge/share/ament_index/resource_index/packages
[5.461s] copying resource/mqtt_bridge -> /home/schni2zle/colcon_ws/src/install/mqtt_bridge/share/ament_index/resource_index/packages
[5.461s] copying package.xml -> /home/schni2zle/colcon_ws/src/install/mqtt_bridge/share/mqtt_bridge
[5.461s] creating /home/schni2zle/colcon_ws/src/install/mqtt_bridge/share/mqtt_bridge/launch
[5.461s] copying launch/demo.launch.py -> /home/schni2zle/colcon_ws/src/install/mqtt_bridge/share/mqtt_bridge/launch
[5.462s] creating /home/schni2zle/colcon_ws/src/install/mqtt_bridge/share/mqtt_bridge/config
[5.462s] copying config/demo_params.yaml -> /home/schni2zle/colcon_ws/src/install/mqtt_bridge/share/mqtt_bridge/config
[5.462s] copying config/tls_params.yaml -> /home/schni2zle/colcon_ws/src/install/mqtt_bridge/share/mqtt_bridge/config
[5.462s] running install_egg_info
[5.462s] Copying ../../build/mqtt_bridge/mqtt_bridge.egg-info to /home/schni2zle/colcon_ws/src/install/mqtt_bridge/lib/python3.10/site-packages/mqtt_bridge-0.1.1-py3.10.egg-info
[5.462s] running install_scripts
[5.462s] Installing mqtt_bridge_node script to /home/schni2zle/colcon_ws/src/install/mqtt_bridge/lib/mqtt_bridge
[5.463s] writing list of installed files to '/home/schni2zle/colcon_ws/src/build/mqtt_bridge/install.log'
[5.504s] Invoked command in '/home/schni2zle/colcon_ws/src/external_packages/mqtt_bridge' returned '0': PYTHONPATH=/home/schni2zle/colcon_ws/src/build/mqtt_bridge/prefix_override:/usr/lib/python3/dist-packages/colcon_core/task/python/colcon_distutils_commands:/home/schni2zle/colcon_ws/src/install/mqtt_bridge/lib/python3.10/site-packages:${PYTHONPATH} /usr/bin/python3 -W ignore:setup.py install is deprecated setup.py egg_info --egg-base ../../build/mqtt_bridge build --build-base /home/schni2zle/colcon_ws/src/build/mqtt_bridge/build install --record /home/schni2zle/colcon_ws/src/build/mqtt_bridge/install.log --single-version-externally-managed install_data
