[4.895s] Invoking command in '/home/schni2zle/colcon_ws/src/utilities/utm_latlon_converter': PYTHONPATH=/home/schni2zle/colcon_ws/src/build/utm_latlon_converter/prefix_override:/usr/lib/python3/dist-packages/colcon_core/task/python/colcon_distutils_commands:/home/schni2zle/colcon_ws/src/install/utm_latlon_converter/lib/python3.10/site-packages:${PYTHONPATH} /usr/bin/python3 -W ignore:setup.py install is deprecated setup.py egg_info --egg-base ../../build/utm_latlon_converter build --build-base /home/schni2zle/colcon_ws/src/build/utm_latlon_converter/build install --record /home/schni2zle/colcon_ws/src/build/utm_latlon_converter/install.log --single-version-externally-managed install_data
[6.597s] running egg_info
[6.601s] writing ../../build/utm_latlon_converter/utm_latlon_converter.egg-info/PKG-INFO
[6.601s] writing dependency_links to ../../build/utm_latlon_converter/utm_latlon_converter.egg-info/dependency_links.txt
[6.603s] writing entry points to ../../build/utm_latlon_converter/utm_latlon_converter.egg-info/entry_points.txt
[6.603s] writing requirements to ../../build/utm_latlon_converter/utm_latlon_converter.egg-info/requires.txt
[6.603s] writing top-level names to ../../build/utm_latlon_converter/utm_latlon_converter.egg-info/top_level.txt
[6.614s] reading manifest file '../../build/utm_latlon_converter/utm_latlon_converter.egg-info/SOURCES.txt'
[6.615s] adding license file 'LICENSE'
[6.618s] writing manifest file '../../build/utm_latlon_converter/utm_latlon_converter.egg-info/SOURCES.txt'
[6.618s] running build
[6.618s] running build_py
[6.619s] running install
[6.621s] running install_lib
[6.627s] running install_data
[6.629s] running install_egg_info
[6.642s] removing '/home/schni2zle/colcon_ws/src/install/utm_latlon_converter/lib/python3.10/site-packages/utm_latlon_converter-0.0.0-py3.10.egg-info' (and everything under it)
[6.642s] Copying ../../build/utm_latlon_converter/utm_latlon_converter.egg-info to /home/schni2zle/colcon_ws/src/install/utm_latlon_converter/lib/python3.10/site-packages/utm_latlon_converter-0.0.0-py3.10.egg-info
[6.645s] running install_scripts
[6.730s] Installing converter script to /home/schni2zle/colcon_ws/src/install/utm_latlon_converter/lib/utm_latlon_converter
[6.731s] Installing test_converter script to /home/schni2zle/colcon_ws/src/install/utm_latlon_converter/lib/utm_latlon_converter
[6.733s] writing list of installed files to '/home/schni2zle/colcon_ws/src/build/utm_latlon_converter/install.log'
[6.820s] Invoked command in '/home/schni2zle/colcon_ws/src/utilities/utm_latlon_converter' returned '0': PYTHONPATH=/home/schni2zle/colcon_ws/src/build/utm_latlon_converter/prefix_override:/usr/lib/python3/dist-packages/colcon_core/task/python/colcon_distutils_commands:/home/schni2zle/colcon_ws/src/install/utm_latlon_converter/lib/python3.10/site-packages:${PYTHONPATH} /usr/bin/python3 -W ignore:setup.py install is deprecated setup.py egg_info --egg-base ../../build/utm_latlon_converter build --build-base /home/schni2zle/colcon_ws/src/build/utm_latlon_converter/build install --record /home/schni2zle/colcon_ws/src/build/utm_latlon_converter/install.log --single-version-externally-managed install_data
