[4.121s] Invoking command in '/home/schni2zle/colcon_ws/src/navigation/dead_reckoning/sam_dead_reckoning': PYTHONPATH=/home/schni2zle/colcon_ws/src/build/sam_dead_reckoning/prefix_override:/usr/lib/python3/dist-packages/colcon_core/task/python/colcon_distutils_commands:/home/schni2zle/colcon_ws/src/install/sam_dead_reckoning/lib/python3.10/site-packages:${PYTHONPATH} /usr/bin/python3 -W ignore:setup.py install is deprecated setup.py egg_info --egg-base ../../../build/sam_dead_reckoning build --build-base /home/schni2zle/colcon_ws/src/build/sam_dead_reckoning/build install --record /home/schni2zle/colcon_ws/src/build/sam_dead_reckoning/install.log --single-version-externally-managed install_data
[5.624s] running egg_info
[5.626s] writing ../../../build/sam_dead_reckoning/sam_dead_reckoning.egg-info/PKG-INFO
[5.628s] writing dependency_links to ../../../build/sam_dead_reckoning/sam_dead_reckoning.egg-info/dependency_links.txt
[5.631s] writing entry points to ../../../build/sam_dead_reckoning/sam_dead_reckoning.egg-info/entry_points.txt
[5.632s] writing requirements to ../../../build/sam_dead_reckoning/sam_dead_reckoning.egg-info/requires.txt
[5.632s] writing top-level names to ../../../build/sam_dead_reckoning/sam_dead_reckoning.egg-info/top_level.txt
[5.641s] reading manifest file '../../../build/sam_dead_reckoning/sam_dead_reckoning.egg-info/SOURCES.txt'
[5.643s] writing manifest file '../../../build/sam_dead_reckoning/sam_dead_reckoning.egg-info/SOURCES.txt'
[5.646s] running build
[5.646s] running build_py
[5.650s] running install
[5.651s] running install_lib
[5.658s] running install_data
[5.660s] running install_egg_info
[5.668s] removing '/home/schni2zle/colcon_ws/src/install/sam_dead_reckoning/lib/python3.10/site-packages/sam_dead_reckoning-0.0.0-py3.10.egg-info' (and everything under it)
[5.670s] Copying ../../../build/sam_dead_reckoning/sam_dead_reckoning.egg-info to /home/schni2zle/colcon_ws/src/install/sam_dead_reckoning/lib/python3.10/site-packages/sam_dead_reckoning-0.0.0-py3.10.egg-info
[5.672s] running install_scripts
[5.759s] Installing compass_heading_node script to /home/schni2zle/colcon_ws/src/install/sam_dead_reckoning/lib/sam_dead_reckoning
[5.759s] Installing depth_node script to /home/schni2zle/colcon_ws/src/install/sam_dead_reckoning/lib/sam_dead_reckoning
[5.759s] Installing dr_lat_lon_node script to /home/schni2zle/colcon_ws/src/install/sam_dead_reckoning/lib/sam_dead_reckoning
[5.759s] Installing dr_node script to /home/schni2zle/colcon_ws/src/install/sam_dead_reckoning/lib/sam_dead_reckoning
[5.759s] Installing gps_node script to /home/schni2zle/colcon_ws/src/install/sam_dead_reckoning/lib/sam_dead_reckoning
[5.760s] Installing rpy_node script to /home/schni2zle/colcon_ws/src/install/sam_dead_reckoning/lib/sam_dead_reckoning
[5.760s] writing list of installed files to '/home/schni2zle/colcon_ws/src/build/sam_dead_reckoning/install.log'
[5.979s] Invoked command in '/home/schni2zle/colcon_ws/src/navigation/dead_reckoning/sam_dead_reckoning' returned '0': PYTHONPATH=/home/schni2zle/colcon_ws/src/build/sam_dead_reckoning/prefix_override:/usr/lib/python3/dist-packages/colcon_core/task/python/colcon_distutils_commands:/home/schni2zle/colcon_ws/src/install/sam_dead_reckoning/lib/python3.10/site-packages:${PYTHONPATH} /usr/bin/python3 -W ignore:setup.py install is deprecated setup.py egg_info --egg-base ../../../build/sam_dead_reckoning build --build-base /home/schni2zle/colcon_ws/src/build/sam_dead_reckoning/build install --record /home/schni2zle/colcon_ws/src/build/sam_dead_reckoning/install.log --single-version-externally-managed install_data
