/home/schni2zle/colcon_ws/src/install/smarc_bt/lib/python3.10/site-packages/smarc_bt/__init__.py
/home/schni2zle/colcon_ws/src/install/smarc_bt/lib/python3.10/site-packages/smarc_bt/mission/ros_waypoint.py
/home/schni2zle/colcon_ws/src/install/smarc_bt/lib/python3.10/site-packages/smarc_bt/mission/ros_mission_updater.py
/home/schni2zle/colcon_ws/src/install/smarc_bt/lib/python3.10/site-packages/smarc_bt/mission/ros_action_goto_waypoint.py
/home/schni2zle/colcon_ws/src/install/smarc_bt/lib/python3.10/site-packages/smarc_bt/mission/mission_plan.py
/home/schni2zle/colcon_ws/src/install/smarc_bt/lib/python3.10/site-packages/smarc_bt/mission/__init__.py
/home/schni2zle/colcon_ws/src/install/smarc_bt/lib/python3.10/site-packages/smarc_bt/mission/ros_mission_plan.py
/home/schni2zle/colcon_ws/src/install/smarc_bt/lib/python3.10/site-packages/smarc_bt/mission/i_action_client.py
/home/schni2zle/colcon_ws/src/install/smarc_bt/lib/python3.10/site-packages/smarc_bt/mission/i_bb_mission_updater.py
/home/schni2zle/colcon_ws/src/install/smarc_bt/lib/python3.10/site-packages/smarc_bt/mission/waypoint.py
/home/schni2zle/colcon_ws/src/install/smarc_bt/lib/python3.10/site-packages/smarc_bt/bt/i_bb_updater.py
/home/schni2zle/colcon_ws/src/install/smarc_bt/lib/python3.10/site-packages/smarc_bt/bt/i_has_clock.py
/home/schni2zle/colcon_ws/src/install/smarc_bt/lib/python3.10/site-packages/smarc_bt/bt/actions.py
/home/schni2zle/colcon_ws/src/install/smarc_bt/lib/python3.10/site-packages/smarc_bt/bt/conditions.py
/home/schni2zle/colcon_ws/src/install/smarc_bt/lib/python3.10/site-packages/smarc_bt/bt/ros_bb_updater.py
/home/schni2zle/colcon_ws/src/install/smarc_bt/lib/python3.10/site-packages/smarc_bt/bt/bb_keys.py
/home/schni2zle/colcon_ws/src/install/smarc_bt/lib/python3.10/site-packages/smarc_bt/bt/__init__.py
/home/schni2zle/colcon_ws/src/install/smarc_bt/lib/python3.10/site-packages/smarc_bt/bt/ros_bt.py
/home/schni2zle/colcon_ws/src/install/smarc_bt/lib/python3.10/site-packages/smarc_bt/bt/common.py
/home/schni2zle/colcon_ws/src/install/smarc_bt/lib/python3.10/site-packages/smarc_bt/bt/i_has_vehicle_container.py
/home/schni2zle/colcon_ws/src/install/smarc_bt/lib/python3.10/site-packages/smarc_bt/vehicles/sensor.py
/home/schni2zle/colcon_ws/src/install/smarc_bt/lib/python3.10/site-packages/smarc_bt/vehicles/vehicle.py
/home/schni2zle/colcon_ws/src/install/smarc_bt/lib/python3.10/site-packages/smarc_bt/vehicles/__init__.py
/home/schni2zle/colcon_ws/src/install/smarc_bt/lib/python3.10/site-packages/smarc_bt/vehicles/ros_vehicle.py
/home/schni2zle/colcon_ws/src/install/smarc_bt/lib/python3.10/site-packages/smarc_bt/vehicles/sam_auv.py
/home/schni2zle/colcon_ws/src/install/smarc_bt/lib/python3.10/site-packages/smarc_bt/__pycache__/__init__.cpython-310.pyc
/home/schni2zle/colcon_ws/src/install/smarc_bt/lib/python3.10/site-packages/smarc_bt/mission/__pycache__/ros_waypoint.cpython-310.pyc
/home/schni2zle/colcon_ws/src/install/smarc_bt/lib/python3.10/site-packages/smarc_bt/mission/__pycache__/ros_mission_updater.cpython-310.pyc
/home/schni2zle/colcon_ws/src/install/smarc_bt/lib/python3.10/site-packages/smarc_bt/mission/__pycache__/ros_action_goto_waypoint.cpython-310.pyc
/home/schni2zle/colcon_ws/src/install/smarc_bt/lib/python3.10/site-packages/smarc_bt/mission/__pycache__/mission_plan.cpython-310.pyc
/home/schni2zle/colcon_ws/src/install/smarc_bt/lib/python3.10/site-packages/smarc_bt/mission/__pycache__/__init__.cpython-310.pyc
/home/schni2zle/colcon_ws/src/install/smarc_bt/lib/python3.10/site-packages/smarc_bt/mission/__pycache__/ros_mission_plan.cpython-310.pyc
/home/schni2zle/colcon_ws/src/install/smarc_bt/lib/python3.10/site-packages/smarc_bt/mission/__pycache__/i_action_client.cpython-310.pyc
/home/schni2zle/colcon_ws/src/install/smarc_bt/lib/python3.10/site-packages/smarc_bt/mission/__pycache__/i_bb_mission_updater.cpython-310.pyc
/home/schni2zle/colcon_ws/src/install/smarc_bt/lib/python3.10/site-packages/smarc_bt/mission/__pycache__/waypoint.cpython-310.pyc
/home/schni2zle/colcon_ws/src/install/smarc_bt/lib/python3.10/site-packages/smarc_bt/bt/__pycache__/i_bb_updater.cpython-310.pyc
/home/schni2zle/colcon_ws/src/install/smarc_bt/lib/python3.10/site-packages/smarc_bt/bt/__pycache__/i_has_clock.cpython-310.pyc
/home/schni2zle/colcon_ws/src/install/smarc_bt/lib/python3.10/site-packages/smarc_bt/bt/__pycache__/actions.cpython-310.pyc
/home/schni2zle/colcon_ws/src/install/smarc_bt/lib/python3.10/site-packages/smarc_bt/bt/__pycache__/conditions.cpython-310.pyc
/home/schni2zle/colcon_ws/src/install/smarc_bt/lib/python3.10/site-packages/smarc_bt/bt/__pycache__/ros_bb_updater.cpython-310.pyc
/home/schni2zle/colcon_ws/src/install/smarc_bt/lib/python3.10/site-packages/smarc_bt/bt/__pycache__/bb_keys.cpython-310.pyc
/home/schni2zle/colcon_ws/src/install/smarc_bt/lib/python3.10/site-packages/smarc_bt/bt/__pycache__/__init__.cpython-310.pyc
/home/schni2zle/colcon_ws/src/install/smarc_bt/lib/python3.10/site-packages/smarc_bt/bt/__pycache__/ros_bt.cpython-310.pyc
/home/schni2zle/colcon_ws/src/install/smarc_bt/lib/python3.10/site-packages/smarc_bt/bt/__pycache__/common.cpython-310.pyc
/home/schni2zle/colcon_ws/src/install/smarc_bt/lib/python3.10/site-packages/smarc_bt/bt/__pycache__/i_has_vehicle_container.cpython-310.pyc
/home/schni2zle/colcon_ws/src/install/smarc_bt/lib/python3.10/site-packages/smarc_bt/vehicles/__pycache__/sensor.cpython-310.pyc
/home/schni2zle/colcon_ws/src/install/smarc_bt/lib/python3.10/site-packages/smarc_bt/vehicles/__pycache__/vehicle.cpython-310.pyc
/home/schni2zle/colcon_ws/src/install/smarc_bt/lib/python3.10/site-packages/smarc_bt/vehicles/__pycache__/__init__.cpython-310.pyc
/home/schni2zle/colcon_ws/src/install/smarc_bt/lib/python3.10/site-packages/smarc_bt/vehicles/__pycache__/ros_vehicle.cpython-310.pyc
/home/schni2zle/colcon_ws/src/install/smarc_bt/lib/python3.10/site-packages/smarc_bt/vehicles/__pycache__/sam_auv.cpython-310.pyc
/home/schni2zle/colcon_ws/src/install/smarc_bt/share/ament_index/resource_index/packages/smarc_bt
/home/schni2zle/colcon_ws/src/install/smarc_bt/share/smarc_bt/package.xml
/home/schni2zle/colcon_ws/src/install/smarc_bt/share/smarc_bt/config
/home/schni2zle/colcon_ws/src/install/smarc_bt/share/smarc_bt/launch/smarc_bt.launch
/home/schni2zle/colcon_ws/src/install/smarc_bt/share/smarc_bt/launch/test_sam_bt.launch
/home/schni2zle/colcon_ws/src/install/smarc_bt/lib/python3.10/site-packages/smarc_bt-0.0.0-py3.10.egg-info/entry_points.txt
/home/schni2zle/colcon_ws/src/install/smarc_bt/lib/python3.10/site-packages/smarc_bt-0.0.0-py3.10.egg-info/requires.txt
/home/schni2zle/colcon_ws/src/install/smarc_bt/lib/python3.10/site-packages/smarc_bt-0.0.0-py3.10.egg-info/PKG-INFO
/home/schni2zle/colcon_ws/src/install/smarc_bt/lib/python3.10/site-packages/smarc_bt-0.0.0-py3.10.egg-info/SOURCES.txt
/home/schni2zle/colcon_ws/src/install/smarc_bt/lib/python3.10/site-packages/smarc_bt-0.0.0-py3.10.egg-info/zip-safe
/home/schni2zle/colcon_ws/src/install/smarc_bt/lib/python3.10/site-packages/smarc_bt-0.0.0-py3.10.egg-info/top_level.txt
/home/schni2zle/colcon_ws/src/install/smarc_bt/lib/python3.10/site-packages/smarc_bt-0.0.0-py3.10.egg-info/dependency_links.txt
/home/schni2zle/colcon_ws/src/install/smarc_bt/lib/smarc_bt/send_test_mission
/home/schni2zle/colcon_ws/src/install/smarc_bt/lib/smarc_bt/smarc_bt
/home/schni2zle/colcon_ws/src/install/smarc_bt/lib/smarc_bt/test_bt_conditions
/home/schni2zle/colcon_ws/src/install/smarc_bt/lib/smarc_bt/test_dubins_planner_caller
/home/schni2zle/colcon_ws/src/install/smarc_bt/lib/smarc_bt/test_ros_vehicle
/home/schni2zle/colcon_ws/src/install/smarc_bt/lib/smarc_bt/test_sam_auv
