[3.614s] Invoking command in '/home/schni2zle/colcon_ws/src/examples/workshopfun': PYTHONPATH=/home/schni2zle/colcon_ws/src/build/workshopfun/prefix_override:/usr/lib/python3/dist-packages/colcon_core/task/python/colcon_distutils_commands:/home/schni2zle/colcon_ws/src/install/workshopfun/lib/python3.10/site-packages:${PYTHONPATH} /usr/bin/python3 -W ignore:setup.py install is deprecated setup.py egg_info --egg-base ../../build/workshopfun build --build-base /home/schni2zle/colcon_ws/src/build/workshopfun/build install --record /home/schni2zle/colcon_ws/src/build/workshopfun/install.log --single-version-externally-managed install_data
[4.368s] running egg_info
[4.370s] writing ../../build/workshopfun/workshopfun.egg-info/PKG-INFO
[4.371s] writing dependency_links to ../../build/workshopfun/workshopfun.egg-info/dependency_links.txt
[4.371s] writing entry points to ../../build/workshopfun/workshopfun.egg-info/entry_points.txt
[4.371s] writing requirements to ../../build/workshopfun/workshopfun.egg-info/requires.txt
[4.372s] writing top-level names to ../../build/workshopfun/workshopfun.egg-info/top_level.txt
[4.377s] reading manifest file '../../build/workshopfun/workshopfun.egg-info/SOURCES.txt'
[4.377s] adding license file 'LICENSE'
[4.379s] writing manifest file '../../build/workshopfun/workshopfun.egg-info/SOURCES.txt'
[4.379s] running build
[4.380s] running build_py
[4.381s] running install
[4.382s] running install_lib
[4.386s] running install_data
[4.387s] running install_egg_info
[4.391s] removing '/home/schni2zle/colcon_ws/src/install/workshopfun/lib/python3.10/site-packages/workshopfun-0.0.0-py3.10.egg-info' (and everything under it)
[4.392s] Copying ../../build/workshopfun/workshopfun.egg-info to /home/schni2zle/colcon_ws/src/install/workshopfun/lib/python3.10/site-packages/workshopfun-0.0.0-py3.10.egg-info
[4.394s] running install_scripts
[4.449s] Installing action_client_node script to /home/schni2zle/colcon_ws/src/install/workshopfun/lib/workshopfun
[4.449s] Installing action_server_node script to /home/schni2zle/colcon_ws/src/install/workshopfun/lib/workshopfun
[4.449s] Installing science_node script to /home/schni2zle/colcon_ws/src/install/workshopfun/lib/workshopfun
[4.450s] Installing view_test script to /home/schni2zle/colcon_ws/src/install/workshopfun/lib/workshopfun
[4.451s] writing list of installed files to '/home/schni2zle/colcon_ws/src/build/workshopfun/install.log'
[4.505s] Invoked command in '/home/schni2zle/colcon_ws/src/examples/workshopfun' returned '0': PYTHONPATH=/home/schni2zle/colcon_ws/src/build/workshopfun/prefix_override:/usr/lib/python3/dist-packages/colcon_core/task/python/colcon_distutils_commands:/home/schni2zle/colcon_ws/src/install/workshopfun/lib/python3.10/site-packages:${PYTHONPATH} /usr/bin/python3 -W ignore:setup.py install is deprecated setup.py egg_info --egg-base ../../build/workshopfun build --build-base /home/schni2zle/colcon_ws/src/build/workshopfun/build install --record /home/schni2zle/colcon_ws/src/build/workshopfun/install.log --single-version-externally-managed install_data
