[3.871s] Invoking command in '/home/schni2zle/colcon_ws/src/quadrotor/quadrotor_basic_controller': PYTHONPATH=/home/schni2zle/colcon_ws/src/build/quadrotor_basic_controller/prefix_override:/usr/lib/python3/dist-packages/colcon_core/task/python/colcon_distutils_commands:/home/schni2zle/colcon_ws/src/install/quadrotor_basic_controller/lib/python3.10/site-packages:${PYTHONPATH} /usr/bin/python3 -W ignore:setup.py install is deprecated setup.py egg_info --egg-base ../../build/quadrotor_basic_controller build --build-base /home/schni2zle/colcon_ws/src/build/quadrotor_basic_controller/build install --record /home/schni2zle/colcon_ws/src/build/quadrotor_basic_controller/install.log --single-version-externally-managed install_data
[4.796s] running egg_info
[4.797s] writing ../../build/quadrotor_basic_controller/quadrotor_basic_controller.egg-info/PKG-INFO
[4.798s] writing dependency_links to ../../build/quadrotor_basic_controller/quadrotor_basic_controller.egg-info/dependency_links.txt
[4.798s] writing entry points to ../../build/quadrotor_basic_controller/quadrotor_basic_controller.egg-info/entry_points.txt
[4.798s] writing requirements to ../../build/quadrotor_basic_controller/quadrotor_basic_controller.egg-info/requires.txt
[4.799s] writing top-level names to ../../build/quadrotor_basic_controller/quadrotor_basic_controller.egg-info/top_level.txt
[4.804s] reading manifest file '../../build/quadrotor_basic_controller/quadrotor_basic_controller.egg-info/SOURCES.txt'
[4.804s] adding license file 'LICENSE'
[4.805s] writing manifest file '../../build/quadrotor_basic_controller/quadrotor_basic_controller.egg-info/SOURCES.txt'
[4.806s] running build
[4.806s] running build_py
[4.807s] running install
[4.807s] running install_lib
[4.811s] running install_data
[4.811s] running install_egg_info
[4.816s] removing '/home/schni2zle/colcon_ws/src/install/quadrotor_basic_controller/lib/python3.10/site-packages/quadrotor_basic_controller-0.0.0-py3.10.egg-info' (and everything under it)
[4.816s] Copying ../../build/quadrotor_basic_controller/quadrotor_basic_controller.egg-info to /home/schni2zle/colcon_ws/src/install/quadrotor_basic_controller/lib/python3.10/site-packages/quadrotor_basic_controller-0.0.0-py3.10.egg-info
[4.819s] running install_scripts
[4.876s] Installing controller script to /home/schni2zle/colcon_ws/src/install/quadrotor_basic_controller/lib/quadrotor_basic_controller
[4.877s] Installing test script to /home/schni2zle/colcon_ws/src/install/quadrotor_basic_controller/lib/quadrotor_basic_controller
[4.878s] writing list of installed files to '/home/schni2zle/colcon_ws/src/build/quadrotor_basic_controller/install.log'
[5.818s] Invoked command in '/home/schni2zle/colcon_ws/src/quadrotor/quadrotor_basic_controller' returned '0': PYTHONPATH=/home/schni2zle/colcon_ws/src/build/quadrotor_basic_controller/prefix_override:/usr/lib/python3/dist-packages/colcon_core/task/python/colcon_distutils_commands:/home/schni2zle/colcon_ws/src/install/quadrotor_basic_controller/lib/python3.10/site-packages:${PYTHONPATH} /usr/bin/python3 -W ignore:setup.py install is deprecated setup.py egg_info --egg-base ../../build/quadrotor_basic_controller build --build-base /home/schni2zle/colcon_ws/src/build/quadrotor_basic_controller/build install --record /home/schni2zle/colcon_ws/src/build/quadrotor_basic_controller/install.log --single-version-externally-managed install_data
