running egg_info
writing ../../build/mqtt_bridge/mqtt_bridge.egg-info/PKG-INFO
writing dependency_links to ../../build/mqtt_bridge/mqtt_bridge.egg-info/dependency_links.txt
writing entry points to ../../build/mqtt_bridge/mqtt_bridge.egg-info/entry_points.txt
writing requirements to ../../build/mqtt_bridge/mqtt_bridge.egg-info/requires.txt
writing top-level names to ../../build/mqtt_bridge/mqtt_bridge.egg-info/top_level.txt
reading manifest file '../../build/mqtt_bridge/mqtt_bridge.egg-info/SOURCES.txt'
adding license file 'LICENSE.txt'
writing manifest file '../../build/mqtt_bridge/mqtt_bridge.egg-info/SOURCES.txt'
running build
running build_py
running install
running install_lib
running install_data
running install_egg_info
removing '/home/schni2zle/colcon_ws/src/install/mqtt_bridge/lib/python3.10/site-packages/mqtt_bridge-0.1.1-py3.10.egg-info' (and everything under it)
Copying ../../build/mqtt_bridge/mqtt_bridge.egg-info to /home/schni2zle/colcon_ws/src/install/mqtt_bridge/lib/python3.10/site-packages/mqtt_bridge-0.1.1-py3.10.egg-info
running install_scripts
Installing mqtt_bridge_node script to /home/schni2zle/colcon_ws/src/install/mqtt_bridge/lib/mqtt_bridge
writing list of installed files to '/home/schni2zle/colcon_ws/src/build/mqtt_bridge/install.log'
