[3.138s] Invoking command in '/home/schni2zle/colcon_ws/src/examples/ros2_python_examples': PYTHONPATH=/home/schni2zle/colcon_ws/src/build/ros2_python_examples/prefix_override:/usr/lib/python3/dist-packages/colcon_core/task/python/colcon_distutils_commands:/home/schni2zle/colcon_ws/src/install/ros2_python_examples/lib/python3.10/site-packages:${PYTHONPATH} /usr/bin/python3 -W ignore:setup.py install is deprecated setup.py egg_info --egg-base ../../build/ros2_python_examples build --build-base /home/schni2zle/colcon_ws/src/build/ros2_python_examples/build install --record /home/schni2zle/colcon_ws/src/build/ros2_python_examples/install.log --single-version-externally-managed install_data
[4.153s] running egg_info
[4.159s] writing ../../build/ros2_python_examples/ros2_python_examples.egg-info/PKG-INFO
[4.159s] writing dependency_links to ../../build/ros2_python_examples/ros2_python_examples.egg-info/dependency_links.txt
[4.159s] writing entry points to ../../build/ros2_python_examples/ros2_python_examples.egg-info/entry_points.txt
[4.159s] writing requirements to ../../build/ros2_python_examples/ros2_python_examples.egg-info/requires.txt
[4.160s] writing top-level names to ../../build/ros2_python_examples/ros2_python_examples.egg-info/top_level.txt
[4.160s] reading manifest file '../../build/ros2_python_examples/ros2_python_examples.egg-info/SOURCES.txt'
[4.160s] adding license file 'LICENSE'
[4.160s] writing manifest file '../../build/ros2_python_examples/ros2_python_examples.egg-info/SOURCES.txt'
[4.161s] running build
[4.165s] running build_py
[4.173s] running install
[4.175s] running install_lib
[4.175s] running install_data
[4.175s] running install_egg_info
[4.176s] removing '/home/schni2zle/colcon_ws/src/install/ros2_python_examples/lib/python3.10/site-packages/ros2_python_examples-0.0.0-py3.10.egg-info' (and everything under it)
[4.176s] Copying ../../build/ros2_python_examples/ros2_python_examples.egg-info to /home/schni2zle/colcon_ws/src/install/ros2_python_examples/lib/python3.10/site-packages/ros2_python_examples-0.0.0-py3.10.egg-info
[4.176s] running install_scripts
[4.177s] Installing example_node script to /home/schni2zle/colcon_ws/src/install/ros2_python_examples/lib/ros2_python_examples
[4.177s] writing list of installed files to '/home/schni2zle/colcon_ws/src/build/ros2_python_examples/install.log'
[5.325s] Invoked command in '/home/schni2zle/colcon_ws/src/examples/ros2_python_examples' returned '0': PYTHONPATH=/home/schni2zle/colcon_ws/src/build/ros2_python_examples/prefix_override:/usr/lib/python3/dist-packages/colcon_core/task/python/colcon_distutils_commands:/home/schni2zle/colcon_ws/src/install/ros2_python_examples/lib/python3.10/site-packages:${PYTHONPATH} /usr/bin/python3 -W ignore:setup.py install is deprecated setup.py egg_info --egg-base ../../build/ros2_python_examples build --build-base /home/schni2zle/colcon_ws/src/build/ros2_python_examples/build install --record /home/schni2zle/colcon_ws/src/build/ros2_python_examples/install.log --single-version-externally-managed install_data
