/home/schni2zle/colcon_ws/src/install/dive_control/lib/python3.10/site-packages/dive_control/Node.py
/home/schni2zle/colcon_ws/src/install/dive_control/lib/python3.10/site-packages/dive_control/DivingModel.py
/home/schni2zle/colcon_ws/src/install/dive_control/lib/python3.10/site-packages/dive_control/DiveController.py
/home/schni2zle/colcon_ws/src/install/dive_control/lib/python3.10/site-packages/dive_control/ConvenienceView.py
/home/schni2zle/colcon_ws/src/install/dive_control/lib/python3.10/site-packages/dive_control/IDiveView.py
/home/schni2zle/colcon_ws/src/install/dive_control/lib/python3.10/site-packages/dive_control/ActionServerDiveController.py
/home/schni2zle/colcon_ws/src/install/dive_control/lib/python3.10/site-packages/dive_control/__init__.py
/home/schni2zle/colcon_ws/src/install/dive_control/lib/python3.10/site-packages/dive_control/ActionClientNode.py
/home/schni2zle/colcon_ws/src/install/dive_control/lib/python3.10/site-packages/dive_control/SAMDiveView.py
/home/schni2zle/colcon_ws/src/install/dive_control/lib/python3.10/site-packages/dive_control/SetpointNode.py
/home/schni2zle/colcon_ws/src/install/dive_control/lib/python3.10/site-packages/dive_control/__pycache__/Node.cpython-310.pyc
/home/schni2zle/colcon_ws/src/install/dive_control/lib/python3.10/site-packages/dive_control/__pycache__/DivingModel.cpython-310.pyc
/home/schni2zle/colcon_ws/src/install/dive_control/lib/python3.10/site-packages/dive_control/__pycache__/DiveController.cpython-310.pyc
/home/schni2zle/colcon_ws/src/install/dive_control/lib/python3.10/site-packages/dive_control/__pycache__/ConvenienceView.cpython-310.pyc
/home/schni2zle/colcon_ws/src/install/dive_control/lib/python3.10/site-packages/dive_control/__pycache__/IDiveView.cpython-310.pyc
/home/schni2zle/colcon_ws/src/install/dive_control/lib/python3.10/site-packages/dive_control/__pycache__/ActionServerDiveController.cpython-310.pyc
/home/schni2zle/colcon_ws/src/install/dive_control/lib/python3.10/site-packages/dive_control/__pycache__/__init__.cpython-310.pyc
/home/schni2zle/colcon_ws/src/install/dive_control/lib/python3.10/site-packages/dive_control/__pycache__/ActionClientNode.cpython-310.pyc
/home/schni2zle/colcon_ws/src/install/dive_control/lib/python3.10/site-packages/dive_control/__pycache__/SAMDiveView.cpython-310.pyc
/home/schni2zle/colcon_ws/src/install/dive_control/lib/python3.10/site-packages/dive_control/__pycache__/SetpointNode.cpython-310.pyc
/home/schni2zle/colcon_ws/src/install/dive_control/share/ament_index/resource_index/packages/dive_control
/home/schni2zle/colcon_ws/src/install/dive_control/share/dive_control/package.xml
/home/schni2zle/colcon_ws/src/install/dive_control/share/dive_control/config
/home/schni2zle/colcon_ws/src/install/dive_control/share/dive_control/launch/setpoint_topic.launch
/home/schni2zle/colcon_ws/src/install/dive_control/share/dive_control/launch/actionserver.launch
/home/schni2zle/colcon_ws/src/install/dive_control/lib/python3.10/site-packages/dive_control-0.0.0-py3.10.egg-info/entry_points.txt
/home/schni2zle/colcon_ws/src/install/dive_control/lib/python3.10/site-packages/dive_control-0.0.0-py3.10.egg-info/requires.txt
/home/schni2zle/colcon_ws/src/install/dive_control/lib/python3.10/site-packages/dive_control-0.0.0-py3.10.egg-info/PKG-INFO
/home/schni2zle/colcon_ws/src/install/dive_control/lib/python3.10/site-packages/dive_control-0.0.0-py3.10.egg-info/SOURCES.txt
/home/schni2zle/colcon_ws/src/install/dive_control/lib/python3.10/site-packages/dive_control-0.0.0-py3.10.egg-info/zip-safe
/home/schni2zle/colcon_ws/src/install/dive_control/lib/python3.10/site-packages/dive_control-0.0.0-py3.10.egg-info/top_level.txt
/home/schni2zle/colcon_ws/src/install/dive_control/lib/python3.10/site-packages/dive_control-0.0.0-py3.10.egg-info/dependency_links.txt
/home/schni2zle/colcon_ws/src/install/dive_control/lib/dive_control/action_client_node
/home/schni2zle/colcon_ws/src/install/dive_control/lib/dive_control/action_server_diving
/home/schni2zle/colcon_ws/src/install/dive_control/lib/dive_control/action_server_node
/home/schni2zle/colcon_ws/src/install/dive_control/lib/dive_control/manual_diving
/home/schni2zle/colcon_ws/src/install/dive_control/lib/dive_control/setpoint
/home/schni2zle/colcon_ws/src/install/dive_control/lib/dive_control/test_view
