[7.365s] Invoking command in '/home/schni2zle/colcon_ws/src/utilities/dubins_planner': PYTHONPATH=/home/schni2zle/colcon_ws/src/build/dubins_planner/prefix_override:/usr/lib/python3/dist-packages/colcon_core/task/python/colcon_distutils_commands:/home/schni2zle/colcon_ws/src/install/dubins_planner/lib/python3.10/site-packages:${PYTHONPATH} /usr/bin/python3 -W ignore:setup.py install is deprecated setup.py egg_info --egg-base ../../build/dubins_planner build --build-base /home/schni2zle/colcon_ws/src/build/dubins_planner/build install --record /home/schni2zle/colcon_ws/src/build/dubins_planner/install.log --single-version-externally-managed install_data
[8.556s] running egg_info
[8.556s] writing ../../build/dubins_planner/dubins_planner.egg-info/PKG-INFO
[8.556s] writing dependency_links to ../../build/dubins_planner/dubins_planner.egg-info/dependency_links.txt
[8.558s] writing entry points to ../../build/dubins_planner/dubins_planner.egg-info/entry_points.txt
[8.558s] writing requirements to ../../build/dubins_planner/dubins_planner.egg-info/requires.txt
[8.558s] writing top-level names to ../../build/dubins_planner/dubins_planner.egg-info/top_level.txt
[8.566s] reading manifest file '../../build/dubins_planner/dubins_planner.egg-info/SOURCES.txt'
[8.568s] adding license file 'LICENSE'
[8.569s] writing manifest file '../../build/dubins_planner/dubins_planner.egg-info/SOURCES.txt'
[8.572s] running build
[8.572s] running build_py
[8.572s] running install
[8.574s] running install_lib
[8.574s] running install_data
[8.574s] running install_egg_info
[8.582s] removing '/home/schni2zle/colcon_ws/src/install/dubins_planner/lib/python3.10/site-packages/dubins_planner-0.0.0-py3.10.egg-info' (and everything under it)
[8.586s] Copying ../../build/dubins_planner/dubins_planner.egg-info to /home/schni2zle/colcon_ws/src/install/dubins_planner/lib/python3.10/site-packages/dubins_planner-0.0.0-py3.10.egg-info
[8.586s] running install_scripts
[8.663s] Installing dubins_planner_service script to /home/schni2zle/colcon_ws/src/install/dubins_planner/lib/dubins_planner
[8.667s] Installing test_dubins_planner_service script to /home/schni2zle/colcon_ws/src/install/dubins_planner/lib/dubins_planner
[8.667s] writing list of installed files to '/home/schni2zle/colcon_ws/src/build/dubins_planner/install.log'
[8.762s] Invoked command in '/home/schni2zle/colcon_ws/src/utilities/dubins_planner' returned '0': PYTHONPATH=/home/schni2zle/colcon_ws/src/build/dubins_planner/prefix_override:/usr/lib/python3/dist-packages/colcon_core/task/python/colcon_distutils_commands:/home/schni2zle/colcon_ws/src/install/dubins_planner/lib/python3.10/site-packages:${PYTHONPATH} /usr/bin/python3 -W ignore:setup.py install is deprecated setup.py egg_info --egg-base ../../build/dubins_planner build --build-base /home/schni2zle/colcon_ws/src/build/dubins_planner/build install --record /home/schni2zle/colcon_ws/src/build/dubins_planner/install.log --single-version-externally-managed install_data
