[1.138s] Invoking command in '/home/schni2zle/colcon_ws/src/build/sam_graph_slam_2_msgs': CMAKE_PREFIX_PATH=${CMAKE_PREFIX_PATH}:/home/schni2zle/colcon_ws/src/install/workshopfun:/home/schni2zle/colcon_ws/src/install/utm_latlon_converter:/home/schni2zle/colcon_ws/src/install/test_package:/home/schni2zle/colcon_ws/src/install/state_estimation:/home/schni2zle/colcon_ws/src/install/smarc_nodered:/home/schni2zle/colcon_ws/src/install/smarc_bt:/home/schni2zle/colcon_ws/src/install/smarc_bringups:/home/schni2zle/colcon_ws/src/install/sam_dead_reckoning:/home/schni2zle/colcon_ws/src/install/ros_tcp_endpoint:/home/schni2zle/colcon_ws/src/install/ros2_python_examples:/home/schni2zle/colcon_ws/src/install/quadrotor_basic_controller:/home/schni2zle/colcon_ws/src/install/mqtt_bridge:/home/schni2zle/colcon_ws/src/install/dubins_planner:/home/schni2zle/colcon_ws/src/install/dive_control:/home/schni2zle/colcon_ws/src/install/basic_go_to_waypoint:/home/schni2zle/colcon_ws/src/install/basic_depth_pitch_control:/home/schni2zle/colcon_ws/install/workshopfun:/home/schni2zle/colcon_ws/install/utm_latlon_converter:/home/schni2zle/colcon_ws/install/smarc_nodered:/home/schni2zle/colcon_ws/install/smarc_bt:/home/schni2zle/colcon_ws/install/smarc_bringups:/home/schni2zle/colcon_ws/install/sam_dead_reckoning:/home/schni2zle/colcon_ws/install/ros_tcp_endpoint:/home/schni2zle/colcon_ws/install/ros2_python_examples:/home/schni2zle/colcon_ws/install/mqtt_bridge:/home/schni2zle/colcon_ws/install/dubins_planner:/home/schni2zle/colcon_ws/install/basic_go_to_waypoint:/opt/ros/humble /usr/bin/cmake --build /home/schni2zle/colcon_ws/src/build/sam_graph_slam_2_msgs -- -j8 -l8
[1.273s] [35m[1mConsolidate compiler generated dependencies of target sam_graph_slam_2_msgs__rosidl_generator_c[0m
[1.305s] [ 12%] Built target sam_graph_slam_2_msgs__cpp
[1.306s] [ 12%] Built target sam_graph_slam_2_msgs__rosidl_generator_c
[1.338s] [35m[1mConsolidate compiler generated dependencies of target sam_graph_slam_2_msgs__rosidl_typesupport_c[0m
[1.338s] [35m[1mConsolidate compiler generated dependencies of target sam_graph_slam_2_msgs__rosidl_typesupport_fastrtps_c[0m
[1.341s] [35m[1mConsolidate compiler generated dependencies of target sam_graph_slam_2_msgs__rosidl_typesupport_fastrtps_cpp[0m
[1.341s] [35m[1mConsolidate compiler generated dependencies of target sam_graph_slam_2_msgs__rosidl_typesupport_introspection_c[0m
[1.343s] [35m[1mConsolidate compiler generated dependencies of target sam_graph_slam_2_msgs__rosidl_typesupport_introspection_cpp[0m
[1.345s] [ 12%] Built target ament_cmake_python_copy_sam_graph_slam_2_msgs
[1.390s] [ 22%] Built target sam_graph_slam_2_msgs__rosidl_typesupport_c
[1.395s] [ 32%] Built target sam_graph_slam_2_msgs__rosidl_typesupport_introspection_c
[1.402s] [ 41%] Built target sam_graph_slam_2_msgs__rosidl_typesupport_introspection_cpp
[1.411s] [35m[1mConsolidate compiler generated dependencies of target sam_graph_slam_2_msgs__rosidl_typesupport_cpp[0m
[1.416s] [ 51%] Built target sam_graph_slam_2_msgs__rosidl_typesupport_fastrtps_cpp
[1.418s] [ 61%] Built target sam_graph_slam_2_msgs__rosidl_typesupport_fastrtps_c
[1.447s] [ 70%] Built target sam_graph_slam_2_msgs__rosidl_typesupport_cpp
[1.512s] [ 70%] Built target sam_graph_slam_2_msgs
[1.575s] [ 74%] Built target sam_graph_slam_2_msgs__py
[1.606s] [35m[1mConsolidate compiler generated dependencies of target sam_graph_slam_2_msgs__rosidl_generator_py[0m
[1.642s] [ 80%] Built target sam_graph_slam_2_msgs__rosidl_generator_py
[1.678s] [35m[1mConsolidate compiler generated dependencies of target sam_graph_slam_2_msgs__rosidl_typesupport_introspection_c__pyext[0m
[1.682s] [35m[1mConsolidate compiler generated dependencies of target sam_graph_slam_2_msgs__rosidl_typesupport_fastrtps_c__pyext[0m
[1.683s] [35m[1mConsolidate compiler generated dependencies of target sam_graph_slam_2_msgs__rosidl_typesupport_c__pyext[0m
[1.721s] [ 87%] Built target sam_graph_slam_2_msgs__rosidl_typesupport_introspection_c__pyext
[1.725s] [ 96%] Built target sam_graph_slam_2_msgs__rosidl_typesupport_fastrtps_c__pyext
[1.725s] [100%] Built target sam_graph_slam_2_msgs__rosidl_typesupport_c__pyext
[2.313s] running egg_info
[2.316s] writing sam_graph_slam_2_msgs.egg-info/PKG-INFO
[2.317s] writing dependency_links to sam_graph_slam_2_msgs.egg-info/dependency_links.txt
[2.317s] writing top-level names to sam_graph_slam_2_msgs.egg-info/top_level.txt
[2.325s] reading manifest file 'sam_graph_slam_2_msgs.egg-info/SOURCES.txt'
[2.327s] writing manifest file 'sam_graph_slam_2_msgs.egg-info/SOURCES.txt'
[2.409s] [100%] Built target ament_cmake_python_build_sam_graph_slam_2_msgs_egg
[3.113s] Invoked command in '/home/schni2zle/colcon_ws/src/build/sam_graph_slam_2_msgs' returned '0': CMAKE_PREFIX_PATH=${CMAKE_PREFIX_PATH}:/home/schni2zle/colcon_ws/src/install/workshopfun:/home/schni2zle/colcon_ws/src/install/utm_latlon_converter:/home/schni2zle/colcon_ws/src/install/test_package:/home/schni2zle/colcon_ws/src/install/state_estimation:/home/schni2zle/colcon_ws/src/install/smarc_nodered:/home/schni2zle/colcon_ws/src/install/smarc_bt:/home/schni2zle/colcon_ws/src/install/smarc_bringups:/home/schni2zle/colcon_ws/src/install/sam_dead_reckoning:/home/schni2zle/colcon_ws/src/install/ros_tcp_endpoint:/home/schni2zle/colcon_ws/src/install/ros2_python_examples:/home/schni2zle/colcon_ws/src/install/quadrotor_basic_controller:/home/schni2zle/colcon_ws/src/install/mqtt_bridge:/home/schni2zle/colcon_ws/src/install/dubins_planner:/home/schni2zle/colcon_ws/src/install/dive_control:/home/schni2zle/colcon_ws/src/install/basic_go_to_waypoint:/home/schni2zle/colcon_ws/src/install/basic_depth_pitch_control:/home/schni2zle/colcon_ws/install/workshopfun:/home/schni2zle/colcon_ws/install/utm_latlon_converter:/home/schni2zle/colcon_ws/install/smarc_nodered:/home/schni2zle/colcon_ws/install/smarc_bt:/home/schni2zle/colcon_ws/install/smarc_bringups:/home/schni2zle/colcon_ws/install/sam_dead_reckoning:/home/schni2zle/colcon_ws/install/ros_tcp_endpoint:/home/schni2zle/colcon_ws/install/ros2_python_examples:/home/schni2zle/colcon_ws/install/mqtt_bridge:/home/schni2zle/colcon_ws/install/dubins_planner:/home/schni2zle/colcon_ws/install/basic_go_to_waypoint:/opt/ros/humble /usr/bin/cmake --build /home/schni2zle/colcon_ws/src/build/sam_graph_slam_2_msgs -- -j8 -l8
[3.625s] Invoking command in '/home/schni2zle/colcon_ws/src/build/sam_graph_slam_2_msgs': CMAKE_PREFIX_PATH=${CMAKE_PREFIX_PATH}:/home/schni2zle/colcon_ws/src/install/workshopfun:/home/schni2zle/colcon_ws/src/install/utm_latlon_converter:/home/schni2zle/colcon_ws/src/install/test_package:/home/schni2zle/colcon_ws/src/install/state_estimation:/home/schni2zle/colcon_ws/src/install/smarc_nodered:/home/schni2zle/colcon_ws/src/install/smarc_bt:/home/schni2zle/colcon_ws/src/install/smarc_bringups:/home/schni2zle/colcon_ws/src/install/sam_dead_reckoning:/home/schni2zle/colcon_ws/src/install/ros_tcp_endpoint:/home/schni2zle/colcon_ws/src/install/ros2_python_examples:/home/schni2zle/colcon_ws/src/install/quadrotor_basic_controller:/home/schni2zle/colcon_ws/src/install/mqtt_bridge:/home/schni2zle/colcon_ws/src/install/dubins_planner:/home/schni2zle/colcon_ws/src/install/dive_control:/home/schni2zle/colcon_ws/src/install/basic_go_to_waypoint:/home/schni2zle/colcon_ws/src/install/basic_depth_pitch_control:/home/schni2zle/colcon_ws/install/workshopfun:/home/schni2zle/colcon_ws/install/utm_latlon_converter:/home/schni2zle/colcon_ws/install/smarc_nodered:/home/schni2zle/colcon_ws/install/smarc_bt:/home/schni2zle/colcon_ws/install/smarc_bringups:/home/schni2zle/colcon_ws/install/sam_dead_reckoning:/home/schni2zle/colcon_ws/install/ros_tcp_endpoint:/home/schni2zle/colcon_ws/install/ros2_python_examples:/home/schni2zle/colcon_ws/install/mqtt_bridge:/home/schni2zle/colcon_ws/install/dubins_planner:/home/schni2zle/colcon_ws/install/basic_go_to_waypoint:/opt/ros/humble /usr/bin/cmake --install /home/schni2zle/colcon_ws/src/build/sam_graph_slam_2_msgs
[3.661s] -- Install configuration: ""
[3.661s] -- Up-to-date: /home/schni2zle/colcon_ws/src/install/sam_graph_slam_2_msgs/share/ament_index/resource_index/rosidl_interfaces/sam_graph_slam_2_msgs
[3.662s] -- Up-to-date: /home/schni2zle/colcon_ws/src/install/sam_graph_slam_2_msgs/include/sam_graph_slam_2_msgs/sam_graph_slam_2_msgs
[3.662s] -- Up-to-date: /home/schni2zle/colcon_ws/src/install/sam_graph_slam_2_msgs/include/sam_graph_slam_2_msgs/sam_graph_slam_2_msgs/msg
[3.662s] -- Up-to-date: /home/schni2zle/colcon_ws/src/install/sam_graph_slam_2_msgs/include/sam_graph_slam_2_msgs/sam_graph_slam_2_msgs/msg/rosidl_generator_c__visibility_control.h
[3.662s] -- Up-to-date: /home/schni2zle/colcon_ws/src/install/sam_graph_slam_2_msgs/include/sam_graph_slam_2_msgs/sam_graph_slam_2_msgs/msg/detail
[3.663s] -- Up-to-date: /home/schni2zle/colcon_ws/src/install/sam_graph_slam_2_msgs/include/sam_graph_slam_2_msgs/sam_graph_slam_2_msgs/msg/detail/topics__struct.h
[3.663s] -- Up-to-date: /home/schni2zle/colcon_ws/src/install/sam_graph_slam_2_msgs/include/sam_graph_slam_2_msgs/sam_graph_slam_2_msgs/msg/detail/topics__type_support.h
[3.666s] -- Up-to-date: /home/schni2zle/colcon_ws/src/install/sam_graph_slam_2_msgs/include/sam_graph_slam_2_msgs/sam_graph_slam_2_msgs/msg/detail/topics__functions.h
[3.666s] -- Up-to-date: /home/schni2zle/colcon_ws/src/install/sam_graph_slam_2_msgs/include/sam_graph_slam_2_msgs/sam_graph_slam_2_msgs/msg/detail/topics__functions.c
[3.667s] -- Up-to-date: /home/schni2zle/colcon_ws/src/install/sam_graph_slam_2_msgs/include/sam_graph_slam_2_msgs/sam_graph_slam_2_msgs/msg/topics.h
[3.667s] -- Up-to-date: /home/schni2zle/colcon_ws/src/install/sam_graph_slam_2_msgs/share/sam_graph_slam_2_msgs/environment/library_path.sh
[3.667s] -- Up-to-date: /home/schni2zle/colcon_ws/src/install/sam_graph_slam_2_msgs/share/sam_graph_slam_2_msgs/environment/library_path.dsv
[3.667s] -- Up-to-date: /home/schni2zle/colcon_ws/src/install/sam_graph_slam_2_msgs/lib/libsam_graph_slam_2_msgs__rosidl_generator_c.so
[3.667s] -- Up-to-date: /home/schni2zle/colcon_ws/src/install/sam_graph_slam_2_msgs/include/sam_graph_slam_2_msgs/sam_graph_slam_2_msgs
[3.668s] -- Up-to-date: /home/schni2zle/colcon_ws/src/install/sam_graph_slam_2_msgs/include/sam_graph_slam_2_msgs/sam_graph_slam_2_msgs/msg
[3.668s] -- Up-to-date: /home/schni2zle/colcon_ws/src/install/sam_graph_slam_2_msgs/include/sam_graph_slam_2_msgs/sam_graph_slam_2_msgs/msg/rosidl_typesupport_fastrtps_c__visibility_control.h
[3.668s] -- Up-to-date: /home/schni2zle/colcon_ws/src/install/sam_graph_slam_2_msgs/include/sam_graph_slam_2_msgs/sam_graph_slam_2_msgs/msg/detail
[3.668s] -- Up-to-date: /home/schni2zle/colcon_ws/src/install/sam_graph_slam_2_msgs/include/sam_graph_slam_2_msgs/sam_graph_slam_2_msgs/msg/detail/topics__rosidl_typesupport_fastrtps_c.h
[3.669s] -- Up-to-date: /home/schni2zle/colcon_ws/src/install/sam_graph_slam_2_msgs/lib/libsam_graph_slam_2_msgs__rosidl_typesupport_fastrtps_c.so
[3.670s] -- Up-to-date: /home/schni2zle/colcon_ws/src/install/sam_graph_slam_2_msgs/include/sam_graph_slam_2_msgs/sam_graph_slam_2_msgs
[3.670s] -- Up-to-date: /home/schni2zle/colcon_ws/src/install/sam_graph_slam_2_msgs/include/sam_graph_slam_2_msgs/sam_graph_slam_2_msgs/msg
[3.670s] -- Up-to-date: /home/schni2zle/colcon_ws/src/install/sam_graph_slam_2_msgs/include/sam_graph_slam_2_msgs/sam_graph_slam_2_msgs/msg/rosidl_typesupport_introspection_c__visibility_control.h
[3.670s] -- Up-to-date: /home/schni2zle/colcon_ws/src/install/sam_graph_slam_2_msgs/include/sam_graph_slam_2_msgs/sam_graph_slam_2_msgs/msg/detail
[3.671s] -- Up-to-date: /home/schni2zle/colcon_ws/src/install/sam_graph_slam_2_msgs/include/sam_graph_slam_2_msgs/sam_graph_slam_2_msgs/msg/detail/topics__type_support.c
[3.673s] -- Up-to-date: /home/schni2zle/colcon_ws/src/install/sam_graph_slam_2_msgs/include/sam_graph_slam_2_msgs/sam_graph_slam_2_msgs/msg/detail/topics__rosidl_typesupport_introspection_c.h
[3.673s] -- Up-to-date: /home/schni2zle/colcon_ws/src/install/sam_graph_slam_2_msgs/lib/libsam_graph_slam_2_msgs__rosidl_typesupport_introspection_c.so
[3.673s] -- Up-to-date: /home/schni2zle/colcon_ws/src/install/sam_graph_slam_2_msgs/lib/libsam_graph_slam_2_msgs__rosidl_typesupport_c.so
[3.673s] -- Up-to-date: /home/schni2zle/colcon_ws/src/install/sam_graph_slam_2_msgs/include/sam_graph_slam_2_msgs/sam_graph_slam_2_msgs
[3.673s] -- Up-to-date: /home/schni2zle/colcon_ws/src/install/sam_graph_slam_2_msgs/include/sam_graph_slam_2_msgs/sam_graph_slam_2_msgs/msg
[3.674s] -- Up-to-date: /home/schni2zle/colcon_ws/src/install/sam_graph_slam_2_msgs/include/sam_graph_slam_2_msgs/sam_graph_slam_2_msgs/msg/detail
[3.675s] -- Up-to-date: /home/schni2zle/colcon_ws/src/install/sam_graph_slam_2_msgs/include/sam_graph_slam_2_msgs/sam_graph_slam_2_msgs/msg/detail/topics__struct.hpp
[3.675s] -- Up-to-date: /home/schni2zle/colcon_ws/src/install/sam_graph_slam_2_msgs/include/sam_graph_slam_2_msgs/sam_graph_slam_2_msgs/msg/detail/topics__traits.hpp
[3.675s] -- Up-to-date: /home/schni2zle/colcon_ws/src/install/sam_graph_slam_2_msgs/include/sam_graph_slam_2_msgs/sam_graph_slam_2_msgs/msg/detail/topics__builder.hpp
[3.677s] -- Up-to-date: /home/schni2zle/colcon_ws/src/install/sam_graph_slam_2_msgs/include/sam_graph_slam_2_msgs/sam_graph_slam_2_msgs/msg/topics.hpp
[3.678s] -- Up-to-date: /home/schni2zle/colcon_ws/src/install/sam_graph_slam_2_msgs/include/sam_graph_slam_2_msgs/sam_graph_slam_2_msgs
[3.679s] -- Up-to-date: /home/schni2zle/colcon_ws/src/install/sam_graph_slam_2_msgs/include/sam_graph_slam_2_msgs/sam_graph_slam_2_msgs/msg
[3.681s] -- Up-to-date: /home/schni2zle/colcon_ws/src/install/sam_graph_slam_2_msgs/include/sam_graph_slam_2_msgs/sam_graph_slam_2_msgs/msg/rosidl_typesupport_fastrtps_cpp__visibility_control.h
[3.681s] -- Up-to-date: /home/schni2zle/colcon_ws/src/install/sam_graph_slam_2_msgs/include/sam_graph_slam_2_msgs/sam_graph_slam_2_msgs/msg/detail
[3.682s] -- Up-to-date: /home/schni2zle/colcon_ws/src/install/sam_graph_slam_2_msgs/include/sam_graph_slam_2_msgs/sam_graph_slam_2_msgs/msg/detail/topics__rosidl_typesupport_fastrtps_cpp.hpp
[3.682s] -- Up-to-date: /home/schni2zle/colcon_ws/src/install/sam_graph_slam_2_msgs/include/sam_graph_slam_2_msgs/sam_graph_slam_2_msgs/msg/detail/dds_fastrtps
[3.683s] -- Up-to-date: /home/schni2zle/colcon_ws/src/install/sam_graph_slam_2_msgs/lib/libsam_graph_slam_2_msgs__rosidl_typesupport_fastrtps_cpp.so
[3.683s] -- Up-to-date: /home/schni2zle/colcon_ws/src/install/sam_graph_slam_2_msgs/include/sam_graph_slam_2_msgs/sam_graph_slam_2_msgs
[3.683s] -- Up-to-date: /home/schni2zle/colcon_ws/src/install/sam_graph_slam_2_msgs/include/sam_graph_slam_2_msgs/sam_graph_slam_2_msgs/msg
[3.683s] -- Up-to-date: /home/schni2zle/colcon_ws/src/install/sam_graph_slam_2_msgs/include/sam_graph_slam_2_msgs/sam_graph_slam_2_msgs/msg/detail
[3.683s] -- Up-to-date: /home/schni2zle/colcon_ws/src/install/sam_graph_slam_2_msgs/include/sam_graph_slam_2_msgs/sam_graph_slam_2_msgs/msg/detail/topics__type_support.cpp
[3.684s] -- Up-to-date: /home/schni2zle/colcon_ws/src/install/sam_graph_slam_2_msgs/include/sam_graph_slam_2_msgs/sam_graph_slam_2_msgs/msg/detail/topics__rosidl_typesupport_introspection_cpp.hpp
[3.684s] -- Up-to-date: /home/schni2zle/colcon_ws/src/install/sam_graph_slam_2_msgs/lib/libsam_graph_slam_2_msgs__rosidl_typesupport_introspection_cpp.so
[3.684s] -- Up-to-date: /home/schni2zle/colcon_ws/src/install/sam_graph_slam_2_msgs/lib/libsam_graph_slam_2_msgs__rosidl_typesupport_cpp.so
[3.684s] -- Up-to-date: /home/schni2zle/colcon_ws/src/install/sam_graph_slam_2_msgs/share/sam_graph_slam_2_msgs/environment/pythonpath.sh
[3.684s] -- Up-to-date: /home/schni2zle/colcon_ws/src/install/sam_graph_slam_2_msgs/share/sam_graph_slam_2_msgs/environment/pythonpath.dsv
[3.684s] -- Up-to-date: /home/schni2zle/colcon_ws/src/install/sam_graph_slam_2_msgs/local/lib/python3.10/dist-packages/sam_graph_slam_2_msgs-0.0.0-py3.10.egg-info
[3.685s] -- Installing: /home/schni2zle/colcon_ws/src/install/sam_graph_slam_2_msgs/local/lib/python3.10/dist-packages/sam_graph_slam_2_msgs-0.0.0-py3.10.egg-info/PKG-INFO
[3.686s] -- Installing: /home/schni2zle/colcon_ws/src/install/sam_graph_slam_2_msgs/local/lib/python3.10/dist-packages/sam_graph_slam_2_msgs-0.0.0-py3.10.egg-info/SOURCES.txt
[3.686s] -- Installing: /home/schni2zle/colcon_ws/src/install/sam_graph_slam_2_msgs/local/lib/python3.10/dist-packages/sam_graph_slam_2_msgs-0.0.0-py3.10.egg-info/top_level.txt
[3.686s] -- Installing: /home/schni2zle/colcon_ws/src/install/sam_graph_slam_2_msgs/local/lib/python3.10/dist-packages/sam_graph_slam_2_msgs-0.0.0-py3.10.egg-info/dependency_links.txt
[3.686s] -- Up-to-date: /home/schni2zle/colcon_ws/src/install/sam_graph_slam_2_msgs/local/lib/python3.10/dist-packages/sam_graph_slam_2_msgs
[3.686s] -- Up-to-date: /home/schni2zle/colcon_ws/src/install/sam_graph_slam_2_msgs/local/lib/python3.10/dist-packages/sam_graph_slam_2_msgs/libsam_graph_slam_2_msgs__rosidl_generator_py.so
[3.687s] -- Up-to-date: /home/schni2zle/colcon_ws/src/install/sam_graph_slam_2_msgs/local/lib/python3.10/dist-packages/sam_graph_slam_2_msgs/msg
[3.687s] -- Up-to-date: /home/schni2zle/colcon_ws/src/install/sam_graph_slam_2_msgs/local/lib/python3.10/dist-packages/sam_graph_slam_2_msgs/msg/_topics_s.c
[3.687s] -- Up-to-date: /home/schni2zle/colcon_ws/src/install/sam_graph_slam_2_msgs/local/lib/python3.10/dist-packages/sam_graph_slam_2_msgs/msg/_topics.py
[3.687s] -- Up-to-date: /home/schni2zle/colcon_ws/src/install/sam_graph_slam_2_msgs/local/lib/python3.10/dist-packages/sam_graph_slam_2_msgs/msg/__init__.py
[3.687s] -- Up-to-date: /home/schni2zle/colcon_ws/src/install/sam_graph_slam_2_msgs/local/lib/python3.10/dist-packages/sam_graph_slam_2_msgs/sam_graph_slam_2_msgs_s__rosidl_typesupport_fastrtps_c.cpython-310-x86_64-linux-gnu.so
[3.687s] -- Up-to-date: /home/schni2zle/colcon_ws/src/install/sam_graph_slam_2_msgs/local/lib/python3.10/dist-packages/sam_graph_slam_2_msgs/_sam_graph_slam_2_msgs_s.ep.rosidl_typesupport_fastrtps_c.c
[3.688s] -- Up-to-date: /home/schni2zle/colcon_ws/src/install/sam_graph_slam_2_msgs/local/lib/python3.10/dist-packages/sam_graph_slam_2_msgs/sam_graph_slam_2_msgs_s__rosidl_typesupport_introspection_c.cpython-310-x86_64-linux-gnu.so
[3.688s] -- Up-to-date: /home/schni2zle/colcon_ws/src/install/sam_graph_slam_2_msgs/local/lib/python3.10/dist-packages/sam_graph_slam_2_msgs/_sam_graph_slam_2_msgs_s.ep.rosidl_typesupport_c.c
[3.688s] -- Up-to-date: /home/schni2zle/colcon_ws/src/install/sam_graph_slam_2_msgs/local/lib/python3.10/dist-packages/sam_graph_slam_2_msgs/__init__.py
[3.688s] -- Up-to-date: /home/schni2zle/colcon_ws/src/install/sam_graph_slam_2_msgs/local/lib/python3.10/dist-packages/sam_graph_slam_2_msgs/_sam_graph_slam_2_msgs_s.ep.rosidl_typesupport_introspection_c.c
[3.688s] -- Up-to-date: /home/schni2zle/colcon_ws/src/install/sam_graph_slam_2_msgs/local/lib/python3.10/dist-packages/sam_graph_slam_2_msgs/sam_graph_slam_2_msgs_s__rosidl_typesupport_c.cpython-310-x86_64-linux-gnu.so
[3.939s] Listing '/home/schni2zle/colcon_ws/src/install/sam_graph_slam_2_msgs/local/lib/python3.10/dist-packages/sam_graph_slam_2_msgs'...
[3.939s] Listing '/home/schni2zle/colcon_ws/src/install/sam_graph_slam_2_msgs/local/lib/python3.10/dist-packages/sam_graph_slam_2_msgs/msg'...
[3.974s] -- Up-to-date: /home/schni2zle/colcon_ws/src/install/sam_graph_slam_2_msgs/local/lib/python3.10/dist-packages/sam_graph_slam_2_msgs/sam_graph_slam_2_msgs_s__rosidl_typesupport_fastrtps_c.cpython-310-x86_64-linux-gnu.so
[3.977s] -- Up-to-date: /home/schni2zle/colcon_ws/src/install/sam_graph_slam_2_msgs/local/lib/python3.10/dist-packages/sam_graph_slam_2_msgs/sam_graph_slam_2_msgs_s__rosidl_typesupport_introspection_c.cpython-310-x86_64-linux-gnu.so
[3.980s] -- Up-to-date: /home/schni2zle/colcon_ws/src/install/sam_graph_slam_2_msgs/local/lib/python3.10/dist-packages/sam_graph_slam_2_msgs/sam_graph_slam_2_msgs_s__rosidl_typesupport_c.cpython-310-x86_64-linux-gnu.so
[3.983s] -- Up-to-date: /home/schni2zle/colcon_ws/src/install/sam_graph_slam_2_msgs/lib/libsam_graph_slam_2_msgs__rosidl_generator_py.so
[3.985s] -- Up-to-date: /home/schni2zle/colcon_ws/src/install/sam_graph_slam_2_msgs/share/sam_graph_slam_2_msgs/msg/Topics.idl
[3.992s] -- Up-to-date: /home/schni2zle/colcon_ws/src/install/sam_graph_slam_2_msgs/share/sam_graph_slam_2_msgs/msg/Topics.msg
[3.992s] -- Up-to-date: /home/schni2zle/colcon_ws/src/install/sam_graph_slam_2_msgs/share/ament_index/resource_index/package_run_dependencies/sam_graph_slam_2_msgs
[3.993s] -- Up-to-date: /home/schni2zle/colcon_ws/src/install/sam_graph_slam_2_msgs/share/ament_index/resource_index/parent_prefix_path/sam_graph_slam_2_msgs
[3.993s] -- Up-to-date: /home/schni2zle/colcon_ws/src/install/sam_graph_slam_2_msgs/share/sam_graph_slam_2_msgs/environment/ament_prefix_path.sh
[3.993s] -- Up-to-date: /home/schni2zle/colcon_ws/src/install/sam_graph_slam_2_msgs/share/sam_graph_slam_2_msgs/environment/ament_prefix_path.dsv
[3.993s] -- Up-to-date: /home/schni2zle/colcon_ws/src/install/sam_graph_slam_2_msgs/share/sam_graph_slam_2_msgs/environment/path.sh
[3.998s] -- Up-to-date: /home/schni2zle/colcon_ws/src/install/sam_graph_slam_2_msgs/share/sam_graph_slam_2_msgs/environment/path.dsv
[3.998s] -- Up-to-date: /home/schni2zle/colcon_ws/src/install/sam_graph_slam_2_msgs/share/sam_graph_slam_2_msgs/local_setup.bash
[3.998s] -- Up-to-date: /home/schni2zle/colcon_ws/src/install/sam_graph_slam_2_msgs/share/sam_graph_slam_2_msgs/local_setup.sh
[3.998s] -- Up-to-date: /home/schni2zle/colcon_ws/src/install/sam_graph_slam_2_msgs/share/sam_graph_slam_2_msgs/local_setup.zsh
[4.001s] -- Up-to-date: /home/schni2zle/colcon_ws/src/install/sam_graph_slam_2_msgs/share/sam_graph_slam_2_msgs/local_setup.dsv
[4.001s] -- Installing: /home/schni2zle/colcon_ws/src/install/sam_graph_slam_2_msgs/share/sam_graph_slam_2_msgs/package.dsv
[4.001s] -- Up-to-date: /home/schni2zle/colcon_ws/src/install/sam_graph_slam_2_msgs/share/ament_index/resource_index/packages/sam_graph_slam_2_msgs
[4.001s] -- Up-to-date: /home/schni2zle/colcon_ws/src/install/sam_graph_slam_2_msgs/share/sam_graph_slam_2_msgs/cmake/export_sam_graph_slam_2_msgs__rosidl_generator_cExport.cmake
[4.011s] -- Up-to-date: /home/schni2zle/colcon_ws/src/install/sam_graph_slam_2_msgs/share/sam_graph_slam_2_msgs/cmake/export_sam_graph_slam_2_msgs__rosidl_generator_cExport-noconfig.cmake
[4.013s] -- Up-to-date: /home/schni2zle/colcon_ws/src/install/sam_graph_slam_2_msgs/share/sam_graph_slam_2_msgs/cmake/export_sam_graph_slam_2_msgs__rosidl_typesupport_fastrtps_cExport.cmake
[4.013s] -- Up-to-date: /home/schni2zle/colcon_ws/src/install/sam_graph_slam_2_msgs/share/sam_graph_slam_2_msgs/cmake/export_sam_graph_slam_2_msgs__rosidl_typesupport_fastrtps_cExport-noconfig.cmake
[4.013s] -- Up-to-date: /home/schni2zle/colcon_ws/src/install/sam_graph_slam_2_msgs/share/sam_graph_slam_2_msgs/cmake/sam_graph_slam_2_msgs__rosidl_typesupport_introspection_cExport.cmake
[4.014s] -- Up-to-date: /home/schni2zle/colcon_ws/src/install/sam_graph_slam_2_msgs/share/sam_graph_slam_2_msgs/cmake/sam_graph_slam_2_msgs__rosidl_typesupport_introspection_cExport-noconfig.cmake
[4.014s] -- Up-to-date: /home/schni2zle/colcon_ws/src/install/sam_graph_slam_2_msgs/share/sam_graph_slam_2_msgs/cmake/sam_graph_slam_2_msgs__rosidl_typesupport_cExport.cmake
[4.014s] -- Up-to-date: /home/schni2zle/colcon_ws/src/install/sam_graph_slam_2_msgs/share/sam_graph_slam_2_msgs/cmake/sam_graph_slam_2_msgs__rosidl_typesupport_cExport-noconfig.cmake
[4.015s] -- Up-to-date: /home/schni2zle/colcon_ws/src/install/sam_graph_slam_2_msgs/share/sam_graph_slam_2_msgs/cmake/export_sam_graph_slam_2_msgs__rosidl_generator_cppExport.cmake
[4.016s] -- Up-to-date: /home/schni2zle/colcon_ws/src/install/sam_graph_slam_2_msgs/share/sam_graph_slam_2_msgs/cmake/export_sam_graph_slam_2_msgs__rosidl_typesupport_fastrtps_cppExport.cmake
[4.019s] -- Up-to-date: /home/schni2zle/colcon_ws/src/install/sam_graph_slam_2_msgs/share/sam_graph_slam_2_msgs/cmake/export_sam_graph_slam_2_msgs__rosidl_typesupport_fastrtps_cppExport-noconfig.cmake
[4.019s] -- Up-to-date: /home/schni2zle/colcon_ws/src/install/sam_graph_slam_2_msgs/share/sam_graph_slam_2_msgs/cmake/sam_graph_slam_2_msgs__rosidl_typesupport_introspection_cppExport.cmake
[4.019s] -- Up-to-date: /home/schni2zle/colcon_ws/src/install/sam_graph_slam_2_msgs/share/sam_graph_slam_2_msgs/cmake/sam_graph_slam_2_msgs__rosidl_typesupport_introspection_cppExport-noconfig.cmake
[4.022s] -- Up-to-date: /home/schni2zle/colcon_ws/src/install/sam_graph_slam_2_msgs/share/sam_graph_slam_2_msgs/cmake/sam_graph_slam_2_msgs__rosidl_typesupport_cppExport.cmake
[4.022s] -- Up-to-date: /home/schni2zle/colcon_ws/src/install/sam_graph_slam_2_msgs/share/sam_graph_slam_2_msgs/cmake/sam_graph_slam_2_msgs__rosidl_typesupport_cppExport-noconfig.cmake
[4.023s] -- Up-to-date: /home/schni2zle/colcon_ws/src/install/sam_graph_slam_2_msgs/share/sam_graph_slam_2_msgs/cmake/export_sam_graph_slam_2_msgs__rosidl_generator_pyExport.cmake
[4.023s] -- Up-to-date: /home/schni2zle/colcon_ws/src/install/sam_graph_slam_2_msgs/share/sam_graph_slam_2_msgs/cmake/export_sam_graph_slam_2_msgs__rosidl_generator_pyExport-noconfig.cmake
[4.023s] -- Up-to-date: /home/schni2zle/colcon_ws/src/install/sam_graph_slam_2_msgs/share/sam_graph_slam_2_msgs/cmake/rosidl_cmake-extras.cmake
[4.023s] -- Up-to-date: /home/schni2zle/colcon_ws/src/install/sam_graph_slam_2_msgs/share/sam_graph_slam_2_msgs/cmake/ament_cmake_export_dependencies-extras.cmake
[4.024s] -- Up-to-date: /home/schni2zle/colcon_ws/src/install/sam_graph_slam_2_msgs/share/sam_graph_slam_2_msgs/cmake/ament_cmake_export_include_directories-extras.cmake
[4.024s] -- Up-to-date: /home/schni2zle/colcon_ws/src/install/sam_graph_slam_2_msgs/share/sam_graph_slam_2_msgs/cmake/ament_cmake_export_libraries-extras.cmake
[4.024s] -- Up-to-date: /home/schni2zle/colcon_ws/src/install/sam_graph_slam_2_msgs/share/sam_graph_slam_2_msgs/cmake/ament_cmake_export_targets-extras.cmake
[4.024s] -- Up-to-date: /home/schni2zle/colcon_ws/src/install/sam_graph_slam_2_msgs/share/sam_graph_slam_2_msgs/cmake/rosidl_cmake_export_typesupport_targets-extras.cmake
[4.027s] -- Up-to-date: /home/schni2zle/colcon_ws/src/install/sam_graph_slam_2_msgs/share/sam_graph_slam_2_msgs/cmake/rosidl_cmake_export_typesupport_libraries-extras.cmake
[4.027s] -- Up-to-date: /home/schni2zle/colcon_ws/src/install/sam_graph_slam_2_msgs/share/sam_graph_slam_2_msgs/cmake/sam_graph_slam_2_msgsConfig.cmake
[4.028s] -- Up-to-date: /home/schni2zle/colcon_ws/src/install/sam_graph_slam_2_msgs/share/sam_graph_slam_2_msgs/cmake/sam_graph_slam_2_msgsConfig-version.cmake
[4.028s] -- Up-to-date: /home/schni2zle/colcon_ws/src/install/sam_graph_slam_2_msgs/share/sam_graph_slam_2_msgs/package.xml
[4.068s] Invoked command in '/home/schni2zle/colcon_ws/src/build/sam_graph_slam_2_msgs' returned '0': CMAKE_PREFIX_PATH=${CMAKE_PREFIX_PATH}:/home/schni2zle/colcon_ws/src/install/workshopfun:/home/schni2zle/colcon_ws/src/install/utm_latlon_converter:/home/schni2zle/colcon_ws/src/install/test_package:/home/schni2zle/colcon_ws/src/install/state_estimation:/home/schni2zle/colcon_ws/src/install/smarc_nodered:/home/schni2zle/colcon_ws/src/install/smarc_bt:/home/schni2zle/colcon_ws/src/install/smarc_bringups:/home/schni2zle/colcon_ws/src/install/sam_dead_reckoning:/home/schni2zle/colcon_ws/src/install/ros_tcp_endpoint:/home/schni2zle/colcon_ws/src/install/ros2_python_examples:/home/schni2zle/colcon_ws/src/install/quadrotor_basic_controller:/home/schni2zle/colcon_ws/src/install/mqtt_bridge:/home/schni2zle/colcon_ws/src/install/dubins_planner:/home/schni2zle/colcon_ws/src/install/dive_control:/home/schni2zle/colcon_ws/src/install/basic_go_to_waypoint:/home/schni2zle/colcon_ws/src/install/basic_depth_pitch_control:/home/schni2zle/colcon_ws/install/workshopfun:/home/schni2zle/colcon_ws/install/utm_latlon_converter:/home/schni2zle/colcon_ws/install/smarc_nodered:/home/schni2zle/colcon_ws/install/smarc_bt:/home/schni2zle/colcon_ws/install/smarc_bringups:/home/schni2zle/colcon_ws/install/sam_dead_reckoning:/home/schni2zle/colcon_ws/install/ros_tcp_endpoint:/home/schni2zle/colcon_ws/install/ros2_python_examples:/home/schni2zle/colcon_ws/install/mqtt_bridge:/home/schni2zle/colcon_ws/install/dubins_planner:/home/schni2zle/colcon_ws/install/basic_go_to_waypoint:/opt/ros/humble /usr/bin/cmake --install /home/schni2zle/colcon_ws/src/build/sam_graph_slam_2_msgs
