[0.162s] Invoking command in '/home/schni2zle/colcon_ws/src/build/sam_msgs': CMAKE_PREFIX_PATH=${CMAKE_PREFIX_PATH}:/home/schni2zle/colcon_ws/src/install/workshopfun:/home/schni2zle/colcon_ws/src/install/utm_latlon_converter:/home/schni2zle/colcon_ws/src/install/test_package:/home/schni2zle/colcon_ws/src/install/state_estimation:/home/schni2zle/colcon_ws/src/install/smarc_nodered:/home/schni2zle/colcon_ws/src/install/smarc_bt:/home/schni2zle/colcon_ws/src/install/smarc_bringups:/home/schni2zle/colcon_ws/src/install/sam_dead_reckoning:/home/schni2zle/colcon_ws/src/install/ros_tcp_endpoint:/home/schni2zle/colcon_ws/src/install/ros2_python_examples:/home/schni2zle/colcon_ws/src/install/quadrotor_basic_controller:/home/schni2zle/colcon_ws/src/install/mqtt_bridge:/home/schni2zle/colcon_ws/src/install/dubins_planner:/home/schni2zle/colcon_ws/src/install/dive_control:/home/schni2zle/colcon_ws/src/install/basic_go_to_waypoint:/home/schni2zle/colcon_ws/src/install/basic_depth_pitch_control:/home/schni2zle/colcon_ws/install/workshopfun:/home/schni2zle/colcon_ws/install/utm_latlon_converter:/home/schni2zle/colcon_ws/install/smarc_nodered:/home/schni2zle/colcon_ws/install/smarc_bt:/home/schni2zle/colcon_ws/install/smarc_bringups:/home/schni2zle/colcon_ws/install/sam_dead_reckoning:/home/schni2zle/colcon_ws/install/ros_tcp_endpoint:/home/schni2zle/colcon_ws/install/ros2_python_examples:/home/schni2zle/colcon_ws/install/mqtt_bridge:/home/schni2zle/colcon_ws/install/dubins_planner:/home/schni2zle/colcon_ws/install/basic_go_to_waypoint:/opt/ros/humble /usr/bin/cmake --build /home/schni2zle/colcon_ws/src/build/sam_msgs -- -j8 -l8
[4.398s] [  0%] Built target sam_msgs__cpp
[4.398s] [ 12%] Built target sam_msgs__rosidl_generator_c
[4.399s] [ 12%] Built target ament_cmake_python_copy_sam_msgs
[4.400s] [ 24%] Built target sam_msgs__rosidl_typesupport_c
[4.401s] [ 39%] Built target sam_msgs__rosidl_typesupport_cpp
[4.402s] [ 49%] Built target sam_msgs__rosidl_typesupport_introspection_cpp
[4.402s] [ 62%] Built target sam_msgs__rosidl_typesupport_fastrtps_c
[4.403s] [ 73%] Built target sam_msgs__rosidl_typesupport_introspection_c
[4.404s] [ 85%] Built target sam_msgs__rosidl_typesupport_fastrtps_cpp
[4.405s] [ 85%] Built target sam_msgs
[4.405s] [ 86%] Built target sam_msgs__py
[4.406s] [ 97%] Built target sam_msgs__rosidl_generator_py
[4.406s] [ 98%] Built target sam_msgs__rosidl_typesupport_fastrtps_c__pyext
[4.407s] [ 99%] Built target sam_msgs__rosidl_typesupport_c__pyext
[4.407s] [100%] Built target sam_msgs__rosidl_typesupport_introspection_c__pyext
[4.407s] running egg_info
[4.407s] writing sam_msgs.egg-info/PKG-INFO
[4.408s] writing dependency_links to sam_msgs.egg-info/dependency_links.txt
[4.408s] writing top-level names to sam_msgs.egg-info/top_level.txt
[4.409s] reading manifest file 'sam_msgs.egg-info/SOURCES.txt'
[4.409s] writing manifest file 'sam_msgs.egg-info/SOURCES.txt'
[4.410s] [100%] Built target ament_cmake_python_build_sam_msgs_egg
[4.423s] Invoked command in '/home/schni2zle/colcon_ws/src/build/sam_msgs' returned '0': CMAKE_PREFIX_PATH=${CMAKE_PREFIX_PATH}:/home/schni2zle/colcon_ws/src/install/workshopfun:/home/schni2zle/colcon_ws/src/install/utm_latlon_converter:/home/schni2zle/colcon_ws/src/install/test_package:/home/schni2zle/colcon_ws/src/install/state_estimation:/home/schni2zle/colcon_ws/src/install/smarc_nodered:/home/schni2zle/colcon_ws/src/install/smarc_bt:/home/schni2zle/colcon_ws/src/install/smarc_bringups:/home/schni2zle/colcon_ws/src/install/sam_dead_reckoning:/home/schni2zle/colcon_ws/src/install/ros_tcp_endpoint:/home/schni2zle/colcon_ws/src/install/ros2_python_examples:/home/schni2zle/colcon_ws/src/install/quadrotor_basic_controller:/home/schni2zle/colcon_ws/src/install/mqtt_bridge:/home/schni2zle/colcon_ws/src/install/dubins_planner:/home/schni2zle/colcon_ws/src/install/dive_control:/home/schni2zle/colcon_ws/src/install/basic_go_to_waypoint:/home/schni2zle/colcon_ws/src/install/basic_depth_pitch_control:/home/schni2zle/colcon_ws/install/workshopfun:/home/schni2zle/colcon_ws/install/utm_latlon_converter:/home/schni2zle/colcon_ws/install/smarc_nodered:/home/schni2zle/colcon_ws/install/smarc_bt:/home/schni2zle/colcon_ws/install/smarc_bringups:/home/schni2zle/colcon_ws/install/sam_dead_reckoning:/home/schni2zle/colcon_ws/install/ros_tcp_endpoint:/home/schni2zle/colcon_ws/install/ros2_python_examples:/home/schni2zle/colcon_ws/install/mqtt_bridge:/home/schni2zle/colcon_ws/install/dubins_planner:/home/schni2zle/colcon_ws/install/basic_go_to_waypoint:/opt/ros/humble /usr/bin/cmake --build /home/schni2zle/colcon_ws/src/build/sam_msgs -- -j8 -l8
[7.388s] Invoking command in '/home/schni2zle/colcon_ws/src/build/sam_msgs': CMAKE_PREFIX_PATH=${CMAKE_PREFIX_PATH}:/home/schni2zle/colcon_ws/src/install/workshopfun:/home/schni2zle/colcon_ws/src/install/utm_latlon_converter:/home/schni2zle/colcon_ws/src/install/test_package:/home/schni2zle/colcon_ws/src/install/state_estimation:/home/schni2zle/colcon_ws/src/install/smarc_nodered:/home/schni2zle/colcon_ws/src/install/smarc_bt:/home/schni2zle/colcon_ws/src/install/smarc_bringups:/home/schni2zle/colcon_ws/src/install/sam_dead_reckoning:/home/schni2zle/colcon_ws/src/install/ros_tcp_endpoint:/home/schni2zle/colcon_ws/src/install/ros2_python_examples:/home/schni2zle/colcon_ws/src/install/quadrotor_basic_controller:/home/schni2zle/colcon_ws/src/install/mqtt_bridge:/home/schni2zle/colcon_ws/src/install/dubins_planner:/home/schni2zle/colcon_ws/src/install/dive_control:/home/schni2zle/colcon_ws/src/install/basic_go_to_waypoint:/home/schni2zle/colcon_ws/src/install/basic_depth_pitch_control:/home/schni2zle/colcon_ws/install/workshopfun:/home/schni2zle/colcon_ws/install/utm_latlon_converter:/home/schni2zle/colcon_ws/install/smarc_nodered:/home/schni2zle/colcon_ws/install/smarc_bt:/home/schni2zle/colcon_ws/install/smarc_bringups:/home/schni2zle/colcon_ws/install/sam_dead_reckoning:/home/schni2zle/colcon_ws/install/ros_tcp_endpoint:/home/schni2zle/colcon_ws/install/ros2_python_examples:/home/schni2zle/colcon_ws/install/mqtt_bridge:/home/schni2zle/colcon_ws/install/dubins_planner:/home/schni2zle/colcon_ws/install/basic_go_to_waypoint:/opt/ros/humble /usr/bin/cmake --install /home/schni2zle/colcon_ws/src/build/sam_msgs
[7.497s] -- Install configuration: ""
[7.497s] -- Up-to-date: /home/schni2zle/colcon_ws/src/install/sam_msgs/share/ament_index/resource_index/rosidl_interfaces/sam_msgs
[7.497s] -- Up-to-date: /home/schni2zle/colcon_ws/src/install/sam_msgs/include/sam_msgs/sam_msgs
[7.498s] -- Up-to-date: /home/schni2zle/colcon_ws/src/install/sam_msgs/include/sam_msgs/sam_msgs/msg
[7.499s] -- Up-to-date: /home/schni2zle/colcon_ws/src/install/sam_msgs/include/sam_msgs/sam_msgs/msg/uavcan_node_status.h
[7.499s] -- Up-to-date: /home/schni2zle/colcon_ws/src/install/sam_msgs/include/sam_msgs/sam_msgs/msg/circuit_status_stamped_array.h
[7.500s] -- Up-to-date: /home/schni2zle/colcon_ws/src/install/sam_msgs/include/sam_msgs/sam_msgs/msg/thruster_angles.h
[7.500s] -- Up-to-date: /home/schni2zle/colcon_ws/src/install/sam_msgs/include/sam_msgs/sam_msgs/msg/uavcan_node_status_named.h
[7.500s] -- Up-to-date: /home/schni2zle/colcon_ws/src/install/sam_msgs/include/sam_msgs/sam_msgs/msg/uavcan_node_status_named_array.h
[7.500s] -- Up-to-date: /home/schni2zle/colcon_ws/src/install/sam_msgs/include/sam_msgs/sam_msgs/msg/ctp.h
[7.500s] -- Up-to-date: /home/schni2zle/colcon_ws/src/install/sam_msgs/include/sam_msgs/sam_msgs/msg/light_command.h
[7.500s] -- Up-to-date: /home/schni2zle/colcon_ws/src/install/sam_msgs/include/sam_msgs/sam_msgs/msg/rosidl_generator_c__visibility_control.h
[7.501s] -- Up-to-date: /home/schni2zle/colcon_ws/src/install/sam_msgs/include/sam_msgs/sam_msgs/msg/thruster_rp_ms.h
[7.501s] -- Up-to-date: /home/schni2zle/colcon_ws/src/install/sam_msgs/include/sam_msgs/sam_msgs/msg/links.h
[7.501s] -- Up-to-date: /home/schni2zle/colcon_ws/src/install/sam_msgs/include/sam_msgs/sam_msgs/msg/percent_stamped.h
[7.502s] -- Up-to-date: /home/schni2zle/colcon_ws/src/install/sam_msgs/include/sam_msgs/sam_msgs/msg/consumed_charge_array.h
[7.502s] -- Up-to-date: /home/schni2zle/colcon_ws/src/install/sam_msgs/include/sam_msgs/sam_msgs/msg/leak.h
[7.502s] -- Up-to-date: /home/schni2zle/colcon_ws/src/install/sam_msgs/include/sam_msgs/sam_msgs/msg/detail
[7.502s] -- Up-to-date: /home/schni2zle/colcon_ws/src/install/sam_msgs/include/sam_msgs/sam_msgs/msg/detail/array_command__type_support.h
[7.503s] -- Up-to-date: /home/schni2zle/colcon_ws/src/install/sam_msgs/include/sam_msgs/sam_msgs/msg/detail/light_command__functions.h
[7.503s] -- Up-to-date: /home/schni2zle/colcon_ws/src/install/sam_msgs/include/sam_msgs/sam_msgs/msg/detail/leak__functions.h
[7.503s] -- Up-to-date: /home/schni2zle/colcon_ws/src/install/sam_msgs/include/sam_msgs/sam_msgs/msg/detail/array_command__struct.h
[7.503s] -- Up-to-date: /home/schni2zle/colcon_ws/src/install/sam_msgs/include/sam_msgs/sam_msgs/msg/detail/consumed_charge__type_support.h
[7.503s] -- Up-to-date: /home/schni2zle/colcon_ws/src/install/sam_msgs/include/sam_msgs/sam_msgs/msg/detail/links__functions.c
[7.504s] -- Up-to-date: /home/schni2zle/colcon_ws/src/install/sam_msgs/include/sam_msgs/sam_msgs/msg/detail/circuit_status_stamped_array__functions.c
[7.504s] -- Up-to-date: /home/schni2zle/colcon_ws/src/install/sam_msgs/include/sam_msgs/sam_msgs/msg/detail/uavcan_node_status__type_support.h
[7.504s] -- Up-to-date: /home/schni2zle/colcon_ws/src/install/sam_msgs/include/sam_msgs/sam_msgs/msg/detail/links__struct.h
[7.504s] -- Up-to-date: /home/schni2zle/colcon_ws/src/install/sam_msgs/include/sam_msgs/sam_msgs/msg/detail/leak__functions.c
[7.505s] -- Up-to-date: /home/schni2zle/colcon_ws/src/install/sam_msgs/include/sam_msgs/sam_msgs/msg/detail/uavcan_node_status__functions.c
[7.505s] -- Up-to-date: /home/schni2zle/colcon_ws/src/install/sam_msgs/include/sam_msgs/sam_msgs/msg/detail/uavcan_node_status_named_array__functions.c
[7.511s] -- Up-to-date: /home/schni2zle/colcon_ws/src/install/sam_msgs/include/sam_msgs/sam_msgs/msg/detail/topics__struct.h
[7.512s] -- Up-to-date: /home/schni2zle/colcon_ws/src/install/sam_msgs/include/sam_msgs/sam_msgs/msg/detail/percent_stamped__struct.h
[7.512s] -- Up-to-date: /home/schni2zle/colcon_ws/src/install/sam_msgs/include/sam_msgs/sam_msgs/msg/detail/consumed_charge_array__functions.h
[7.513s] -- Up-to-date: /home/schni2zle/colcon_ws/src/install/sam_msgs/include/sam_msgs/sam_msgs/msg/detail/circuit_status_stamped_array__functions.h
[7.513s] -- Up-to-date: /home/schni2zle/colcon_ws/src/install/sam_msgs/include/sam_msgs/sam_msgs/msg/detail/ctp__functions.c
[7.519s] -- Up-to-date: /home/schni2zle/colcon_ws/src/install/sam_msgs/include/sam_msgs/sam_msgs/msg/detail/percent_stamped__functions.c
[7.520s] -- Up-to-date: /home/schni2zle/colcon_ws/src/install/sam_msgs/include/sam_msgs/sam_msgs/msg/detail/light_command_array__functions.c
[7.520s] -- Up-to-date: /home/schni2zle/colcon_ws/src/install/sam_msgs/include/sam_msgs/sam_msgs/msg/detail/leak__type_support.h
[7.520s] -- Up-to-date: /home/schni2zle/colcon_ws/src/install/sam_msgs/include/sam_msgs/sam_msgs/msg/detail/consumed_charge_array__type_support.h
[7.527s] -- Up-to-date: /home/schni2zle/colcon_ws/src/install/sam_msgs/include/sam_msgs/sam_msgs/msg/detail/light_command__struct.h
[7.528s] -- Up-to-date: /home/schni2zle/colcon_ws/src/install/sam_msgs/include/sam_msgs/sam_msgs/msg/detail/thruster_rp_ms__functions.c
[7.528s] -- Up-to-date: /home/schni2zle/colcon_ws/src/install/sam_msgs/include/sam_msgs/sam_msgs/msg/detail/consumed_charge_array__functions.c
[7.528s] -- Up-to-date: /home/schni2zle/colcon_ws/src/install/sam_msgs/include/sam_msgs/sam_msgs/msg/detail/uavcan_node_status_named_array__functions.h
[7.528s] -- Up-to-date: /home/schni2zle/colcon_ws/src/install/sam_msgs/include/sam_msgs/sam_msgs/msg/detail/thruster_rp_ms__type_support.h
[7.529s] -- Up-to-date: /home/schni2zle/colcon_ws/src/install/sam_msgs/include/sam_msgs/sam_msgs/msg/detail/command__functions.h
[7.529s] -- Up-to-date: /home/schni2zle/colcon_ws/src/install/sam_msgs/include/sam_msgs/sam_msgs/msg/detail/light_command_array__functions.h
[7.529s] -- Up-to-date: /home/schni2zle/colcon_ws/src/install/sam_msgs/include/sam_msgs/sam_msgs/msg/detail/thruster_angles__functions.h
[7.529s] -- Up-to-date: /home/schni2zle/colcon_ws/src/install/sam_msgs/include/sam_msgs/sam_msgs/msg/detail/consumed_charge__struct.h
[7.529s] -- Up-to-date: /home/schni2zle/colcon_ws/src/install/sam_msgs/include/sam_msgs/sam_msgs/msg/detail/circuit_status_stamped__struct.h
[7.530s] -- Up-to-date: /home/schni2zle/colcon_ws/src/install/sam_msgs/include/sam_msgs/sam_msgs/msg/detail/ballast_angles__functions.c
[7.530s] -- Up-to-date: /home/schni2zle/colcon_ws/src/install/sam_msgs/include/sam_msgs/sam_msgs/msg/detail/consumed_charge_feedback__struct.h
[7.530s] -- Up-to-date: /home/schni2zle/colcon_ws/src/install/sam_msgs/include/sam_msgs/sam_msgs/msg/detail/topics__type_support.h
[7.530s] -- Up-to-date: /home/schni2zle/colcon_ws/src/install/sam_msgs/include/sam_msgs/sam_msgs/msg/detail/uavcan_node_status_named_array__type_support.h
[7.531s] -- Up-to-date: /home/schni2zle/colcon_ws/src/install/sam_msgs/include/sam_msgs/sam_msgs/msg/detail/percent_stamped__type_support.h
[7.531s] -- Up-to-date: /home/schni2zle/colcon_ws/src/install/sam_msgs/include/sam_msgs/sam_msgs/msg/detail/uavcan_node_status_named__struct.h
[7.531s] -- Up-to-date: /home/schni2zle/colcon_ws/src/install/sam_msgs/include/sam_msgs/sam_msgs/msg/detail/ctp__struct.h
[7.531s] -- Up-to-date: /home/schni2zle/colcon_ws/src/install/sam_msgs/include/sam_msgs/sam_msgs/msg/detail/light_command__type_support.h
[7.531s] -- Up-to-date: /home/schni2zle/colcon_ws/src/install/sam_msgs/include/sam_msgs/sam_msgs/msg/detail/links__functions.h
[7.532s] -- Up-to-date: /home/schni2zle/colcon_ws/src/install/sam_msgs/include/sam_msgs/sam_msgs/msg/detail/ballast_angles__functions.h
[7.532s] -- Up-to-date: /home/schni2zle/colcon_ws/src/install/sam_msgs/include/sam_msgs/sam_msgs/msg/detail/topics__functions.h
[7.532s] -- Up-to-date: /home/schni2zle/colcon_ws/src/install/sam_msgs/include/sam_msgs/sam_msgs/msg/detail/consumed_charge__functions.h
[7.534s] -- Up-to-date: /home/schni2zle/colcon_ws/src/install/sam_msgs/include/sam_msgs/sam_msgs/msg/detail/percent_stamped__functions.h
[7.534s] -- Up-to-date: /home/schni2zle/colcon_ws/src/install/sam_msgs/include/sam_msgs/sam_msgs/msg/detail/light_command__functions.c
[7.534s] -- Up-to-date: /home/schni2zle/colcon_ws/src/install/sam_msgs/include/sam_msgs/sam_msgs/msg/detail/uavcan_node_status_named__functions.c
[7.535s] -- Up-to-date: /home/schni2zle/colcon_ws/src/install/sam_msgs/include/sam_msgs/sam_msgs/msg/detail/thruster_angles__functions.c
[7.535s] -- Up-to-date: /home/schni2zle/colcon_ws/src/install/sam_msgs/include/sam_msgs/sam_msgs/msg/detail/thruster_angles__struct.h
[7.535s] -- Up-to-date: /home/schni2zle/colcon_ws/src/install/sam_msgs/include/sam_msgs/sam_msgs/msg/detail/circuit_status_stamped__functions.c
[7.535s] -- Up-to-date: /home/schni2zle/colcon_ws/src/install/sam_msgs/include/sam_msgs/sam_msgs/msg/detail/circuit_status_stamped_array__type_support.h
[7.536s] -- Up-to-date: /home/schni2zle/colcon_ws/src/install/sam_msgs/include/sam_msgs/sam_msgs/msg/detail/topics__functions.c
[7.536s] -- Up-to-date: /home/schni2zle/colcon_ws/src/install/sam_msgs/include/sam_msgs/sam_msgs/msg/detail/light_command_array__struct.h
[7.536s] -- Up-to-date: /home/schni2zle/colcon_ws/src/install/sam_msgs/include/sam_msgs/sam_msgs/msg/detail/consumed_charge_feedback__functions.c
[7.536s] -- Up-to-date: /home/schni2zle/colcon_ws/src/install/sam_msgs/include/sam_msgs/sam_msgs/msg/detail/circuit_status_stamped__type_support.h
[7.536s] -- Up-to-date: /home/schni2zle/colcon_ws/src/install/sam_msgs/include/sam_msgs/sam_msgs/msg/detail/circuit_status__functions.h
[7.537s] -- Up-to-date: /home/schni2zle/colcon_ws/src/install/sam_msgs/include/sam_msgs/sam_msgs/msg/detail/array_command__functions.h
[7.540s] -- Up-to-date: /home/schni2zle/colcon_ws/src/install/sam_msgs/include/sam_msgs/sam_msgs/msg/detail/uavcan_node_status_named_array__struct.h
[7.540s] -- Up-to-date: /home/schni2zle/colcon_ws/src/install/sam_msgs/include/sam_msgs/sam_msgs/msg/detail/circuit_status__type_support.h
[7.541s] -- Up-to-date: /home/schni2zle/colcon_ws/src/install/sam_msgs/include/sam_msgs/sam_msgs/msg/detail/consumed_charge_feedback__type_support.h
[7.541s] -- Up-to-date: /home/schni2zle/colcon_ws/src/install/sam_msgs/include/sam_msgs/sam_msgs/msg/detail/thruster_rp_ms__struct.h
[7.541s] -- Up-to-date: /home/schni2zle/colcon_ws/src/install/sam_msgs/include/sam_msgs/sam_msgs/msg/detail/thruster_rp_ms__functions.h
[7.541s] -- Up-to-date: /home/schni2zle/colcon_ws/src/install/sam_msgs/include/sam_msgs/sam_msgs/msg/detail/ctp__functions.h
[7.541s] -- Up-to-date: /home/schni2zle/colcon_ws/src/install/sam_msgs/include/sam_msgs/sam_msgs/msg/detail/uavcan_node_status_named__functions.h
[7.542s] -- Up-to-date: /home/schni2zle/colcon_ws/src/install/sam_msgs/include/sam_msgs/sam_msgs/msg/detail/array_command__functions.c
[7.542s] -- Up-to-date: /home/schni2zle/colcon_ws/src/install/sam_msgs/include/sam_msgs/sam_msgs/msg/detail/circuit_status_stamped__functions.h
[7.542s] -- Up-to-date: /home/schni2zle/colcon_ws/src/install/sam_msgs/include/sam_msgs/sam_msgs/msg/detail/ctp__type_support.h
[7.542s] -- Up-to-date: /home/schni2zle/colcon_ws/src/install/sam_msgs/include/sam_msgs/sam_msgs/msg/detail/ballast_angles__type_support.h
[7.542s] -- Up-to-date: /home/schni2zle/colcon_ws/src/install/sam_msgs/include/sam_msgs/sam_msgs/msg/detail/uavcan_node_status_named__type_support.h
[7.543s] -- Up-to-date: /home/schni2zle/colcon_ws/src/install/sam_msgs/include/sam_msgs/sam_msgs/msg/detail/command__functions.c
[7.543s] -- Up-to-date: /home/schni2zle/colcon_ws/src/install/sam_msgs/include/sam_msgs/sam_msgs/msg/detail/command__struct.h
[7.543s] -- Up-to-date: /home/schni2zle/colcon_ws/src/install/sam_msgs/include/sam_msgs/sam_msgs/msg/detail/consumed_charge_array__struct.h
[7.543s] -- Up-to-date: /home/schni2zle/colcon_ws/src/install/sam_msgs/include/sam_msgs/sam_msgs/msg/detail/circuit_status_stamped_array__struct.h
[7.543s] -- Up-to-date: /home/schni2zle/colcon_ws/src/install/sam_msgs/include/sam_msgs/sam_msgs/msg/detail/consumed_charge_feedback__functions.h
[7.544s] -- Up-to-date: /home/schni2zle/colcon_ws/src/install/sam_msgs/include/sam_msgs/sam_msgs/msg/detail/consumed_charge__functions.c
[7.544s] -- Up-to-date: /home/schni2zle/colcon_ws/src/install/sam_msgs/include/sam_msgs/sam_msgs/msg/detail/thruster_angles__type_support.h
[7.544s] -- Up-to-date: /home/schni2zle/colcon_ws/src/install/sam_msgs/include/sam_msgs/sam_msgs/msg/detail/uavcan_node_status__functions.h
[7.544s] -- Up-to-date: /home/schni2zle/colcon_ws/src/install/sam_msgs/include/sam_msgs/sam_msgs/msg/detail/uavcan_node_status__struct.h
[7.544s] -- Up-to-date: /home/schni2zle/colcon_ws/src/install/sam_msgs/include/sam_msgs/sam_msgs/msg/detail/light_command_array__type_support.h
[7.545s] -- Up-to-date: /home/schni2zle/colcon_ws/src/install/sam_msgs/include/sam_msgs/sam_msgs/msg/detail/circuit_status__struct.h
[7.559s] -- Up-to-date: /home/schni2zle/colcon_ws/src/install/sam_msgs/include/sam_msgs/sam_msgs/msg/detail/ballast_angles__struct.h
[7.559s] -- Up-to-date: /home/schni2zle/colcon_ws/src/install/sam_msgs/include/sam_msgs/sam_msgs/msg/detail/circuit_status__functions.c
[7.560s] -- Up-to-date: /home/schni2zle/colcon_ws/src/install/sam_msgs/include/sam_msgs/sam_msgs/msg/detail/links__type_support.h
[7.560s] -- Up-to-date: /home/schni2zle/colcon_ws/src/install/sam_msgs/include/sam_msgs/sam_msgs/msg/detail/command__type_support.h
[7.560s] -- Up-to-date: /home/schni2zle/colcon_ws/src/install/sam_msgs/include/sam_msgs/sam_msgs/msg/detail/leak__struct.h
[7.560s] -- Up-to-date: /home/schni2zle/colcon_ws/src/install/sam_msgs/include/sam_msgs/sam_msgs/msg/circuit_status.h
[7.560s] -- Up-to-date: /home/schni2zle/colcon_ws/src/install/sam_msgs/include/sam_msgs/sam_msgs/msg/command.h
[7.561s] -- Up-to-date: /home/schni2zle/colcon_ws/src/install/sam_msgs/include/sam_msgs/sam_msgs/msg/consumed_charge_feedback.h
[7.561s] -- Up-to-date: /home/schni2zle/colcon_ws/src/install/sam_msgs/include/sam_msgs/sam_msgs/msg/array_command.h
[7.561s] -- Up-to-date: /home/schni2zle/colcon_ws/src/install/sam_msgs/include/sam_msgs/sam_msgs/msg/light_command_array.h
[7.561s] -- Up-to-date: /home/schni2zle/colcon_ws/src/install/sam_msgs/include/sam_msgs/sam_msgs/msg/ballast_angles.h
[7.561s] -- Up-to-date: /home/schni2zle/colcon_ws/src/install/sam_msgs/include/sam_msgs/sam_msgs/msg/circuit_status_stamped.h
[7.562s] -- Up-to-date: /home/schni2zle/colcon_ws/src/install/sam_msgs/include/sam_msgs/sam_msgs/msg/consumed_charge.h
[7.562s] -- Up-to-date: /home/schni2zle/colcon_ws/src/install/sam_msgs/include/sam_msgs/sam_msgs/msg/topics.h
[7.562s] -- Up-to-date: /home/schni2zle/colcon_ws/src/install/sam_msgs/include/sam_msgs/sam_msgs/srv
[7.562s] -- Up-to-date: /home/schni2zle/colcon_ws/src/install/sam_msgs/include/sam_msgs/sam_msgs/srv/detail
[7.562s] -- Up-to-date: /home/schni2zle/colcon_ws/src/install/sam_msgs/include/sam_msgs/sam_msgs/srv/detail/uavcan_update_battery__type_support.h
[7.563s] -- Up-to-date: /home/schni2zle/colcon_ws/src/install/sam_msgs/include/sam_msgs/sam_msgs/srv/detail/uavcan_update_battery__functions.c
[7.563s] -- Up-to-date: /home/schni2zle/colcon_ws/src/install/sam_msgs/include/sam_msgs/sam_msgs/srv/detail/uavcan_update_battery__struct.h
[7.563s] -- Up-to-date: /home/schni2zle/colcon_ws/src/install/sam_msgs/include/sam_msgs/sam_msgs/srv/detail/uavcan_update_battery__functions.h
[7.563s] -- Up-to-date: /home/schni2zle/colcon_ws/src/install/sam_msgs/include/sam_msgs/sam_msgs/srv/uavcan_update_battery.h
[7.563s] -- Up-to-date: /home/schni2zle/colcon_ws/src/install/sam_msgs/share/sam_msgs/environment/library_path.sh
[7.564s] -- Up-to-date: /home/schni2zle/colcon_ws/src/install/sam_msgs/share/sam_msgs/environment/library_path.dsv
[7.564s] -- Up-to-date: /home/schni2zle/colcon_ws/src/install/sam_msgs/lib/libsam_msgs__rosidl_generator_c.so
[7.564s] -- Up-to-date: /home/schni2zle/colcon_ws/src/install/sam_msgs/include/sam_msgs/sam_msgs
[7.564s] -- Up-to-date: /home/schni2zle/colcon_ws/src/install/sam_msgs/include/sam_msgs/sam_msgs/msg
[7.564s] -- Up-to-date: /home/schni2zle/colcon_ws/src/install/sam_msgs/include/sam_msgs/sam_msgs/msg/rosidl_typesupport_fastrtps_c__visibility_control.h
[7.565s] -- Up-to-date: /home/schni2zle/colcon_ws/src/install/sam_msgs/include/sam_msgs/sam_msgs/msg/detail
[7.565s] -- Up-to-date: /home/schni2zle/colcon_ws/src/install/sam_msgs/include/sam_msgs/sam_msgs/msg/detail/consumed_charge__rosidl_typesupport_fastrtps_c.h
[7.565s] -- Up-to-date: /home/schni2zle/colcon_ws/src/install/sam_msgs/include/sam_msgs/sam_msgs/msg/detail/uavcan_node_status__rosidl_typesupport_fastrtps_c.h
[7.565s] -- Up-to-date: /home/schni2zle/colcon_ws/src/install/sam_msgs/include/sam_msgs/sam_msgs/msg/detail/circuit_status_stamped_array__rosidl_typesupport_fastrtps_c.h
[7.565s] -- Up-to-date: /home/schni2zle/colcon_ws/src/install/sam_msgs/include/sam_msgs/sam_msgs/msg/detail/circuit_status__rosidl_typesupport_fastrtps_c.h
[7.566s] -- Up-to-date: /home/schni2zle/colcon_ws/src/install/sam_msgs/include/sam_msgs/sam_msgs/msg/detail/consumed_charge_array__rosidl_typesupport_fastrtps_c.h
[7.566s] -- Up-to-date: /home/schni2zle/colcon_ws/src/install/sam_msgs/include/sam_msgs/sam_msgs/msg/detail/topics__rosidl_typesupport_fastrtps_c.h
[7.566s] -- Up-to-date: /home/schni2zle/colcon_ws/src/install/sam_msgs/include/sam_msgs/sam_msgs/msg/detail/thruster_rp_ms__rosidl_typesupport_fastrtps_c.h
[7.566s] -- Up-to-date: /home/schni2zle/colcon_ws/src/install/sam_msgs/include/sam_msgs/sam_msgs/msg/detail/light_command_array__rosidl_typesupport_fastrtps_c.h
[7.566s] -- Up-to-date: /home/schni2zle/colcon_ws/src/install/sam_msgs/include/sam_msgs/sam_msgs/msg/detail/circuit_status_stamped__rosidl_typesupport_fastrtps_c.h
[7.567s] -- Up-to-date: /home/schni2zle/colcon_ws/src/install/sam_msgs/include/sam_msgs/sam_msgs/msg/detail/uavcan_node_status_named_array__rosidl_typesupport_fastrtps_c.h
[7.567s] -- Up-to-date: /home/schni2zle/colcon_ws/src/install/sam_msgs/include/sam_msgs/sam_msgs/msg/detail/ballast_angles__rosidl_typesupport_fastrtps_c.h
[7.567s] -- Up-to-date: /home/schni2zle/colcon_ws/src/install/sam_msgs/include/sam_msgs/sam_msgs/msg/detail/thruster_angles__rosidl_typesupport_fastrtps_c.h
[7.567s] -- Up-to-date: /home/schni2zle/colcon_ws/src/install/sam_msgs/include/sam_msgs/sam_msgs/msg/detail/percent_stamped__rosidl_typesupport_fastrtps_c.h
[7.567s] -- Up-to-date: /home/schni2zle/colcon_ws/src/install/sam_msgs/include/sam_msgs/sam_msgs/msg/detail/links__rosidl_typesupport_fastrtps_c.h
[7.567s] -- Up-to-date: /home/schni2zle/colcon_ws/src/install/sam_msgs/include/sam_msgs/sam_msgs/msg/detail/leak__rosidl_typesupport_fastrtps_c.h
[7.568s] -- Up-to-date: /home/schni2zle/colcon_ws/src/install/sam_msgs/include/sam_msgs/sam_msgs/msg/detail/ctp__rosidl_typesupport_fastrtps_c.h
[7.568s] -- Up-to-date: /home/schni2zle/colcon_ws/src/install/sam_msgs/include/sam_msgs/sam_msgs/msg/detail/uavcan_node_status_named__rosidl_typesupport_fastrtps_c.h
[7.568s] -- Up-to-date: /home/schni2zle/colcon_ws/src/install/sam_msgs/include/sam_msgs/sam_msgs/msg/detail/command__rosidl_typesupport_fastrtps_c.h
[7.568s] -- Up-to-date: /home/schni2zle/colcon_ws/src/install/sam_msgs/include/sam_msgs/sam_msgs/msg/detail/light_command__rosidl_typesupport_fastrtps_c.h
[7.569s] -- Up-to-date: /home/schni2zle/colcon_ws/src/install/sam_msgs/include/sam_msgs/sam_msgs/msg/detail/array_command__rosidl_typesupport_fastrtps_c.h
[7.569s] -- Up-to-date: /home/schni2zle/colcon_ws/src/install/sam_msgs/include/sam_msgs/sam_msgs/msg/detail/consumed_charge_feedback__rosidl_typesupport_fastrtps_c.h
[7.571s] -- Up-to-date: /home/schni2zle/colcon_ws/src/install/sam_msgs/include/sam_msgs/sam_msgs/srv
[7.571s] -- Up-to-date: /home/schni2zle/colcon_ws/src/install/sam_msgs/include/sam_msgs/sam_msgs/srv/detail
[7.573s] -- Up-to-date: /home/schni2zle/colcon_ws/src/install/sam_msgs/include/sam_msgs/sam_msgs/srv/detail/uavcan_update_battery__rosidl_typesupport_fastrtps_c.h
[7.613s] -- Up-to-date: /home/schni2zle/colcon_ws/src/install/sam_msgs/lib/libsam_msgs__rosidl_typesupport_fastrtps_c.so
[7.613s] -- Up-to-date: /home/schni2zle/colcon_ws/src/install/sam_msgs/include/sam_msgs/sam_msgs
[7.613s] -- Up-to-date: /home/schni2zle/colcon_ws/src/install/sam_msgs/include/sam_msgs/sam_msgs/msg
[7.614s] -- Up-to-date: /home/schni2zle/colcon_ws/src/install/sam_msgs/include/sam_msgs/sam_msgs/msg/rosidl_typesupport_introspection_c__visibility_control.h
[7.614s] -- Up-to-date: /home/schni2zle/colcon_ws/src/install/sam_msgs/include/sam_msgs/sam_msgs/msg/detail
[7.614s] -- Up-to-date: /home/schni2zle/colcon_ws/src/install/sam_msgs/include/sam_msgs/sam_msgs/msg/detail/consumed_charge_feedback__rosidl_typesupport_introspection_c.h
[7.614s] -- Up-to-date: /home/schni2zle/colcon_ws/src/install/sam_msgs/include/sam_msgs/sam_msgs/msg/detail/consumed_charge_array__rosidl_typesupport_introspection_c.h
[7.614s] -- Up-to-date: /home/schni2zle/colcon_ws/src/install/sam_msgs/include/sam_msgs/sam_msgs/msg/detail/circuit_status__rosidl_typesupport_introspection_c.h
[7.615s] -- Up-to-date: /home/schni2zle/colcon_ws/src/install/sam_msgs/include/sam_msgs/sam_msgs/msg/detail/uavcan_node_status_named__rosidl_typesupport_introspection_c.h
[7.615s] -- Up-to-date: /home/schni2zle/colcon_ws/src/install/sam_msgs/include/sam_msgs/sam_msgs/msg/detail/topics__type_support.c
[7.615s] -- Up-to-date: /home/schni2zle/colcon_ws/src/install/sam_msgs/include/sam_msgs/sam_msgs/msg/detail/leak__rosidl_typesupport_introspection_c.h
[7.615s] -- Up-to-date: /home/schni2zle/colcon_ws/src/install/sam_msgs/include/sam_msgs/sam_msgs/msg/detail/light_command_array__rosidl_typesupport_introspection_c.h
[7.615s] -- Up-to-date: /home/schni2zle/colcon_ws/src/install/sam_msgs/include/sam_msgs/sam_msgs/msg/detail/links__type_support.c
[7.616s] -- Up-to-date: /home/schni2zle/colcon_ws/src/install/sam_msgs/include/sam_msgs/sam_msgs/msg/detail/percent_stamped__rosidl_typesupport_introspection_c.h
[7.616s] -- Up-to-date: /home/schni2zle/colcon_ws/src/install/sam_msgs/include/sam_msgs/sam_msgs/msg/detail/array_command__type_support.c
[7.616s] -- Up-to-date: /home/schni2zle/colcon_ws/src/install/sam_msgs/include/sam_msgs/sam_msgs/msg/detail/consumed_charge_array__type_support.c
[7.616s] -- Up-to-date: /home/schni2zle/colcon_ws/src/install/sam_msgs/include/sam_msgs/sam_msgs/msg/detail/circuit_status_stamped__type_support.c
[7.617s] -- Up-to-date: /home/schni2zle/colcon_ws/src/install/sam_msgs/include/sam_msgs/sam_msgs/msg/detail/light_command__rosidl_typesupport_introspection_c.h
[7.617s] -- Up-to-date: /home/schni2zle/colcon_ws/src/install/sam_msgs/include/sam_msgs/sam_msgs/msg/detail/ballast_angles__type_support.c
[7.617s] -- Up-to-date: /home/schni2zle/colcon_ws/src/install/sam_msgs/include/sam_msgs/sam_msgs/msg/detail/thruster_rp_ms__rosidl_typesupport_introspection_c.h
[7.617s] -- Up-to-date: /home/schni2zle/colcon_ws/src/install/sam_msgs/include/sam_msgs/sam_msgs/msg/detail/circuit_status_stamped__rosidl_typesupport_introspection_c.h
[7.617s] -- Up-to-date: /home/schni2zle/colcon_ws/src/install/sam_msgs/include/sam_msgs/sam_msgs/msg/detail/circuit_status__type_support.c
[7.618s] -- Up-to-date: /home/schni2zle/colcon_ws/src/install/sam_msgs/include/sam_msgs/sam_msgs/msg/detail/thruster_angles__type_support.c
[7.618s] -- Up-to-date: /home/schni2zle/colcon_ws/src/install/sam_msgs/include/sam_msgs/sam_msgs/msg/detail/consumed_charge_feedback__type_support.c
[7.618s] -- Up-to-date: /home/schni2zle/colcon_ws/src/install/sam_msgs/include/sam_msgs/sam_msgs/msg/detail/uavcan_node_status_named__type_support.c
[7.618s] -- Up-to-date: /home/schni2zle/colcon_ws/src/install/sam_msgs/include/sam_msgs/sam_msgs/msg/detail/ctp__type_support.c
[7.618s] -- Up-to-date: /home/schni2zle/colcon_ws/src/install/sam_msgs/include/sam_msgs/sam_msgs/msg/detail/leak__type_support.c
[7.619s] -- Up-to-date: /home/schni2zle/colcon_ws/src/install/sam_msgs/include/sam_msgs/sam_msgs/msg/detail/circuit_status_stamped_array__rosidl_typesupport_introspection_c.h
[7.619s] -- Up-to-date: /home/schni2zle/colcon_ws/src/install/sam_msgs/include/sam_msgs/sam_msgs/msg/detail/circuit_status_stamped_array__type_support.c
[7.619s] -- Up-to-date: /home/schni2zle/colcon_ws/src/install/sam_msgs/include/sam_msgs/sam_msgs/msg/detail/command__rosidl_typesupport_introspection_c.h
[7.619s] -- Up-to-date: /home/schni2zle/colcon_ws/src/install/sam_msgs/include/sam_msgs/sam_msgs/msg/detail/consumed_charge__type_support.c
[7.620s] -- Up-to-date: /home/schni2zle/colcon_ws/src/install/sam_msgs/include/sam_msgs/sam_msgs/msg/detail/light_command__type_support.c
[7.620s] -- Up-to-date: /home/schni2zle/colcon_ws/src/install/sam_msgs/include/sam_msgs/sam_msgs/msg/detail/command__type_support.c
[7.620s] -- Up-to-date: /home/schni2zle/colcon_ws/src/install/sam_msgs/include/sam_msgs/sam_msgs/msg/detail/array_command__rosidl_typesupport_introspection_c.h
[7.620s] -- Up-to-date: /home/schni2zle/colcon_ws/src/install/sam_msgs/include/sam_msgs/sam_msgs/msg/detail/thruster_rp_ms__type_support.c
[7.624s] -- Up-to-date: /home/schni2zle/colcon_ws/src/install/sam_msgs/include/sam_msgs/sam_msgs/msg/detail/ballast_angles__rosidl_typesupport_introspection_c.h
[7.624s] -- Up-to-date: /home/schni2zle/colcon_ws/src/install/sam_msgs/include/sam_msgs/sam_msgs/msg/detail/consumed_charge__rosidl_typesupport_introspection_c.h
[7.625s] -- Up-to-date: /home/schni2zle/colcon_ws/src/install/sam_msgs/include/sam_msgs/sam_msgs/msg/detail/light_command_array__type_support.c
[7.625s] -- Up-to-date: /home/schni2zle/colcon_ws/src/install/sam_msgs/include/sam_msgs/sam_msgs/msg/detail/uavcan_node_status__rosidl_typesupport_introspection_c.h
[7.625s] -- Up-to-date: /home/schni2zle/colcon_ws/src/install/sam_msgs/include/sam_msgs/sam_msgs/msg/detail/uavcan_node_status__type_support.c
[7.625s] -- Up-to-date: /home/schni2zle/colcon_ws/src/install/sam_msgs/include/sam_msgs/sam_msgs/msg/detail/percent_stamped__type_support.c
[7.625s] -- Up-to-date: /home/schni2zle/colcon_ws/src/install/sam_msgs/include/sam_msgs/sam_msgs/msg/detail/thruster_angles__rosidl_typesupport_introspection_c.h
[7.626s] -- Up-to-date: /home/schni2zle/colcon_ws/src/install/sam_msgs/include/sam_msgs/sam_msgs/msg/detail/topics__rosidl_typesupport_introspection_c.h
[7.626s] -- Up-to-date: /home/schni2zle/colcon_ws/src/install/sam_msgs/include/sam_msgs/sam_msgs/msg/detail/links__rosidl_typesupport_introspection_c.h
[7.626s] -- Up-to-date: /home/schni2zle/colcon_ws/src/install/sam_msgs/include/sam_msgs/sam_msgs/msg/detail/ctp__rosidl_typesupport_introspection_c.h
[7.626s] -- Up-to-date: /home/schni2zle/colcon_ws/src/install/sam_msgs/include/sam_msgs/sam_msgs/msg/detail/uavcan_node_status_named_array__rosidl_typesupport_introspection_c.h
[7.626s] -- Up-to-date: /home/schni2zle/colcon_ws/src/install/sam_msgs/include/sam_msgs/sam_msgs/msg/detail/uavcan_node_status_named_array__type_support.c
[7.627s] -- Up-to-date: /home/schni2zle/colcon_ws/src/install/sam_msgs/include/sam_msgs/sam_msgs/srv
[7.628s] -- Up-to-date: /home/schni2zle/colcon_ws/src/install/sam_msgs/include/sam_msgs/sam_msgs/srv/detail
[7.628s] -- Up-to-date: /home/schni2zle/colcon_ws/src/install/sam_msgs/include/sam_msgs/sam_msgs/srv/detail/uavcan_update_battery__rosidl_typesupport_introspection_c.h
[7.635s] -- Up-to-date: /home/schni2zle/colcon_ws/src/install/sam_msgs/include/sam_msgs/sam_msgs/srv/detail/uavcan_update_battery__type_support.c
[7.636s] -- Up-to-date: /home/schni2zle/colcon_ws/src/install/sam_msgs/lib/libsam_msgs__rosidl_typesupport_introspection_c.so
[7.636s] -- Up-to-date: /home/schni2zle/colcon_ws/src/install/sam_msgs/lib/libsam_msgs__rosidl_typesupport_c.so
[7.636s] -- Up-to-date: /home/schni2zle/colcon_ws/src/install/sam_msgs/include/sam_msgs/sam_msgs
[7.636s] -- Up-to-date: /home/schni2zle/colcon_ws/src/install/sam_msgs/include/sam_msgs/sam_msgs/msg
[7.638s] -- Up-to-date: /home/schni2zle/colcon_ws/src/install/sam_msgs/include/sam_msgs/sam_msgs/msg/leak.hpp
[7.638s] -- Up-to-date: /home/schni2zle/colcon_ws/src/install/sam_msgs/include/sam_msgs/sam_msgs/msg/array_command.hpp
[7.638s] -- Up-to-date: /home/schni2zle/colcon_ws/src/install/sam_msgs/include/sam_msgs/sam_msgs/msg/consumed_charge_array.hpp
[7.638s] -- Up-to-date: /home/schni2zle/colcon_ws/src/install/sam_msgs/include/sam_msgs/sam_msgs/msg/percent_stamped.hpp
[7.639s] -- Up-to-date: /home/schni2zle/colcon_ws/src/install/sam_msgs/include/sam_msgs/sam_msgs/msg/thruster_rp_ms.hpp
[7.639s] -- Up-to-date: /home/schni2zle/colcon_ws/src/install/sam_msgs/include/sam_msgs/sam_msgs/msg/light_command_array.hpp
[7.639s] -- Up-to-date: /home/schni2zle/colcon_ws/src/install/sam_msgs/include/sam_msgs/sam_msgs/msg/thruster_angles.hpp
[7.639s] -- Up-to-date: /home/schni2zle/colcon_ws/src/install/sam_msgs/include/sam_msgs/sam_msgs/msg/ballast_angles.hpp
[7.639s] -- Up-to-date: /home/schni2zle/colcon_ws/src/install/sam_msgs/include/sam_msgs/sam_msgs/msg/circuit_status.hpp
[7.640s] -- Up-to-date: /home/schni2zle/colcon_ws/src/install/sam_msgs/include/sam_msgs/sam_msgs/msg/circuit_status_stamped_array.hpp
[7.640s] -- Up-to-date: /home/schni2zle/colcon_ws/src/install/sam_msgs/include/sam_msgs/sam_msgs/msg/consumed_charge.hpp
[7.640s] -- Up-to-date: /home/schni2zle/colcon_ws/src/install/sam_msgs/include/sam_msgs/sam_msgs/msg/detail
[7.640s] -- Up-to-date: /home/schni2zle/colcon_ws/src/install/sam_msgs/include/sam_msgs/sam_msgs/msg/detail/links__builder.hpp
[7.640s] -- Up-to-date: /home/schni2zle/colcon_ws/src/install/sam_msgs/include/sam_msgs/sam_msgs/msg/detail/uavcan_node_status__traits.hpp
[7.641s] -- Up-to-date: /home/schni2zle/colcon_ws/src/install/sam_msgs/include/sam_msgs/sam_msgs/msg/detail/percent_stamped__builder.hpp
[7.641s] -- Up-to-date: /home/schni2zle/colcon_ws/src/install/sam_msgs/include/sam_msgs/sam_msgs/msg/detail/ctp__traits.hpp
[7.641s] -- Up-to-date: /home/schni2zle/colcon_ws/src/install/sam_msgs/include/sam_msgs/sam_msgs/msg/detail/uavcan_node_status__struct.hpp
[7.641s] -- Up-to-date: /home/schni2zle/colcon_ws/src/install/sam_msgs/include/sam_msgs/sam_msgs/msg/detail/topics__struct.hpp
[7.642s] -- Up-to-date: /home/schni2zle/colcon_ws/src/install/sam_msgs/include/sam_msgs/sam_msgs/msg/detail/uavcan_node_status_named_array__struct.hpp
[7.642s] -- Up-to-date: /home/schni2zle/colcon_ws/src/install/sam_msgs/include/sam_msgs/sam_msgs/msg/detail/thruster_rp_ms__struct.hpp
[7.642s] -- Up-to-date: /home/schni2zle/colcon_ws/src/install/sam_msgs/include/sam_msgs/sam_msgs/msg/detail/consumed_charge_feedback__struct.hpp
[7.642s] -- Up-to-date: /home/schni2zle/colcon_ws/src/install/sam_msgs/include/sam_msgs/sam_msgs/msg/detail/thruster_rp_ms__builder.hpp
[7.642s] -- Up-to-date: /home/schni2zle/colcon_ws/src/install/sam_msgs/include/sam_msgs/sam_msgs/msg/detail/uavcan_node_status_named__builder.hpp
[7.643s] -- Up-to-date: /home/schni2zle/colcon_ws/src/install/sam_msgs/include/sam_msgs/sam_msgs/msg/detail/light_command__traits.hpp
[7.643s] -- Up-to-date: /home/schni2zle/colcon_ws/src/install/sam_msgs/include/sam_msgs/sam_msgs/msg/detail/light_command_array__builder.hpp
[7.643s] -- Up-to-date: /home/schni2zle/colcon_ws/src/install/sam_msgs/include/sam_msgs/sam_msgs/msg/detail/consumed_charge_array__builder.hpp
[7.643s] -- Up-to-date: /home/schni2zle/colcon_ws/src/install/sam_msgs/include/sam_msgs/sam_msgs/msg/detail/command__traits.hpp
[7.643s] -- Up-to-date: /home/schni2zle/colcon_ws/src/install/sam_msgs/include/sam_msgs/sam_msgs/msg/detail/ballast_angles__builder.hpp
[7.644s] -- Up-to-date: /home/schni2zle/colcon_ws/src/install/sam_msgs/include/sam_msgs/sam_msgs/msg/detail/thruster_rp_ms__traits.hpp
[7.644s] -- Up-to-date: /home/schni2zle/colcon_ws/src/install/sam_msgs/include/sam_msgs/sam_msgs/msg/detail/links__traits.hpp
[7.644s] -- Up-to-date: /home/schni2zle/colcon_ws/src/install/sam_msgs/include/sam_msgs/sam_msgs/msg/detail/light_command_array__traits.hpp
[7.644s] -- Up-to-date: /home/schni2zle/colcon_ws/src/install/sam_msgs/include/sam_msgs/sam_msgs/msg/detail/topics__traits.hpp
[7.645s] -- Up-to-date: /home/schni2zle/colcon_ws/src/install/sam_msgs/include/sam_msgs/sam_msgs/msg/detail/array_command__struct.hpp
[7.645s] -- Up-to-date: /home/schni2zle/colcon_ws/src/install/sam_msgs/include/sam_msgs/sam_msgs/msg/detail/consumed_charge_feedback__traits.hpp
[7.645s] -- Up-to-date: /home/schni2zle/colcon_ws/src/install/sam_msgs/include/sam_msgs/sam_msgs/msg/detail/consumed_charge_feedback__builder.hpp
[7.645s] -- Up-to-date: /home/schni2zle/colcon_ws/src/install/sam_msgs/include/sam_msgs/sam_msgs/msg/detail/command__struct.hpp
[7.645s] -- Up-to-date: /home/schni2zle/colcon_ws/src/install/sam_msgs/include/sam_msgs/sam_msgs/msg/detail/uavcan_node_status__builder.hpp
[7.646s] -- Up-to-date: /home/schni2zle/colcon_ws/src/install/sam_msgs/include/sam_msgs/sam_msgs/msg/detail/percent_stamped__struct.hpp
[7.646s] -- Up-to-date: /home/schni2zle/colcon_ws/src/install/sam_msgs/include/sam_msgs/sam_msgs/msg/detail/light_command__struct.hpp
[7.646s] -- Up-to-date: /home/schni2zle/colcon_ws/src/install/sam_msgs/include/sam_msgs/sam_msgs/msg/detail/ctp__struct.hpp
[7.646s] -- Up-to-date: /home/schni2zle/colcon_ws/src/install/sam_msgs/include/sam_msgs/sam_msgs/msg/detail/uavcan_node_status_named__struct.hpp
[7.646s] -- Up-to-date: /home/schni2zle/colcon_ws/src/install/sam_msgs/include/sam_msgs/sam_msgs/msg/detail/topics__builder.hpp
[7.647s] -- Up-to-date: /home/schni2zle/colcon_ws/src/install/sam_msgs/include/sam_msgs/sam_msgs/msg/detail/circuit_status__traits.hpp
[7.647s] -- Up-to-date: /home/schni2zle/colcon_ws/src/install/sam_msgs/include/sam_msgs/sam_msgs/msg/detail/light_command__builder.hpp
[7.647s] -- Up-to-date: /home/schni2zle/colcon_ws/src/install/sam_msgs/include/sam_msgs/sam_msgs/msg/detail/circuit_status__builder.hpp
[7.647s] -- Up-to-date: /home/schni2zle/colcon_ws/src/install/sam_msgs/include/sam_msgs/sam_msgs/msg/detail/links__struct.hpp
[7.647s] -- Up-to-date: /home/schni2zle/colcon_ws/src/install/sam_msgs/include/sam_msgs/sam_msgs/msg/detail/command__builder.hpp
[7.648s] -- Up-to-date: /home/schni2zle/colcon_ws/src/install/sam_msgs/include/sam_msgs/sam_msgs/msg/detail/consumed_charge_array__struct.hpp
[7.648s] -- Up-to-date: /home/schni2zle/colcon_ws/src/install/sam_msgs/include/sam_msgs/sam_msgs/msg/detail/leak__struct.hpp
[7.648s] -- Up-to-date: /home/schni2zle/colcon_ws/src/install/sam_msgs/include/sam_msgs/sam_msgs/msg/detail/light_command_array__struct.hpp
[7.648s] -- Up-to-date: /home/schni2zle/colcon_ws/src/install/sam_msgs/include/sam_msgs/sam_msgs/msg/detail/percent_stamped__traits.hpp
[7.649s] -- Up-to-date: /home/schni2zle/colcon_ws/src/install/sam_msgs/include/sam_msgs/sam_msgs/msg/detail/circuit_status_stamped__struct.hpp
[7.649s] -- Up-to-date: /home/schni2zle/colcon_ws/src/install/sam_msgs/include/sam_msgs/sam_msgs/msg/detail/circuit_status_stamped__traits.hpp
[7.649s] -- Up-to-date: /home/schni2zle/colcon_ws/src/install/sam_msgs/include/sam_msgs/sam_msgs/msg/detail/ballast_angles__traits.hpp
[7.649s] -- Up-to-date: /home/schni2zle/colcon_ws/src/install/sam_msgs/include/sam_msgs/sam_msgs/msg/detail/ctp__builder.hpp
[7.649s] -- Up-to-date: /home/schni2zle/colcon_ws/src/install/sam_msgs/include/sam_msgs/sam_msgs/msg/detail/consumed_charge__traits.hpp
[7.650s] -- Up-to-date: /home/schni2zle/colcon_ws/src/install/sam_msgs/include/sam_msgs/sam_msgs/msg/detail/thruster_angles__struct.hpp
[7.650s] -- Up-to-date: /home/schni2zle/colcon_ws/src/install/sam_msgs/include/sam_msgs/sam_msgs/msg/detail/consumed_charge__builder.hpp
[7.650s] -- Up-to-date: /home/schni2zle/colcon_ws/src/install/sam_msgs/include/sam_msgs/sam_msgs/msg/detail/consumed_charge__struct.hpp
[7.650s] -- Up-to-date: /home/schni2zle/colcon_ws/src/install/sam_msgs/include/sam_msgs/sam_msgs/msg/detail/thruster_angles__traits.hpp
[7.650s] -- Up-to-date: /home/schni2zle/colcon_ws/src/install/sam_msgs/include/sam_msgs/sam_msgs/msg/detail/circuit_status_stamped_array__struct.hpp
[7.650s] -- Up-to-date: /home/schni2zle/colcon_ws/src/install/sam_msgs/include/sam_msgs/sam_msgs/msg/detail/thruster_angles__builder.hpp
[7.651s] -- Up-to-date: /home/schni2zle/colcon_ws/src/install/sam_msgs/include/sam_msgs/sam_msgs/msg/detail/circuit_status__struct.hpp
[7.651s] -- Up-to-date: /home/schni2zle/colcon_ws/src/install/sam_msgs/include/sam_msgs/sam_msgs/msg/detail/circuit_status_stamped_array__traits.hpp
[7.651s] -- Up-to-date: /home/schni2zle/colcon_ws/src/install/sam_msgs/include/sam_msgs/sam_msgs/msg/detail/uavcan_node_status_named_array__builder.hpp
[7.651s] -- Up-to-date: /home/schni2zle/colcon_ws/src/install/sam_msgs/include/sam_msgs/sam_msgs/msg/detail/array_command__builder.hpp
[7.651s] -- Up-to-date: /home/schni2zle/colcon_ws/src/install/sam_msgs/include/sam_msgs/sam_msgs/msg/detail/leak__builder.hpp
[7.652s] -- Up-to-date: /home/schni2zle/colcon_ws/src/install/sam_msgs/include/sam_msgs/sam_msgs/msg/detail/leak__traits.hpp
[7.652s] -- Up-to-date: /home/schni2zle/colcon_ws/src/install/sam_msgs/include/sam_msgs/sam_msgs/msg/detail/consumed_charge_array__traits.hpp
[7.652s] -- Up-to-date: /home/schni2zle/colcon_ws/src/install/sam_msgs/include/sam_msgs/sam_msgs/msg/detail/uavcan_node_status_named_array__traits.hpp
[7.653s] -- Up-to-date: /home/schni2zle/colcon_ws/src/install/sam_msgs/include/sam_msgs/sam_msgs/msg/detail/array_command__traits.hpp
[7.653s] -- Up-to-date: /home/schni2zle/colcon_ws/src/install/sam_msgs/include/sam_msgs/sam_msgs/msg/detail/circuit_status_stamped__builder.hpp
[7.654s] -- Up-to-date: /home/schni2zle/colcon_ws/src/install/sam_msgs/include/sam_msgs/sam_msgs/msg/detail/circuit_status_stamped_array__builder.hpp
[7.654s] -- Up-to-date: /home/schni2zle/colcon_ws/src/install/sam_msgs/include/sam_msgs/sam_msgs/msg/detail/uavcan_node_status_named__traits.hpp
[7.655s] -- Up-to-date: /home/schni2zle/colcon_ws/src/install/sam_msgs/include/sam_msgs/sam_msgs/msg/detail/ballast_angles__struct.hpp
[7.655s] -- Up-to-date: /home/schni2zle/colcon_ws/src/install/sam_msgs/include/sam_msgs/sam_msgs/msg/consumed_charge_feedback.hpp
[7.655s] -- Up-to-date: /home/schni2zle/colcon_ws/src/install/sam_msgs/include/sam_msgs/sam_msgs/msg/command.hpp
[7.655s] -- Up-to-date: /home/schni2zle/colcon_ws/src/install/sam_msgs/include/sam_msgs/sam_msgs/msg/uavcan_node_status.hpp
[7.656s] -- Up-to-date: /home/schni2zle/colcon_ws/src/install/sam_msgs/include/sam_msgs/sam_msgs/msg/uavcan_node_status_named.hpp
[7.656s] -- Up-to-date: /home/schni2zle/colcon_ws/src/install/sam_msgs/include/sam_msgs/sam_msgs/msg/uavcan_node_status_named_array.hpp
[7.656s] -- Up-to-date: /home/schni2zle/colcon_ws/src/install/sam_msgs/include/sam_msgs/sam_msgs/msg/circuit_status_stamped.hpp
[7.656s] -- Up-to-date: /home/schni2zle/colcon_ws/src/install/sam_msgs/include/sam_msgs/sam_msgs/msg/ctp.hpp
[7.656s] -- Up-to-date: /home/schni2zle/colcon_ws/src/install/sam_msgs/include/sam_msgs/sam_msgs/msg/topics.hpp
[7.657s] -- Up-to-date: /home/schni2zle/colcon_ws/src/install/sam_msgs/include/sam_msgs/sam_msgs/msg/light_command.hpp
[7.657s] -- Up-to-date: /home/schni2zle/colcon_ws/src/install/sam_msgs/include/sam_msgs/sam_msgs/msg/links.hpp
[7.657s] -- Up-to-date: /home/schni2zle/colcon_ws/src/install/sam_msgs/include/sam_msgs/sam_msgs/srv
[7.657s] -- Up-to-date: /home/schni2zle/colcon_ws/src/install/sam_msgs/include/sam_msgs/sam_msgs/srv/uavcan_update_battery.hpp
[7.658s] -- Up-to-date: /home/schni2zle/colcon_ws/src/install/sam_msgs/include/sam_msgs/sam_msgs/srv/detail
[7.658s] -- Up-to-date: /home/schni2zle/colcon_ws/src/install/sam_msgs/include/sam_msgs/sam_msgs/srv/detail/uavcan_update_battery__builder.hpp
[7.658s] -- Up-to-date: /home/schni2zle/colcon_ws/src/install/sam_msgs/include/sam_msgs/sam_msgs/srv/detail/uavcan_update_battery__struct.hpp
[7.658s] -- Up-to-date: /home/schni2zle/colcon_ws/src/install/sam_msgs/include/sam_msgs/sam_msgs/srv/detail/uavcan_update_battery__traits.hpp
[7.658s] -- Up-to-date: /home/schni2zle/colcon_ws/src/install/sam_msgs/include/sam_msgs/sam_msgs
[7.659s] -- Up-to-date: /home/schni2zle/colcon_ws/src/install/sam_msgs/include/sam_msgs/sam_msgs/msg
[7.659s] -- Up-to-date: /home/schni2zle/colcon_ws/src/install/sam_msgs/include/sam_msgs/sam_msgs/msg/rosidl_typesupport_fastrtps_cpp__visibility_control.h
[7.659s] -- Up-to-date: /home/schni2zle/colcon_ws/src/install/sam_msgs/include/sam_msgs/sam_msgs/msg/detail
[7.659s] -- Up-to-date: /home/schni2zle/colcon_ws/src/install/sam_msgs/include/sam_msgs/sam_msgs/msg/detail/light_command_array__rosidl_typesupport_fastrtps_cpp.hpp
[7.659s] -- Up-to-date: /home/schni2zle/colcon_ws/src/install/sam_msgs/include/sam_msgs/sam_msgs/msg/detail/light_command__rosidl_typesupport_fastrtps_cpp.hpp
[7.660s] -- Up-to-date: /home/schni2zle/colcon_ws/src/install/sam_msgs/include/sam_msgs/sam_msgs/msg/detail/circuit_status__rosidl_typesupport_fastrtps_cpp.hpp
[7.660s] -- Up-to-date: /home/schni2zle/colcon_ws/src/install/sam_msgs/include/sam_msgs/sam_msgs/msg/detail/topics__rosidl_typesupport_fastrtps_cpp.hpp
[7.660s] -- Up-to-date: /home/schni2zle/colcon_ws/src/install/sam_msgs/include/sam_msgs/sam_msgs/msg/detail/uavcan_node_status__rosidl_typesupport_fastrtps_cpp.hpp
[7.660s] -- Up-to-date: /home/schni2zle/colcon_ws/src/install/sam_msgs/include/sam_msgs/sam_msgs/msg/detail/consumed_charge_feedback__rosidl_typesupport_fastrtps_cpp.hpp
[7.660s] -- Up-to-date: /home/schni2zle/colcon_ws/src/install/sam_msgs/include/sam_msgs/sam_msgs/msg/detail/command__rosidl_typesupport_fastrtps_cpp.hpp
[7.661s] -- Up-to-date: /home/schni2zle/colcon_ws/src/install/sam_msgs/include/sam_msgs/sam_msgs/msg/detail/uavcan_node_status_named_array__rosidl_typesupport_fastrtps_cpp.hpp
[7.661s] -- Up-to-date: /home/schni2zle/colcon_ws/src/install/sam_msgs/include/sam_msgs/sam_msgs/msg/detail/ctp__rosidl_typesupport_fastrtps_cpp.hpp
[7.661s] -- Up-to-date: /home/schni2zle/colcon_ws/src/install/sam_msgs/include/sam_msgs/sam_msgs/msg/detail/consumed_charge__rosidl_typesupport_fastrtps_cpp.hpp
[7.661s] -- Up-to-date: /home/schni2zle/colcon_ws/src/install/sam_msgs/include/sam_msgs/sam_msgs/msg/detail/thruster_rp_ms__rosidl_typesupport_fastrtps_cpp.hpp
[7.661s] -- Up-to-date: /home/schni2zle/colcon_ws/src/install/sam_msgs/include/sam_msgs/sam_msgs/msg/detail/thruster_angles__rosidl_typesupport_fastrtps_cpp.hpp
[7.662s] -- Up-to-date: /home/schni2zle/colcon_ws/src/install/sam_msgs/include/sam_msgs/sam_msgs/msg/detail/links__rosidl_typesupport_fastrtps_cpp.hpp
[7.662s] -- Up-to-date: /home/schni2zle/colcon_ws/src/install/sam_msgs/include/sam_msgs/sam_msgs/msg/detail/consumed_charge_array__rosidl_typesupport_fastrtps_cpp.hpp
[7.662s] -- Up-to-date: /home/schni2zle/colcon_ws/src/install/sam_msgs/include/sam_msgs/sam_msgs/msg/detail/dds_fastrtps
[7.662s] -- Up-to-date: /home/schni2zle/colcon_ws/src/install/sam_msgs/include/sam_msgs/sam_msgs/msg/detail/circuit_status_stamped__rosidl_typesupport_fastrtps_cpp.hpp
[7.662s] -- Up-to-date: /home/schni2zle/colcon_ws/src/install/sam_msgs/include/sam_msgs/sam_msgs/msg/detail/percent_stamped__rosidl_typesupport_fastrtps_cpp.hpp
[7.663s] -- Up-to-date: /home/schni2zle/colcon_ws/src/install/sam_msgs/include/sam_msgs/sam_msgs/msg/detail/array_command__rosidl_typesupport_fastrtps_cpp.hpp
[7.663s] -- Up-to-date: /home/schni2zle/colcon_ws/src/install/sam_msgs/include/sam_msgs/sam_msgs/msg/detail/uavcan_node_status_named__rosidl_typesupport_fastrtps_cpp.hpp
[7.663s] -- Up-to-date: /home/schni2zle/colcon_ws/src/install/sam_msgs/include/sam_msgs/sam_msgs/msg/detail/leak__rosidl_typesupport_fastrtps_cpp.hpp
[7.664s] -- Up-to-date: /home/schni2zle/colcon_ws/src/install/sam_msgs/include/sam_msgs/sam_msgs/msg/detail/circuit_status_stamped_array__rosidl_typesupport_fastrtps_cpp.hpp
[7.664s] -- Up-to-date: /home/schni2zle/colcon_ws/src/install/sam_msgs/include/sam_msgs/sam_msgs/msg/detail/ballast_angles__rosidl_typesupport_fastrtps_cpp.hpp
[7.665s] -- Up-to-date: /home/schni2zle/colcon_ws/src/install/sam_msgs/include/sam_msgs/sam_msgs/srv
[7.665s] -- Up-to-date: /home/schni2zle/colcon_ws/src/install/sam_msgs/include/sam_msgs/sam_msgs/srv/detail
[7.665s] -- Up-to-date: /home/schni2zle/colcon_ws/src/install/sam_msgs/include/sam_msgs/sam_msgs/srv/detail/dds_fastrtps
[7.666s] -- Up-to-date: /home/schni2zle/colcon_ws/src/install/sam_msgs/include/sam_msgs/sam_msgs/srv/detail/uavcan_update_battery__rosidl_typesupport_fastrtps_cpp.hpp
[7.666s] -- Up-to-date: /home/schni2zle/colcon_ws/src/install/sam_msgs/lib/libsam_msgs__rosidl_typesupport_fastrtps_cpp.so
[7.666s] -- Up-to-date: /home/schni2zle/colcon_ws/src/install/sam_msgs/include/sam_msgs/sam_msgs
[7.666s] -- Up-to-date: /home/schni2zle/colcon_ws/src/install/sam_msgs/include/sam_msgs/sam_msgs/msg
[7.687s] -- Up-to-date: /home/schni2zle/colcon_ws/src/install/sam_msgs/include/sam_msgs/sam_msgs/msg/detail
[7.687s] -- Up-to-date: /home/schni2zle/colcon_ws/src/install/sam_msgs/include/sam_msgs/sam_msgs/msg/detail/thruster_angles__rosidl_typesupport_introspection_cpp.hpp
[7.688s] -- Up-to-date: /home/schni2zle/colcon_ws/src/install/sam_msgs/include/sam_msgs/sam_msgs/msg/detail/ballast_angles__type_support.cpp
[7.688s] -- Up-to-date: /home/schni2zle/colcon_ws/src/install/sam_msgs/include/sam_msgs/sam_msgs/msg/detail/thruster_rp_ms__type_support.cpp
[7.688s] -- Up-to-date: /home/schni2zle/colcon_ws/src/install/sam_msgs/include/sam_msgs/sam_msgs/msg/detail/circuit_status_stamped_array__rosidl_typesupport_introspection_cpp.hpp
[7.688s] -- Up-to-date: /home/schni2zle/colcon_ws/src/install/sam_msgs/include/sam_msgs/sam_msgs/msg/detail/links__type_support.cpp
[7.688s] -- Up-to-date: /home/schni2zle/colcon_ws/src/install/sam_msgs/include/sam_msgs/sam_msgs/msg/detail/light_command__type_support.cpp
[7.689s] -- Up-to-date: /home/schni2zle/colcon_ws/src/install/sam_msgs/include/sam_msgs/sam_msgs/msg/detail/circuit_status__type_support.cpp
[7.689s] -- Up-to-date: /home/schni2zle/colcon_ws/src/install/sam_msgs/include/sam_msgs/sam_msgs/msg/detail/circuit_status_stamped__rosidl_typesupport_introspection_cpp.hpp
[7.689s] -- Up-to-date: /home/schni2zle/colcon_ws/src/install/sam_msgs/include/sam_msgs/sam_msgs/msg/detail/topics__type_support.cpp
[7.689s] -- Up-to-date: /home/schni2zle/colcon_ws/src/install/sam_msgs/include/sam_msgs/sam_msgs/msg/detail/consumed_charge_feedback__rosidl_typesupport_introspection_cpp.hpp
[7.689s] -- Up-to-date: /home/schni2zle/colcon_ws/src/install/sam_msgs/include/sam_msgs/sam_msgs/msg/detail/consumed_charge_array__type_support.cpp
[7.690s] -- Up-to-date: /home/schni2zle/colcon_ws/src/install/sam_msgs/include/sam_msgs/sam_msgs/msg/detail/uavcan_node_status_named_array__rosidl_typesupport_introspection_cpp.hpp
[7.690s] -- Up-to-date: /home/schni2zle/colcon_ws/src/install/sam_msgs/include/sam_msgs/sam_msgs/msg/detail/command__rosidl_typesupport_introspection_cpp.hpp
[7.690s] -- Up-to-date: /home/schni2zle/colcon_ws/src/install/sam_msgs/include/sam_msgs/sam_msgs/msg/detail/consumed_charge__type_support.cpp
[7.690s] -- Up-to-date: /home/schni2zle/colcon_ws/src/install/sam_msgs/include/sam_msgs/sam_msgs/msg/detail/links__rosidl_typesupport_introspection_cpp.hpp
[7.691s] -- Up-to-date: /home/schni2zle/colcon_ws/src/install/sam_msgs/include/sam_msgs/sam_msgs/msg/detail/circuit_status__rosidl_typesupport_introspection_cpp.hpp
[7.691s] -- Up-to-date: /home/schni2zle/colcon_ws/src/install/sam_msgs/include/sam_msgs/sam_msgs/msg/detail/percent_stamped__type_support.cpp
[7.691s] -- Up-to-date: /home/schni2zle/colcon_ws/src/install/sam_msgs/include/sam_msgs/sam_msgs/msg/detail/circuit_status_stamped_array__type_support.cpp
[7.691s] -- Up-to-date: /home/schni2zle/colcon_ws/src/install/sam_msgs/include/sam_msgs/sam_msgs/msg/detail/light_command_array__type_support.cpp
[7.691s] -- Up-to-date: /home/schni2zle/colcon_ws/src/install/sam_msgs/include/sam_msgs/sam_msgs/msg/detail/ballast_angles__rosidl_typesupport_introspection_cpp.hpp
[7.692s] -- Up-to-date: /home/schni2zle/colcon_ws/src/install/sam_msgs/include/sam_msgs/sam_msgs/msg/detail/consumed_charge__rosidl_typesupport_introspection_cpp.hpp
[7.692s] -- Up-to-date: /home/schni2zle/colcon_ws/src/install/sam_msgs/include/sam_msgs/sam_msgs/msg/detail/ctp__type_support.cpp
[7.692s] -- Up-to-date: /home/schni2zle/colcon_ws/src/install/sam_msgs/include/sam_msgs/sam_msgs/msg/detail/consumed_charge_array__rosidl_typesupport_introspection_cpp.hpp
[7.692s] -- Up-to-date: /home/schni2zle/colcon_ws/src/install/sam_msgs/include/sam_msgs/sam_msgs/msg/detail/light_command__rosidl_typesupport_introspection_cpp.hpp
[7.693s] -- Up-to-date: /home/schni2zle/colcon_ws/src/install/sam_msgs/include/sam_msgs/sam_msgs/msg/detail/uavcan_node_status__rosidl_typesupport_introspection_cpp.hpp
[7.693s] -- Up-to-date: /home/schni2zle/colcon_ws/src/install/sam_msgs/include/sam_msgs/sam_msgs/msg/detail/command__type_support.cpp
[7.694s] -- Up-to-date: /home/schni2zle/colcon_ws/src/install/sam_msgs/include/sam_msgs/sam_msgs/msg/detail/uavcan_node_status_named__rosidl_typesupport_introspection_cpp.hpp
[7.694s] -- Up-to-date: /home/schni2zle/colcon_ws/src/install/sam_msgs/include/sam_msgs/sam_msgs/msg/detail/thruster_angles__type_support.cpp
[7.694s] -- Up-to-date: /home/schni2zle/colcon_ws/src/install/sam_msgs/include/sam_msgs/sam_msgs/msg/detail/leak__rosidl_typesupport_introspection_cpp.hpp
[7.694s] -- Up-to-date: /home/schni2zle/colcon_ws/src/install/sam_msgs/include/sam_msgs/sam_msgs/msg/detail/circuit_status_stamped__type_support.cpp
[7.694s] -- Up-to-date: /home/schni2zle/colcon_ws/src/install/sam_msgs/include/sam_msgs/sam_msgs/msg/detail/array_command__rosidl_typesupport_introspection_cpp.hpp
[7.695s] -- Up-to-date: /home/schni2zle/colcon_ws/src/install/sam_msgs/include/sam_msgs/sam_msgs/msg/detail/uavcan_node_status_named_array__type_support.cpp
[7.695s] -- Up-to-date: /home/schni2zle/colcon_ws/src/install/sam_msgs/include/sam_msgs/sam_msgs/msg/detail/consumed_charge_feedback__type_support.cpp
[7.695s] -- Up-to-date: /home/schni2zle/colcon_ws/src/install/sam_msgs/include/sam_msgs/sam_msgs/msg/detail/ctp__rosidl_typesupport_introspection_cpp.hpp
[7.695s] -- Up-to-date: /home/schni2zle/colcon_ws/src/install/sam_msgs/include/sam_msgs/sam_msgs/msg/detail/uavcan_node_status_named__type_support.cpp
[7.696s] -- Up-to-date: /home/schni2zle/colcon_ws/src/install/sam_msgs/include/sam_msgs/sam_msgs/msg/detail/topics__rosidl_typesupport_introspection_cpp.hpp
[7.696s] -- Up-to-date: /home/schni2zle/colcon_ws/src/install/sam_msgs/include/sam_msgs/sam_msgs/msg/detail/percent_stamped__rosidl_typesupport_introspection_cpp.hpp
[7.696s] -- Up-to-date: /home/schni2zle/colcon_ws/src/install/sam_msgs/include/sam_msgs/sam_msgs/msg/detail/array_command__type_support.cpp
[7.696s] -- Up-to-date: /home/schni2zle/colcon_ws/src/install/sam_msgs/include/sam_msgs/sam_msgs/msg/detail/leak__type_support.cpp
[7.696s] -- Up-to-date: /home/schni2zle/colcon_ws/src/install/sam_msgs/include/sam_msgs/sam_msgs/msg/detail/light_command_array__rosidl_typesupport_introspection_cpp.hpp
[7.697s] -- Up-to-date: /home/schni2zle/colcon_ws/src/install/sam_msgs/include/sam_msgs/sam_msgs/msg/detail/thruster_rp_ms__rosidl_typesupport_introspection_cpp.hpp
[7.697s] -- Up-to-date: /home/schni2zle/colcon_ws/src/install/sam_msgs/include/sam_msgs/sam_msgs/msg/detail/uavcan_node_status__type_support.cpp
[7.697s] -- Up-to-date: /home/schni2zle/colcon_ws/src/install/sam_msgs/include/sam_msgs/sam_msgs/srv
[7.697s] -- Up-to-date: /home/schni2zle/colcon_ws/src/install/sam_msgs/include/sam_msgs/sam_msgs/srv/detail
[7.697s] -- Up-to-date: /home/schni2zle/colcon_ws/src/install/sam_msgs/include/sam_msgs/sam_msgs/srv/detail/uavcan_update_battery__rosidl_typesupport_introspection_cpp.hpp
[7.698s] -- Up-to-date: /home/schni2zle/colcon_ws/src/install/sam_msgs/include/sam_msgs/sam_msgs/srv/detail/uavcan_update_battery__type_support.cpp
[7.701s] -- Up-to-date: /home/schni2zle/colcon_ws/src/install/sam_msgs/lib/libsam_msgs__rosidl_typesupport_introspection_cpp.so
[7.701s] -- Up-to-date: /home/schni2zle/colcon_ws/src/install/sam_msgs/lib/libsam_msgs__rosidl_typesupport_cpp.so
[7.701s] -- Up-to-date: /home/schni2zle/colcon_ws/src/install/sam_msgs/share/sam_msgs/environment/pythonpath.sh
[7.711s] -- Up-to-date: /home/schni2zle/colcon_ws/src/install/sam_msgs/share/sam_msgs/environment/pythonpath.dsv
[7.711s] -- Up-to-date: /home/schni2zle/colcon_ws/src/install/sam_msgs/local/lib/python3.10/dist-packages/sam_msgs-0.1.0-py3.10.egg-info
[7.722s] -- Installing: /home/schni2zle/colcon_ws/src/install/sam_msgs/local/lib/python3.10/dist-packages/sam_msgs-0.1.0-py3.10.egg-info/PKG-INFO
[7.725s] -- Installing: /home/schni2zle/colcon_ws/src/install/sam_msgs/local/lib/python3.10/dist-packages/sam_msgs-0.1.0-py3.10.egg-info/SOURCES.txt
[7.725s] -- Installing: /home/schni2zle/colcon_ws/src/install/sam_msgs/local/lib/python3.10/dist-packages/sam_msgs-0.1.0-py3.10.egg-info/top_level.txt
[7.725s] -- Installing: /home/schni2zle/colcon_ws/src/install/sam_msgs/local/lib/python3.10/dist-packages/sam_msgs-0.1.0-py3.10.egg-info/dependency_links.txt
[7.725s] -- Up-to-date: /home/schni2zle/colcon_ws/src/install/sam_msgs/local/lib/python3.10/dist-packages/sam_msgs
[7.726s] -- Up-to-date: /home/schni2zle/colcon_ws/src/install/sam_msgs/local/lib/python3.10/dist-packages/sam_msgs/libsam_msgs__rosidl_generator_py.so
[7.726s] -- Up-to-date: /home/schni2zle/colcon_ws/src/install/sam_msgs/local/lib/python3.10/dist-packages/sam_msgs/msg
[7.726s] -- Up-to-date: /home/schni2zle/colcon_ws/src/install/sam_msgs/local/lib/python3.10/dist-packages/sam_msgs/msg/_command.py
[7.726s] -- Up-to-date: /home/schni2zle/colcon_ws/src/install/sam_msgs/local/lib/python3.10/dist-packages/sam_msgs/msg/_leak.py
[7.728s] -- Up-to-date: /home/schni2zle/colcon_ws/src/install/sam_msgs/local/lib/python3.10/dist-packages/sam_msgs/msg/_consumed_charge_s.c
[7.750s] -- Up-to-date: /home/schni2zle/colcon_ws/src/install/sam_msgs/local/lib/python3.10/dist-packages/sam_msgs/msg/_uavcan_node_status_named_array_s.c
[7.750s] -- Up-to-date: /home/schni2zle/colcon_ws/src/install/sam_msgs/local/lib/python3.10/dist-packages/sam_msgs/msg/_circuit_status_s.c
[7.750s] -- Up-to-date: /home/schni2zle/colcon_ws/src/install/sam_msgs/local/lib/python3.10/dist-packages/sam_msgs/msg/_array_command.py
[7.750s] -- Up-to-date: /home/schni2zle/colcon_ws/src/install/sam_msgs/local/lib/python3.10/dist-packages/sam_msgs/msg/_circuit_status_stamped_array.py
[7.751s] -- Up-to-date: /home/schni2zle/colcon_ws/src/install/sam_msgs/local/lib/python3.10/dist-packages/sam_msgs/msg/_consumed_charge_array.py
[7.751s] -- Up-to-date: /home/schni2zle/colcon_ws/src/install/sam_msgs/local/lib/python3.10/dist-packages/sam_msgs/msg/_ballast_angles_s.c
[7.751s] -- Up-to-date: /home/schni2zle/colcon_ws/src/install/sam_msgs/local/lib/python3.10/dist-packages/sam_msgs/msg/_consumed_charge.py
[7.751s] -- Up-to-date: /home/schni2zle/colcon_ws/src/install/sam_msgs/local/lib/python3.10/dist-packages/sam_msgs/msg/_circuit_status.py
[7.751s] -- Up-to-date: /home/schni2zle/colcon_ws/src/install/sam_msgs/local/lib/python3.10/dist-packages/sam_msgs/msg/_thruster_rp_ms.py
[7.752s] -- Up-to-date: /home/schni2zle/colcon_ws/src/install/sam_msgs/local/lib/python3.10/dist-packages/sam_msgs/msg/_circuit_status_stamped_array_s.c
[7.756s] -- Up-to-date: /home/schni2zle/colcon_ws/src/install/sam_msgs/local/lib/python3.10/dist-packages/sam_msgs/msg/_topics_s.c
[7.756s] -- Up-to-date: /home/schni2zle/colcon_ws/src/install/sam_msgs/local/lib/python3.10/dist-packages/sam_msgs/msg/_consumed_charge_feedback.py
[7.757s] -- Up-to-date: /home/schni2zle/colcon_ws/src/install/sam_msgs/local/lib/python3.10/dist-packages/sam_msgs/msg/_uavcan_node_status_s.c
[7.757s] -- Up-to-date: /home/schni2zle/colcon_ws/src/install/sam_msgs/local/lib/python3.10/dist-packages/sam_msgs/msg/_uavcan_node_status.py
[7.757s] -- Up-to-date: /home/schni2zle/colcon_ws/src/install/sam_msgs/local/lib/python3.10/dist-packages/sam_msgs/msg/_links_s.c
[7.757s] -- Up-to-date: /home/schni2zle/colcon_ws/src/install/sam_msgs/local/lib/python3.10/dist-packages/sam_msgs/msg/_light_command_array.py
[7.758s] -- Up-to-date: /home/schni2zle/colcon_ws/src/install/sam_msgs/local/lib/python3.10/dist-packages/sam_msgs/msg/_circuit_status_stamped_s.c
[7.758s] -- Up-to-date: /home/schni2zle/colcon_ws/src/install/sam_msgs/local/lib/python3.10/dist-packages/sam_msgs/msg/_percent_stamped_s.c
[7.758s] -- Up-to-date: /home/schni2zle/colcon_ws/src/install/sam_msgs/local/lib/python3.10/dist-packages/sam_msgs/msg/_leak_s.c
[7.758s] -- Up-to-date: /home/schni2zle/colcon_ws/src/install/sam_msgs/local/lib/python3.10/dist-packages/sam_msgs/msg/_ctp_s.c
[7.758s] -- Up-to-date: /home/schni2zle/colcon_ws/src/install/sam_msgs/local/lib/python3.10/dist-packages/sam_msgs/msg/_light_command_s.c
[7.759s] -- Up-to-date: /home/schni2zle/colcon_ws/src/install/sam_msgs/local/lib/python3.10/dist-packages/sam_msgs/msg/_consumed_charge_feedback_s.c
[7.759s] -- Up-to-date: /home/schni2zle/colcon_ws/src/install/sam_msgs/local/lib/python3.10/dist-packages/sam_msgs/msg/_ballast_angles.py
[7.759s] -- Up-to-date: /home/schni2zle/colcon_ws/src/install/sam_msgs/local/lib/python3.10/dist-packages/sam_msgs/msg/_topics.py
[7.759s] -- Up-to-date: /home/schni2zle/colcon_ws/src/install/sam_msgs/local/lib/python3.10/dist-packages/sam_msgs/msg/_thruster_angles_s.c
[7.760s] -- Up-to-date: /home/schni2zle/colcon_ws/src/install/sam_msgs/local/lib/python3.10/dist-packages/sam_msgs/msg/_consumed_charge_array_s.c
[7.763s] -- Up-to-date: /home/schni2zle/colcon_ws/src/install/sam_msgs/local/lib/python3.10/dist-packages/sam_msgs/msg/__init__.py
[7.763s] -- Up-to-date: /home/schni2zle/colcon_ws/src/install/sam_msgs/local/lib/python3.10/dist-packages/sam_msgs/msg/_thruster_angles.py
[7.763s] -- Up-to-date: /home/schni2zle/colcon_ws/src/install/sam_msgs/local/lib/python3.10/dist-packages/sam_msgs/msg/_circuit_status_stamped.py
[7.764s] -- Up-to-date: /home/schni2zle/colcon_ws/src/install/sam_msgs/local/lib/python3.10/dist-packages/sam_msgs/msg/_command_s.c
[7.764s] -- Up-to-date: /home/schni2zle/colcon_ws/src/install/sam_msgs/local/lib/python3.10/dist-packages/sam_msgs/msg/_light_command.py
[7.764s] -- Up-to-date: /home/schni2zle/colcon_ws/src/install/sam_msgs/local/lib/python3.10/dist-packages/sam_msgs/msg/_uavcan_node_status_named_array.py
[7.764s] -- Up-to-date: /home/schni2zle/colcon_ws/src/install/sam_msgs/local/lib/python3.10/dist-packages/sam_msgs/msg/_uavcan_node_status_named_s.c
[7.764s] -- Up-to-date: /home/schni2zle/colcon_ws/src/install/sam_msgs/local/lib/python3.10/dist-packages/sam_msgs/msg/_light_command_array_s.c
[7.765s] -- Up-to-date: /home/schni2zle/colcon_ws/src/install/sam_msgs/local/lib/python3.10/dist-packages/sam_msgs/msg/_thruster_rp_ms_s.c
[7.765s] -- Up-to-date: /home/schni2zle/colcon_ws/src/install/sam_msgs/local/lib/python3.10/dist-packages/sam_msgs/msg/_uavcan_node_status_named.py
[7.765s] -- Up-to-date: /home/schni2zle/colcon_ws/src/install/sam_msgs/local/lib/python3.10/dist-packages/sam_msgs/msg/_array_command_s.c
[7.765s] -- Up-to-date: /home/schni2zle/colcon_ws/src/install/sam_msgs/local/lib/python3.10/dist-packages/sam_msgs/msg/_links.py
[7.766s] -- Up-to-date: /home/schni2zle/colcon_ws/src/install/sam_msgs/local/lib/python3.10/dist-packages/sam_msgs/msg/_ctp.py
[7.766s] -- Up-to-date: /home/schni2zle/colcon_ws/src/install/sam_msgs/local/lib/python3.10/dist-packages/sam_msgs/msg/_percent_stamped.py
[7.766s] -- Up-to-date: /home/schni2zle/colcon_ws/src/install/sam_msgs/local/lib/python3.10/dist-packages/sam_msgs/_sam_msgs_s.ep.rosidl_typesupport_fastrtps_c.c
[7.766s] -- Up-to-date: /home/schni2zle/colcon_ws/src/install/sam_msgs/local/lib/python3.10/dist-packages/sam_msgs/srv
[7.773s] -- Up-to-date: /home/schni2zle/colcon_ws/src/install/sam_msgs/local/lib/python3.10/dist-packages/sam_msgs/srv/__init__.py
[7.773s] -- Up-to-date: /home/schni2zle/colcon_ws/src/install/sam_msgs/local/lib/python3.10/dist-packages/sam_msgs/srv/_uavcan_update_battery.py
[7.774s] -- Up-to-date: /home/schni2zle/colcon_ws/src/install/sam_msgs/local/lib/python3.10/dist-packages/sam_msgs/srv/_uavcan_update_battery_s.c
[7.774s] -- Up-to-date: /home/schni2zle/colcon_ws/src/install/sam_msgs/local/lib/python3.10/dist-packages/sam_msgs/_sam_msgs_s.ep.rosidl_typesupport_introspection_c.c
[7.775s] -- Up-to-date: /home/schni2zle/colcon_ws/src/install/sam_msgs/local/lib/python3.10/dist-packages/sam_msgs/_sam_msgs_s.ep.rosidl_typesupport_c.c
[7.775s] -- Up-to-date: /home/schni2zle/colcon_ws/src/install/sam_msgs/local/lib/python3.10/dist-packages/sam_msgs/__init__.py
[7.776s] -- Up-to-date: /home/schni2zle/colcon_ws/src/install/sam_msgs/local/lib/python3.10/dist-packages/sam_msgs/sam_msgs_s__rosidl_typesupport_c.cpython-310-x86_64-linux-gnu.so
[7.777s] -- Up-to-date: /home/schni2zle/colcon_ws/src/install/sam_msgs/local/lib/python3.10/dist-packages/sam_msgs/sam_msgs_s__rosidl_typesupport_introspection_c.cpython-310-x86_64-linux-gnu.so
[7.778s] -- Up-to-date: /home/schni2zle/colcon_ws/src/install/sam_msgs/local/lib/python3.10/dist-packages/sam_msgs/sam_msgs_s__rosidl_typesupport_fastrtps_c.cpython-310-x86_64-linux-gnu.so
[7.818s] Listing '/home/schni2zle/colcon_ws/src/install/sam_msgs/local/lib/python3.10/dist-packages/sam_msgs'...
[7.818s] Listing '/home/schni2zle/colcon_ws/src/install/sam_msgs/local/lib/python3.10/dist-packages/sam_msgs/msg'...
[7.821s] Listing '/home/schni2zle/colcon_ws/src/install/sam_msgs/local/lib/python3.10/dist-packages/sam_msgs/srv'...
[7.822s] -- Up-to-date: /home/schni2zle/colcon_ws/src/install/sam_msgs/local/lib/python3.10/dist-packages/sam_msgs/sam_msgs_s__rosidl_typesupport_fastrtps_c.cpython-310-x86_64-linux-gnu.so
[7.823s] -- Up-to-date: /home/schni2zle/colcon_ws/src/install/sam_msgs/local/lib/python3.10/dist-packages/sam_msgs/sam_msgs_s__rosidl_typesupport_introspection_c.cpython-310-x86_64-linux-gnu.so
[7.823s] -- Up-to-date: /home/schni2zle/colcon_ws/src/install/sam_msgs/local/lib/python3.10/dist-packages/sam_msgs/sam_msgs_s__rosidl_typesupport_c.cpython-310-x86_64-linux-gnu.so
[7.823s] -- Up-to-date: /home/schni2zle/colcon_ws/src/install/sam_msgs/lib/libsam_msgs__rosidl_generator_py.so
[7.823s] -- Up-to-date: /home/schni2zle/colcon_ws/src/install/sam_msgs/share/sam_msgs/msg/ArrayCommand.idl
[7.824s] -- Up-to-date: /home/schni2zle/colcon_ws/src/install/sam_msgs/share/sam_msgs/msg/BallastAngles.idl
[7.824s] -- Up-to-date: /home/schni2zle/colcon_ws/src/install/sam_msgs/share/sam_msgs/msg/CircuitStatus.idl
[7.826s] -- Up-to-date: /home/schni2zle/colcon_ws/src/install/sam_msgs/share/sam_msgs/msg/CircuitStatusStampedArray.idl
[7.826s] -- Up-to-date: /home/schni2zle/colcon_ws/src/install/sam_msgs/share/sam_msgs/msg/CircuitStatusStamped.idl
[7.826s] -- Up-to-date: /home/schni2zle/colcon_ws/src/install/sam_msgs/share/sam_msgs/msg/Command.idl
[7.827s] -- Up-to-date: /home/schni2zle/colcon_ws/src/install/sam_msgs/share/sam_msgs/msg/ConsumedChargeArray.idl
[7.827s] -- Up-to-date: /home/schni2zle/colcon_ws/src/install/sam_msgs/share/sam_msgs/msg/ConsumedChargeFeedback.idl
[7.827s] -- Up-to-date: /home/schni2zle/colcon_ws/src/install/sam_msgs/share/sam_msgs/msg/ConsumedCharge.idl
[7.827s] -- Up-to-date: /home/schni2zle/colcon_ws/src/install/sam_msgs/share/sam_msgs/msg/CTP.idl
[7.827s] -- Up-to-date: /home/schni2zle/colcon_ws/src/install/sam_msgs/share/sam_msgs/msg/Leak.idl
[7.828s] -- Up-to-date: /home/schni2zle/colcon_ws/src/install/sam_msgs/share/sam_msgs/msg/LightCommandArray.idl
[7.828s] -- Up-to-date: /home/schni2zle/colcon_ws/src/install/sam_msgs/share/sam_msgs/msg/LightCommand.idl
[7.828s] -- Up-to-date: /home/schni2zle/colcon_ws/src/install/sam_msgs/share/sam_msgs/msg/PercentStamped.idl
[7.828s] -- Up-to-date: /home/schni2zle/colcon_ws/src/install/sam_msgs/share/sam_msgs/msg/ThrusterAngles.idl
[7.828s] -- Up-to-date: /home/schni2zle/colcon_ws/src/install/sam_msgs/share/sam_msgs/msg/ThrusterRPMs.idl
[7.829s] -- Up-to-date: /home/schni2zle/colcon_ws/src/install/sam_msgs/share/sam_msgs/msg/UavcanNodeStatus.idl
[7.829s] -- Up-to-date: /home/schni2zle/colcon_ws/src/install/sam_msgs/share/sam_msgs/msg/UavcanNodeStatusNamedArray.idl
[7.829s] -- Up-to-date: /home/schni2zle/colcon_ws/src/install/sam_msgs/share/sam_msgs/msg/UavcanNodeStatusNamed.idl
[7.829s] -- Up-to-date: /home/schni2zle/colcon_ws/src/install/sam_msgs/share/sam_msgs/msg/Topics.idl
[7.829s] -- Up-to-date: /home/schni2zle/colcon_ws/src/install/sam_msgs/share/sam_msgs/msg/Links.idl
[7.830s] -- Up-to-date: /home/schni2zle/colcon_ws/src/install/sam_msgs/share/sam_msgs/srv/UavcanUpdateBattery.idl
[7.830s] -- Up-to-date: /home/schni2zle/colcon_ws/src/install/sam_msgs/share/sam_msgs/msg/ArrayCommand.msg
[7.836s] -- Up-to-date: /home/schni2zle/colcon_ws/src/install/sam_msgs/share/sam_msgs/msg/BallastAngles.msg
[7.843s] -- Up-to-date: /home/schni2zle/colcon_ws/src/install/sam_msgs/share/sam_msgs/msg/CircuitStatus.msg
[7.843s] -- Up-to-date: /home/schni2zle/colcon_ws/src/install/sam_msgs/share/sam_msgs/msg/CircuitStatusStampedArray.msg
[7.844s] -- Up-to-date: /home/schni2zle/colcon_ws/src/install/sam_msgs/share/sam_msgs/msg/CircuitStatusStamped.msg
[7.844s] -- Up-to-date: /home/schni2zle/colcon_ws/src/install/sam_msgs/share/sam_msgs/msg/Command.msg
[7.844s] -- Up-to-date: /home/schni2zle/colcon_ws/src/install/sam_msgs/share/sam_msgs/msg/ConsumedChargeArray.msg
[7.847s] -- Up-to-date: /home/schni2zle/colcon_ws/src/install/sam_msgs/share/sam_msgs/msg/ConsumedChargeFeedback.msg
[7.847s] -- Up-to-date: /home/schni2zle/colcon_ws/src/install/sam_msgs/share/sam_msgs/msg/ConsumedCharge.msg
[7.848s] -- Up-to-date: /home/schni2zle/colcon_ws/src/install/sam_msgs/share/sam_msgs/msg/CTP.msg
[7.848s] -- Up-to-date: /home/schni2zle/colcon_ws/src/install/sam_msgs/share/sam_msgs/msg/Leak.msg
[7.848s] -- Up-to-date: /home/schni2zle/colcon_ws/src/install/sam_msgs/share/sam_msgs/msg/LightCommandArray.msg
[7.848s] -- Up-to-date: /home/schni2zle/colcon_ws/src/install/sam_msgs/share/sam_msgs/msg/LightCommand.msg
[7.851s] -- Up-to-date: /home/schni2zle/colcon_ws/src/install/sam_msgs/share/sam_msgs/msg/PercentStamped.msg
[7.854s] -- Up-to-date: /home/schni2zle/colcon_ws/src/install/sam_msgs/share/sam_msgs/msg/ThrusterAngles.msg
[7.855s] -- Up-to-date: /home/schni2zle/colcon_ws/src/install/sam_msgs/share/sam_msgs/msg/ThrusterRPMs.msg
[7.858s] -- Up-to-date: /home/schni2zle/colcon_ws/src/install/sam_msgs/share/sam_msgs/msg/UavcanNodeStatus.msg
[7.858s] -- Up-to-date: /home/schni2zle/colcon_ws/src/install/sam_msgs/share/sam_msgs/msg/UavcanNodeStatusNamedArray.msg
[7.858s] -- Up-to-date: /home/schni2zle/colcon_ws/src/install/sam_msgs/share/sam_msgs/msg/UavcanNodeStatusNamed.msg
[7.858s] -- Up-to-date: /home/schni2zle/colcon_ws/src/install/sam_msgs/share/sam_msgs/msg/Topics.msg
[7.858s] -- Up-to-date: /home/schni2zle/colcon_ws/src/install/sam_msgs/share/sam_msgs/msg/Links.msg
[7.859s] -- Up-to-date: /home/schni2zle/colcon_ws/src/install/sam_msgs/share/sam_msgs/srv/UavcanUpdateBattery.srv
[7.859s] -- Up-to-date: /home/schni2zle/colcon_ws/src/install/sam_msgs/share/sam_msgs/srv/UavcanUpdateBattery_Request.msg
[7.859s] -- Up-to-date: /home/schni2zle/colcon_ws/src/install/sam_msgs/share/sam_msgs/srv/UavcanUpdateBattery_Response.msg
[7.859s] -- Up-to-date: /home/schni2zle/colcon_ws/src/install/sam_msgs/share/ament_index/resource_index/package_run_dependencies/sam_msgs
[7.859s] -- Up-to-date: /home/schni2zle/colcon_ws/src/install/sam_msgs/share/ament_index/resource_index/parent_prefix_path/sam_msgs
[7.860s] -- Up-to-date: /home/schni2zle/colcon_ws/src/install/sam_msgs/share/sam_msgs/environment/ament_prefix_path.sh
[7.860s] -- Up-to-date: /home/schni2zle/colcon_ws/src/install/sam_msgs/share/sam_msgs/environment/ament_prefix_path.dsv
[7.865s] -- Up-to-date: /home/schni2zle/colcon_ws/src/install/sam_msgs/share/sam_msgs/environment/path.sh
[7.865s] -- Up-to-date: /home/schni2zle/colcon_ws/src/install/sam_msgs/share/sam_msgs/environment/path.dsv
[7.867s] -- Up-to-date: /home/schni2zle/colcon_ws/src/install/sam_msgs/share/sam_msgs/local_setup.bash
[7.868s] -- Up-to-date: /home/schni2zle/colcon_ws/src/install/sam_msgs/share/sam_msgs/local_setup.sh
[7.869s] -- Up-to-date: /home/schni2zle/colcon_ws/src/install/sam_msgs/share/sam_msgs/local_setup.zsh
[7.872s] -- Up-to-date: /home/schni2zle/colcon_ws/src/install/sam_msgs/share/sam_msgs/local_setup.dsv
[7.872s] -- Installing: /home/schni2zle/colcon_ws/src/install/sam_msgs/share/sam_msgs/package.dsv
[7.873s] -- Up-to-date: /home/schni2zle/colcon_ws/src/install/sam_msgs/share/ament_index/resource_index/packages/sam_msgs
[7.874s] -- Up-to-date: /home/schni2zle/colcon_ws/src/install/sam_msgs/share/sam_msgs/cmake/export_sam_msgs__rosidl_generator_cExport.cmake
[7.876s] -- Up-to-date: /home/schni2zle/colcon_ws/src/install/sam_msgs/share/sam_msgs/cmake/export_sam_msgs__rosidl_generator_cExport-noconfig.cmake
[7.876s] -- Up-to-date: /home/schni2zle/colcon_ws/src/install/sam_msgs/share/sam_msgs/cmake/export_sam_msgs__rosidl_typesupport_fastrtps_cExport.cmake
[7.877s] -- Up-to-date: /home/schni2zle/colcon_ws/src/install/sam_msgs/share/sam_msgs/cmake/export_sam_msgs__rosidl_typesupport_fastrtps_cExport-noconfig.cmake
[7.877s] -- Up-to-date: /home/schni2zle/colcon_ws/src/install/sam_msgs/share/sam_msgs/cmake/sam_msgs__rosidl_typesupport_introspection_cExport.cmake
[7.877s] -- Up-to-date: /home/schni2zle/colcon_ws/src/install/sam_msgs/share/sam_msgs/cmake/sam_msgs__rosidl_typesupport_introspection_cExport-noconfig.cmake
[7.877s] -- Up-to-date: /home/schni2zle/colcon_ws/src/install/sam_msgs/share/sam_msgs/cmake/sam_msgs__rosidl_typesupport_cExport.cmake
[7.877s] -- Up-to-date: /home/schni2zle/colcon_ws/src/install/sam_msgs/share/sam_msgs/cmake/sam_msgs__rosidl_typesupport_cExport-noconfig.cmake
[7.878s] -- Up-to-date: /home/schni2zle/colcon_ws/src/install/sam_msgs/share/sam_msgs/cmake/export_sam_msgs__rosidl_generator_cppExport.cmake
[7.878s] -- Up-to-date: /home/schni2zle/colcon_ws/src/install/sam_msgs/share/sam_msgs/cmake/export_sam_msgs__rosidl_typesupport_fastrtps_cppExport.cmake
[7.878s] -- Up-to-date: /home/schni2zle/colcon_ws/src/install/sam_msgs/share/sam_msgs/cmake/export_sam_msgs__rosidl_typesupport_fastrtps_cppExport-noconfig.cmake
[7.878s] -- Up-to-date: /home/schni2zle/colcon_ws/src/install/sam_msgs/share/sam_msgs/cmake/sam_msgs__rosidl_typesupport_introspection_cppExport.cmake
[7.878s] -- Up-to-date: /home/schni2zle/colcon_ws/src/install/sam_msgs/share/sam_msgs/cmake/sam_msgs__rosidl_typesupport_introspection_cppExport-noconfig.cmake
[7.879s] -- Up-to-date: /home/schni2zle/colcon_ws/src/install/sam_msgs/share/sam_msgs/cmake/sam_msgs__rosidl_typesupport_cppExport.cmake
[7.879s] -- Up-to-date: /home/schni2zle/colcon_ws/src/install/sam_msgs/share/sam_msgs/cmake/sam_msgs__rosidl_typesupport_cppExport-noconfig.cmake
[7.883s] -- Up-to-date: /home/schni2zle/colcon_ws/src/install/sam_msgs/share/sam_msgs/cmake/export_sam_msgs__rosidl_generator_pyExport.cmake
[7.883s] -- Up-to-date: /home/schni2zle/colcon_ws/src/install/sam_msgs/share/sam_msgs/cmake/export_sam_msgs__rosidl_generator_pyExport-noconfig.cmake
[7.886s] -- Up-to-date: /home/schni2zle/colcon_ws/src/install/sam_msgs/share/sam_msgs/cmake/rosidl_cmake-extras.cmake
[7.890s] -- Up-to-date: /home/schni2zle/colcon_ws/src/install/sam_msgs/share/sam_msgs/cmake/ament_cmake_export_dependencies-extras.cmake
[7.891s] -- Up-to-date: /home/schni2zle/colcon_ws/src/install/sam_msgs/share/sam_msgs/cmake/ament_cmake_export_include_directories-extras.cmake
[7.893s] -- Up-to-date: /home/schni2zle/colcon_ws/src/install/sam_msgs/share/sam_msgs/cmake/ament_cmake_export_libraries-extras.cmake
[7.894s] -- Up-to-date: /home/schni2zle/colcon_ws/src/install/sam_msgs/share/sam_msgs/cmake/ament_cmake_export_targets-extras.cmake
[7.899s] -- Up-to-date: /home/schni2zle/colcon_ws/src/install/sam_msgs/share/sam_msgs/cmake/rosidl_cmake_export_typesupport_targets-extras.cmake
[7.900s] -- Up-to-date: /home/schni2zle/colcon_ws/src/install/sam_msgs/share/sam_msgs/cmake/rosidl_cmake_export_typesupport_libraries-extras.cmake
[7.901s] -- Up-to-date: /home/schni2zle/colcon_ws/src/install/sam_msgs/share/sam_msgs/cmake/sam_msgsConfig.cmake
[7.901s] -- Up-to-date: /home/schni2zle/colcon_ws/src/install/sam_msgs/share/sam_msgs/cmake/sam_msgsConfig-version.cmake
[7.902s] -- Up-to-date: /home/schni2zle/colcon_ws/src/install/sam_msgs/share/sam_msgs/package.xml
[7.903s] Invoked command in '/home/schni2zle/colcon_ws/src/build/sam_msgs' returned '0': CMAKE_PREFIX_PATH=${CMAKE_PREFIX_PATH}:/home/schni2zle/colcon_ws/src/install/workshopfun:/home/schni2zle/colcon_ws/src/install/utm_latlon_converter:/home/schni2zle/colcon_ws/src/install/test_package:/home/schni2zle/colcon_ws/src/install/state_estimation:/home/schni2zle/colcon_ws/src/install/smarc_nodered:/home/schni2zle/colcon_ws/src/install/smarc_bt:/home/schni2zle/colcon_ws/src/install/smarc_bringups:/home/schni2zle/colcon_ws/src/install/sam_dead_reckoning:/home/schni2zle/colcon_ws/src/install/ros_tcp_endpoint:/home/schni2zle/colcon_ws/src/install/ros2_python_examples:/home/schni2zle/colcon_ws/src/install/quadrotor_basic_controller:/home/schni2zle/colcon_ws/src/install/mqtt_bridge:/home/schni2zle/colcon_ws/src/install/dubins_planner:/home/schni2zle/colcon_ws/src/install/dive_control:/home/schni2zle/colcon_ws/src/install/basic_go_to_waypoint:/home/schni2zle/colcon_ws/src/install/basic_depth_pitch_control:/home/schni2zle/colcon_ws/install/workshopfun:/home/schni2zle/colcon_ws/install/utm_latlon_converter:/home/schni2zle/colcon_ws/install/smarc_nodered:/home/schni2zle/colcon_ws/install/smarc_bt:/home/schni2zle/colcon_ws/install/smarc_bringups:/home/schni2zle/colcon_ws/install/sam_dead_reckoning:/home/schni2zle/colcon_ws/install/ros_tcp_endpoint:/home/schni2zle/colcon_ws/install/ros2_python_examples:/home/schni2zle/colcon_ws/install/mqtt_bridge:/home/schni2zle/colcon_ws/install/dubins_planner:/home/schni2zle/colcon_ws/install/basic_go_to_waypoint:/opt/ros/humble /usr/bin/cmake --install /home/schni2zle/colcon_ws/src/build/sam_msgs
