[4.915s] Invoking command in '/home/schni2zle/colcon_ws/src/state_estimation': PYTHONPATH=/home/schni2zle/colcon_ws/src/build/state_estimation/prefix_override:/usr/lib/python3/dist-packages/colcon_core/task/python/colcon_distutils_commands:/home/schni2zle/colcon_ws/src/install/state_estimation/lib/python3.10/site-packages:${PYTHONPATH} /usr/bin/python3 -W ignore:setup.py install is deprecated setup.py egg_info --egg-base ../build/state_estimation build --build-base /home/schni2zle/colcon_ws/src/build/state_estimation/build install --record /home/schni2zle/colcon_ws/src/build/state_estimation/install.log --single-version-externally-managed install_data
[6.588s] running egg_info
[6.591s] writing ../build/state_estimation/state_estimation.egg-info/PKG-INFO
[6.592s] writing dependency_links to ../build/state_estimation/state_estimation.egg-info/dependency_links.txt
[6.592s] writing entry points to ../build/state_estimation/state_estimation.egg-info/entry_points.txt
[6.593s] writing requirements to ../build/state_estimation/state_estimation.egg-info/requires.txt
[6.593s] writing top-level names to ../build/state_estimation/state_estimation.egg-info/top_level.txt
[6.603s] reading manifest file '../build/state_estimation/state_estimation.egg-info/SOURCES.txt'
[6.604s] adding license file 'LICENSE'
[6.607s] writing manifest file '../build/state_estimation/state_estimation.egg-info/SOURCES.txt'
[6.607s] running build
[6.608s] running build_py
[6.608s] running install
[6.609s] running install_lib
[6.618s] running install_data
[6.619s] copying launch/estimator_detector.launch -> /home/schni2zle/colcon_ws/src/install/state_estimation/share/state_estimation/launch
[6.619s] copying launch/detector_only.launch -> /home/schni2zle/colcon_ws/src/install/state_estimation/share/state_estimation/launch
[6.619s] running install_egg_info
[6.628s] removing '/home/schni2zle/colcon_ws/src/install/state_estimation/lib/python3.10/site-packages/state_estimation-0.0.0-py3.10.egg-info' (and everything under it)
[6.631s] Copying ../build/state_estimation/state_estimation.egg-info to /home/schni2zle/colcon_ws/src/install/state_estimation/lib/python3.10/site-packages/state_estimation-0.0.0-py3.10.egg-info
[6.632s] running install_scripts
[6.725s] Installing detector script to /home/schni2zle/colcon_ws/src/install/state_estimation/lib/state_estimation
[6.726s] Installing estimator script to /home/schni2zle/colcon_ws/src/install/state_estimation/lib/state_estimation
[6.726s] writing list of installed files to '/home/schni2zle/colcon_ws/src/build/state_estimation/install.log'
[6.816s] Invoked command in '/home/schni2zle/colcon_ws/src/state_estimation' returned '0': PYTHONPATH=/home/schni2zle/colcon_ws/src/build/state_estimation/prefix_override:/usr/lib/python3/dist-packages/colcon_core/task/python/colcon_distutils_commands:/home/schni2zle/colcon_ws/src/install/state_estimation/lib/python3.10/site-packages:${PYTHONPATH} /usr/bin/python3 -W ignore:setup.py install is deprecated setup.py egg_info --egg-base ../build/state_estimation build --build-base /home/schni2zle/colcon_ws/src/build/state_estimation/build install --record /home/schni2zle/colcon_ws/src/build/state_estimation/install.log --single-version-externally-managed install_data
