[  0%] Built target sam_msgs__cpp
[ 12%] Built target sam_msgs__rosidl_generator_c
[ 12%] Built target ament_cmake_python_copy_sam_msgs
[ 25%] Built target sam_msgs__rosidl_typesupport_introspection_cpp
[ 37%] Built target sam_msgs__rosidl_typesupport_fastrtps_cpp
[ 49%] Built target sam_msgs__rosidl_typesupport_fastrtps_c
[ 61%] Built target sam_msgs__rosidl_typesupport_cpp
[ 73%] Built target sam_msgs__rosidl_typesupport_c
[ 85%] Built target sam_msgs__rosidl_typesupport_introspection_c
[ 85%] Built target sam_msgs
[ 86%] Built target sam_msgs__py
[ 97%] Built target sam_msgs__rosidl_generator_py
[ 98%] Built target sam_msgs__rosidl_typesupport_fastrtps_c__pyext
[ 99%] Built target sam_msgs__rosidl_typesupport_introspection_c__pyext
[100%] Built target sam_msgs__rosidl_typesupport_c__pyext
running egg_info
writing sam_msgs.egg-info/PKG-INFO
writing dependency_links to sam_msgs.egg-info/dependency_links.txt
writing top-level names to sam_msgs.egg-info/top_level.txt
reading manifest file 'sam_msgs.egg-info/SOURCES.txt'
writing manifest file 'sam_msgs.egg-info/SOURCES.txt'
[100%] Built target ament_cmake_python_build_sam_msgs_egg
-- Install configuration: ""
-- Up-to-date: /home/schni2zle/colcon_ws/src/install/sam_msgs/share/ament_index/resource_index/rosidl_interfaces/sam_msgs
-- Up-to-date: /home/schni2zle/colcon_ws/src/install/sam_msgs/include/sam_msgs/sam_msgs
-- Up-to-date: /home/schni2zle/colcon_ws/src/install/sam_msgs/include/sam_msgs/sam_msgs/msg
-- Up-to-date: /home/schni2zle/colcon_ws/src/install/sam_msgs/include/sam_msgs/sam_msgs/msg/uavcan_node_status.h
-- Up-to-date: /home/schni2zle/colcon_ws/src/install/sam_msgs/include/sam_msgs/sam_msgs/msg/circuit_status_stamped_array.h
-- Up-to-date: /home/schni2zle/colcon_ws/src/install/sam_msgs/include/sam_msgs/sam_msgs/msg/thruster_angles.h
-- Up-to-date: /home/schni2zle/colcon_ws/src/install/sam_msgs/include/sam_msgs/sam_msgs/msg/uavcan_node_status_named.h
-- Up-to-date: /home/schni2zle/colcon_ws/src/install/sam_msgs/include/sam_msgs/sam_msgs/msg/uavcan_node_status_named_array.h
-- Up-to-date: /home/schni2zle/colcon_ws/src/install/sam_msgs/include/sam_msgs/sam_msgs/msg/ctp.h
-- Up-to-date: /home/schni2zle/colcon_ws/src/install/sam_msgs/include/sam_msgs/sam_msgs/msg/light_command.h
-- Up-to-date: /home/schni2zle/colcon_ws/src/install/sam_msgs/include/sam_msgs/sam_msgs/msg/rosidl_generator_c__visibility_control.h
-- Up-to-date: /home/schni2zle/colcon_ws/src/install/sam_msgs/include/sam_msgs/sam_msgs/msg/thruster_rp_ms.h
-- Up-to-date: /home/schni2zle/colcon_ws/src/install/sam_msgs/include/sam_msgs/sam_msgs/msg/links.h
-- Up-to-date: /home/schni2zle/colcon_ws/src/install/sam_msgs/include/sam_msgs/sam_msgs/msg/percent_stamped.h
-- Up-to-date: /home/schni2zle/colcon_ws/src/install/sam_msgs/include/sam_msgs/sam_msgs/msg/consumed_charge_array.h
-- Up-to-date: /home/schni2zle/colcon_ws/src/install/sam_msgs/include/sam_msgs/sam_msgs/msg/leak.h
-- Up-to-date: /home/schni2zle/colcon_ws/src/install/sam_msgs/include/sam_msgs/sam_msgs/msg/detail
-- Up-to-date: /home/schni2zle/colcon_ws/src/install/sam_msgs/include/sam_msgs/sam_msgs/msg/detail/array_command__type_support.h
-- Up-to-date: /home/schni2zle/colcon_ws/src/install/sam_msgs/include/sam_msgs/sam_msgs/msg/detail/light_command__functions.h
-- Up-to-date: /home/schni2zle/colcon_ws/src/install/sam_msgs/include/sam_msgs/sam_msgs/msg/detail/leak__functions.h
-- Up-to-date: /home/schni2zle/colcon_ws/src/install/sam_msgs/include/sam_msgs/sam_msgs/msg/detail/array_command__struct.h
-- Up-to-date: /home/schni2zle/colcon_ws/src/install/sam_msgs/include/sam_msgs/sam_msgs/msg/detail/consumed_charge__type_support.h
-- Up-to-date: /home/schni2zle/colcon_ws/src/install/sam_msgs/include/sam_msgs/sam_msgs/msg/detail/links__functions.c
-- Up-to-date: /home/schni2zle/colcon_ws/src/install/sam_msgs/include/sam_msgs/sam_msgs/msg/detail/circuit_status_stamped_array__functions.c
-- Up-to-date: /home/schni2zle/colcon_ws/src/install/sam_msgs/include/sam_msgs/sam_msgs/msg/detail/uavcan_node_status__type_support.h
-- Up-to-date: /home/schni2zle/colcon_ws/src/install/sam_msgs/include/sam_msgs/sam_msgs/msg/detail/links__struct.h
-- Up-to-date: /home/schni2zle/colcon_ws/src/install/sam_msgs/include/sam_msgs/sam_msgs/msg/detail/leak__functions.c
-- Up-to-date: /home/schni2zle/colcon_ws/src/install/sam_msgs/include/sam_msgs/sam_msgs/msg/detail/uavcan_node_status__functions.c
-- Up-to-date: /home/schni2zle/colcon_ws/src/install/sam_msgs/include/sam_msgs/sam_msgs/msg/detail/uavcan_node_status_named_array__functions.c
-- Up-to-date: /home/schni2zle/colcon_ws/src/install/sam_msgs/include/sam_msgs/sam_msgs/msg/detail/topics__struct.h
-- Up-to-date: /home/schni2zle/colcon_ws/src/install/sam_msgs/include/sam_msgs/sam_msgs/msg/detail/percent_stamped__struct.h
-- Up-to-date: /home/schni2zle/colcon_ws/src/install/sam_msgs/include/sam_msgs/sam_msgs/msg/detail/consumed_charge_array__functions.h
-- Up-to-date: /home/schni2zle/colcon_ws/src/install/sam_msgs/include/sam_msgs/sam_msgs/msg/detail/circuit_status_stamped_array__functions.h
-- Up-to-date: /home/schni2zle/colcon_ws/src/install/sam_msgs/include/sam_msgs/sam_msgs/msg/detail/ctp__functions.c
-- Up-to-date: /home/schni2zle/colcon_ws/src/install/sam_msgs/include/sam_msgs/sam_msgs/msg/detail/percent_stamped__functions.c
-- Up-to-date: /home/schni2zle/colcon_ws/src/install/sam_msgs/include/sam_msgs/sam_msgs/msg/detail/light_command_array__functions.c
-- Up-to-date: /home/schni2zle/colcon_ws/src/install/sam_msgs/include/sam_msgs/sam_msgs/msg/detail/leak__type_support.h
-- Up-to-date: /home/schni2zle/colcon_ws/src/install/sam_msgs/include/sam_msgs/sam_msgs/msg/detail/consumed_charge_array__type_support.h
-- Up-to-date: /home/schni2zle/colcon_ws/src/install/sam_msgs/include/sam_msgs/sam_msgs/msg/detail/light_command__struct.h
-- Up-to-date: /home/schni2zle/colcon_ws/src/install/sam_msgs/include/sam_msgs/sam_msgs/msg/detail/thruster_rp_ms__functions.c
-- Up-to-date: /home/schni2zle/colcon_ws/src/install/sam_msgs/include/sam_msgs/sam_msgs/msg/detail/consumed_charge_array__functions.c
-- Up-to-date: /home/schni2zle/colcon_ws/src/install/sam_msgs/include/sam_msgs/sam_msgs/msg/detail/uavcan_node_status_named_array__functions.h
-- Up-to-date: /home/schni2zle/colcon_ws/src/install/sam_msgs/include/sam_msgs/sam_msgs/msg/detail/thruster_rp_ms__type_support.h
-- Up-to-date: /home/schni2zle/colcon_ws/src/install/sam_msgs/include/sam_msgs/sam_msgs/msg/detail/command__functions.h
-- Up-to-date: /home/schni2zle/colcon_ws/src/install/sam_msgs/include/sam_msgs/sam_msgs/msg/detail/light_command_array__functions.h
-- Up-to-date: /home/schni2zle/colcon_ws/src/install/sam_msgs/include/sam_msgs/sam_msgs/msg/detail/thruster_angles__functions.h
-- Up-to-date: /home/schni2zle/colcon_ws/src/install/sam_msgs/include/sam_msgs/sam_msgs/msg/detail/consumed_charge__struct.h
-- Up-to-date: /home/schni2zle/colcon_ws/src/install/sam_msgs/include/sam_msgs/sam_msgs/msg/detail/circuit_status_stamped__struct.h
-- Up-to-date: /home/schni2zle/colcon_ws/src/install/sam_msgs/include/sam_msgs/sam_msgs/msg/detail/ballast_angles__functions.c
-- Up-to-date: /home/schni2zle/colcon_ws/src/install/sam_msgs/include/sam_msgs/sam_msgs/msg/detail/consumed_charge_feedback__struct.h
-- Up-to-date: /home/schni2zle/colcon_ws/src/install/sam_msgs/include/sam_msgs/sam_msgs/msg/detail/topics__type_support.h
-- Up-to-date: /home/schni2zle/colcon_ws/src/install/sam_msgs/include/sam_msgs/sam_msgs/msg/detail/uavcan_node_status_named_array__type_support.h
-- Up-to-date: /home/schni2zle/colcon_ws/src/install/sam_msgs/include/sam_msgs/sam_msgs/msg/detail/percent_stamped__type_support.h
-- Up-to-date: /home/schni2zle/colcon_ws/src/install/sam_msgs/include/sam_msgs/sam_msgs/msg/detail/uavcan_node_status_named__struct.h
-- Up-to-date: /home/schni2zle/colcon_ws/src/install/sam_msgs/include/sam_msgs/sam_msgs/msg/detail/ctp__struct.h
-- Up-to-date: /home/schni2zle/colcon_ws/src/install/sam_msgs/include/sam_msgs/sam_msgs/msg/detail/light_command__type_support.h
-- Up-to-date: /home/schni2zle/colcon_ws/src/install/sam_msgs/include/sam_msgs/sam_msgs/msg/detail/links__functions.h
-- Up-to-date: /home/schni2zle/colcon_ws/src/install/sam_msgs/include/sam_msgs/sam_msgs/msg/detail/ballast_angles__functions.h
-- Up-to-date: /home/schni2zle/colcon_ws/src/install/sam_msgs/include/sam_msgs/sam_msgs/msg/detail/topics__functions.h
-- Up-to-date: /home/schni2zle/colcon_ws/src/install/sam_msgs/include/sam_msgs/sam_msgs/msg/detail/consumed_charge__functions.h
-- Up-to-date: /home/schni2zle/colcon_ws/src/install/sam_msgs/include/sam_msgs/sam_msgs/msg/detail/percent_stamped__functions.h
-- Up-to-date: /home/schni2zle/colcon_ws/src/install/sam_msgs/include/sam_msgs/sam_msgs/msg/detail/light_command__functions.c
-- Up-to-date: /home/schni2zle/colcon_ws/src/install/sam_msgs/include/sam_msgs/sam_msgs/msg/detail/uavcan_node_status_named__functions.c
-- Up-to-date: /home/schni2zle/colcon_ws/src/install/sam_msgs/include/sam_msgs/sam_msgs/msg/detail/thruster_angles__functions.c
-- Up-to-date: /home/schni2zle/colcon_ws/src/install/sam_msgs/include/sam_msgs/sam_msgs/msg/detail/thruster_angles__struct.h
-- Up-to-date: /home/schni2zle/colcon_ws/src/install/sam_msgs/include/sam_msgs/sam_msgs/msg/detail/circuit_status_stamped__functions.c
-- Up-to-date: /home/schni2zle/colcon_ws/src/install/sam_msgs/include/sam_msgs/sam_msgs/msg/detail/circuit_status_stamped_array__type_support.h
-- Up-to-date: /home/schni2zle/colcon_ws/src/install/sam_msgs/include/sam_msgs/sam_msgs/msg/detail/topics__functions.c
-- Up-to-date: /home/schni2zle/colcon_ws/src/install/sam_msgs/include/sam_msgs/sam_msgs/msg/detail/light_command_array__struct.h
-- Up-to-date: /home/schni2zle/colcon_ws/src/install/sam_msgs/include/sam_msgs/sam_msgs/msg/detail/consumed_charge_feedback__functions.c
-- Up-to-date: /home/schni2zle/colcon_ws/src/install/sam_msgs/include/sam_msgs/sam_msgs/msg/detail/circuit_status_stamped__type_support.h
-- Up-to-date: /home/schni2zle/colcon_ws/src/install/sam_msgs/include/sam_msgs/sam_msgs/msg/detail/circuit_status__functions.h
-- Up-to-date: /home/schni2zle/colcon_ws/src/install/sam_msgs/include/sam_msgs/sam_msgs/msg/detail/array_command__functions.h
-- Up-to-date: /home/schni2zle/colcon_ws/src/install/sam_msgs/include/sam_msgs/sam_msgs/msg/detail/uavcan_node_status_named_array__struct.h
-- Up-to-date: /home/schni2zle/colcon_ws/src/install/sam_msgs/include/sam_msgs/sam_msgs/msg/detail/circuit_status__type_support.h
-- Up-to-date: /home/schni2zle/colcon_ws/src/install/sam_msgs/include/sam_msgs/sam_msgs/msg/detail/consumed_charge_feedback__type_support.h
-- Up-to-date: /home/schni2zle/colcon_ws/src/install/sam_msgs/include/sam_msgs/sam_msgs/msg/detail/thruster_rp_ms__struct.h
-- Up-to-date: /home/schni2zle/colcon_ws/src/install/sam_msgs/include/sam_msgs/sam_msgs/msg/detail/thruster_rp_ms__functions.h
-- Up-to-date: /home/schni2zle/colcon_ws/src/install/sam_msgs/include/sam_msgs/sam_msgs/msg/detail/ctp__functions.h
-- Up-to-date: /home/schni2zle/colcon_ws/src/install/sam_msgs/include/sam_msgs/sam_msgs/msg/detail/uavcan_node_status_named__functions.h
-- Up-to-date: /home/schni2zle/colcon_ws/src/install/sam_msgs/include/sam_msgs/sam_msgs/msg/detail/array_command__functions.c
-- Up-to-date: /home/schni2zle/colcon_ws/src/install/sam_msgs/include/sam_msgs/sam_msgs/msg/detail/circuit_status_stamped__functions.h
-- Up-to-date: /home/schni2zle/colcon_ws/src/install/sam_msgs/include/sam_msgs/sam_msgs/msg/detail/ctp__type_support.h
-- Up-to-date: /home/schni2zle/colcon_ws/src/install/sam_msgs/include/sam_msgs/sam_msgs/msg/detail/ballast_angles__type_support.h
-- Up-to-date: /home/schni2zle/colcon_ws/src/install/sam_msgs/include/sam_msgs/sam_msgs/msg/detail/uavcan_node_status_named__type_support.h
-- Up-to-date: /home/schni2zle/colcon_ws/src/install/sam_msgs/include/sam_msgs/sam_msgs/msg/detail/command__functions.c
-- Up-to-date: /home/schni2zle/colcon_ws/src/install/sam_msgs/include/sam_msgs/sam_msgs/msg/detail/command__struct.h
-- Up-to-date: /home/schni2zle/colcon_ws/src/install/sam_msgs/include/sam_msgs/sam_msgs/msg/detail/consumed_charge_array__struct.h
-- Up-to-date: /home/schni2zle/colcon_ws/src/install/sam_msgs/include/sam_msgs/sam_msgs/msg/detail/circuit_status_stamped_array__struct.h
-- Up-to-date: /home/schni2zle/colcon_ws/src/install/sam_msgs/include/sam_msgs/sam_msgs/msg/detail/consumed_charge_feedback__functions.h
-- Up-to-date: /home/schni2zle/colcon_ws/src/install/sam_msgs/include/sam_msgs/sam_msgs/msg/detail/consumed_charge__functions.c
-- Up-to-date: /home/schni2zle/colcon_ws/src/install/sam_msgs/include/sam_msgs/sam_msgs/msg/detail/thruster_angles__type_support.h
-- Up-to-date: /home/schni2zle/colcon_ws/src/install/sam_msgs/include/sam_msgs/sam_msgs/msg/detail/uavcan_node_status__functions.h
-- Up-to-date: /home/schni2zle/colcon_ws/src/install/sam_msgs/include/sam_msgs/sam_msgs/msg/detail/uavcan_node_status__struct.h
-- Up-to-date: /home/schni2zle/colcon_ws/src/install/sam_msgs/include/sam_msgs/sam_msgs/msg/detail/light_command_array__type_support.h
-- Up-to-date: /home/schni2zle/colcon_ws/src/install/sam_msgs/include/sam_msgs/sam_msgs/msg/detail/circuit_status__struct.h
-- Up-to-date: /home/schni2zle/colcon_ws/src/install/sam_msgs/include/sam_msgs/sam_msgs/msg/detail/ballast_angles__struct.h
-- Up-to-date: /home/schni2zle/colcon_ws/src/install/sam_msgs/include/sam_msgs/sam_msgs/msg/detail/circuit_status__functions.c
-- Up-to-date: /home/schni2zle/colcon_ws/src/install/sam_msgs/include/sam_msgs/sam_msgs/msg/detail/links__type_support.h
-- Up-to-date: /home/schni2zle/colcon_ws/src/install/sam_msgs/include/sam_msgs/sam_msgs/msg/detail/command__type_support.h
-- Up-to-date: /home/schni2zle/colcon_ws/src/install/sam_msgs/include/sam_msgs/sam_msgs/msg/detail/leak__struct.h
-- Up-to-date: /home/schni2zle/colcon_ws/src/install/sam_msgs/include/sam_msgs/sam_msgs/msg/circuit_status.h
-- Up-to-date: /home/schni2zle/colcon_ws/src/install/sam_msgs/include/sam_msgs/sam_msgs/msg/command.h
-- Up-to-date: /home/schni2zle/colcon_ws/src/install/sam_msgs/include/sam_msgs/sam_msgs/msg/consumed_charge_feedback.h
-- Up-to-date: /home/schni2zle/colcon_ws/src/install/sam_msgs/include/sam_msgs/sam_msgs/msg/array_command.h
-- Up-to-date: /home/schni2zle/colcon_ws/src/install/sam_msgs/include/sam_msgs/sam_msgs/msg/light_command_array.h
-- Up-to-date: /home/schni2zle/colcon_ws/src/install/sam_msgs/include/sam_msgs/sam_msgs/msg/ballast_angles.h
-- Up-to-date: /home/schni2zle/colcon_ws/src/install/sam_msgs/include/sam_msgs/sam_msgs/msg/circuit_status_stamped.h
-- Up-to-date: /home/schni2zle/colcon_ws/src/install/sam_msgs/include/sam_msgs/sam_msgs/msg/consumed_charge.h
-- Up-to-date: /home/schni2zle/colcon_ws/src/install/sam_msgs/include/sam_msgs/sam_msgs/msg/topics.h
-- Up-to-date: /home/schni2zle/colcon_ws/src/install/sam_msgs/include/sam_msgs/sam_msgs/srv
-- Up-to-date: /home/schni2zle/colcon_ws/src/install/sam_msgs/include/sam_msgs/sam_msgs/srv/detail
-- Up-to-date: /home/schni2zle/colcon_ws/src/install/sam_msgs/include/sam_msgs/sam_msgs/srv/detail/uavcan_update_battery__type_support.h
-- Up-to-date: /home/schni2zle/colcon_ws/src/install/sam_msgs/include/sam_msgs/sam_msgs/srv/detail/uavcan_update_battery__functions.c
-- Up-to-date: /home/schni2zle/colcon_ws/src/install/sam_msgs/include/sam_msgs/sam_msgs/srv/detail/uavcan_update_battery__struct.h
-- Up-to-date: /home/schni2zle/colcon_ws/src/install/sam_msgs/include/sam_msgs/sam_msgs/srv/detail/uavcan_update_battery__functions.h
-- Up-to-date: /home/schni2zle/colcon_ws/src/install/sam_msgs/include/sam_msgs/sam_msgs/srv/uavcan_update_battery.h
-- Up-to-date: /home/schni2zle/colcon_ws/src/install/sam_msgs/share/sam_msgs/environment/library_path.sh
-- Up-to-date: /home/schni2zle/colcon_ws/src/install/sam_msgs/share/sam_msgs/environment/library_path.dsv
-- Up-to-date: /home/schni2zle/colcon_ws/src/install/sam_msgs/lib/libsam_msgs__rosidl_generator_c.so
-- Up-to-date: /home/schni2zle/colcon_ws/src/install/sam_msgs/include/sam_msgs/sam_msgs
-- Up-to-date: /home/schni2zle/colcon_ws/src/install/sam_msgs/include/sam_msgs/sam_msgs/msg
-- Up-to-date: /home/schni2zle/colcon_ws/src/install/sam_msgs/include/sam_msgs/sam_msgs/msg/rosidl_typesupport_fastrtps_c__visibility_control.h
-- Up-to-date: /home/schni2zle/colcon_ws/src/install/sam_msgs/include/sam_msgs/sam_msgs/msg/detail
-- Up-to-date: /home/schni2zle/colcon_ws/src/install/sam_msgs/include/sam_msgs/sam_msgs/msg/detail/consumed_charge__rosidl_typesupport_fastrtps_c.h
-- Up-to-date: /home/schni2zle/colcon_ws/src/install/sam_msgs/include/sam_msgs/sam_msgs/msg/detail/uavcan_node_status__rosidl_typesupport_fastrtps_c.h
-- Up-to-date: /home/schni2zle/colcon_ws/src/install/sam_msgs/include/sam_msgs/sam_msgs/msg/detail/circuit_status_stamped_array__rosidl_typesupport_fastrtps_c.h
-- Up-to-date: /home/schni2zle/colcon_ws/src/install/sam_msgs/include/sam_msgs/sam_msgs/msg/detail/circuit_status__rosidl_typesupport_fastrtps_c.h
-- Up-to-date: /home/schni2zle/colcon_ws/src/install/sam_msgs/include/sam_msgs/sam_msgs/msg/detail/consumed_charge_array__rosidl_typesupport_fastrtps_c.h
-- Up-to-date: /home/schni2zle/colcon_ws/src/install/sam_msgs/include/sam_msgs/sam_msgs/msg/detail/topics__rosidl_typesupport_fastrtps_c.h
-- Up-to-date: /home/schni2zle/colcon_ws/src/install/sam_msgs/include/sam_msgs/sam_msgs/msg/detail/thruster_rp_ms__rosidl_typesupport_fastrtps_c.h
-- Up-to-date: /home/schni2zle/colcon_ws/src/install/sam_msgs/include/sam_msgs/sam_msgs/msg/detail/light_command_array__rosidl_typesupport_fastrtps_c.h
-- Up-to-date: /home/schni2zle/colcon_ws/src/install/sam_msgs/include/sam_msgs/sam_msgs/msg/detail/circuit_status_stamped__rosidl_typesupport_fastrtps_c.h
-- Up-to-date: /home/schni2zle/colcon_ws/src/install/sam_msgs/include/sam_msgs/sam_msgs/msg/detail/uavcan_node_status_named_array__rosidl_typesupport_fastrtps_c.h
-- Up-to-date: /home/schni2zle/colcon_ws/src/install/sam_msgs/include/sam_msgs/sam_msgs/msg/detail/ballast_angles__rosidl_typesupport_fastrtps_c.h
-- Up-to-date: /home/schni2zle/colcon_ws/src/install/sam_msgs/include/sam_msgs/sam_msgs/msg/detail/thruster_angles__rosidl_typesupport_fastrtps_c.h
-- Up-to-date: /home/schni2zle/colcon_ws/src/install/sam_msgs/include/sam_msgs/sam_msgs/msg/detail/percent_stamped__rosidl_typesupport_fastrtps_c.h
-- Up-to-date: /home/schni2zle/colcon_ws/src/install/sam_msgs/include/sam_msgs/sam_msgs/msg/detail/links__rosidl_typesupport_fastrtps_c.h
-- Up-to-date: /home/schni2zle/colcon_ws/src/install/sam_msgs/include/sam_msgs/sam_msgs/msg/detail/leak__rosidl_typesupport_fastrtps_c.h
-- Up-to-date: /home/schni2zle/colcon_ws/src/install/sam_msgs/include/sam_msgs/sam_msgs/msg/detail/ctp__rosidl_typesupport_fastrtps_c.h
-- Up-to-date: /home/schni2zle/colcon_ws/src/install/sam_msgs/include/sam_msgs/sam_msgs/msg/detail/uavcan_node_status_named__rosidl_typesupport_fastrtps_c.h
-- Up-to-date: /home/schni2zle/colcon_ws/src/install/sam_msgs/include/sam_msgs/sam_msgs/msg/detail/command__rosidl_typesupport_fastrtps_c.h
-- Up-to-date: /home/schni2zle/colcon_ws/src/install/sam_msgs/include/sam_msgs/sam_msgs/msg/detail/light_command__rosidl_typesupport_fastrtps_c.h
-- Up-to-date: /home/schni2zle/colcon_ws/src/install/sam_msgs/include/sam_msgs/sam_msgs/msg/detail/array_command__rosidl_typesupport_fastrtps_c.h
-- Up-to-date: /home/schni2zle/colcon_ws/src/install/sam_msgs/include/sam_msgs/sam_msgs/msg/detail/consumed_charge_feedback__rosidl_typesupport_fastrtps_c.h
-- Up-to-date: /home/schni2zle/colcon_ws/src/install/sam_msgs/include/sam_msgs/sam_msgs/srv
-- Up-to-date: /home/schni2zle/colcon_ws/src/install/sam_msgs/include/sam_msgs/sam_msgs/srv/detail
-- Up-to-date: /home/schni2zle/colcon_ws/src/install/sam_msgs/include/sam_msgs/sam_msgs/srv/detail/uavcan_update_battery__rosidl_typesupport_fastrtps_c.h
-- Up-to-date: /home/schni2zle/colcon_ws/src/install/sam_msgs/lib/libsam_msgs__rosidl_typesupport_fastrtps_c.so
-- Up-to-date: /home/schni2zle/colcon_ws/src/install/sam_msgs/include/sam_msgs/sam_msgs
-- Up-to-date: /home/schni2zle/colcon_ws/src/install/sam_msgs/include/sam_msgs/sam_msgs/msg
-- Up-to-date: /home/schni2zle/colcon_ws/src/install/sam_msgs/include/sam_msgs/sam_msgs/msg/rosidl_typesupport_introspection_c__visibility_control.h
-- Up-to-date: /home/schni2zle/colcon_ws/src/install/sam_msgs/include/sam_msgs/sam_msgs/msg/detail
-- Up-to-date: /home/schni2zle/colcon_ws/src/install/sam_msgs/include/sam_msgs/sam_msgs/msg/detail/consumed_charge_feedback__rosidl_typesupport_introspection_c.h
-- Up-to-date: /home/schni2zle/colcon_ws/src/install/sam_msgs/include/sam_msgs/sam_msgs/msg/detail/consumed_charge_array__rosidl_typesupport_introspection_c.h
-- Up-to-date: /home/schni2zle/colcon_ws/src/install/sam_msgs/include/sam_msgs/sam_msgs/msg/detail/circuit_status__rosidl_typesupport_introspection_c.h
-- Up-to-date: /home/schni2zle/colcon_ws/src/install/sam_msgs/include/sam_msgs/sam_msgs/msg/detail/uavcan_node_status_named__rosidl_typesupport_introspection_c.h
-- Up-to-date: /home/schni2zle/colcon_ws/src/install/sam_msgs/include/sam_msgs/sam_msgs/msg/detail/topics__type_support.c
-- Up-to-date: /home/schni2zle/colcon_ws/src/install/sam_msgs/include/sam_msgs/sam_msgs/msg/detail/leak__rosidl_typesupport_introspection_c.h
-- Up-to-date: /home/schni2zle/colcon_ws/src/install/sam_msgs/include/sam_msgs/sam_msgs/msg/detail/light_command_array__rosidl_typesupport_introspection_c.h
-- Up-to-date: /home/schni2zle/colcon_ws/src/install/sam_msgs/include/sam_msgs/sam_msgs/msg/detail/links__type_support.c
-- Up-to-date: /home/schni2zle/colcon_ws/src/install/sam_msgs/include/sam_msgs/sam_msgs/msg/detail/percent_stamped__rosidl_typesupport_introspection_c.h
-- Up-to-date: /home/schni2zle/colcon_ws/src/install/sam_msgs/include/sam_msgs/sam_msgs/msg/detail/array_command__type_support.c
-- Up-to-date: /home/schni2zle/colcon_ws/src/install/sam_msgs/include/sam_msgs/sam_msgs/msg/detail/consumed_charge_array__type_support.c
-- Up-to-date: /home/schni2zle/colcon_ws/src/install/sam_msgs/include/sam_msgs/sam_msgs/msg/detail/circuit_status_stamped__type_support.c
-- Up-to-date: /home/schni2zle/colcon_ws/src/install/sam_msgs/include/sam_msgs/sam_msgs/msg/detail/light_command__rosidl_typesupport_introspection_c.h
-- Up-to-date: /home/schni2zle/colcon_ws/src/install/sam_msgs/include/sam_msgs/sam_msgs/msg/detail/ballast_angles__type_support.c
-- Up-to-date: /home/schni2zle/colcon_ws/src/install/sam_msgs/include/sam_msgs/sam_msgs/msg/detail/thruster_rp_ms__rosidl_typesupport_introspection_c.h
-- Up-to-date: /home/schni2zle/colcon_ws/src/install/sam_msgs/include/sam_msgs/sam_msgs/msg/detail/circuit_status_stamped__rosidl_typesupport_introspection_c.h
-- Up-to-date: /home/schni2zle/colcon_ws/src/install/sam_msgs/include/sam_msgs/sam_msgs/msg/detail/circuit_status__type_support.c
-- Up-to-date: /home/schni2zle/colcon_ws/src/install/sam_msgs/include/sam_msgs/sam_msgs/msg/detail/thruster_angles__type_support.c
-- Up-to-date: /home/schni2zle/colcon_ws/src/install/sam_msgs/include/sam_msgs/sam_msgs/msg/detail/consumed_charge_feedback__type_support.c
-- Up-to-date: /home/schni2zle/colcon_ws/src/install/sam_msgs/include/sam_msgs/sam_msgs/msg/detail/uavcan_node_status_named__type_support.c
-- Up-to-date: /home/schni2zle/colcon_ws/src/install/sam_msgs/include/sam_msgs/sam_msgs/msg/detail/ctp__type_support.c
-- Up-to-date: /home/schni2zle/colcon_ws/src/install/sam_msgs/include/sam_msgs/sam_msgs/msg/detail/leak__type_support.c
-- Up-to-date: /home/schni2zle/colcon_ws/src/install/sam_msgs/include/sam_msgs/sam_msgs/msg/detail/circuit_status_stamped_array__rosidl_typesupport_introspection_c.h
-- Up-to-date: /home/schni2zle/colcon_ws/src/install/sam_msgs/include/sam_msgs/sam_msgs/msg/detail/circuit_status_stamped_array__type_support.c
-- Up-to-date: /home/schni2zle/colcon_ws/src/install/sam_msgs/include/sam_msgs/sam_msgs/msg/detail/command__rosidl_typesupport_introspection_c.h
-- Up-to-date: /home/schni2zle/colcon_ws/src/install/sam_msgs/include/sam_msgs/sam_msgs/msg/detail/consumed_charge__type_support.c
-- Up-to-date: /home/schni2zle/colcon_ws/src/install/sam_msgs/include/sam_msgs/sam_msgs/msg/detail/light_command__type_support.c
-- Up-to-date: /home/schni2zle/colcon_ws/src/install/sam_msgs/include/sam_msgs/sam_msgs/msg/detail/command__type_support.c
-- Up-to-date: /home/schni2zle/colcon_ws/src/install/sam_msgs/include/sam_msgs/sam_msgs/msg/detail/array_command__rosidl_typesupport_introspection_c.h
-- Up-to-date: /home/schni2zle/colcon_ws/src/install/sam_msgs/include/sam_msgs/sam_msgs/msg/detail/thruster_rp_ms__type_support.c
-- Up-to-date: /home/schni2zle/colcon_ws/src/install/sam_msgs/include/sam_msgs/sam_msgs/msg/detail/ballast_angles__rosidl_typesupport_introspection_c.h
-- Up-to-date: /home/schni2zle/colcon_ws/src/install/sam_msgs/include/sam_msgs/sam_msgs/msg/detail/consumed_charge__rosidl_typesupport_introspection_c.h
-- Up-to-date: /home/schni2zle/colcon_ws/src/install/sam_msgs/include/sam_msgs/sam_msgs/msg/detail/light_command_array__type_support.c
-- Up-to-date: /home/schni2zle/colcon_ws/src/install/sam_msgs/include/sam_msgs/sam_msgs/msg/detail/uavcan_node_status__rosidl_typesupport_introspection_c.h
-- Up-to-date: /home/schni2zle/colcon_ws/src/install/sam_msgs/include/sam_msgs/sam_msgs/msg/detail/uavcan_node_status__type_support.c
-- Up-to-date: /home/schni2zle/colcon_ws/src/install/sam_msgs/include/sam_msgs/sam_msgs/msg/detail/percent_stamped__type_support.c
-- Up-to-date: /home/schni2zle/colcon_ws/src/install/sam_msgs/include/sam_msgs/sam_msgs/msg/detail/thruster_angles__rosidl_typesupport_introspection_c.h
-- Up-to-date: /home/schni2zle/colcon_ws/src/install/sam_msgs/include/sam_msgs/sam_msgs/msg/detail/topics__rosidl_typesupport_introspection_c.h
-- Up-to-date: /home/schni2zle/colcon_ws/src/install/sam_msgs/include/sam_msgs/sam_msgs/msg/detail/links__rosidl_typesupport_introspection_c.h
-- Up-to-date: /home/schni2zle/colcon_ws/src/install/sam_msgs/include/sam_msgs/sam_msgs/msg/detail/ctp__rosidl_typesupport_introspection_c.h
-- Up-to-date: /home/schni2zle/colcon_ws/src/install/sam_msgs/include/sam_msgs/sam_msgs/msg/detail/uavcan_node_status_named_array__rosidl_typesupport_introspection_c.h
-- Up-to-date: /home/schni2zle/colcon_ws/src/install/sam_msgs/include/sam_msgs/sam_msgs/msg/detail/uavcan_node_status_named_array__type_support.c
-- Up-to-date: /home/schni2zle/colcon_ws/src/install/sam_msgs/include/sam_msgs/sam_msgs/srv
-- Up-to-date: /home/schni2zle/colcon_ws/src/install/sam_msgs/include/sam_msgs/sam_msgs/srv/detail
-- Up-to-date: /home/schni2zle/colcon_ws/src/install/sam_msgs/include/sam_msgs/sam_msgs/srv/detail/uavcan_update_battery__rosidl_typesupport_introspection_c.h
-- Up-to-date: /home/schni2zle/colcon_ws/src/install/sam_msgs/include/sam_msgs/sam_msgs/srv/detail/uavcan_update_battery__type_support.c
-- Up-to-date: /home/schni2zle/colcon_ws/src/install/sam_msgs/lib/libsam_msgs__rosidl_typesupport_introspection_c.so
-- Up-to-date: /home/schni2zle/colcon_ws/src/install/sam_msgs/lib/libsam_msgs__rosidl_typesupport_c.so
-- Up-to-date: /home/schni2zle/colcon_ws/src/install/sam_msgs/include/sam_msgs/sam_msgs
-- Up-to-date: /home/schni2zle/colcon_ws/src/install/sam_msgs/include/sam_msgs/sam_msgs/msg
-- Up-to-date: /home/schni2zle/colcon_ws/src/install/sam_msgs/include/sam_msgs/sam_msgs/msg/leak.hpp
-- Up-to-date: /home/schni2zle/colcon_ws/src/install/sam_msgs/include/sam_msgs/sam_msgs/msg/array_command.hpp
-- Up-to-date: /home/schni2zle/colcon_ws/src/install/sam_msgs/include/sam_msgs/sam_msgs/msg/consumed_charge_array.hpp
-- Up-to-date: /home/schni2zle/colcon_ws/src/install/sam_msgs/include/sam_msgs/sam_msgs/msg/percent_stamped.hpp
-- Up-to-date: /home/schni2zle/colcon_ws/src/install/sam_msgs/include/sam_msgs/sam_msgs/msg/thruster_rp_ms.hpp
-- Up-to-date: /home/schni2zle/colcon_ws/src/install/sam_msgs/include/sam_msgs/sam_msgs/msg/light_command_array.hpp
-- Up-to-date: /home/schni2zle/colcon_ws/src/install/sam_msgs/include/sam_msgs/sam_msgs/msg/thruster_angles.hpp
-- Up-to-date: /home/schni2zle/colcon_ws/src/install/sam_msgs/include/sam_msgs/sam_msgs/msg/ballast_angles.hpp
-- Up-to-date: /home/schni2zle/colcon_ws/src/install/sam_msgs/include/sam_msgs/sam_msgs/msg/circuit_status.hpp
-- Up-to-date: /home/schni2zle/colcon_ws/src/install/sam_msgs/include/sam_msgs/sam_msgs/msg/circuit_status_stamped_array.hpp
-- Up-to-date: /home/schni2zle/colcon_ws/src/install/sam_msgs/include/sam_msgs/sam_msgs/msg/consumed_charge.hpp
-- Up-to-date: /home/schni2zle/colcon_ws/src/install/sam_msgs/include/sam_msgs/sam_msgs/msg/detail
-- Up-to-date: /home/schni2zle/colcon_ws/src/install/sam_msgs/include/sam_msgs/sam_msgs/msg/detail/links__builder.hpp
-- Up-to-date: /home/schni2zle/colcon_ws/src/install/sam_msgs/include/sam_msgs/sam_msgs/msg/detail/uavcan_node_status__traits.hpp
-- Up-to-date: /home/schni2zle/colcon_ws/src/install/sam_msgs/include/sam_msgs/sam_msgs/msg/detail/percent_stamped__builder.hpp
-- Up-to-date: /home/schni2zle/colcon_ws/src/install/sam_msgs/include/sam_msgs/sam_msgs/msg/detail/ctp__traits.hpp
-- Up-to-date: /home/schni2zle/colcon_ws/src/install/sam_msgs/include/sam_msgs/sam_msgs/msg/detail/uavcan_node_status__struct.hpp
-- Up-to-date: /home/schni2zle/colcon_ws/src/install/sam_msgs/include/sam_msgs/sam_msgs/msg/detail/topics__struct.hpp
-- Up-to-date: /home/schni2zle/colcon_ws/src/install/sam_msgs/include/sam_msgs/sam_msgs/msg/detail/uavcan_node_status_named_array__struct.hpp
-- Up-to-date: /home/schni2zle/colcon_ws/src/install/sam_msgs/include/sam_msgs/sam_msgs/msg/detail/thruster_rp_ms__struct.hpp
-- Up-to-date: /home/schni2zle/colcon_ws/src/install/sam_msgs/include/sam_msgs/sam_msgs/msg/detail/consumed_charge_feedback__struct.hpp
-- Up-to-date: /home/schni2zle/colcon_ws/src/install/sam_msgs/include/sam_msgs/sam_msgs/msg/detail/thruster_rp_ms__builder.hpp
-- Up-to-date: /home/schni2zle/colcon_ws/src/install/sam_msgs/include/sam_msgs/sam_msgs/msg/detail/uavcan_node_status_named__builder.hpp
-- Up-to-date: /home/schni2zle/colcon_ws/src/install/sam_msgs/include/sam_msgs/sam_msgs/msg/detail/light_command__traits.hpp
-- Up-to-date: /home/schni2zle/colcon_ws/src/install/sam_msgs/include/sam_msgs/sam_msgs/msg/detail/light_command_array__builder.hpp
-- Up-to-date: /home/schni2zle/colcon_ws/src/install/sam_msgs/include/sam_msgs/sam_msgs/msg/detail/consumed_charge_array__builder.hpp
-- Up-to-date: /home/schni2zle/colcon_ws/src/install/sam_msgs/include/sam_msgs/sam_msgs/msg/detail/command__traits.hpp
-- Up-to-date: /home/schni2zle/colcon_ws/src/install/sam_msgs/include/sam_msgs/sam_msgs/msg/detail/ballast_angles__builder.hpp
-- Up-to-date: /home/schni2zle/colcon_ws/src/install/sam_msgs/include/sam_msgs/sam_msgs/msg/detail/thruster_rp_ms__traits.hpp
-- Up-to-date: /home/schni2zle/colcon_ws/src/install/sam_msgs/include/sam_msgs/sam_msgs/msg/detail/links__traits.hpp
-- Up-to-date: /home/schni2zle/colcon_ws/src/install/sam_msgs/include/sam_msgs/sam_msgs/msg/detail/light_command_array__traits.hpp
-- Up-to-date: /home/schni2zle/colcon_ws/src/install/sam_msgs/include/sam_msgs/sam_msgs/msg/detail/topics__traits.hpp
-- Up-to-date: /home/schni2zle/colcon_ws/src/install/sam_msgs/include/sam_msgs/sam_msgs/msg/detail/array_command__struct.hpp
-- Up-to-date: /home/schni2zle/colcon_ws/src/install/sam_msgs/include/sam_msgs/sam_msgs/msg/detail/consumed_charge_feedback__traits.hpp
-- Up-to-date: /home/schni2zle/colcon_ws/src/install/sam_msgs/include/sam_msgs/sam_msgs/msg/detail/consumed_charge_feedback__builder.hpp
-- Up-to-date: /home/schni2zle/colcon_ws/src/install/sam_msgs/include/sam_msgs/sam_msgs/msg/detail/command__struct.hpp
-- Up-to-date: /home/schni2zle/colcon_ws/src/install/sam_msgs/include/sam_msgs/sam_msgs/msg/detail/uavcan_node_status__builder.hpp
-- Up-to-date: /home/schni2zle/colcon_ws/src/install/sam_msgs/include/sam_msgs/sam_msgs/msg/detail/percent_stamped__struct.hpp
-- Up-to-date: /home/schni2zle/colcon_ws/src/install/sam_msgs/include/sam_msgs/sam_msgs/msg/detail/light_command__struct.hpp
-- Up-to-date: /home/schni2zle/colcon_ws/src/install/sam_msgs/include/sam_msgs/sam_msgs/msg/detail/ctp__struct.hpp
-- Up-to-date: /home/schni2zle/colcon_ws/src/install/sam_msgs/include/sam_msgs/sam_msgs/msg/detail/uavcan_node_status_named__struct.hpp
-- Up-to-date: /home/schni2zle/colcon_ws/src/install/sam_msgs/include/sam_msgs/sam_msgs/msg/detail/topics__builder.hpp
-- Up-to-date: /home/schni2zle/colcon_ws/src/install/sam_msgs/include/sam_msgs/sam_msgs/msg/detail/circuit_status__traits.hpp
-- Up-to-date: /home/schni2zle/colcon_ws/src/install/sam_msgs/include/sam_msgs/sam_msgs/msg/detail/light_command__builder.hpp
-- Up-to-date: /home/schni2zle/colcon_ws/src/install/sam_msgs/include/sam_msgs/sam_msgs/msg/detail/circuit_status__builder.hpp
-- Up-to-date: /home/schni2zle/colcon_ws/src/install/sam_msgs/include/sam_msgs/sam_msgs/msg/detail/links__struct.hpp
-- Up-to-date: /home/schni2zle/colcon_ws/src/install/sam_msgs/include/sam_msgs/sam_msgs/msg/detail/command__builder.hpp
-- Up-to-date: /home/schni2zle/colcon_ws/src/install/sam_msgs/include/sam_msgs/sam_msgs/msg/detail/consumed_charge_array__struct.hpp
-- Up-to-date: /home/schni2zle/colcon_ws/src/install/sam_msgs/include/sam_msgs/sam_msgs/msg/detail/leak__struct.hpp
-- Up-to-date: /home/schni2zle/colcon_ws/src/install/sam_msgs/include/sam_msgs/sam_msgs/msg/detail/light_command_array__struct.hpp
-- Up-to-date: /home/schni2zle/colcon_ws/src/install/sam_msgs/include/sam_msgs/sam_msgs/msg/detail/percent_stamped__traits.hpp
-- Up-to-date: /home/schni2zle/colcon_ws/src/install/sam_msgs/include/sam_msgs/sam_msgs/msg/detail/circuit_status_stamped__struct.hpp
-- Up-to-date: /home/schni2zle/colcon_ws/src/install/sam_msgs/include/sam_msgs/sam_msgs/msg/detail/circuit_status_stamped__traits.hpp
-- Up-to-date: /home/schni2zle/colcon_ws/src/install/sam_msgs/include/sam_msgs/sam_msgs/msg/detail/ballast_angles__traits.hpp
-- Up-to-date: /home/schni2zle/colcon_ws/src/install/sam_msgs/include/sam_msgs/sam_msgs/msg/detail/ctp__builder.hpp
-- Up-to-date: /home/schni2zle/colcon_ws/src/install/sam_msgs/include/sam_msgs/sam_msgs/msg/detail/consumed_charge__traits.hpp
-- Up-to-date: /home/schni2zle/colcon_ws/src/install/sam_msgs/include/sam_msgs/sam_msgs/msg/detail/thruster_angles__struct.hpp
-- Up-to-date: /home/schni2zle/colcon_ws/src/install/sam_msgs/include/sam_msgs/sam_msgs/msg/detail/consumed_charge__builder.hpp
-- Up-to-date: /home/schni2zle/colcon_ws/src/install/sam_msgs/include/sam_msgs/sam_msgs/msg/detail/consumed_charge__struct.hpp
-- Up-to-date: /home/schni2zle/colcon_ws/src/install/sam_msgs/include/sam_msgs/sam_msgs/msg/detail/thruster_angles__traits.hpp
-- Up-to-date: /home/schni2zle/colcon_ws/src/install/sam_msgs/include/sam_msgs/sam_msgs/msg/detail/circuit_status_stamped_array__struct.hpp
-- Up-to-date: /home/schni2zle/colcon_ws/src/install/sam_msgs/include/sam_msgs/sam_msgs/msg/detail/thruster_angles__builder.hpp
-- Up-to-date: /home/schni2zle/colcon_ws/src/install/sam_msgs/include/sam_msgs/sam_msgs/msg/detail/circuit_status__struct.hpp
-- Up-to-date: /home/schni2zle/colcon_ws/src/install/sam_msgs/include/sam_msgs/sam_msgs/msg/detail/circuit_status_stamped_array__traits.hpp
-- Up-to-date: /home/schni2zle/colcon_ws/src/install/sam_msgs/include/sam_msgs/sam_msgs/msg/detail/uavcan_node_status_named_array__builder.hpp
-- Up-to-date: /home/schni2zle/colcon_ws/src/install/sam_msgs/include/sam_msgs/sam_msgs/msg/detail/array_command__builder.hpp
-- Up-to-date: /home/schni2zle/colcon_ws/src/install/sam_msgs/include/sam_msgs/sam_msgs/msg/detail/leak__builder.hpp
-- Up-to-date: /home/schni2zle/colcon_ws/src/install/sam_msgs/include/sam_msgs/sam_msgs/msg/detail/leak__traits.hpp
-- Up-to-date: /home/schni2zle/colcon_ws/src/install/sam_msgs/include/sam_msgs/sam_msgs/msg/detail/consumed_charge_array__traits.hpp
-- Up-to-date: /home/schni2zle/colcon_ws/src/install/sam_msgs/include/sam_msgs/sam_msgs/msg/detail/uavcan_node_status_named_array__traits.hpp
-- Up-to-date: /home/schni2zle/colcon_ws/src/install/sam_msgs/include/sam_msgs/sam_msgs/msg/detail/array_command__traits.hpp
-- Up-to-date: /home/schni2zle/colcon_ws/src/install/sam_msgs/include/sam_msgs/sam_msgs/msg/detail/circuit_status_stamped__builder.hpp
-- Up-to-date: /home/schni2zle/colcon_ws/src/install/sam_msgs/include/sam_msgs/sam_msgs/msg/detail/circuit_status_stamped_array__builder.hpp
-- Up-to-date: /home/schni2zle/colcon_ws/src/install/sam_msgs/include/sam_msgs/sam_msgs/msg/detail/uavcan_node_status_named__traits.hpp
-- Up-to-date: /home/schni2zle/colcon_ws/src/install/sam_msgs/include/sam_msgs/sam_msgs/msg/detail/ballast_angles__struct.hpp
-- Up-to-date: /home/schni2zle/colcon_ws/src/install/sam_msgs/include/sam_msgs/sam_msgs/msg/consumed_charge_feedback.hpp
-- Up-to-date: /home/schni2zle/colcon_ws/src/install/sam_msgs/include/sam_msgs/sam_msgs/msg/command.hpp
-- Up-to-date: /home/schni2zle/colcon_ws/src/install/sam_msgs/include/sam_msgs/sam_msgs/msg/uavcan_node_status.hpp
-- Up-to-date: /home/schni2zle/colcon_ws/src/install/sam_msgs/include/sam_msgs/sam_msgs/msg/uavcan_node_status_named.hpp
-- Up-to-date: /home/schni2zle/colcon_ws/src/install/sam_msgs/include/sam_msgs/sam_msgs/msg/uavcan_node_status_named_array.hpp
-- Up-to-date: /home/schni2zle/colcon_ws/src/install/sam_msgs/include/sam_msgs/sam_msgs/msg/circuit_status_stamped.hpp
-- Up-to-date: /home/schni2zle/colcon_ws/src/install/sam_msgs/include/sam_msgs/sam_msgs/msg/ctp.hpp
-- Up-to-date: /home/schni2zle/colcon_ws/src/install/sam_msgs/include/sam_msgs/sam_msgs/msg/topics.hpp
-- Up-to-date: /home/schni2zle/colcon_ws/src/install/sam_msgs/include/sam_msgs/sam_msgs/msg/light_command.hpp
-- Up-to-date: /home/schni2zle/colcon_ws/src/install/sam_msgs/include/sam_msgs/sam_msgs/msg/links.hpp
-- Up-to-date: /home/schni2zle/colcon_ws/src/install/sam_msgs/include/sam_msgs/sam_msgs/srv
-- Up-to-date: /home/schni2zle/colcon_ws/src/install/sam_msgs/include/sam_msgs/sam_msgs/srv/uavcan_update_battery.hpp
-- Up-to-date: /home/schni2zle/colcon_ws/src/install/sam_msgs/include/sam_msgs/sam_msgs/srv/detail
-- Up-to-date: /home/schni2zle/colcon_ws/src/install/sam_msgs/include/sam_msgs/sam_msgs/srv/detail/uavcan_update_battery__builder.hpp
-- Up-to-date: /home/schni2zle/colcon_ws/src/install/sam_msgs/include/sam_msgs/sam_msgs/srv/detail/uavcan_update_battery__struct.hpp
-- Up-to-date: /home/schni2zle/colcon_ws/src/install/sam_msgs/include/sam_msgs/sam_msgs/srv/detail/uavcan_update_battery__traits.hpp
-- Up-to-date: /home/schni2zle/colcon_ws/src/install/sam_msgs/include/sam_msgs/sam_msgs
-- Up-to-date: /home/schni2zle/colcon_ws/src/install/sam_msgs/include/sam_msgs/sam_msgs/msg
-- Up-to-date: /home/schni2zle/colcon_ws/src/install/sam_msgs/include/sam_msgs/sam_msgs/msg/rosidl_typesupport_fastrtps_cpp__visibility_control.h
-- Up-to-date: /home/schni2zle/colcon_ws/src/install/sam_msgs/include/sam_msgs/sam_msgs/msg/detail
-- Up-to-date: /home/schni2zle/colcon_ws/src/install/sam_msgs/include/sam_msgs/sam_msgs/msg/detail/light_command_array__rosidl_typesupport_fastrtps_cpp.hpp
-- Up-to-date: /home/schni2zle/colcon_ws/src/install/sam_msgs/include/sam_msgs/sam_msgs/msg/detail/light_command__rosidl_typesupport_fastrtps_cpp.hpp
-- Up-to-date: /home/schni2zle/colcon_ws/src/install/sam_msgs/include/sam_msgs/sam_msgs/msg/detail/circuit_status__rosidl_typesupport_fastrtps_cpp.hpp
-- Up-to-date: /home/schni2zle/colcon_ws/src/install/sam_msgs/include/sam_msgs/sam_msgs/msg/detail/topics__rosidl_typesupport_fastrtps_cpp.hpp
-- Up-to-date: /home/schni2zle/colcon_ws/src/install/sam_msgs/include/sam_msgs/sam_msgs/msg/detail/uavcan_node_status__rosidl_typesupport_fastrtps_cpp.hpp
-- Up-to-date: /home/schni2zle/colcon_ws/src/install/sam_msgs/include/sam_msgs/sam_msgs/msg/detail/consumed_charge_feedback__rosidl_typesupport_fastrtps_cpp.hpp
-- Up-to-date: /home/schni2zle/colcon_ws/src/install/sam_msgs/include/sam_msgs/sam_msgs/msg/detail/command__rosidl_typesupport_fastrtps_cpp.hpp
-- Up-to-date: /home/schni2zle/colcon_ws/src/install/sam_msgs/include/sam_msgs/sam_msgs/msg/detail/uavcan_node_status_named_array__rosidl_typesupport_fastrtps_cpp.hpp
-- Up-to-date: /home/schni2zle/colcon_ws/src/install/sam_msgs/include/sam_msgs/sam_msgs/msg/detail/ctp__rosidl_typesupport_fastrtps_cpp.hpp
-- Up-to-date: /home/schni2zle/colcon_ws/src/install/sam_msgs/include/sam_msgs/sam_msgs/msg/detail/consumed_charge__rosidl_typesupport_fastrtps_cpp.hpp
-- Up-to-date: /home/schni2zle/colcon_ws/src/install/sam_msgs/include/sam_msgs/sam_msgs/msg/detail/thruster_rp_ms__rosidl_typesupport_fastrtps_cpp.hpp
-- Up-to-date: /home/schni2zle/colcon_ws/src/install/sam_msgs/include/sam_msgs/sam_msgs/msg/detail/thruster_angles__rosidl_typesupport_fastrtps_cpp.hpp
-- Up-to-date: /home/schni2zle/colcon_ws/src/install/sam_msgs/include/sam_msgs/sam_msgs/msg/detail/links__rosidl_typesupport_fastrtps_cpp.hpp
-- Up-to-date: /home/schni2zle/colcon_ws/src/install/sam_msgs/include/sam_msgs/sam_msgs/msg/detail/consumed_charge_array__rosidl_typesupport_fastrtps_cpp.hpp
-- Up-to-date: /home/schni2zle/colcon_ws/src/install/sam_msgs/include/sam_msgs/sam_msgs/msg/detail/dds_fastrtps
-- Up-to-date: /home/schni2zle/colcon_ws/src/install/sam_msgs/include/sam_msgs/sam_msgs/msg/detail/circuit_status_stamped__rosidl_typesupport_fastrtps_cpp.hpp
-- Up-to-date: /home/schni2zle/colcon_ws/src/install/sam_msgs/include/sam_msgs/sam_msgs/msg/detail/percent_stamped__rosidl_typesupport_fastrtps_cpp.hpp
-- Up-to-date: /home/schni2zle/colcon_ws/src/install/sam_msgs/include/sam_msgs/sam_msgs/msg/detail/array_command__rosidl_typesupport_fastrtps_cpp.hpp
-- Up-to-date: /home/schni2zle/colcon_ws/src/install/sam_msgs/include/sam_msgs/sam_msgs/msg/detail/uavcan_node_status_named__rosidl_typesupport_fastrtps_cpp.hpp
-- Up-to-date: /home/schni2zle/colcon_ws/src/install/sam_msgs/include/sam_msgs/sam_msgs/msg/detail/leak__rosidl_typesupport_fastrtps_cpp.hpp
-- Up-to-date: /home/schni2zle/colcon_ws/src/install/sam_msgs/include/sam_msgs/sam_msgs/msg/detail/circuit_status_stamped_array__rosidl_typesupport_fastrtps_cpp.hpp
-- Up-to-date: /home/schni2zle/colcon_ws/src/install/sam_msgs/include/sam_msgs/sam_msgs/msg/detail/ballast_angles__rosidl_typesupport_fastrtps_cpp.hpp
-- Up-to-date: /home/schni2zle/colcon_ws/src/install/sam_msgs/include/sam_msgs/sam_msgs/srv
-- Up-to-date: /home/schni2zle/colcon_ws/src/install/sam_msgs/include/sam_msgs/sam_msgs/srv/detail
-- Up-to-date: /home/schni2zle/colcon_ws/src/install/sam_msgs/include/sam_msgs/sam_msgs/srv/detail/dds_fastrtps
-- Up-to-date: /home/schni2zle/colcon_ws/src/install/sam_msgs/include/sam_msgs/sam_msgs/srv/detail/uavcan_update_battery__rosidl_typesupport_fastrtps_cpp.hpp
-- Up-to-date: /home/schni2zle/colcon_ws/src/install/sam_msgs/lib/libsam_msgs__rosidl_typesupport_fastrtps_cpp.so
-- Up-to-date: /home/schni2zle/colcon_ws/src/install/sam_msgs/include/sam_msgs/sam_msgs
-- Up-to-date: /home/schni2zle/colcon_ws/src/install/sam_msgs/include/sam_msgs/sam_msgs/msg
-- Up-to-date: /home/schni2zle/colcon_ws/src/install/sam_msgs/include/sam_msgs/sam_msgs/msg/detail
-- Up-to-date: /home/schni2zle/colcon_ws/src/install/sam_msgs/include/sam_msgs/sam_msgs/msg/detail/thruster_angles__rosidl_typesupport_introspection_cpp.hpp
-- Up-to-date: /home/schni2zle/colcon_ws/src/install/sam_msgs/include/sam_msgs/sam_msgs/msg/detail/ballast_angles__type_support.cpp
-- Up-to-date: /home/schni2zle/colcon_ws/src/install/sam_msgs/include/sam_msgs/sam_msgs/msg/detail/thruster_rp_ms__type_support.cpp
-- Up-to-date: /home/schni2zle/colcon_ws/src/install/sam_msgs/include/sam_msgs/sam_msgs/msg/detail/circuit_status_stamped_array__rosidl_typesupport_introspection_cpp.hpp
-- Up-to-date: /home/schni2zle/colcon_ws/src/install/sam_msgs/include/sam_msgs/sam_msgs/msg/detail/links__type_support.cpp
-- Up-to-date: /home/schni2zle/colcon_ws/src/install/sam_msgs/include/sam_msgs/sam_msgs/msg/detail/light_command__type_support.cpp
-- Up-to-date: /home/schni2zle/colcon_ws/src/install/sam_msgs/include/sam_msgs/sam_msgs/msg/detail/circuit_status__type_support.cpp
-- Up-to-date: /home/schni2zle/colcon_ws/src/install/sam_msgs/include/sam_msgs/sam_msgs/msg/detail/circuit_status_stamped__rosidl_typesupport_introspection_cpp.hpp
-- Up-to-date: /home/schni2zle/colcon_ws/src/install/sam_msgs/include/sam_msgs/sam_msgs/msg/detail/topics__type_support.cpp
-- Up-to-date: /home/schni2zle/colcon_ws/src/install/sam_msgs/include/sam_msgs/sam_msgs/msg/detail/consumed_charge_feedback__rosidl_typesupport_introspection_cpp.hpp
-- Up-to-date: /home/schni2zle/colcon_ws/src/install/sam_msgs/include/sam_msgs/sam_msgs/msg/detail/consumed_charge_array__type_support.cpp
-- Up-to-date: /home/schni2zle/colcon_ws/src/install/sam_msgs/include/sam_msgs/sam_msgs/msg/detail/uavcan_node_status_named_array__rosidl_typesupport_introspection_cpp.hpp
-- Up-to-date: /home/schni2zle/colcon_ws/src/install/sam_msgs/include/sam_msgs/sam_msgs/msg/detail/command__rosidl_typesupport_introspection_cpp.hpp
-- Up-to-date: /home/schni2zle/colcon_ws/src/install/sam_msgs/include/sam_msgs/sam_msgs/msg/detail/consumed_charge__type_support.cpp
-- Up-to-date: /home/schni2zle/colcon_ws/src/install/sam_msgs/include/sam_msgs/sam_msgs/msg/detail/links__rosidl_typesupport_introspection_cpp.hpp
-- Up-to-date: /home/schni2zle/colcon_ws/src/install/sam_msgs/include/sam_msgs/sam_msgs/msg/detail/circuit_status__rosidl_typesupport_introspection_cpp.hpp
-- Up-to-date: /home/schni2zle/colcon_ws/src/install/sam_msgs/include/sam_msgs/sam_msgs/msg/detail/percent_stamped__type_support.cpp
-- Up-to-date: /home/schni2zle/colcon_ws/src/install/sam_msgs/include/sam_msgs/sam_msgs/msg/detail/circuit_status_stamped_array__type_support.cpp
-- Up-to-date: /home/schni2zle/colcon_ws/src/install/sam_msgs/include/sam_msgs/sam_msgs/msg/detail/light_command_array__type_support.cpp
-- Up-to-date: /home/schni2zle/colcon_ws/src/install/sam_msgs/include/sam_msgs/sam_msgs/msg/detail/ballast_angles__rosidl_typesupport_introspection_cpp.hpp
-- Up-to-date: /home/schni2zle/colcon_ws/src/install/sam_msgs/include/sam_msgs/sam_msgs/msg/detail/consumed_charge__rosidl_typesupport_introspection_cpp.hpp
-- Up-to-date: /home/schni2zle/colcon_ws/src/install/sam_msgs/include/sam_msgs/sam_msgs/msg/detail/ctp__type_support.cpp
-- Up-to-date: /home/schni2zle/colcon_ws/src/install/sam_msgs/include/sam_msgs/sam_msgs/msg/detail/consumed_charge_array__rosidl_typesupport_introspection_cpp.hpp
-- Up-to-date: /home/schni2zle/colcon_ws/src/install/sam_msgs/include/sam_msgs/sam_msgs/msg/detail/light_command__rosidl_typesupport_introspection_cpp.hpp
-- Up-to-date: /home/schni2zle/colcon_ws/src/install/sam_msgs/include/sam_msgs/sam_msgs/msg/detail/uavcan_node_status__rosidl_typesupport_introspection_cpp.hpp
-- Up-to-date: /home/schni2zle/colcon_ws/src/install/sam_msgs/include/sam_msgs/sam_msgs/msg/detail/command__type_support.cpp
-- Up-to-date: /home/schni2zle/colcon_ws/src/install/sam_msgs/include/sam_msgs/sam_msgs/msg/detail/uavcan_node_status_named__rosidl_typesupport_introspection_cpp.hpp
-- Up-to-date: /home/schni2zle/colcon_ws/src/install/sam_msgs/include/sam_msgs/sam_msgs/msg/detail/thruster_angles__type_support.cpp
-- Up-to-date: /home/schni2zle/colcon_ws/src/install/sam_msgs/include/sam_msgs/sam_msgs/msg/detail/leak__rosidl_typesupport_introspection_cpp.hpp
-- Up-to-date: /home/schni2zle/colcon_ws/src/install/sam_msgs/include/sam_msgs/sam_msgs/msg/detail/circuit_status_stamped__type_support.cpp
-- Up-to-date: /home/schni2zle/colcon_ws/src/install/sam_msgs/include/sam_msgs/sam_msgs/msg/detail/array_command__rosidl_typesupport_introspection_cpp.hpp
-- Up-to-date: /home/schni2zle/colcon_ws/src/install/sam_msgs/include/sam_msgs/sam_msgs/msg/detail/uavcan_node_status_named_array__type_support.cpp
-- Up-to-date: /home/schni2zle/colcon_ws/src/install/sam_msgs/include/sam_msgs/sam_msgs/msg/detail/consumed_charge_feedback__type_support.cpp
-- Up-to-date: /home/schni2zle/colcon_ws/src/install/sam_msgs/include/sam_msgs/sam_msgs/msg/detail/ctp__rosidl_typesupport_introspection_cpp.hpp
-- Up-to-date: /home/schni2zle/colcon_ws/src/install/sam_msgs/include/sam_msgs/sam_msgs/msg/detail/uavcan_node_status_named__type_support.cpp
-- Up-to-date: /home/schni2zle/colcon_ws/src/install/sam_msgs/include/sam_msgs/sam_msgs/msg/detail/topics__rosidl_typesupport_introspection_cpp.hpp
-- Up-to-date: /home/schni2zle/colcon_ws/src/install/sam_msgs/include/sam_msgs/sam_msgs/msg/detail/percent_stamped__rosidl_typesupport_introspection_cpp.hpp
-- Up-to-date: /home/schni2zle/colcon_ws/src/install/sam_msgs/include/sam_msgs/sam_msgs/msg/detail/array_command__type_support.cpp
-- Up-to-date: /home/schni2zle/colcon_ws/src/install/sam_msgs/include/sam_msgs/sam_msgs/msg/detail/leak__type_support.cpp
-- Up-to-date: /home/schni2zle/colcon_ws/src/install/sam_msgs/include/sam_msgs/sam_msgs/msg/detail/light_command_array__rosidl_typesupport_introspection_cpp.hpp
-- Up-to-date: /home/schni2zle/colcon_ws/src/install/sam_msgs/include/sam_msgs/sam_msgs/msg/detail/thruster_rp_ms__rosidl_typesupport_introspection_cpp.hpp
-- Up-to-date: /home/schni2zle/colcon_ws/src/install/sam_msgs/include/sam_msgs/sam_msgs/msg/detail/uavcan_node_status__type_support.cpp
-- Up-to-date: /home/schni2zle/colcon_ws/src/install/sam_msgs/include/sam_msgs/sam_msgs/srv
-- Up-to-date: /home/schni2zle/colcon_ws/src/install/sam_msgs/include/sam_msgs/sam_msgs/srv/detail
-- Up-to-date: /home/schni2zle/colcon_ws/src/install/sam_msgs/include/sam_msgs/sam_msgs/srv/detail/uavcan_update_battery__rosidl_typesupport_introspection_cpp.hpp
-- Up-to-date: /home/schni2zle/colcon_ws/src/install/sam_msgs/include/sam_msgs/sam_msgs/srv/detail/uavcan_update_battery__type_support.cpp
-- Up-to-date: /home/schni2zle/colcon_ws/src/install/sam_msgs/lib/libsam_msgs__rosidl_typesupport_introspection_cpp.so
-- Up-to-date: /home/schni2zle/colcon_ws/src/install/sam_msgs/lib/libsam_msgs__rosidl_typesupport_cpp.so
-- Up-to-date: /home/schni2zle/colcon_ws/src/install/sam_msgs/share/sam_msgs/environment/pythonpath.sh
-- Up-to-date: /home/schni2zle/colcon_ws/src/install/sam_msgs/share/sam_msgs/environment/pythonpath.dsv
-- Up-to-date: /home/schni2zle/colcon_ws/src/install/sam_msgs/local/lib/python3.10/dist-packages/sam_msgs-0.1.0-py3.10.egg-info
-- Installing: /home/schni2zle/colcon_ws/src/install/sam_msgs/local/lib/python3.10/dist-packages/sam_msgs-0.1.0-py3.10.egg-info/PKG-INFO
-- Installing: /home/schni2zle/colcon_ws/src/install/sam_msgs/local/lib/python3.10/dist-packages/sam_msgs-0.1.0-py3.10.egg-info/SOURCES.txt
-- Installing: /home/schni2zle/colcon_ws/src/install/sam_msgs/local/lib/python3.10/dist-packages/sam_msgs-0.1.0-py3.10.egg-info/top_level.txt
-- Installing: /home/schni2zle/colcon_ws/src/install/sam_msgs/local/lib/python3.10/dist-packages/sam_msgs-0.1.0-py3.10.egg-info/dependency_links.txt
-- Up-to-date: /home/schni2zle/colcon_ws/src/install/sam_msgs/local/lib/python3.10/dist-packages/sam_msgs
-- Up-to-date: /home/schni2zle/colcon_ws/src/install/sam_msgs/local/lib/python3.10/dist-packages/sam_msgs/libsam_msgs__rosidl_generator_py.so
-- Up-to-date: /home/schni2zle/colcon_ws/src/install/sam_msgs/local/lib/python3.10/dist-packages/sam_msgs/msg
-- Up-to-date: /home/schni2zle/colcon_ws/src/install/sam_msgs/local/lib/python3.10/dist-packages/sam_msgs/msg/_command.py
-- Up-to-date: /home/schni2zle/colcon_ws/src/install/sam_msgs/local/lib/python3.10/dist-packages/sam_msgs/msg/_leak.py
-- Up-to-date: /home/schni2zle/colcon_ws/src/install/sam_msgs/local/lib/python3.10/dist-packages/sam_msgs/msg/_consumed_charge_s.c
-- Up-to-date: /home/schni2zle/colcon_ws/src/install/sam_msgs/local/lib/python3.10/dist-packages/sam_msgs/msg/_uavcan_node_status_named_array_s.c
-- Up-to-date: /home/schni2zle/colcon_ws/src/install/sam_msgs/local/lib/python3.10/dist-packages/sam_msgs/msg/_circuit_status_s.c
-- Up-to-date: /home/schni2zle/colcon_ws/src/install/sam_msgs/local/lib/python3.10/dist-packages/sam_msgs/msg/_array_command.py
-- Up-to-date: /home/schni2zle/colcon_ws/src/install/sam_msgs/local/lib/python3.10/dist-packages/sam_msgs/msg/_circuit_status_stamped_array.py
-- Up-to-date: /home/schni2zle/colcon_ws/src/install/sam_msgs/local/lib/python3.10/dist-packages/sam_msgs/msg/_consumed_charge_array.py
-- Up-to-date: /home/schni2zle/colcon_ws/src/install/sam_msgs/local/lib/python3.10/dist-packages/sam_msgs/msg/_ballast_angles_s.c
-- Up-to-date: /home/schni2zle/colcon_ws/src/install/sam_msgs/local/lib/python3.10/dist-packages/sam_msgs/msg/_consumed_charge.py
-- Up-to-date: /home/schni2zle/colcon_ws/src/install/sam_msgs/local/lib/python3.10/dist-packages/sam_msgs/msg/_circuit_status.py
-- Up-to-date: /home/schni2zle/colcon_ws/src/install/sam_msgs/local/lib/python3.10/dist-packages/sam_msgs/msg/_thruster_rp_ms.py
-- Up-to-date: /home/schni2zle/colcon_ws/src/install/sam_msgs/local/lib/python3.10/dist-packages/sam_msgs/msg/_circuit_status_stamped_array_s.c
-- Up-to-date: /home/schni2zle/colcon_ws/src/install/sam_msgs/local/lib/python3.10/dist-packages/sam_msgs/msg/_topics_s.c
-- Up-to-date: /home/schni2zle/colcon_ws/src/install/sam_msgs/local/lib/python3.10/dist-packages/sam_msgs/msg/_consumed_charge_feedback.py
-- Up-to-date: /home/schni2zle/colcon_ws/src/install/sam_msgs/local/lib/python3.10/dist-packages/sam_msgs/msg/_uavcan_node_status_s.c
-- Up-to-date: /home/schni2zle/colcon_ws/src/install/sam_msgs/local/lib/python3.10/dist-packages/sam_msgs/msg/_uavcan_node_status.py
-- Up-to-date: /home/schni2zle/colcon_ws/src/install/sam_msgs/local/lib/python3.10/dist-packages/sam_msgs/msg/_links_s.c
-- Up-to-date: /home/schni2zle/colcon_ws/src/install/sam_msgs/local/lib/python3.10/dist-packages/sam_msgs/msg/_light_command_array.py
-- Up-to-date: /home/schni2zle/colcon_ws/src/install/sam_msgs/local/lib/python3.10/dist-packages/sam_msgs/msg/_circuit_status_stamped_s.c
-- Up-to-date: /home/schni2zle/colcon_ws/src/install/sam_msgs/local/lib/python3.10/dist-packages/sam_msgs/msg/_percent_stamped_s.c
-- Up-to-date: /home/schni2zle/colcon_ws/src/install/sam_msgs/local/lib/python3.10/dist-packages/sam_msgs/msg/_leak_s.c
-- Up-to-date: /home/schni2zle/colcon_ws/src/install/sam_msgs/local/lib/python3.10/dist-packages/sam_msgs/msg/_ctp_s.c
-- Up-to-date: /home/schni2zle/colcon_ws/src/install/sam_msgs/local/lib/python3.10/dist-packages/sam_msgs/msg/_light_command_s.c
-- Up-to-date: /home/schni2zle/colcon_ws/src/install/sam_msgs/local/lib/python3.10/dist-packages/sam_msgs/msg/_consumed_charge_feedback_s.c
-- Up-to-date: /home/schni2zle/colcon_ws/src/install/sam_msgs/local/lib/python3.10/dist-packages/sam_msgs/msg/_ballast_angles.py
-- Up-to-date: /home/schni2zle/colcon_ws/src/install/sam_msgs/local/lib/python3.10/dist-packages/sam_msgs/msg/_topics.py
-- Up-to-date: /home/schni2zle/colcon_ws/src/install/sam_msgs/local/lib/python3.10/dist-packages/sam_msgs/msg/_thruster_angles_s.c
-- Up-to-date: /home/schni2zle/colcon_ws/src/install/sam_msgs/local/lib/python3.10/dist-packages/sam_msgs/msg/_consumed_charge_array_s.c
-- Up-to-date: /home/schni2zle/colcon_ws/src/install/sam_msgs/local/lib/python3.10/dist-packages/sam_msgs/msg/__init__.py
-- Up-to-date: /home/schni2zle/colcon_ws/src/install/sam_msgs/local/lib/python3.10/dist-packages/sam_msgs/msg/_thruster_angles.py
-- Up-to-date: /home/schni2zle/colcon_ws/src/install/sam_msgs/local/lib/python3.10/dist-packages/sam_msgs/msg/_circuit_status_stamped.py
-- Up-to-date: /home/schni2zle/colcon_ws/src/install/sam_msgs/local/lib/python3.10/dist-packages/sam_msgs/msg/_command_s.c
-- Up-to-date: /home/schni2zle/colcon_ws/src/install/sam_msgs/local/lib/python3.10/dist-packages/sam_msgs/msg/_light_command.py
-- Up-to-date: /home/schni2zle/colcon_ws/src/install/sam_msgs/local/lib/python3.10/dist-packages/sam_msgs/msg/_uavcan_node_status_named_array.py
-- Up-to-date: /home/schni2zle/colcon_ws/src/install/sam_msgs/local/lib/python3.10/dist-packages/sam_msgs/msg/_uavcan_node_status_named_s.c
-- Up-to-date: /home/schni2zle/colcon_ws/src/install/sam_msgs/local/lib/python3.10/dist-packages/sam_msgs/msg/_light_command_array_s.c
-- Up-to-date: /home/schni2zle/colcon_ws/src/install/sam_msgs/local/lib/python3.10/dist-packages/sam_msgs/msg/_thruster_rp_ms_s.c
-- Up-to-date: /home/schni2zle/colcon_ws/src/install/sam_msgs/local/lib/python3.10/dist-packages/sam_msgs/msg/_uavcan_node_status_named.py
-- Up-to-date: /home/schni2zle/colcon_ws/src/install/sam_msgs/local/lib/python3.10/dist-packages/sam_msgs/msg/_array_command_s.c
-- Up-to-date: /home/schni2zle/colcon_ws/src/install/sam_msgs/local/lib/python3.10/dist-packages/sam_msgs/msg/_links.py
-- Up-to-date: /home/schni2zle/colcon_ws/src/install/sam_msgs/local/lib/python3.10/dist-packages/sam_msgs/msg/_ctp.py
-- Up-to-date: /home/schni2zle/colcon_ws/src/install/sam_msgs/local/lib/python3.10/dist-packages/sam_msgs/msg/_percent_stamped.py
-- Up-to-date: /home/schni2zle/colcon_ws/src/install/sam_msgs/local/lib/python3.10/dist-packages/sam_msgs/_sam_msgs_s.ep.rosidl_typesupport_fastrtps_c.c
-- Up-to-date: /home/schni2zle/colcon_ws/src/install/sam_msgs/local/lib/python3.10/dist-packages/sam_msgs/srv
-- Up-to-date: /home/schni2zle/colcon_ws/src/install/sam_msgs/local/lib/python3.10/dist-packages/sam_msgs/srv/__init__.py
-- Up-to-date: /home/schni2zle/colcon_ws/src/install/sam_msgs/local/lib/python3.10/dist-packages/sam_msgs/srv/_uavcan_update_battery.py
-- Up-to-date: /home/schni2zle/colcon_ws/src/install/sam_msgs/local/lib/python3.10/dist-packages/sam_msgs/srv/_uavcan_update_battery_s.c
-- Up-to-date: /home/schni2zle/colcon_ws/src/install/sam_msgs/local/lib/python3.10/dist-packages/sam_msgs/_sam_msgs_s.ep.rosidl_typesupport_introspection_c.c
-- Up-to-date: /home/schni2zle/colcon_ws/src/install/sam_msgs/local/lib/python3.10/dist-packages/sam_msgs/_sam_msgs_s.ep.rosidl_typesupport_c.c
-- Up-to-date: /home/schni2zle/colcon_ws/src/install/sam_msgs/local/lib/python3.10/dist-packages/sam_msgs/__init__.py
-- Up-to-date: /home/schni2zle/colcon_ws/src/install/sam_msgs/local/lib/python3.10/dist-packages/sam_msgs/sam_msgs_s__rosidl_typesupport_c.cpython-310-x86_64-linux-gnu.so
-- Up-to-date: /home/schni2zle/colcon_ws/src/install/sam_msgs/local/lib/python3.10/dist-packages/sam_msgs/sam_msgs_s__rosidl_typesupport_introspection_c.cpython-310-x86_64-linux-gnu.so
-- Up-to-date: /home/schni2zle/colcon_ws/src/install/sam_msgs/local/lib/python3.10/dist-packages/sam_msgs/sam_msgs_s__rosidl_typesupport_fastrtps_c.cpython-310-x86_64-linux-gnu.so
Listing '/home/schni2zle/colcon_ws/src/install/sam_msgs/local/lib/python3.10/dist-packages/sam_msgs'...
Listing '/home/schni2zle/colcon_ws/src/install/sam_msgs/local/lib/python3.10/dist-packages/sam_msgs/msg'...
Listing '/home/schni2zle/colcon_ws/src/install/sam_msgs/local/lib/python3.10/dist-packages/sam_msgs/srv'...
-- Up-to-date: /home/schni2zle/colcon_ws/src/install/sam_msgs/local/lib/python3.10/dist-packages/sam_msgs/sam_msgs_s__rosidl_typesupport_fastrtps_c.cpython-310-x86_64-linux-gnu.so
-- Up-to-date: /home/schni2zle/colcon_ws/src/install/sam_msgs/local/lib/python3.10/dist-packages/sam_msgs/sam_msgs_s__rosidl_typesupport_introspection_c.cpython-310-x86_64-linux-gnu.so
-- Up-to-date: /home/schni2zle/colcon_ws/src/install/sam_msgs/local/lib/python3.10/dist-packages/sam_msgs/sam_msgs_s__rosidl_typesupport_c.cpython-310-x86_64-linux-gnu.so
-- Up-to-date: /home/schni2zle/colcon_ws/src/install/sam_msgs/lib/libsam_msgs__rosidl_generator_py.so
-- Up-to-date: /home/schni2zle/colcon_ws/src/install/sam_msgs/share/sam_msgs/msg/ArrayCommand.idl
-- Up-to-date: /home/schni2zle/colcon_ws/src/install/sam_msgs/share/sam_msgs/msg/BallastAngles.idl
-- Up-to-date: /home/schni2zle/colcon_ws/src/install/sam_msgs/share/sam_msgs/msg/CircuitStatus.idl
-- Up-to-date: /home/schni2zle/colcon_ws/src/install/sam_msgs/share/sam_msgs/msg/CircuitStatusStampedArray.idl
-- Up-to-date: /home/schni2zle/colcon_ws/src/install/sam_msgs/share/sam_msgs/msg/CircuitStatusStamped.idl
-- Up-to-date: /home/schni2zle/colcon_ws/src/install/sam_msgs/share/sam_msgs/msg/Command.idl
-- Up-to-date: /home/schni2zle/colcon_ws/src/install/sam_msgs/share/sam_msgs/msg/ConsumedChargeArray.idl
-- Up-to-date: /home/schni2zle/colcon_ws/src/install/sam_msgs/share/sam_msgs/msg/ConsumedChargeFeedback.idl
-- Up-to-date: /home/schni2zle/colcon_ws/src/install/sam_msgs/share/sam_msgs/msg/ConsumedCharge.idl
-- Up-to-date: /home/schni2zle/colcon_ws/src/install/sam_msgs/share/sam_msgs/msg/CTP.idl
-- Up-to-date: /home/schni2zle/colcon_ws/src/install/sam_msgs/share/sam_msgs/msg/Leak.idl
-- Up-to-date: /home/schni2zle/colcon_ws/src/install/sam_msgs/share/sam_msgs/msg/LightCommandArray.idl
-- Up-to-date: /home/schni2zle/colcon_ws/src/install/sam_msgs/share/sam_msgs/msg/LightCommand.idl
-- Up-to-date: /home/schni2zle/colcon_ws/src/install/sam_msgs/share/sam_msgs/msg/PercentStamped.idl
-- Up-to-date: /home/schni2zle/colcon_ws/src/install/sam_msgs/share/sam_msgs/msg/ThrusterAngles.idl
-- Up-to-date: /home/schni2zle/colcon_ws/src/install/sam_msgs/share/sam_msgs/msg/ThrusterRPMs.idl
-- Up-to-date: /home/schni2zle/colcon_ws/src/install/sam_msgs/share/sam_msgs/msg/UavcanNodeStatus.idl
-- Up-to-date: /home/schni2zle/colcon_ws/src/install/sam_msgs/share/sam_msgs/msg/UavcanNodeStatusNamedArray.idl
-- Up-to-date: /home/schni2zle/colcon_ws/src/install/sam_msgs/share/sam_msgs/msg/UavcanNodeStatusNamed.idl
-- Up-to-date: /home/schni2zle/colcon_ws/src/install/sam_msgs/share/sam_msgs/msg/Topics.idl
-- Up-to-date: /home/schni2zle/colcon_ws/src/install/sam_msgs/share/sam_msgs/msg/Links.idl
-- Up-to-date: /home/schni2zle/colcon_ws/src/install/sam_msgs/share/sam_msgs/srv/UavcanUpdateBattery.idl
-- Up-to-date: /home/schni2zle/colcon_ws/src/install/sam_msgs/share/sam_msgs/msg/ArrayCommand.msg
-- Up-to-date: /home/schni2zle/colcon_ws/src/install/sam_msgs/share/sam_msgs/msg/BallastAngles.msg
-- Up-to-date: /home/schni2zle/colcon_ws/src/install/sam_msgs/share/sam_msgs/msg/CircuitStatus.msg
-- Up-to-date: /home/schni2zle/colcon_ws/src/install/sam_msgs/share/sam_msgs/msg/CircuitStatusStampedArray.msg
-- Up-to-date: /home/schni2zle/colcon_ws/src/install/sam_msgs/share/sam_msgs/msg/CircuitStatusStamped.msg
-- Up-to-date: /home/schni2zle/colcon_ws/src/install/sam_msgs/share/sam_msgs/msg/Command.msg
-- Up-to-date: /home/schni2zle/colcon_ws/src/install/sam_msgs/share/sam_msgs/msg/ConsumedChargeArray.msg
-- Up-to-date: /home/schni2zle/colcon_ws/src/install/sam_msgs/share/sam_msgs/msg/ConsumedChargeFeedback.msg
-- Up-to-date: /home/schni2zle/colcon_ws/src/install/sam_msgs/share/sam_msgs/msg/ConsumedCharge.msg
-- Up-to-date: /home/schni2zle/colcon_ws/src/install/sam_msgs/share/sam_msgs/msg/CTP.msg
-- Up-to-date: /home/schni2zle/colcon_ws/src/install/sam_msgs/share/sam_msgs/msg/Leak.msg
-- Up-to-date: /home/schni2zle/colcon_ws/src/install/sam_msgs/share/sam_msgs/msg/LightCommandArray.msg
-- Up-to-date: /home/schni2zle/colcon_ws/src/install/sam_msgs/share/sam_msgs/msg/LightCommand.msg
-- Up-to-date: /home/schni2zle/colcon_ws/src/install/sam_msgs/share/sam_msgs/msg/PercentStamped.msg
-- Up-to-date: /home/schni2zle/colcon_ws/src/install/sam_msgs/share/sam_msgs/msg/ThrusterAngles.msg
-- Up-to-date: /home/schni2zle/colcon_ws/src/install/sam_msgs/share/sam_msgs/msg/ThrusterRPMs.msg
-- Up-to-date: /home/schni2zle/colcon_ws/src/install/sam_msgs/share/sam_msgs/msg/UavcanNodeStatus.msg
-- Up-to-date: /home/schni2zle/colcon_ws/src/install/sam_msgs/share/sam_msgs/msg/UavcanNodeStatusNamedArray.msg
-- Up-to-date: /home/schni2zle/colcon_ws/src/install/sam_msgs/share/sam_msgs/msg/UavcanNodeStatusNamed.msg
-- Up-to-date: /home/schni2zle/colcon_ws/src/install/sam_msgs/share/sam_msgs/msg/Topics.msg
-- Up-to-date: /home/schni2zle/colcon_ws/src/install/sam_msgs/share/sam_msgs/msg/Links.msg
-- Up-to-date: /home/schni2zle/colcon_ws/src/install/sam_msgs/share/sam_msgs/srv/UavcanUpdateBattery.srv
-- Up-to-date: /home/schni2zle/colcon_ws/src/install/sam_msgs/share/sam_msgs/srv/UavcanUpdateBattery_Request.msg
-- Up-to-date: /home/schni2zle/colcon_ws/src/install/sam_msgs/share/sam_msgs/srv/UavcanUpdateBattery_Response.msg
-- Up-to-date: /home/schni2zle/colcon_ws/src/install/sam_msgs/share/ament_index/resource_index/package_run_dependencies/sam_msgs
-- Up-to-date: /home/schni2zle/colcon_ws/src/install/sam_msgs/share/ament_index/resource_index/parent_prefix_path/sam_msgs
-- Up-to-date: /home/schni2zle/colcon_ws/src/install/sam_msgs/share/sam_msgs/environment/ament_prefix_path.sh
-- Up-to-date: /home/schni2zle/colcon_ws/src/install/sam_msgs/share/sam_msgs/environment/ament_prefix_path.dsv
-- Up-to-date: /home/schni2zle/colcon_ws/src/install/sam_msgs/share/sam_msgs/environment/path.sh
-- Up-to-date: /home/schni2zle/colcon_ws/src/install/sam_msgs/share/sam_msgs/environment/path.dsv
-- Up-to-date: /home/schni2zle/colcon_ws/src/install/sam_msgs/share/sam_msgs/local_setup.bash
-- Up-to-date: /home/schni2zle/colcon_ws/src/install/sam_msgs/share/sam_msgs/local_setup.sh
-- Up-to-date: /home/schni2zle/colcon_ws/src/install/sam_msgs/share/sam_msgs/local_setup.zsh
-- Up-to-date: /home/schni2zle/colcon_ws/src/install/sam_msgs/share/sam_msgs/local_setup.dsv
-- Installing: /home/schni2zle/colcon_ws/src/install/sam_msgs/share/sam_msgs/package.dsv
-- Up-to-date: /home/schni2zle/colcon_ws/src/install/sam_msgs/share/ament_index/resource_index/packages/sam_msgs
-- Up-to-date: /home/schni2zle/colcon_ws/src/install/sam_msgs/share/sam_msgs/cmake/export_sam_msgs__rosidl_generator_cExport.cmake
-- Up-to-date: /home/schni2zle/colcon_ws/src/install/sam_msgs/share/sam_msgs/cmake/export_sam_msgs__rosidl_generator_cExport-noconfig.cmake
-- Up-to-date: /home/schni2zle/colcon_ws/src/install/sam_msgs/share/sam_msgs/cmake/export_sam_msgs__rosidl_typesupport_fastrtps_cExport.cmake
-- Up-to-date: /home/schni2zle/colcon_ws/src/install/sam_msgs/share/sam_msgs/cmake/export_sam_msgs__rosidl_typesupport_fastrtps_cExport-noconfig.cmake
-- Up-to-date: /home/schni2zle/colcon_ws/src/install/sam_msgs/share/sam_msgs/cmake/sam_msgs__rosidl_typesupport_introspection_cExport.cmake
-- Up-to-date: /home/schni2zle/colcon_ws/src/install/sam_msgs/share/sam_msgs/cmake/sam_msgs__rosidl_typesupport_introspection_cExport-noconfig.cmake
-- Up-to-date: /home/schni2zle/colcon_ws/src/install/sam_msgs/share/sam_msgs/cmake/sam_msgs__rosidl_typesupport_cExport.cmake
-- Up-to-date: /home/schni2zle/colcon_ws/src/install/sam_msgs/share/sam_msgs/cmake/sam_msgs__rosidl_typesupport_cExport-noconfig.cmake
-- Up-to-date: /home/schni2zle/colcon_ws/src/install/sam_msgs/share/sam_msgs/cmake/export_sam_msgs__rosidl_generator_cppExport.cmake
-- Up-to-date: /home/schni2zle/colcon_ws/src/install/sam_msgs/share/sam_msgs/cmake/export_sam_msgs__rosidl_typesupport_fastrtps_cppExport.cmake
-- Up-to-date: /home/schni2zle/colcon_ws/src/install/sam_msgs/share/sam_msgs/cmake/export_sam_msgs__rosidl_typesupport_fastrtps_cppExport-noconfig.cmake
-- Up-to-date: /home/schni2zle/colcon_ws/src/install/sam_msgs/share/sam_msgs/cmake/sam_msgs__rosidl_typesupport_introspection_cppExport.cmake
-- Up-to-date: /home/schni2zle/colcon_ws/src/install/sam_msgs/share/sam_msgs/cmake/sam_msgs__rosidl_typesupport_introspection_cppExport-noconfig.cmake
-- Up-to-date: /home/schni2zle/colcon_ws/src/install/sam_msgs/share/sam_msgs/cmake/sam_msgs__rosidl_typesupport_cppExport.cmake
-- Up-to-date: /home/schni2zle/colcon_ws/src/install/sam_msgs/share/sam_msgs/cmake/sam_msgs__rosidl_typesupport_cppExport-noconfig.cmake
-- Up-to-date: /home/schni2zle/colcon_ws/src/install/sam_msgs/share/sam_msgs/cmake/export_sam_msgs__rosidl_generator_pyExport.cmake
-- Up-to-date: /home/schni2zle/colcon_ws/src/install/sam_msgs/share/sam_msgs/cmake/export_sam_msgs__rosidl_generator_pyExport-noconfig.cmake
-- Up-to-date: /home/schni2zle/colcon_ws/src/install/sam_msgs/share/sam_msgs/cmake/rosidl_cmake-extras.cmake
-- Up-to-date: /home/schni2zle/colcon_ws/src/install/sam_msgs/share/sam_msgs/cmake/ament_cmake_export_dependencies-extras.cmake
-- Up-to-date: /home/schni2zle/colcon_ws/src/install/sam_msgs/share/sam_msgs/cmake/ament_cmake_export_include_directories-extras.cmake
-- Up-to-date: /home/schni2zle/colcon_ws/src/install/sam_msgs/share/sam_msgs/cmake/ament_cmake_export_libraries-extras.cmake
-- Up-to-date: /home/schni2zle/colcon_ws/src/install/sam_msgs/share/sam_msgs/cmake/ament_cmake_export_targets-extras.cmake
-- Up-to-date: /home/schni2zle/colcon_ws/src/install/sam_msgs/share/sam_msgs/cmake/rosidl_cmake_export_typesupport_targets-extras.cmake
-- Up-to-date: /home/schni2zle/colcon_ws/src/install/sam_msgs/share/sam_msgs/cmake/rosidl_cmake_export_typesupport_libraries-extras.cmake
-- Up-to-date: /home/schni2zle/colcon_ws/src/install/sam_msgs/share/sam_msgs/cmake/sam_msgsConfig.cmake
-- Up-to-date: /home/schni2zle/colcon_ws/src/install/sam_msgs/share/sam_msgs/cmake/sam_msgsConfig-version.cmake
-- Up-to-date: /home/schni2zle/colcon_ws/src/install/sam_msgs/share/sam_msgs/package.xml
