running egg_info
writing ../../build/smarc_bt/smarc_bt.egg-info/PKG-INFO
writing dependency_links to ../../build/smarc_bt/smarc_bt.egg-info/dependency_links.txt
writing entry points to ../../build/smarc_bt/smarc_bt.egg-info/entry_points.txt
writing requirements to ../../build/smarc_bt/smarc_bt.egg-info/requires.txt
writing top-level names to ../../build/smarc_bt/smarc_bt.egg-info/top_level.txt
reading manifest file '../../build/smarc_bt/smarc_bt.egg-info/SOURCES.txt'
adding license file 'LICENSE'
writing manifest file '../../build/smarc_bt/smarc_bt.egg-info/SOURCES.txt'
running build
running build_py
running install
running install_lib
running install_data
running install_egg_info
removing '/home/schni2zle/colcon_ws/src/install/smarc_bt/lib/python3.10/site-packages/smarc_bt-0.0.0-py3.10.egg-info' (and everything under it)
Copying ../../build/smarc_bt/smarc_bt.egg-info to /home/schni2zle/colcon_ws/src/install/smarc_bt/lib/python3.10/site-packages/smarc_bt-0.0.0-py3.10.egg-info
running install_scripts
Installing send_test_mission script to /home/schni2zle/colcon_ws/src/install/smarc_bt/lib/smarc_bt
Installing smarc_bt script to /home/schni2zle/colcon_ws/src/install/smarc_bt/lib/smarc_bt
Installing test_bt_conditions script to /home/schni2zle/colcon_ws/src/install/smarc_bt/lib/smarc_bt
Installing test_dubins_planner_caller script to /home/schni2zle/colcon_ws/src/install/smarc_bt/lib/smarc_bt
Installing test_ros_vehicle script to /home/schni2zle/colcon_ws/src/install/smarc_bt/lib/smarc_bt
Installing test_sam_auv script to /home/schni2zle/colcon_ws/src/install/smarc_bt/lib/smarc_bt
writing list of installed files to '/home/schni2zle/colcon_ws/src/build/smarc_bt/install.log'
