[3.492s] Invoking command in '/home/schni2zle/colcon_ws/src/behaviours/smarc_bt': PYTHONPATH=/home/schni2zle/colcon_ws/src/build/smarc_bt/prefix_override:/usr/lib/python3/dist-packages/colcon_core/task/python/colcon_distutils_commands:/home/schni2zle/colcon_ws/src/install/smarc_bt/lib/python3.10/site-packages:${PYTHONPATH} /usr/bin/python3 -W ignore:setup.py install is deprecated setup.py egg_info --egg-base ../../build/smarc_bt build --build-base /home/schni2zle/colcon_ws/src/build/smarc_bt/build install --record /home/schni2zle/colcon_ws/src/build/smarc_bt/install.log --single-version-externally-managed install_data
[4.505s] running egg_info
[4.506s] writing ../../build/smarc_bt/smarc_bt.egg-info/PKG-INFO
[4.506s] writing dependency_links to ../../build/smarc_bt/smarc_bt.egg-info/dependency_links.txt
[4.507s] writing entry points to ../../build/smarc_bt/smarc_bt.egg-info/entry_points.txt
[4.507s] writing requirements to ../../build/smarc_bt/smarc_bt.egg-info/requires.txt
[4.508s] writing top-level names to ../../build/smarc_bt/smarc_bt.egg-info/top_level.txt
[4.514s] reading manifest file '../../build/smarc_bt/smarc_bt.egg-info/SOURCES.txt'
[4.515s] adding license file 'LICENSE'
[4.517s] writing manifest file '../../build/smarc_bt/smarc_bt.egg-info/SOURCES.txt'
[4.517s] running build
[4.517s] running build_py
[4.523s] running install
[4.524s] running install_lib
[4.531s] running install_data
[4.532s] running install_egg_info
[4.537s] removing '/home/schni2zle/colcon_ws/src/install/smarc_bt/lib/python3.10/site-packages/smarc_bt-0.0.0-py3.10.egg-info' (and everything under it)
[4.538s] Copying ../../build/smarc_bt/smarc_bt.egg-info to /home/schni2zle/colcon_ws/src/install/smarc_bt/lib/python3.10/site-packages/smarc_bt-0.0.0-py3.10.egg-info
[4.541s] running install_scripts
[4.598s] Installing send_test_mission script to /home/schni2zle/colcon_ws/src/install/smarc_bt/lib/smarc_bt
[4.599s] Installing smarc_bt script to /home/schni2zle/colcon_ws/src/install/smarc_bt/lib/smarc_bt
[4.599s] Installing test_bt_conditions script to /home/schni2zle/colcon_ws/src/install/smarc_bt/lib/smarc_bt
[4.599s] Installing test_dubins_planner_caller script to /home/schni2zle/colcon_ws/src/install/smarc_bt/lib/smarc_bt
[4.600s] Installing test_ros_vehicle script to /home/schni2zle/colcon_ws/src/install/smarc_bt/lib/smarc_bt
[4.600s] Installing test_sam_auv script to /home/schni2zle/colcon_ws/src/install/smarc_bt/lib/smarc_bt
[4.603s] writing list of installed files to '/home/schni2zle/colcon_ws/src/build/smarc_bt/install.log'
[6.343s] Invoked command in '/home/schni2zle/colcon_ws/src/behaviours/smarc_bt' returned '0': PYTHONPATH=/home/schni2zle/colcon_ws/src/build/smarc_bt/prefix_override:/usr/lib/python3/dist-packages/colcon_core/task/python/colcon_distutils_commands:/home/schni2zle/colcon_ws/src/install/smarc_bt/lib/python3.10/site-packages:${PYTHONPATH} /usr/bin/python3 -W ignore:setup.py install is deprecated setup.py egg_info --egg-base ../../build/smarc_bt build --build-base /home/schni2zle/colcon_ws/src/build/smarc_bt/build install --record /home/schni2zle/colcon_ws/src/build/smarc_bt/install.log --single-version-externally-managed install_data
