[7.443s] Invoking command in '/home/schni2zle/colcon_ws/src/behaviours/basic_go_to_waypoint': PYTHONPATH=/home/schni2zle/colcon_ws/src/build/basic_go_to_waypoint/prefix_override:/usr/lib/python3/dist-packages/colcon_core/task/python/colcon_distutils_commands:/home/schni2zle/colcon_ws/src/install/basic_go_to_waypoint/lib/python3.10/site-packages:${PYTHONPATH} /usr/bin/python3 -W ignore:setup.py install is deprecated setup.py egg_info --egg-base ../../build/basic_go_to_waypoint build --build-base /home/schni2zle/colcon_ws/src/build/basic_go_to_waypoint/build install --record /home/schni2zle/colcon_ws/src/build/basic_go_to_waypoint/install.log --single-version-externally-managed install_data
[8.871s] running egg_info
[8.874s] writing ../../build/basic_go_to_waypoint/basic_go_to_waypoint.egg-info/PKG-INFO
[8.874s] writing dependency_links to ../../build/basic_go_to_waypoint/basic_go_to_waypoint.egg-info/dependency_links.txt
[8.875s] writing entry points to ../../build/basic_go_to_waypoint/basic_go_to_waypoint.egg-info/entry_points.txt
[8.876s] writing requirements to ../../build/basic_go_to_waypoint/basic_go_to_waypoint.egg-info/requires.txt
[8.876s] writing top-level names to ../../build/basic_go_to_waypoint/basic_go_to_waypoint.egg-info/top_level.txt
[8.891s] reading manifest file '../../build/basic_go_to_waypoint/basic_go_to_waypoint.egg-info/SOURCES.txt'
[8.895s] adding license file 'LICENSE'
[8.896s] writing manifest file '../../build/basic_go_to_waypoint/basic_go_to_waypoint.egg-info/SOURCES.txt'
[8.896s] running build
[8.896s] running build_py
[8.896s] running install
[8.898s] running install_lib
[8.898s] running install_data
[8.899s] running install_egg_info
[8.907s] removing '/home/schni2zle/colcon_ws/src/install/basic_go_to_waypoint/lib/python3.10/site-packages/basic_go_to_waypoint-0.0.0-py3.10.egg-info' (and everything under it)
[8.908s] Copying ../../build/basic_go_to_waypoint/basic_go_to_waypoint.egg-info to /home/schni2zle/colcon_ws/src/install/basic_go_to_waypoint/lib/python3.10/site-packages/basic_go_to_waypoint-0.0.0-py3.10.egg-info
[8.912s] running install_scripts
[9.011s] Installing action_client_node script to /home/schni2zle/colcon_ws/src/install/basic_go_to_waypoint/lib/basic_go_to_waypoint
[9.011s] Installing action_server_node script to /home/schni2zle/colcon_ws/src/install/basic_go_to_waypoint/lib/basic_go_to_waypoint
[9.011s] Installing view_test script to /home/schni2zle/colcon_ws/src/install/basic_go_to_waypoint/lib/basic_go_to_waypoint
[9.011s] Installing waypoint_following script to /home/schni2zle/colcon_ws/src/install/basic_go_to_waypoint/lib/basic_go_to_waypoint
[9.012s] writing list of installed files to '/home/schni2zle/colcon_ws/src/build/basic_go_to_waypoint/install.log'
[10.877s] Invoked command in '/home/schni2zle/colcon_ws/src/behaviours/basic_go_to_waypoint' returned '0': PYTHONPATH=/home/schni2zle/colcon_ws/src/build/basic_go_to_waypoint/prefix_override:/usr/lib/python3/dist-packages/colcon_core/task/python/colcon_distutils_commands:/home/schni2zle/colcon_ws/src/install/basic_go_to_waypoint/lib/python3.10/site-packages:${PYTHONPATH} /usr/bin/python3 -W ignore:setup.py install is deprecated setup.py egg_info --egg-base ../../build/basic_go_to_waypoint build --build-base /home/schni2zle/colcon_ws/src/build/basic_go_to_waypoint/build install --record /home/schni2zle/colcon_ws/src/build/basic_go_to_waypoint/install.log --single-version-externally-managed install_data
