/home/schni2zle/colcon_ws/src/install/sam_dead_reckoning/lib/python3.10/site-packages/sam_dead_reckoning/dr_node.py
/home/schni2zle/colcon_ws/src/install/sam_dead_reckoning/lib/python3.10/site-packages/sam_dead_reckoning/press_to_depth.py
/home/schni2zle/colcon_ws/src/install/sam_dead_reckoning/lib/python3.10/site-packages/sam_dead_reckoning/sam_mm.py
/home/schni2zle/colcon_ws/src/install/sam_dead_reckoning/lib/python3.10/site-packages/sam_dead_reckoning/visual_tools.py
/home/schni2zle/colcon_ws/src/install/sam_dead_reckoning/lib/python3.10/site-packages/sam_dead_reckoning/yaw_enu_2_compass_heading.py
/home/schni2zle/colcon_ws/src/install/sam_dead_reckoning/lib/python3.10/site-packages/sam_dead_reckoning/sbg_imu_2_rpy_enu.py
/home/schni2zle/colcon_ws/src/install/sam_dead_reckoning/lib/python3.10/site-packages/sam_dead_reckoning/__init__.py
/home/schni2zle/colcon_ws/src/install/sam_dead_reckoning/lib/python3.10/site-packages/sam_dead_reckoning/gps_node.py
/home/schni2zle/colcon_ws/src/install/sam_dead_reckoning/lib/python3.10/site-packages/sam_dead_reckoning/dr_odom_2_lat_lon.py
/home/schni2zle/colcon_ws/src/install/sam_dead_reckoning/lib/python3.10/site-packages/sam_dead_reckoning/helpers/ros_helpers.py
/home/schni2zle/colcon_ws/src/install/sam_dead_reckoning/lib/python3.10/site-packages/sam_dead_reckoning/helpers/__init__.py
/home/schni2zle/colcon_ws/src/install/sam_dead_reckoning/lib/python3.10/site-packages/sam_dead_reckoning/__pycache__/dr_node.cpython-310.pyc
/home/schni2zle/colcon_ws/src/install/sam_dead_reckoning/lib/python3.10/site-packages/sam_dead_reckoning/__pycache__/press_to_depth.cpython-310.pyc
/home/schni2zle/colcon_ws/src/install/sam_dead_reckoning/lib/python3.10/site-packages/sam_dead_reckoning/__pycache__/sam_mm.cpython-310.pyc
/home/schni2zle/colcon_ws/src/install/sam_dead_reckoning/lib/python3.10/site-packages/sam_dead_reckoning/__pycache__/visual_tools.cpython-310.pyc
/home/schni2zle/colcon_ws/src/install/sam_dead_reckoning/lib/python3.10/site-packages/sam_dead_reckoning/__pycache__/yaw_enu_2_compass_heading.cpython-310.pyc
/home/schni2zle/colcon_ws/src/install/sam_dead_reckoning/lib/python3.10/site-packages/sam_dead_reckoning/__pycache__/sbg_imu_2_rpy_enu.cpython-310.pyc
/home/schni2zle/colcon_ws/src/install/sam_dead_reckoning/lib/python3.10/site-packages/sam_dead_reckoning/__pycache__/__init__.cpython-310.pyc
/home/schni2zle/colcon_ws/src/install/sam_dead_reckoning/lib/python3.10/site-packages/sam_dead_reckoning/__pycache__/gps_node.cpython-310.pyc
/home/schni2zle/colcon_ws/src/install/sam_dead_reckoning/lib/python3.10/site-packages/sam_dead_reckoning/__pycache__/dr_odom_2_lat_lon.cpython-310.pyc
/home/schni2zle/colcon_ws/src/install/sam_dead_reckoning/lib/python3.10/site-packages/sam_dead_reckoning/helpers/__pycache__/ros_helpers.cpython-310.pyc
/home/schni2zle/colcon_ws/src/install/sam_dead_reckoning/lib/python3.10/site-packages/sam_dead_reckoning/helpers/__pycache__/__init__.cpython-310.pyc
/home/schni2zle/colcon_ws/src/install/sam_dead_reckoning/share/ament_index/resource_index/packages/sam_dead_reckoning
/home/schni2zle/colcon_ws/src/install/sam_dead_reckoning/share/sam_dead_reckoning/package.xml
/home/schni2zle/colcon_ws/src/install/sam_dead_reckoning/share/sam_dead_reckoning/launch/sam_dr_launch.launch
/home/schni2zle/colcon_ws/src/install/sam_dead_reckoning/share/sam_dead_reckoning/rviz
/home/schni2zle/colcon_ws/src/install/sam_dead_reckoning/share/sam_dead_reckoning/config
/home/schni2zle/colcon_ws/src/install/sam_dead_reckoning/lib/python3.10/site-packages/sam_dead_reckoning-0.0.0-py3.10.egg-info/entry_points.txt
/home/schni2zle/colcon_ws/src/install/sam_dead_reckoning/lib/python3.10/site-packages/sam_dead_reckoning-0.0.0-py3.10.egg-info/requires.txt
/home/schni2zle/colcon_ws/src/install/sam_dead_reckoning/lib/python3.10/site-packages/sam_dead_reckoning-0.0.0-py3.10.egg-info/PKG-INFO
/home/schni2zle/colcon_ws/src/install/sam_dead_reckoning/lib/python3.10/site-packages/sam_dead_reckoning-0.0.0-py3.10.egg-info/SOURCES.txt
/home/schni2zle/colcon_ws/src/install/sam_dead_reckoning/lib/python3.10/site-packages/sam_dead_reckoning-0.0.0-py3.10.egg-info/zip-safe
/home/schni2zle/colcon_ws/src/install/sam_dead_reckoning/lib/python3.10/site-packages/sam_dead_reckoning-0.0.0-py3.10.egg-info/top_level.txt
/home/schni2zle/colcon_ws/src/install/sam_dead_reckoning/lib/python3.10/site-packages/sam_dead_reckoning-0.0.0-py3.10.egg-info/dependency_links.txt
/home/schni2zle/colcon_ws/src/install/sam_dead_reckoning/lib/sam_dead_reckoning/compass_heading_node
/home/schni2zle/colcon_ws/src/install/sam_dead_reckoning/lib/sam_dead_reckoning/depth_node
/home/schni2zle/colcon_ws/src/install/sam_dead_reckoning/lib/sam_dead_reckoning/dr_lat_lon_node
/home/schni2zle/colcon_ws/src/install/sam_dead_reckoning/lib/sam_dead_reckoning/dr_node
/home/schni2zle/colcon_ws/src/install/sam_dead_reckoning/lib/sam_dead_reckoning/gps_node
/home/schni2zle/colcon_ws/src/install/sam_dead_reckoning/lib/sam_dead_reckoning/rpy_node
