[100%] Built target pid_actuator_trim
[100%] Built target ament_cmake_python_copy_sam_basic_controllers
running egg_info
writing sam_basic_controllers.egg-info/PKG-INFO
writing dependency_links to sam_basic_controllers.egg-info/dependency_links.txt
writing top-level names to sam_basic_controllers.egg-info/top_level.txt
reading manifest file 'sam_basic_controllers.egg-info/SOURCES.txt'
writing manifest file 'sam_basic_controllers.egg-info/SOURCES.txt'
[100%] Built target ament_cmake_python_build_sam_basic_controllers_egg
-- Install configuration: ""
-- Up-to-date: /home/schni2zle/colcon_ws/src/install/sam_basic_controllers/lib/sam_basic_controllers/pid_actuator_trim
-- Up-to-date: /home/schni2zle/colcon_ws/src/install/sam_basic_controllers/share/sam_basic_controllers/environment/pythonpath.sh
-- Up-to-date: /home/schni2zle/colcon_ws/src/install/sam_basic_controllers/share/sam_basic_controllers/environment/pythonpath.dsv
-- Up-to-date: /home/schni2zle/colcon_ws/src/install/sam_basic_controllers/local/lib/python3.10/dist-packages/sam_basic_controllers-0.1.0-py3.10.egg-info
-- Installing: /home/schni2zle/colcon_ws/src/install/sam_basic_controllers/local/lib/python3.10/dist-packages/sam_basic_controllers-0.1.0-py3.10.egg-info/PKG-INFO
-- Installing: /home/schni2zle/colcon_ws/src/install/sam_basic_controllers/local/lib/python3.10/dist-packages/sam_basic_controllers-0.1.0-py3.10.egg-info/SOURCES.txt
-- Installing: /home/schni2zle/colcon_ws/src/install/sam_basic_controllers/local/lib/python3.10/dist-packages/sam_basic_controllers-0.1.0-py3.10.egg-info/top_level.txt
-- Installing: /home/schni2zle/colcon_ws/src/install/sam_basic_controllers/local/lib/python3.10/dist-packages/sam_basic_controllers-0.1.0-py3.10.egg-info/dependency_links.txt
-- Up-to-date: /home/schni2zle/colcon_ws/src/install/sam_basic_controllers/local/lib/python3.10/dist-packages/sam_basic_controllers
-- Up-to-date: /home/schni2zle/colcon_ws/src/install/sam_basic_controllers/local/lib/python3.10/dist-packages/sam_basic_controllers/depth_lookahead_node.py
-- Up-to-date: /home/schni2zle/colcon_ws/src/install/sam_basic_controllers/local/lib/python3.10/dist-packages/sam_basic_controllers/__init__.py
-- Up-to-date: /home/schni2zle/colcon_ws/src/install/sam_basic_controllers/local/lib/python3.10/dist-packages/sam_basic_controllers/thruster_ctrl_node.py
Listing '/home/schni2zle/colcon_ws/src/install/sam_basic_controllers/local/lib/python3.10/dist-packages/sam_basic_controllers'...
-- Up-to-date: /home/schni2zle/colcon_ws/src/install/sam_basic_controllers/lib/sam_basic_controllers/depth_lookahead_node.py
-- Up-to-date: /home/schni2zle/colcon_ws/src/install/sam_basic_controllers/lib/sam_basic_controllers/thruster_ctrl_node.py
-- Up-to-date: /home/schni2zle/colcon_ws/src/install/sam_basic_controllers/share/sam_basic_controllers/launch/
-- Up-to-date: /home/schni2zle/colcon_ws/src/install/sam_basic_controllers/share/sam_basic_controllers/launch//.DS_Store
-- Up-to-date: /home/schni2zle/colcon_ws/src/install/sam_basic_controllers/share/sam_basic_controllers/launch//sam_control.launch
-- Up-to-date: /home/schni2zle/colcon_ws/src/install/sam_basic_controllers/share/ament_index/resource_index/package_run_dependencies/sam_basic_controllers
-- Up-to-date: /home/schni2zle/colcon_ws/src/install/sam_basic_controllers/share/ament_index/resource_index/parent_prefix_path/sam_basic_controllers
-- Up-to-date: /home/schni2zle/colcon_ws/src/install/sam_basic_controllers/share/sam_basic_controllers/environment/ament_prefix_path.sh
-- Up-to-date: /home/schni2zle/colcon_ws/src/install/sam_basic_controllers/share/sam_basic_controllers/environment/ament_prefix_path.dsv
-- Up-to-date: /home/schni2zle/colcon_ws/src/install/sam_basic_controllers/share/sam_basic_controllers/environment/path.sh
-- Up-to-date: /home/schni2zle/colcon_ws/src/install/sam_basic_controllers/share/sam_basic_controllers/environment/path.dsv
-- Up-to-date: /home/schni2zle/colcon_ws/src/install/sam_basic_controllers/share/sam_basic_controllers/local_setup.bash
-- Up-to-date: /home/schni2zle/colcon_ws/src/install/sam_basic_controllers/share/sam_basic_controllers/local_setup.sh
-- Up-to-date: /home/schni2zle/colcon_ws/src/install/sam_basic_controllers/share/sam_basic_controllers/local_setup.zsh
-- Up-to-date: /home/schni2zle/colcon_ws/src/install/sam_basic_controllers/share/sam_basic_controllers/local_setup.dsv
-- Installing: /home/schni2zle/colcon_ws/src/install/sam_basic_controllers/share/sam_basic_controllers/package.dsv
-- Up-to-date: /home/schni2zle/colcon_ws/src/install/sam_basic_controllers/share/ament_index/resource_index/packages/sam_basic_controllers
-- Up-to-date: /home/schni2zle/colcon_ws/src/install/sam_basic_controllers/share/sam_basic_controllers/cmake/sam_basic_controllersConfig.cmake
-- Up-to-date: /home/schni2zle/colcon_ws/src/install/sam_basic_controllers/share/sam_basic_controllers/cmake/sam_basic_controllersConfig-version.cmake
-- Up-to-date: /home/schni2zle/colcon_ws/src/install/sam_basic_controllers/share/sam_basic_controllers/package.xml
