[4.170s] Invoking command in '/home/schni2zle/colcon_ws/src/scripts/smarc_bringups': PYTHONPATH=/home/schni2zle/colcon_ws/src/build/smarc_bringups/prefix_override:/usr/lib/python3/dist-packages/colcon_core/task/python/colcon_distutils_commands:/home/schni2zle/colcon_ws/src/install/smarc_bringups/lib/python3.10/site-packages:${PYTHONPATH} /usr/bin/python3 -W ignore:setup.py install is deprecated setup.py egg_info --egg-base ../../build/smarc_bringups build --build-base /home/schni2zle/colcon_ws/src/build/smarc_bringups/build install --record /home/schni2zle/colcon_ws/src/build/smarc_bringups/install.log --single-version-externally-managed install_data
[5.764s] running egg_info
[5.767s] writing ../../build/smarc_bringups/smarc_bringups.egg-info/PKG-INFO
[5.770s] writing dependency_links to ../../build/smarc_bringups/smarc_bringups.egg-info/dependency_links.txt
[5.770s] writing entry points to ../../build/smarc_bringups/smarc_bringups.egg-info/entry_points.txt
[5.770s] writing requirements to ../../build/smarc_bringups/smarc_bringups.egg-info/requires.txt
[5.771s] writing top-level names to ../../build/smarc_bringups/smarc_bringups.egg-info/top_level.txt
[5.776s] reading manifest file '../../build/smarc_bringups/smarc_bringups.egg-info/SOURCES.txt'
[5.777s] adding license file 'LICENSE'
[5.777s] writing manifest file '../../build/smarc_bringups/smarc_bringups.egg-info/SOURCES.txt'
[5.780s] running build
[5.780s] running build_scripts
[5.781s] running install
[5.783s] running install_data
[5.784s] running install_egg_info
[5.789s] removing '/home/schni2zle/colcon_ws/src/install/smarc_bringups/lib/python3.10/site-packages/smarc_bringups-0.0.0-py3.10.egg-info' (and everything under it)
[5.791s] Copying ../../build/smarc_bringups/smarc_bringups.egg-info to /home/schni2zle/colcon_ws/src/install/smarc_bringups/lib/python3.10/site-packages/smarc_bringups-0.0.0-py3.10.egg-info
[5.792s] running install_scripts
[5.878s] changing mode of /home/schni2zle/colcon_ws/src/install/smarc_bringups/lib/smarc_bringups/sam_bringup.sh to 775
[5.882s] writing list of installed files to '/home/schni2zle/colcon_ws/src/build/smarc_bringups/install.log'
[6.112s] Invoked command in '/home/schni2zle/colcon_ws/src/scripts/smarc_bringups' returned '0': PYTHONPATH=/home/schni2zle/colcon_ws/src/build/smarc_bringups/prefix_override:/usr/lib/python3/dist-packages/colcon_core/task/python/colcon_distutils_commands:/home/schni2zle/colcon_ws/src/install/smarc_bringups/lib/python3.10/site-packages:${PYTHONPATH} /usr/bin/python3 -W ignore:setup.py install is deprecated setup.py egg_info --egg-base ../../build/smarc_bringups build --build-base /home/schni2zle/colcon_ws/src/build/smarc_bringups/build install --record /home/schni2zle/colcon_ws/src/build/smarc_bringups/install.log --single-version-externally-managed install_data
