[3.059s] Invoking command in '/home/schni2zle/colcon_ws/src/examples/workshopfun': PYTHONPATH=/home/schni2zle/colcon_ws/src/build/workshopfun/prefix_override:/usr/lib/python3/dist-packages/colcon_core/task/python/colcon_distutils_commands:/home/schni2zle/colcon_ws/src/install/workshopfun/lib/python3.10/site-packages:${PYTHONPATH} /usr/bin/python3 -W ignore:setup.py install is deprecated setup.py egg_info --egg-base ../../build/workshopfun build --build-base /home/schni2zle/colcon_ws/src/build/workshopfun/build install --record /home/schni2zle/colcon_ws/src/build/workshopfun/install.log --single-version-externally-managed install_data
[3.826s] running egg_info
[3.827s] writing ../../build/workshopfun/workshopfun.egg-info/PKG-INFO
[3.828s] writing dependency_links to ../../build/workshopfun/workshopfun.egg-info/dependency_links.txt
[3.828s] writing entry points to ../../build/workshopfun/workshopfun.egg-info/entry_points.txt
[3.828s] writing requirements to ../../build/workshopfun/workshopfun.egg-info/requires.txt
[3.829s] writing top-level names to ../../build/workshopfun/workshopfun.egg-info/top_level.txt
[3.834s] reading manifest file '../../build/workshopfun/workshopfun.egg-info/SOURCES.txt'
[3.835s] adding license file 'LICENSE'
[3.837s] writing manifest file '../../build/workshopfun/workshopfun.egg-info/SOURCES.txt'
[3.837s] running build
[3.837s] running build_py
[3.839s] running install
[3.840s] running install_lib
[3.845s] running install_data
[3.845s] running install_egg_info
[3.850s] removing '/home/schni2zle/colcon_ws/src/install/workshopfun/lib/python3.10/site-packages/workshopfun-0.0.0-py3.10.egg-info' (and everything under it)
[3.850s] Copying ../../build/workshopfun/workshopfun.egg-info to /home/schni2zle/colcon_ws/src/install/workshopfun/lib/python3.10/site-packages/workshopfun-0.0.0-py3.10.egg-info
[3.852s] running install_scripts
[3.902s] Installing action_client_node script to /home/schni2zle/colcon_ws/src/install/workshopfun/lib/workshopfun
[3.902s] Installing action_server_node script to /home/schni2zle/colcon_ws/src/install/workshopfun/lib/workshopfun
[3.903s] Installing science_node script to /home/schni2zle/colcon_ws/src/install/workshopfun/lib/workshopfun
[3.903s] Installing view_test script to /home/schni2zle/colcon_ws/src/install/workshopfun/lib/workshopfun
[3.905s] writing list of installed files to '/home/schni2zle/colcon_ws/src/build/workshopfun/install.log'
[3.959s] Invoked command in '/home/schni2zle/colcon_ws/src/examples/workshopfun' returned '0': PYTHONPATH=/home/schni2zle/colcon_ws/src/build/workshopfun/prefix_override:/usr/lib/python3/dist-packages/colcon_core/task/python/colcon_distutils_commands:/home/schni2zle/colcon_ws/src/install/workshopfun/lib/python3.10/site-packages:${PYTHONPATH} /usr/bin/python3 -W ignore:setup.py install is deprecated setup.py egg_info --egg-base ../../build/workshopfun build --build-base /home/schni2zle/colcon_ws/src/build/workshopfun/build install --record /home/schni2zle/colcon_ws/src/build/workshopfun/install.log --single-version-externally-managed install_data
