[4.654s] Invoking command in '/home/schni2zle/colcon_ws/src/quadrotor/quadrotor_basic_controller': PYTHONPATH=/home/schni2zle/colcon_ws/src/build/quadrotor_basic_controller/prefix_override:/usr/lib/python3/dist-packages/colcon_core/task/python/colcon_distutils_commands:/home/schni2zle/colcon_ws/src/install/quadrotor_basic_controller/lib/python3.10/site-packages:${PYTHONPATH} /usr/bin/python3 -W ignore:setup.py install is deprecated setup.py egg_info --egg-base ../../build/quadrotor_basic_controller build --build-base /home/schni2zle/colcon_ws/src/build/quadrotor_basic_controller/build install --record /home/schni2zle/colcon_ws/src/build/quadrotor_basic_controller/install.log --single-version-externally-managed install_data
[5.517s] running egg_info
[5.520s] writing ../../build/quadrotor_basic_controller/quadrotor_basic_controller.egg-info/PKG-INFO
[5.521s] writing dependency_links to ../../build/quadrotor_basic_controller/quadrotor_basic_controller.egg-info/dependency_links.txt
[5.521s] writing entry points to ../../build/quadrotor_basic_controller/quadrotor_basic_controller.egg-info/entry_points.txt
[5.521s] writing requirements to ../../build/quadrotor_basic_controller/quadrotor_basic_controller.egg-info/requires.txt
[5.521s] writing top-level names to ../../build/quadrotor_basic_controller/quadrotor_basic_controller.egg-info/top_level.txt
[5.525s] reading manifest file '../../build/quadrotor_basic_controller/quadrotor_basic_controller.egg-info/SOURCES.txt'
[5.526s] adding license file 'LICENSE'
[5.527s] writing manifest file '../../build/quadrotor_basic_controller/quadrotor_basic_controller.egg-info/SOURCES.txt'
[5.528s] running build
[5.528s] running build_py
[5.529s] running install
[5.531s] running install_lib
[5.536s] running install_data
[5.537s] running install_egg_info
[5.541s] removing '/home/schni2zle/colcon_ws/src/install/quadrotor_basic_controller/lib/python3.10/site-packages/quadrotor_basic_controller-0.0.0-py3.10.egg-info' (and everything under it)
[5.544s] Copying ../../build/quadrotor_basic_controller/quadrotor_basic_controller.egg-info to /home/schni2zle/colcon_ws/src/install/quadrotor_basic_controller/lib/python3.10/site-packages/quadrotor_basic_controller-0.0.0-py3.10.egg-info
[5.545s] running install_scripts
[5.616s] Installing controller script to /home/schni2zle/colcon_ws/src/install/quadrotor_basic_controller/lib/quadrotor_basic_controller
[5.616s] Installing test script to /home/schni2zle/colcon_ws/src/install/quadrotor_basic_controller/lib/quadrotor_basic_controller
[5.620s] writing list of installed files to '/home/schni2zle/colcon_ws/src/build/quadrotor_basic_controller/install.log'
[7.821s] Invoked command in '/home/schni2zle/colcon_ws/src/quadrotor/quadrotor_basic_controller' returned '0': PYTHONPATH=/home/schni2zle/colcon_ws/src/build/quadrotor_basic_controller/prefix_override:/usr/lib/python3/dist-packages/colcon_core/task/python/colcon_distutils_commands:/home/schni2zle/colcon_ws/src/install/quadrotor_basic_controller/lib/python3.10/site-packages:${PYTHONPATH} /usr/bin/python3 -W ignore:setup.py install is deprecated setup.py egg_info --egg-base ../../build/quadrotor_basic_controller build --build-base /home/schni2zle/colcon_ws/src/build/quadrotor_basic_controller/build install --record /home/schni2zle/colcon_ws/src/build/quadrotor_basic_controller/install.log --single-version-externally-managed install_data
