[1.125s] Invoking command in '/home/jonat/ros2_ws/src/smarc2/quadrotor/quadrotor_basic_controller': PYTHONPATH=/home/jonat/ros2_ws/src/smarc2/build/quadrotor_basic_controller/prefix_override:/usr/lib/python3/dist-packages/colcon_core/task/python/colcon_distutils_commands:/home/jonat/ros2_ws/src/smarc2/install/quadrotor_basic_controller/lib/python3.10/site-packages:${PYTHONPATH} /usr/bin/python3 -W ignore:setup.py install is deprecated setup.py egg_info --egg-base ../../build/quadrotor_basic_controller build --build-base /home/jonat/ros2_ws/src/smarc2/build/quadrotor_basic_controller/build install --record /home/jonat/ros2_ws/src/smarc2/build/quadrotor_basic_controller/install.log --single-version-externally-managed install_data
[1.555s] running egg_info
[1.557s] writing ../../build/quadrotor_basic_controller/quadrotor_basic_controller.egg-info/PKG-INFO
[1.557s] writing dependency_links to ../../build/quadrotor_basic_controller/quadrotor_basic_controller.egg-info/dependency_links.txt
[1.557s] writing entry points to ../../build/quadrotor_basic_controller/quadrotor_basic_controller.egg-info/entry_points.txt
[1.557s] writing requirements to ../../build/quadrotor_basic_controller/quadrotor_basic_controller.egg-info/requires.txt
[1.557s] writing top-level names to ../../build/quadrotor_basic_controller/quadrotor_basic_controller.egg-info/top_level.txt
[1.562s] reading manifest file '../../build/quadrotor_basic_controller/quadrotor_basic_controller.egg-info/SOURCES.txt'
[1.562s] adding license file 'LICENSE'
[1.563s] writing manifest file '../../build/quadrotor_basic_controller/quadrotor_basic_controller.egg-info/SOURCES.txt'
[1.563s] running build
[1.563s] running build_py
[1.563s] running install
[1.564s] running install_lib
[1.565s] running install_data
[1.566s] running install_egg_info
[1.568s] removing '/home/jonat/ros2_ws/src/smarc2/install/quadrotor_basic_controller/lib/python3.10/site-packages/quadrotor_basic_controller-0.0.0-py3.10.egg-info' (and everything under it)
[1.568s] Copying ../../build/quadrotor_basic_controller/quadrotor_basic_controller.egg-info to /home/jonat/ros2_ws/src/smarc2/install/quadrotor_basic_controller/lib/python3.10/site-packages/quadrotor_basic_controller-0.0.0-py3.10.egg-info
[1.569s] running install_scripts
[1.606s] Installing controller script to /home/jonat/ros2_ws/src/smarc2/install/quadrotor_basic_controller/lib/quadrotor_basic_controller
[1.606s] Installing test script to /home/jonat/ros2_ws/src/smarc2/install/quadrotor_basic_controller/lib/quadrotor_basic_controller
[1.607s] writing list of installed files to '/home/jonat/ros2_ws/src/smarc2/build/quadrotor_basic_controller/install.log'
[1.652s] Invoked command in '/home/jonat/ros2_ws/src/smarc2/quadrotor/quadrotor_basic_controller' returned '0': PYTHONPATH=/home/jonat/ros2_ws/src/smarc2/build/quadrotor_basic_controller/prefix_override:/usr/lib/python3/dist-packages/colcon_core/task/python/colcon_distutils_commands:/home/jonat/ros2_ws/src/smarc2/install/quadrotor_basic_controller/lib/python3.10/site-packages:${PYTHONPATH} /usr/bin/python3 -W ignore:setup.py install is deprecated setup.py egg_info --egg-base ../../build/quadrotor_basic_controller build --build-base /home/jonat/ros2_ws/src/smarc2/build/quadrotor_basic_controller/build install --record /home/jonat/ros2_ws/src/smarc2/build/quadrotor_basic_controller/install.log --single-version-externally-managed install_data
