[0.081s] Invoking command in '/home/schni2zle/colcon_ws/src/build/smarc_control_msgs': CMAKE_PREFIX_PATH=${CMAKE_PREFIX_PATH}:/home/schni2zle/colcon_ws/src/install/workshopfun:/home/schni2zle/colcon_ws/src/install/utm_latlon_converter:/home/schni2zle/colcon_ws/src/install/test_package:/home/schni2zle/colcon_ws/src/install/state_estimation:/home/schni2zle/colcon_ws/src/install/smarc_nodered:/home/schni2zle/colcon_ws/src/install/smarc_bt:/home/schni2zle/colcon_ws/src/install/smarc_bringups:/home/schni2zle/colcon_ws/src/install/sam_dead_reckoning:/home/schni2zle/colcon_ws/src/install/ros_tcp_endpoint:/home/schni2zle/colcon_ws/src/install/ros2_python_examples:/home/schni2zle/colcon_ws/src/install/quadrotor_basic_controller:/home/schni2zle/colcon_ws/src/install/mqtt_bridge:/home/schni2zle/colcon_ws/src/install/dubins_planner:/home/schni2zle/colcon_ws/src/install/dive_control:/home/schni2zle/colcon_ws/src/install/basic_go_to_waypoint:/home/schni2zle/colcon_ws/src/install/basic_depth_pitch_control:/home/schni2zle/colcon_ws/install/workshopfun:/home/schni2zle/colcon_ws/install/utm_latlon_converter:/home/schni2zle/colcon_ws/install/smarc_nodered:/home/schni2zle/colcon_ws/install/smarc_bt:/home/schni2zle/colcon_ws/install/smarc_bringups:/home/schni2zle/colcon_ws/install/sam_dead_reckoning:/home/schni2zle/colcon_ws/install/ros_tcp_endpoint:/home/schni2zle/colcon_ws/install/ros2_python_examples:/home/schni2zle/colcon_ws/install/mqtt_bridge:/home/schni2zle/colcon_ws/install/dubins_planner:/home/schni2zle/colcon_ws/install/basic_go_to_waypoint:/opt/ros/humble /usr/bin/cmake --build /home/schni2zle/colcon_ws/src/build/smarc_control_msgs -- -j8 -l8
[0.267s] [35m[1mConsolidate compiler generated dependencies of target smarc_control_msgs__rosidl_generator_c[0m
[0.316s] [  1%] Built target smarc_control_msgs__cpp
[0.345s] [ 12%] Built target smarc_control_msgs__rosidl_generator_c
[0.371s] [35m[1mConsolidate compiler generated dependencies of target smarc_control_msgs__rosidl_typesupport_cpp[0m
[0.378s] [35m[1mConsolidate compiler generated dependencies of target smarc_control_msgs__rosidl_typesupport_fastrtps_cpp[0m
[0.402s] [35m[1mConsolidate compiler generated dependencies of target smarc_control_msgs__rosidl_typesupport_introspection_cpp[0m
[0.428s] [35m[1mConsolidate compiler generated dependencies of target smarc_control_msgs__rosidl_typesupport_fastrtps_c[0m
[0.428s] [35m[1mConsolidate compiler generated dependencies of target smarc_control_msgs__rosidl_typesupport_introspection_c[0m
[0.432s] [35m[1mConsolidate compiler generated dependencies of target smarc_control_msgs__rosidl_typesupport_c[0m
[0.456s] [ 12%] Built target ament_cmake_python_copy_smarc_control_msgs
[0.470s] [ 23%] Built target smarc_control_msgs__rosidl_typesupport_cpp
[0.515s] [ 35%] Built target smarc_control_msgs__rosidl_typesupport_fastrtps_cpp
[0.535s] [ 46%] Built target smarc_control_msgs__rosidl_typesupport_introspection_c
[0.540s] [ 57%] Built target smarc_control_msgs__rosidl_typesupport_c
[0.542s] [ 69%] Built target smarc_control_msgs__rosidl_typesupport_introspection_cpp
[0.553s] [ 80%] Built target smarc_control_msgs__rosidl_typesupport_fastrtps_c
[0.669s] [ 80%] Built target smarc_control_msgs
[0.809s] [ 81%] Built target smarc_control_msgs__py
[0.882s] [35m[1mConsolidate compiler generated dependencies of target smarc_control_msgs__rosidl_generator_py[0m
[1.037s] [ 91%] Built target smarc_control_msgs__rosidl_generator_py
[1.124s] [35m[1mConsolidate compiler generated dependencies of target smarc_control_msgs__rosidl_typesupport_fastrtps_c__pyext[0m
[1.143s] [35m[1mConsolidate compiler generated dependencies of target smarc_control_msgs__rosidl_typesupport_c__pyext[0m
[1.167s] [35m[1mConsolidate compiler generated dependencies of target smarc_control_msgs__rosidl_typesupport_introspection_c__pyext[0m
[1.216s] [ 94%] Built target smarc_control_msgs__rosidl_typesupport_fastrtps_c__pyext
[1.254s] [ 97%] Built target smarc_control_msgs__rosidl_typesupport_c__pyext
[1.268s] [100%] Built target smarc_control_msgs__rosidl_typesupport_introspection_c__pyext
[2.267s] running egg_info
[2.270s] writing smarc_control_msgs.egg-info/PKG-INFO
[2.271s] writing dependency_links to smarc_control_msgs.egg-info/dependency_links.txt
[2.273s] writing top-level names to smarc_control_msgs.egg-info/top_level.txt
[2.278s] reading manifest file 'smarc_control_msgs.egg-info/SOURCES.txt'
[2.280s] writing manifest file 'smarc_control_msgs.egg-info/SOURCES.txt'
[2.412s] [100%] Built target ament_cmake_python_build_smarc_control_msgs_egg
[2.983s] Invoked command in '/home/schni2zle/colcon_ws/src/build/smarc_control_msgs' returned '0': CMAKE_PREFIX_PATH=${CMAKE_PREFIX_PATH}:/home/schni2zle/colcon_ws/src/install/workshopfun:/home/schni2zle/colcon_ws/src/install/utm_latlon_converter:/home/schni2zle/colcon_ws/src/install/test_package:/home/schni2zle/colcon_ws/src/install/state_estimation:/home/schni2zle/colcon_ws/src/install/smarc_nodered:/home/schni2zle/colcon_ws/src/install/smarc_bt:/home/schni2zle/colcon_ws/src/install/smarc_bringups:/home/schni2zle/colcon_ws/src/install/sam_dead_reckoning:/home/schni2zle/colcon_ws/src/install/ros_tcp_endpoint:/home/schni2zle/colcon_ws/src/install/ros2_python_examples:/home/schni2zle/colcon_ws/src/install/quadrotor_basic_controller:/home/schni2zle/colcon_ws/src/install/mqtt_bridge:/home/schni2zle/colcon_ws/src/install/dubins_planner:/home/schni2zle/colcon_ws/src/install/dive_control:/home/schni2zle/colcon_ws/src/install/basic_go_to_waypoint:/home/schni2zle/colcon_ws/src/install/basic_depth_pitch_control:/home/schni2zle/colcon_ws/install/workshopfun:/home/schni2zle/colcon_ws/install/utm_latlon_converter:/home/schni2zle/colcon_ws/install/smarc_nodered:/home/schni2zle/colcon_ws/install/smarc_bt:/home/schni2zle/colcon_ws/install/smarc_bringups:/home/schni2zle/colcon_ws/install/sam_dead_reckoning:/home/schni2zle/colcon_ws/install/ros_tcp_endpoint:/home/schni2zle/colcon_ws/install/ros2_python_examples:/home/schni2zle/colcon_ws/install/mqtt_bridge:/home/schni2zle/colcon_ws/install/dubins_planner:/home/schni2zle/colcon_ws/install/basic_go_to_waypoint:/opt/ros/humble /usr/bin/cmake --build /home/schni2zle/colcon_ws/src/build/smarc_control_msgs -- -j8 -l8
[5.149s] Invoking command in '/home/schni2zle/colcon_ws/src/build/smarc_control_msgs': CMAKE_PREFIX_PATH=${CMAKE_PREFIX_PATH}:/home/schni2zle/colcon_ws/src/install/workshopfun:/home/schni2zle/colcon_ws/src/install/utm_latlon_converter:/home/schni2zle/colcon_ws/src/install/test_package:/home/schni2zle/colcon_ws/src/install/state_estimation:/home/schni2zle/colcon_ws/src/install/smarc_nodered:/home/schni2zle/colcon_ws/src/install/smarc_bt:/home/schni2zle/colcon_ws/src/install/smarc_bringups:/home/schni2zle/colcon_ws/src/install/sam_dead_reckoning:/home/schni2zle/colcon_ws/src/install/ros_tcp_endpoint:/home/schni2zle/colcon_ws/src/install/ros2_python_examples:/home/schni2zle/colcon_ws/src/install/quadrotor_basic_controller:/home/schni2zle/colcon_ws/src/install/mqtt_bridge:/home/schni2zle/colcon_ws/src/install/dubins_planner:/home/schni2zle/colcon_ws/src/install/dive_control:/home/schni2zle/colcon_ws/src/install/basic_go_to_waypoint:/home/schni2zle/colcon_ws/src/install/basic_depth_pitch_control:/home/schni2zle/colcon_ws/install/workshopfun:/home/schni2zle/colcon_ws/install/utm_latlon_converter:/home/schni2zle/colcon_ws/install/smarc_nodered:/home/schni2zle/colcon_ws/install/smarc_bt:/home/schni2zle/colcon_ws/install/smarc_bringups:/home/schni2zle/colcon_ws/install/sam_dead_reckoning:/home/schni2zle/colcon_ws/install/ros_tcp_endpoint:/home/schni2zle/colcon_ws/install/ros2_python_examples:/home/schni2zle/colcon_ws/install/mqtt_bridge:/home/schni2zle/colcon_ws/install/dubins_planner:/home/schni2zle/colcon_ws/install/basic_go_to_waypoint:/opt/ros/humble /usr/bin/cmake --install /home/schni2zle/colcon_ws/src/build/smarc_control_msgs
[5.291s] -- Install configuration: ""
[5.291s] -- Up-to-date: /home/schni2zle/colcon_ws/src/install/smarc_control_msgs/share/ament_index/resource_index/rosidl_interfaces/smarc_control_msgs
[5.292s] -- Up-to-date: /home/schni2zle/colcon_ws/src/install/smarc_control_msgs/include/smarc_control_msgs/smarc_control_msgs
[5.292s] -- Up-to-date: /home/schni2zle/colcon_ws/src/install/smarc_control_msgs/include/smarc_control_msgs/smarc_control_msgs/msg
[5.292s] -- Up-to-date: /home/schni2zle/colcon_ws/src/install/smarc_control_msgs/include/smarc_control_msgs/smarc_control_msgs/msg/rosidl_generator_c__visibility_control.h
[5.292s] -- Up-to-date: /home/schni2zle/colcon_ws/src/install/smarc_control_msgs/include/smarc_control_msgs/smarc_control_msgs/msg/state.h
[5.293s] -- Up-to-date: /home/schni2zle/colcon_ws/src/install/smarc_control_msgs/include/smarc_control_msgs/smarc_control_msgs/msg/control_reference.h
[5.293s] -- Up-to-date: /home/schni2zle/colcon_ws/src/install/smarc_control_msgs/include/smarc_control_msgs/smarc_control_msgs/msg/detail
[5.293s] -- Up-to-date: /home/schni2zle/colcon_ws/src/install/smarc_control_msgs/include/smarc_control_msgs/smarc_control_msgs/msg/detail/control_reference__functions.h
[5.293s] -- Up-to-date: /home/schni2zle/colcon_ws/src/install/smarc_control_msgs/include/smarc_control_msgs/smarc_control_msgs/msg/detail/state__type_support.h
[5.294s] -- Up-to-date: /home/schni2zle/colcon_ws/src/install/smarc_control_msgs/include/smarc_control_msgs/smarc_control_msgs/msg/detail/control_reference__functions.c
[5.294s] -- Up-to-date: /home/schni2zle/colcon_ws/src/install/smarc_control_msgs/include/smarc_control_msgs/smarc_control_msgs/msg/detail/topics__struct.h
[5.294s] -- Up-to-date: /home/schni2zle/colcon_ws/src/install/smarc_control_msgs/include/smarc_control_msgs/smarc_control_msgs/msg/detail/control_input__struct.h
[5.294s] -- Up-to-date: /home/schni2zle/colcon_ws/src/install/smarc_control_msgs/include/smarc_control_msgs/smarc_control_msgs/msg/detail/control_state__struct.h
[5.294s] -- Up-to-date: /home/schni2zle/colcon_ws/src/install/smarc_control_msgs/include/smarc_control_msgs/smarc_control_msgs/msg/detail/control_input__functions.c
[5.295s] -- Up-to-date: /home/schni2zle/colcon_ws/src/install/smarc_control_msgs/include/smarc_control_msgs/smarc_control_msgs/msg/detail/topics__type_support.h
[5.295s] -- Up-to-date: /home/schni2zle/colcon_ws/src/install/smarc_control_msgs/include/smarc_control_msgs/smarc_control_msgs/msg/detail/control_error__functions.h
[5.295s] -- Up-to-date: /home/schni2zle/colcon_ws/src/install/smarc_control_msgs/include/smarc_control_msgs/smarc_control_msgs/msg/detail/control_state__functions.h
[5.295s] -- Up-to-date: /home/schni2zle/colcon_ws/src/install/smarc_control_msgs/include/smarc_control_msgs/smarc_control_msgs/msg/detail/topics__functions.h
[5.296s] -- Up-to-date: /home/schni2zle/colcon_ws/src/install/smarc_control_msgs/include/smarc_control_msgs/smarc_control_msgs/msg/detail/control_error__struct.h
[5.296s] -- Up-to-date: /home/schni2zle/colcon_ws/src/install/smarc_control_msgs/include/smarc_control_msgs/smarc_control_msgs/msg/detail/topics__functions.c
[5.296s] -- Up-to-date: /home/schni2zle/colcon_ws/src/install/smarc_control_msgs/include/smarc_control_msgs/smarc_control_msgs/msg/detail/state__functions.h
[5.297s] -- Up-to-date: /home/schni2zle/colcon_ws/src/install/smarc_control_msgs/include/smarc_control_msgs/smarc_control_msgs/msg/detail/control_reference__struct.h
[5.297s] -- Up-to-date: /home/schni2zle/colcon_ws/src/install/smarc_control_msgs/include/smarc_control_msgs/smarc_control_msgs/msg/detail/state__struct.h
[5.297s] -- Up-to-date: /home/schni2zle/colcon_ws/src/install/smarc_control_msgs/include/smarc_control_msgs/smarc_control_msgs/msg/detail/control_reference__type_support.h
[5.297s] -- Up-to-date: /home/schni2zle/colcon_ws/src/install/smarc_control_msgs/include/smarc_control_msgs/smarc_control_msgs/msg/detail/control_state__type_support.h
[5.297s] -- Up-to-date: /home/schni2zle/colcon_ws/src/install/smarc_control_msgs/include/smarc_control_msgs/smarc_control_msgs/msg/detail/state__functions.c
[5.298s] -- Up-to-date: /home/schni2zle/colcon_ws/src/install/smarc_control_msgs/include/smarc_control_msgs/smarc_control_msgs/msg/detail/control_state__functions.c
[5.298s] -- Up-to-date: /home/schni2zle/colcon_ws/src/install/smarc_control_msgs/include/smarc_control_msgs/smarc_control_msgs/msg/detail/control_input__functions.h
[5.298s] -- Up-to-date: /home/schni2zle/colcon_ws/src/install/smarc_control_msgs/include/smarc_control_msgs/smarc_control_msgs/msg/detail/control_input__type_support.h
[5.298s] -- Up-to-date: /home/schni2zle/colcon_ws/src/install/smarc_control_msgs/include/smarc_control_msgs/smarc_control_msgs/msg/detail/control_error__functions.c
[5.299s] -- Up-to-date: /home/schni2zle/colcon_ws/src/install/smarc_control_msgs/include/smarc_control_msgs/smarc_control_msgs/msg/detail/control_error__type_support.h
[5.299s] -- Up-to-date: /home/schni2zle/colcon_ws/src/install/smarc_control_msgs/include/smarc_control_msgs/smarc_control_msgs/msg/control_state.h
[5.299s] -- Up-to-date: /home/schni2zle/colcon_ws/src/install/smarc_control_msgs/include/smarc_control_msgs/smarc_control_msgs/msg/control_error.h
[5.299s] -- Up-to-date: /home/schni2zle/colcon_ws/src/install/smarc_control_msgs/include/smarc_control_msgs/smarc_control_msgs/msg/control_input.h
[5.299s] -- Up-to-date: /home/schni2zle/colcon_ws/src/install/smarc_control_msgs/include/smarc_control_msgs/smarc_control_msgs/msg/topics.h
[5.300s] -- Up-to-date: /home/schni2zle/colcon_ws/src/install/smarc_control_msgs/share/smarc_control_msgs/environment/library_path.sh
[5.300s] -- Up-to-date: /home/schni2zle/colcon_ws/src/install/smarc_control_msgs/share/smarc_control_msgs/environment/library_path.dsv
[5.301s] -- Up-to-date: /home/schni2zle/colcon_ws/src/install/smarc_control_msgs/lib/libsmarc_control_msgs__rosidl_generator_c.so
[5.301s] -- Up-to-date: /home/schni2zle/colcon_ws/src/install/smarc_control_msgs/include/smarc_control_msgs/smarc_control_msgs
[5.301s] -- Up-to-date: /home/schni2zle/colcon_ws/src/install/smarc_control_msgs/include/smarc_control_msgs/smarc_control_msgs/msg
[5.301s] -- Up-to-date: /home/schni2zle/colcon_ws/src/install/smarc_control_msgs/include/smarc_control_msgs/smarc_control_msgs/msg/rosidl_typesupport_fastrtps_c__visibility_control.h
[5.302s] -- Up-to-date: /home/schni2zle/colcon_ws/src/install/smarc_control_msgs/include/smarc_control_msgs/smarc_control_msgs/msg/detail
[5.302s] -- Up-to-date: /home/schni2zle/colcon_ws/src/install/smarc_control_msgs/include/smarc_control_msgs/smarc_control_msgs/msg/detail/control_input__rosidl_typesupport_fastrtps_c.h
[5.302s] -- Up-to-date: /home/schni2zle/colcon_ws/src/install/smarc_control_msgs/include/smarc_control_msgs/smarc_control_msgs/msg/detail/topics__rosidl_typesupport_fastrtps_c.h
[5.302s] -- Up-to-date: /home/schni2zle/colcon_ws/src/install/smarc_control_msgs/include/smarc_control_msgs/smarc_control_msgs/msg/detail/state__rosidl_typesupport_fastrtps_c.h
[5.302s] -- Up-to-date: /home/schni2zle/colcon_ws/src/install/smarc_control_msgs/include/smarc_control_msgs/smarc_control_msgs/msg/detail/control_error__rosidl_typesupport_fastrtps_c.h
[5.303s] -- Up-to-date: /home/schni2zle/colcon_ws/src/install/smarc_control_msgs/include/smarc_control_msgs/smarc_control_msgs/msg/detail/control_state__rosidl_typesupport_fastrtps_c.h
[5.303s] -- Up-to-date: /home/schni2zle/colcon_ws/src/install/smarc_control_msgs/include/smarc_control_msgs/smarc_control_msgs/msg/detail/control_reference__rosidl_typesupport_fastrtps_c.h
[5.303s] -- Up-to-date: /home/schni2zle/colcon_ws/src/install/smarc_control_msgs/lib/libsmarc_control_msgs__rosidl_typesupport_fastrtps_c.so
[5.304s] -- Up-to-date: /home/schni2zle/colcon_ws/src/install/smarc_control_msgs/include/smarc_control_msgs/smarc_control_msgs
[5.304s] -- Up-to-date: /home/schni2zle/colcon_ws/src/install/smarc_control_msgs/include/smarc_control_msgs/smarc_control_msgs/msg
[5.304s] -- Up-to-date: /home/schni2zle/colcon_ws/src/install/smarc_control_msgs/include/smarc_control_msgs/smarc_control_msgs/msg/rosidl_typesupport_introspection_c__visibility_control.h
[5.304s] -- Up-to-date: /home/schni2zle/colcon_ws/src/install/smarc_control_msgs/include/smarc_control_msgs/smarc_control_msgs/msg/detail
[5.305s] -- Up-to-date: /home/schni2zle/colcon_ws/src/install/smarc_control_msgs/include/smarc_control_msgs/smarc_control_msgs/msg/detail/topics__type_support.c
[5.305s] -- Up-to-date: /home/schni2zle/colcon_ws/src/install/smarc_control_msgs/include/smarc_control_msgs/smarc_control_msgs/msg/detail/control_reference__type_support.c
[5.305s] -- Up-to-date: /home/schni2zle/colcon_ws/src/install/smarc_control_msgs/include/smarc_control_msgs/smarc_control_msgs/msg/detail/control_input__rosidl_typesupport_introspection_c.h
[5.305s] -- Up-to-date: /home/schni2zle/colcon_ws/src/install/smarc_control_msgs/include/smarc_control_msgs/smarc_control_msgs/msg/detail/control_state__rosidl_typesupport_introspection_c.h
[5.305s] -- Up-to-date: /home/schni2zle/colcon_ws/src/install/smarc_control_msgs/include/smarc_control_msgs/smarc_control_msgs/msg/detail/control_error__rosidl_typesupport_introspection_c.h
[5.306s] -- Up-to-date: /home/schni2zle/colcon_ws/src/install/smarc_control_msgs/include/smarc_control_msgs/smarc_control_msgs/msg/detail/state__type_support.c
[5.306s] -- Up-to-date: /home/schni2zle/colcon_ws/src/install/smarc_control_msgs/include/smarc_control_msgs/smarc_control_msgs/msg/detail/control_input__type_support.c
[5.306s] -- Up-to-date: /home/schni2zle/colcon_ws/src/install/smarc_control_msgs/include/smarc_control_msgs/smarc_control_msgs/msg/detail/state__rosidl_typesupport_introspection_c.h
[5.306s] -- Up-to-date: /home/schni2zle/colcon_ws/src/install/smarc_control_msgs/include/smarc_control_msgs/smarc_control_msgs/msg/detail/control_state__type_support.c
[5.306s] -- Up-to-date: /home/schni2zle/colcon_ws/src/install/smarc_control_msgs/include/smarc_control_msgs/smarc_control_msgs/msg/detail/control_error__type_support.c
[5.307s] -- Up-to-date: /home/schni2zle/colcon_ws/src/install/smarc_control_msgs/include/smarc_control_msgs/smarc_control_msgs/msg/detail/topics__rosidl_typesupport_introspection_c.h
[5.307s] -- Up-to-date: /home/schni2zle/colcon_ws/src/install/smarc_control_msgs/include/smarc_control_msgs/smarc_control_msgs/msg/detail/control_reference__rosidl_typesupport_introspection_c.h
[5.307s] -- Up-to-date: /home/schni2zle/colcon_ws/src/install/smarc_control_msgs/lib/libsmarc_control_msgs__rosidl_typesupport_introspection_c.so
[5.307s] -- Up-to-date: /home/schni2zle/colcon_ws/src/install/smarc_control_msgs/lib/libsmarc_control_msgs__rosidl_typesupport_c.so
[5.308s] -- Up-to-date: /home/schni2zle/colcon_ws/src/install/smarc_control_msgs/include/smarc_control_msgs/smarc_control_msgs
[5.308s] -- Up-to-date: /home/schni2zle/colcon_ws/src/install/smarc_control_msgs/include/smarc_control_msgs/smarc_control_msgs/msg
[5.308s] -- Up-to-date: /home/schni2zle/colcon_ws/src/install/smarc_control_msgs/include/smarc_control_msgs/smarc_control_msgs/msg/state.hpp
[5.308s] -- Up-to-date: /home/schni2zle/colcon_ws/src/install/smarc_control_msgs/include/smarc_control_msgs/smarc_control_msgs/msg/control_reference.hpp
[5.309s] -- Up-to-date: /home/schni2zle/colcon_ws/src/install/smarc_control_msgs/include/smarc_control_msgs/smarc_control_msgs/msg/control_error.hpp
[5.309s] -- Up-to-date: /home/schni2zle/colcon_ws/src/install/smarc_control_msgs/include/smarc_control_msgs/smarc_control_msgs/msg/control_input.hpp
[5.309s] -- Up-to-date: /home/schni2zle/colcon_ws/src/install/smarc_control_msgs/include/smarc_control_msgs/smarc_control_msgs/msg/detail
[5.309s] -- Up-to-date: /home/schni2zle/colcon_ws/src/install/smarc_control_msgs/include/smarc_control_msgs/smarc_control_msgs/msg/detail/control_error__traits.hpp
[5.310s] -- Up-to-date: /home/schni2zle/colcon_ws/src/install/smarc_control_msgs/include/smarc_control_msgs/smarc_control_msgs/msg/detail/control_input__struct.hpp
[5.310s] -- Up-to-date: /home/schni2zle/colcon_ws/src/install/smarc_control_msgs/include/smarc_control_msgs/smarc_control_msgs/msg/detail/control_input__builder.hpp
[5.310s] -- Up-to-date: /home/schni2zle/colcon_ws/src/install/smarc_control_msgs/include/smarc_control_msgs/smarc_control_msgs/msg/detail/topics__struct.hpp
[5.310s] -- Up-to-date: /home/schni2zle/colcon_ws/src/install/smarc_control_msgs/include/smarc_control_msgs/smarc_control_msgs/msg/detail/state__builder.hpp
[5.311s] -- Up-to-date: /home/schni2zle/colcon_ws/src/install/smarc_control_msgs/include/smarc_control_msgs/smarc_control_msgs/msg/detail/topics__traits.hpp
[5.311s] -- Up-to-date: /home/schni2zle/colcon_ws/src/install/smarc_control_msgs/include/smarc_control_msgs/smarc_control_msgs/msg/detail/control_reference__traits.hpp
[5.343s] -- Up-to-date: /home/schni2zle/colcon_ws/src/install/smarc_control_msgs/include/smarc_control_msgs/smarc_control_msgs/msg/detail/control_error__struct.hpp
[5.343s] -- Up-to-date: /home/schni2zle/colcon_ws/src/install/smarc_control_msgs/include/smarc_control_msgs/smarc_control_msgs/msg/detail/topics__builder.hpp
[5.343s] -- Up-to-date: /home/schni2zle/colcon_ws/src/install/smarc_control_msgs/include/smarc_control_msgs/smarc_control_msgs/msg/detail/control_state__builder.hpp
[5.343s] -- Up-to-date: /home/schni2zle/colcon_ws/src/install/smarc_control_msgs/include/smarc_control_msgs/smarc_control_msgs/msg/detail/control_reference__struct.hpp
[5.344s] -- Up-to-date: /home/schni2zle/colcon_ws/src/install/smarc_control_msgs/include/smarc_control_msgs/smarc_control_msgs/msg/detail/control_state__struct.hpp
[5.344s] -- Up-to-date: /home/schni2zle/colcon_ws/src/install/smarc_control_msgs/include/smarc_control_msgs/smarc_control_msgs/msg/detail/state__struct.hpp
[5.344s] -- Up-to-date: /home/schni2zle/colcon_ws/src/install/smarc_control_msgs/include/smarc_control_msgs/smarc_control_msgs/msg/detail/state__traits.hpp
[5.344s] -- Up-to-date: /home/schni2zle/colcon_ws/src/install/smarc_control_msgs/include/smarc_control_msgs/smarc_control_msgs/msg/detail/control_state__traits.hpp
[5.344s] -- Up-to-date: /home/schni2zle/colcon_ws/src/install/smarc_control_msgs/include/smarc_control_msgs/smarc_control_msgs/msg/detail/control_error__builder.hpp
[5.345s] -- Up-to-date: /home/schni2zle/colcon_ws/src/install/smarc_control_msgs/include/smarc_control_msgs/smarc_control_msgs/msg/detail/control_reference__builder.hpp
[5.345s] -- Up-to-date: /home/schni2zle/colcon_ws/src/install/smarc_control_msgs/include/smarc_control_msgs/smarc_control_msgs/msg/detail/control_input__traits.hpp
[5.345s] -- Up-to-date: /home/schni2zle/colcon_ws/src/install/smarc_control_msgs/include/smarc_control_msgs/smarc_control_msgs/msg/control_state.hpp
[5.345s] -- Up-to-date: /home/schni2zle/colcon_ws/src/install/smarc_control_msgs/include/smarc_control_msgs/smarc_control_msgs/msg/topics.hpp
[5.346s] -- Up-to-date: /home/schni2zle/colcon_ws/src/install/smarc_control_msgs/include/smarc_control_msgs/smarc_control_msgs
[5.346s] -- Up-to-date: /home/schni2zle/colcon_ws/src/install/smarc_control_msgs/include/smarc_control_msgs/smarc_control_msgs/msg
[5.346s] -- Up-to-date: /home/schni2zle/colcon_ws/src/install/smarc_control_msgs/include/smarc_control_msgs/smarc_control_msgs/msg/rosidl_typesupport_fastrtps_cpp__visibility_control.h
[5.346s] -- Up-to-date: /home/schni2zle/colcon_ws/src/install/smarc_control_msgs/include/smarc_control_msgs/smarc_control_msgs/msg/detail
[5.346s] -- Up-to-date: /home/schni2zle/colcon_ws/src/install/smarc_control_msgs/include/smarc_control_msgs/smarc_control_msgs/msg/detail/control_error__rosidl_typesupport_fastrtps_cpp.hpp
[5.347s] -- Up-to-date: /home/schni2zle/colcon_ws/src/install/smarc_control_msgs/include/smarc_control_msgs/smarc_control_msgs/msg/detail/topics__rosidl_typesupport_fastrtps_cpp.hpp
[5.347s] -- Up-to-date: /home/schni2zle/colcon_ws/src/install/smarc_control_msgs/include/smarc_control_msgs/smarc_control_msgs/msg/detail/control_input__rosidl_typesupport_fastrtps_cpp.hpp
[5.347s] -- Up-to-date: /home/schni2zle/colcon_ws/src/install/smarc_control_msgs/include/smarc_control_msgs/smarc_control_msgs/msg/detail/state__rosidl_typesupport_fastrtps_cpp.hpp
[5.348s] -- Up-to-date: /home/schni2zle/colcon_ws/src/install/smarc_control_msgs/include/smarc_control_msgs/smarc_control_msgs/msg/detail/dds_fastrtps
[5.348s] -- Up-to-date: /home/schni2zle/colcon_ws/src/install/smarc_control_msgs/include/smarc_control_msgs/smarc_control_msgs/msg/detail/control_state__rosidl_typesupport_fastrtps_cpp.hpp
[5.348s] -- Up-to-date: /home/schni2zle/colcon_ws/src/install/smarc_control_msgs/include/smarc_control_msgs/smarc_control_msgs/msg/detail/control_reference__rosidl_typesupport_fastrtps_cpp.hpp
[5.349s] -- Up-to-date: /home/schni2zle/colcon_ws/src/install/smarc_control_msgs/lib/libsmarc_control_msgs__rosidl_typesupport_fastrtps_cpp.so
[5.349s] -- Up-to-date: /home/schni2zle/colcon_ws/src/install/smarc_control_msgs/include/smarc_control_msgs/smarc_control_msgs
[5.349s] -- Up-to-date: /home/schni2zle/colcon_ws/src/install/smarc_control_msgs/include/smarc_control_msgs/smarc_control_msgs/msg
[5.350s] -- Up-to-date: /home/schni2zle/colcon_ws/src/install/smarc_control_msgs/include/smarc_control_msgs/smarc_control_msgs/msg/detail
[5.350s] -- Up-to-date: /home/schni2zle/colcon_ws/src/install/smarc_control_msgs/include/smarc_control_msgs/smarc_control_msgs/msg/detail/control_state__type_support.cpp
[5.350s] -- Up-to-date: /home/schni2zle/colcon_ws/src/install/smarc_control_msgs/include/smarc_control_msgs/smarc_control_msgs/msg/detail/topics__type_support.cpp
[5.350s] -- Up-to-date: /home/schni2zle/colcon_ws/src/install/smarc_control_msgs/include/smarc_control_msgs/smarc_control_msgs/msg/detail/control_error__type_support.cpp
[5.350s] -- Up-to-date: /home/schni2zle/colcon_ws/src/install/smarc_control_msgs/include/smarc_control_msgs/smarc_control_msgs/msg/detail/control_state__rosidl_typesupport_introspection_cpp.hpp
[5.351s] -- Up-to-date: /home/schni2zle/colcon_ws/src/install/smarc_control_msgs/include/smarc_control_msgs/smarc_control_msgs/msg/detail/state__type_support.cpp
[5.351s] -- Up-to-date: /home/schni2zle/colcon_ws/src/install/smarc_control_msgs/include/smarc_control_msgs/smarc_control_msgs/msg/detail/control_reference__rosidl_typesupport_introspection_cpp.hpp
[5.351s] -- Up-to-date: /home/schni2zle/colcon_ws/src/install/smarc_control_msgs/include/smarc_control_msgs/smarc_control_msgs/msg/detail/control_reference__type_support.cpp
[5.352s] -- Up-to-date: /home/schni2zle/colcon_ws/src/install/smarc_control_msgs/include/smarc_control_msgs/smarc_control_msgs/msg/detail/topics__rosidl_typesupport_introspection_cpp.hpp
[5.352s] -- Up-to-date: /home/schni2zle/colcon_ws/src/install/smarc_control_msgs/include/smarc_control_msgs/smarc_control_msgs/msg/detail/control_error__rosidl_typesupport_introspection_cpp.hpp
[5.352s] -- Up-to-date: /home/schni2zle/colcon_ws/src/install/smarc_control_msgs/include/smarc_control_msgs/smarc_control_msgs/msg/detail/control_input__rosidl_typesupport_introspection_cpp.hpp
[5.352s] -- Up-to-date: /home/schni2zle/colcon_ws/src/install/smarc_control_msgs/include/smarc_control_msgs/smarc_control_msgs/msg/detail/state__rosidl_typesupport_introspection_cpp.hpp
[5.352s] -- Up-to-date: /home/schni2zle/colcon_ws/src/install/smarc_control_msgs/include/smarc_control_msgs/smarc_control_msgs/msg/detail/control_input__type_support.cpp
[5.353s] -- Up-to-date: /home/schni2zle/colcon_ws/src/install/smarc_control_msgs/lib/libsmarc_control_msgs__rosidl_typesupport_introspection_cpp.so
[5.353s] -- Up-to-date: /home/schni2zle/colcon_ws/src/install/smarc_control_msgs/lib/libsmarc_control_msgs__rosidl_typesupport_cpp.so
[5.353s] -- Up-to-date: /home/schni2zle/colcon_ws/src/install/smarc_control_msgs/share/smarc_control_msgs/environment/pythonpath.sh
[5.353s] -- Up-to-date: /home/schni2zle/colcon_ws/src/install/smarc_control_msgs/share/smarc_control_msgs/environment/pythonpath.dsv
[5.353s] -- Up-to-date: /home/schni2zle/colcon_ws/src/install/smarc_control_msgs/local/lib/python3.10/dist-packages/smarc_control_msgs-0.0.0-py3.10.egg-info
[5.354s] -- Installing: /home/schni2zle/colcon_ws/src/install/smarc_control_msgs/local/lib/python3.10/dist-packages/smarc_control_msgs-0.0.0-py3.10.egg-info/PKG-INFO
[5.354s] -- Installing: /home/schni2zle/colcon_ws/src/install/smarc_control_msgs/local/lib/python3.10/dist-packages/smarc_control_msgs-0.0.0-py3.10.egg-info/SOURCES.txt
[5.354s] -- Installing: /home/schni2zle/colcon_ws/src/install/smarc_control_msgs/local/lib/python3.10/dist-packages/smarc_control_msgs-0.0.0-py3.10.egg-info/top_level.txt
[5.354s] -- Installing: /home/schni2zle/colcon_ws/src/install/smarc_control_msgs/local/lib/python3.10/dist-packages/smarc_control_msgs-0.0.0-py3.10.egg-info/dependency_links.txt
[5.355s] -- Up-to-date: /home/schni2zle/colcon_ws/src/install/smarc_control_msgs/local/lib/python3.10/dist-packages/smarc_control_msgs
[5.358s] -- Up-to-date: /home/schni2zle/colcon_ws/src/install/smarc_control_msgs/local/lib/python3.10/dist-packages/smarc_control_msgs/_smarc_control_msgs_s.ep.rosidl_typesupport_fastrtps_c.c
[5.358s] -- Up-to-date: /home/schni2zle/colcon_ws/src/install/smarc_control_msgs/local/lib/python3.10/dist-packages/smarc_control_msgs/msg
[5.359s] -- Up-to-date: /home/schni2zle/colcon_ws/src/install/smarc_control_msgs/local/lib/python3.10/dist-packages/smarc_control_msgs/msg/_control_reference.py
[5.359s] -- Up-to-date: /home/schni2zle/colcon_ws/src/install/smarc_control_msgs/local/lib/python3.10/dist-packages/smarc_control_msgs/msg/_control_error.py
[5.359s] -- Up-to-date: /home/schni2zle/colcon_ws/src/install/smarc_control_msgs/local/lib/python3.10/dist-packages/smarc_control_msgs/msg/_control_input.py
[5.360s] -- Up-to-date: /home/schni2zle/colcon_ws/src/install/smarc_control_msgs/local/lib/python3.10/dist-packages/smarc_control_msgs/msg/_topics_s.c
[5.360s] -- Up-to-date: /home/schni2zle/colcon_ws/src/install/smarc_control_msgs/local/lib/python3.10/dist-packages/smarc_control_msgs/msg/_control_reference_s.c
[5.360s] -- Up-to-date: /home/schni2zle/colcon_ws/src/install/smarc_control_msgs/local/lib/python3.10/dist-packages/smarc_control_msgs/msg/_control_error_s.c
[5.360s] -- Up-to-date: /home/schni2zle/colcon_ws/src/install/smarc_control_msgs/local/lib/python3.10/dist-packages/smarc_control_msgs/msg/_topics.py
[5.361s] -- Up-to-date: /home/schni2zle/colcon_ws/src/install/smarc_control_msgs/local/lib/python3.10/dist-packages/smarc_control_msgs/msg/_control_state.py
[5.361s] -- Up-to-date: /home/schni2zle/colcon_ws/src/install/smarc_control_msgs/local/lib/python3.10/dist-packages/smarc_control_msgs/msg/__init__.py
[5.361s] -- Up-to-date: /home/schni2zle/colcon_ws/src/install/smarc_control_msgs/local/lib/python3.10/dist-packages/smarc_control_msgs/msg/_state.py
[5.361s] -- Up-to-date: /home/schni2zle/colcon_ws/src/install/smarc_control_msgs/local/lib/python3.10/dist-packages/smarc_control_msgs/msg/_control_input_s.c
[5.361s] -- Up-to-date: /home/schni2zle/colcon_ws/src/install/smarc_control_msgs/local/lib/python3.10/dist-packages/smarc_control_msgs/msg/_state_s.c
[5.362s] -- Up-to-date: /home/schni2zle/colcon_ws/src/install/smarc_control_msgs/local/lib/python3.10/dist-packages/smarc_control_msgs/msg/_control_state_s.c
[5.362s] -- Up-to-date: /home/schni2zle/colcon_ws/src/install/smarc_control_msgs/local/lib/python3.10/dist-packages/smarc_control_msgs/libsmarc_control_msgs__rosidl_generator_py.so
[5.362s] -- Up-to-date: /home/schni2zle/colcon_ws/src/install/smarc_control_msgs/local/lib/python3.10/dist-packages/smarc_control_msgs/smarc_control_msgs_s__rosidl_typesupport_fastrtps_c.cpython-310-x86_64-linux-gnu.so
[5.362s] -- Up-to-date: /home/schni2zle/colcon_ws/src/install/smarc_control_msgs/local/lib/python3.10/dist-packages/smarc_control_msgs/_smarc_control_msgs_s.ep.rosidl_typesupport_introspection_c.c
[5.364s] -- Up-to-date: /home/schni2zle/colcon_ws/src/install/smarc_control_msgs/local/lib/python3.10/dist-packages/smarc_control_msgs/__init__.py
[5.364s] -- Up-to-date: /home/schni2zle/colcon_ws/src/install/smarc_control_msgs/local/lib/python3.10/dist-packages/smarc_control_msgs/_smarc_control_msgs_s.ep.rosidl_typesupport_c.c
[5.364s] -- Up-to-date: /home/schni2zle/colcon_ws/src/install/smarc_control_msgs/local/lib/python3.10/dist-packages/smarc_control_msgs/smarc_control_msgs_s__rosidl_typesupport_c.cpython-310-x86_64-linux-gnu.so
[5.364s] -- Up-to-date: /home/schni2zle/colcon_ws/src/install/smarc_control_msgs/local/lib/python3.10/dist-packages/smarc_control_msgs/smarc_control_msgs_s__rosidl_typesupport_introspection_c.cpython-310-x86_64-linux-gnu.so
[5.456s] Listing '/home/schni2zle/colcon_ws/src/install/smarc_control_msgs/local/lib/python3.10/dist-packages/smarc_control_msgs'...
[5.456s] Listing '/home/schni2zle/colcon_ws/src/install/smarc_control_msgs/local/lib/python3.10/dist-packages/smarc_control_msgs/msg'...
[5.469s] -- Up-to-date: /home/schni2zle/colcon_ws/src/install/smarc_control_msgs/local/lib/python3.10/dist-packages/smarc_control_msgs/smarc_control_msgs_s__rosidl_typesupport_fastrtps_c.cpython-310-x86_64-linux-gnu.so
[5.470s] -- Up-to-date: /home/schni2zle/colcon_ws/src/install/smarc_control_msgs/local/lib/python3.10/dist-packages/smarc_control_msgs/smarc_control_msgs_s__rosidl_typesupport_introspection_c.cpython-310-x86_64-linux-gnu.so
[5.471s] -- Up-to-date: /home/schni2zle/colcon_ws/src/install/smarc_control_msgs/local/lib/python3.10/dist-packages/smarc_control_msgs/smarc_control_msgs_s__rosidl_typesupport_c.cpython-310-x86_64-linux-gnu.so
[5.473s] -- Up-to-date: /home/schni2zle/colcon_ws/src/install/smarc_control_msgs/lib/libsmarc_control_msgs__rosidl_generator_py.so
[5.474s] -- Up-to-date: /home/schni2zle/colcon_ws/src/install/smarc_control_msgs/share/smarc_control_msgs/msg/Topics.idl
[5.476s] -- Up-to-date: /home/schni2zle/colcon_ws/src/install/smarc_control_msgs/share/smarc_control_msgs/msg/ControlError.idl
[5.476s] -- Up-to-date: /home/schni2zle/colcon_ws/src/install/smarc_control_msgs/share/smarc_control_msgs/msg/ControlInput.idl
[5.477s] -- Up-to-date: /home/schni2zle/colcon_ws/src/install/smarc_control_msgs/share/smarc_control_msgs/msg/ControlReference.idl
[5.477s] -- Up-to-date: /home/schni2zle/colcon_ws/src/install/smarc_control_msgs/share/smarc_control_msgs/msg/ControlState.idl
[5.478s] -- Up-to-date: /home/schni2zle/colcon_ws/src/install/smarc_control_msgs/share/smarc_control_msgs/msg/State.idl
[5.478s] -- Up-to-date: /home/schni2zle/colcon_ws/src/install/smarc_control_msgs/share/smarc_control_msgs/msg/Topics.msg
[5.478s] -- Up-to-date: /home/schni2zle/colcon_ws/src/install/smarc_control_msgs/share/smarc_control_msgs/msg/ControlError.msg
[5.478s] -- Up-to-date: /home/schni2zle/colcon_ws/src/install/smarc_control_msgs/share/smarc_control_msgs/msg/ControlInput.msg
[5.479s] -- Up-to-date: /home/schni2zle/colcon_ws/src/install/smarc_control_msgs/share/smarc_control_msgs/msg/ControlReference.msg
[5.483s] -- Up-to-date: /home/schni2zle/colcon_ws/src/install/smarc_control_msgs/share/smarc_control_msgs/msg/ControlState.msg
[5.484s] -- Up-to-date: /home/schni2zle/colcon_ws/src/install/smarc_control_msgs/share/smarc_control_msgs/msg/State.msg
[5.485s] -- Up-to-date: /home/schni2zle/colcon_ws/src/install/smarc_control_msgs/share/ament_index/resource_index/package_run_dependencies/smarc_control_msgs
[5.488s] -- Up-to-date: /home/schni2zle/colcon_ws/src/install/smarc_control_msgs/share/ament_index/resource_index/parent_prefix_path/smarc_control_msgs
[5.489s] -- Up-to-date: /home/schni2zle/colcon_ws/src/install/smarc_control_msgs/share/smarc_control_msgs/environment/ament_prefix_path.sh
[5.492s] -- Up-to-date: /home/schni2zle/colcon_ws/src/install/smarc_control_msgs/share/smarc_control_msgs/environment/ament_prefix_path.dsv
[5.493s] -- Up-to-date: /home/schni2zle/colcon_ws/src/install/smarc_control_msgs/share/smarc_control_msgs/environment/path.sh
[5.493s] -- Up-to-date: /home/schni2zle/colcon_ws/src/install/smarc_control_msgs/share/smarc_control_msgs/environment/path.dsv
[5.493s] -- Up-to-date: /home/schni2zle/colcon_ws/src/install/smarc_control_msgs/share/smarc_control_msgs/local_setup.bash
[5.493s] -- Up-to-date: /home/schni2zle/colcon_ws/src/install/smarc_control_msgs/share/smarc_control_msgs/local_setup.sh
[5.494s] -- Up-to-date: /home/schni2zle/colcon_ws/src/install/smarc_control_msgs/share/smarc_control_msgs/local_setup.zsh
[5.495s] -- Up-to-date: /home/schni2zle/colcon_ws/src/install/smarc_control_msgs/share/smarc_control_msgs/local_setup.dsv
[5.495s] -- Installing: /home/schni2zle/colcon_ws/src/install/smarc_control_msgs/share/smarc_control_msgs/package.dsv
[5.498s] -- Up-to-date: /home/schni2zle/colcon_ws/src/install/smarc_control_msgs/share/ament_index/resource_index/packages/smarc_control_msgs
[5.498s] -- Up-to-date: /home/schni2zle/colcon_ws/src/install/smarc_control_msgs/share/smarc_control_msgs/cmake/export_smarc_control_msgs__rosidl_generator_cExport.cmake
[5.499s] -- Up-to-date: /home/schni2zle/colcon_ws/src/install/smarc_control_msgs/share/smarc_control_msgs/cmake/export_smarc_control_msgs__rosidl_generator_cExport-noconfig.cmake
[5.499s] -- Up-to-date: /home/schni2zle/colcon_ws/src/install/smarc_control_msgs/share/smarc_control_msgs/cmake/export_smarc_control_msgs__rosidl_typesupport_fastrtps_cExport.cmake
[5.499s] -- Up-to-date: /home/schni2zle/colcon_ws/src/install/smarc_control_msgs/share/smarc_control_msgs/cmake/export_smarc_control_msgs__rosidl_typesupport_fastrtps_cExport-noconfig.cmake
[5.499s] -- Up-to-date: /home/schni2zle/colcon_ws/src/install/smarc_control_msgs/share/smarc_control_msgs/cmake/smarc_control_msgs__rosidl_typesupport_introspection_cExport.cmake
[5.500s] -- Up-to-date: /home/schni2zle/colcon_ws/src/install/smarc_control_msgs/share/smarc_control_msgs/cmake/smarc_control_msgs__rosidl_typesupport_introspection_cExport-noconfig.cmake
[5.500s] -- Up-to-date: /home/schni2zle/colcon_ws/src/install/smarc_control_msgs/share/smarc_control_msgs/cmake/smarc_control_msgs__rosidl_typesupport_cExport.cmake
[5.500s] -- Up-to-date: /home/schni2zle/colcon_ws/src/install/smarc_control_msgs/share/smarc_control_msgs/cmake/smarc_control_msgs__rosidl_typesupport_cExport-noconfig.cmake
[5.500s] -- Up-to-date: /home/schni2zle/colcon_ws/src/install/smarc_control_msgs/share/smarc_control_msgs/cmake/export_smarc_control_msgs__rosidl_generator_cppExport.cmake
[5.500s] -- Up-to-date: /home/schni2zle/colcon_ws/src/install/smarc_control_msgs/share/smarc_control_msgs/cmake/export_smarc_control_msgs__rosidl_typesupport_fastrtps_cppExport.cmake
[5.500s] -- Up-to-date: /home/schni2zle/colcon_ws/src/install/smarc_control_msgs/share/smarc_control_msgs/cmake/export_smarc_control_msgs__rosidl_typesupport_fastrtps_cppExport-noconfig.cmake
[5.501s] -- Up-to-date: /home/schni2zle/colcon_ws/src/install/smarc_control_msgs/share/smarc_control_msgs/cmake/smarc_control_msgs__rosidl_typesupport_introspection_cppExport.cmake
[5.501s] -- Up-to-date: /home/schni2zle/colcon_ws/src/install/smarc_control_msgs/share/smarc_control_msgs/cmake/smarc_control_msgs__rosidl_typesupport_introspection_cppExport-noconfig.cmake
[5.501s] -- Up-to-date: /home/schni2zle/colcon_ws/src/install/smarc_control_msgs/share/smarc_control_msgs/cmake/smarc_control_msgs__rosidl_typesupport_cppExport.cmake
[5.501s] -- Up-to-date: /home/schni2zle/colcon_ws/src/install/smarc_control_msgs/share/smarc_control_msgs/cmake/smarc_control_msgs__rosidl_typesupport_cppExport-noconfig.cmake
[5.501s] -- Up-to-date: /home/schni2zle/colcon_ws/src/install/smarc_control_msgs/share/smarc_control_msgs/cmake/export_smarc_control_msgs__rosidl_generator_pyExport.cmake
[5.501s] -- Up-to-date: /home/schni2zle/colcon_ws/src/install/smarc_control_msgs/share/smarc_control_msgs/cmake/export_smarc_control_msgs__rosidl_generator_pyExport-noconfig.cmake
[5.502s] -- Up-to-date: /home/schni2zle/colcon_ws/src/install/smarc_control_msgs/share/smarc_control_msgs/cmake/rosidl_cmake-extras.cmake
[5.502s] -- Up-to-date: /home/schni2zle/colcon_ws/src/install/smarc_control_msgs/share/smarc_control_msgs/cmake/ament_cmake_export_dependencies-extras.cmake
[5.502s] -- Up-to-date: /home/schni2zle/colcon_ws/src/install/smarc_control_msgs/share/smarc_control_msgs/cmake/ament_cmake_export_include_directories-extras.cmake
[5.502s] -- Up-to-date: /home/schni2zle/colcon_ws/src/install/smarc_control_msgs/share/smarc_control_msgs/cmake/ament_cmake_export_libraries-extras.cmake
[5.502s] -- Up-to-date: /home/schni2zle/colcon_ws/src/install/smarc_control_msgs/share/smarc_control_msgs/cmake/ament_cmake_export_targets-extras.cmake
[5.503s] -- Up-to-date: /home/schni2zle/colcon_ws/src/install/smarc_control_msgs/share/smarc_control_msgs/cmake/rosidl_cmake_export_typesupport_targets-extras.cmake
[5.503s] -- Up-to-date: /home/schni2zle/colcon_ws/src/install/smarc_control_msgs/share/smarc_control_msgs/cmake/rosidl_cmake_export_typesupport_libraries-extras.cmake
[5.503s] -- Up-to-date: /home/schni2zle/colcon_ws/src/install/smarc_control_msgs/share/smarc_control_msgs/cmake/smarc_control_msgsConfig.cmake
[5.503s] -- Up-to-date: /home/schni2zle/colcon_ws/src/install/smarc_control_msgs/share/smarc_control_msgs/cmake/smarc_control_msgsConfig-version.cmake
[5.503s] -- Up-to-date: /home/schni2zle/colcon_ws/src/install/smarc_control_msgs/share/smarc_control_msgs/package.xml
[7.201s] Invoked command in '/home/schni2zle/colcon_ws/src/build/smarc_control_msgs' returned '0': CMAKE_PREFIX_PATH=${CMAKE_PREFIX_PATH}:/home/schni2zle/colcon_ws/src/install/workshopfun:/home/schni2zle/colcon_ws/src/install/utm_latlon_converter:/home/schni2zle/colcon_ws/src/install/test_package:/home/schni2zle/colcon_ws/src/install/state_estimation:/home/schni2zle/colcon_ws/src/install/smarc_nodered:/home/schni2zle/colcon_ws/src/install/smarc_bt:/home/schni2zle/colcon_ws/src/install/smarc_bringups:/home/schni2zle/colcon_ws/src/install/sam_dead_reckoning:/home/schni2zle/colcon_ws/src/install/ros_tcp_endpoint:/home/schni2zle/colcon_ws/src/install/ros2_python_examples:/home/schni2zle/colcon_ws/src/install/quadrotor_basic_controller:/home/schni2zle/colcon_ws/src/install/mqtt_bridge:/home/schni2zle/colcon_ws/src/install/dubins_planner:/home/schni2zle/colcon_ws/src/install/dive_control:/home/schni2zle/colcon_ws/src/install/basic_go_to_waypoint:/home/schni2zle/colcon_ws/src/install/basic_depth_pitch_control:/home/schni2zle/colcon_ws/install/workshopfun:/home/schni2zle/colcon_ws/install/utm_latlon_converter:/home/schni2zle/colcon_ws/install/smarc_nodered:/home/schni2zle/colcon_ws/install/smarc_bt:/home/schni2zle/colcon_ws/install/smarc_bringups:/home/schni2zle/colcon_ws/install/sam_dead_reckoning:/home/schni2zle/colcon_ws/install/ros_tcp_endpoint:/home/schni2zle/colcon_ws/install/ros2_python_examples:/home/schni2zle/colcon_ws/install/mqtt_bridge:/home/schni2zle/colcon_ws/install/dubins_planner:/home/schni2zle/colcon_ws/install/basic_go_to_waypoint:/opt/ros/humble /usr/bin/cmake --install /home/schni2zle/colcon_ws/src/build/smarc_control_msgs
