[0.148s] Invoking command in '/home/schni2zle/colcon_ws/src/build/smarc_msgs': CMAKE_PREFIX_PATH=${CMAKE_PREFIX_PATH}:/home/schni2zle/colcon_ws/src/install/workshopfun:/home/schni2zle/colcon_ws/src/install/utm_latlon_converter:/home/schni2zle/colcon_ws/src/install/test_package:/home/schni2zle/colcon_ws/src/install/state_estimation:/home/schni2zle/colcon_ws/src/install/smarc_nodered:/home/schni2zle/colcon_ws/src/install/smarc_bt:/home/schni2zle/colcon_ws/src/install/smarc_bringups:/home/schni2zle/colcon_ws/src/install/sam_dead_reckoning:/home/schni2zle/colcon_ws/src/install/ros_tcp_endpoint:/home/schni2zle/colcon_ws/src/install/ros2_python_examples:/home/schni2zle/colcon_ws/src/install/quadrotor_basic_controller:/home/schni2zle/colcon_ws/src/install/mqtt_bridge:/home/schni2zle/colcon_ws/src/install/dubins_planner:/home/schni2zle/colcon_ws/src/install/dive_control:/home/schni2zle/colcon_ws/src/install/basic_go_to_waypoint:/home/schni2zle/colcon_ws/src/install/basic_depth_pitch_control:/home/schni2zle/colcon_ws/install/workshopfun:/home/schni2zle/colcon_ws/install/utm_latlon_converter:/home/schni2zle/colcon_ws/install/smarc_nodered:/home/schni2zle/colcon_ws/install/smarc_bt:/home/schni2zle/colcon_ws/install/smarc_bringups:/home/schni2zle/colcon_ws/install/sam_dead_reckoning:/home/schni2zle/colcon_ws/install/ros_tcp_endpoint:/home/schni2zle/colcon_ws/install/ros2_python_examples:/home/schni2zle/colcon_ws/install/mqtt_bridge:/home/schni2zle/colcon_ws/install/dubins_planner:/home/schni2zle/colcon_ws/install/basic_go_to_waypoint:/opt/ros/humble /usr/bin/cmake --build /home/schni2zle/colcon_ws/src/build/smarc_msgs -- -j8 -l8
[4.336s] [35m[1mConsolidate compiler generated dependencies of target smarc_msgs__rosidl_generator_c[0m
[4.337s] [  0%] Built target smarc_msgs__cpp
[4.337s] [  0%] Built target ament_cmake_python_copy_smarc_msgs
[4.337s] [35m[1mConsolidate compiler generated dependencies of target smarc_msgs__rosidl_typesupport_fastrtps_cpp[0m
[4.337s] [35m[1mConsolidate compiler generated dependencies of target smarc_msgs__rosidl_typesupport_cpp[0m
[4.337s] [35m[1mConsolidate compiler generated dependencies of target smarc_msgs__rosidl_typesupport_introspection_cpp[0m
[4.337s] [ 12%] Built target smarc_msgs__rosidl_generator_c
[4.338s] [35m[1mConsolidate compiler generated dependencies of target smarc_msgs__rosidl_typesupport_introspection_c[0m
[4.338s] [ 24%] Built target smarc_msgs__rosidl_typesupport_cpp
[4.338s] [35m[1mConsolidate compiler generated dependencies of target smarc_msgs__rosidl_typesupport_c[0m
[4.338s] [35m[1mConsolidate compiler generated dependencies of target smarc_msgs__rosidl_typesupport_fastrtps_c[0m
[4.338s] [ 36%] Built target smarc_msgs__rosidl_typesupport_fastrtps_cpp
[4.339s] [ 49%] Built target smarc_msgs__rosidl_typesupport_introspection_c
[4.339s] [ 62%] Built target smarc_msgs__rosidl_typesupport_introspection_cpp
[4.339s] [ 74%] Built target smarc_msgs__rosidl_typesupport_c
[4.339s] [ 86%] Built target smarc_msgs__rosidl_typesupport_fastrtps_c
[4.339s] [ 86%] Built target smarc_msgs
[4.340s] [ 86%] Built target smarc_msgs__py
[4.340s] [35m[1mConsolidate compiler generated dependencies of target smarc_msgs__rosidl_generator_py[0m
[4.340s] [ 98%] Built target smarc_msgs__rosidl_generator_py
[4.340s] [35m[1mConsolidate compiler generated dependencies of target smarc_msgs__rosidl_typesupport_introspection_c__pyext[0m
[4.340s] [35m[1mConsolidate compiler generated dependencies of target smarc_msgs__rosidl_typesupport_fastrtps_c__pyext[0m
[4.341s] [35m[1mConsolidate compiler generated dependencies of target smarc_msgs__rosidl_typesupport_c__pyext[0m
[4.341s] [ 98%] Built target smarc_msgs__rosidl_typesupport_introspection_c__pyext
[4.341s] [ 99%] Built target smarc_msgs__rosidl_typesupport_fastrtps_c__pyext
[4.341s] [100%] Built target smarc_msgs__rosidl_typesupport_c__pyext
[4.341s] running egg_info
[4.342s] writing smarc_msgs.egg-info/PKG-INFO
[4.342s] writing dependency_links to smarc_msgs.egg-info/dependency_links.txt
[4.342s] writing top-level names to smarc_msgs.egg-info/top_level.txt
[4.342s] reading manifest file 'smarc_msgs.egg-info/SOURCES.txt'
[4.342s] writing manifest file 'smarc_msgs.egg-info/SOURCES.txt'
[4.342s] [100%] Built target ament_cmake_python_build_smarc_msgs_egg
[4.345s] Invoked command in '/home/schni2zle/colcon_ws/src/build/smarc_msgs' returned '0': CMAKE_PREFIX_PATH=${CMAKE_PREFIX_PATH}:/home/schni2zle/colcon_ws/src/install/workshopfun:/home/schni2zle/colcon_ws/src/install/utm_latlon_converter:/home/schni2zle/colcon_ws/src/install/test_package:/home/schni2zle/colcon_ws/src/install/state_estimation:/home/schni2zle/colcon_ws/src/install/smarc_nodered:/home/schni2zle/colcon_ws/src/install/smarc_bt:/home/schni2zle/colcon_ws/src/install/smarc_bringups:/home/schni2zle/colcon_ws/src/install/sam_dead_reckoning:/home/schni2zle/colcon_ws/src/install/ros_tcp_endpoint:/home/schni2zle/colcon_ws/src/install/ros2_python_examples:/home/schni2zle/colcon_ws/src/install/quadrotor_basic_controller:/home/schni2zle/colcon_ws/src/install/mqtt_bridge:/home/schni2zle/colcon_ws/src/install/dubins_planner:/home/schni2zle/colcon_ws/src/install/dive_control:/home/schni2zle/colcon_ws/src/install/basic_go_to_waypoint:/home/schni2zle/colcon_ws/src/install/basic_depth_pitch_control:/home/schni2zle/colcon_ws/install/workshopfun:/home/schni2zle/colcon_ws/install/utm_latlon_converter:/home/schni2zle/colcon_ws/install/smarc_nodered:/home/schni2zle/colcon_ws/install/smarc_bt:/home/schni2zle/colcon_ws/install/smarc_bringups:/home/schni2zle/colcon_ws/install/sam_dead_reckoning:/home/schni2zle/colcon_ws/install/ros_tcp_endpoint:/home/schni2zle/colcon_ws/install/ros2_python_examples:/home/schni2zle/colcon_ws/install/mqtt_bridge:/home/schni2zle/colcon_ws/install/dubins_planner:/home/schni2zle/colcon_ws/install/basic_go_to_waypoint:/opt/ros/humble /usr/bin/cmake --build /home/schni2zle/colcon_ws/src/build/smarc_msgs -- -j8 -l8
[7.427s] Invoking command in '/home/schni2zle/colcon_ws/src/build/smarc_msgs': CMAKE_PREFIX_PATH=${CMAKE_PREFIX_PATH}:/home/schni2zle/colcon_ws/src/install/workshopfun:/home/schni2zle/colcon_ws/src/install/utm_latlon_converter:/home/schni2zle/colcon_ws/src/install/test_package:/home/schni2zle/colcon_ws/src/install/state_estimation:/home/schni2zle/colcon_ws/src/install/smarc_nodered:/home/schni2zle/colcon_ws/src/install/smarc_bt:/home/schni2zle/colcon_ws/src/install/smarc_bringups:/home/schni2zle/colcon_ws/src/install/sam_dead_reckoning:/home/schni2zle/colcon_ws/src/install/ros_tcp_endpoint:/home/schni2zle/colcon_ws/src/install/ros2_python_examples:/home/schni2zle/colcon_ws/src/install/quadrotor_basic_controller:/home/schni2zle/colcon_ws/src/install/mqtt_bridge:/home/schni2zle/colcon_ws/src/install/dubins_planner:/home/schni2zle/colcon_ws/src/install/dive_control:/home/schni2zle/colcon_ws/src/install/basic_go_to_waypoint:/home/schni2zle/colcon_ws/src/install/basic_depth_pitch_control:/home/schni2zle/colcon_ws/install/workshopfun:/home/schni2zle/colcon_ws/install/utm_latlon_converter:/home/schni2zle/colcon_ws/install/smarc_nodered:/home/schni2zle/colcon_ws/install/smarc_bt:/home/schni2zle/colcon_ws/install/smarc_bringups:/home/schni2zle/colcon_ws/install/sam_dead_reckoning:/home/schni2zle/colcon_ws/install/ros_tcp_endpoint:/home/schni2zle/colcon_ws/install/ros2_python_examples:/home/schni2zle/colcon_ws/install/mqtt_bridge:/home/schni2zle/colcon_ws/install/dubins_planner:/home/schni2zle/colcon_ws/install/basic_go_to_waypoint:/opt/ros/humble /usr/bin/cmake --install /home/schni2zle/colcon_ws/src/build/smarc_msgs
[7.482s] -- Install configuration: ""
[7.483s] -- Up-to-date: /home/schni2zle/colcon_ws/src/install/smarc_msgs/share/ament_index/resource_index/rosidl_interfaces/smarc_msgs
[7.483s] -- Up-to-date: /home/schni2zle/colcon_ws/src/install/smarc_msgs/include/smarc_msgs/smarc_msgs
[7.483s] -- Up-to-date: /home/schni2zle/colcon_ws/src/install/smarc_msgs/include/smarc_msgs/smarc_msgs/msg
[7.483s] -- Up-to-date: /home/schni2zle/colcon_ws/src/install/smarc_msgs/include/smarc_msgs/smarc_msgs/msg/string_array.h
[7.483s] -- Up-to-date: /home/schni2zle/colcon_ws/src/install/smarc_msgs/include/smarc_msgs/smarc_msgs/msg/rosidl_generator_c__visibility_control.h
[7.500s] -- Up-to-date: /home/schni2zle/colcon_ws/src/install/smarc_msgs/include/smarc_msgs/smarc_msgs/msg/ctd.h
[7.503s] -- Up-to-date: /home/schni2zle/colcon_ws/src/install/smarc_msgs/include/smarc_msgs/smarc_msgs/msg/comms_message.h
[7.503s] -- Up-to-date: /home/schni2zle/colcon_ws/src/install/smarc_msgs/include/smarc_msgs/smarc_msgs/msg/sidescan.h
[7.503s] -- Up-to-date: /home/schni2zle/colcon_ws/src/install/smarc_msgs/include/smarc_msgs/smarc_msgs/msg/execution_status.h
[7.503s] -- Up-to-date: /home/schni2zle/colcon_ws/src/install/smarc_msgs/include/smarc_msgs/smarc_msgs/msg/dvl_beam.h
[7.504s] -- Up-to-date: /home/schni2zle/colcon_ws/src/install/smarc_msgs/include/smarc_msgs/smarc_msgs/msg/thruster_rpm.h
[7.504s] -- Up-to-date: /home/schni2zle/colcon_ws/src/install/smarc_msgs/include/smarc_msgs/smarc_msgs/msg/sm_task.h
[7.504s] -- Up-to-date: /home/schni2zle/colcon_ws/src/install/smarc_msgs/include/smarc_msgs/smarc_msgs/msg/controller_status.h
[7.504s] -- Up-to-date: /home/schni2zle/colcon_ws/src/install/smarc_msgs/include/smarc_msgs/smarc_msgs/msg/leak.h
[7.504s] -- Up-to-date: /home/schni2zle/colcon_ws/src/install/smarc_msgs/include/smarc_msgs/smarc_msgs/msg/dual_thruster_feedback.h
[7.504s] -- Up-to-date: /home/schni2zle/colcon_ws/src/install/smarc_msgs/include/smarc_msgs/smarc_msgs/msg/detail
[7.505s] -- Up-to-date: /home/schni2zle/colcon_ws/src/install/smarc_msgs/include/smarc_msgs/smarc_msgs/msg/detail/string_pair__functions.c
[7.505s] -- Up-to-date: /home/schni2zle/colcon_ws/src/install/smarc_msgs/include/smarc_msgs/smarc_msgs/msg/detail/float_stamped__functions.c
[7.505s] -- Up-to-date: /home/schni2zle/colcon_ws/src/install/smarc_msgs/include/smarc_msgs/smarc_msgs/msg/detail/dual_thruster_feedback__type_support.h
[7.505s] -- Up-to-date: /home/schni2zle/colcon_ws/src/install/smarc_msgs/include/smarc_msgs/smarc_msgs/msg/detail/string_array__functions.h
[7.505s] -- Up-to-date: /home/schni2zle/colcon_ws/src/install/smarc_msgs/include/smarc_msgs/smarc_msgs/msg/detail/thruster_dc__functions.c
[7.506s] -- Up-to-date: /home/schni2zle/colcon_ws/src/install/smarc_msgs/include/smarc_msgs/smarc_msgs/msg/detail/comms_message__functions.h
[7.506s] -- Up-to-date: /home/schni2zle/colcon_ws/src/install/smarc_msgs/include/smarc_msgs/smarc_msgs/msg/detail/execution_status__functions.h
[7.506s] -- Up-to-date: /home/schni2zle/colcon_ws/src/install/smarc_msgs/include/smarc_msgs/smarc_msgs/msg/detail/controller_status__functions.h
[7.506s] -- Up-to-date: /home/schni2zle/colcon_ws/src/install/smarc_msgs/include/smarc_msgs/smarc_msgs/msg/detail/leak__functions.h
[7.506s] -- Up-to-date: /home/schni2zle/colcon_ws/src/install/smarc_msgs/include/smarc_msgs/smarc_msgs/msg/detail/thruster_feedback__functions.c
[7.506s] -- Up-to-date: /home/schni2zle/colcon_ws/src/install/smarc_msgs/include/smarc_msgs/smarc_msgs/msg/detail/leak__functions.c
[7.507s] -- Up-to-date: /home/schni2zle/colcon_ws/src/install/smarc_msgs/include/smarc_msgs/smarc_msgs/msg/detail/topics__struct.h
[7.521s] -- Up-to-date: /home/schni2zle/colcon_ws/src/install/smarc_msgs/include/smarc_msgs/smarc_msgs/msg/detail/execution_status__functions.c
[7.521s] -- Up-to-date: /home/schni2zle/colcon_ws/src/install/smarc_msgs/include/smarc_msgs/smarc_msgs/msg/detail/sensor_status__functions.c
[7.522s] -- Up-to-date: /home/schni2zle/colcon_ws/src/install/smarc_msgs/include/smarc_msgs/smarc_msgs/msg/detail/dvl_beam__type_support.h
[7.522s] -- Up-to-date: /home/schni2zle/colcon_ws/src/install/smarc_msgs/include/smarc_msgs/smarc_msgs/msg/detail/dvl_beam__functions.h
[7.522s] -- Up-to-date: /home/schni2zle/colcon_ws/src/install/smarc_msgs/include/smarc_msgs/smarc_msgs/msg/detail/dual_thruster_feedback__struct.h
[7.547s] -- Up-to-date: /home/schni2zle/colcon_ws/src/install/smarc_msgs/include/smarc_msgs/smarc_msgs/msg/detail/leak__type_support.h
[7.547s] -- Up-to-date: /home/schni2zle/colcon_ws/src/install/smarc_msgs/include/smarc_msgs/smarc_msgs/msg/detail/ctd__type_support.h
[7.548s] -- Up-to-date: /home/schni2zle/colcon_ws/src/install/smarc_msgs/include/smarc_msgs/smarc_msgs/msg/detail/lat_lon_stamped__type_support.h
[7.548s] -- Up-to-date: /home/schni2zle/colcon_ws/src/install/smarc_msgs/include/smarc_msgs/smarc_msgs/msg/detail/dvl__struct.h
[7.548s] -- Up-to-date: /home/schni2zle/colcon_ws/src/install/smarc_msgs/include/smarc_msgs/smarc_msgs/msg/detail/dvl__type_support.h
[7.548s] -- Up-to-date: /home/schni2zle/colcon_ws/src/install/smarc_msgs/include/smarc_msgs/smarc_msgs/msg/detail/dual_thruster_rpm__functions.h
[7.548s] -- Up-to-date: /home/schni2zle/colcon_ws/src/install/smarc_msgs/include/smarc_msgs/smarc_msgs/msg/detail/float_stamped__struct.h
[7.548s] -- Up-to-date: /home/schni2zle/colcon_ws/src/install/smarc_msgs/include/smarc_msgs/smarc_msgs/msg/detail/sensor_status__type_support.h
[7.549s] -- Up-to-date: /home/schni2zle/colcon_ws/src/install/smarc_msgs/include/smarc_msgs/smarc_msgs/msg/detail/string_array__functions.c
[7.549s] -- Up-to-date: /home/schni2zle/colcon_ws/src/install/smarc_msgs/include/smarc_msgs/smarc_msgs/msg/detail/topics__type_support.h
[7.549s] -- Up-to-date: /home/schni2zle/colcon_ws/src/install/smarc_msgs/include/smarc_msgs/smarc_msgs/msg/detail/controller_status__type_support.h
[7.549s] -- Up-to-date: /home/schni2zle/colcon_ws/src/install/smarc_msgs/include/smarc_msgs/smarc_msgs/msg/detail/thruster_dc__type_support.h
[7.549s] -- Up-to-date: /home/schni2zle/colcon_ws/src/install/smarc_msgs/include/smarc_msgs/smarc_msgs/msg/detail/thruster_feedback__functions.h
[7.550s] -- Up-to-date: /home/schni2zle/colcon_ws/src/install/smarc_msgs/include/smarc_msgs/smarc_msgs/msg/detail/lat_lon_odometry__struct.h
[7.554s] -- Up-to-date: /home/schni2zle/colcon_ws/src/install/smarc_msgs/include/smarc_msgs/smarc_msgs/msg/detail/execution_status__type_support.h
[7.554s] -- Up-to-date: /home/schni2zle/colcon_ws/src/install/smarc_msgs/include/smarc_msgs/smarc_msgs/msg/detail/lat_lon_odometry__type_support.h
[7.554s] -- Up-to-date: /home/schni2zle/colcon_ws/src/install/smarc_msgs/include/smarc_msgs/smarc_msgs/msg/detail/string_stamped__functions.h
[7.554s] -- Up-to-date: /home/schni2zle/colcon_ws/src/install/smarc_msgs/include/smarc_msgs/smarc_msgs/msg/detail/execution_status__struct.h
[7.555s] -- Up-to-date: /home/schni2zle/colcon_ws/src/install/smarc_msgs/include/smarc_msgs/smarc_msgs/msg/detail/topics__functions.h
[7.555s] -- Up-to-date: /home/schni2zle/colcon_ws/src/install/smarc_msgs/include/smarc_msgs/smarc_msgs/msg/detail/float_stamped__type_support.h
[7.555s] -- Up-to-date: /home/schni2zle/colcon_ws/src/install/smarc_msgs/include/smarc_msgs/smarc_msgs/msg/detail/sm_task__struct.h
[7.555s] -- Up-to-date: /home/schni2zle/colcon_ws/src/install/smarc_msgs/include/smarc_msgs/smarc_msgs/msg/detail/lat_lon_stamped__functions.h
[7.555s] -- Up-to-date: /home/schni2zle/colcon_ws/src/install/smarc_msgs/include/smarc_msgs/smarc_msgs/msg/detail/float_stamped__functions.h
[7.555s] -- Up-to-date: /home/schni2zle/colcon_ws/src/install/smarc_msgs/include/smarc_msgs/smarc_msgs/msg/detail/sensor_status__functions.h
[7.556s] -- Up-to-date: /home/schni2zle/colcon_ws/src/install/smarc_msgs/include/smarc_msgs/smarc_msgs/msg/detail/dual_thruster_feedback__functions.h
[7.556s] -- Up-to-date: /home/schni2zle/colcon_ws/src/install/smarc_msgs/include/smarc_msgs/smarc_msgs/msg/detail/topics__functions.c
[7.556s] -- Up-to-date: /home/schni2zle/colcon_ws/src/install/smarc_msgs/include/smarc_msgs/smarc_msgs/msg/detail/sidescan__type_support.h
[7.556s] -- Up-to-date: /home/schni2zle/colcon_ws/src/install/smarc_msgs/include/smarc_msgs/smarc_msgs/msg/detail/string_pair__type_support.h
[7.556s] -- Up-to-date: /home/schni2zle/colcon_ws/src/install/smarc_msgs/include/smarc_msgs/smarc_msgs/msg/detail/thruster_dc__functions.h
[7.557s] -- Up-to-date: /home/schni2zle/colcon_ws/src/install/smarc_msgs/include/smarc_msgs/smarc_msgs/msg/detail/lat_lon_odometry__functions.c
[7.585s] -- Up-to-date: /home/schni2zle/colcon_ws/src/install/smarc_msgs/include/smarc_msgs/smarc_msgs/msg/detail/thruster_feedback__struct.h
[7.586s] -- Up-to-date: /home/schni2zle/colcon_ws/src/install/smarc_msgs/include/smarc_msgs/smarc_msgs/msg/detail/ctd__functions.c
[7.586s] -- Up-to-date: /home/schni2zle/colcon_ws/src/install/smarc_msgs/include/smarc_msgs/smarc_msgs/msg/detail/sm_task__functions.c
[7.586s] -- Up-to-date: /home/schni2zle/colcon_ws/src/install/smarc_msgs/include/smarc_msgs/smarc_msgs/msg/detail/controller_status__functions.c
[7.586s] -- Up-to-date: /home/schni2zle/colcon_ws/src/install/smarc_msgs/include/smarc_msgs/smarc_msgs/msg/detail/thruster_rpm__functions.h
[7.586s] -- Up-to-date: /home/schni2zle/colcon_ws/src/install/smarc_msgs/include/smarc_msgs/smarc_msgs/msg/detail/string_pair__functions.h
[7.590s] -- Up-to-date: /home/schni2zle/colcon_ws/src/install/smarc_msgs/include/smarc_msgs/smarc_msgs/msg/detail/sm_task__functions.h
[7.590s] -- Up-to-date: /home/schni2zle/colcon_ws/src/install/smarc_msgs/include/smarc_msgs/smarc_msgs/msg/detail/comms_message__type_support.h
[7.591s] -- Up-to-date: /home/schni2zle/colcon_ws/src/install/smarc_msgs/include/smarc_msgs/smarc_msgs/msg/detail/sidescan__functions.h
[7.591s] -- Up-to-date: /home/schni2zle/colcon_ws/src/install/smarc_msgs/include/smarc_msgs/smarc_msgs/msg/detail/comms_message__functions.c
[7.591s] -- Up-to-date: /home/schni2zle/colcon_ws/src/install/smarc_msgs/include/smarc_msgs/smarc_msgs/msg/detail/string_stamped__struct.h
[7.591s] -- Up-to-date: /home/schni2zle/colcon_ws/src/install/smarc_msgs/include/smarc_msgs/smarc_msgs/msg/detail/dvl_beam__functions.c
[7.591s] -- Up-to-date: /home/schni2zle/colcon_ws/src/install/smarc_msgs/include/smarc_msgs/smarc_msgs/msg/detail/dvl_beam__struct.h
[7.592s] -- Up-to-date: /home/schni2zle/colcon_ws/src/install/smarc_msgs/include/smarc_msgs/smarc_msgs/msg/detail/lat_lon_stamped__functions.c
[7.592s] -- Up-to-date: /home/schni2zle/colcon_ws/src/install/smarc_msgs/include/smarc_msgs/smarc_msgs/msg/detail/string_array__struct.h
[7.592s] -- Up-to-date: /home/schni2zle/colcon_ws/src/install/smarc_msgs/include/smarc_msgs/smarc_msgs/msg/detail/lat_lon_odometry__functions.h
[7.592s] -- Up-to-date: /home/schni2zle/colcon_ws/src/install/smarc_msgs/include/smarc_msgs/smarc_msgs/msg/detail/string_pair__struct.h
[7.592s] -- Up-to-date: /home/schni2zle/colcon_ws/src/install/smarc_msgs/include/smarc_msgs/smarc_msgs/msg/detail/sensor_status__struct.h
[7.593s] -- Up-to-date: /home/schni2zle/colcon_ws/src/install/smarc_msgs/include/smarc_msgs/smarc_msgs/msg/detail/dvl__functions.c
[7.597s] -- Up-to-date: /home/schni2zle/colcon_ws/src/install/smarc_msgs/include/smarc_msgs/smarc_msgs/msg/detail/ctd__struct.h
[7.597s] -- Up-to-date: /home/schni2zle/colcon_ws/src/install/smarc_msgs/include/smarc_msgs/smarc_msgs/msg/detail/string_stamped__functions.c
[7.597s] -- Up-to-date: /home/schni2zle/colcon_ws/src/install/smarc_msgs/include/smarc_msgs/smarc_msgs/msg/detail/thruster_rpm__type_support.h
[7.598s] -- Up-to-date: /home/schni2zle/colcon_ws/src/install/smarc_msgs/include/smarc_msgs/smarc_msgs/msg/detail/dual_thruster_feedback__functions.c
[7.598s] -- Up-to-date: /home/schni2zle/colcon_ws/src/install/smarc_msgs/include/smarc_msgs/smarc_msgs/msg/detail/lat_lon_stamped__struct.h
[7.598s] -- Up-to-date: /home/schni2zle/colcon_ws/src/install/smarc_msgs/include/smarc_msgs/smarc_msgs/msg/detail/thruster_rpm__functions.c
[7.598s] -- Up-to-date: /home/schni2zle/colcon_ws/src/install/smarc_msgs/include/smarc_msgs/smarc_msgs/msg/detail/dual_thruster_rpm__functions.c
[7.598s] -- Up-to-date: /home/schni2zle/colcon_ws/src/install/smarc_msgs/include/smarc_msgs/smarc_msgs/msg/detail/dvl__functions.h
[7.598s] -- Up-to-date: /home/schni2zle/colcon_ws/src/install/smarc_msgs/include/smarc_msgs/smarc_msgs/msg/detail/thruster_dc__struct.h
[7.599s] -- Up-to-date: /home/schni2zle/colcon_ws/src/install/smarc_msgs/include/smarc_msgs/smarc_msgs/msg/detail/string_stamped__type_support.h
[7.599s] -- Up-to-date: /home/schni2zle/colcon_ws/src/install/smarc_msgs/include/smarc_msgs/smarc_msgs/msg/detail/thruster_feedback__type_support.h
[7.599s] -- Up-to-date: /home/schni2zle/colcon_ws/src/install/smarc_msgs/include/smarc_msgs/smarc_msgs/msg/detail/comms_message__struct.h
[7.599s] -- Up-to-date: /home/schni2zle/colcon_ws/src/install/smarc_msgs/include/smarc_msgs/smarc_msgs/msg/detail/ctd__functions.h
[7.599s] -- Up-to-date: /home/schni2zle/colcon_ws/src/install/smarc_msgs/include/smarc_msgs/smarc_msgs/msg/detail/thruster_rpm__struct.h
[7.604s] -- Up-to-date: /home/schni2zle/colcon_ws/src/install/smarc_msgs/include/smarc_msgs/smarc_msgs/msg/detail/string_array__type_support.h
[7.604s] -- Up-to-date: /home/schni2zle/colcon_ws/src/install/smarc_msgs/include/smarc_msgs/smarc_msgs/msg/detail/sm_task__type_support.h
[7.604s] -- Up-to-date: /home/schni2zle/colcon_ws/src/install/smarc_msgs/include/smarc_msgs/smarc_msgs/msg/detail/sidescan__struct.h
[7.604s] -- Up-to-date: /home/schni2zle/colcon_ws/src/install/smarc_msgs/include/smarc_msgs/smarc_msgs/msg/detail/sidescan__functions.c
[7.605s] -- Up-to-date: /home/schni2zle/colcon_ws/src/install/smarc_msgs/include/smarc_msgs/smarc_msgs/msg/detail/leak__struct.h
[7.605s] -- Up-to-date: /home/schni2zle/colcon_ws/src/install/smarc_msgs/include/smarc_msgs/smarc_msgs/msg/detail/dual_thruster_rpm__struct.h
[7.605s] -- Up-to-date: /home/schni2zle/colcon_ws/src/install/smarc_msgs/include/smarc_msgs/smarc_msgs/msg/detail/dual_thruster_rpm__type_support.h
[7.605s] -- Up-to-date: /home/schni2zle/colcon_ws/src/install/smarc_msgs/include/smarc_msgs/smarc_msgs/msg/detail/controller_status__struct.h
[7.606s] -- Up-to-date: /home/schni2zle/colcon_ws/src/install/smarc_msgs/include/smarc_msgs/smarc_msgs/msg/dual_thruster_rpm.h
[7.606s] -- Up-to-date: /home/schni2zle/colcon_ws/src/install/smarc_msgs/include/smarc_msgs/smarc_msgs/msg/lat_lon_odometry.h
[7.606s] -- Up-to-date: /home/schni2zle/colcon_ws/src/install/smarc_msgs/include/smarc_msgs/smarc_msgs/msg/thruster_feedback.h
[7.606s] -- Up-to-date: /home/schni2zle/colcon_ws/src/install/smarc_msgs/include/smarc_msgs/smarc_msgs/msg/dvl.h
[7.606s] -- Up-to-date: /home/schni2zle/colcon_ws/src/install/smarc_msgs/include/smarc_msgs/smarc_msgs/msg/float_stamped.h
[7.606s] -- Up-to-date: /home/schni2zle/colcon_ws/src/install/smarc_msgs/include/smarc_msgs/smarc_msgs/msg/lat_lon_stamped.h
[7.607s] -- Up-to-date: /home/schni2zle/colcon_ws/src/install/smarc_msgs/include/smarc_msgs/smarc_msgs/msg/sensor_status.h
[7.607s] -- Up-to-date: /home/schni2zle/colcon_ws/src/install/smarc_msgs/include/smarc_msgs/smarc_msgs/msg/thruster_dc.h
[7.607s] -- Up-to-date: /home/schni2zle/colcon_ws/src/install/smarc_msgs/include/smarc_msgs/smarc_msgs/msg/string_stamped.h
[7.607s] -- Up-to-date: /home/schni2zle/colcon_ws/src/install/smarc_msgs/include/smarc_msgs/smarc_msgs/msg/string_pair.h
[7.607s] -- Up-to-date: /home/schni2zle/colcon_ws/src/install/smarc_msgs/include/smarc_msgs/smarc_msgs/msg/topics.h
[7.612s] -- Up-to-date: /home/schni2zle/colcon_ws/src/install/smarc_msgs/include/smarc_msgs/smarc_msgs/srv
[7.612s] -- Up-to-date: /home/schni2zle/colcon_ws/src/install/smarc_msgs/include/smarc_msgs/smarc_msgs/srv/nedenu_rotation.h
[7.612s] -- Up-to-date: /home/schni2zle/colcon_ws/src/install/smarc_msgs/include/smarc_msgs/smarc_msgs/srv/lat_lon_to_utm_odometry.h
[7.612s] -- Up-to-date: /home/schni2zle/colcon_ws/src/install/smarc_msgs/include/smarc_msgs/smarc_msgs/srv/cell_occupied.h
[7.613s] -- Up-to-date: /home/schni2zle/colcon_ws/src/install/smarc_msgs/include/smarc_msgs/smarc_msgs/srv/add_tasks.h
[7.613s] -- Up-to-date: /home/schni2zle/colcon_ws/src/install/smarc_msgs/include/smarc_msgs/smarc_msgs/srv/detail
[7.613s] -- Up-to-date: /home/schni2zle/colcon_ws/src/install/smarc_msgs/include/smarc_msgs/smarc_msgs/srv/detail/nedenu_rotation__type_support.h
[7.613s] -- Up-to-date: /home/schni2zle/colcon_ws/src/install/smarc_msgs/include/smarc_msgs/smarc_msgs/srv/detail/nedenu_rotation__struct.h
[7.613s] -- Up-to-date: /home/schni2zle/colcon_ws/src/install/smarc_msgs/include/smarc_msgs/smarc_msgs/srv/detail/lat_lon_to_utm_odometry__functions.h
[7.614s] -- Up-to-date: /home/schni2zle/colcon_ws/src/install/smarc_msgs/include/smarc_msgs/smarc_msgs/srv/detail/lat_lon_to_utm_odometry__type_support.h
[7.614s] -- Up-to-date: /home/schni2zle/colcon_ws/src/install/smarc_msgs/include/smarc_msgs/smarc_msgs/srv/detail/cell_occupied__functions.h
[7.614s] -- Up-to-date: /home/schni2zle/colcon_ws/src/install/smarc_msgs/include/smarc_msgs/smarc_msgs/srv/detail/nedenu_rotation__functions.c
[7.614s] -- Up-to-date: /home/schni2zle/colcon_ws/src/install/smarc_msgs/include/smarc_msgs/smarc_msgs/srv/detail/add_tasks__functions.c
[7.614s] -- Up-to-date: /home/schni2zle/colcon_ws/src/install/smarc_msgs/include/smarc_msgs/smarc_msgs/srv/detail/add_task__functions.h
[7.615s] -- Up-to-date: /home/schni2zle/colcon_ws/src/install/smarc_msgs/include/smarc_msgs/smarc_msgs/srv/detail/add_task__struct.h
[7.615s] -- Up-to-date: /home/schni2zle/colcon_ws/src/install/smarc_msgs/include/smarc_msgs/smarc_msgs/srv/detail/lat_lon_to_utm_odometry__struct.h
[7.615s] -- Up-to-date: /home/schni2zle/colcon_ws/src/install/smarc_msgs/include/smarc_msgs/smarc_msgs/srv/detail/lat_lon_to_utm_odometry__functions.c
[7.615s] -- Up-to-date: /home/schni2zle/colcon_ws/src/install/smarc_msgs/include/smarc_msgs/smarc_msgs/srv/detail/add_tasks__type_support.h
[7.615s] -- Up-to-date: /home/schni2zle/colcon_ws/src/install/smarc_msgs/include/smarc_msgs/smarc_msgs/srv/detail/add_tasks__struct.h
[7.619s] -- Up-to-date: /home/schni2zle/colcon_ws/src/install/smarc_msgs/include/smarc_msgs/smarc_msgs/srv/detail/nedenu_rotation__functions.h
[7.619s] -- Up-to-date: /home/schni2zle/colcon_ws/src/install/smarc_msgs/include/smarc_msgs/smarc_msgs/srv/detail/add_tasks__functions.h
[7.619s] -- Up-to-date: /home/schni2zle/colcon_ws/src/install/smarc_msgs/include/smarc_msgs/smarc_msgs/srv/detail/add_task__functions.c
[7.619s] -- Up-to-date: /home/schni2zle/colcon_ws/src/install/smarc_msgs/include/smarc_msgs/smarc_msgs/srv/detail/cell_occupied__struct.h
[7.620s] -- Up-to-date: /home/schni2zle/colcon_ws/src/install/smarc_msgs/include/smarc_msgs/smarc_msgs/srv/detail/cell_occupied__functions.c
[7.620s] -- Up-to-date: /home/schni2zle/colcon_ws/src/install/smarc_msgs/include/smarc_msgs/smarc_msgs/srv/detail/add_task__type_support.h
[7.620s] -- Up-to-date: /home/schni2zle/colcon_ws/src/install/smarc_msgs/include/smarc_msgs/smarc_msgs/srv/detail/cell_occupied__type_support.h
[7.620s] -- Up-to-date: /home/schni2zle/colcon_ws/src/install/smarc_msgs/include/smarc_msgs/smarc_msgs/srv/add_task.h
[7.620s] -- Up-to-date: /home/schni2zle/colcon_ws/src/install/smarc_msgs/share/smarc_msgs/environment/library_path.sh
[7.621s] -- Up-to-date: /home/schni2zle/colcon_ws/src/install/smarc_msgs/share/smarc_msgs/environment/library_path.dsv
[7.621s] -- Up-to-date: /home/schni2zle/colcon_ws/src/install/smarc_msgs/lib/libsmarc_msgs__rosidl_generator_c.so
[7.621s] -- Up-to-date: /home/schni2zle/colcon_ws/src/install/smarc_msgs/include/smarc_msgs/smarc_msgs
[7.621s] -- Up-to-date: /home/schni2zle/colcon_ws/src/install/smarc_msgs/include/smarc_msgs/smarc_msgs/msg
[7.621s] -- Up-to-date: /home/schni2zle/colcon_ws/src/install/smarc_msgs/include/smarc_msgs/smarc_msgs/msg/rosidl_typesupport_fastrtps_c__visibility_control.h
[7.622s] -- Up-to-date: /home/schni2zle/colcon_ws/src/install/smarc_msgs/include/smarc_msgs/smarc_msgs/msg/detail
[7.622s] -- Up-to-date: /home/schni2zle/colcon_ws/src/install/smarc_msgs/include/smarc_msgs/smarc_msgs/msg/detail/lat_lon_odometry__rosidl_typesupport_fastrtps_c.h
[7.622s] -- Up-to-date: /home/schni2zle/colcon_ws/src/install/smarc_msgs/include/smarc_msgs/smarc_msgs/msg/detail/float_stamped__rosidl_typesupport_fastrtps_c.h
[7.660s] -- Up-to-date: /home/schni2zle/colcon_ws/src/install/smarc_msgs/include/smarc_msgs/smarc_msgs/msg/detail/dvl_beam__rosidl_typesupport_fastrtps_c.h
[7.661s] -- Up-to-date: /home/schni2zle/colcon_ws/src/install/smarc_msgs/include/smarc_msgs/smarc_msgs/msg/detail/dual_thruster_feedback__rosidl_typesupport_fastrtps_c.h
[7.661s] -- Up-to-date: /home/schni2zle/colcon_ws/src/install/smarc_msgs/include/smarc_msgs/smarc_msgs/msg/detail/ctd__rosidl_typesupport_fastrtps_c.h
[7.661s] -- Up-to-date: /home/schni2zle/colcon_ws/src/install/smarc_msgs/include/smarc_msgs/smarc_msgs/msg/detail/topics__rosidl_typesupport_fastrtps_c.h
[7.662s] -- Up-to-date: /home/schni2zle/colcon_ws/src/install/smarc_msgs/include/smarc_msgs/smarc_msgs/msg/detail/comms_message__rosidl_typesupport_fastrtps_c.h
[7.662s] -- Up-to-date: /home/schni2zle/colcon_ws/src/install/smarc_msgs/include/smarc_msgs/smarc_msgs/msg/detail/thruster_feedback__rosidl_typesupport_fastrtps_c.h
[7.662s] -- Up-to-date: /home/schni2zle/colcon_ws/src/install/smarc_msgs/include/smarc_msgs/smarc_msgs/msg/detail/string_stamped__rosidl_typesupport_fastrtps_c.h
[7.662s] -- Up-to-date: /home/schni2zle/colcon_ws/src/install/smarc_msgs/include/smarc_msgs/smarc_msgs/msg/detail/string_pair__rosidl_typesupport_fastrtps_c.h
[7.662s] -- Up-to-date: /home/schni2zle/colcon_ws/src/install/smarc_msgs/include/smarc_msgs/smarc_msgs/msg/detail/lat_lon_stamped__rosidl_typesupport_fastrtps_c.h
[7.665s] -- Up-to-date: /home/schni2zle/colcon_ws/src/install/smarc_msgs/include/smarc_msgs/smarc_msgs/msg/detail/thruster_rpm__rosidl_typesupport_fastrtps_c.h
[7.665s] -- Up-to-date: /home/schni2zle/colcon_ws/src/install/smarc_msgs/include/smarc_msgs/smarc_msgs/msg/detail/controller_status__rosidl_typesupport_fastrtps_c.h
[7.665s] -- Up-to-date: /home/schni2zle/colcon_ws/src/install/smarc_msgs/include/smarc_msgs/smarc_msgs/msg/detail/dual_thruster_rpm__rosidl_typesupport_fastrtps_c.h
[7.666s] -- Up-to-date: /home/schni2zle/colcon_ws/src/install/smarc_msgs/include/smarc_msgs/smarc_msgs/msg/detail/dvl__rosidl_typesupport_fastrtps_c.h
[7.666s] -- Up-to-date: /home/schni2zle/colcon_ws/src/install/smarc_msgs/include/smarc_msgs/smarc_msgs/msg/detail/leak__rosidl_typesupport_fastrtps_c.h
[7.666s] -- Up-to-date: /home/schni2zle/colcon_ws/src/install/smarc_msgs/include/smarc_msgs/smarc_msgs/msg/detail/string_array__rosidl_typesupport_fastrtps_c.h
[7.666s] -- Up-to-date: /home/schni2zle/colcon_ws/src/install/smarc_msgs/include/smarc_msgs/smarc_msgs/msg/detail/sensor_status__rosidl_typesupport_fastrtps_c.h
[7.667s] -- Up-to-date: /home/schni2zle/colcon_ws/src/install/smarc_msgs/include/smarc_msgs/smarc_msgs/msg/detail/thruster_dc__rosidl_typesupport_fastrtps_c.h
[7.668s] -- Up-to-date: /home/schni2zle/colcon_ws/src/install/smarc_msgs/include/smarc_msgs/smarc_msgs/msg/detail/sm_task__rosidl_typesupport_fastrtps_c.h
[7.668s] -- Up-to-date: /home/schni2zle/colcon_ws/src/install/smarc_msgs/include/smarc_msgs/smarc_msgs/msg/detail/execution_status__rosidl_typesupport_fastrtps_c.h
[7.668s] -- Up-to-date: /home/schni2zle/colcon_ws/src/install/smarc_msgs/include/smarc_msgs/smarc_msgs/msg/detail/sidescan__rosidl_typesupport_fastrtps_c.h
[7.670s] -- Up-to-date: /home/schni2zle/colcon_ws/src/install/smarc_msgs/include/smarc_msgs/smarc_msgs/srv
[7.671s] -- Up-to-date: /home/schni2zle/colcon_ws/src/install/smarc_msgs/include/smarc_msgs/smarc_msgs/srv/detail
[7.671s] -- Up-to-date: /home/schni2zle/colcon_ws/src/install/smarc_msgs/include/smarc_msgs/smarc_msgs/srv/detail/lat_lon_to_utm_odometry__rosidl_typesupport_fastrtps_c.h
[7.671s] -- Up-to-date: /home/schni2zle/colcon_ws/src/install/smarc_msgs/include/smarc_msgs/smarc_msgs/srv/detail/add_tasks__rosidl_typesupport_fastrtps_c.h
[7.671s] -- Up-to-date: /home/schni2zle/colcon_ws/src/install/smarc_msgs/include/smarc_msgs/smarc_msgs/srv/detail/nedenu_rotation__rosidl_typesupport_fastrtps_c.h
[7.672s] -- Up-to-date: /home/schni2zle/colcon_ws/src/install/smarc_msgs/include/smarc_msgs/smarc_msgs/srv/detail/cell_occupied__rosidl_typesupport_fastrtps_c.h
[7.672s] -- Up-to-date: /home/schni2zle/colcon_ws/src/install/smarc_msgs/include/smarc_msgs/smarc_msgs/srv/detail/add_task__rosidl_typesupport_fastrtps_c.h
[7.672s] -- Up-to-date: /home/schni2zle/colcon_ws/src/install/smarc_msgs/lib/libsmarc_msgs__rosidl_typesupport_fastrtps_c.so
[7.672s] -- Up-to-date: /home/schni2zle/colcon_ws/src/install/smarc_msgs/include/smarc_msgs/smarc_msgs
[7.672s] -- Up-to-date: /home/schni2zle/colcon_ws/src/install/smarc_msgs/include/smarc_msgs/smarc_msgs/msg
[7.673s] -- Up-to-date: /home/schni2zle/colcon_ws/src/install/smarc_msgs/include/smarc_msgs/smarc_msgs/msg/rosidl_typesupport_introspection_c__visibility_control.h
[7.673s] -- Up-to-date: /home/schni2zle/colcon_ws/src/install/smarc_msgs/include/smarc_msgs/smarc_msgs/msg/detail
[7.673s] -- Up-to-date: /home/schni2zle/colcon_ws/src/install/smarc_msgs/include/smarc_msgs/smarc_msgs/msg/detail/string_pair__rosidl_typesupport_introspection_c.h
[7.673s] -- Up-to-date: /home/schni2zle/colcon_ws/src/install/smarc_msgs/include/smarc_msgs/smarc_msgs/msg/detail/dvl_beam__rosidl_typesupport_introspection_c.h
[7.673s] -- Up-to-date: /home/schni2zle/colcon_ws/src/install/smarc_msgs/include/smarc_msgs/smarc_msgs/msg/detail/sidescan__rosidl_typesupport_introspection_c.h
[7.678s] -- Up-to-date: /home/schni2zle/colcon_ws/src/install/smarc_msgs/include/smarc_msgs/smarc_msgs/msg/detail/topics__type_support.c
[7.678s] -- Up-to-date: /home/schni2zle/colcon_ws/src/install/smarc_msgs/include/smarc_msgs/smarc_msgs/msg/detail/controller_status__type_support.c
[7.678s] -- Up-to-date: /home/schni2zle/colcon_ws/src/install/smarc_msgs/include/smarc_msgs/smarc_msgs/msg/detail/string_stamped__type_support.c
[7.678s] -- Up-to-date: /home/schni2zle/colcon_ws/src/install/smarc_msgs/include/smarc_msgs/smarc_msgs/msg/detail/ctd__rosidl_typesupport_introspection_c.h
[7.678s] -- Up-to-date: /home/schni2zle/colcon_ws/src/install/smarc_msgs/include/smarc_msgs/smarc_msgs/msg/detail/dual_thruster_feedback__type_support.c
[7.679s] -- Up-to-date: /home/schni2zle/colcon_ws/src/install/smarc_msgs/include/smarc_msgs/smarc_msgs/msg/detail/sm_task__type_support.c
[7.679s] -- Up-to-date: /home/schni2zle/colcon_ws/src/install/smarc_msgs/include/smarc_msgs/smarc_msgs/msg/detail/execution_status__rosidl_typesupport_introspection_c.h
[7.679s] -- Up-to-date: /home/schni2zle/colcon_ws/src/install/smarc_msgs/include/smarc_msgs/smarc_msgs/msg/detail/leak__rosidl_typesupport_introspection_c.h
[7.679s] -- Up-to-date: /home/schni2zle/colcon_ws/src/install/smarc_msgs/include/smarc_msgs/smarc_msgs/msg/detail/dvl__rosidl_typesupport_introspection_c.h
[7.679s] -- Up-to-date: /home/schni2zle/colcon_ws/src/install/smarc_msgs/include/smarc_msgs/smarc_msgs/msg/detail/float_stamped__type_support.c
[7.683s] -- Up-to-date: /home/schni2zle/colcon_ws/src/install/smarc_msgs/include/smarc_msgs/smarc_msgs/msg/detail/thruster_rpm__rosidl_typesupport_introspection_c.h
[7.683s] -- Up-to-date: /home/schni2zle/colcon_ws/src/install/smarc_msgs/include/smarc_msgs/smarc_msgs/msg/detail/sensor_status__type_support.c
[7.683s] -- Up-to-date: /home/schni2zle/colcon_ws/src/install/smarc_msgs/include/smarc_msgs/smarc_msgs/msg/detail/dvl_beam__type_support.c
[7.683s] -- Up-to-date: /home/schni2zle/colcon_ws/src/install/smarc_msgs/include/smarc_msgs/smarc_msgs/msg/detail/lat_lon_stamped__type_support.c
[7.683s] -- Up-to-date: /home/schni2zle/colcon_ws/src/install/smarc_msgs/include/smarc_msgs/smarc_msgs/msg/detail/ctd__type_support.c
[7.686s] -- Up-to-date: /home/schni2zle/colcon_ws/src/install/smarc_msgs/include/smarc_msgs/smarc_msgs/msg/detail/execution_status__type_support.c
[7.686s] -- Up-to-date: /home/schni2zle/colcon_ws/src/install/smarc_msgs/include/smarc_msgs/smarc_msgs/msg/detail/thruster_dc__rosidl_typesupport_introspection_c.h
[7.687s] -- Up-to-date: /home/schni2zle/colcon_ws/src/install/smarc_msgs/include/smarc_msgs/smarc_msgs/msg/detail/dvl__type_support.c
[7.687s] -- Up-to-date: /home/schni2zle/colcon_ws/src/install/smarc_msgs/include/smarc_msgs/smarc_msgs/msg/detail/string_array__rosidl_typesupport_introspection_c.h
[7.687s] -- Up-to-date: /home/schni2zle/colcon_ws/src/install/smarc_msgs/include/smarc_msgs/smarc_msgs/msg/detail/dual_thruster_rpm__type_support.c
[7.687s] -- Up-to-date: /home/schni2zle/colcon_ws/src/install/smarc_msgs/include/smarc_msgs/smarc_msgs/msg/detail/leak__type_support.c
[7.687s] -- Up-to-date: /home/schni2zle/colcon_ws/src/install/smarc_msgs/include/smarc_msgs/smarc_msgs/msg/detail/float_stamped__rosidl_typesupport_introspection_c.h
[7.688s] -- Up-to-date: /home/schni2zle/colcon_ws/src/install/smarc_msgs/include/smarc_msgs/smarc_msgs/msg/detail/sensor_status__rosidl_typesupport_introspection_c.h
[7.688s] -- Up-to-date: /home/schni2zle/colcon_ws/src/install/smarc_msgs/include/smarc_msgs/smarc_msgs/msg/detail/comms_message__type_support.c
[7.688s] -- Up-to-date: /home/schni2zle/colcon_ws/src/install/smarc_msgs/include/smarc_msgs/smarc_msgs/msg/detail/controller_status__rosidl_typesupport_introspection_c.h
[7.688s] -- Up-to-date: /home/schni2zle/colcon_ws/src/install/smarc_msgs/include/smarc_msgs/smarc_msgs/msg/detail/comms_message__rosidl_typesupport_introspection_c.h
[7.688s] -- Up-to-date: /home/schni2zle/colcon_ws/src/install/smarc_msgs/include/smarc_msgs/smarc_msgs/msg/detail/dual_thruster_rpm__rosidl_typesupport_introspection_c.h
[7.689s] -- Up-to-date: /home/schni2zle/colcon_ws/src/install/smarc_msgs/include/smarc_msgs/smarc_msgs/msg/detail/string_stamped__rosidl_typesupport_introspection_c.h
[7.689s] -- Up-to-date: /home/schni2zle/colcon_ws/src/install/smarc_msgs/include/smarc_msgs/smarc_msgs/msg/detail/dual_thruster_feedback__rosidl_typesupport_introspection_c.h
[7.689s] -- Up-to-date: /home/schni2zle/colcon_ws/src/install/smarc_msgs/include/smarc_msgs/smarc_msgs/msg/detail/thruster_rpm__type_support.c
[7.689s] -- Up-to-date: /home/schni2zle/colcon_ws/src/install/smarc_msgs/include/smarc_msgs/smarc_msgs/msg/detail/lat_lon_odometry__rosidl_typesupport_introspection_c.h
[7.689s] -- Up-to-date: /home/schni2zle/colcon_ws/src/install/smarc_msgs/include/smarc_msgs/smarc_msgs/msg/detail/sidescan__type_support.c
[7.696s] -- Up-to-date: /home/schni2zle/colcon_ws/src/install/smarc_msgs/include/smarc_msgs/smarc_msgs/msg/detail/topics__rosidl_typesupport_introspection_c.h
[7.696s] -- Up-to-date: /home/schni2zle/colcon_ws/src/install/smarc_msgs/include/smarc_msgs/smarc_msgs/msg/detail/string_array__type_support.c
[7.697s] -- Up-to-date: /home/schni2zle/colcon_ws/src/install/smarc_msgs/include/smarc_msgs/smarc_msgs/msg/detail/string_pair__type_support.c
[7.697s] -- Up-to-date: /home/schni2zle/colcon_ws/src/install/smarc_msgs/include/smarc_msgs/smarc_msgs/msg/detail/lat_lon_odometry__type_support.c
[7.697s] -- Up-to-date: /home/schni2zle/colcon_ws/src/install/smarc_msgs/include/smarc_msgs/smarc_msgs/msg/detail/thruster_dc__type_support.c
[7.697s] -- Up-to-date: /home/schni2zle/colcon_ws/src/install/smarc_msgs/include/smarc_msgs/smarc_msgs/msg/detail/sm_task__rosidl_typesupport_introspection_c.h
[7.712s] -- Up-to-date: /home/schni2zle/colcon_ws/src/install/smarc_msgs/include/smarc_msgs/smarc_msgs/msg/detail/thruster_feedback__type_support.c
[7.712s] -- Up-to-date: /home/schni2zle/colcon_ws/src/install/smarc_msgs/include/smarc_msgs/smarc_msgs/msg/detail/thruster_feedback__rosidl_typesupport_introspection_c.h
[7.712s] -- Up-to-date: /home/schni2zle/colcon_ws/src/install/smarc_msgs/include/smarc_msgs/smarc_msgs/msg/detail/lat_lon_stamped__rosidl_typesupport_introspection_c.h
[7.712s] -- Up-to-date: /home/schni2zle/colcon_ws/src/install/smarc_msgs/include/smarc_msgs/smarc_msgs/srv
[7.713s] -- Up-to-date: /home/schni2zle/colcon_ws/src/install/smarc_msgs/include/smarc_msgs/smarc_msgs/srv/detail
[7.713s] -- Up-to-date: /home/schni2zle/colcon_ws/src/install/smarc_msgs/include/smarc_msgs/smarc_msgs/srv/detail/cell_occupied__rosidl_typesupport_introspection_c.h
[7.713s] -- Up-to-date: /home/schni2zle/colcon_ws/src/install/smarc_msgs/include/smarc_msgs/smarc_msgs/srv/detail/add_task__type_support.c
[7.713s] -- Up-to-date: /home/schni2zle/colcon_ws/src/install/smarc_msgs/include/smarc_msgs/smarc_msgs/srv/detail/add_tasks__rosidl_typesupport_introspection_c.h
[7.713s] -- Up-to-date: /home/schni2zle/colcon_ws/src/install/smarc_msgs/include/smarc_msgs/smarc_msgs/srv/detail/add_tasks__type_support.c
[7.718s] -- Up-to-date: /home/schni2zle/colcon_ws/src/install/smarc_msgs/include/smarc_msgs/smarc_msgs/srv/detail/lat_lon_to_utm_odometry__rosidl_typesupport_introspection_c.h
[7.718s] -- Up-to-date: /home/schni2zle/colcon_ws/src/install/smarc_msgs/include/smarc_msgs/smarc_msgs/srv/detail/lat_lon_to_utm_odometry__type_support.c
[7.718s] -- Up-to-date: /home/schni2zle/colcon_ws/src/install/smarc_msgs/include/smarc_msgs/smarc_msgs/srv/detail/nedenu_rotation__rosidl_typesupport_introspection_c.h
[7.718s] -- Up-to-date: /home/schni2zle/colcon_ws/src/install/smarc_msgs/include/smarc_msgs/smarc_msgs/srv/detail/add_task__rosidl_typesupport_introspection_c.h
[7.719s] -- Up-to-date: /home/schni2zle/colcon_ws/src/install/smarc_msgs/include/smarc_msgs/smarc_msgs/srv/detail/nedenu_rotation__type_support.c
[7.719s] -- Up-to-date: /home/schni2zle/colcon_ws/src/install/smarc_msgs/include/smarc_msgs/smarc_msgs/srv/detail/cell_occupied__type_support.c
[7.719s] -- Up-to-date: /home/schni2zle/colcon_ws/src/install/smarc_msgs/lib/libsmarc_msgs__rosidl_typesupport_introspection_c.so
[7.719s] -- Up-to-date: /home/schni2zle/colcon_ws/src/install/smarc_msgs/lib/libsmarc_msgs__rosidl_typesupport_c.so
[7.719s] -- Up-to-date: /home/schni2zle/colcon_ws/src/install/smarc_msgs/include/smarc_msgs/smarc_msgs
[7.720s] -- Up-to-date: /home/schni2zle/colcon_ws/src/install/smarc_msgs/include/smarc_msgs/smarc_msgs/msg
[7.720s] -- Up-to-date: /home/schni2zle/colcon_ws/src/install/smarc_msgs/include/smarc_msgs/smarc_msgs/msg/leak.hpp
[7.720s] -- Up-to-date: /home/schni2zle/colcon_ws/src/install/smarc_msgs/include/smarc_msgs/smarc_msgs/msg/thruster_dc.hpp
[7.720s] -- Up-to-date: /home/schni2zle/colcon_ws/src/install/smarc_msgs/include/smarc_msgs/smarc_msgs/msg/sensor_status.hpp
[7.720s] -- Up-to-date: /home/schni2zle/colcon_ws/src/install/smarc_msgs/include/smarc_msgs/smarc_msgs/msg/ctd.hpp
[7.724s] -- Up-to-date: /home/schni2zle/colcon_ws/src/install/smarc_msgs/include/smarc_msgs/smarc_msgs/msg/dual_thruster_rpm.hpp
[7.724s] -- Up-to-date: /home/schni2zle/colcon_ws/src/install/smarc_msgs/include/smarc_msgs/smarc_msgs/msg/string_stamped.hpp
[7.725s] -- Up-to-date: /home/schni2zle/colcon_ws/src/install/smarc_msgs/include/smarc_msgs/smarc_msgs/msg/string_array.hpp
[7.725s] -- Up-to-date: /home/schni2zle/colcon_ws/src/install/smarc_msgs/include/smarc_msgs/smarc_msgs/msg/dual_thruster_feedback.hpp
[7.725s] -- Up-to-date: /home/schni2zle/colcon_ws/src/install/smarc_msgs/include/smarc_msgs/smarc_msgs/msg/comms_message.hpp
[7.725s] -- Up-to-date: /home/schni2zle/colcon_ws/src/install/smarc_msgs/include/smarc_msgs/smarc_msgs/msg/dvl_beam.hpp
[7.725s] -- Up-to-date: /home/schni2zle/colcon_ws/src/install/smarc_msgs/include/smarc_msgs/smarc_msgs/msg/controller_status.hpp
[7.726s] -- Up-to-date: /home/schni2zle/colcon_ws/src/install/smarc_msgs/include/smarc_msgs/smarc_msgs/msg/lat_lon_odometry.hpp
[7.728s] -- Up-to-date: /home/schni2zle/colcon_ws/src/install/smarc_msgs/include/smarc_msgs/smarc_msgs/msg/thruster_rpm.hpp
[7.728s] -- Up-to-date: /home/schni2zle/colcon_ws/src/install/smarc_msgs/include/smarc_msgs/smarc_msgs/msg/detail
[7.728s] -- Up-to-date: /home/schni2zle/colcon_ws/src/install/smarc_msgs/include/smarc_msgs/smarc_msgs/msg/detail/execution_status__traits.hpp
[7.728s] -- Up-to-date: /home/schni2zle/colcon_ws/src/install/smarc_msgs/include/smarc_msgs/smarc_msgs/msg/detail/controller_status__traits.hpp
[7.729s] -- Up-to-date: /home/schni2zle/colcon_ws/src/install/smarc_msgs/include/smarc_msgs/smarc_msgs/msg/detail/controller_status__builder.hpp
[7.729s] -- Up-to-date: /home/schni2zle/colcon_ws/src/install/smarc_msgs/include/smarc_msgs/smarc_msgs/msg/detail/string_array__traits.hpp
[7.729s] -- Up-to-date: /home/schni2zle/colcon_ws/src/install/smarc_msgs/include/smarc_msgs/smarc_msgs/msg/detail/float_stamped__struct.hpp
[7.729s] -- Up-to-date: /home/schni2zle/colcon_ws/src/install/smarc_msgs/include/smarc_msgs/smarc_msgs/msg/detail/topics__struct.hpp
[7.729s] -- Up-to-date: /home/schni2zle/colcon_ws/src/install/smarc_msgs/include/smarc_msgs/smarc_msgs/msg/detail/comms_message__traits.hpp
[7.730s] -- Up-to-date: /home/schni2zle/colcon_ws/src/install/smarc_msgs/include/smarc_msgs/smarc_msgs/msg/detail/sm_task__struct.hpp
[7.732s] -- Up-to-date: /home/schni2zle/colcon_ws/src/install/smarc_msgs/include/smarc_msgs/smarc_msgs/msg/detail/sm_task__traits.hpp
[7.732s] -- Up-to-date: /home/schni2zle/colcon_ws/src/install/smarc_msgs/include/smarc_msgs/smarc_msgs/msg/detail/thruster_feedback__traits.hpp
[7.732s] -- Up-to-date: /home/schni2zle/colcon_ws/src/install/smarc_msgs/include/smarc_msgs/smarc_msgs/msg/detail/sidescan__builder.hpp
[7.733s] -- Up-to-date: /home/schni2zle/colcon_ws/src/install/smarc_msgs/include/smarc_msgs/smarc_msgs/msg/detail/dual_thruster_rpm__builder.hpp
[7.733s] -- Up-to-date: /home/schni2zle/colcon_ws/src/install/smarc_msgs/include/smarc_msgs/smarc_msgs/msg/detail/string_pair__builder.hpp
[7.733s] -- Up-to-date: /home/schni2zle/colcon_ws/src/install/smarc_msgs/include/smarc_msgs/smarc_msgs/msg/detail/comms_message__builder.hpp
[7.733s] -- Up-to-date: /home/schni2zle/colcon_ws/src/install/smarc_msgs/include/smarc_msgs/smarc_msgs/msg/detail/string_array__builder.hpp
[7.733s] -- Up-to-date: /home/schni2zle/colcon_ws/src/install/smarc_msgs/include/smarc_msgs/smarc_msgs/msg/detail/dvl__builder.hpp
[7.755s] -- Up-to-date: /home/schni2zle/colcon_ws/src/install/smarc_msgs/include/smarc_msgs/smarc_msgs/msg/detail/sm_task__builder.hpp
[7.755s] -- Up-to-date: /home/schni2zle/colcon_ws/src/install/smarc_msgs/include/smarc_msgs/smarc_msgs/msg/detail/topics__traits.hpp
[7.755s] -- Up-to-date: /home/schni2zle/colcon_ws/src/install/smarc_msgs/include/smarc_msgs/smarc_msgs/msg/detail/ctd__struct.hpp
[7.755s] -- Up-to-date: /home/schni2zle/colcon_ws/src/install/smarc_msgs/include/smarc_msgs/smarc_msgs/msg/detail/float_stamped__traits.hpp
[7.755s] -- Up-to-date: /home/schni2zle/colcon_ws/src/install/smarc_msgs/include/smarc_msgs/smarc_msgs/msg/detail/dvl_beam__struct.hpp
[7.756s] -- Up-to-date: /home/schni2zle/colcon_ws/src/install/smarc_msgs/include/smarc_msgs/smarc_msgs/msg/detail/string_array__struct.hpp
[7.756s] -- Up-to-date: /home/schni2zle/colcon_ws/src/install/smarc_msgs/include/smarc_msgs/smarc_msgs/msg/detail/sensor_status__struct.hpp
[7.756s] -- Up-to-date: /home/schni2zle/colcon_ws/src/install/smarc_msgs/include/smarc_msgs/smarc_msgs/msg/detail/dvl_beam__builder.hpp
[7.756s] -- Up-to-date: /home/schni2zle/colcon_ws/src/install/smarc_msgs/include/smarc_msgs/smarc_msgs/msg/detail/sensor_status__builder.hpp
[7.756s] -- Up-to-date: /home/schni2zle/colcon_ws/src/install/smarc_msgs/include/smarc_msgs/smarc_msgs/msg/detail/lat_lon_odometry__traits.hpp
[7.768s] -- Up-to-date: /home/schni2zle/colcon_ws/src/install/smarc_msgs/include/smarc_msgs/smarc_msgs/msg/detail/dual_thruster_feedback__builder.hpp
[7.768s] -- Up-to-date: /home/schni2zle/colcon_ws/src/install/smarc_msgs/include/smarc_msgs/smarc_msgs/msg/detail/lat_lon_odometry__builder.hpp
[7.769s] -- Up-to-date: /home/schni2zle/colcon_ws/src/install/smarc_msgs/include/smarc_msgs/smarc_msgs/msg/detail/topics__builder.hpp
[7.771s] -- Up-to-date: /home/schni2zle/colcon_ws/src/install/smarc_msgs/include/smarc_msgs/smarc_msgs/msg/detail/dvl__traits.hpp
[7.772s] -- Up-to-date: /home/schni2zle/colcon_ws/src/install/smarc_msgs/include/smarc_msgs/smarc_msgs/msg/detail/thruster_dc__traits.hpp
[7.773s] -- Up-to-date: /home/schni2zle/colcon_ws/src/install/smarc_msgs/include/smarc_msgs/smarc_msgs/msg/detail/ctd__builder.hpp
[7.821s] -- Up-to-date: /home/schni2zle/colcon_ws/src/install/smarc_msgs/include/smarc_msgs/smarc_msgs/msg/detail/thruster_dc__builder.hpp
[7.821s] -- Up-to-date: /home/schni2zle/colcon_ws/src/install/smarc_msgs/include/smarc_msgs/smarc_msgs/msg/detail/thruster_rpm__struct.hpp
[7.848s] -- Up-to-date: /home/schni2zle/colcon_ws/src/install/smarc_msgs/include/smarc_msgs/smarc_msgs/msg/detail/lat_lon_stamped__traits.hpp
[7.848s] -- Up-to-date: /home/schni2zle/colcon_ws/src/install/smarc_msgs/include/smarc_msgs/smarc_msgs/msg/detail/string_pair__traits.hpp
[7.848s] -- Up-to-date: /home/schni2zle/colcon_ws/src/install/smarc_msgs/include/smarc_msgs/smarc_msgs/msg/detail/lat_lon_stamped__struct.hpp
[7.848s] -- Up-to-date: /home/schni2zle/colcon_ws/src/install/smarc_msgs/include/smarc_msgs/smarc_msgs/msg/detail/comms_message__struct.hpp
[7.849s] -- Up-to-date: /home/schni2zle/colcon_ws/src/install/smarc_msgs/include/smarc_msgs/smarc_msgs/msg/detail/leak__struct.hpp
[7.849s] -- Up-to-date: /home/schni2zle/colcon_ws/src/install/smarc_msgs/include/smarc_msgs/smarc_msgs/msg/detail/string_pair__struct.hpp
[7.849s] -- Up-to-date: /home/schni2zle/colcon_ws/src/install/smarc_msgs/include/smarc_msgs/smarc_msgs/msg/detail/thruster_dc__struct.hpp
[7.849s] -- Up-to-date: /home/schni2zle/colcon_ws/src/install/smarc_msgs/include/smarc_msgs/smarc_msgs/msg/detail/execution_status__builder.hpp
[7.849s] -- Up-to-date: /home/schni2zle/colcon_ws/src/install/smarc_msgs/include/smarc_msgs/smarc_msgs/msg/detail/lat_lon_stamped__builder.hpp
[7.850s] -- Up-to-date: /home/schni2zle/colcon_ws/src/install/smarc_msgs/include/smarc_msgs/smarc_msgs/msg/detail/sidescan__struct.hpp
[7.850s] -- Up-to-date: /home/schni2zle/colcon_ws/src/install/smarc_msgs/include/smarc_msgs/smarc_msgs/msg/detail/lat_lon_odometry__struct.hpp
[7.850s] -- Up-to-date: /home/schni2zle/colcon_ws/src/install/smarc_msgs/include/smarc_msgs/smarc_msgs/msg/detail/dvl_beam__traits.hpp
[7.850s] -- Up-to-date: /home/schni2zle/colcon_ws/src/install/smarc_msgs/include/smarc_msgs/smarc_msgs/msg/detail/dual_thruster_rpm__traits.hpp
[7.850s] -- Up-to-date: /home/schni2zle/colcon_ws/src/install/smarc_msgs/include/smarc_msgs/smarc_msgs/msg/detail/sensor_status__traits.hpp
[7.851s] -- Up-to-date: /home/schni2zle/colcon_ws/src/install/smarc_msgs/include/smarc_msgs/smarc_msgs/msg/detail/thruster_feedback__struct.hpp
[7.855s] -- Up-to-date: /home/schni2zle/colcon_ws/src/install/smarc_msgs/include/smarc_msgs/smarc_msgs/msg/detail/ctd__traits.hpp
[7.855s] -- Up-to-date: /home/schni2zle/colcon_ws/src/install/smarc_msgs/include/smarc_msgs/smarc_msgs/msg/detail/thruster_feedback__builder.hpp
[7.856s] -- Up-to-date: /home/schni2zle/colcon_ws/src/install/smarc_msgs/include/smarc_msgs/smarc_msgs/msg/detail/thruster_rpm__traits.hpp
[7.856s] -- Up-to-date: /home/schni2zle/colcon_ws/src/install/smarc_msgs/include/smarc_msgs/smarc_msgs/msg/detail/string_stamped__struct.hpp
[7.856s] -- Up-to-date: /home/schni2zle/colcon_ws/src/install/smarc_msgs/include/smarc_msgs/smarc_msgs/msg/detail/dual_thruster_feedback__traits.hpp
[7.856s] -- Up-to-date: /home/schni2zle/colcon_ws/src/install/smarc_msgs/include/smarc_msgs/smarc_msgs/msg/detail/leak__builder.hpp
[7.856s] -- Up-to-date: /home/schni2zle/colcon_ws/src/install/smarc_msgs/include/smarc_msgs/smarc_msgs/msg/detail/leak__traits.hpp
[7.857s] -- Up-to-date: /home/schni2zle/colcon_ws/src/install/smarc_msgs/include/smarc_msgs/smarc_msgs/msg/detail/sidescan__traits.hpp
[7.857s] -- Up-to-date: /home/schni2zle/colcon_ws/src/install/smarc_msgs/include/smarc_msgs/smarc_msgs/msg/detail/controller_status__struct.hpp
[7.857s] -- Up-to-date: /home/schni2zle/colcon_ws/src/install/smarc_msgs/include/smarc_msgs/smarc_msgs/msg/detail/execution_status__struct.hpp
[7.857s] -- Up-to-date: /home/schni2zle/colcon_ws/src/install/smarc_msgs/include/smarc_msgs/smarc_msgs/msg/detail/string_stamped__builder.hpp
[7.857s] -- Up-to-date: /home/schni2zle/colcon_ws/src/install/smarc_msgs/include/smarc_msgs/smarc_msgs/msg/detail/dvl__struct.hpp
[7.858s] -- Up-to-date: /home/schni2zle/colcon_ws/src/install/smarc_msgs/include/smarc_msgs/smarc_msgs/msg/detail/thruster_rpm__builder.hpp
[7.862s] -- Up-to-date: /home/schni2zle/colcon_ws/src/install/smarc_msgs/include/smarc_msgs/smarc_msgs/msg/detail/float_stamped__builder.hpp
[7.862s] -- Up-to-date: /home/schni2zle/colcon_ws/src/install/smarc_msgs/include/smarc_msgs/smarc_msgs/msg/detail/dual_thruster_rpm__struct.hpp
[7.862s] -- Up-to-date: /home/schni2zle/colcon_ws/src/install/smarc_msgs/include/smarc_msgs/smarc_msgs/msg/detail/string_stamped__traits.hpp
[7.863s] -- Up-to-date: /home/schni2zle/colcon_ws/src/install/smarc_msgs/include/smarc_msgs/smarc_msgs/msg/detail/dual_thruster_feedback__struct.hpp
[7.863s] -- Up-to-date: /home/schni2zle/colcon_ws/src/install/smarc_msgs/include/smarc_msgs/smarc_msgs/msg/lat_lon_stamped.hpp
[7.863s] -- Up-to-date: /home/schni2zle/colcon_ws/src/install/smarc_msgs/include/smarc_msgs/smarc_msgs/msg/thruster_feedback.hpp
[7.863s] -- Up-to-date: /home/schni2zle/colcon_ws/src/install/smarc_msgs/include/smarc_msgs/smarc_msgs/msg/float_stamped.hpp
[7.864s] -- Up-to-date: /home/schni2zle/colcon_ws/src/install/smarc_msgs/include/smarc_msgs/smarc_msgs/msg/dvl.hpp
[7.864s] -- Up-to-date: /home/schni2zle/colcon_ws/src/install/smarc_msgs/include/smarc_msgs/smarc_msgs/msg/sidescan.hpp
[7.864s] -- Up-to-date: /home/schni2zle/colcon_ws/src/install/smarc_msgs/include/smarc_msgs/smarc_msgs/msg/topics.hpp
[7.864s] -- Up-to-date: /home/schni2zle/colcon_ws/src/install/smarc_msgs/include/smarc_msgs/smarc_msgs/msg/execution_status.hpp
[7.864s] -- Up-to-date: /home/schni2zle/colcon_ws/src/install/smarc_msgs/include/smarc_msgs/smarc_msgs/msg/string_pair.hpp
[7.865s] -- Up-to-date: /home/schni2zle/colcon_ws/src/install/smarc_msgs/include/smarc_msgs/smarc_msgs/msg/sm_task.hpp
[7.865s] -- Up-to-date: /home/schni2zle/colcon_ws/src/install/smarc_msgs/include/smarc_msgs/smarc_msgs/srv
[7.865s] -- Up-to-date: /home/schni2zle/colcon_ws/src/install/smarc_msgs/include/smarc_msgs/smarc_msgs/srv/add_tasks.hpp
[7.865s] -- Up-to-date: /home/schni2zle/colcon_ws/src/install/smarc_msgs/include/smarc_msgs/smarc_msgs/srv/nedenu_rotation.hpp
[7.866s] -- Up-to-date: /home/schni2zle/colcon_ws/src/install/smarc_msgs/include/smarc_msgs/smarc_msgs/srv/detail
[7.867s] -- Up-to-date: /home/schni2zle/colcon_ws/src/install/smarc_msgs/include/smarc_msgs/smarc_msgs/srv/detail/cell_occupied__builder.hpp
[7.867s] -- Up-to-date: /home/schni2zle/colcon_ws/src/install/smarc_msgs/include/smarc_msgs/smarc_msgs/srv/detail/nedenu_rotation__struct.hpp
[7.867s] -- Up-to-date: /home/schni2zle/colcon_ws/src/install/smarc_msgs/include/smarc_msgs/smarc_msgs/srv/detail/cell_occupied__traits.hpp
[7.868s] -- Up-to-date: /home/schni2zle/colcon_ws/src/install/smarc_msgs/include/smarc_msgs/smarc_msgs/srv/detail/add_task__builder.hpp
[7.868s] -- Up-to-date: /home/schni2zle/colcon_ws/src/install/smarc_msgs/include/smarc_msgs/smarc_msgs/srv/detail/nedenu_rotation__traits.hpp
[7.868s] -- Up-to-date: /home/schni2zle/colcon_ws/src/install/smarc_msgs/include/smarc_msgs/smarc_msgs/srv/detail/lat_lon_to_utm_odometry__traits.hpp
[7.868s] -- Up-to-date: /home/schni2zle/colcon_ws/src/install/smarc_msgs/include/smarc_msgs/smarc_msgs/srv/detail/cell_occupied__struct.hpp
[7.868s] -- Up-to-date: /home/schni2zle/colcon_ws/src/install/smarc_msgs/include/smarc_msgs/smarc_msgs/srv/detail/add_task__struct.hpp
[7.869s] -- Up-to-date: /home/schni2zle/colcon_ws/src/install/smarc_msgs/include/smarc_msgs/smarc_msgs/srv/detail/lat_lon_to_utm_odometry__struct.hpp
[7.869s] -- Up-to-date: /home/schni2zle/colcon_ws/src/install/smarc_msgs/include/smarc_msgs/smarc_msgs/srv/detail/add_tasks__struct.hpp
[7.869s] -- Up-to-date: /home/schni2zle/colcon_ws/src/install/smarc_msgs/include/smarc_msgs/smarc_msgs/srv/detail/lat_lon_to_utm_odometry__builder.hpp
[7.869s] -- Up-to-date: /home/schni2zle/colcon_ws/src/install/smarc_msgs/include/smarc_msgs/smarc_msgs/srv/detail/add_tasks__builder.hpp
[7.869s] -- Up-to-date: /home/schni2zle/colcon_ws/src/install/smarc_msgs/include/smarc_msgs/smarc_msgs/srv/detail/add_tasks__traits.hpp
[7.870s] -- Up-to-date: /home/schni2zle/colcon_ws/src/install/smarc_msgs/include/smarc_msgs/smarc_msgs/srv/detail/add_task__traits.hpp
[7.870s] -- Up-to-date: /home/schni2zle/colcon_ws/src/install/smarc_msgs/include/smarc_msgs/smarc_msgs/srv/detail/nedenu_rotation__builder.hpp
[7.870s] -- Up-to-date: /home/schni2zle/colcon_ws/src/install/smarc_msgs/include/smarc_msgs/smarc_msgs/srv/add_task.hpp
[7.870s] -- Up-to-date: /home/schni2zle/colcon_ws/src/install/smarc_msgs/include/smarc_msgs/smarc_msgs/srv/lat_lon_to_utm_odometry.hpp
[7.870s] -- Up-to-date: /home/schni2zle/colcon_ws/src/install/smarc_msgs/include/smarc_msgs/smarc_msgs/srv/cell_occupied.hpp
[7.875s] -- Up-to-date: /home/schni2zle/colcon_ws/src/install/smarc_msgs/include/smarc_msgs/smarc_msgs
[7.875s] -- Up-to-date: /home/schni2zle/colcon_ws/src/install/smarc_msgs/include/smarc_msgs/smarc_msgs/msg
[7.875s] -- Up-to-date: /home/schni2zle/colcon_ws/src/install/smarc_msgs/include/smarc_msgs/smarc_msgs/msg/rosidl_typesupport_fastrtps_cpp__visibility_control.h
[7.875s] -- Up-to-date: /home/schni2zle/colcon_ws/src/install/smarc_msgs/include/smarc_msgs/smarc_msgs/msg/detail
[7.880s] -- Up-to-date: /home/schni2zle/colcon_ws/src/install/smarc_msgs/include/smarc_msgs/smarc_msgs/msg/detail/float_stamped__rosidl_typesupport_fastrtps_cpp.hpp
[7.880s] -- Up-to-date: /home/schni2zle/colcon_ws/src/install/smarc_msgs/include/smarc_msgs/smarc_msgs/msg/detail/string_array__rosidl_typesupport_fastrtps_cpp.hpp
[7.880s] -- Up-to-date: /home/schni2zle/colcon_ws/src/install/smarc_msgs/include/smarc_msgs/smarc_msgs/msg/detail/sm_task__rosidl_typesupport_fastrtps_cpp.hpp
[7.880s] -- Up-to-date: /home/schni2zle/colcon_ws/src/install/smarc_msgs/include/smarc_msgs/smarc_msgs/msg/detail/lat_lon_stamped__rosidl_typesupport_fastrtps_cpp.hpp
[7.881s] -- Up-to-date: /home/schni2zle/colcon_ws/src/install/smarc_msgs/include/smarc_msgs/smarc_msgs/msg/detail/dual_thruster_rpm__rosidl_typesupport_fastrtps_cpp.hpp
[7.881s] -- Up-to-date: /home/schni2zle/colcon_ws/src/install/smarc_msgs/include/smarc_msgs/smarc_msgs/msg/detail/string_pair__rosidl_typesupport_fastrtps_cpp.hpp
[7.881s] -- Up-to-date: /home/schni2zle/colcon_ws/src/install/smarc_msgs/include/smarc_msgs/smarc_msgs/msg/detail/thruster_dc__rosidl_typesupport_fastrtps_cpp.hpp
[7.881s] -- Up-to-date: /home/schni2zle/colcon_ws/src/install/smarc_msgs/include/smarc_msgs/smarc_msgs/msg/detail/thruster_feedback__rosidl_typesupport_fastrtps_cpp.hpp
[7.881s] -- Up-to-date: /home/schni2zle/colcon_ws/src/install/smarc_msgs/include/smarc_msgs/smarc_msgs/msg/detail/topics__rosidl_typesupport_fastrtps_cpp.hpp
[7.881s] -- Up-to-date: /home/schni2zle/colcon_ws/src/install/smarc_msgs/include/smarc_msgs/smarc_msgs/msg/detail/dvl_beam__rosidl_typesupport_fastrtps_cpp.hpp
[7.882s] -- Up-to-date: /home/schni2zle/colcon_ws/src/install/smarc_msgs/include/smarc_msgs/smarc_msgs/msg/detail/dvl__rosidl_typesupport_fastrtps_cpp.hpp
[7.882s] -- Up-to-date: /home/schni2zle/colcon_ws/src/install/smarc_msgs/include/smarc_msgs/smarc_msgs/msg/detail/sidescan__rosidl_typesupport_fastrtps_cpp.hpp
[7.882s] -- Up-to-date: /home/schni2zle/colcon_ws/src/install/smarc_msgs/include/smarc_msgs/smarc_msgs/msg/detail/execution_status__rosidl_typesupport_fastrtps_cpp.hpp
[7.882s] -- Up-to-date: /home/schni2zle/colcon_ws/src/install/smarc_msgs/include/smarc_msgs/smarc_msgs/msg/detail/ctd__rosidl_typesupport_fastrtps_cpp.hpp
[7.882s] -- Up-to-date: /home/schni2zle/colcon_ws/src/install/smarc_msgs/include/smarc_msgs/smarc_msgs/msg/detail/comms_message__rosidl_typesupport_fastrtps_cpp.hpp
[7.883s] -- Up-to-date: /home/schni2zle/colcon_ws/src/install/smarc_msgs/include/smarc_msgs/smarc_msgs/msg/detail/sensor_status__rosidl_typesupport_fastrtps_cpp.hpp
[7.883s] -- Up-to-date: /home/schni2zle/colcon_ws/src/install/smarc_msgs/include/smarc_msgs/smarc_msgs/msg/detail/string_stamped__rosidl_typesupport_fastrtps_cpp.hpp
[7.883s] -- Up-to-date: /home/schni2zle/colcon_ws/src/install/smarc_msgs/include/smarc_msgs/smarc_msgs/msg/detail/dds_fastrtps
[7.883s] -- Up-to-date: /home/schni2zle/colcon_ws/src/install/smarc_msgs/include/smarc_msgs/smarc_msgs/msg/detail/controller_status__rosidl_typesupport_fastrtps_cpp.hpp
[7.883s] -- Up-to-date: /home/schni2zle/colcon_ws/src/install/smarc_msgs/include/smarc_msgs/smarc_msgs/msg/detail/thruster_rpm__rosidl_typesupport_fastrtps_cpp.hpp
[7.884s] -- Up-to-date: /home/schni2zle/colcon_ws/src/install/smarc_msgs/include/smarc_msgs/smarc_msgs/msg/detail/lat_lon_odometry__rosidl_typesupport_fastrtps_cpp.hpp
[7.893s] -- Up-to-date: /home/schni2zle/colcon_ws/src/install/smarc_msgs/include/smarc_msgs/smarc_msgs/msg/detail/dual_thruster_feedback__rosidl_typesupport_fastrtps_cpp.hpp
[7.897s] -- Up-to-date: /home/schni2zle/colcon_ws/src/install/smarc_msgs/include/smarc_msgs/smarc_msgs/msg/detail/leak__rosidl_typesupport_fastrtps_cpp.hpp
[7.897s] -- Up-to-date: /home/schni2zle/colcon_ws/src/install/smarc_msgs/include/smarc_msgs/smarc_msgs/srv
[7.898s] -- Up-to-date: /home/schni2zle/colcon_ws/src/install/smarc_msgs/include/smarc_msgs/smarc_msgs/srv/detail
[7.898s] -- Up-to-date: /home/schni2zle/colcon_ws/src/install/smarc_msgs/include/smarc_msgs/smarc_msgs/srv/detail/add_tasks__rosidl_typesupport_fastrtps_cpp.hpp
[7.898s] -- Up-to-date: /home/schni2zle/colcon_ws/src/install/smarc_msgs/include/smarc_msgs/smarc_msgs/srv/detail/add_task__rosidl_typesupport_fastrtps_cpp.hpp
[7.898s] -- Up-to-date: /home/schni2zle/colcon_ws/src/install/smarc_msgs/include/smarc_msgs/smarc_msgs/srv/detail/cell_occupied__rosidl_typesupport_fastrtps_cpp.hpp
[7.899s] -- Up-to-date: /home/schni2zle/colcon_ws/src/install/smarc_msgs/include/smarc_msgs/smarc_msgs/srv/detail/dds_fastrtps
[7.935s] -- Up-to-date: /home/schni2zle/colcon_ws/src/install/smarc_msgs/include/smarc_msgs/smarc_msgs/srv/detail/nedenu_rotation__rosidl_typesupport_fastrtps_cpp.hpp
[7.935s] -- Up-to-date: /home/schni2zle/colcon_ws/src/install/smarc_msgs/include/smarc_msgs/smarc_msgs/srv/detail/lat_lon_to_utm_odometry__rosidl_typesupport_fastrtps_cpp.hpp
[7.935s] -- Up-to-date: /home/schni2zle/colcon_ws/src/install/smarc_msgs/lib/libsmarc_msgs__rosidl_typesupport_fastrtps_cpp.so
[7.935s] -- Up-to-date: /home/schni2zle/colcon_ws/src/install/smarc_msgs/include/smarc_msgs/smarc_msgs
[7.943s] -- Up-to-date: /home/schni2zle/colcon_ws/src/install/smarc_msgs/include/smarc_msgs/smarc_msgs/msg
[7.949s] -- Up-to-date: /home/schni2zle/colcon_ws/src/install/smarc_msgs/include/smarc_msgs/smarc_msgs/msg/detail
[7.949s] -- Up-to-date: /home/schni2zle/colcon_ws/src/install/smarc_msgs/include/smarc_msgs/smarc_msgs/msg/detail/dvl__type_support.cpp
[7.949s] -- Up-to-date: /home/schni2zle/colcon_ws/src/install/smarc_msgs/include/smarc_msgs/smarc_msgs/msg/detail/dual_thruster_feedback__rosidl_typesupport_introspection_cpp.hpp
[7.950s] -- Up-to-date: /home/schni2zle/colcon_ws/src/install/smarc_msgs/include/smarc_msgs/smarc_msgs/msg/detail/sensor_status__type_support.cpp
[7.950s] -- Up-to-date: /home/schni2zle/colcon_ws/src/install/smarc_msgs/include/smarc_msgs/smarc_msgs/msg/detail/string_pair__rosidl_typesupport_introspection_cpp.hpp
[7.950s] -- Up-to-date: /home/schni2zle/colcon_ws/src/install/smarc_msgs/include/smarc_msgs/smarc_msgs/msg/detail/lat_lon_stamped__rosidl_typesupport_introspection_cpp.hpp
[7.950s] -- Up-to-date: /home/schni2zle/colcon_ws/src/install/smarc_msgs/include/smarc_msgs/smarc_msgs/msg/detail/dvl__rosidl_typesupport_introspection_cpp.hpp
[7.951s] -- Up-to-date: /home/schni2zle/colcon_ws/src/install/smarc_msgs/include/smarc_msgs/smarc_msgs/msg/detail/sidescan__rosidl_typesupport_introspection_cpp.hpp
[7.951s] -- Up-to-date: /home/schni2zle/colcon_ws/src/install/smarc_msgs/include/smarc_msgs/smarc_msgs/msg/detail/topics__type_support.cpp
[7.951s] -- Up-to-date: /home/schni2zle/colcon_ws/src/install/smarc_msgs/include/smarc_msgs/smarc_msgs/msg/detail/sm_task__rosidl_typesupport_introspection_cpp.hpp
[7.951s] -- Up-to-date: /home/schni2zle/colcon_ws/src/install/smarc_msgs/include/smarc_msgs/smarc_msgs/msg/detail/string_stamped__rosidl_typesupport_introspection_cpp.hpp
[7.951s] -- Up-to-date: /home/schni2zle/colcon_ws/src/install/smarc_msgs/include/smarc_msgs/smarc_msgs/msg/detail/sm_task__type_support.cpp
[7.952s] -- Up-to-date: /home/schni2zle/colcon_ws/src/install/smarc_msgs/include/smarc_msgs/smarc_msgs/msg/detail/dvl_beam__rosidl_typesupport_introspection_cpp.hpp
[7.952s] -- Up-to-date: /home/schni2zle/colcon_ws/src/install/smarc_msgs/include/smarc_msgs/smarc_msgs/msg/detail/dual_thruster_rpm__rosidl_typesupport_introspection_cpp.hpp
[7.952s] -- Up-to-date: /home/schni2zle/colcon_ws/src/install/smarc_msgs/include/smarc_msgs/smarc_msgs/msg/detail/dual_thruster_rpm__type_support.cpp
[7.957s] -- Up-to-date: /home/schni2zle/colcon_ws/src/install/smarc_msgs/include/smarc_msgs/smarc_msgs/msg/detail/string_array__rosidl_typesupport_introspection_cpp.hpp
[7.957s] -- Up-to-date: /home/schni2zle/colcon_ws/src/install/smarc_msgs/include/smarc_msgs/smarc_msgs/msg/detail/controller_status__type_support.cpp
[7.957s] -- Up-to-date: /home/schni2zle/colcon_ws/src/install/smarc_msgs/include/smarc_msgs/smarc_msgs/msg/detail/thruster_feedback__rosidl_typesupport_introspection_cpp.hpp
[7.957s] -- Up-to-date: /home/schni2zle/colcon_ws/src/install/smarc_msgs/include/smarc_msgs/smarc_msgs/msg/detail/dual_thruster_feedback__type_support.cpp
[7.958s] -- Up-to-date: /home/schni2zle/colcon_ws/src/install/smarc_msgs/include/smarc_msgs/smarc_msgs/msg/detail/controller_status__rosidl_typesupport_introspection_cpp.hpp
[7.958s] -- Up-to-date: /home/schni2zle/colcon_ws/src/install/smarc_msgs/include/smarc_msgs/smarc_msgs/msg/detail/string_stamped__type_support.cpp
[7.960s] -- Up-to-date: /home/schni2zle/colcon_ws/src/install/smarc_msgs/include/smarc_msgs/smarc_msgs/msg/detail/lat_lon_stamped__type_support.cpp
[7.961s] -- Up-to-date: /home/schni2zle/colcon_ws/src/install/smarc_msgs/include/smarc_msgs/smarc_msgs/msg/detail/string_array__type_support.cpp
[7.961s] -- Up-to-date: /home/schni2zle/colcon_ws/src/install/smarc_msgs/include/smarc_msgs/smarc_msgs/msg/detail/dvl_beam__type_support.cpp
[7.961s] -- Up-to-date: /home/schni2zle/colcon_ws/src/install/smarc_msgs/include/smarc_msgs/smarc_msgs/msg/detail/float_stamped__rosidl_typesupport_introspection_cpp.hpp
[7.961s] -- Up-to-date: /home/schni2zle/colcon_ws/src/install/smarc_msgs/include/smarc_msgs/smarc_msgs/msg/detail/execution_status__rosidl_typesupport_introspection_cpp.hpp
[7.961s] -- Up-to-date: /home/schni2zle/colcon_ws/src/install/smarc_msgs/include/smarc_msgs/smarc_msgs/msg/detail/sidescan__type_support.cpp
[7.968s] -- Up-to-date: /home/schni2zle/colcon_ws/src/install/smarc_msgs/include/smarc_msgs/smarc_msgs/msg/detail/ctd__rosidl_typesupport_introspection_cpp.hpp
[7.969s] -- Up-to-date: /home/schni2zle/colcon_ws/src/install/smarc_msgs/include/smarc_msgs/smarc_msgs/msg/detail/leak__rosidl_typesupport_introspection_cpp.hpp
[7.969s] -- Up-to-date: /home/schni2zle/colcon_ws/src/install/smarc_msgs/include/smarc_msgs/smarc_msgs/msg/detail/thruster_dc__type_support.cpp
[7.972s] -- Up-to-date: /home/schni2zle/colcon_ws/src/install/smarc_msgs/include/smarc_msgs/smarc_msgs/msg/detail/thruster_rpm__type_support.cpp
[7.972s] -- Up-to-date: /home/schni2zle/colcon_ws/src/install/smarc_msgs/include/smarc_msgs/smarc_msgs/msg/detail/lat_lon_odometry__rosidl_typesupport_introspection_cpp.hpp
[7.972s] -- Up-to-date: /home/schni2zle/colcon_ws/src/install/smarc_msgs/include/smarc_msgs/smarc_msgs/msg/detail/topics__rosidl_typesupport_introspection_cpp.hpp
[7.972s] -- Up-to-date: /home/schni2zle/colcon_ws/src/install/smarc_msgs/include/smarc_msgs/smarc_msgs/msg/detail/thruster_dc__rosidl_typesupport_introspection_cpp.hpp
[7.972s] -- Up-to-date: /home/schni2zle/colcon_ws/src/install/smarc_msgs/include/smarc_msgs/smarc_msgs/msg/detail/thruster_feedback__type_support.cpp
[7.973s] -- Up-to-date: /home/schni2zle/colcon_ws/src/install/smarc_msgs/include/smarc_msgs/smarc_msgs/msg/detail/execution_status__type_support.cpp
[7.973s] -- Up-to-date: /home/schni2zle/colcon_ws/src/install/smarc_msgs/include/smarc_msgs/smarc_msgs/msg/detail/float_stamped__type_support.cpp
[7.973s] -- Up-to-date: /home/schni2zle/colcon_ws/src/install/smarc_msgs/include/smarc_msgs/smarc_msgs/msg/detail/lat_lon_odometry__type_support.cpp
[7.975s] -- Up-to-date: /home/schni2zle/colcon_ws/src/install/smarc_msgs/include/smarc_msgs/smarc_msgs/msg/detail/string_pair__type_support.cpp
[7.975s] -- Up-to-date: /home/schni2zle/colcon_ws/src/install/smarc_msgs/include/smarc_msgs/smarc_msgs/msg/detail/comms_message__rosidl_typesupport_introspection_cpp.hpp
[7.976s] -- Up-to-date: /home/schni2zle/colcon_ws/src/install/smarc_msgs/include/smarc_msgs/smarc_msgs/msg/detail/ctd__type_support.cpp
[7.976s] -- Up-to-date: /home/schni2zle/colcon_ws/src/install/smarc_msgs/include/smarc_msgs/smarc_msgs/msg/detail/leak__type_support.cpp
[7.979s] -- Up-to-date: /home/schni2zle/colcon_ws/src/install/smarc_msgs/include/smarc_msgs/smarc_msgs/msg/detail/sensor_status__rosidl_typesupport_introspection_cpp.hpp
[7.979s] -- Up-to-date: /home/schni2zle/colcon_ws/src/install/smarc_msgs/include/smarc_msgs/smarc_msgs/msg/detail/thruster_rpm__rosidl_typesupport_introspection_cpp.hpp
[7.979s] -- Up-to-date: /home/schni2zle/colcon_ws/src/install/smarc_msgs/include/smarc_msgs/smarc_msgs/msg/detail/comms_message__type_support.cpp
[7.980s] -- Up-to-date: /home/schni2zle/colcon_ws/src/install/smarc_msgs/include/smarc_msgs/smarc_msgs/srv
[7.980s] -- Up-to-date: /home/schni2zle/colcon_ws/src/install/smarc_msgs/include/smarc_msgs/smarc_msgs/srv/detail
[7.980s] -- Up-to-date: /home/schni2zle/colcon_ws/src/install/smarc_msgs/include/smarc_msgs/smarc_msgs/srv/detail/nedenu_rotation__rosidl_typesupport_introspection_cpp.hpp
[7.980s] -- Up-to-date: /home/schni2zle/colcon_ws/src/install/smarc_msgs/include/smarc_msgs/smarc_msgs/srv/detail/cell_occupied__type_support.cpp
[7.988s] -- Up-to-date: /home/schni2zle/colcon_ws/src/install/smarc_msgs/include/smarc_msgs/smarc_msgs/srv/detail/add_tasks__rosidl_typesupport_introspection_cpp.hpp
[7.989s] -- Up-to-date: /home/schni2zle/colcon_ws/src/install/smarc_msgs/include/smarc_msgs/smarc_msgs/srv/detail/lat_lon_to_utm_odometry__type_support.cpp
[7.989s] -- Up-to-date: /home/schni2zle/colcon_ws/src/install/smarc_msgs/include/smarc_msgs/smarc_msgs/srv/detail/add_task__rosidl_typesupport_introspection_cpp.hpp
[7.989s] -- Up-to-date: /home/schni2zle/colcon_ws/src/install/smarc_msgs/include/smarc_msgs/smarc_msgs/srv/detail/cell_occupied__rosidl_typesupport_introspection_cpp.hpp
[7.989s] -- Up-to-date: /home/schni2zle/colcon_ws/src/install/smarc_msgs/include/smarc_msgs/smarc_msgs/srv/detail/nedenu_rotation__type_support.cpp
[7.990s] -- Up-to-date: /home/schni2zle/colcon_ws/src/install/smarc_msgs/include/smarc_msgs/smarc_msgs/srv/detail/add_task__type_support.cpp
[7.990s] -- Up-to-date: /home/schni2zle/colcon_ws/src/install/smarc_msgs/include/smarc_msgs/smarc_msgs/srv/detail/add_tasks__type_support.cpp
[7.990s] -- Up-to-date: /home/schni2zle/colcon_ws/src/install/smarc_msgs/include/smarc_msgs/smarc_msgs/srv/detail/lat_lon_to_utm_odometry__rosidl_typesupport_introspection_cpp.hpp
[7.990s] -- Up-to-date: /home/schni2zle/colcon_ws/src/install/smarc_msgs/lib/libsmarc_msgs__rosidl_typesupport_introspection_cpp.so
[7.990s] -- Up-to-date: /home/schni2zle/colcon_ws/src/install/smarc_msgs/lib/libsmarc_msgs__rosidl_typesupport_cpp.so
[7.991s] -- Up-to-date: /home/schni2zle/colcon_ws/src/install/smarc_msgs/share/smarc_msgs/environment/pythonpath.sh
[7.991s] -- Up-to-date: /home/schni2zle/colcon_ws/src/install/smarc_msgs/share/smarc_msgs/environment/pythonpath.dsv
[7.991s] -- Up-to-date: /home/schni2zle/colcon_ws/src/install/smarc_msgs/local/lib/python3.10/dist-packages/smarc_msgs-0.1.0-py3.10.egg-info
[7.991s] -- Installing: /home/schni2zle/colcon_ws/src/install/smarc_msgs/local/lib/python3.10/dist-packages/smarc_msgs-0.1.0-py3.10.egg-info/PKG-INFO
[7.992s] -- Installing: /home/schni2zle/colcon_ws/src/install/smarc_msgs/local/lib/python3.10/dist-packages/smarc_msgs-0.1.0-py3.10.egg-info/SOURCES.txt
[7.997s] -- Installing: /home/schni2zle/colcon_ws/src/install/smarc_msgs/local/lib/python3.10/dist-packages/smarc_msgs-0.1.0-py3.10.egg-info/top_level.txt
[7.997s] -- Installing: /home/schni2zle/colcon_ws/src/install/smarc_msgs/local/lib/python3.10/dist-packages/smarc_msgs-0.1.0-py3.10.egg-info/dependency_links.txt
[7.997s] -- Up-to-date: /home/schni2zle/colcon_ws/src/install/smarc_msgs/local/lib/python3.10/dist-packages/smarc_msgs
[7.998s] -- Up-to-date: /home/schni2zle/colcon_ws/src/install/smarc_msgs/local/lib/python3.10/dist-packages/smarc_msgs/msg
[8.000s] -- Up-to-date: /home/schni2zle/colcon_ws/src/install/smarc_msgs/local/lib/python3.10/dist-packages/smarc_msgs/msg/_leak.py
[8.001s] -- Up-to-date: /home/schni2zle/colcon_ws/src/install/smarc_msgs/local/lib/python3.10/dist-packages/smarc_msgs/msg/_sensor_status_s.c
[8.001s] -- Up-to-date: /home/schni2zle/colcon_ws/src/install/smarc_msgs/local/lib/python3.10/dist-packages/smarc_msgs/msg/_string_pair.py
[8.001s] -- Up-to-date: /home/schni2zle/colcon_ws/src/install/smarc_msgs/local/lib/python3.10/dist-packages/smarc_msgs/msg/_lat_lon_odometry_s.c
[8.001s] -- Up-to-date: /home/schni2zle/colcon_ws/src/install/smarc_msgs/local/lib/python3.10/dist-packages/smarc_msgs/msg/_dual_thruster_feedback_s.c
[8.001s] -- Up-to-date: /home/schni2zle/colcon_ws/src/install/smarc_msgs/local/lib/python3.10/dist-packages/smarc_msgs/msg/_comms_message.py
[8.002s] -- Up-to-date: /home/schni2zle/colcon_ws/src/install/smarc_msgs/local/lib/python3.10/dist-packages/smarc_msgs/msg/_controller_status_s.c
[8.002s] -- Up-to-date: /home/schni2zle/colcon_ws/src/install/smarc_msgs/local/lib/python3.10/dist-packages/smarc_msgs/msg/_lat_lon_stamped_s.c
[8.002s] -- Up-to-date: /home/schni2zle/colcon_ws/src/install/smarc_msgs/local/lib/python3.10/dist-packages/smarc_msgs/msg/_thruster_feedback.py
[8.002s] -- Up-to-date: /home/schni2zle/colcon_ws/src/install/smarc_msgs/local/lib/python3.10/dist-packages/smarc_msgs/msg/_dvl_beam_s.c
[8.002s] -- Up-to-date: /home/schni2zle/colcon_ws/src/install/smarc_msgs/local/lib/python3.10/dist-packages/smarc_msgs/msg/_string_array.py
[8.006s] -- Up-to-date: /home/schni2zle/colcon_ws/src/install/smarc_msgs/local/lib/python3.10/dist-packages/smarc_msgs/msg/_lat_lon_stamped.py
[8.008s] -- Up-to-date: /home/schni2zle/colcon_ws/src/install/smarc_msgs/local/lib/python3.10/dist-packages/smarc_msgs/msg/_thruster_feedback_s.c
[8.008s] -- Up-to-date: /home/schni2zle/colcon_ws/src/install/smarc_msgs/local/lib/python3.10/dist-packages/smarc_msgs/msg/_dvl_s.c
[8.009s] -- Up-to-date: /home/schni2zle/colcon_ws/src/install/smarc_msgs/local/lib/python3.10/dist-packages/smarc_msgs/msg/_float_stamped_s.c
[8.009s] -- Up-to-date: /home/schni2zle/colcon_ws/src/install/smarc_msgs/local/lib/python3.10/dist-packages/smarc_msgs/msg/_dual_thruster_feedback.py
[8.009s] -- Up-to-date: /home/schni2zle/colcon_ws/src/install/smarc_msgs/local/lib/python3.10/dist-packages/smarc_msgs/msg/_comms_message_s.c
[8.009s] -- Up-to-date: /home/schni2zle/colcon_ws/src/install/smarc_msgs/local/lib/python3.10/dist-packages/smarc_msgs/msg/_topics_s.c
[8.009s] -- Up-to-date: /home/schni2zle/colcon_ws/src/install/smarc_msgs/local/lib/python3.10/dist-packages/smarc_msgs/msg/_float_stamped.py
[8.010s] -- Up-to-date: /home/schni2zle/colcon_ws/src/install/smarc_msgs/local/lib/python3.10/dist-packages/smarc_msgs/msg/_execution_status_s.c
[8.013s] -- Up-to-date: /home/schni2zle/colcon_ws/src/install/smarc_msgs/local/lib/python3.10/dist-packages/smarc_msgs/msg/_execution_status.py
[8.013s] -- Up-to-date: /home/schni2zle/colcon_ws/src/install/smarc_msgs/local/lib/python3.10/dist-packages/smarc_msgs/msg/_sm_task.py
[8.013s] -- Up-to-date: /home/schni2zle/colcon_ws/src/install/smarc_msgs/local/lib/python3.10/dist-packages/smarc_msgs/msg/_ctd.py
[8.014s] -- Up-to-date: /home/schni2zle/colcon_ws/src/install/smarc_msgs/local/lib/python3.10/dist-packages/smarc_msgs/msg/_sm_task_s.c
[8.014s] -- Up-to-date: /home/schni2zle/colcon_ws/src/install/smarc_msgs/local/lib/python3.10/dist-packages/smarc_msgs/msg/_thruster_dc_s.c
[8.015s] -- Up-to-date: /home/schni2zle/colcon_ws/src/install/smarc_msgs/local/lib/python3.10/dist-packages/smarc_msgs/msg/_sidescan.py
[8.015s] -- Up-to-date: /home/schni2zle/colcon_ws/src/install/smarc_msgs/local/lib/python3.10/dist-packages/smarc_msgs/msg/_leak_s.c
[8.015s] -- Up-to-date: /home/schni2zle/colcon_ws/src/install/smarc_msgs/local/lib/python3.10/dist-packages/smarc_msgs/msg/_controller_status.py
[8.015s] -- Up-to-date: /home/schni2zle/colcon_ws/src/install/smarc_msgs/local/lib/python3.10/dist-packages/smarc_msgs/msg/_string_stamped.py
[8.015s] -- Up-to-date: /home/schni2zle/colcon_ws/src/install/smarc_msgs/local/lib/python3.10/dist-packages/smarc_msgs/msg/_dual_thruster_rpm.py
[8.017s] -- Up-to-date: /home/schni2zle/colcon_ws/src/install/smarc_msgs/local/lib/python3.10/dist-packages/smarc_msgs/msg/_topics.py
[8.018s] -- Up-to-date: /home/schni2zle/colcon_ws/src/install/smarc_msgs/local/lib/python3.10/dist-packages/smarc_msgs/msg/__init__.py
[8.018s] -- Up-to-date: /home/schni2zle/colcon_ws/src/install/smarc_msgs/local/lib/python3.10/dist-packages/smarc_msgs/msg/_dvl.py
[8.018s] -- Up-to-date: /home/schni2zle/colcon_ws/src/install/smarc_msgs/local/lib/python3.10/dist-packages/smarc_msgs/msg/_sensor_status.py
[8.018s] -- Up-to-date: /home/schni2zle/colcon_ws/src/install/smarc_msgs/local/lib/python3.10/dist-packages/smarc_msgs/msg/_string_array_s.c
[8.018s] -- Up-to-date: /home/schni2zle/colcon_ws/src/install/smarc_msgs/local/lib/python3.10/dist-packages/smarc_msgs/msg/_ctd_s.c
[8.019s] -- Up-to-date: /home/schni2zle/colcon_ws/src/install/smarc_msgs/local/lib/python3.10/dist-packages/smarc_msgs/msg/_thruster_rpm.py
[8.019s] -- Up-to-date: /home/schni2zle/colcon_ws/src/install/smarc_msgs/local/lib/python3.10/dist-packages/smarc_msgs/msg/_lat_lon_odometry.py
[8.019s] -- Up-to-date: /home/schni2zle/colcon_ws/src/install/smarc_msgs/local/lib/python3.10/dist-packages/smarc_msgs/msg/_dvl_beam.py
[8.019s] -- Up-to-date: /home/schni2zle/colcon_ws/src/install/smarc_msgs/local/lib/python3.10/dist-packages/smarc_msgs/msg/_string_stamped_s.c
[8.019s] -- Up-to-date: /home/schni2zle/colcon_ws/src/install/smarc_msgs/local/lib/python3.10/dist-packages/smarc_msgs/msg/_sidescan_s.c
[8.025s] -- Up-to-date: /home/schni2zle/colcon_ws/src/install/smarc_msgs/local/lib/python3.10/dist-packages/smarc_msgs/msg/_thruster_dc.py
[8.025s] -- Up-to-date: /home/schni2zle/colcon_ws/src/install/smarc_msgs/local/lib/python3.10/dist-packages/smarc_msgs/msg/_dual_thruster_rpm_s.c
[8.026s] -- Up-to-date: /home/schni2zle/colcon_ws/src/install/smarc_msgs/local/lib/python3.10/dist-packages/smarc_msgs/msg/_string_pair_s.c
[8.026s] -- Up-to-date: /home/schni2zle/colcon_ws/src/install/smarc_msgs/local/lib/python3.10/dist-packages/smarc_msgs/msg/_thruster_rpm_s.c
[8.026s] -- Up-to-date: /home/schni2zle/colcon_ws/src/install/smarc_msgs/local/lib/python3.10/dist-packages/smarc_msgs/_smarc_msgs_s.ep.rosidl_typesupport_c.c
[8.026s] -- Up-to-date: /home/schni2zle/colcon_ws/src/install/smarc_msgs/local/lib/python3.10/dist-packages/smarc_msgs/srv
[8.027s] -- Up-to-date: /home/schni2zle/colcon_ws/src/install/smarc_msgs/local/lib/python3.10/dist-packages/smarc_msgs/srv/_add_tasks.py
[8.027s] -- Up-to-date: /home/schni2zle/colcon_ws/src/install/smarc_msgs/local/lib/python3.10/dist-packages/smarc_msgs/srv/_lat_lon_to_utm_odometry.py
[8.027s] -- Up-to-date: /home/schni2zle/colcon_ws/src/install/smarc_msgs/local/lib/python3.10/dist-packages/smarc_msgs/srv/_add_task.py
[8.027s] -- Up-to-date: /home/schni2zle/colcon_ws/src/install/smarc_msgs/local/lib/python3.10/dist-packages/smarc_msgs/srv/_cell_occupied_s.c
[8.028s] -- Up-to-date: /home/schni2zle/colcon_ws/src/install/smarc_msgs/local/lib/python3.10/dist-packages/smarc_msgs/srv/_nedenu_rotation_s.c
[8.028s] -- Up-to-date: /home/schni2zle/colcon_ws/src/install/smarc_msgs/local/lib/python3.10/dist-packages/smarc_msgs/srv/_lat_lon_to_utm_odometry_s.c
[8.029s] -- Up-to-date: /home/schni2zle/colcon_ws/src/install/smarc_msgs/local/lib/python3.10/dist-packages/smarc_msgs/srv/_add_tasks_s.c
[8.029s] -- Up-to-date: /home/schni2zle/colcon_ws/src/install/smarc_msgs/local/lib/python3.10/dist-packages/smarc_msgs/srv/__init__.py
[8.030s] -- Up-to-date: /home/schni2zle/colcon_ws/src/install/smarc_msgs/local/lib/python3.10/dist-packages/smarc_msgs/srv/_nedenu_rotation.py
[8.030s] -- Up-to-date: /home/schni2zle/colcon_ws/src/install/smarc_msgs/local/lib/python3.10/dist-packages/smarc_msgs/srv/_add_task_s.c
[8.030s] -- Up-to-date: /home/schni2zle/colcon_ws/src/install/smarc_msgs/local/lib/python3.10/dist-packages/smarc_msgs/srv/_cell_occupied.py
[8.032s] -- Up-to-date: /home/schni2zle/colcon_ws/src/install/smarc_msgs/local/lib/python3.10/dist-packages/smarc_msgs/smarc_msgs_s__rosidl_typesupport_c.cpython-310-x86_64-linux-gnu.so
[8.033s] -- Up-to-date: /home/schni2zle/colcon_ws/src/install/smarc_msgs/local/lib/python3.10/dist-packages/smarc_msgs/smarc_msgs_s__rosidl_typesupport_introspection_c.cpython-310-x86_64-linux-gnu.so
[8.033s] -- Up-to-date: /home/schni2zle/colcon_ws/src/install/smarc_msgs/local/lib/python3.10/dist-packages/smarc_msgs/__init__.py
[8.033s] -- Up-to-date: /home/schni2zle/colcon_ws/src/install/smarc_msgs/local/lib/python3.10/dist-packages/smarc_msgs/smarc_msgs_s__rosidl_typesupport_fastrtps_c.cpython-310-x86_64-linux-gnu.so
[8.033s] -- Up-to-date: /home/schni2zle/colcon_ws/src/install/smarc_msgs/local/lib/python3.10/dist-packages/smarc_msgs/libsmarc_msgs__rosidl_generator_py.so
[8.034s] -- Up-to-date: /home/schni2zle/colcon_ws/src/install/smarc_msgs/local/lib/python3.10/dist-packages/smarc_msgs/_smarc_msgs_s.ep.rosidl_typesupport_fastrtps_c.c
[8.034s] -- Up-to-date: /home/schni2zle/colcon_ws/src/install/smarc_msgs/local/lib/python3.10/dist-packages/smarc_msgs/_smarc_msgs_s.ep.rosidl_typesupport_introspection_c.c
[8.034s] Listing '/home/schni2zle/colcon_ws/src/install/smarc_msgs/local/lib/python3.10/dist-packages/smarc_msgs'...
[8.034s] Listing '/home/schni2zle/colcon_ws/src/install/smarc_msgs/local/lib/python3.10/dist-packages/smarc_msgs/msg'...
[8.034s] Listing '/home/schni2zle/colcon_ws/src/install/smarc_msgs/local/lib/python3.10/dist-packages/smarc_msgs/srv'...
[8.038s] -- Up-to-date: /home/schni2zle/colcon_ws/src/install/smarc_msgs/local/lib/python3.10/dist-packages/smarc_msgs/smarc_msgs_s__rosidl_typesupport_fastrtps_c.cpython-310-x86_64-linux-gnu.so
[8.049s] -- Up-to-date: /home/schni2zle/colcon_ws/src/install/smarc_msgs/local/lib/python3.10/dist-packages/smarc_msgs/smarc_msgs_s__rosidl_typesupport_introspection_c.cpython-310-x86_64-linux-gnu.so
[8.050s] -- Up-to-date: /home/schni2zle/colcon_ws/src/install/smarc_msgs/local/lib/python3.10/dist-packages/smarc_msgs/smarc_msgs_s__rosidl_typesupport_c.cpython-310-x86_64-linux-gnu.so
[8.053s] -- Up-to-date: /home/schni2zle/colcon_ws/src/install/smarc_msgs/lib/libsmarc_msgs__rosidl_generator_py.so
[8.055s] -- Up-to-date: /home/schni2zle/colcon_ws/src/install/smarc_msgs/share/smarc_msgs/srv/CellOccupied.idl
[8.056s] -- Up-to-date: /home/schni2zle/colcon_ws/src/install/smarc_msgs/share/smarc_msgs/srv/AddTask.idl
[8.057s] -- Up-to-date: /home/schni2zle/colcon_ws/src/install/smarc_msgs/share/smarc_msgs/srv/AddTasks.idl
[8.058s] -- Up-to-date: /home/schni2zle/colcon_ws/src/install/smarc_msgs/share/smarc_msgs/srv/NEDENURotation.idl
[8.063s] -- Up-to-date: /home/schni2zle/colcon_ws/src/install/smarc_msgs/share/smarc_msgs/srv/LatLonToUTMOdometry.idl
[8.064s] -- Up-to-date: /home/schni2zle/colcon_ws/src/install/smarc_msgs/share/smarc_msgs/msg/CommsMessage.idl
[8.064s] -- Up-to-date: /home/schni2zle/colcon_ws/src/install/smarc_msgs/share/smarc_msgs/msg/ControllerStatus.idl
[8.065s] -- Up-to-date: /home/schni2zle/colcon_ws/src/install/smarc_msgs/share/smarc_msgs/msg/CTD.idl
[8.073s] -- Up-to-date: /home/schni2zle/colcon_ws/src/install/smarc_msgs/share/smarc_msgs/msg/DualThrusterFeedback.idl
[8.074s] -- Up-to-date: /home/schni2zle/colcon_ws/src/install/smarc_msgs/share/smarc_msgs/msg/DualThrusterRPM.idl
[8.079s] -- Up-to-date: /home/schni2zle/colcon_ws/src/install/smarc_msgs/share/smarc_msgs/msg/DVLBeam.idl
[8.080s] -- Up-to-date: /home/schni2zle/colcon_ws/src/install/smarc_msgs/share/smarc_msgs/msg/DVL.idl
[8.081s] -- Up-to-date: /home/schni2zle/colcon_ws/src/install/smarc_msgs/share/smarc_msgs/msg/ExecutionStatus.idl
[8.081s] -- Up-to-date: /home/schni2zle/colcon_ws/src/install/smarc_msgs/share/smarc_msgs/msg/FloatStamped.idl
[8.081s] -- Up-to-date: /home/schni2zle/colcon_ws/src/install/smarc_msgs/share/smarc_msgs/msg/LatLonOdometry.idl
[8.084s] -- Up-to-date: /home/schni2zle/colcon_ws/src/install/smarc_msgs/share/smarc_msgs/msg/LatLonStamped.idl
[8.084s] -- Up-to-date: /home/schni2zle/colcon_ws/src/install/smarc_msgs/share/smarc_msgs/msg/Leak.idl
[8.090s] -- Up-to-date: /home/schni2zle/colcon_ws/src/install/smarc_msgs/share/smarc_msgs/msg/SensorStatus.idl
[8.091s] -- Up-to-date: /home/schni2zle/colcon_ws/src/install/smarc_msgs/share/smarc_msgs/msg/Sidescan.idl
[8.091s] -- Up-to-date: /home/schni2zle/colcon_ws/src/install/smarc_msgs/share/smarc_msgs/msg/SMTask.idl
[8.091s] -- Up-to-date: /home/schni2zle/colcon_ws/src/install/smarc_msgs/share/smarc_msgs/msg/StringArray.idl
[8.091s] -- Up-to-date: /home/schni2zle/colcon_ws/src/install/smarc_msgs/share/smarc_msgs/msg/StringPair.idl
[8.092s] -- Up-to-date: /home/schni2zle/colcon_ws/src/install/smarc_msgs/share/smarc_msgs/msg/ThrusterDC.idl
[8.105s] -- Up-to-date: /home/schni2zle/colcon_ws/src/install/smarc_msgs/share/smarc_msgs/msg/ThrusterFeedback.idl
[8.105s] -- Up-to-date: /home/schni2zle/colcon_ws/src/install/smarc_msgs/share/smarc_msgs/msg/ThrusterRPM.idl
[8.105s] -- Up-to-date: /home/schni2zle/colcon_ws/src/install/smarc_msgs/share/smarc_msgs/msg/Topics.idl
[8.105s] -- Up-to-date: /home/schni2zle/colcon_ws/src/install/smarc_msgs/share/smarc_msgs/msg/StringStamped.idl
[8.106s] -- Up-to-date: /home/schni2zle/colcon_ws/src/install/smarc_msgs/share/smarc_msgs/srv/CellOccupied.srv
[8.106s] -- Up-to-date: /home/schni2zle/colcon_ws/src/install/smarc_msgs/share/smarc_msgs/srv/CellOccupied_Request.msg
[8.106s] -- Up-to-date: /home/schni2zle/colcon_ws/src/install/smarc_msgs/share/smarc_msgs/srv/CellOccupied_Response.msg
[8.106s] -- Up-to-date: /home/schni2zle/colcon_ws/src/install/smarc_msgs/share/smarc_msgs/srv/AddTask.srv
[8.109s] -- Up-to-date: /home/schni2zle/colcon_ws/src/install/smarc_msgs/share/smarc_msgs/srv/AddTask_Request.msg
[8.109s] -- Up-to-date: /home/schni2zle/colcon_ws/src/install/smarc_msgs/share/smarc_msgs/srv/AddTask_Response.msg
[8.110s] -- Up-to-date: /home/schni2zle/colcon_ws/src/install/smarc_msgs/share/smarc_msgs/srv/AddTasks.srv
[8.110s] -- Up-to-date: /home/schni2zle/colcon_ws/src/install/smarc_msgs/share/smarc_msgs/srv/AddTasks_Request.msg
[8.110s] -- Up-to-date: /home/schni2zle/colcon_ws/src/install/smarc_msgs/share/smarc_msgs/srv/AddTasks_Response.msg
[8.111s] -- Up-to-date: /home/schni2zle/colcon_ws/src/install/smarc_msgs/share/smarc_msgs/srv/NEDENURotation.srv
[8.111s] -- Up-to-date: /home/schni2zle/colcon_ws/src/install/smarc_msgs/share/smarc_msgs/srv/NEDENURotation_Request.msg
[8.111s] -- Up-to-date: /home/schni2zle/colcon_ws/src/install/smarc_msgs/share/smarc_msgs/srv/NEDENURotation_Response.msg
[8.111s] -- Up-to-date: /home/schni2zle/colcon_ws/src/install/smarc_msgs/share/smarc_msgs/srv/LatLonToUTMOdometry.srv
[8.112s] -- Up-to-date: /home/schni2zle/colcon_ws/src/install/smarc_msgs/share/smarc_msgs/srv/LatLonToUTMOdometry_Request.msg
[8.112s] -- Up-to-date: /home/schni2zle/colcon_ws/src/install/smarc_msgs/share/smarc_msgs/srv/LatLonToUTMOdometry_Response.msg
[8.112s] -- Up-to-date: /home/schni2zle/colcon_ws/src/install/smarc_msgs/share/smarc_msgs/msg/CommsMessage.msg
[8.112s] -- Up-to-date: /home/schni2zle/colcon_ws/src/install/smarc_msgs/share/smarc_msgs/msg/ControllerStatus.msg
[8.112s] -- Up-to-date: /home/schni2zle/colcon_ws/src/install/smarc_msgs/share/smarc_msgs/msg/CTD.msg
[8.112s] -- Up-to-date: /home/schni2zle/colcon_ws/src/install/smarc_msgs/share/smarc_msgs/msg/DualThrusterFeedback.msg
[8.118s] -- Up-to-date: /home/schni2zle/colcon_ws/src/install/smarc_msgs/share/smarc_msgs/msg/DualThrusterRPM.msg
[8.118s] -- Up-to-date: /home/schni2zle/colcon_ws/src/install/smarc_msgs/share/smarc_msgs/msg/DVLBeam.msg
[8.119s] -- Up-to-date: /home/schni2zle/colcon_ws/src/install/smarc_msgs/share/smarc_msgs/msg/DVL.msg
[8.119s] -- Up-to-date: /home/schni2zle/colcon_ws/src/install/smarc_msgs/share/smarc_msgs/msg/ExecutionStatus.msg
[8.119s] -- Up-to-date: /home/schni2zle/colcon_ws/src/install/smarc_msgs/share/smarc_msgs/msg/FloatStamped.msg
[8.119s] -- Up-to-date: /home/schni2zle/colcon_ws/src/install/smarc_msgs/share/smarc_msgs/msg/LatLonOdometry.msg
[8.119s] -- Up-to-date: /home/schni2zle/colcon_ws/src/install/smarc_msgs/share/smarc_msgs/msg/LatLonStamped.msg
[8.120s] -- Up-to-date: /home/schni2zle/colcon_ws/src/install/smarc_msgs/share/smarc_msgs/msg/Leak.msg
[8.120s] -- Up-to-date: /home/schni2zle/colcon_ws/src/install/smarc_msgs/share/smarc_msgs/msg/SensorStatus.msg
[8.120s] -- Up-to-date: /home/schni2zle/colcon_ws/src/install/smarc_msgs/share/smarc_msgs/msg/Sidescan.msg
[8.120s] -- Up-to-date: /home/schni2zle/colcon_ws/src/install/smarc_msgs/share/smarc_msgs/msg/SMTask.msg
[8.120s] -- Up-to-date: /home/schni2zle/colcon_ws/src/install/smarc_msgs/share/smarc_msgs/msg/StringArray.msg
[8.121s] -- Up-to-date: /home/schni2zle/colcon_ws/src/install/smarc_msgs/share/smarc_msgs/msg/StringPair.msg
[8.122s] -- Up-to-date: /home/schni2zle/colcon_ws/src/install/smarc_msgs/share/smarc_msgs/msg/ThrusterDC.msg
[8.122s] -- Up-to-date: /home/schni2zle/colcon_ws/src/install/smarc_msgs/share/smarc_msgs/msg/ThrusterFeedback.msg
[8.122s] -- Up-to-date: /home/schni2zle/colcon_ws/src/install/smarc_msgs/share/smarc_msgs/msg/ThrusterRPM.msg
[8.123s] -- Up-to-date: /home/schni2zle/colcon_ws/src/install/smarc_msgs/share/smarc_msgs/msg/Topics.msg
[8.123s] -- Up-to-date: /home/schni2zle/colcon_ws/src/install/smarc_msgs/share/smarc_msgs/msg/StringStamped.msg
[8.123s] -- Up-to-date: /home/schni2zle/colcon_ws/src/install/smarc_msgs/share/ament_index/resource_index/package_run_dependencies/smarc_msgs
[8.123s] -- Up-to-date: /home/schni2zle/colcon_ws/src/install/smarc_msgs/share/ament_index/resource_index/parent_prefix_path/smarc_msgs
[8.123s] -- Up-to-date: /home/schni2zle/colcon_ws/src/install/smarc_msgs/share/smarc_msgs/environment/ament_prefix_path.sh
[8.124s] -- Up-to-date: /home/schni2zle/colcon_ws/src/install/smarc_msgs/share/smarc_msgs/environment/ament_prefix_path.dsv
[8.124s] -- Up-to-date: /home/schni2zle/colcon_ws/src/install/smarc_msgs/share/smarc_msgs/environment/path.sh
[8.124s] -- Up-to-date: /home/schni2zle/colcon_ws/src/install/smarc_msgs/share/smarc_msgs/environment/path.dsv
[8.124s] -- Up-to-date: /home/schni2zle/colcon_ws/src/install/smarc_msgs/share/smarc_msgs/local_setup.bash
[8.124s] -- Up-to-date: /home/schni2zle/colcon_ws/src/install/smarc_msgs/share/smarc_msgs/local_setup.sh
[8.125s] -- Up-to-date: /home/schni2zle/colcon_ws/src/install/smarc_msgs/share/smarc_msgs/local_setup.zsh
[8.125s] -- Up-to-date: /home/schni2zle/colcon_ws/src/install/smarc_msgs/share/smarc_msgs/local_setup.dsv
[8.125s] -- Installing: /home/schni2zle/colcon_ws/src/install/smarc_msgs/share/smarc_msgs/package.dsv
[8.125s] -- Up-to-date: /home/schni2zle/colcon_ws/src/install/smarc_msgs/share/ament_index/resource_index/packages/smarc_msgs
[8.127s] -- Up-to-date: /home/schni2zle/colcon_ws/src/install/smarc_msgs/share/smarc_msgs/cmake/export_smarc_msgs__rosidl_generator_cExport.cmake
[8.127s] -- Up-to-date: /home/schni2zle/colcon_ws/src/install/smarc_msgs/share/smarc_msgs/cmake/export_smarc_msgs__rosidl_generator_cExport-noconfig.cmake
[8.127s] -- Up-to-date: /home/schni2zle/colcon_ws/src/install/smarc_msgs/share/smarc_msgs/cmake/export_smarc_msgs__rosidl_typesupport_fastrtps_cExport.cmake
[8.128s] -- Up-to-date: /home/schni2zle/colcon_ws/src/install/smarc_msgs/share/smarc_msgs/cmake/export_smarc_msgs__rosidl_typesupport_fastrtps_cExport-noconfig.cmake
[8.128s] -- Up-to-date: /home/schni2zle/colcon_ws/src/install/smarc_msgs/share/smarc_msgs/cmake/smarc_msgs__rosidl_typesupport_introspection_cExport.cmake
[8.128s] -- Up-to-date: /home/schni2zle/colcon_ws/src/install/smarc_msgs/share/smarc_msgs/cmake/smarc_msgs__rosidl_typesupport_introspection_cExport-noconfig.cmake
[8.128s] -- Up-to-date: /home/schni2zle/colcon_ws/src/install/smarc_msgs/share/smarc_msgs/cmake/smarc_msgs__rosidl_typesupport_cExport.cmake
[8.129s] -- Up-to-date: /home/schni2zle/colcon_ws/src/install/smarc_msgs/share/smarc_msgs/cmake/smarc_msgs__rosidl_typesupport_cExport-noconfig.cmake
[8.129s] -- Up-to-date: /home/schni2zle/colcon_ws/src/install/smarc_msgs/share/smarc_msgs/cmake/export_smarc_msgs__rosidl_generator_cppExport.cmake
[8.129s] -- Up-to-date: /home/schni2zle/colcon_ws/src/install/smarc_msgs/share/smarc_msgs/cmake/export_smarc_msgs__rosidl_typesupport_fastrtps_cppExport.cmake
[8.130s] -- Up-to-date: /home/schni2zle/colcon_ws/src/install/smarc_msgs/share/smarc_msgs/cmake/export_smarc_msgs__rosidl_typesupport_fastrtps_cppExport-noconfig.cmake
[8.130s] -- Up-to-date: /home/schni2zle/colcon_ws/src/install/smarc_msgs/share/smarc_msgs/cmake/smarc_msgs__rosidl_typesupport_introspection_cppExport.cmake
[8.130s] -- Up-to-date: /home/schni2zle/colcon_ws/src/install/smarc_msgs/share/smarc_msgs/cmake/smarc_msgs__rosidl_typesupport_introspection_cppExport-noconfig.cmake
[8.131s] -- Up-to-date: /home/schni2zle/colcon_ws/src/install/smarc_msgs/share/smarc_msgs/cmake/smarc_msgs__rosidl_typesupport_cppExport.cmake
[8.131s] -- Up-to-date: /home/schni2zle/colcon_ws/src/install/smarc_msgs/share/smarc_msgs/cmake/smarc_msgs__rosidl_typesupport_cppExport-noconfig.cmake
[8.131s] -- Up-to-date: /home/schni2zle/colcon_ws/src/install/smarc_msgs/share/smarc_msgs/cmake/export_smarc_msgs__rosidl_generator_pyExport.cmake
[8.131s] -- Up-to-date: /home/schni2zle/colcon_ws/src/install/smarc_msgs/share/smarc_msgs/cmake/export_smarc_msgs__rosidl_generator_pyExport-noconfig.cmake
[8.131s] -- Up-to-date: /home/schni2zle/colcon_ws/src/install/smarc_msgs/share/smarc_msgs/cmake/rosidl_cmake-extras.cmake
[8.132s] -- Up-to-date: /home/schni2zle/colcon_ws/src/install/smarc_msgs/share/smarc_msgs/cmake/ament_cmake_export_dependencies-extras.cmake
[8.132s] -- Up-to-date: /home/schni2zle/colcon_ws/src/install/smarc_msgs/share/smarc_msgs/cmake/ament_cmake_export_include_directories-extras.cmake
[8.132s] -- Up-to-date: /home/schni2zle/colcon_ws/src/install/smarc_msgs/share/smarc_msgs/cmake/ament_cmake_export_libraries-extras.cmake
[8.133s] -- Up-to-date: /home/schni2zle/colcon_ws/src/install/smarc_msgs/share/smarc_msgs/cmake/ament_cmake_export_targets-extras.cmake
[8.133s] -- Up-to-date: /home/schni2zle/colcon_ws/src/install/smarc_msgs/share/smarc_msgs/cmake/rosidl_cmake_export_typesupport_targets-extras.cmake
[8.133s] -- Up-to-date: /home/schni2zle/colcon_ws/src/install/smarc_msgs/share/smarc_msgs/cmake/rosidl_cmake_export_typesupport_libraries-extras.cmake
[8.134s] -- Up-to-date: /home/schni2zle/colcon_ws/src/install/smarc_msgs/share/smarc_msgs/cmake/smarc_msgsConfig.cmake
[8.134s] -- Up-to-date: /home/schni2zle/colcon_ws/src/install/smarc_msgs/share/smarc_msgs/cmake/smarc_msgsConfig-version.cmake
[8.134s] -- Up-to-date: /home/schni2zle/colcon_ws/src/install/smarc_msgs/share/smarc_msgs/package.xml
[8.135s] Invoked command in '/home/schni2zle/colcon_ws/src/build/smarc_msgs' returned '0': CMAKE_PREFIX_PATH=${CMAKE_PREFIX_PATH}:/home/schni2zle/colcon_ws/src/install/workshopfun:/home/schni2zle/colcon_ws/src/install/utm_latlon_converter:/home/schni2zle/colcon_ws/src/install/test_package:/home/schni2zle/colcon_ws/src/install/state_estimation:/home/schni2zle/colcon_ws/src/install/smarc_nodered:/home/schni2zle/colcon_ws/src/install/smarc_bt:/home/schni2zle/colcon_ws/src/install/smarc_bringups:/home/schni2zle/colcon_ws/src/install/sam_dead_reckoning:/home/schni2zle/colcon_ws/src/install/ros_tcp_endpoint:/home/schni2zle/colcon_ws/src/install/ros2_python_examples:/home/schni2zle/colcon_ws/src/install/quadrotor_basic_controller:/home/schni2zle/colcon_ws/src/install/mqtt_bridge:/home/schni2zle/colcon_ws/src/install/dubins_planner:/home/schni2zle/colcon_ws/src/install/dive_control:/home/schni2zle/colcon_ws/src/install/basic_go_to_waypoint:/home/schni2zle/colcon_ws/src/install/basic_depth_pitch_control:/home/schni2zle/colcon_ws/install/workshopfun:/home/schni2zle/colcon_ws/install/utm_latlon_converter:/home/schni2zle/colcon_ws/install/smarc_nodered:/home/schni2zle/colcon_ws/install/smarc_bt:/home/schni2zle/colcon_ws/install/smarc_bringups:/home/schni2zle/colcon_ws/install/sam_dead_reckoning:/home/schni2zle/colcon_ws/install/ros_tcp_endpoint:/home/schni2zle/colcon_ws/install/ros2_python_examples:/home/schni2zle/colcon_ws/install/mqtt_bridge:/home/schni2zle/colcon_ws/install/dubins_planner:/home/schni2zle/colcon_ws/install/basic_go_to_waypoint:/opt/ros/humble /usr/bin/cmake --install /home/schni2zle/colcon_ws/src/build/smarc_msgs
