[5.196s] Invoking command in '/home/schni2zle/colcon_ws/src/examples/ros2_python_examples': PYTHONPATH=/home/schni2zle/colcon_ws/src/build/ros2_python_examples/prefix_override:/usr/lib/python3/dist-packages/colcon_core/task/python/colcon_distutils_commands:/home/schni2zle/colcon_ws/src/install/ros2_python_examples/lib/python3.10/site-packages:${PYTHONPATH} /usr/bin/python3 -W ignore:setup.py install is deprecated setup.py egg_info --egg-base ../../build/ros2_python_examples build --build-base /home/schni2zle/colcon_ws/src/build/ros2_python_examples/build install --record /home/schni2zle/colcon_ws/src/build/ros2_python_examples/install.log --single-version-externally-managed install_data
[7.056s] running egg_info
[7.058s] writing ../../build/ros2_python_examples/ros2_python_examples.egg-info/PKG-INFO
[7.068s] writing dependency_links to ../../build/ros2_python_examples/ros2_python_examples.egg-info/dependency_links.txt
[7.069s] writing entry points to ../../build/ros2_python_examples/ros2_python_examples.egg-info/entry_points.txt
[7.069s] writing requirements to ../../build/ros2_python_examples/ros2_python_examples.egg-info/requires.txt
[7.069s] writing top-level names to ../../build/ros2_python_examples/ros2_python_examples.egg-info/top_level.txt
[7.081s] reading manifest file '../../build/ros2_python_examples/ros2_python_examples.egg-info/SOURCES.txt'
[7.082s] adding license file 'LICENSE'
[7.089s] writing manifest file '../../build/ros2_python_examples/ros2_python_examples.egg-info/SOURCES.txt'
[7.089s] running build
[7.089s] running build_py
[7.092s] running install
[7.093s] running install_lib
[7.113s] running install_data
[7.114s] running install_egg_info
[7.126s] removing '/home/schni2zle/colcon_ws/src/install/ros2_python_examples/lib/python3.10/site-packages/ros2_python_examples-0.0.0-py3.10.egg-info' (and everything under it)
[7.131s] Copying ../../build/ros2_python_examples/ros2_python_examples.egg-info to /home/schni2zle/colcon_ws/src/install/ros2_python_examples/lib/python3.10/site-packages/ros2_python_examples-0.0.0-py3.10.egg-info
[7.139s] running install_scripts
[7.290s] Installing example_node script to /home/schni2zle/colcon_ws/src/install/ros2_python_examples/lib/ros2_python_examples
[7.292s] writing list of installed files to '/home/schni2zle/colcon_ws/src/build/ros2_python_examples/install.log'
[8.087s] Invoked command in '/home/schni2zle/colcon_ws/src/examples/ros2_python_examples' returned '0': PYTHONPATH=/home/schni2zle/colcon_ws/src/build/ros2_python_examples/prefix_override:/usr/lib/python3/dist-packages/colcon_core/task/python/colcon_distutils_commands:/home/schni2zle/colcon_ws/src/install/ros2_python_examples/lib/python3.10/site-packages:${PYTHONPATH} /usr/bin/python3 -W ignore:setup.py install is deprecated setup.py egg_info --egg-base ../../build/ros2_python_examples build --build-base /home/schni2zle/colcon_ws/src/build/ros2_python_examples/build install --record /home/schni2zle/colcon_ws/src/build/ros2_python_examples/install.log --single-version-externally-managed install_data
