[0.650s] Invoking command in '/home/jonat/ros2_ws/src/smarc2/quadrotor/quadrotor_basic_controller': PYTHONPATH=/home/jonat/ros2_ws/src/smarc2/build/quadrotor_basic_controller/prefix_override:/usr/lib/python3/dist-packages/colcon_core/task/python/colcon_distutils_commands:/home/jonat/ros2_ws/src/smarc2/install/quadrotor_basic_controller/lib/python3.10/site-packages:${PYTHONPATH} /usr/bin/python3 -W ignore:setup.py install is deprecated setup.py egg_info --egg-base ../../build/quadrotor_basic_controller build --build-base /home/jonat/ros2_ws/src/smarc2/build/quadrotor_basic_controller/build install --record /home/jonat/ros2_ws/src/smarc2/build/quadrotor_basic_controller/install.log --single-version-externally-managed install_data
[0.908s] running egg_info
[0.909s] writing ../../build/quadrotor_basic_controller/quadrotor_basic_controller.egg-info/PKG-INFO
[0.909s] writing dependency_links to ../../build/quadrotor_basic_controller/quadrotor_basic_controller.egg-info/dependency_links.txt
[0.909s] writing entry points to ../../build/quadrotor_basic_controller/quadrotor_basic_controller.egg-info/entry_points.txt
[0.909s] writing requirements to ../../build/quadrotor_basic_controller/quadrotor_basic_controller.egg-info/requires.txt
[0.909s] writing top-level names to ../../build/quadrotor_basic_controller/quadrotor_basic_controller.egg-info/top_level.txt
[0.912s] reading manifest file '../../build/quadrotor_basic_controller/quadrotor_basic_controller.egg-info/SOURCES.txt'
[0.912s] adding license file 'LICENSE'
[0.913s] writing manifest file '../../build/quadrotor_basic_controller/quadrotor_basic_controller.egg-info/SOURCES.txt'
[0.913s] running build
[0.913s] running build_py
[0.913s] copying quadrotor_basic_controller/controller_node.py -> /home/jonat/ros2_ws/src/smarc2/build/quadrotor_basic_controller/build/lib/quadrotor_basic_controller
[0.913s] running install
[0.914s] running install_lib
[0.915s] copying /home/jonat/ros2_ws/src/smarc2/build/quadrotor_basic_controller/build/lib/quadrotor_basic_controller/controller_node.py -> /home/jonat/ros2_ws/src/smarc2/install/quadrotor_basic_controller/lib/python3.10/site-packages/quadrotor_basic_controller
[0.916s] byte-compiling /home/jonat/ros2_ws/src/smarc2/install/quadrotor_basic_controller/lib/python3.10/site-packages/quadrotor_basic_controller/controller_node.py to controller_node.cpython-310.pyc
[0.919s] running install_data
[0.919s] running install_egg_info
[0.921s] removing '/home/jonat/ros2_ws/src/smarc2/install/quadrotor_basic_controller/lib/python3.10/site-packages/quadrotor_basic_controller-0.0.0-py3.10.egg-info' (and everything under it)
[0.921s] Copying ../../build/quadrotor_basic_controller/quadrotor_basic_controller.egg-info to /home/jonat/ros2_ws/src/smarc2/install/quadrotor_basic_controller/lib/python3.10/site-packages/quadrotor_basic_controller-0.0.0-py3.10.egg-info
[0.922s] running install_scripts
[0.957s] Installing controller script to /home/jonat/ros2_ws/src/smarc2/install/quadrotor_basic_controller/lib/quadrotor_basic_controller
[0.957s] Installing test script to /home/jonat/ros2_ws/src/smarc2/install/quadrotor_basic_controller/lib/quadrotor_basic_controller
[0.958s] writing list of installed files to '/home/jonat/ros2_ws/src/smarc2/build/quadrotor_basic_controller/install.log'
[0.995s] Invoked command in '/home/jonat/ros2_ws/src/smarc2/quadrotor/quadrotor_basic_controller' returned '0': PYTHONPATH=/home/jonat/ros2_ws/src/smarc2/build/quadrotor_basic_controller/prefix_override:/usr/lib/python3/dist-packages/colcon_core/task/python/colcon_distutils_commands:/home/jonat/ros2_ws/src/smarc2/install/quadrotor_basic_controller/lib/python3.10/site-packages:${PYTHONPATH} /usr/bin/python3 -W ignore:setup.py install is deprecated setup.py egg_info --egg-base ../../build/quadrotor_basic_controller build --build-base /home/jonat/ros2_ws/src/smarc2/build/quadrotor_basic_controller/build install --record /home/jonat/ros2_ws/src/smarc2/build/quadrotor_basic_controller/install.log --single-version-externally-managed install_data
