[1.738s] Invoking command in '/home/jonat/ros2_ws/src/smarc2/quadrotor/quadrotor_basic_controller': PYTHONPATH=/home/jonat/ros2_ws/src/smarc2/build/quadrotor_basic_controller/prefix_override:/usr/lib/python3/dist-packages/colcon_core/task/python/colcon_distutils_commands:/home/jonat/ros2_ws/src/smarc2/install/quadrotor_basic_controller/lib/python3.10/site-packages:${PYTHONPATH} /usr/bin/python3 -W ignore:setup.py install is deprecated setup.py egg_info --egg-base ../../build/quadrotor_basic_controller build --build-base /home/jonat/ros2_ws/src/smarc2/build/quadrotor_basic_controller/build install --record /home/jonat/ros2_ws/src/smarc2/build/quadrotor_basic_controller/install.log --single-version-externally-managed install_data
[2.328s] running egg_info
[2.330s] creating ../../build/quadrotor_basic_controller/quadrotor_basic_controller.egg-info
[2.330s] writing ../../build/quadrotor_basic_controller/quadrotor_basic_controller.egg-info/PKG-INFO
[2.331s] writing dependency_links to ../../build/quadrotor_basic_controller/quadrotor_basic_controller.egg-info/dependency_links.txt
[2.331s] writing entry points to ../../build/quadrotor_basic_controller/quadrotor_basic_controller.egg-info/entry_points.txt
[2.331s] writing requirements to ../../build/quadrotor_basic_controller/quadrotor_basic_controller.egg-info/requires.txt
[2.332s] writing top-level names to ../../build/quadrotor_basic_controller/quadrotor_basic_controller.egg-info/top_level.txt
[2.332s] writing manifest file '../../build/quadrotor_basic_controller/quadrotor_basic_controller.egg-info/SOURCES.txt'
[2.335s] reading manifest file '../../build/quadrotor_basic_controller/quadrotor_basic_controller.egg-info/SOURCES.txt'
[2.335s] adding license file 'LICENSE'
[2.336s] writing manifest file '../../build/quadrotor_basic_controller/quadrotor_basic_controller.egg-info/SOURCES.txt'
[2.336s] running build
[2.336s] running build_py
[2.337s] creating /home/jonat/ros2_ws/src/smarc2/build/quadrotor_basic_controller/build
[2.337s] creating /home/jonat/ros2_ws/src/smarc2/build/quadrotor_basic_controller/build/lib
[2.337s] creating /home/jonat/ros2_ws/src/smarc2/build/quadrotor_basic_controller/build/lib/quadrotor_basic_controller
[2.337s] copying quadrotor_basic_controller/__init__.py -> /home/jonat/ros2_ws/src/smarc2/build/quadrotor_basic_controller/build/lib/quadrotor_basic_controller
[2.337s] copying quadrotor_basic_controller/controller_node.py -> /home/jonat/ros2_ws/src/smarc2/build/quadrotor_basic_controller/build/lib/quadrotor_basic_controller
[2.338s] running install
[2.338s] running install_lib
[2.340s] creating /home/jonat/ros2_ws/src/smarc2/install/quadrotor_basic_controller/lib/python3.10/site-packages/quadrotor_basic_controller
[2.340s] copying /home/jonat/ros2_ws/src/smarc2/build/quadrotor_basic_controller/build/lib/quadrotor_basic_controller/__init__.py -> /home/jonat/ros2_ws/src/smarc2/install/quadrotor_basic_controller/lib/python3.10/site-packages/quadrotor_basic_controller
[2.340s] copying /home/jonat/ros2_ws/src/smarc2/build/quadrotor_basic_controller/build/lib/quadrotor_basic_controller/controller_node.py -> /home/jonat/ros2_ws/src/smarc2/install/quadrotor_basic_controller/lib/python3.10/site-packages/quadrotor_basic_controller
[2.341s] byte-compiling /home/jonat/ros2_ws/src/smarc2/install/quadrotor_basic_controller/lib/python3.10/site-packages/quadrotor_basic_controller/__init__.py to __init__.cpython-310.pyc
[2.342s] byte-compiling /home/jonat/ros2_ws/src/smarc2/install/quadrotor_basic_controller/lib/python3.10/site-packages/quadrotor_basic_controller/controller_node.py to controller_node.cpython-310.pyc
[2.346s] running install_data
[2.346s] creating /home/jonat/ros2_ws/src/smarc2/install/quadrotor_basic_controller/share/ament_index
[2.347s] creating /home/jonat/ros2_ws/src/smarc2/install/quadrotor_basic_controller/share/ament_index/resource_index
[2.347s] creating /home/jonat/ros2_ws/src/smarc2/install/quadrotor_basic_controller/share/ament_index/resource_index/packages
[2.347s] copying resource/quadrotor_basic_controller -> /home/jonat/ros2_ws/src/smarc2/install/quadrotor_basic_controller/share/ament_index/resource_index/packages
[2.347s] copying package.xml -> /home/jonat/ros2_ws/src/smarc2/install/quadrotor_basic_controller/share/quadrotor_basic_controller
[2.347s] creating /home/jonat/ros2_ws/src/smarc2/install/quadrotor_basic_controller/share/quadrotor_basic_controller/config
[2.347s] creating /home/jonat/ros2_ws/src/smarc2/install/quadrotor_basic_controller/share/quadrotor_basic_controller/launch
[2.347s] running install_egg_info
[2.351s] Copying ../../build/quadrotor_basic_controller/quadrotor_basic_controller.egg-info to /home/jonat/ros2_ws/src/smarc2/install/quadrotor_basic_controller/lib/python3.10/site-packages/quadrotor_basic_controller-0.0.0-py3.10.egg-info
[2.352s] running install_scripts
[2.395s] Installing controller script to /home/jonat/ros2_ws/src/smarc2/install/quadrotor_basic_controller/lib/quadrotor_basic_controller
[2.396s] Installing test script to /home/jonat/ros2_ws/src/smarc2/install/quadrotor_basic_controller/lib/quadrotor_basic_controller
[2.396s] writing list of installed files to '/home/jonat/ros2_ws/src/smarc2/build/quadrotor_basic_controller/install.log'
[2.454s] Invoked command in '/home/jonat/ros2_ws/src/smarc2/quadrotor/quadrotor_basic_controller' returned '0': PYTHONPATH=/home/jonat/ros2_ws/src/smarc2/build/quadrotor_basic_controller/prefix_override:/usr/lib/python3/dist-packages/colcon_core/task/python/colcon_distutils_commands:/home/jonat/ros2_ws/src/smarc2/install/quadrotor_basic_controller/lib/python3.10/site-packages:${PYTHONPATH} /usr/bin/python3 -W ignore:setup.py install is deprecated setup.py egg_info --egg-base ../../build/quadrotor_basic_controller build --build-base /home/jonat/ros2_ws/src/smarc2/build/quadrotor_basic_controller/build install --record /home/jonat/ros2_ws/src/smarc2/build/quadrotor_basic_controller/install.log --single-version-externally-managed install_data
