/home/schni2zle/colcon_ws/src/install/basic_depth_pitch_control/lib/python3.10/site-packages/basic_depth_pitch_control/ActionServerControllerNode.py
/home/schni2zle/colcon_ws/src/install/basic_depth_pitch_control/lib/python3.10/site-packages/basic_depth_pitch_control/Node.py
/home/schni2zle/colcon_ws/src/install/basic_depth_pitch_control/lib/python3.10/site-packages/basic_depth_pitch_control/DiveControllerNode.py
/home/schni2zle/colcon_ws/src/install/basic_depth_pitch_control/lib/python3.10/site-packages/basic_depth_pitch_control/DivingModel.py
/home/schni2zle/colcon_ws/src/install/basic_depth_pitch_control/lib/python3.10/site-packages/basic_depth_pitch_control/ConvenienceView.py
/home/schni2zle/colcon_ws/src/install/basic_depth_pitch_control/lib/python3.10/site-packages/basic_depth_pitch_control/IDiveView.py
/home/schni2zle/colcon_ws/src/install/basic_depth_pitch_control/lib/python3.10/site-packages/basic_depth_pitch_control/__init__.py
/home/schni2zle/colcon_ws/src/install/basic_depth_pitch_control/lib/python3.10/site-packages/basic_depth_pitch_control/ActionClientNode.py
/home/schni2zle/colcon_ws/src/install/basic_depth_pitch_control/lib/python3.10/site-packages/basic_depth_pitch_control/SAMDiveView.py
/home/schni2zle/colcon_ws/src/install/basic_depth_pitch_control/lib/python3.10/site-packages/basic_depth_pitch_control/__pycache__/ActionServerControllerNode.cpython-310.pyc
/home/schni2zle/colcon_ws/src/install/basic_depth_pitch_control/lib/python3.10/site-packages/basic_depth_pitch_control/__pycache__/Node.cpython-310.pyc
/home/schni2zle/colcon_ws/src/install/basic_depth_pitch_control/lib/python3.10/site-packages/basic_depth_pitch_control/__pycache__/DiveControllerNode.cpython-310.pyc
/home/schni2zle/colcon_ws/src/install/basic_depth_pitch_control/lib/python3.10/site-packages/basic_depth_pitch_control/__pycache__/DivingModel.cpython-310.pyc
/home/schni2zle/colcon_ws/src/install/basic_depth_pitch_control/lib/python3.10/site-packages/basic_depth_pitch_control/__pycache__/ConvenienceView.cpython-310.pyc
/home/schni2zle/colcon_ws/src/install/basic_depth_pitch_control/lib/python3.10/site-packages/basic_depth_pitch_control/__pycache__/IDiveView.cpython-310.pyc
/home/schni2zle/colcon_ws/src/install/basic_depth_pitch_control/lib/python3.10/site-packages/basic_depth_pitch_control/__pycache__/__init__.cpython-310.pyc
/home/schni2zle/colcon_ws/src/install/basic_depth_pitch_control/lib/python3.10/site-packages/basic_depth_pitch_control/__pycache__/ActionClientNode.cpython-310.pyc
/home/schni2zle/colcon_ws/src/install/basic_depth_pitch_control/lib/python3.10/site-packages/basic_depth_pitch_control/__pycache__/SAMDiveView.cpython-310.pyc
/home/schni2zle/colcon_ws/src/install/basic_depth_pitch_control/share/ament_index/resource_index/packages/basic_depth_pitch_control
/home/schni2zle/colcon_ws/src/install/basic_depth_pitch_control/share/basic_depth_pitch_control/package.xml
/home/schni2zle/colcon_ws/src/install/basic_depth_pitch_control/share/basic_depth_pitch_control/config
/home/schni2zle/colcon_ws/src/install/basic_depth_pitch_control/share/basic_depth_pitch_control/launch/actionserver.launch
/home/schni2zle/colcon_ws/src/install/basic_depth_pitch_control/lib/python3.10/site-packages/basic_depth_pitch_control-0.0.0-py3.10.egg-info/entry_points.txt
/home/schni2zle/colcon_ws/src/install/basic_depth_pitch_control/lib/python3.10/site-packages/basic_depth_pitch_control-0.0.0-py3.10.egg-info/requires.txt
/home/schni2zle/colcon_ws/src/install/basic_depth_pitch_control/lib/python3.10/site-packages/basic_depth_pitch_control-0.0.0-py3.10.egg-info/PKG-INFO
/home/schni2zle/colcon_ws/src/install/basic_depth_pitch_control/lib/python3.10/site-packages/basic_depth_pitch_control-0.0.0-py3.10.egg-info/SOURCES.txt
/home/schni2zle/colcon_ws/src/install/basic_depth_pitch_control/lib/python3.10/site-packages/basic_depth_pitch_control-0.0.0-py3.10.egg-info/zip-safe
/home/schni2zle/colcon_ws/src/install/basic_depth_pitch_control/lib/python3.10/site-packages/basic_depth_pitch_control-0.0.0-py3.10.egg-info/top_level.txt
/home/schni2zle/colcon_ws/src/install/basic_depth_pitch_control/lib/python3.10/site-packages/basic_depth_pitch_control-0.0.0-py3.10.egg-info/dependency_links.txt
/home/schni2zle/colcon_ws/src/install/basic_depth_pitch_control/lib/basic_depth_pitch_control/action_client_node
/home/schni2zle/colcon_ws/src/install/basic_depth_pitch_control/lib/basic_depth_pitch_control/action_server_node
/home/schni2zle/colcon_ws/src/install/basic_depth_pitch_control/lib/basic_depth_pitch_control/diving
/home/schni2zle/colcon_ws/src/install/basic_depth_pitch_control/lib/basic_depth_pitch_control/test_view
