[0.161s] Invoking command in '/home/schni2zle/colcon_ws/src/build/sam_msgs': CMAKE_PREFIX_PATH=${CMAKE_PREFIX_PATH}:/home/schni2zle/colcon_ws/src/install/workshopfun:/home/schni2zle/colcon_ws/src/install/utm_latlon_converter:/home/schni2zle/colcon_ws/src/install/test_package:/home/schni2zle/colcon_ws/src/install/state_estimation:/home/schni2zle/colcon_ws/src/install/smarc_nodered:/home/schni2zle/colcon_ws/src/install/smarc_bt:/home/schni2zle/colcon_ws/src/install/smarc_bringups:/home/schni2zle/colcon_ws/src/install/sam_dead_reckoning:/home/schni2zle/colcon_ws/src/install/ros_tcp_endpoint:/home/schni2zle/colcon_ws/src/install/ros2_python_examples:/home/schni2zle/colcon_ws/src/install/quadrotor_basic_controller:/home/schni2zle/colcon_ws/src/install/mqtt_bridge:/home/schni2zle/colcon_ws/src/install/dubins_planner:/home/schni2zle/colcon_ws/src/install/dive_control:/home/schni2zle/colcon_ws/src/install/basic_go_to_waypoint:/home/schni2zle/colcon_ws/src/install/basic_depth_pitch_control:/home/schni2zle/colcon_ws/install/workshopfun:/home/schni2zle/colcon_ws/install/utm_latlon_converter:/home/schni2zle/colcon_ws/install/smarc_nodered:/home/schni2zle/colcon_ws/install/smarc_bt:/home/schni2zle/colcon_ws/install/smarc_bringups:/home/schni2zle/colcon_ws/install/sam_dead_reckoning:/home/schni2zle/colcon_ws/install/ros_tcp_endpoint:/home/schni2zle/colcon_ws/install/ros2_python_examples:/home/schni2zle/colcon_ws/install/mqtt_bridge:/home/schni2zle/colcon_ws/install/dubins_planner:/home/schni2zle/colcon_ws/install/basic_go_to_waypoint:/opt/ros/humble /usr/bin/cmake --build /home/schni2zle/colcon_ws/src/build/sam_msgs -- -j8 -l8
[4.346s] [35m[1mConsolidate compiler generated dependencies of target sam_msgs__rosidl_generator_c[0m
[4.347s] [  0%] Built target sam_msgs__cpp
[4.348s] [ 12%] Built target sam_msgs__rosidl_generator_c
[4.349s] [35m[1mConsolidate compiler generated dependencies of target sam_msgs__rosidl_typesupport_cpp[0m
[4.350s] [ 12%] Built target ament_cmake_python_copy_sam_msgs
[4.351s] [35m[1mConsolidate compiler generated dependencies of target sam_msgs__rosidl_typesupport_introspection_cpp[0m
[4.352s] [35m[1mConsolidate compiler generated dependencies of target sam_msgs__rosidl_typesupport_fastrtps_cpp[0m
[4.352s] [35m[1mConsolidate compiler generated dependencies of target sam_msgs__rosidl_typesupport_introspection_c[0m
[4.352s] [35m[1mConsolidate compiler generated dependencies of target sam_msgs__rosidl_typesupport_c[0m
[4.353s] [35m[1mConsolidate compiler generated dependencies of target sam_msgs__rosidl_typesupport_fastrtps_c[0m
[4.353s] [ 24%] Built target sam_msgs__rosidl_typesupport_cpp
[4.353s] [ 36%] Built target sam_msgs__rosidl_typesupport_c
[4.354s] [ 49%] Built target sam_msgs__rosidl_typesupport_introspection_cpp
[4.355s] [ 61%] Built target sam_msgs__rosidl_typesupport_introspection_c
[4.355s] [ 73%] Built target sam_msgs__rosidl_typesupport_fastrtps_cpp
[4.356s] [ 85%] Built target sam_msgs__rosidl_typesupport_fastrtps_c
[4.358s] [ 85%] Built target sam_msgs
[4.358s] [ 86%] Built target sam_msgs__py
[4.358s] [35m[1mConsolidate compiler generated dependencies of target sam_msgs__rosidl_generator_py[0m
[4.359s] [ 97%] Built target sam_msgs__rosidl_generator_py
[4.361s] [35m[1mConsolidate compiler generated dependencies of target sam_msgs__rosidl_typesupport_fastrtps_c__pyext[0m
[4.361s] [35m[1mConsolidate compiler generated dependencies of target sam_msgs__rosidl_typesupport_c__pyext[0m
[4.361s] [35m[1mConsolidate compiler generated dependencies of target sam_msgs__rosidl_typesupport_introspection_c__pyext[0m
[4.362s] [ 98%] Built target sam_msgs__rosidl_typesupport_fastrtps_c__pyext
[4.362s] [ 99%] Built target sam_msgs__rosidl_typesupport_c__pyext
[4.362s] [100%] Built target sam_msgs__rosidl_typesupport_introspection_c__pyext
[4.362s] running egg_info
[4.362s] writing sam_msgs.egg-info/PKG-INFO
[4.363s] writing dependency_links to sam_msgs.egg-info/dependency_links.txt
[4.363s] writing top-level names to sam_msgs.egg-info/top_level.txt
[4.363s] reading manifest file 'sam_msgs.egg-info/SOURCES.txt'
[4.363s] writing manifest file 'sam_msgs.egg-info/SOURCES.txt'
[4.363s] [100%] Built target ament_cmake_python_build_sam_msgs_egg
[4.380s] Invoked command in '/home/schni2zle/colcon_ws/src/build/sam_msgs' returned '0': CMAKE_PREFIX_PATH=${CMAKE_PREFIX_PATH}:/home/schni2zle/colcon_ws/src/install/workshopfun:/home/schni2zle/colcon_ws/src/install/utm_latlon_converter:/home/schni2zle/colcon_ws/src/install/test_package:/home/schni2zle/colcon_ws/src/install/state_estimation:/home/schni2zle/colcon_ws/src/install/smarc_nodered:/home/schni2zle/colcon_ws/src/install/smarc_bt:/home/schni2zle/colcon_ws/src/install/smarc_bringups:/home/schni2zle/colcon_ws/src/install/sam_dead_reckoning:/home/schni2zle/colcon_ws/src/install/ros_tcp_endpoint:/home/schni2zle/colcon_ws/src/install/ros2_python_examples:/home/schni2zle/colcon_ws/src/install/quadrotor_basic_controller:/home/schni2zle/colcon_ws/src/install/mqtt_bridge:/home/schni2zle/colcon_ws/src/install/dubins_planner:/home/schni2zle/colcon_ws/src/install/dive_control:/home/schni2zle/colcon_ws/src/install/basic_go_to_waypoint:/home/schni2zle/colcon_ws/src/install/basic_depth_pitch_control:/home/schni2zle/colcon_ws/install/workshopfun:/home/schni2zle/colcon_ws/install/utm_latlon_converter:/home/schni2zle/colcon_ws/install/smarc_nodered:/home/schni2zle/colcon_ws/install/smarc_bt:/home/schni2zle/colcon_ws/install/smarc_bringups:/home/schni2zle/colcon_ws/install/sam_dead_reckoning:/home/schni2zle/colcon_ws/install/ros_tcp_endpoint:/home/schni2zle/colcon_ws/install/ros2_python_examples:/home/schni2zle/colcon_ws/install/mqtt_bridge:/home/schni2zle/colcon_ws/install/dubins_planner:/home/schni2zle/colcon_ws/install/basic_go_to_waypoint:/opt/ros/humble /usr/bin/cmake --build /home/schni2zle/colcon_ws/src/build/sam_msgs -- -j8 -l8
[7.468s] Invoking command in '/home/schni2zle/colcon_ws/src/build/sam_msgs': CMAKE_PREFIX_PATH=${CMAKE_PREFIX_PATH}:/home/schni2zle/colcon_ws/src/install/workshopfun:/home/schni2zle/colcon_ws/src/install/utm_latlon_converter:/home/schni2zle/colcon_ws/src/install/test_package:/home/schni2zle/colcon_ws/src/install/state_estimation:/home/schni2zle/colcon_ws/src/install/smarc_nodered:/home/schni2zle/colcon_ws/src/install/smarc_bt:/home/schni2zle/colcon_ws/src/install/smarc_bringups:/home/schni2zle/colcon_ws/src/install/sam_dead_reckoning:/home/schni2zle/colcon_ws/src/install/ros_tcp_endpoint:/home/schni2zle/colcon_ws/src/install/ros2_python_examples:/home/schni2zle/colcon_ws/src/install/quadrotor_basic_controller:/home/schni2zle/colcon_ws/src/install/mqtt_bridge:/home/schni2zle/colcon_ws/src/install/dubins_planner:/home/schni2zle/colcon_ws/src/install/dive_control:/home/schni2zle/colcon_ws/src/install/basic_go_to_waypoint:/home/schni2zle/colcon_ws/src/install/basic_depth_pitch_control:/home/schni2zle/colcon_ws/install/workshopfun:/home/schni2zle/colcon_ws/install/utm_latlon_converter:/home/schni2zle/colcon_ws/install/smarc_nodered:/home/schni2zle/colcon_ws/install/smarc_bt:/home/schni2zle/colcon_ws/install/smarc_bringups:/home/schni2zle/colcon_ws/install/sam_dead_reckoning:/home/schni2zle/colcon_ws/install/ros_tcp_endpoint:/home/schni2zle/colcon_ws/install/ros2_python_examples:/home/schni2zle/colcon_ws/install/mqtt_bridge:/home/schni2zle/colcon_ws/install/dubins_planner:/home/schni2zle/colcon_ws/install/basic_go_to_waypoint:/opt/ros/humble /usr/bin/cmake --install /home/schni2zle/colcon_ws/src/build/sam_msgs
[7.559s] -- Install configuration: ""
[7.559s] -- Up-to-date: /home/schni2zle/colcon_ws/src/install/sam_msgs/share/ament_index/resource_index/rosidl_interfaces/sam_msgs
[7.559s] -- Up-to-date: /home/schni2zle/colcon_ws/src/install/sam_msgs/include/sam_msgs/sam_msgs
[7.561s] -- Up-to-date: /home/schni2zle/colcon_ws/src/install/sam_msgs/include/sam_msgs/sam_msgs/msg
[7.561s] -- Up-to-date: /home/schni2zle/colcon_ws/src/install/sam_msgs/include/sam_msgs/sam_msgs/msg/uavcan_node_status.h
[7.562s] -- Up-to-date: /home/schni2zle/colcon_ws/src/install/sam_msgs/include/sam_msgs/sam_msgs/msg/circuit_status_stamped_array.h
[7.562s] -- Up-to-date: /home/schni2zle/colcon_ws/src/install/sam_msgs/include/sam_msgs/sam_msgs/msg/thruster_angles.h
[7.562s] -- Up-to-date: /home/schni2zle/colcon_ws/src/install/sam_msgs/include/sam_msgs/sam_msgs/msg/uavcan_node_status_named.h
[7.562s] -- Up-to-date: /home/schni2zle/colcon_ws/src/install/sam_msgs/include/sam_msgs/sam_msgs/msg/uavcan_node_status_named_array.h
[7.562s] -- Up-to-date: /home/schni2zle/colcon_ws/src/install/sam_msgs/include/sam_msgs/sam_msgs/msg/ctp.h
[7.563s] -- Up-to-date: /home/schni2zle/colcon_ws/src/install/sam_msgs/include/sam_msgs/sam_msgs/msg/light_command.h
[7.563s] -- Up-to-date: /home/schni2zle/colcon_ws/src/install/sam_msgs/include/sam_msgs/sam_msgs/msg/rosidl_generator_c__visibility_control.h
[7.563s] -- Up-to-date: /home/schni2zle/colcon_ws/src/install/sam_msgs/include/sam_msgs/sam_msgs/msg/thruster_rp_ms.h
[7.563s] -- Up-to-date: /home/schni2zle/colcon_ws/src/install/sam_msgs/include/sam_msgs/sam_msgs/msg/links.h
[7.563s] -- Up-to-date: /home/schni2zle/colcon_ws/src/install/sam_msgs/include/sam_msgs/sam_msgs/msg/percent_stamped.h
[7.563s] -- Up-to-date: /home/schni2zle/colcon_ws/src/install/sam_msgs/include/sam_msgs/sam_msgs/msg/consumed_charge_array.h
[7.564s] -- Up-to-date: /home/schni2zle/colcon_ws/src/install/sam_msgs/include/sam_msgs/sam_msgs/msg/leak.h
[7.564s] -- Up-to-date: /home/schni2zle/colcon_ws/src/install/sam_msgs/include/sam_msgs/sam_msgs/msg/detail
[7.564s] -- Up-to-date: /home/schni2zle/colcon_ws/src/install/sam_msgs/include/sam_msgs/sam_msgs/msg/detail/array_command__type_support.h
[7.564s] -- Up-to-date: /home/schni2zle/colcon_ws/src/install/sam_msgs/include/sam_msgs/sam_msgs/msg/detail/light_command__functions.h
[7.568s] -- Up-to-date: /home/schni2zle/colcon_ws/src/install/sam_msgs/include/sam_msgs/sam_msgs/msg/detail/leak__functions.h
[7.568s] -- Up-to-date: /home/schni2zle/colcon_ws/src/install/sam_msgs/include/sam_msgs/sam_msgs/msg/detail/array_command__struct.h
[7.568s] -- Up-to-date: /home/schni2zle/colcon_ws/src/install/sam_msgs/include/sam_msgs/sam_msgs/msg/detail/consumed_charge__type_support.h
[7.568s] -- Up-to-date: /home/schni2zle/colcon_ws/src/install/sam_msgs/include/sam_msgs/sam_msgs/msg/detail/links__functions.c
[7.568s] -- Up-to-date: /home/schni2zle/colcon_ws/src/install/sam_msgs/include/sam_msgs/sam_msgs/msg/detail/circuit_status_stamped_array__functions.c
[7.569s] -- Up-to-date: /home/schni2zle/colcon_ws/src/install/sam_msgs/include/sam_msgs/sam_msgs/msg/detail/uavcan_node_status__type_support.h
[7.569s] -- Up-to-date: /home/schni2zle/colcon_ws/src/install/sam_msgs/include/sam_msgs/sam_msgs/msg/detail/links__struct.h
[7.569s] -- Up-to-date: /home/schni2zle/colcon_ws/src/install/sam_msgs/include/sam_msgs/sam_msgs/msg/detail/leak__functions.c
[7.569s] -- Up-to-date: /home/schni2zle/colcon_ws/src/install/sam_msgs/include/sam_msgs/sam_msgs/msg/detail/uavcan_node_status__functions.c
[7.569s] -- Up-to-date: /home/schni2zle/colcon_ws/src/install/sam_msgs/include/sam_msgs/sam_msgs/msg/detail/uavcan_node_status_named_array__functions.c
[7.569s] -- Up-to-date: /home/schni2zle/colcon_ws/src/install/sam_msgs/include/sam_msgs/sam_msgs/msg/detail/topics__struct.h
[7.570s] -- Up-to-date: /home/schni2zle/colcon_ws/src/install/sam_msgs/include/sam_msgs/sam_msgs/msg/detail/percent_stamped__struct.h
[7.570s] -- Up-to-date: /home/schni2zle/colcon_ws/src/install/sam_msgs/include/sam_msgs/sam_msgs/msg/detail/consumed_charge_array__functions.h
[7.570s] -- Up-to-date: /home/schni2zle/colcon_ws/src/install/sam_msgs/include/sam_msgs/sam_msgs/msg/detail/circuit_status_stamped_array__functions.h
[7.570s] -- Up-to-date: /home/schni2zle/colcon_ws/src/install/sam_msgs/include/sam_msgs/sam_msgs/msg/detail/ctp__functions.c
[7.570s] -- Up-to-date: /home/schni2zle/colcon_ws/src/install/sam_msgs/include/sam_msgs/sam_msgs/msg/detail/percent_stamped__functions.c
[7.570s] -- Up-to-date: /home/schni2zle/colcon_ws/src/install/sam_msgs/include/sam_msgs/sam_msgs/msg/detail/light_command_array__functions.c
[7.571s] -- Up-to-date: /home/schni2zle/colcon_ws/src/install/sam_msgs/include/sam_msgs/sam_msgs/msg/detail/leak__type_support.h
[7.571s] -- Up-to-date: /home/schni2zle/colcon_ws/src/install/sam_msgs/include/sam_msgs/sam_msgs/msg/detail/consumed_charge_array__type_support.h
[7.571s] -- Up-to-date: /home/schni2zle/colcon_ws/src/install/sam_msgs/include/sam_msgs/sam_msgs/msg/detail/light_command__struct.h
[7.571s] -- Up-to-date: /home/schni2zle/colcon_ws/src/install/sam_msgs/include/sam_msgs/sam_msgs/msg/detail/thruster_rp_ms__functions.c
[7.576s] -- Up-to-date: /home/schni2zle/colcon_ws/src/install/sam_msgs/include/sam_msgs/sam_msgs/msg/detail/consumed_charge_array__functions.c
[7.576s] -- Up-to-date: /home/schni2zle/colcon_ws/src/install/sam_msgs/include/sam_msgs/sam_msgs/msg/detail/uavcan_node_status_named_array__functions.h
[7.576s] -- Up-to-date: /home/schni2zle/colcon_ws/src/install/sam_msgs/include/sam_msgs/sam_msgs/msg/detail/thruster_rp_ms__type_support.h
[7.576s] -- Up-to-date: /home/schni2zle/colcon_ws/src/install/sam_msgs/include/sam_msgs/sam_msgs/msg/detail/command__functions.h
[7.577s] -- Up-to-date: /home/schni2zle/colcon_ws/src/install/sam_msgs/include/sam_msgs/sam_msgs/msg/detail/light_command_array__functions.h
[7.577s] -- Up-to-date: /home/schni2zle/colcon_ws/src/install/sam_msgs/include/sam_msgs/sam_msgs/msg/detail/thruster_angles__functions.h
[7.577s] -- Up-to-date: /home/schni2zle/colcon_ws/src/install/sam_msgs/include/sam_msgs/sam_msgs/msg/detail/consumed_charge__struct.h
[7.577s] -- Up-to-date: /home/schni2zle/colcon_ws/src/install/sam_msgs/include/sam_msgs/sam_msgs/msg/detail/circuit_status_stamped__struct.h
[7.577s] -- Up-to-date: /home/schni2zle/colcon_ws/src/install/sam_msgs/include/sam_msgs/sam_msgs/msg/detail/ballast_angles__functions.c
[7.578s] -- Up-to-date: /home/schni2zle/colcon_ws/src/install/sam_msgs/include/sam_msgs/sam_msgs/msg/detail/consumed_charge_feedback__struct.h
[7.578s] -- Up-to-date: /home/schni2zle/colcon_ws/src/install/sam_msgs/include/sam_msgs/sam_msgs/msg/detail/topics__type_support.h
[7.578s] -- Up-to-date: /home/schni2zle/colcon_ws/src/install/sam_msgs/include/sam_msgs/sam_msgs/msg/detail/uavcan_node_status_named_array__type_support.h
[7.578s] -- Up-to-date: /home/schni2zle/colcon_ws/src/install/sam_msgs/include/sam_msgs/sam_msgs/msg/detail/percent_stamped__type_support.h
[7.578s] -- Up-to-date: /home/schni2zle/colcon_ws/src/install/sam_msgs/include/sam_msgs/sam_msgs/msg/detail/uavcan_node_status_named__struct.h
[7.578s] -- Up-to-date: /home/schni2zle/colcon_ws/src/install/sam_msgs/include/sam_msgs/sam_msgs/msg/detail/ctp__struct.h
[7.579s] -- Up-to-date: /home/schni2zle/colcon_ws/src/install/sam_msgs/include/sam_msgs/sam_msgs/msg/detail/light_command__type_support.h
[7.579s] -- Up-to-date: /home/schni2zle/colcon_ws/src/install/sam_msgs/include/sam_msgs/sam_msgs/msg/detail/links__functions.h
[7.579s] -- Up-to-date: /home/schni2zle/colcon_ws/src/install/sam_msgs/include/sam_msgs/sam_msgs/msg/detail/ballast_angles__functions.h
[7.579s] -- Up-to-date: /home/schni2zle/colcon_ws/src/install/sam_msgs/include/sam_msgs/sam_msgs/msg/detail/topics__functions.h
[7.582s] -- Up-to-date: /home/schni2zle/colcon_ws/src/install/sam_msgs/include/sam_msgs/sam_msgs/msg/detail/consumed_charge__functions.h
[7.583s] -- Up-to-date: /home/schni2zle/colcon_ws/src/install/sam_msgs/include/sam_msgs/sam_msgs/msg/detail/percent_stamped__functions.h
[7.583s] -- Up-to-date: /home/schni2zle/colcon_ws/src/install/sam_msgs/include/sam_msgs/sam_msgs/msg/detail/light_command__functions.c
[7.583s] -- Up-to-date: /home/schni2zle/colcon_ws/src/install/sam_msgs/include/sam_msgs/sam_msgs/msg/detail/uavcan_node_status_named__functions.c
[7.584s] -- Up-to-date: /home/schni2zle/colcon_ws/src/install/sam_msgs/include/sam_msgs/sam_msgs/msg/detail/thruster_angles__functions.c
[7.584s] -- Up-to-date: /home/schni2zle/colcon_ws/src/install/sam_msgs/include/sam_msgs/sam_msgs/msg/detail/thruster_angles__struct.h
[7.598s] -- Up-to-date: /home/schni2zle/colcon_ws/src/install/sam_msgs/include/sam_msgs/sam_msgs/msg/detail/circuit_status_stamped__functions.c
[7.598s] -- Up-to-date: /home/schni2zle/colcon_ws/src/install/sam_msgs/include/sam_msgs/sam_msgs/msg/detail/circuit_status_stamped_array__type_support.h
[7.598s] -- Up-to-date: /home/schni2zle/colcon_ws/src/install/sam_msgs/include/sam_msgs/sam_msgs/msg/detail/topics__functions.c
[7.598s] -- Up-to-date: /home/schni2zle/colcon_ws/src/install/sam_msgs/include/sam_msgs/sam_msgs/msg/detail/light_command_array__struct.h
[7.599s] -- Up-to-date: /home/schni2zle/colcon_ws/src/install/sam_msgs/include/sam_msgs/sam_msgs/msg/detail/consumed_charge_feedback__functions.c
[7.599s] -- Up-to-date: /home/schni2zle/colcon_ws/src/install/sam_msgs/include/sam_msgs/sam_msgs/msg/detail/circuit_status_stamped__type_support.h
[7.599s] -- Up-to-date: /home/schni2zle/colcon_ws/src/install/sam_msgs/include/sam_msgs/sam_msgs/msg/detail/circuit_status__functions.h
[7.599s] -- Up-to-date: /home/schni2zle/colcon_ws/src/install/sam_msgs/include/sam_msgs/sam_msgs/msg/detail/array_command__functions.h
[7.599s] -- Up-to-date: /home/schni2zle/colcon_ws/src/install/sam_msgs/include/sam_msgs/sam_msgs/msg/detail/uavcan_node_status_named_array__struct.h
[7.599s] -- Up-to-date: /home/schni2zle/colcon_ws/src/install/sam_msgs/include/sam_msgs/sam_msgs/msg/detail/circuit_status__type_support.h
[7.600s] -- Up-to-date: /home/schni2zle/colcon_ws/src/install/sam_msgs/include/sam_msgs/sam_msgs/msg/detail/consumed_charge_feedback__type_support.h
[7.600s] -- Up-to-date: /home/schni2zle/colcon_ws/src/install/sam_msgs/include/sam_msgs/sam_msgs/msg/detail/thruster_rp_ms__struct.h
[7.600s] -- Up-to-date: /home/schni2zle/colcon_ws/src/install/sam_msgs/include/sam_msgs/sam_msgs/msg/detail/thruster_rp_ms__functions.h
[7.600s] -- Up-to-date: /home/schni2zle/colcon_ws/src/install/sam_msgs/include/sam_msgs/sam_msgs/msg/detail/ctp__functions.h
[7.601s] -- Up-to-date: /home/schni2zle/colcon_ws/src/install/sam_msgs/include/sam_msgs/sam_msgs/msg/detail/uavcan_node_status_named__functions.h
[7.601s] -- Up-to-date: /home/schni2zle/colcon_ws/src/install/sam_msgs/include/sam_msgs/sam_msgs/msg/detail/array_command__functions.c
[7.601s] -- Up-to-date: /home/schni2zle/colcon_ws/src/install/sam_msgs/include/sam_msgs/sam_msgs/msg/detail/circuit_status_stamped__functions.h
[7.601s] -- Up-to-date: /home/schni2zle/colcon_ws/src/install/sam_msgs/include/sam_msgs/sam_msgs/msg/detail/ctp__type_support.h
[7.601s] -- Up-to-date: /home/schni2zle/colcon_ws/src/install/sam_msgs/include/sam_msgs/sam_msgs/msg/detail/ballast_angles__type_support.h
[7.605s] -- Up-to-date: /home/schni2zle/colcon_ws/src/install/sam_msgs/include/sam_msgs/sam_msgs/msg/detail/uavcan_node_status_named__type_support.h
[7.605s] -- Up-to-date: /home/schni2zle/colcon_ws/src/install/sam_msgs/include/sam_msgs/sam_msgs/msg/detail/command__functions.c
[7.605s] -- Up-to-date: /home/schni2zle/colcon_ws/src/install/sam_msgs/include/sam_msgs/sam_msgs/msg/detail/command__struct.h
[7.605s] -- Up-to-date: /home/schni2zle/colcon_ws/src/install/sam_msgs/include/sam_msgs/sam_msgs/msg/detail/consumed_charge_array__struct.h
[7.605s] -- Up-to-date: /home/schni2zle/colcon_ws/src/install/sam_msgs/include/sam_msgs/sam_msgs/msg/detail/circuit_status_stamped_array__struct.h
[7.606s] -- Up-to-date: /home/schni2zle/colcon_ws/src/install/sam_msgs/include/sam_msgs/sam_msgs/msg/detail/consumed_charge_feedback__functions.h
[7.606s] -- Up-to-date: /home/schni2zle/colcon_ws/src/install/sam_msgs/include/sam_msgs/sam_msgs/msg/detail/consumed_charge__functions.c
[7.606s] -- Up-to-date: /home/schni2zle/colcon_ws/src/install/sam_msgs/include/sam_msgs/sam_msgs/msg/detail/thruster_angles__type_support.h
[7.606s] -- Up-to-date: /home/schni2zle/colcon_ws/src/install/sam_msgs/include/sam_msgs/sam_msgs/msg/detail/uavcan_node_status__functions.h
[7.606s] -- Up-to-date: /home/schni2zle/colcon_ws/src/install/sam_msgs/include/sam_msgs/sam_msgs/msg/detail/uavcan_node_status__struct.h
[7.606s] -- Up-to-date: /home/schni2zle/colcon_ws/src/install/sam_msgs/include/sam_msgs/sam_msgs/msg/detail/light_command_array__type_support.h
[7.607s] -- Up-to-date: /home/schni2zle/colcon_ws/src/install/sam_msgs/include/sam_msgs/sam_msgs/msg/detail/circuit_status__struct.h
[7.607s] -- Up-to-date: /home/schni2zle/colcon_ws/src/install/sam_msgs/include/sam_msgs/sam_msgs/msg/detail/ballast_angles__struct.h
[7.607s] -- Up-to-date: /home/schni2zle/colcon_ws/src/install/sam_msgs/include/sam_msgs/sam_msgs/msg/detail/circuit_status__functions.c
[7.607s] -- Up-to-date: /home/schni2zle/colcon_ws/src/install/sam_msgs/include/sam_msgs/sam_msgs/msg/detail/links__type_support.h
[7.607s] -- Up-to-date: /home/schni2zle/colcon_ws/src/install/sam_msgs/include/sam_msgs/sam_msgs/msg/detail/command__type_support.h
[7.608s] -- Up-to-date: /home/schni2zle/colcon_ws/src/install/sam_msgs/include/sam_msgs/sam_msgs/msg/detail/leak__struct.h
[7.608s] -- Up-to-date: /home/schni2zle/colcon_ws/src/install/sam_msgs/include/sam_msgs/sam_msgs/msg/circuit_status.h
[7.608s] -- Up-to-date: /home/schni2zle/colcon_ws/src/install/sam_msgs/include/sam_msgs/sam_msgs/msg/command.h
[7.608s] -- Up-to-date: /home/schni2zle/colcon_ws/src/install/sam_msgs/include/sam_msgs/sam_msgs/msg/consumed_charge_feedback.h
[7.613s] -- Up-to-date: /home/schni2zle/colcon_ws/src/install/sam_msgs/include/sam_msgs/sam_msgs/msg/array_command.h
[7.613s] -- Up-to-date: /home/schni2zle/colcon_ws/src/install/sam_msgs/include/sam_msgs/sam_msgs/msg/light_command_array.h
[7.613s] -- Up-to-date: /home/schni2zle/colcon_ws/src/install/sam_msgs/include/sam_msgs/sam_msgs/msg/ballast_angles.h
[7.613s] -- Up-to-date: /home/schni2zle/colcon_ws/src/install/sam_msgs/include/sam_msgs/sam_msgs/msg/circuit_status_stamped.h
[7.614s] -- Up-to-date: /home/schni2zle/colcon_ws/src/install/sam_msgs/include/sam_msgs/sam_msgs/msg/consumed_charge.h
[7.614s] -- Up-to-date: /home/schni2zle/colcon_ws/src/install/sam_msgs/include/sam_msgs/sam_msgs/msg/topics.h
[7.614s] -- Up-to-date: /home/schni2zle/colcon_ws/src/install/sam_msgs/include/sam_msgs/sam_msgs/srv
[7.614s] -- Up-to-date: /home/schni2zle/colcon_ws/src/install/sam_msgs/include/sam_msgs/sam_msgs/srv/detail
[7.614s] -- Up-to-date: /home/schni2zle/colcon_ws/src/install/sam_msgs/include/sam_msgs/sam_msgs/srv/detail/uavcan_update_battery__type_support.h
[7.615s] -- Up-to-date: /home/schni2zle/colcon_ws/src/install/sam_msgs/include/sam_msgs/sam_msgs/srv/detail/uavcan_update_battery__functions.c
[7.615s] -- Up-to-date: /home/schni2zle/colcon_ws/src/install/sam_msgs/include/sam_msgs/sam_msgs/srv/detail/uavcan_update_battery__struct.h
[7.615s] -- Up-to-date: /home/schni2zle/colcon_ws/src/install/sam_msgs/include/sam_msgs/sam_msgs/srv/detail/uavcan_update_battery__functions.h
[7.615s] -- Up-to-date: /home/schni2zle/colcon_ws/src/install/sam_msgs/include/sam_msgs/sam_msgs/srv/uavcan_update_battery.h
[7.619s] -- Up-to-date: /home/schni2zle/colcon_ws/src/install/sam_msgs/share/sam_msgs/environment/library_path.sh
[7.620s] -- Up-to-date: /home/schni2zle/colcon_ws/src/install/sam_msgs/share/sam_msgs/environment/library_path.dsv
[7.620s] -- Up-to-date: /home/schni2zle/colcon_ws/src/install/sam_msgs/lib/libsam_msgs__rosidl_generator_c.so
[7.620s] -- Up-to-date: /home/schni2zle/colcon_ws/src/install/sam_msgs/include/sam_msgs/sam_msgs
[7.620s] -- Up-to-date: /home/schni2zle/colcon_ws/src/install/sam_msgs/include/sam_msgs/sam_msgs/msg
[7.621s] -- Up-to-date: /home/schni2zle/colcon_ws/src/install/sam_msgs/include/sam_msgs/sam_msgs/msg/rosidl_typesupport_fastrtps_c__visibility_control.h
[7.621s] -- Up-to-date: /home/schni2zle/colcon_ws/src/install/sam_msgs/include/sam_msgs/sam_msgs/msg/detail
[7.621s] -- Up-to-date: /home/schni2zle/colcon_ws/src/install/sam_msgs/include/sam_msgs/sam_msgs/msg/detail/consumed_charge__rosidl_typesupport_fastrtps_c.h
[7.621s] -- Up-to-date: /home/schni2zle/colcon_ws/src/install/sam_msgs/include/sam_msgs/sam_msgs/msg/detail/uavcan_node_status__rosidl_typesupport_fastrtps_c.h
[7.621s] -- Up-to-date: /home/schni2zle/colcon_ws/src/install/sam_msgs/include/sam_msgs/sam_msgs/msg/detail/circuit_status_stamped_array__rosidl_typesupport_fastrtps_c.h
[7.622s] -- Up-to-date: /home/schni2zle/colcon_ws/src/install/sam_msgs/include/sam_msgs/sam_msgs/msg/detail/circuit_status__rosidl_typesupport_fastrtps_c.h
[7.622s] -- Up-to-date: /home/schni2zle/colcon_ws/src/install/sam_msgs/include/sam_msgs/sam_msgs/msg/detail/consumed_charge_array__rosidl_typesupport_fastrtps_c.h
[7.622s] -- Up-to-date: /home/schni2zle/colcon_ws/src/install/sam_msgs/include/sam_msgs/sam_msgs/msg/detail/topics__rosidl_typesupport_fastrtps_c.h
[7.659s] -- Up-to-date: /home/schni2zle/colcon_ws/src/install/sam_msgs/include/sam_msgs/sam_msgs/msg/detail/thruster_rp_ms__rosidl_typesupport_fastrtps_c.h
[7.659s] -- Up-to-date: /home/schni2zle/colcon_ws/src/install/sam_msgs/include/sam_msgs/sam_msgs/msg/detail/light_command_array__rosidl_typesupport_fastrtps_c.h
[7.659s] -- Up-to-date: /home/schni2zle/colcon_ws/src/install/sam_msgs/include/sam_msgs/sam_msgs/msg/detail/circuit_status_stamped__rosidl_typesupport_fastrtps_c.h
[7.664s] -- Up-to-date: /home/schni2zle/colcon_ws/src/install/sam_msgs/include/sam_msgs/sam_msgs/msg/detail/uavcan_node_status_named_array__rosidl_typesupport_fastrtps_c.h
[7.665s] -- Up-to-date: /home/schni2zle/colcon_ws/src/install/sam_msgs/include/sam_msgs/sam_msgs/msg/detail/ballast_angles__rosidl_typesupport_fastrtps_c.h
[7.665s] -- Up-to-date: /home/schni2zle/colcon_ws/src/install/sam_msgs/include/sam_msgs/sam_msgs/msg/detail/thruster_angles__rosidl_typesupport_fastrtps_c.h
[7.665s] -- Up-to-date: /home/schni2zle/colcon_ws/src/install/sam_msgs/include/sam_msgs/sam_msgs/msg/detail/percent_stamped__rosidl_typesupport_fastrtps_c.h
[7.665s] -- Up-to-date: /home/schni2zle/colcon_ws/src/install/sam_msgs/include/sam_msgs/sam_msgs/msg/detail/links__rosidl_typesupport_fastrtps_c.h
[7.665s] -- Up-to-date: /home/schni2zle/colcon_ws/src/install/sam_msgs/include/sam_msgs/sam_msgs/msg/detail/leak__rosidl_typesupport_fastrtps_c.h
[7.666s] -- Up-to-date: /home/schni2zle/colcon_ws/src/install/sam_msgs/include/sam_msgs/sam_msgs/msg/detail/ctp__rosidl_typesupport_fastrtps_c.h
[7.666s] -- Up-to-date: /home/schni2zle/colcon_ws/src/install/sam_msgs/include/sam_msgs/sam_msgs/msg/detail/uavcan_node_status_named__rosidl_typesupport_fastrtps_c.h
[7.666s] -- Up-to-date: /home/schni2zle/colcon_ws/src/install/sam_msgs/include/sam_msgs/sam_msgs/msg/detail/command__rosidl_typesupport_fastrtps_c.h
[7.670s] -- Up-to-date: /home/schni2zle/colcon_ws/src/install/sam_msgs/include/sam_msgs/sam_msgs/msg/detail/light_command__rosidl_typesupport_fastrtps_c.h
[7.671s] -- Up-to-date: /home/schni2zle/colcon_ws/src/install/sam_msgs/include/sam_msgs/sam_msgs/msg/detail/array_command__rosidl_typesupport_fastrtps_c.h
[7.671s] -- Up-to-date: /home/schni2zle/colcon_ws/src/install/sam_msgs/include/sam_msgs/sam_msgs/msg/detail/consumed_charge_feedback__rosidl_typesupport_fastrtps_c.h
[7.671s] -- Up-to-date: /home/schni2zle/colcon_ws/src/install/sam_msgs/include/sam_msgs/sam_msgs/srv
[7.674s] -- Up-to-date: /home/schni2zle/colcon_ws/src/install/sam_msgs/include/sam_msgs/sam_msgs/srv/detail
[7.674s] -- Up-to-date: /home/schni2zle/colcon_ws/src/install/sam_msgs/include/sam_msgs/sam_msgs/srv/detail/uavcan_update_battery__rosidl_typesupport_fastrtps_c.h
[7.674s] -- Up-to-date: /home/schni2zle/colcon_ws/src/install/sam_msgs/lib/libsam_msgs__rosidl_typesupport_fastrtps_c.so
[7.674s] -- Up-to-date: /home/schni2zle/colcon_ws/src/install/sam_msgs/include/sam_msgs/sam_msgs
[7.674s] -- Up-to-date: /home/schni2zle/colcon_ws/src/install/sam_msgs/include/sam_msgs/sam_msgs/msg
[7.675s] -- Up-to-date: /home/schni2zle/colcon_ws/src/install/sam_msgs/include/sam_msgs/sam_msgs/msg/rosidl_typesupport_introspection_c__visibility_control.h
[7.675s] -- Up-to-date: /home/schni2zle/colcon_ws/src/install/sam_msgs/include/sam_msgs/sam_msgs/msg/detail
[7.675s] -- Up-to-date: /home/schni2zle/colcon_ws/src/install/sam_msgs/include/sam_msgs/sam_msgs/msg/detail/consumed_charge_feedback__rosidl_typesupport_introspection_c.h
[7.675s] -- Up-to-date: /home/schni2zle/colcon_ws/src/install/sam_msgs/include/sam_msgs/sam_msgs/msg/detail/consumed_charge_array__rosidl_typesupport_introspection_c.h
[7.676s] -- Up-to-date: /home/schni2zle/colcon_ws/src/install/sam_msgs/include/sam_msgs/sam_msgs/msg/detail/circuit_status__rosidl_typesupport_introspection_c.h
[7.676s] -- Up-to-date: /home/schni2zle/colcon_ws/src/install/sam_msgs/include/sam_msgs/sam_msgs/msg/detail/uavcan_node_status_named__rosidl_typesupport_introspection_c.h
[7.676s] -- Up-to-date: /home/schni2zle/colcon_ws/src/install/sam_msgs/include/sam_msgs/sam_msgs/msg/detail/topics__type_support.c
[7.676s] -- Up-to-date: /home/schni2zle/colcon_ws/src/install/sam_msgs/include/sam_msgs/sam_msgs/msg/detail/leak__rosidl_typesupport_introspection_c.h
[7.679s] -- Up-to-date: /home/schni2zle/colcon_ws/src/install/sam_msgs/include/sam_msgs/sam_msgs/msg/detail/light_command_array__rosidl_typesupport_introspection_c.h
[7.679s] -- Up-to-date: /home/schni2zle/colcon_ws/src/install/sam_msgs/include/sam_msgs/sam_msgs/msg/detail/links__type_support.c
[7.679s] -- Up-to-date: /home/schni2zle/colcon_ws/src/install/sam_msgs/include/sam_msgs/sam_msgs/msg/detail/percent_stamped__rosidl_typesupport_introspection_c.h
[7.679s] -- Up-to-date: /home/schni2zle/colcon_ws/src/install/sam_msgs/include/sam_msgs/sam_msgs/msg/detail/array_command__type_support.c
[7.680s] -- Up-to-date: /home/schni2zle/colcon_ws/src/install/sam_msgs/include/sam_msgs/sam_msgs/msg/detail/consumed_charge_array__type_support.c
[7.680s] -- Up-to-date: /home/schni2zle/colcon_ws/src/install/sam_msgs/include/sam_msgs/sam_msgs/msg/detail/circuit_status_stamped__type_support.c
[7.680s] -- Up-to-date: /home/schni2zle/colcon_ws/src/install/sam_msgs/include/sam_msgs/sam_msgs/msg/detail/light_command__rosidl_typesupport_introspection_c.h
[7.680s] -- Up-to-date: /home/schni2zle/colcon_ws/src/install/sam_msgs/include/sam_msgs/sam_msgs/msg/detail/ballast_angles__type_support.c
[7.680s] -- Up-to-date: /home/schni2zle/colcon_ws/src/install/sam_msgs/include/sam_msgs/sam_msgs/msg/detail/thruster_rp_ms__rosidl_typesupport_introspection_c.h
[7.680s] -- Up-to-date: /home/schni2zle/colcon_ws/src/install/sam_msgs/include/sam_msgs/sam_msgs/msg/detail/circuit_status_stamped__rosidl_typesupport_introspection_c.h
[7.681s] -- Up-to-date: /home/schni2zle/colcon_ws/src/install/sam_msgs/include/sam_msgs/sam_msgs/msg/detail/circuit_status__type_support.c
[7.681s] -- Up-to-date: /home/schni2zle/colcon_ws/src/install/sam_msgs/include/sam_msgs/sam_msgs/msg/detail/thruster_angles__type_support.c
[7.681s] -- Up-to-date: /home/schni2zle/colcon_ws/src/install/sam_msgs/include/sam_msgs/sam_msgs/msg/detail/consumed_charge_feedback__type_support.c
[7.687s] -- Up-to-date: /home/schni2zle/colcon_ws/src/install/sam_msgs/include/sam_msgs/sam_msgs/msg/detail/uavcan_node_status_named__type_support.c
[7.687s] -- Up-to-date: /home/schni2zle/colcon_ws/src/install/sam_msgs/include/sam_msgs/sam_msgs/msg/detail/ctp__type_support.c
[7.687s] -- Up-to-date: /home/schni2zle/colcon_ws/src/install/sam_msgs/include/sam_msgs/sam_msgs/msg/detail/leak__type_support.c
[7.688s] -- Up-to-date: /home/schni2zle/colcon_ws/src/install/sam_msgs/include/sam_msgs/sam_msgs/msg/detail/circuit_status_stamped_array__rosidl_typesupport_introspection_c.h
[7.688s] -- Up-to-date: /home/schni2zle/colcon_ws/src/install/sam_msgs/include/sam_msgs/sam_msgs/msg/detail/circuit_status_stamped_array__type_support.c
[7.688s] -- Up-to-date: /home/schni2zle/colcon_ws/src/install/sam_msgs/include/sam_msgs/sam_msgs/msg/detail/command__rosidl_typesupport_introspection_c.h
[7.688s] -- Up-to-date: /home/schni2zle/colcon_ws/src/install/sam_msgs/include/sam_msgs/sam_msgs/msg/detail/consumed_charge__type_support.c
[7.688s] -- Up-to-date: /home/schni2zle/colcon_ws/src/install/sam_msgs/include/sam_msgs/sam_msgs/msg/detail/light_command__type_support.c
[7.689s] -- Up-to-date: /home/schni2zle/colcon_ws/src/install/sam_msgs/include/sam_msgs/sam_msgs/msg/detail/command__type_support.c
[7.689s] -- Up-to-date: /home/schni2zle/colcon_ws/src/install/sam_msgs/include/sam_msgs/sam_msgs/msg/detail/array_command__rosidl_typesupport_introspection_c.h
[7.690s] -- Up-to-date: /home/schni2zle/colcon_ws/src/install/sam_msgs/include/sam_msgs/sam_msgs/msg/detail/thruster_rp_ms__type_support.c
[7.693s] -- Up-to-date: /home/schni2zle/colcon_ws/src/install/sam_msgs/include/sam_msgs/sam_msgs/msg/detail/ballast_angles__rosidl_typesupport_introspection_c.h
[7.693s] -- Up-to-date: /home/schni2zle/colcon_ws/src/install/sam_msgs/include/sam_msgs/sam_msgs/msg/detail/consumed_charge__rosidl_typesupport_introspection_c.h
[7.696s] -- Up-to-date: /home/schni2zle/colcon_ws/src/install/sam_msgs/include/sam_msgs/sam_msgs/msg/detail/light_command_array__type_support.c
[7.696s] -- Up-to-date: /home/schni2zle/colcon_ws/src/install/sam_msgs/include/sam_msgs/sam_msgs/msg/detail/uavcan_node_status__rosidl_typesupport_introspection_c.h
[7.734s] -- Up-to-date: /home/schni2zle/colcon_ws/src/install/sam_msgs/include/sam_msgs/sam_msgs/msg/detail/uavcan_node_status__type_support.c
[7.734s] -- Up-to-date: /home/schni2zle/colcon_ws/src/install/sam_msgs/include/sam_msgs/sam_msgs/msg/detail/percent_stamped__type_support.c
[7.734s] -- Up-to-date: /home/schni2zle/colcon_ws/src/install/sam_msgs/include/sam_msgs/sam_msgs/msg/detail/thruster_angles__rosidl_typesupport_introspection_c.h
[7.735s] -- Up-to-date: /home/schni2zle/colcon_ws/src/install/sam_msgs/include/sam_msgs/sam_msgs/msg/detail/topics__rosidl_typesupport_introspection_c.h
[7.735s] -- Up-to-date: /home/schni2zle/colcon_ws/src/install/sam_msgs/include/sam_msgs/sam_msgs/msg/detail/links__rosidl_typesupport_introspection_c.h
[7.735s] -- Up-to-date: /home/schni2zle/colcon_ws/src/install/sam_msgs/include/sam_msgs/sam_msgs/msg/detail/ctp__rosidl_typesupport_introspection_c.h
[7.735s] -- Up-to-date: /home/schni2zle/colcon_ws/src/install/sam_msgs/include/sam_msgs/sam_msgs/msg/detail/uavcan_node_status_named_array__rosidl_typesupport_introspection_c.h
[7.735s] -- Up-to-date: /home/schni2zle/colcon_ws/src/install/sam_msgs/include/sam_msgs/sam_msgs/msg/detail/uavcan_node_status_named_array__type_support.c
[7.736s] -- Up-to-date: /home/schni2zle/colcon_ws/src/install/sam_msgs/include/sam_msgs/sam_msgs/srv
[7.736s] -- Up-to-date: /home/schni2zle/colcon_ws/src/install/sam_msgs/include/sam_msgs/sam_msgs/srv/detail
[7.736s] -- Up-to-date: /home/schni2zle/colcon_ws/src/install/sam_msgs/include/sam_msgs/sam_msgs/srv/detail/uavcan_update_battery__rosidl_typesupport_introspection_c.h
[7.739s] -- Up-to-date: /home/schni2zle/colcon_ws/src/install/sam_msgs/include/sam_msgs/sam_msgs/srv/detail/uavcan_update_battery__type_support.c
[7.740s] -- Up-to-date: /home/schni2zle/colcon_ws/src/install/sam_msgs/lib/libsam_msgs__rosidl_typesupport_introspection_c.so
[7.740s] -- Up-to-date: /home/schni2zle/colcon_ws/src/install/sam_msgs/lib/libsam_msgs__rosidl_typesupport_c.so
[7.741s] -- Up-to-date: /home/schni2zle/colcon_ws/src/install/sam_msgs/include/sam_msgs/sam_msgs
[7.741s] -- Up-to-date: /home/schni2zle/colcon_ws/src/install/sam_msgs/include/sam_msgs/sam_msgs/msg
[7.741s] -- Up-to-date: /home/schni2zle/colcon_ws/src/install/sam_msgs/include/sam_msgs/sam_msgs/msg/leak.hpp
[7.741s] -- Up-to-date: /home/schni2zle/colcon_ws/src/install/sam_msgs/include/sam_msgs/sam_msgs/msg/array_command.hpp
[7.742s] -- Up-to-date: /home/schni2zle/colcon_ws/src/install/sam_msgs/include/sam_msgs/sam_msgs/msg/consumed_charge_array.hpp
[7.742s] -- Up-to-date: /home/schni2zle/colcon_ws/src/install/sam_msgs/include/sam_msgs/sam_msgs/msg/percent_stamped.hpp
[7.742s] -- Up-to-date: /home/schni2zle/colcon_ws/src/install/sam_msgs/include/sam_msgs/sam_msgs/msg/thruster_rp_ms.hpp
[7.742s] -- Up-to-date: /home/schni2zle/colcon_ws/src/install/sam_msgs/include/sam_msgs/sam_msgs/msg/light_command_array.hpp
[7.742s] -- Up-to-date: /home/schni2zle/colcon_ws/src/install/sam_msgs/include/sam_msgs/sam_msgs/msg/thruster_angles.hpp
[7.743s] -- Up-to-date: /home/schni2zle/colcon_ws/src/install/sam_msgs/include/sam_msgs/sam_msgs/msg/ballast_angles.hpp
[7.743s] -- Up-to-date: /home/schni2zle/colcon_ws/src/install/sam_msgs/include/sam_msgs/sam_msgs/msg/circuit_status.hpp
[7.743s] -- Up-to-date: /home/schni2zle/colcon_ws/src/install/sam_msgs/include/sam_msgs/sam_msgs/msg/circuit_status_stamped_array.hpp
[7.747s] -- Up-to-date: /home/schni2zle/colcon_ws/src/install/sam_msgs/include/sam_msgs/sam_msgs/msg/consumed_charge.hpp
[7.747s] -- Up-to-date: /home/schni2zle/colcon_ws/src/install/sam_msgs/include/sam_msgs/sam_msgs/msg/detail
[7.748s] -- Up-to-date: /home/schni2zle/colcon_ws/src/install/sam_msgs/include/sam_msgs/sam_msgs/msg/detail/links__builder.hpp
[7.748s] -- Up-to-date: /home/schni2zle/colcon_ws/src/install/sam_msgs/include/sam_msgs/sam_msgs/msg/detail/uavcan_node_status__traits.hpp
[7.748s] -- Up-to-date: /home/schni2zle/colcon_ws/src/install/sam_msgs/include/sam_msgs/sam_msgs/msg/detail/percent_stamped__builder.hpp
[7.748s] -- Up-to-date: /home/schni2zle/colcon_ws/src/install/sam_msgs/include/sam_msgs/sam_msgs/msg/detail/ctp__traits.hpp
[7.748s] -- Up-to-date: /home/schni2zle/colcon_ws/src/install/sam_msgs/include/sam_msgs/sam_msgs/msg/detail/uavcan_node_status__struct.hpp
[7.770s] -- Up-to-date: /home/schni2zle/colcon_ws/src/install/sam_msgs/include/sam_msgs/sam_msgs/msg/detail/topics__struct.hpp
[7.771s] -- Up-to-date: /home/schni2zle/colcon_ws/src/install/sam_msgs/include/sam_msgs/sam_msgs/msg/detail/uavcan_node_status_named_array__struct.hpp
[7.771s] -- Up-to-date: /home/schni2zle/colcon_ws/src/install/sam_msgs/include/sam_msgs/sam_msgs/msg/detail/thruster_rp_ms__struct.hpp
[7.771s] -- Up-to-date: /home/schni2zle/colcon_ws/src/install/sam_msgs/include/sam_msgs/sam_msgs/msg/detail/consumed_charge_feedback__struct.hpp
[7.771s] -- Up-to-date: /home/schni2zle/colcon_ws/src/install/sam_msgs/include/sam_msgs/sam_msgs/msg/detail/thruster_rp_ms__builder.hpp
[7.777s] -- Up-to-date: /home/schni2zle/colcon_ws/src/install/sam_msgs/include/sam_msgs/sam_msgs/msg/detail/uavcan_node_status_named__builder.hpp
[7.777s] -- Up-to-date: /home/schni2zle/colcon_ws/src/install/sam_msgs/include/sam_msgs/sam_msgs/msg/detail/light_command__traits.hpp
[7.777s] -- Up-to-date: /home/schni2zle/colcon_ws/src/install/sam_msgs/include/sam_msgs/sam_msgs/msg/detail/light_command_array__builder.hpp
[7.777s] -- Up-to-date: /home/schni2zle/colcon_ws/src/install/sam_msgs/include/sam_msgs/sam_msgs/msg/detail/consumed_charge_array__builder.hpp
[7.778s] -- Up-to-date: /home/schni2zle/colcon_ws/src/install/sam_msgs/include/sam_msgs/sam_msgs/msg/detail/command__traits.hpp
[7.778s] -- Up-to-date: /home/schni2zle/colcon_ws/src/install/sam_msgs/include/sam_msgs/sam_msgs/msg/detail/ballast_angles__builder.hpp
[7.778s] -- Up-to-date: /home/schni2zle/colcon_ws/src/install/sam_msgs/include/sam_msgs/sam_msgs/msg/detail/thruster_rp_ms__traits.hpp
[7.781s] -- Up-to-date: /home/schni2zle/colcon_ws/src/install/sam_msgs/include/sam_msgs/sam_msgs/msg/detail/links__traits.hpp
[7.782s] -- Up-to-date: /home/schni2zle/colcon_ws/src/install/sam_msgs/include/sam_msgs/sam_msgs/msg/detail/light_command_array__traits.hpp
[7.782s] -- Up-to-date: /home/schni2zle/colcon_ws/src/install/sam_msgs/include/sam_msgs/sam_msgs/msg/detail/topics__traits.hpp
[7.783s] -- Up-to-date: /home/schni2zle/colcon_ws/src/install/sam_msgs/include/sam_msgs/sam_msgs/msg/detail/array_command__struct.hpp
[7.783s] -- Up-to-date: /home/schni2zle/colcon_ws/src/install/sam_msgs/include/sam_msgs/sam_msgs/msg/detail/consumed_charge_feedback__traits.hpp
[7.783s] -- Up-to-date: /home/schni2zle/colcon_ws/src/install/sam_msgs/include/sam_msgs/sam_msgs/msg/detail/consumed_charge_feedback__builder.hpp
[7.783s] -- Up-to-date: /home/schni2zle/colcon_ws/src/install/sam_msgs/include/sam_msgs/sam_msgs/msg/detail/command__struct.hpp
[7.784s] -- Up-to-date: /home/schni2zle/colcon_ws/src/install/sam_msgs/include/sam_msgs/sam_msgs/msg/detail/uavcan_node_status__builder.hpp
[7.784s] -- Up-to-date: /home/schni2zle/colcon_ws/src/install/sam_msgs/include/sam_msgs/sam_msgs/msg/detail/percent_stamped__struct.hpp
[7.784s] -- Up-to-date: /home/schni2zle/colcon_ws/src/install/sam_msgs/include/sam_msgs/sam_msgs/msg/detail/light_command__struct.hpp
[7.784s] -- Up-to-date: /home/schni2zle/colcon_ws/src/install/sam_msgs/include/sam_msgs/sam_msgs/msg/detail/ctp__struct.hpp
[7.785s] -- Up-to-date: /home/schni2zle/colcon_ws/src/install/sam_msgs/include/sam_msgs/sam_msgs/msg/detail/uavcan_node_status_named__struct.hpp
[7.785s] -- Up-to-date: /home/schni2zle/colcon_ws/src/install/sam_msgs/include/sam_msgs/sam_msgs/msg/detail/topics__builder.hpp
[7.785s] -- Up-to-date: /home/schni2zle/colcon_ws/src/install/sam_msgs/include/sam_msgs/sam_msgs/msg/detail/circuit_status__traits.hpp
[7.789s] -- Up-to-date: /home/schni2zle/colcon_ws/src/install/sam_msgs/include/sam_msgs/sam_msgs/msg/detail/light_command__builder.hpp
[7.790s] -- Up-to-date: /home/schni2zle/colcon_ws/src/install/sam_msgs/include/sam_msgs/sam_msgs/msg/detail/circuit_status__builder.hpp
[7.790s] -- Up-to-date: /home/schni2zle/colcon_ws/src/install/sam_msgs/include/sam_msgs/sam_msgs/msg/detail/links__struct.hpp
[7.791s] -- Up-to-date: /home/schni2zle/colcon_ws/src/install/sam_msgs/include/sam_msgs/sam_msgs/msg/detail/command__builder.hpp
[7.791s] -- Up-to-date: /home/schni2zle/colcon_ws/src/install/sam_msgs/include/sam_msgs/sam_msgs/msg/detail/consumed_charge_array__struct.hpp
[7.791s] -- Up-to-date: /home/schni2zle/colcon_ws/src/install/sam_msgs/include/sam_msgs/sam_msgs/msg/detail/leak__struct.hpp
[7.812s] -- Up-to-date: /home/schni2zle/colcon_ws/src/install/sam_msgs/include/sam_msgs/sam_msgs/msg/detail/light_command_array__struct.hpp
[7.812s] -- Up-to-date: /home/schni2zle/colcon_ws/src/install/sam_msgs/include/sam_msgs/sam_msgs/msg/detail/percent_stamped__traits.hpp
[7.815s] -- Up-to-date: /home/schni2zle/colcon_ws/src/install/sam_msgs/include/sam_msgs/sam_msgs/msg/detail/circuit_status_stamped__struct.hpp
[7.815s] -- Up-to-date: /home/schni2zle/colcon_ws/src/install/sam_msgs/include/sam_msgs/sam_msgs/msg/detail/circuit_status_stamped__traits.hpp
[7.815s] -- Up-to-date: /home/schni2zle/colcon_ws/src/install/sam_msgs/include/sam_msgs/sam_msgs/msg/detail/ballast_angles__traits.hpp
[7.815s] -- Up-to-date: /home/schni2zle/colcon_ws/src/install/sam_msgs/include/sam_msgs/sam_msgs/msg/detail/ctp__builder.hpp
[7.815s] -- Up-to-date: /home/schni2zle/colcon_ws/src/install/sam_msgs/include/sam_msgs/sam_msgs/msg/detail/consumed_charge__traits.hpp
[7.816s] -- Up-to-date: /home/schni2zle/colcon_ws/src/install/sam_msgs/include/sam_msgs/sam_msgs/msg/detail/thruster_angles__struct.hpp
[7.816s] -- Up-to-date: /home/schni2zle/colcon_ws/src/install/sam_msgs/include/sam_msgs/sam_msgs/msg/detail/consumed_charge__builder.hpp
[7.816s] -- Up-to-date: /home/schni2zle/colcon_ws/src/install/sam_msgs/include/sam_msgs/sam_msgs/msg/detail/consumed_charge__struct.hpp
[7.816s] -- Up-to-date: /home/schni2zle/colcon_ws/src/install/sam_msgs/include/sam_msgs/sam_msgs/msg/detail/thruster_angles__traits.hpp
[7.818s] -- Up-to-date: /home/schni2zle/colcon_ws/src/install/sam_msgs/include/sam_msgs/sam_msgs/msg/detail/circuit_status_stamped_array__struct.hpp
[7.819s] -- Up-to-date: /home/schni2zle/colcon_ws/src/install/sam_msgs/include/sam_msgs/sam_msgs/msg/detail/thruster_angles__builder.hpp
[7.820s] -- Up-to-date: /home/schni2zle/colcon_ws/src/install/sam_msgs/include/sam_msgs/sam_msgs/msg/detail/circuit_status__struct.hpp
[7.821s] -- Up-to-date: /home/schni2zle/colcon_ws/src/install/sam_msgs/include/sam_msgs/sam_msgs/msg/detail/circuit_status_stamped_array__traits.hpp
[7.822s] -- Up-to-date: /home/schni2zle/colcon_ws/src/install/sam_msgs/include/sam_msgs/sam_msgs/msg/detail/uavcan_node_status_named_array__builder.hpp
[7.823s] -- Up-to-date: /home/schni2zle/colcon_ws/src/install/sam_msgs/include/sam_msgs/sam_msgs/msg/detail/array_command__builder.hpp
[7.824s] -- Up-to-date: /home/schni2zle/colcon_ws/src/install/sam_msgs/include/sam_msgs/sam_msgs/msg/detail/leak__builder.hpp
[7.827s] -- Up-to-date: /home/schni2zle/colcon_ws/src/install/sam_msgs/include/sam_msgs/sam_msgs/msg/detail/leak__traits.hpp
[7.827s] -- Up-to-date: /home/schni2zle/colcon_ws/src/install/sam_msgs/include/sam_msgs/sam_msgs/msg/detail/consumed_charge_array__traits.hpp
[7.828s] -- Up-to-date: /home/schni2zle/colcon_ws/src/install/sam_msgs/include/sam_msgs/sam_msgs/msg/detail/uavcan_node_status_named_array__traits.hpp
[7.828s] -- Up-to-date: /home/schni2zle/colcon_ws/src/install/sam_msgs/include/sam_msgs/sam_msgs/msg/detail/array_command__traits.hpp
[7.830s] -- Up-to-date: /home/schni2zle/colcon_ws/src/install/sam_msgs/include/sam_msgs/sam_msgs/msg/detail/circuit_status_stamped__builder.hpp
[7.830s] -- Up-to-date: /home/schni2zle/colcon_ws/src/install/sam_msgs/include/sam_msgs/sam_msgs/msg/detail/circuit_status_stamped_array__builder.hpp
[7.830s] -- Up-to-date: /home/schni2zle/colcon_ws/src/install/sam_msgs/include/sam_msgs/sam_msgs/msg/detail/uavcan_node_status_named__traits.hpp
[7.833s] -- Up-to-date: /home/schni2zle/colcon_ws/src/install/sam_msgs/include/sam_msgs/sam_msgs/msg/detail/ballast_angles__struct.hpp
[7.833s] -- Up-to-date: /home/schni2zle/colcon_ws/src/install/sam_msgs/include/sam_msgs/sam_msgs/msg/consumed_charge_feedback.hpp
[7.833s] -- Up-to-date: /home/schni2zle/colcon_ws/src/install/sam_msgs/include/sam_msgs/sam_msgs/msg/command.hpp
[7.833s] -- Up-to-date: /home/schni2zle/colcon_ws/src/install/sam_msgs/include/sam_msgs/sam_msgs/msg/uavcan_node_status.hpp
[7.833s] -- Up-to-date: /home/schni2zle/colcon_ws/src/install/sam_msgs/include/sam_msgs/sam_msgs/msg/uavcan_node_status_named.hpp
[7.834s] -- Up-to-date: /home/schni2zle/colcon_ws/src/install/sam_msgs/include/sam_msgs/sam_msgs/msg/uavcan_node_status_named_array.hpp
[7.834s] -- Up-to-date: /home/schni2zle/colcon_ws/src/install/sam_msgs/include/sam_msgs/sam_msgs/msg/circuit_status_stamped.hpp
[7.834s] -- Up-to-date: /home/schni2zle/colcon_ws/src/install/sam_msgs/include/sam_msgs/sam_msgs/msg/ctp.hpp
[7.834s] -- Up-to-date: /home/schni2zle/colcon_ws/src/install/sam_msgs/include/sam_msgs/sam_msgs/msg/topics.hpp
[7.834s] -- Up-to-date: /home/schni2zle/colcon_ws/src/install/sam_msgs/include/sam_msgs/sam_msgs/msg/light_command.hpp
[7.835s] -- Up-to-date: /home/schni2zle/colcon_ws/src/install/sam_msgs/include/sam_msgs/sam_msgs/msg/links.hpp
[7.835s] -- Up-to-date: /home/schni2zle/colcon_ws/src/install/sam_msgs/include/sam_msgs/sam_msgs/srv
[7.835s] -- Up-to-date: /home/schni2zle/colcon_ws/src/install/sam_msgs/include/sam_msgs/sam_msgs/srv/uavcan_update_battery.hpp
[7.835s] -- Up-to-date: /home/schni2zle/colcon_ws/src/install/sam_msgs/include/sam_msgs/sam_msgs/srv/detail
[7.843s] -- Up-to-date: /home/schni2zle/colcon_ws/src/install/sam_msgs/include/sam_msgs/sam_msgs/srv/detail/uavcan_update_battery__builder.hpp
[7.843s] -- Up-to-date: /home/schni2zle/colcon_ws/src/install/sam_msgs/include/sam_msgs/sam_msgs/srv/detail/uavcan_update_battery__struct.hpp
[7.843s] -- Up-to-date: /home/schni2zle/colcon_ws/src/install/sam_msgs/include/sam_msgs/sam_msgs/srv/detail/uavcan_update_battery__traits.hpp
[7.843s] -- Up-to-date: /home/schni2zle/colcon_ws/src/install/sam_msgs/include/sam_msgs/sam_msgs
[7.844s] -- Up-to-date: /home/schni2zle/colcon_ws/src/install/sam_msgs/include/sam_msgs/sam_msgs/msg
[7.844s] -- Up-to-date: /home/schni2zle/colcon_ws/src/install/sam_msgs/include/sam_msgs/sam_msgs/msg/rosidl_typesupport_fastrtps_cpp__visibility_control.h
[7.844s] -- Up-to-date: /home/schni2zle/colcon_ws/src/install/sam_msgs/include/sam_msgs/sam_msgs/msg/detail
[7.844s] -- Up-to-date: /home/schni2zle/colcon_ws/src/install/sam_msgs/include/sam_msgs/sam_msgs/msg/detail/light_command_array__rosidl_typesupport_fastrtps_cpp.hpp
[7.844s] -- Up-to-date: /home/schni2zle/colcon_ws/src/install/sam_msgs/include/sam_msgs/sam_msgs/msg/detail/light_command__rosidl_typesupport_fastrtps_cpp.hpp
[7.845s] -- Up-to-date: /home/schni2zle/colcon_ws/src/install/sam_msgs/include/sam_msgs/sam_msgs/msg/detail/circuit_status__rosidl_typesupport_fastrtps_cpp.hpp
[7.845s] -- Up-to-date: /home/schni2zle/colcon_ws/src/install/sam_msgs/include/sam_msgs/sam_msgs/msg/detail/topics__rosidl_typesupport_fastrtps_cpp.hpp
[7.845s] -- Up-to-date: /home/schni2zle/colcon_ws/src/install/sam_msgs/include/sam_msgs/sam_msgs/msg/detail/uavcan_node_status__rosidl_typesupport_fastrtps_cpp.hpp
[7.845s] -- Up-to-date: /home/schni2zle/colcon_ws/src/install/sam_msgs/include/sam_msgs/sam_msgs/msg/detail/consumed_charge_feedback__rosidl_typesupport_fastrtps_cpp.hpp
[7.845s] -- Up-to-date: /home/schni2zle/colcon_ws/src/install/sam_msgs/include/sam_msgs/sam_msgs/msg/detail/command__rosidl_typesupport_fastrtps_cpp.hpp
[7.846s] -- Up-to-date: /home/schni2zle/colcon_ws/src/install/sam_msgs/include/sam_msgs/sam_msgs/msg/detail/uavcan_node_status_named_array__rosidl_typesupport_fastrtps_cpp.hpp
[7.846s] -- Up-to-date: /home/schni2zle/colcon_ws/src/install/sam_msgs/include/sam_msgs/sam_msgs/msg/detail/ctp__rosidl_typesupport_fastrtps_cpp.hpp
[7.847s] -- Up-to-date: /home/schni2zle/colcon_ws/src/install/sam_msgs/include/sam_msgs/sam_msgs/msg/detail/consumed_charge__rosidl_typesupport_fastrtps_cpp.hpp
[7.848s] -- Up-to-date: /home/schni2zle/colcon_ws/src/install/sam_msgs/include/sam_msgs/sam_msgs/msg/detail/thruster_rp_ms__rosidl_typesupport_fastrtps_cpp.hpp
[7.848s] -- Up-to-date: /home/schni2zle/colcon_ws/src/install/sam_msgs/include/sam_msgs/sam_msgs/msg/detail/thruster_angles__rosidl_typesupport_fastrtps_cpp.hpp
[7.848s] -- Up-to-date: /home/schni2zle/colcon_ws/src/install/sam_msgs/include/sam_msgs/sam_msgs/msg/detail/links__rosidl_typesupport_fastrtps_cpp.hpp
[7.848s] -- Up-to-date: /home/schni2zle/colcon_ws/src/install/sam_msgs/include/sam_msgs/sam_msgs/msg/detail/consumed_charge_array__rosidl_typesupport_fastrtps_cpp.hpp
[7.849s] -- Up-to-date: /home/schni2zle/colcon_ws/src/install/sam_msgs/include/sam_msgs/sam_msgs/msg/detail/dds_fastrtps
[7.849s] -- Up-to-date: /home/schni2zle/colcon_ws/src/install/sam_msgs/include/sam_msgs/sam_msgs/msg/detail/circuit_status_stamped__rosidl_typesupport_fastrtps_cpp.hpp
[7.849s] -- Up-to-date: /home/schni2zle/colcon_ws/src/install/sam_msgs/include/sam_msgs/sam_msgs/msg/detail/percent_stamped__rosidl_typesupport_fastrtps_cpp.hpp
[7.849s] -- Up-to-date: /home/schni2zle/colcon_ws/src/install/sam_msgs/include/sam_msgs/sam_msgs/msg/detail/array_command__rosidl_typesupport_fastrtps_cpp.hpp
[7.849s] -- Up-to-date: /home/schni2zle/colcon_ws/src/install/sam_msgs/include/sam_msgs/sam_msgs/msg/detail/uavcan_node_status_named__rosidl_typesupport_fastrtps_cpp.hpp
[7.850s] -- Up-to-date: /home/schni2zle/colcon_ws/src/install/sam_msgs/include/sam_msgs/sam_msgs/msg/detail/leak__rosidl_typesupport_fastrtps_cpp.hpp
[7.850s] -- Up-to-date: /home/schni2zle/colcon_ws/src/install/sam_msgs/include/sam_msgs/sam_msgs/msg/detail/circuit_status_stamped_array__rosidl_typesupport_fastrtps_cpp.hpp
[7.850s] -- Up-to-date: /home/schni2zle/colcon_ws/src/install/sam_msgs/include/sam_msgs/sam_msgs/msg/detail/ballast_angles__rosidl_typesupport_fastrtps_cpp.hpp
[7.850s] -- Up-to-date: /home/schni2zle/colcon_ws/src/install/sam_msgs/include/sam_msgs/sam_msgs/srv
[7.850s] -- Up-to-date: /home/schni2zle/colcon_ws/src/install/sam_msgs/include/sam_msgs/sam_msgs/srv/detail
[7.851s] -- Up-to-date: /home/schni2zle/colcon_ws/src/install/sam_msgs/include/sam_msgs/sam_msgs/srv/detail/dds_fastrtps
[7.851s] -- Up-to-date: /home/schni2zle/colcon_ws/src/install/sam_msgs/include/sam_msgs/sam_msgs/srv/detail/uavcan_update_battery__rosidl_typesupport_fastrtps_cpp.hpp
[7.851s] -- Up-to-date: /home/schni2zle/colcon_ws/src/install/sam_msgs/lib/libsam_msgs__rosidl_typesupport_fastrtps_cpp.so
[7.851s] -- Up-to-date: /home/schni2zle/colcon_ws/src/install/sam_msgs/include/sam_msgs/sam_msgs
[7.852s] -- Up-to-date: /home/schni2zle/colcon_ws/src/install/sam_msgs/include/sam_msgs/sam_msgs/msg
[7.852s] -- Up-to-date: /home/schni2zle/colcon_ws/src/install/sam_msgs/include/sam_msgs/sam_msgs/msg/detail
[7.852s] -- Up-to-date: /home/schni2zle/colcon_ws/src/install/sam_msgs/include/sam_msgs/sam_msgs/msg/detail/thruster_angles__rosidl_typesupport_introspection_cpp.hpp
[7.852s] -- Up-to-date: /home/schni2zle/colcon_ws/src/install/sam_msgs/include/sam_msgs/sam_msgs/msg/detail/ballast_angles__type_support.cpp
[7.852s] -- Up-to-date: /home/schni2zle/colcon_ws/src/install/sam_msgs/include/sam_msgs/sam_msgs/msg/detail/thruster_rp_ms__type_support.cpp
[7.853s] -- Up-to-date: /home/schni2zle/colcon_ws/src/install/sam_msgs/include/sam_msgs/sam_msgs/msg/detail/circuit_status_stamped_array__rosidl_typesupport_introspection_cpp.hpp
[7.853s] -- Up-to-date: /home/schni2zle/colcon_ws/src/install/sam_msgs/include/sam_msgs/sam_msgs/msg/detail/links__type_support.cpp
[7.853s] -- Up-to-date: /home/schni2zle/colcon_ws/src/install/sam_msgs/include/sam_msgs/sam_msgs/msg/detail/light_command__type_support.cpp
[7.854s] -- Up-to-date: /home/schni2zle/colcon_ws/src/install/sam_msgs/include/sam_msgs/sam_msgs/msg/detail/circuit_status__type_support.cpp
[7.855s] -- Up-to-date: /home/schni2zle/colcon_ws/src/install/sam_msgs/include/sam_msgs/sam_msgs/msg/detail/circuit_status_stamped__rosidl_typesupport_introspection_cpp.hpp
[7.855s] -- Up-to-date: /home/schni2zle/colcon_ws/src/install/sam_msgs/include/sam_msgs/sam_msgs/msg/detail/topics__type_support.cpp
[7.856s] -- Up-to-date: /home/schni2zle/colcon_ws/src/install/sam_msgs/include/sam_msgs/sam_msgs/msg/detail/consumed_charge_feedback__rosidl_typesupport_introspection_cpp.hpp
[7.856s] -- Up-to-date: /home/schni2zle/colcon_ws/src/install/sam_msgs/include/sam_msgs/sam_msgs/msg/detail/consumed_charge_array__type_support.cpp
[7.856s] -- Up-to-date: /home/schni2zle/colcon_ws/src/install/sam_msgs/include/sam_msgs/sam_msgs/msg/detail/uavcan_node_status_named_array__rosidl_typesupport_introspection_cpp.hpp
[7.856s] -- Up-to-date: /home/schni2zle/colcon_ws/src/install/sam_msgs/include/sam_msgs/sam_msgs/msg/detail/command__rosidl_typesupport_introspection_cpp.hpp
[7.857s] -- Up-to-date: /home/schni2zle/colcon_ws/src/install/sam_msgs/include/sam_msgs/sam_msgs/msg/detail/consumed_charge__type_support.cpp
[7.857s] -- Up-to-date: /home/schni2zle/colcon_ws/src/install/sam_msgs/include/sam_msgs/sam_msgs/msg/detail/links__rosidl_typesupport_introspection_cpp.hpp
[7.857s] -- Up-to-date: /home/schni2zle/colcon_ws/src/install/sam_msgs/include/sam_msgs/sam_msgs/msg/detail/circuit_status__rosidl_typesupport_introspection_cpp.hpp
[7.857s] -- Up-to-date: /home/schni2zle/colcon_ws/src/install/sam_msgs/include/sam_msgs/sam_msgs/msg/detail/percent_stamped__type_support.cpp
[7.870s] -- Up-to-date: /home/schni2zle/colcon_ws/src/install/sam_msgs/include/sam_msgs/sam_msgs/msg/detail/circuit_status_stamped_array__type_support.cpp
[7.871s] -- Up-to-date: /home/schni2zle/colcon_ws/src/install/sam_msgs/include/sam_msgs/sam_msgs/msg/detail/light_command_array__type_support.cpp
[7.872s] -- Up-to-date: /home/schni2zle/colcon_ws/src/install/sam_msgs/include/sam_msgs/sam_msgs/msg/detail/ballast_angles__rosidl_typesupport_introspection_cpp.hpp
[7.872s] -- Up-to-date: /home/schni2zle/colcon_ws/src/install/sam_msgs/include/sam_msgs/sam_msgs/msg/detail/consumed_charge__rosidl_typesupport_introspection_cpp.hpp
[7.872s] -- Up-to-date: /home/schni2zle/colcon_ws/src/install/sam_msgs/include/sam_msgs/sam_msgs/msg/detail/ctp__type_support.cpp
[7.873s] -- Up-to-date: /home/schni2zle/colcon_ws/src/install/sam_msgs/include/sam_msgs/sam_msgs/msg/detail/consumed_charge_array__rosidl_typesupport_introspection_cpp.hpp
[7.873s] -- Up-to-date: /home/schni2zle/colcon_ws/src/install/sam_msgs/include/sam_msgs/sam_msgs/msg/detail/light_command__rosidl_typesupport_introspection_cpp.hpp
[7.873s] -- Up-to-date: /home/schni2zle/colcon_ws/src/install/sam_msgs/include/sam_msgs/sam_msgs/msg/detail/uavcan_node_status__rosidl_typesupport_introspection_cpp.hpp
[7.873s] -- Up-to-date: /home/schni2zle/colcon_ws/src/install/sam_msgs/include/sam_msgs/sam_msgs/msg/detail/command__type_support.cpp
[7.873s] -- Up-to-date: /home/schni2zle/colcon_ws/src/install/sam_msgs/include/sam_msgs/sam_msgs/msg/detail/uavcan_node_status_named__rosidl_typesupport_introspection_cpp.hpp
[7.874s] -- Up-to-date: /home/schni2zle/colcon_ws/src/install/sam_msgs/include/sam_msgs/sam_msgs/msg/detail/thruster_angles__type_support.cpp
[7.874s] -- Up-to-date: /home/schni2zle/colcon_ws/src/install/sam_msgs/include/sam_msgs/sam_msgs/msg/detail/leak__rosidl_typesupport_introspection_cpp.hpp
[7.874s] -- Up-to-date: /home/schni2zle/colcon_ws/src/install/sam_msgs/include/sam_msgs/sam_msgs/msg/detail/circuit_status_stamped__type_support.cpp
[7.876s] -- Up-to-date: /home/schni2zle/colcon_ws/src/install/sam_msgs/include/sam_msgs/sam_msgs/msg/detail/array_command__rosidl_typesupport_introspection_cpp.hpp
[7.876s] -- Up-to-date: /home/schni2zle/colcon_ws/src/install/sam_msgs/include/sam_msgs/sam_msgs/msg/detail/uavcan_node_status_named_array__type_support.cpp
[7.876s] -- Up-to-date: /home/schni2zle/colcon_ws/src/install/sam_msgs/include/sam_msgs/sam_msgs/msg/detail/consumed_charge_feedback__type_support.cpp
[7.877s] -- Up-to-date: /home/schni2zle/colcon_ws/src/install/sam_msgs/include/sam_msgs/sam_msgs/msg/detail/ctp__rosidl_typesupport_introspection_cpp.hpp
[7.877s] -- Up-to-date: /home/schni2zle/colcon_ws/src/install/sam_msgs/include/sam_msgs/sam_msgs/msg/detail/uavcan_node_status_named__type_support.cpp
[7.877s] -- Up-to-date: /home/schni2zle/colcon_ws/src/install/sam_msgs/include/sam_msgs/sam_msgs/msg/detail/topics__rosidl_typesupport_introspection_cpp.hpp
[7.877s] -- Up-to-date: /home/schni2zle/colcon_ws/src/install/sam_msgs/include/sam_msgs/sam_msgs/msg/detail/percent_stamped__rosidl_typesupport_introspection_cpp.hpp
[7.877s] -- Up-to-date: /home/schni2zle/colcon_ws/src/install/sam_msgs/include/sam_msgs/sam_msgs/msg/detail/array_command__type_support.cpp
[7.878s] -- Up-to-date: /home/schni2zle/colcon_ws/src/install/sam_msgs/include/sam_msgs/sam_msgs/msg/detail/leak__type_support.cpp
[7.879s] -- Up-to-date: /home/schni2zle/colcon_ws/src/install/sam_msgs/include/sam_msgs/sam_msgs/msg/detail/light_command_array__rosidl_typesupport_introspection_cpp.hpp
[7.879s] -- Up-to-date: /home/schni2zle/colcon_ws/src/install/sam_msgs/include/sam_msgs/sam_msgs/msg/detail/thruster_rp_ms__rosidl_typesupport_introspection_cpp.hpp
[7.880s] -- Up-to-date: /home/schni2zle/colcon_ws/src/install/sam_msgs/include/sam_msgs/sam_msgs/msg/detail/uavcan_node_status__type_support.cpp
[7.883s] -- Up-to-date: /home/schni2zle/colcon_ws/src/install/sam_msgs/include/sam_msgs/sam_msgs/srv
[7.884s] -- Up-to-date: /home/schni2zle/colcon_ws/src/install/sam_msgs/include/sam_msgs/sam_msgs/srv/detail
[7.884s] -- Up-to-date: /home/schni2zle/colcon_ws/src/install/sam_msgs/include/sam_msgs/sam_msgs/srv/detail/uavcan_update_battery__rosidl_typesupport_introspection_cpp.hpp
[7.884s] -- Up-to-date: /home/schni2zle/colcon_ws/src/install/sam_msgs/include/sam_msgs/sam_msgs/srv/detail/uavcan_update_battery__type_support.cpp
[7.935s] -- Up-to-date: /home/schni2zle/colcon_ws/src/install/sam_msgs/lib/libsam_msgs__rosidl_typesupport_introspection_cpp.so
[7.936s] -- Up-to-date: /home/schni2zle/colcon_ws/src/install/sam_msgs/lib/libsam_msgs__rosidl_typesupport_cpp.so
[7.936s] -- Up-to-date: /home/schni2zle/colcon_ws/src/install/sam_msgs/share/sam_msgs/environment/pythonpath.sh
[7.936s] -- Up-to-date: /home/schni2zle/colcon_ws/src/install/sam_msgs/share/sam_msgs/environment/pythonpath.dsv
[7.936s] -- Up-to-date: /home/schni2zle/colcon_ws/src/install/sam_msgs/local/lib/python3.10/dist-packages/sam_msgs-0.1.0-py3.10.egg-info
[7.936s] -- Installing: /home/schni2zle/colcon_ws/src/install/sam_msgs/local/lib/python3.10/dist-packages/sam_msgs-0.1.0-py3.10.egg-info/PKG-INFO
[7.937s] -- Installing: /home/schni2zle/colcon_ws/src/install/sam_msgs/local/lib/python3.10/dist-packages/sam_msgs-0.1.0-py3.10.egg-info/SOURCES.txt
[7.937s] -- Installing: /home/schni2zle/colcon_ws/src/install/sam_msgs/local/lib/python3.10/dist-packages/sam_msgs-0.1.0-py3.10.egg-info/top_level.txt
[7.941s] -- Installing: /home/schni2zle/colcon_ws/src/install/sam_msgs/local/lib/python3.10/dist-packages/sam_msgs-0.1.0-py3.10.egg-info/dependency_links.txt
[7.942s] -- Up-to-date: /home/schni2zle/colcon_ws/src/install/sam_msgs/local/lib/python3.10/dist-packages/sam_msgs
[7.942s] -- Up-to-date: /home/schni2zle/colcon_ws/src/install/sam_msgs/local/lib/python3.10/dist-packages/sam_msgs/libsam_msgs__rosidl_generator_py.so
[7.944s] -- Up-to-date: /home/schni2zle/colcon_ws/src/install/sam_msgs/local/lib/python3.10/dist-packages/sam_msgs/msg
[7.945s] -- Up-to-date: /home/schni2zle/colcon_ws/src/install/sam_msgs/local/lib/python3.10/dist-packages/sam_msgs/msg/_command.py
[7.945s] -- Up-to-date: /home/schni2zle/colcon_ws/src/install/sam_msgs/local/lib/python3.10/dist-packages/sam_msgs/msg/_leak.py
[7.948s] -- Up-to-date: /home/schni2zle/colcon_ws/src/install/sam_msgs/local/lib/python3.10/dist-packages/sam_msgs/msg/_consumed_charge_s.c
[7.948s] -- Up-to-date: /home/schni2zle/colcon_ws/src/install/sam_msgs/local/lib/python3.10/dist-packages/sam_msgs/msg/_uavcan_node_status_named_array_s.c
[7.948s] -- Up-to-date: /home/schni2zle/colcon_ws/src/install/sam_msgs/local/lib/python3.10/dist-packages/sam_msgs/msg/_circuit_status_s.c
[7.948s] -- Up-to-date: /home/schni2zle/colcon_ws/src/install/sam_msgs/local/lib/python3.10/dist-packages/sam_msgs/msg/_array_command.py
[7.949s] -- Up-to-date: /home/schni2zle/colcon_ws/src/install/sam_msgs/local/lib/python3.10/dist-packages/sam_msgs/msg/_circuit_status_stamped_array.py
[7.949s] -- Up-to-date: /home/schni2zle/colcon_ws/src/install/sam_msgs/local/lib/python3.10/dist-packages/sam_msgs/msg/_consumed_charge_array.py
[7.949s] -- Up-to-date: /home/schni2zle/colcon_ws/src/install/sam_msgs/local/lib/python3.10/dist-packages/sam_msgs/msg/_ballast_angles_s.c
[7.950s] -- Up-to-date: /home/schni2zle/colcon_ws/src/install/sam_msgs/local/lib/python3.10/dist-packages/sam_msgs/msg/_consumed_charge.py
[7.950s] -- Up-to-date: /home/schni2zle/colcon_ws/src/install/sam_msgs/local/lib/python3.10/dist-packages/sam_msgs/msg/_circuit_status.py
[7.950s] -- Up-to-date: /home/schni2zle/colcon_ws/src/install/sam_msgs/local/lib/python3.10/dist-packages/sam_msgs/msg/_thruster_rp_ms.py
[7.950s] -- Up-to-date: /home/schni2zle/colcon_ws/src/install/sam_msgs/local/lib/python3.10/dist-packages/sam_msgs/msg/_circuit_status_stamped_array_s.c
[7.957s] -- Up-to-date: /home/schni2zle/colcon_ws/src/install/sam_msgs/local/lib/python3.10/dist-packages/sam_msgs/msg/_topics_s.c
[7.958s] -- Up-to-date: /home/schni2zle/colcon_ws/src/install/sam_msgs/local/lib/python3.10/dist-packages/sam_msgs/msg/_consumed_charge_feedback.py
[7.958s] -- Up-to-date: /home/schni2zle/colcon_ws/src/install/sam_msgs/local/lib/python3.10/dist-packages/sam_msgs/msg/_uavcan_node_status_s.c
[7.958s] -- Up-to-date: /home/schni2zle/colcon_ws/src/install/sam_msgs/local/lib/python3.10/dist-packages/sam_msgs/msg/_uavcan_node_status.py
[7.958s] -- Up-to-date: /home/schni2zle/colcon_ws/src/install/sam_msgs/local/lib/python3.10/dist-packages/sam_msgs/msg/_links_s.c
[7.959s] -- Up-to-date: /home/schni2zle/colcon_ws/src/install/sam_msgs/local/lib/python3.10/dist-packages/sam_msgs/msg/_light_command_array.py
[7.959s] -- Up-to-date: /home/schni2zle/colcon_ws/src/install/sam_msgs/local/lib/python3.10/dist-packages/sam_msgs/msg/_circuit_status_stamped_s.c
[7.959s] -- Up-to-date: /home/schni2zle/colcon_ws/src/install/sam_msgs/local/lib/python3.10/dist-packages/sam_msgs/msg/_percent_stamped_s.c
[7.959s] -- Up-to-date: /home/schni2zle/colcon_ws/src/install/sam_msgs/local/lib/python3.10/dist-packages/sam_msgs/msg/_leak_s.c
[7.960s] -- Up-to-date: /home/schni2zle/colcon_ws/src/install/sam_msgs/local/lib/python3.10/dist-packages/sam_msgs/msg/_ctp_s.c
[7.960s] -- Up-to-date: /home/schni2zle/colcon_ws/src/install/sam_msgs/local/lib/python3.10/dist-packages/sam_msgs/msg/_light_command_s.c
[7.961s] -- Up-to-date: /home/schni2zle/colcon_ws/src/install/sam_msgs/local/lib/python3.10/dist-packages/sam_msgs/msg/_consumed_charge_feedback_s.c
[7.961s] -- Up-to-date: /home/schni2zle/colcon_ws/src/install/sam_msgs/local/lib/python3.10/dist-packages/sam_msgs/msg/_ballast_angles.py
[7.961s] -- Up-to-date: /home/schni2zle/colcon_ws/src/install/sam_msgs/local/lib/python3.10/dist-packages/sam_msgs/msg/_topics.py
[7.970s] -- Up-to-date: /home/schni2zle/colcon_ws/src/install/sam_msgs/local/lib/python3.10/dist-packages/sam_msgs/msg/_thruster_angles_s.c
[7.970s] -- Up-to-date: /home/schni2zle/colcon_ws/src/install/sam_msgs/local/lib/python3.10/dist-packages/sam_msgs/msg/_consumed_charge_array_s.c
[7.971s] -- Up-to-date: /home/schni2zle/colcon_ws/src/install/sam_msgs/local/lib/python3.10/dist-packages/sam_msgs/msg/__init__.py
[7.971s] -- Up-to-date: /home/schni2zle/colcon_ws/src/install/sam_msgs/local/lib/python3.10/dist-packages/sam_msgs/msg/_thruster_angles.py
[7.972s] -- Up-to-date: /home/schni2zle/colcon_ws/src/install/sam_msgs/local/lib/python3.10/dist-packages/sam_msgs/msg/_circuit_status_stamped.py
[7.972s] -- Up-to-date: /home/schni2zle/colcon_ws/src/install/sam_msgs/local/lib/python3.10/dist-packages/sam_msgs/msg/_command_s.c
[7.973s] -- Up-to-date: /home/schni2zle/colcon_ws/src/install/sam_msgs/local/lib/python3.10/dist-packages/sam_msgs/msg/_light_command.py
[7.973s] -- Up-to-date: /home/schni2zle/colcon_ws/src/install/sam_msgs/local/lib/python3.10/dist-packages/sam_msgs/msg/_uavcan_node_status_named_array.py
[7.973s] -- Up-to-date: /home/schni2zle/colcon_ws/src/install/sam_msgs/local/lib/python3.10/dist-packages/sam_msgs/msg/_uavcan_node_status_named_s.c
[7.973s] -- Up-to-date: /home/schni2zle/colcon_ws/src/install/sam_msgs/local/lib/python3.10/dist-packages/sam_msgs/msg/_light_command_array_s.c
[7.977s] -- Up-to-date: /home/schni2zle/colcon_ws/src/install/sam_msgs/local/lib/python3.10/dist-packages/sam_msgs/msg/_thruster_rp_ms_s.c
[7.978s] -- Up-to-date: /home/schni2zle/colcon_ws/src/install/sam_msgs/local/lib/python3.10/dist-packages/sam_msgs/msg/_uavcan_node_status_named.py
[7.978s] -- Up-to-date: /home/schni2zle/colcon_ws/src/install/sam_msgs/local/lib/python3.10/dist-packages/sam_msgs/msg/_array_command_s.c
[7.978s] -- Up-to-date: /home/schni2zle/colcon_ws/src/install/sam_msgs/local/lib/python3.10/dist-packages/sam_msgs/msg/_links.py
[7.978s] -- Up-to-date: /home/schni2zle/colcon_ws/src/install/sam_msgs/local/lib/python3.10/dist-packages/sam_msgs/msg/_ctp.py
[7.979s] -- Up-to-date: /home/schni2zle/colcon_ws/src/install/sam_msgs/local/lib/python3.10/dist-packages/sam_msgs/msg/_percent_stamped.py
[7.979s] -- Up-to-date: /home/schni2zle/colcon_ws/src/install/sam_msgs/local/lib/python3.10/dist-packages/sam_msgs/_sam_msgs_s.ep.rosidl_typesupport_fastrtps_c.c
[7.979s] -- Up-to-date: /home/schni2zle/colcon_ws/src/install/sam_msgs/local/lib/python3.10/dist-packages/sam_msgs/srv
[7.979s] -- Up-to-date: /home/schni2zle/colcon_ws/src/install/sam_msgs/local/lib/python3.10/dist-packages/sam_msgs/srv/__init__.py
[7.980s] -- Up-to-date: /home/schni2zle/colcon_ws/src/install/sam_msgs/local/lib/python3.10/dist-packages/sam_msgs/srv/_uavcan_update_battery.py
[7.980s] -- Up-to-date: /home/schni2zle/colcon_ws/src/install/sam_msgs/local/lib/python3.10/dist-packages/sam_msgs/srv/_uavcan_update_battery_s.c
[7.980s] -- Up-to-date: /home/schni2zle/colcon_ws/src/install/sam_msgs/local/lib/python3.10/dist-packages/sam_msgs/_sam_msgs_s.ep.rosidl_typesupport_introspection_c.c
[7.980s] -- Up-to-date: /home/schni2zle/colcon_ws/src/install/sam_msgs/local/lib/python3.10/dist-packages/sam_msgs/_sam_msgs_s.ep.rosidl_typesupport_c.c
[7.980s] -- Up-to-date: /home/schni2zle/colcon_ws/src/install/sam_msgs/local/lib/python3.10/dist-packages/sam_msgs/__init__.py
[7.983s] -- Up-to-date: /home/schni2zle/colcon_ws/src/install/sam_msgs/local/lib/python3.10/dist-packages/sam_msgs/sam_msgs_s__rosidl_typesupport_c.cpython-310-x86_64-linux-gnu.so
[7.983s] -- Up-to-date: /home/schni2zle/colcon_ws/src/install/sam_msgs/local/lib/python3.10/dist-packages/sam_msgs/sam_msgs_s__rosidl_typesupport_introspection_c.cpython-310-x86_64-linux-gnu.so
[7.983s] -- Up-to-date: /home/schni2zle/colcon_ws/src/install/sam_msgs/local/lib/python3.10/dist-packages/sam_msgs/sam_msgs_s__rosidl_typesupport_fastrtps_c.cpython-310-x86_64-linux-gnu.so
[8.074s] Listing '/home/schni2zle/colcon_ws/src/install/sam_msgs/local/lib/python3.10/dist-packages/sam_msgs'...
[8.074s] Listing '/home/schni2zle/colcon_ws/src/install/sam_msgs/local/lib/python3.10/dist-packages/sam_msgs/msg'...
[8.074s] Listing '/home/schni2zle/colcon_ws/src/install/sam_msgs/local/lib/python3.10/dist-packages/sam_msgs/srv'...
[8.075s] -- Up-to-date: /home/schni2zle/colcon_ws/src/install/sam_msgs/local/lib/python3.10/dist-packages/sam_msgs/sam_msgs_s__rosidl_typesupport_fastrtps_c.cpython-310-x86_64-linux-gnu.so
[8.075s] -- Up-to-date: /home/schni2zle/colcon_ws/src/install/sam_msgs/local/lib/python3.10/dist-packages/sam_msgs/sam_msgs_s__rosidl_typesupport_introspection_c.cpython-310-x86_64-linux-gnu.so
[8.075s] -- Up-to-date: /home/schni2zle/colcon_ws/src/install/sam_msgs/local/lib/python3.10/dist-packages/sam_msgs/sam_msgs_s__rosidl_typesupport_c.cpython-310-x86_64-linux-gnu.so
[8.075s] -- Up-to-date: /home/schni2zle/colcon_ws/src/install/sam_msgs/lib/libsam_msgs__rosidl_generator_py.so
[8.079s] -- Up-to-date: /home/schni2zle/colcon_ws/src/install/sam_msgs/share/sam_msgs/msg/ArrayCommand.idl
[8.079s] -- Up-to-date: /home/schni2zle/colcon_ws/src/install/sam_msgs/share/sam_msgs/msg/BallastAngles.idl
[8.083s] -- Up-to-date: /home/schni2zle/colcon_ws/src/install/sam_msgs/share/sam_msgs/msg/CircuitStatus.idl
[8.084s] -- Up-to-date: /home/schni2zle/colcon_ws/src/install/sam_msgs/share/sam_msgs/msg/CircuitStatusStampedArray.idl
[8.084s] -- Up-to-date: /home/schni2zle/colcon_ws/src/install/sam_msgs/share/sam_msgs/msg/CircuitStatusStamped.idl
[8.084s] -- Up-to-date: /home/schni2zle/colcon_ws/src/install/sam_msgs/share/sam_msgs/msg/Command.idl
[8.084s] -- Up-to-date: /home/schni2zle/colcon_ws/src/install/sam_msgs/share/sam_msgs/msg/ConsumedChargeArray.idl
[8.085s] -- Up-to-date: /home/schni2zle/colcon_ws/src/install/sam_msgs/share/sam_msgs/msg/ConsumedChargeFeedback.idl
[8.085s] -- Up-to-date: /home/schni2zle/colcon_ws/src/install/sam_msgs/share/sam_msgs/msg/ConsumedCharge.idl
[8.085s] -- Up-to-date: /home/schni2zle/colcon_ws/src/install/sam_msgs/share/sam_msgs/msg/CTP.idl
[8.085s] -- Up-to-date: /home/schni2zle/colcon_ws/src/install/sam_msgs/share/sam_msgs/msg/Leak.idl
[8.086s] -- Up-to-date: /home/schni2zle/colcon_ws/src/install/sam_msgs/share/sam_msgs/msg/LightCommandArray.idl
[8.087s] -- Up-to-date: /home/schni2zle/colcon_ws/src/install/sam_msgs/share/sam_msgs/msg/LightCommand.idl
[8.087s] -- Up-to-date: /home/schni2zle/colcon_ws/src/install/sam_msgs/share/sam_msgs/msg/PercentStamped.idl
[8.090s] -- Up-to-date: /home/schni2zle/colcon_ws/src/install/sam_msgs/share/sam_msgs/msg/ThrusterAngles.idl
[8.090s] -- Up-to-date: /home/schni2zle/colcon_ws/src/install/sam_msgs/share/sam_msgs/msg/ThrusterRPMs.idl
[8.091s] -- Up-to-date: /home/schni2zle/colcon_ws/src/install/sam_msgs/share/sam_msgs/msg/UavcanNodeStatus.idl
[8.091s] -- Up-to-date: /home/schni2zle/colcon_ws/src/install/sam_msgs/share/sam_msgs/msg/UavcanNodeStatusNamedArray.idl
[8.091s] -- Up-to-date: /home/schni2zle/colcon_ws/src/install/sam_msgs/share/sam_msgs/msg/UavcanNodeStatusNamed.idl
[8.091s] -- Up-to-date: /home/schni2zle/colcon_ws/src/install/sam_msgs/share/sam_msgs/msg/Topics.idl
[8.092s] -- Up-to-date: /home/schni2zle/colcon_ws/src/install/sam_msgs/share/sam_msgs/msg/Links.idl
[8.092s] -- Up-to-date: /home/schni2zle/colcon_ws/src/install/sam_msgs/share/sam_msgs/srv/UavcanUpdateBattery.idl
[8.092s] -- Up-to-date: /home/schni2zle/colcon_ws/src/install/sam_msgs/share/sam_msgs/msg/ArrayCommand.msg
[8.092s] -- Up-to-date: /home/schni2zle/colcon_ws/src/install/sam_msgs/share/sam_msgs/msg/BallastAngles.msg
[8.093s] -- Up-to-date: /home/schni2zle/colcon_ws/src/install/sam_msgs/share/sam_msgs/msg/CircuitStatus.msg
[8.093s] -- Up-to-date: /home/schni2zle/colcon_ws/src/install/sam_msgs/share/sam_msgs/msg/CircuitStatusStampedArray.msg
[8.094s] -- Up-to-date: /home/schni2zle/colcon_ws/src/install/sam_msgs/share/sam_msgs/msg/CircuitStatusStamped.msg
[8.094s] -- Up-to-date: /home/schni2zle/colcon_ws/src/install/sam_msgs/share/sam_msgs/msg/Command.msg
[8.094s] -- Up-to-date: /home/schni2zle/colcon_ws/src/install/sam_msgs/share/sam_msgs/msg/ConsumedChargeArray.msg
[8.102s] -- Up-to-date: /home/schni2zle/colcon_ws/src/install/sam_msgs/share/sam_msgs/msg/ConsumedChargeFeedback.msg
[8.102s] -- Up-to-date: /home/schni2zle/colcon_ws/src/install/sam_msgs/share/sam_msgs/msg/ConsumedCharge.msg
[8.102s] -- Up-to-date: /home/schni2zle/colcon_ws/src/install/sam_msgs/share/sam_msgs/msg/CTP.msg
[8.102s] -- Up-to-date: /home/schni2zle/colcon_ws/src/install/sam_msgs/share/sam_msgs/msg/Leak.msg
[8.102s] -- Up-to-date: /home/schni2zle/colcon_ws/src/install/sam_msgs/share/sam_msgs/msg/LightCommandArray.msg
[8.103s] -- Up-to-date: /home/schni2zle/colcon_ws/src/install/sam_msgs/share/sam_msgs/msg/LightCommand.msg
[8.103s] -- Up-to-date: /home/schni2zle/colcon_ws/src/install/sam_msgs/share/sam_msgs/msg/PercentStamped.msg
[8.103s] -- Up-to-date: /home/schni2zle/colcon_ws/src/install/sam_msgs/share/sam_msgs/msg/ThrusterAngles.msg
[8.103s] -- Up-to-date: /home/schni2zle/colcon_ws/src/install/sam_msgs/share/sam_msgs/msg/ThrusterRPMs.msg
[8.107s] -- Up-to-date: /home/schni2zle/colcon_ws/src/install/sam_msgs/share/sam_msgs/msg/UavcanNodeStatus.msg
[8.108s] -- Up-to-date: /home/schni2zle/colcon_ws/src/install/sam_msgs/share/sam_msgs/msg/UavcanNodeStatusNamedArray.msg
[8.108s] -- Up-to-date: /home/schni2zle/colcon_ws/src/install/sam_msgs/share/sam_msgs/msg/UavcanNodeStatusNamed.msg
[8.109s] -- Up-to-date: /home/schni2zle/colcon_ws/src/install/sam_msgs/share/sam_msgs/msg/Topics.msg
[8.109s] -- Up-to-date: /home/schni2zle/colcon_ws/src/install/sam_msgs/share/sam_msgs/msg/Links.msg
[8.109s] -- Up-to-date: /home/schni2zle/colcon_ws/src/install/sam_msgs/share/sam_msgs/srv/UavcanUpdateBattery.srv
[8.110s] -- Up-to-date: /home/schni2zle/colcon_ws/src/install/sam_msgs/share/sam_msgs/srv/UavcanUpdateBattery_Request.msg
[8.110s] -- Up-to-date: /home/schni2zle/colcon_ws/src/install/sam_msgs/share/sam_msgs/srv/UavcanUpdateBattery_Response.msg
[8.110s] -- Up-to-date: /home/schni2zle/colcon_ws/src/install/sam_msgs/share/ament_index/resource_index/package_run_dependencies/sam_msgs
[8.115s] -- Up-to-date: /home/schni2zle/colcon_ws/src/install/sam_msgs/share/ament_index/resource_index/parent_prefix_path/sam_msgs
[8.116s] -- Up-to-date: /home/schni2zle/colcon_ws/src/install/sam_msgs/share/sam_msgs/environment/ament_prefix_path.sh
[8.116s] -- Up-to-date: /home/schni2zle/colcon_ws/src/install/sam_msgs/share/sam_msgs/environment/ament_prefix_path.dsv
[8.116s] -- Up-to-date: /home/schni2zle/colcon_ws/src/install/sam_msgs/share/sam_msgs/environment/path.sh
[8.116s] -- Up-to-date: /home/schni2zle/colcon_ws/src/install/sam_msgs/share/sam_msgs/environment/path.dsv
[8.116s] -- Up-to-date: /home/schni2zle/colcon_ws/src/install/sam_msgs/share/sam_msgs/local_setup.bash
[8.117s] -- Up-to-date: /home/schni2zle/colcon_ws/src/install/sam_msgs/share/sam_msgs/local_setup.sh
[8.117s] -- Up-to-date: /home/schni2zle/colcon_ws/src/install/sam_msgs/share/sam_msgs/local_setup.zsh
[8.117s] -- Up-to-date: /home/schni2zle/colcon_ws/src/install/sam_msgs/share/sam_msgs/local_setup.dsv
[8.118s] -- Installing: /home/schni2zle/colcon_ws/src/install/sam_msgs/share/sam_msgs/package.dsv
[8.121s] -- Up-to-date: /home/schni2zle/colcon_ws/src/install/sam_msgs/share/ament_index/resource_index/packages/sam_msgs
[8.121s] -- Up-to-date: /home/schni2zle/colcon_ws/src/install/sam_msgs/share/sam_msgs/cmake/export_sam_msgs__rosidl_generator_cExport.cmake
[8.126s] -- Up-to-date: /home/schni2zle/colcon_ws/src/install/sam_msgs/share/sam_msgs/cmake/export_sam_msgs__rosidl_generator_cExport-noconfig.cmake
[8.126s] -- Up-to-date: /home/schni2zle/colcon_ws/src/install/sam_msgs/share/sam_msgs/cmake/export_sam_msgs__rosidl_typesupport_fastrtps_cExport.cmake
[8.127s] -- Up-to-date: /home/schni2zle/colcon_ws/src/install/sam_msgs/share/sam_msgs/cmake/export_sam_msgs__rosidl_typesupport_fastrtps_cExport-noconfig.cmake
[8.127s] -- Up-to-date: /home/schni2zle/colcon_ws/src/install/sam_msgs/share/sam_msgs/cmake/sam_msgs__rosidl_typesupport_introspection_cExport.cmake
[8.127s] -- Up-to-date: /home/schni2zle/colcon_ws/src/install/sam_msgs/share/sam_msgs/cmake/sam_msgs__rosidl_typesupport_introspection_cExport-noconfig.cmake
[8.129s] -- Up-to-date: /home/schni2zle/colcon_ws/src/install/sam_msgs/share/sam_msgs/cmake/sam_msgs__rosidl_typesupport_cExport.cmake
[8.132s] -- Up-to-date: /home/schni2zle/colcon_ws/src/install/sam_msgs/share/sam_msgs/cmake/sam_msgs__rosidl_typesupport_cExport-noconfig.cmake
[8.133s] -- Up-to-date: /home/schni2zle/colcon_ws/src/install/sam_msgs/share/sam_msgs/cmake/export_sam_msgs__rosidl_generator_cppExport.cmake
[8.133s] -- Up-to-date: /home/schni2zle/colcon_ws/src/install/sam_msgs/share/sam_msgs/cmake/export_sam_msgs__rosidl_typesupport_fastrtps_cppExport.cmake
[8.134s] -- Up-to-date: /home/schni2zle/colcon_ws/src/install/sam_msgs/share/sam_msgs/cmake/export_sam_msgs__rosidl_typesupport_fastrtps_cppExport-noconfig.cmake
[8.134s] -- Up-to-date: /home/schni2zle/colcon_ws/src/install/sam_msgs/share/sam_msgs/cmake/sam_msgs__rosidl_typesupport_introspection_cppExport.cmake
[8.134s] -- Up-to-date: /home/schni2zle/colcon_ws/src/install/sam_msgs/share/sam_msgs/cmake/sam_msgs__rosidl_typesupport_introspection_cppExport-noconfig.cmake
[8.134s] -- Up-to-date: /home/schni2zle/colcon_ws/src/install/sam_msgs/share/sam_msgs/cmake/sam_msgs__rosidl_typesupport_cppExport.cmake
[8.135s] -- Up-to-date: /home/schni2zle/colcon_ws/src/install/sam_msgs/share/sam_msgs/cmake/sam_msgs__rosidl_typesupport_cppExport-noconfig.cmake
[8.135s] -- Up-to-date: /home/schni2zle/colcon_ws/src/install/sam_msgs/share/sam_msgs/cmake/export_sam_msgs__rosidl_generator_pyExport.cmake
[8.135s] -- Up-to-date: /home/schni2zle/colcon_ws/src/install/sam_msgs/share/sam_msgs/cmake/export_sam_msgs__rosidl_generator_pyExport-noconfig.cmake
[8.135s] -- Up-to-date: /home/schni2zle/colcon_ws/src/install/sam_msgs/share/sam_msgs/cmake/rosidl_cmake-extras.cmake
[8.135s] -- Up-to-date: /home/schni2zle/colcon_ws/src/install/sam_msgs/share/sam_msgs/cmake/ament_cmake_export_dependencies-extras.cmake
[8.136s] -- Up-to-date: /home/schni2zle/colcon_ws/src/install/sam_msgs/share/sam_msgs/cmake/ament_cmake_export_include_directories-extras.cmake
[8.136s] -- Up-to-date: /home/schni2zle/colcon_ws/src/install/sam_msgs/share/sam_msgs/cmake/ament_cmake_export_libraries-extras.cmake
[8.136s] -- Up-to-date: /home/schni2zle/colcon_ws/src/install/sam_msgs/share/sam_msgs/cmake/ament_cmake_export_targets-extras.cmake
[8.140s] -- Up-to-date: /home/schni2zle/colcon_ws/src/install/sam_msgs/share/sam_msgs/cmake/rosidl_cmake_export_typesupport_targets-extras.cmake
[8.140s] -- Up-to-date: /home/schni2zle/colcon_ws/src/install/sam_msgs/share/sam_msgs/cmake/rosidl_cmake_export_typesupport_libraries-extras.cmake
[8.141s] -- Up-to-date: /home/schni2zle/colcon_ws/src/install/sam_msgs/share/sam_msgs/cmake/sam_msgsConfig.cmake
[8.141s] -- Up-to-date: /home/schni2zle/colcon_ws/src/install/sam_msgs/share/sam_msgs/cmake/sam_msgsConfig-version.cmake
[8.141s] -- Up-to-date: /home/schni2zle/colcon_ws/src/install/sam_msgs/share/sam_msgs/package.xml
[8.163s] Invoked command in '/home/schni2zle/colcon_ws/src/build/sam_msgs' returned '0': CMAKE_PREFIX_PATH=${CMAKE_PREFIX_PATH}:/home/schni2zle/colcon_ws/src/install/workshopfun:/home/schni2zle/colcon_ws/src/install/utm_latlon_converter:/home/schni2zle/colcon_ws/src/install/test_package:/home/schni2zle/colcon_ws/src/install/state_estimation:/home/schni2zle/colcon_ws/src/install/smarc_nodered:/home/schni2zle/colcon_ws/src/install/smarc_bt:/home/schni2zle/colcon_ws/src/install/smarc_bringups:/home/schni2zle/colcon_ws/src/install/sam_dead_reckoning:/home/schni2zle/colcon_ws/src/install/ros_tcp_endpoint:/home/schni2zle/colcon_ws/src/install/ros2_python_examples:/home/schni2zle/colcon_ws/src/install/quadrotor_basic_controller:/home/schni2zle/colcon_ws/src/install/mqtt_bridge:/home/schni2zle/colcon_ws/src/install/dubins_planner:/home/schni2zle/colcon_ws/src/install/dive_control:/home/schni2zle/colcon_ws/src/install/basic_go_to_waypoint:/home/schni2zle/colcon_ws/src/install/basic_depth_pitch_control:/home/schni2zle/colcon_ws/install/workshopfun:/home/schni2zle/colcon_ws/install/utm_latlon_converter:/home/schni2zle/colcon_ws/install/smarc_nodered:/home/schni2zle/colcon_ws/install/smarc_bt:/home/schni2zle/colcon_ws/install/smarc_bringups:/home/schni2zle/colcon_ws/install/sam_dead_reckoning:/home/schni2zle/colcon_ws/install/ros_tcp_endpoint:/home/schni2zle/colcon_ws/install/ros2_python_examples:/home/schni2zle/colcon_ws/install/mqtt_bridge:/home/schni2zle/colcon_ws/install/dubins_planner:/home/schni2zle/colcon_ws/install/basic_go_to_waypoint:/opt/ros/humble /usr/bin/cmake --install /home/schni2zle/colcon_ws/src/build/sam_msgs
