[4.569s] Invoking command in '/home/schni2zle/colcon_ws/src/state_estimation': PYTHONPATH=/home/schni2zle/colcon_ws/src/build/state_estimation/prefix_override:/usr/lib/python3/dist-packages/colcon_core/task/python/colcon_distutils_commands:/home/schni2zle/colcon_ws/src/install/state_estimation/lib/python3.10/site-packages:${PYTHONPATH} /usr/bin/python3 -W ignore:setup.py install is deprecated setup.py egg_info --egg-base ../build/state_estimation build --build-base /home/schni2zle/colcon_ws/src/build/state_estimation/build install --record /home/schni2zle/colcon_ws/src/build/state_estimation/install.log --single-version-externally-managed install_data
[5.744s] running egg_info
[5.747s] writing ../build/state_estimation/state_estimation.egg-info/PKG-INFO
[5.747s] writing dependency_links to ../build/state_estimation/state_estimation.egg-info/dependency_links.txt
[5.748s] writing entry points to ../build/state_estimation/state_estimation.egg-info/entry_points.txt
[5.748s] writing requirements to ../build/state_estimation/state_estimation.egg-info/requires.txt
[5.748s] writing top-level names to ../build/state_estimation/state_estimation.egg-info/top_level.txt
[5.752s] reading manifest file '../build/state_estimation/state_estimation.egg-info/SOURCES.txt'
[5.753s] adding license file 'LICENSE'
[5.755s] writing manifest file '../build/state_estimation/state_estimation.egg-info/SOURCES.txt'
[5.755s] running build
[5.755s] running build_py
[5.756s] running install
[5.759s] running install_lib
[5.762s] running install_data
[5.762s] copying launch/estimator_detector.launch -> /home/schni2zle/colcon_ws/src/install/state_estimation/share/state_estimation/launch
[5.763s] copying launch/detector_only.launch -> /home/schni2zle/colcon_ws/src/install/state_estimation/share/state_estimation/launch
[5.764s] running install_egg_info
[5.769s] removing '/home/schni2zle/colcon_ws/src/install/state_estimation/lib/python3.10/site-packages/state_estimation-0.0.0-py3.10.egg-info' (and everything under it)
[5.770s] Copying ../build/state_estimation/state_estimation.egg-info to /home/schni2zle/colcon_ws/src/install/state_estimation/lib/python3.10/site-packages/state_estimation-0.0.0-py3.10.egg-info
[5.773s] running install_scripts
[5.842s] Installing detector script to /home/schni2zle/colcon_ws/src/install/state_estimation/lib/state_estimation
[5.844s] Installing estimator script to /home/schni2zle/colcon_ws/src/install/state_estimation/lib/state_estimation
[5.844s] writing list of installed files to '/home/schni2zle/colcon_ws/src/build/state_estimation/install.log'
[5.907s] Invoked command in '/home/schni2zle/colcon_ws/src/state_estimation' returned '0': PYTHONPATH=/home/schni2zle/colcon_ws/src/build/state_estimation/prefix_override:/usr/lib/python3/dist-packages/colcon_core/task/python/colcon_distutils_commands:/home/schni2zle/colcon_ws/src/install/state_estimation/lib/python3.10/site-packages:${PYTHONPATH} /usr/bin/python3 -W ignore:setup.py install is deprecated setup.py egg_info --egg-base ../build/state_estimation build --build-base /home/schni2zle/colcon_ws/src/build/state_estimation/build install --record /home/schni2zle/colcon_ws/src/build/state_estimation/install.log --single-version-externally-managed install_data
